Using Compiler: gcc
*********************
ELF report
*********************
Interpreter:
      [Requesting program interpreter: /lib64/ld-linux-x86-64.so.2]

Start (ctors):
attempt to open /usr/lib/gcc/x86_64-redhat-linux/4.8.5/../../../../lib64/crt1.o succeeded
attempt to open /usr/lib/gcc/x86_64-redhat-linux/4.8.5/../../../../lib64/crti.o succeeded
attempt to open /usr/lib/gcc/x86_64-redhat-linux/4.8.5/../../../../lib64/crtn.o succeeded

Headers:
 /usr/local/include
 /usr/include

Search Dirs:
SEARCH_DIR("/usr/x86_64-redhat-linux/lib64")
SEARCH_DIR("/usr/lib64")
SEARCH_DIR("/usr/local/lib64")
SEARCH_DIR("/lib64")
SEARCH_DIR("/usr/x86_64-redhat-linux/lib")
SEARCH_DIR("/usr/local/lib")
SEARCH_DIR("/lib")
SEARCH_DIR("/usr/lib");

Libc:
attempt to open /lib64/libc.so.6 succeeded
/lib64/libc.so.6
ld-linux-x86-64.so.2 needed by /lib64/libc.so.6

Found:
found ld-linux-x86-64.so.2 at /lib64/ld-linux-x86-64.so.2

done.
