Making install in oss
make[1]: Entering directory '/lfskernel/sources/boot/alsa-plugins-1.1.5/oss'
make[2]: Entering directory '/lfskernel/sources/boot/alsa-plugins-1.1.5/oss'
make[2]: Nothing to be done for 'install-exec-am'.
 /bin/mkdir -p '/usr/lib/alsa-lib'
 /bin/sh ../libtool   --mode=install /usr/bin/install -c   libasound_module_ctl_oss.la '/usr/lib/alsa-lib'
libtool: install: /usr/bin/install -c .libs/libasound_module_ctl_oss.so /usr/lib/alsa-lib/libasound_module_ctl_oss.so
libtool: install: /usr/bin/install -c .libs/libasound_module_ctl_oss.lai /usr/lib/alsa-lib/libasound_module_ctl_oss.la
libtool: finish: PATH="/bin:/usr/bin:/sbin:/usr/sbin:/usr/local/bin:/sbin" ldconfig -n /usr/lib/alsa-lib
----------------------------------------------------------------------
Libraries have been installed in:
   /usr/lib/alsa-lib

If you ever happen to want to link against installed libraries
in a given directory, LIBDIR, you must either use libtool, and
specify the full pathname of the library, or use the `-LLIBDIR'
flag during linking and do at least one of the following:
   - add LIBDIR to the `LD_LIBRARY_PATH' environment variable
     during execution
   - add LIBDIR to the `LD_RUN_PATH' environment variable
     during linking
   - use the `-Wl,-rpath -Wl,LIBDIR' linker flag
   - have your system administrator add LIBDIR to `/etc/ld.so.conf'

See any operating system documentation about shared libraries for
more information, such as the ld(1) and ld.so(8) manual pages.
----------------------------------------------------------------------
 /bin/mkdir -p '/usr/lib/alsa-lib'
 /bin/sh ../libtool   --mode=install /usr/bin/install -c   libasound_module_pcm_oss.la '/usr/lib/alsa-lib'
libtool: install: /usr/bin/install -c .libs/libasound_module_pcm_oss.so /usr/lib/alsa-lib/libasound_module_pcm_oss.so
libtool: install: /usr/bin/install -c .libs/libasound_module_pcm_oss.lai /usr/lib/alsa-lib/libasound_module_pcm_oss.la
libtool: finish: PATH="/bin:/usr/bin:/sbin:/usr/sbin:/usr/local/bin:/sbin" ldconfig -n /usr/lib/alsa-lib
----------------------------------------------------------------------
Libraries have been installed in:
   /usr/lib/alsa-lib

If you ever happen to want to link against installed libraries
in a given directory, LIBDIR, you must either use libtool, and
specify the full pathname of the library, or use the `-LLIBDIR'
flag during linking and do at least one of the following:
   - add LIBDIR to the `LD_LIBRARY_PATH' environment variable
     during execution
   - add LIBDIR to the `LD_RUN_PATH' environment variable
     during linking
   - use the `-Wl,-rpath -Wl,LIBDIR' linker flag
   - have your system administrator add LIBDIR to `/etc/ld.so.conf'

See any operating system documentation about shared libraries for
more information, such as the ld(1) and ld.so(8) manual pages.
----------------------------------------------------------------------
make[2]: Leaving directory '/lfskernel/sources/boot/alsa-plugins-1.1.5/oss'
make[1]: Leaving directory '/lfskernel/sources/boot/alsa-plugins-1.1.5/oss'
Making install in mix
make[1]: Entering directory '/lfskernel/sources/boot/alsa-plugins-1.1.5/mix'
make[2]: Entering directory '/lfskernel/sources/boot/alsa-plugins-1.1.5/mix'
make[2]: Nothing to be done for 'install-exec-am'.
 /bin/mkdir -p '/usr/lib/alsa-lib'
 /bin/sh ../libtool   --mode=install /usr/bin/install -c   libasound_module_pcm_upmix.la '/usr/lib/alsa-lib'
libtool: install: /usr/bin/install -c .libs/libasound_module_pcm_upmix.so /usr/lib/alsa-lib/libasound_module_pcm_upmix.so
libtool: install: /usr/bin/install -c .libs/libasound_module_pcm_upmix.lai /usr/lib/alsa-lib/libasound_module_pcm_upmix.la
libtool: finish: PATH="/bin:/usr/bin:/sbin:/usr/sbin:/usr/local/bin:/sbin" ldconfig -n /usr/lib/alsa-lib
----------------------------------------------------------------------
Libraries have been installed in:
   /usr/lib/alsa-lib

If you ever happen to want to link against installed libraries
in a given directory, LIBDIR, you must either use libtool, and
specify the full pathname of the library, or use the `-LLIBDIR'
flag during linking and do at least one of the following:
   - add LIBDIR to the `LD_LIBRARY_PATH' environment variable
     during execution
   - add LIBDIR to the `LD_RUN_PATH' environment variable
     during linking
   - use the `-Wl,-rpath -Wl,LIBDIR' linker flag
   - have your system administrator add LIBDIR to `/etc/ld.so.conf'

See any operating system documentation about shared libraries for
more information, such as the ld(1) and ld.so(8) manual pages.
----------------------------------------------------------------------
 /bin/mkdir -p '/usr/lib/alsa-lib'
 /bin/sh ../libtool   --mode=install /usr/bin/install -c   libasound_module_pcm_vdownmix.la '/usr/lib/alsa-lib'
libtool: install: /usr/bin/install -c .libs/libasound_module_pcm_vdownmix.so /usr/lib/alsa-lib/libasound_module_pcm_vdownmix.so
libtool: install: /usr/bin/install -c .libs/libasound_module_pcm_vdownmix.lai /usr/lib/alsa-lib/libasound_module_pcm_vdownmix.la
libtool: finish: PATH="/bin:/usr/bin:/sbin:/usr/sbin:/usr/local/bin:/sbin" ldconfig -n /usr/lib/alsa-lib
----------------------------------------------------------------------
Libraries have been installed in:
   /usr/lib/alsa-lib

If you ever happen to want to link against installed libraries
in a given directory, LIBDIR, you must either use libtool, and
specify the full pathname of the library, or use the `-LLIBDIR'
flag during linking and do at least one of the following:
   - add LIBDIR to the `LD_LIBRARY_PATH' environment variable
     during execution
   - add LIBDIR to the `LD_RUN_PATH' environment variable
     during linking
   - use the `-Wl,-rpath -Wl,LIBDIR' linker flag
   - have your system administrator add LIBDIR to `/etc/ld.so.conf'

See any operating system documentation about shared libraries for
more information, such as the ld(1) and ld.so(8) manual pages.
----------------------------------------------------------------------
make[2]: Leaving directory '/lfskernel/sources/boot/alsa-plugins-1.1.5/mix'
make[1]: Leaving directory '/lfskernel/sources/boot/alsa-plugins-1.1.5/mix'
Making install in usb_stream
make[1]: Entering directory '/lfskernel/sources/boot/alsa-plugins-1.1.5/usb_stream'
make[2]: Entering directory '/lfskernel/sources/boot/alsa-plugins-1.1.5/usb_stream'
make[2]: Nothing to be done for 'install-exec-am'.
 /bin/mkdir -p '/usr/lib/alsa-lib'
 /bin/sh ../libtool   --mode=install /usr/bin/install -c   libasound_module_pcm_usb_stream.la '/usr/lib/alsa-lib'
libtool: install: /usr/bin/install -c .libs/libasound_module_pcm_usb_stream.so /usr/lib/alsa-lib/libasound_module_pcm_usb_stream.so
libtool: install: /usr/bin/install -c .libs/libasound_module_pcm_usb_stream.lai /usr/lib/alsa-lib/libasound_module_pcm_usb_stream.la
libtool: finish: PATH="/bin:/usr/bin:/sbin:/usr/sbin:/usr/local/bin:/sbin" ldconfig -n /usr/lib/alsa-lib
----------------------------------------------------------------------
Libraries have been installed in:
   /usr/lib/alsa-lib

If you ever happen to want to link against installed libraries
in a given directory, LIBDIR, you must either use libtool, and
specify the full pathname of the library, or use the `-LLIBDIR'
flag during linking and do at least one of the following:
   - add LIBDIR to the `LD_LIBRARY_PATH' environment variable
     during execution
   - add LIBDIR to the `LD_RUN_PATH' environment variable
     during linking
   - use the `-Wl,-rpath -Wl,LIBDIR' linker flag
   - have your system administrator add LIBDIR to `/etc/ld.so.conf'

See any operating system documentation about shared libraries for
more information, such as the ld(1) and ld.so(8) manual pages.
----------------------------------------------------------------------
make[2]: Leaving directory '/lfskernel/sources/boot/alsa-plugins-1.1.5/usb_stream'
make[1]: Leaving directory '/lfskernel/sources/boot/alsa-plugins-1.1.5/usb_stream'
Making install in arcam-av
make[1]: Entering directory '/lfskernel/sources/boot/alsa-plugins-1.1.5/arcam-av'
make[2]: Entering directory '/lfskernel/sources/boot/alsa-plugins-1.1.5/arcam-av'
make[2]: Nothing to be done for 'install-exec-am'.
 /bin/mkdir -p '/usr/lib/alsa-lib'
 /bin/sh ../libtool   --mode=install /usr/bin/install -c   libasound_module_ctl_arcam_av.la '/usr/lib/alsa-lib'
libtool: install: /usr/bin/install -c .libs/libasound_module_ctl_arcam_av.so /usr/lib/alsa-lib/libasound_module_ctl_arcam_av.so
libtool: install: /usr/bin/install -c .libs/libasound_module_ctl_arcam_av.lai /usr/lib/alsa-lib/libasound_module_ctl_arcam_av.la
libtool: finish: PATH="/bin:/usr/bin:/sbin:/usr/sbin:/usr/local/bin:/sbin" ldconfig -n /usr/lib/alsa-lib
----------------------------------------------------------------------
Libraries have been installed in:
   /usr/lib/alsa-lib

If you ever happen to want to link against installed libraries
in a given directory, LIBDIR, you must either use libtool, and
specify the full pathname of the library, or use the `-LLIBDIR'
flag during linking and do at least one of the following:
   - add LIBDIR to the `LD_LIBRARY_PATH' environment variable
     during execution
   - add LIBDIR to the `LD_RUN_PATH' environment variable
     during linking
   - use the `-Wl,-rpath -Wl,LIBDIR' linker flag
   - have your system administrator add LIBDIR to `/etc/ld.so.conf'

See any operating system documentation about shared libraries for
more information, such as the ld(1) and ld.so(8) manual pages.
----------------------------------------------------------------------
make[2]: Leaving directory '/lfskernel/sources/boot/alsa-plugins-1.1.5/arcam-av'
make[1]: Leaving directory '/lfskernel/sources/boot/alsa-plugins-1.1.5/arcam-av'
Making install in doc
make[1]: Entering directory '/lfskernel/sources/boot/alsa-plugins-1.1.5/doc'
make[2]: Entering directory '/lfskernel/sources/boot/alsa-plugins-1.1.5/doc'
make[2]: Nothing to be done for 'install-exec-am'.
make[2]: Nothing to be done for 'install-data-am'.
make[2]: Leaving directory '/lfskernel/sources/boot/alsa-plugins-1.1.5/doc'
make[1]: Leaving directory '/lfskernel/sources/boot/alsa-plugins-1.1.5/doc'
Making install in pph
make[1]: Entering directory '/lfskernel/sources/boot/alsa-plugins-1.1.5/pph'
make[2]: Entering directory '/lfskernel/sources/boot/alsa-plugins-1.1.5/pph'
make  install-exec-hook
make[3]: Entering directory '/lfskernel/sources/boot/alsa-plugins-1.1.5/pph'
rm -f /usr/lib/alsa-lib/libasound_module_rate_speexrate_*.so
ln -s libasound_module_rate_speexrate.so /usr/lib/alsa-lib/libasound_module_rate_speexrate_best.so
ln -s libasound_module_rate_speexrate.so /usr/lib/alsa-lib/libasound_module_rate_speexrate_medium.so
make[3]: Leaving directory '/lfskernel/sources/boot/alsa-plugins-1.1.5/pph'
 /bin/mkdir -p '/usr/lib/alsa-lib'
 /bin/sh ../libtool   --mode=install /usr/bin/install -c   libasound_module_rate_speexrate.la '/usr/lib/alsa-lib'
libtool: install: /usr/bin/install -c .libs/libasound_module_rate_speexrate.so /usr/lib/alsa-lib/libasound_module_rate_speexrate.so
libtool: install: /usr/bin/install -c .libs/libasound_module_rate_speexrate.lai /usr/lib/alsa-lib/libasound_module_rate_speexrate.la
libtool: finish: PATH="/bin:/usr/bin:/sbin:/usr/sbin:/usr/local/bin:/sbin" ldconfig -n /usr/lib/alsa-lib
----------------------------------------------------------------------
Libraries have been installed in:
   /usr/lib/alsa-lib

If you ever happen to want to link against installed libraries
in a given directory, LIBDIR, you must either use libtool, and
specify the full pathname of the library, or use the `-LLIBDIR'
flag during linking and do at least one of the following:
   - add LIBDIR to the `LD_LIBRARY_PATH' environment variable
     during execution
   - add LIBDIR to the `LD_RUN_PATH' environment variable
     during linking
   - use the `-Wl,-rpath -Wl,LIBDIR' linker flag
   - have your system administrator add LIBDIR to `/etc/ld.so.conf'

See any operating system documentation about shared libraries for
more information, such as the ld(1) and ld.so(8) manual pages.
----------------------------------------------------------------------
make[2]: Leaving directory '/lfskernel/sources/boot/alsa-plugins-1.1.5/pph'
make[1]: Leaving directory '/lfskernel/sources/boot/alsa-plugins-1.1.5/pph'
make[1]: Entering directory '/lfskernel/sources/boot/alsa-plugins-1.1.5'
make[2]: Entering directory '/lfskernel/sources/boot/alsa-plugins-1.1.5'
make[2]: Nothing to be done for 'install-exec-am'.
make[2]: Nothing to be done for 'install-data-am'.
make[2]: Leaving directory '/lfskernel/sources/boot/alsa-plugins-1.1.5'
make[1]: Leaving directory '/lfskernel/sources/boot/alsa-plugins-1.1.5'
