This file contains any messages produced by compilers while
running configure, to aid debugging if configure makes a mistake.

It was created by alsa-plugins configure 1.1.5, which was
generated by GNU Autoconf 2.69.  Invocation command line was

  $ ./configure --prefix=/usr

## --------- ##
## Platform. ##
## --------- ##

hostname = localhost.localdomain
uname -m = x86_64
uname -r = 3.10.0-693.11.1.el7.x86_64
uname -s = Linux
uname -v = #1 SMP Mon Dec 4 23:52:40 UTC 2017

/usr/bin/uname -p = unknown
/bin/uname -X     = unknown

/bin/arch              = x86_64
/usr/bin/arch -k       = unknown
/usr/convex/getsysinfo = unknown
/usr/bin/hostinfo      = unknown
/bin/machine           = unknown
/usr/bin/oslevel       = unknown
/bin/universe          = unknown

PATH: /bin
PATH: /usr/bin
PATH: /sbin
PATH: /usr/sbin
PATH: /usr/local/bin


## ----------- ##
## Core tests. ##
## ----------- ##

configure:2368: checking for a BSD-compatible install
configure:2436: result: /usr/bin/install -c
configure:2447: checking whether build environment is sane
configure:2502: result: yes
configure:2653: checking for a thread-safe mkdir -p
configure:2692: result: /bin/mkdir -p
configure:2699: checking for gawk
configure:2715: found /usr/bin/gawk
configure:2726: result: gawk
configure:2737: checking whether make sets $(MAKE)
configure:2759: result: yes
configure:2848: checking whether to enable maintainer-specific portions of Makefiles
configure:2857: result: yes
configure:2923: checking for gcc
configure:2939: found /usr/bin/gcc
configure:2950: result: gcc
configure:3179: checking for C compiler version
configure:3188: gcc --version >&5
gcc (GCC) 7.2.0
Copyright (C) 2017 Free Software Foundation, Inc.
This is free software; see the source for copying conditions.  There is NO
warranty; not even for MERCHANTABILITY or FITNESS FOR A PARTICULAR PURPOSE.

configure:3199: $? = 0
configure:3188: gcc -v >&5
Using built-in specs.
COLLECT_GCC=gcc
COLLECT_LTO_WRAPPER=/usr/libexec/gcc/x86_64-pc-linux-gnu/7.2.0/lto-wrapper
Target: x86_64-pc-linux-gnu
Configured with: ../configure --prefix=/usr --enable-languages=c,c++ --disable-multilib --disable-bootstrap --with-system-zlib
Thread model: posix
gcc version 7.2.0 (GCC) 
configure:3199: $? = 0
configure:3188: gcc -V >&5
gcc: error: unrecognized command line option '-V'
gcc: fatal error: no input files
compilation terminated.
configure:3199: $? = 1
configure:3188: gcc -qversion >&5
gcc: error: unrecognized command line option '-qversion'; did you mean '--version'?
gcc: fatal error: no input files
compilation terminated.
configure:3199: $? = 1
configure:3219: checking whether the C compiler works
configure:3241: gcc    conftest.c  >&5
configure:3245: $? = 0
configure:3293: result: yes
configure:3296: checking for C compiler default output file name
configure:3298: result: a.out
configure:3304: checking for suffix of executables
configure:3311: gcc -o conftest    conftest.c  >&5
configure:3315: $? = 0
configure:3337: result: 
configure:3359: checking whether we are cross compiling
configure:3367: gcc -o conftest    conftest.c  >&5
configure:3371: $? = 0
configure:3378: ./conftest
configure:3382: $? = 0
configure:3397: result: no
configure:3402: checking for suffix of object files
configure:3424: gcc -c   conftest.c >&5
configure:3428: $? = 0
configure:3449: result: o
configure:3453: checking whether we are using the GNU C compiler
configure:3472: gcc -c   conftest.c >&5
configure:3472: $? = 0
configure:3481: result: yes
configure:3490: checking whether gcc accepts -g
configure:3510: gcc -c -g  conftest.c >&5
configure:3510: $? = 0
configure:3551: result: yes
configure:3568: checking for gcc option to accept ISO C89
configure:3631: gcc  -c -g -O2  conftest.c >&5
configure:3631: $? = 0
configure:3644: result: none needed
configure:3675: checking for style of include used by make
configure:3703: result: GNU
configure:3729: checking dependency style of gcc
configure:3840: result: gcc3
configure:3916: checking build system type
configure:3930: result: x86_64-unknown-linux-gnu
configure:3950: checking host system type
configure:3963: result: x86_64-unknown-linux-gnu
configure:4004: checking how to print strings
configure:4031: result: printf
configure:4052: checking for a sed that does not truncate output
configure:4116: result: /bin/sed
configure:4134: checking for grep that handles long lines and -e
configure:4192: result: /usr/bin/grep
configure:4197: checking for egrep
configure:4259: result: /usr/bin/grep -E
configure:4264: checking for fgrep
configure:4326: result: /usr/bin/grep -F
configure:4361: checking for ld used by gcc
configure:4428: result: /usr/bin/ld
configure:4435: checking if the linker (/usr/bin/ld) is GNU ld
configure:4450: result: yes
configure:4462: checking for BSD- or MS-compatible name lister (nm)
configure:4511: result: /usr/bin/nm -B
configure:4641: checking the name lister (/usr/bin/nm -B) interface
configure:4648: gcc -c -g -O2  conftest.c >&5
configure:4651: /usr/bin/nm -B "conftest.o"
configure:4654: output
0000000000000000 B some_variable
configure:4661: result: BSD nm
configure:4664: checking whether ln -s works
configure:4668: result: yes
configure:4676: checking the maximum length of command line arguments
configure:4806: result: 1572864
configure:4823: checking whether the shell understands some XSI constructs
configure:4833: result: yes
configure:4837: checking whether the shell understands "+="
configure:4843: result: yes
configure:4878: checking how to convert x86_64-unknown-linux-gnu file names to x86_64-unknown-linux-gnu format
configure:4918: result: func_convert_file_noop
configure:4925: checking how to convert x86_64-unknown-linux-gnu file names to toolchain format
configure:4945: result: func_convert_file_noop
configure:4952: checking for /usr/bin/ld option to reload object files
configure:4959: result: -r
configure:5033: checking for objdump
configure:5049: found /usr/bin/objdump
configure:5060: result: objdump
configure:5092: checking how to recognize dependent libraries
configure:5294: result: pass_all
configure:5379: checking for dlltool
configure:5409: result: no
configure:5439: checking how to associate runtime and link libraries
configure:5466: result: printf %s\n
configure:5527: checking for ar
configure:5543: found /usr/bin/ar
configure:5554: result: ar
configure:5591: checking for archiver @FILE support
configure:5608: gcc -c -g -O2  conftest.c >&5
configure:5608: $? = 0
configure:5611: ar cru libconftest.a @conftest.lst >&5
configure:5614: $? = 0
configure:5619: ar cru libconftest.a @conftest.lst >&5
ar: conftest.o: No such file or directory
configure:5622: $? = 1
configure:5634: result: @
configure:5692: checking for strip
configure:5708: found /usr/bin/strip
configure:5719: result: strip
configure:5791: checking for ranlib
configure:5807: found /usr/bin/ranlib
configure:5818: result: ranlib
configure:5920: checking command to parse /usr/bin/nm -B output from gcc object
configure:6040: gcc -c -g -O2  conftest.c >&5
configure:6043: $? = 0
configure:6047: /usr/bin/nm -B conftest.o \| sed -n -e 's/^.*[ ]\([ABCDGIRSTW][ABCDGIRSTW]*\)[ ][ ]*\([_A-Za-z][_A-Za-z0-9]*\)$/\1 \2 \2/p' | sed '/ __gnu_lto/d' \> conftest.nm
configure:6050: $? = 0
configure:6116: gcc -o conftest -g -O2   conftest.c conftstm.o >&5
configure:6119: $? = 0
configure:6157: result: ok
configure:6194: checking for sysroot
configure:6224: result: no
configure:6301: gcc -c -g -O2  conftest.c >&5
configure:6304: $? = 0
configure:6480: checking for mt
configure:6496: found /bin/mt
configure:6507: result: mt
configure:6530: checking if mt is a manifest tool
configure:6536: mt '-?'
configure:6544: result: no
configure:7186: checking how to run the C preprocessor
configure:7217: gcc -E  conftest.c
configure:7217: $? = 0
configure:7231: gcc -E  conftest.c
conftest.c:11:10: fatal error: ac_nonexistent.h: No such file or directory
 #include <ac_nonexistent.h>
          ^~~~~~~~~~~~~~~~~~
compilation terminated.
configure:7231: $? = 1
configure: failed program was:
| /* confdefs.h */
| #define PACKAGE_NAME "alsa-plugins"
| #define PACKAGE_TARNAME "alsa-plugins"
| #define PACKAGE_VERSION "1.1.5"
| #define PACKAGE_STRING "alsa-plugins 1.1.5"
| #define PACKAGE_BUGREPORT ""
| #define PACKAGE_URL ""
| #define PACKAGE "alsa-plugins"
| #define VERSION "1.1.5"
| /* end confdefs.h.  */
| #include <ac_nonexistent.h>
configure:7256: result: gcc -E
configure:7276: gcc -E  conftest.c
configure:7276: $? = 0
configure:7290: gcc -E  conftest.c
conftest.c:11:10: fatal error: ac_nonexistent.h: No such file or directory
 #include <ac_nonexistent.h>
          ^~~~~~~~~~~~~~~~~~
compilation terminated.
configure:7290: $? = 1
configure: failed program was:
| /* confdefs.h */
| #define PACKAGE_NAME "alsa-plugins"
| #define PACKAGE_TARNAME "alsa-plugins"
| #define PACKAGE_VERSION "1.1.5"
| #define PACKAGE_STRING "alsa-plugins 1.1.5"
| #define PACKAGE_BUGREPORT ""
| #define PACKAGE_URL ""
| #define PACKAGE "alsa-plugins"
| #define VERSION "1.1.5"
| /* end confdefs.h.  */
| #include <ac_nonexistent.h>
configure:7319: checking for ANSI C header files
configure:7339: gcc -c -g -O2  conftest.c >&5
configure:7339: $? = 0
configure:7412: gcc -o conftest -g -O2   conftest.c  >&5
configure:7412: $? = 0
configure:7412: ./conftest
configure:7412: $? = 0
configure:7423: result: yes
configure:7436: checking for sys/types.h
configure:7436: gcc -c -g -O2  conftest.c >&5
configure:7436: $? = 0
configure:7436: result: yes
configure:7436: checking for sys/stat.h
configure:7436: gcc -c -g -O2  conftest.c >&5
configure:7436: $? = 0
configure:7436: result: yes
configure:7436: checking for stdlib.h
configure:7436: gcc -c -g -O2  conftest.c >&5
configure:7436: $? = 0
configure:7436: result: yes
configure:7436: checking for string.h
configure:7436: gcc -c -g -O2  conftest.c >&5
configure:7436: $? = 0
configure:7436: result: yes
configure:7436: checking for memory.h
configure:7436: gcc -c -g -O2  conftest.c >&5
configure:7436: $? = 0
configure:7436: result: yes
configure:7436: checking for strings.h
configure:7436: gcc -c -g -O2  conftest.c >&5
configure:7436: $? = 0
configure:7436: result: yes
configure:7436: checking for inttypes.h
configure:7436: gcc -c -g -O2  conftest.c >&5
configure:7436: $? = 0
configure:7436: result: yes
configure:7436: checking for stdint.h
configure:7436: gcc -c -g -O2  conftest.c >&5
configure:7436: $? = 0
configure:7436: result: yes
configure:7436: checking for unistd.h
configure:7436: gcc -c -g -O2  conftest.c >&5
configure:7436: $? = 0
configure:7436: result: yes
configure:7450: checking for dlfcn.h
configure:7450: gcc -c -g -O2  conftest.c >&5
configure:7450: $? = 0
configure:7450: result: yes
configure:7626: checking for objdir
configure:7641: result: .libs
configure:7908: checking if gcc supports -fno-rtti -fno-exceptions
configure:7926: gcc -c -g -O2  -fno-rtti -fno-exceptions conftest.c >&5
cc1: warning: command line option '-fno-rtti' is valid for C++/ObjC++ but not for C
configure:7930: $? = 0
configure:7943: result: no
configure:8270: checking for gcc option to produce PIC
configure:8277: result: -fPIC -DPIC
configure:8285: checking if gcc PIC flag -fPIC -DPIC works
configure:8303: gcc -c -g -O2  -fPIC -DPIC -DPIC conftest.c >&5
configure:8307: $? = 0
configure:8320: result: yes
configure:8349: checking if gcc static flag -static works
configure:8377: result: yes
configure:8392: checking if gcc supports -c -o file.o
configure:8413: gcc -c -g -O2  -o out/conftest2.o conftest.c >&5
configure:8417: $? = 0
configure:8439: result: yes
configure:8447: checking if gcc supports -c -o file.o
configure:8494: result: yes
configure:8527: checking whether the gcc linker (/usr/bin/ld -m elf_x86_64) supports shared libraries
configure:9680: result: yes
configure:9717: checking whether -lc should be explicitly linked in
configure:9725: gcc -c -g -O2  conftest.c >&5
configure:9728: $? = 0
configure:9743: gcc -shared  -fPIC -DPIC conftest.o  -v -Wl,-soname -Wl,conftest -o conftest 2\>\&1 \| /usr/bin/grep  -lc  \>/dev/null 2\>\&1
configure:9746: $? = 0
configure:9760: result: no
configure:9920: checking dynamic linker characteristics
configure:10431: gcc -o conftest -g -O2   -Wl,-rpath -Wl,/foo conftest.c  >&5
configure:10431: $? = 0
configure:10657: result: GNU/Linux ld.so
configure:10764: checking how to hardcode library paths into programs
configure:10789: result: immediate
configure:11329: checking whether stripping libraries is possible
configure:11334: result: yes
configure:11369: checking if libtool supports shared libraries
configure:11371: result: yes
configure:11374: checking whether to build shared libraries
configure:11395: result: yes
configure:11398: checking whether to build static libraries
configure:11402: result: no
configure:11439: checking for ANSI C header files
configure:11543: result: yes
configure:11607: checking for pkg-config
configure:11625: found /usr/bin/pkg-config
configure:11637: result: /usr/bin/pkg-config
configure:11662: checking pkg-config is at least version 0.9.0
configure:11665: result: yes
configure:11675: checking for ALSA
configure:11682: $PKG_CONFIG --exists --print-errors "alsa >= 1.0.11"
configure:11685: $? = 0
configure:11698: $PKG_CONFIG --exists --print-errors "alsa >= 1.0.11"
configure:11701: $? = 0
configure:11760: result: yes
configure:11764: checking for snd_pcm_ioplug_create in -lasound
configure:11789: gcc -o conftest -g -O2   conftest.c -lasound -ldl  >&5
configure:11789: $? = 0
configure:11798: result: yes
configure:11921: checking for JACK
configure:11928: $PKG_CONFIG --exists --print-errors "jack >= 0.98"
Package jack was not found in the pkg-config search path.
Perhaps you should add the directory containing `jack.pc'
to the PKG_CONFIG_PATH environment variable
No package 'jack' found
configure:11931: $? = 1
configure:11944: $PKG_CONFIG --exists --print-errors "jack >= 0.98"
Package jack was not found in the pkg-config search path.
Perhaps you should add the directory containing `jack.pc'
to the PKG_CONFIG_PATH environment variable
No package 'jack' found
configure:11947: $? = 1
configure:11960: result: no
No package 'jack' found
configure:12007: checking for pulseaudio
configure:12014: $PKG_CONFIG --exists --print-errors "libpulse >= 0.9.11"
Package libpulse was not found in the pkg-config search path.
Perhaps you should add the directory containing `libpulse.pc'
to the PKG_CONFIG_PATH environment variable
No package 'libpulse' found
configure:12017: $? = 1
configure:12030: $PKG_CONFIG --exists --print-errors "libpulse >= 0.9.11"
Package libpulse was not found in the pkg-config search path.
Perhaps you should add the directory containing `libpulse.pc'
to the PKG_CONFIG_PATH environment variable
No package 'libpulse' found
configure:12033: $? = 1
configure:12046: result: no
No package 'libpulse' found
configure:12093: checking for samplerate
configure:12100: $PKG_CONFIG --exists --print-errors "samplerate"
Package samplerate was not found in the pkg-config search path.
Perhaps you should add the directory containing `samplerate.pc'
to the PKG_CONFIG_PATH environment variable
No package 'samplerate' found
configure:12103: $? = 1
configure:12116: $PKG_CONFIG --exists --print-errors "samplerate"
Package samplerate was not found in the pkg-config search path.
Perhaps you should add the directory containing `samplerate.pc'
to the PKG_CONFIG_PATH environment variable
No package 'samplerate' found
configure:12119: $? = 1
configure:12132: result: no
No package 'samplerate' found
configure:12283: checking for AVCODEC
configure:12290: $PKG_CONFIG --exists --print-errors "libavcodec libavutil"
Package libavcodec was not found in the pkg-config search path.
Perhaps you should add the directory containing `libavcodec.pc'
to the PKG_CONFIG_PATH environment variable
No package 'libavcodec' found
Package libavutil was not found in the pkg-config search path.
Perhaps you should add the directory containing `libavutil.pc'
to the PKG_CONFIG_PATH environment variable
No package 'libavutil' found
configure:12293: $? = 1
configure:12306: $PKG_CONFIG --exists --print-errors "libavcodec libavutil"
Package libavcodec was not found in the pkg-config search path.
Perhaps you should add the directory containing `libavcodec.pc'
to the PKG_CONFIG_PATH environment variable
No package 'libavcodec' found
Package libavutil was not found in the pkg-config search path.
Perhaps you should add the directory containing `libavutil.pc'
to the PKG_CONFIG_PATH environment variable
No package 'libavutil' found
configure:12309: $? = 1
configure:12322: result: no
No package 'libavcodec' found
No package 'libavutil' found
configure:12375: checking for avcodec_open in -lavcodec
configure:12400: gcc -o conftest -g -O2     conftest.c -lavcodec  -lasound  >&5
/usr/bin/ld: cannot find -lavcodec
collect2: error: ld returned 1 exit status
configure:12400: $? = 1
configure: failed program was:
| /* confdefs.h */
| #define PACKAGE_NAME "alsa-plugins"
| #define PACKAGE_TARNAME "alsa-plugins"
| #define PACKAGE_VERSION "1.1.5"
| #define PACKAGE_STRING "alsa-plugins 1.1.5"
| #define PACKAGE_BUGREPORT ""
| #define PACKAGE_URL ""
| #define PACKAGE "alsa-plugins"
| #define VERSION "1.1.5"
| #define STDC_HEADERS 1
| #define HAVE_SYS_TYPES_H 1
| #define HAVE_SYS_STAT_H 1
| #define HAVE_STDLIB_H 1
| #define HAVE_STRING_H 1
| #define HAVE_MEMORY_H 1
| #define HAVE_STRINGS_H 1
| #define HAVE_INTTYPES_H 1
| #define HAVE_STDINT_H 1
| #define HAVE_UNISTD_H 1
| #define HAVE_DLFCN_H 1
| #define LT_OBJDIR ".libs/"
| #define STDC_HEADERS 1
| #define HAVE_LIBASOUND 1
| /* end confdefs.h.  */
| 
| /* Override any GCC internal prototype to avoid an error.
|    Use char because int might match the return type of a GCC
|    builtin and then its argument prototype would still apply.  */
| #ifdef __cplusplus
| extern "C"
| #endif
| char avcodec_open ();
| int
| main ()
| {
| return avcodec_open ();
|   ;
|   return 0;
| }
configure:12409: result: no
configure:12466: checking for speexdsp
configure:12473: $PKG_CONFIG --exists --print-errors "speexdsp >= 1.2rc2"
Package speexdsp was not found in the pkg-config search path.
Perhaps you should add the directory containing `speexdsp.pc'
to the PKG_CONFIG_PATH environment variable
No package 'speexdsp' found
configure:12476: $? = 1
configure:12489: $PKG_CONFIG --exists --print-errors "speexdsp >= 1.2rc2"
Package speexdsp was not found in the pkg-config search path.
Perhaps you should add the directory containing `speexdsp.pc'
to the PKG_CONFIG_PATH environment variable
No package 'speexdsp' found
configure:12492: $? = 1
configure:12505: result: no
No package 'speexdsp' found
configure:12692: checking for plugins version
configure:12696: result: 1.1.5
configure:12811: checking that generated files are newer than configure
configure:12817: result: done
configure:12908: creating ./config.status

## ---------------------- ##
## Running config.status. ##
## ---------------------- ##

This file was extended by alsa-plugins config.status 1.1.5, which was
generated by GNU Autoconf 2.69.  Invocation command line was

  CONFIG_FILES    = 
  CONFIG_HEADERS  = 
  CONFIG_LINKS    = 
  CONFIG_COMMANDS = 
  $ ./config.status 

on localhost.localdomain

config.status:1140: creating Makefile
config.status:1140: creating oss/Makefile
config.status:1140: creating pph/Makefile
config.status:1140: creating jack/Makefile
config.status:1140: creating pulse/Makefile
config.status:1140: creating mix/Makefile
config.status:1140: creating rate/Makefile
config.status:1140: creating a52/Makefile
config.status:1140: creating rate-lavc/Makefile
config.status:1140: creating maemo/Makefile
config.status:1140: creating doc/Makefile
config.status:1140: creating usb_stream/Makefile
config.status:1140: creating speex/Makefile
config.status:1140: creating arcam-av/Makefile
config.status:1140: creating config.h
config.status:1321: config.h is unchanged
config.status:1369: executing depfiles commands
config.status:1369: executing libtool commands

## ---------------- ##
## Cache variables. ##
## ---------------- ##

ac_cv_build=x86_64-unknown-linux-gnu
ac_cv_c_compiler_gnu=yes
ac_cv_env_ALSA_CFLAGS_set=
ac_cv_env_ALSA_CFLAGS_value=
ac_cv_env_ALSA_LIBS_set=
ac_cv_env_ALSA_LIBS_value=
ac_cv_env_AVCODEC_CFLAGS_set=
ac_cv_env_AVCODEC_CFLAGS_value=
ac_cv_env_AVCODEC_LIBS_set=
ac_cv_env_AVCODEC_LIBS_value=
ac_cv_env_CC_set=
ac_cv_env_CC_value=
ac_cv_env_CFLAGS_set=
ac_cv_env_CFLAGS_value=
ac_cv_env_CPPFLAGS_set=
ac_cv_env_CPPFLAGS_value=
ac_cv_env_CPP_set=
ac_cv_env_CPP_value=
ac_cv_env_DBUS_CFLAGS_set=
ac_cv_env_DBUS_CFLAGS_value=
ac_cv_env_DBUS_LIBS_set=
ac_cv_env_DBUS_LIBS_value=
ac_cv_env_JACK_CFLAGS_set=
ac_cv_env_JACK_CFLAGS_value=
ac_cv_env_JACK_LIBS_set=
ac_cv_env_JACK_LIBS_value=
ac_cv_env_LDFLAGS_set=
ac_cv_env_LDFLAGS_value=
ac_cv_env_LIBS_set=
ac_cv_env_LIBS_value=
ac_cv_env_PKG_CONFIG_LIBDIR_set=
ac_cv_env_PKG_CONFIG_LIBDIR_value=
ac_cv_env_PKG_CONFIG_PATH_set=
ac_cv_env_PKG_CONFIG_PATH_value=
ac_cv_env_PKG_CONFIG_set=
ac_cv_env_PKG_CONFIG_value=
ac_cv_env_build_alias_set=
ac_cv_env_build_alias_value=
ac_cv_env_host_alias_set=
ac_cv_env_host_alias_value=
ac_cv_env_pulseaudio_CFLAGS_set=
ac_cv_env_pulseaudio_CFLAGS_value=
ac_cv_env_pulseaudio_LIBS_set=
ac_cv_env_pulseaudio_LIBS_value=
ac_cv_env_samplerate_CFLAGS_set=
ac_cv_env_samplerate_CFLAGS_value=
ac_cv_env_samplerate_LIBS_set=
ac_cv_env_samplerate_LIBS_value=
ac_cv_env_speexdsp_CFLAGS_set=
ac_cv_env_speexdsp_CFLAGS_value=
ac_cv_env_speexdsp_LIBS_set=
ac_cv_env_speexdsp_LIBS_value=
ac_cv_env_target_alias_set=
ac_cv_env_target_alias_value=
ac_cv_header_dlfcn_h=yes
ac_cv_header_inttypes_h=yes
ac_cv_header_memory_h=yes
ac_cv_header_stdc=yes
ac_cv_header_stdint_h=yes
ac_cv_header_stdlib_h=yes
ac_cv_header_string_h=yes
ac_cv_header_strings_h=yes
ac_cv_header_sys_stat_h=yes
ac_cv_header_sys_types_h=yes
ac_cv_header_unistd_h=yes
ac_cv_host=x86_64-unknown-linux-gnu
ac_cv_lib_asound_snd_pcm_ioplug_create=yes
ac_cv_lib_avcodec_avcodec_open=no
ac_cv_objext=o
ac_cv_path_EGREP='/usr/bin/grep -E'
ac_cv_path_FGREP='/usr/bin/grep -F'
ac_cv_path_GREP=/usr/bin/grep
ac_cv_path_SED=/bin/sed
ac_cv_path_ac_pt_PKG_CONFIG=/usr/bin/pkg-config
ac_cv_path_install='/usr/bin/install -c'
ac_cv_path_mkdir=/bin/mkdir
ac_cv_prog_AWK=gawk
ac_cv_prog_CPP='gcc -E'
ac_cv_prog_ac_ct_AR=ar
ac_cv_prog_ac_ct_CC=gcc
ac_cv_prog_ac_ct_MANIFEST_TOOL=mt
ac_cv_prog_ac_ct_OBJDUMP=objdump
ac_cv_prog_ac_ct_RANLIB=ranlib
ac_cv_prog_ac_ct_STRIP=strip
ac_cv_prog_cc_c89=
ac_cv_prog_cc_g=yes
ac_cv_prog_make_make_set=yes
am_cv_CC_dependencies_compiler_type=gcc3
lt_cv_ar_at_file=@
lt_cv_archive_cmds_need_lc=no
lt_cv_deplibs_check_method=pass_all
lt_cv_file_magic_cmd='$MAGIC_CMD'
lt_cv_file_magic_test_file=
lt_cv_ld_reload_flag=-r
lt_cv_nm_interface='BSD nm'
lt_cv_objdir=.libs
lt_cv_path_LD=/usr/bin/ld
lt_cv_path_NM='/usr/bin/nm -B'
lt_cv_path_mainfest_tool=no
lt_cv_prog_compiler_c_o=yes
lt_cv_prog_compiler_pic='-fPIC -DPIC'
lt_cv_prog_compiler_pic_works=yes
lt_cv_prog_compiler_rtti_exceptions=no
lt_cv_prog_compiler_static_works=yes
lt_cv_prog_gnu_ld=yes
lt_cv_sharedlib_from_linklib_cmd='printf %s\n'
lt_cv_shlibpath_overrides_runpath=no
lt_cv_sys_global_symbol_pipe='sed -n -e '\''s/^.*[	 ]\([ABCDGIRSTW][ABCDGIRSTW]*\)[	 ][	 ]*\([_A-Za-z][_A-Za-z0-9]*\)$/\1 \2 \2/p'\'' | sed '\''/ __gnu_lto/d'\'''
lt_cv_sys_global_symbol_to_c_name_address='sed -n -e '\''s/^: \([^ ]*\)[ ]*$/  {\"\1\", (void *) 0},/p'\'' -e '\''s/^[ABCDGIRSTW]* \([^ ]*\) \([^ ]*\)$/  {"\2", (void *) \&\2},/p'\'''
lt_cv_sys_global_symbol_to_c_name_address_lib_prefix='sed -n -e '\''s/^: \([^ ]*\)[ ]*$/  {\"\1\", (void *) 0},/p'\'' -e '\''s/^[ABCDGIRSTW]* \([^ ]*\) \(lib[^ ]*\)$/  {"\2", (void *) \&\2},/p'\'' -e '\''s/^[ABCDGIRSTW]* \([^ ]*\) \([^ ]*\)$/  {"lib\2", (void *) \&\2},/p'\'''
lt_cv_sys_global_symbol_to_cdecl='sed -n -e '\''s/^T .* \(.*\)$/extern int \1();/p'\'' -e '\''s/^[ABCDGIRSTW]* .* \(.*\)$/extern char \1;/p'\'''
lt_cv_sys_max_cmd_len=1572864
lt_cv_to_host_file_cmd=func_convert_file_noop
lt_cv_to_tool_file_cmd=func_convert_file_noop
pkg_cv_ALSA_CFLAGS=-I/usr/include/alsa
pkg_cv_ALSA_LIBS=-lasound

## ----------------- ##
## Output variables. ##
## ----------------- ##

ACLOCAL='${SHELL} /lfskernel/sources/boot/alsa-plugins-1.1.5/missing --run aclocal-1.12'
ALSA_CFLAGS='-I/usr/include/alsa'
ALSA_DATA_DIR='${prefix}/share/alsa'
ALSA_LIBS='-lasound'
ALSA_PLUGIN_DIR='/usr/lib/alsa-lib'
AMDEPBACKSLASH='\'
AMDEP_FALSE='#'
AMDEP_TRUE=''
AMTAR='$${TAR-tar}'
AR='ar'
AUTOCONF='${SHELL} /lfskernel/sources/boot/alsa-plugins-1.1.5/missing --run autoconf'
AUTOHEADER='${SHELL} /lfskernel/sources/boot/alsa-plugins-1.1.5/missing --run autoheader'
AUTOMAKE='${SHELL} /lfskernel/sources/boot/alsa-plugins-1.1.5/missing --run automake-1.12'
AVCODEC_CFLAGS=''
AVCODEC_HEADER=''
AVCODEC_LIBS=' -lavcodec'
AWK='gawk'
CC='gcc'
CCDEPMODE='depmode=gcc3'
CFLAGS='-g -O2'
CPP='gcc -E'
CPPFLAGS=''
CYGPATH_W='echo'
DBUS_CFLAGS=''
DBUS_LIBS=''
DEFS='-DHAVE_CONFIG_H'
DEPDIR='.deps'
DLLTOOL='false'
DSYMUTIL=''
DUMPBIN=''
ECHO_C=''
ECHO_N='-n'
ECHO_T=''
EGREP='/usr/bin/grep -E'
EXEEXT=''
FGREP='/usr/bin/grep -F'
GREP='/usr/bin/grep'
HAVE_ARCAMAV_FALSE='#'
HAVE_ARCAMAV_TRUE=''
HAVE_AVCODEC_FALSE=''
HAVE_AVCODEC_TRUE='#'
HAVE_JACK_FALSE=''
HAVE_JACK_TRUE='#'
HAVE_MAEMO_PLUGIN_FALSE=''
HAVE_MAEMO_PLUGIN_TRUE='#'
HAVE_MIX_FALSE='#'
HAVE_MIX_TRUE=''
HAVE_OSS_FALSE='#'
HAVE_OSS_TRUE=''
HAVE_PPH_FALSE='#'
HAVE_PPH_TRUE=''
HAVE_PULSE_FALSE=''
HAVE_PULSE_TRUE='#'
HAVE_SAMPLERATE_FALSE=''
HAVE_SAMPLERATE_TRUE='#'
HAVE_SPEEXDSP_FALSE=''
HAVE_SPEEXDSP_TRUE='#'
HAVE_USBSTREAM_FALSE='#'
HAVE_USBSTREAM_TRUE=''
INSTALL_DATA='${INSTALL} -m 644'
INSTALL_PROGRAM='${INSTALL}'
INSTALL_SCRIPT='${INSTALL}'
INSTALL_STRIP_PROGRAM='$(install_sh) -c -s'
JACK_CFLAGS=''
JACK_LIBS=''
LD='/usr/bin/ld -m elf_x86_64'
LDFLAGS=''
LIBOBJS=''
LIBS='-lasound '
LIBTOOL='$(SHELL) $(top_builddir)/libtool'
LIPO=''
LN_S='ln -s'
LTLIBOBJS=''
MAINT=''
MAINTAINER_MODE_FALSE='#'
MAINTAINER_MODE_TRUE=''
MAKEINFO='${SHELL} /lfskernel/sources/boot/alsa-plugins-1.1.5/missing --run makeinfo'
MANIFEST_TOOL=':'
MKDIR_P='/bin/mkdir -p'
NM='/usr/bin/nm -B'
NMEDIT=''
OBJDUMP='objdump'
OBJEXT='o'
OTOOL64=''
OTOOL=''
PACKAGE='alsa-plugins'
PACKAGE_BUGREPORT=''
PACKAGE_NAME='alsa-plugins'
PACKAGE_STRING='alsa-plugins 1.1.5'
PACKAGE_TARNAME='alsa-plugins'
PACKAGE_URL=''
PACKAGE_VERSION='1.1.5'
PATH_SEPARATOR=':'
PKG_CONFIG='/usr/bin/pkg-config'
PKG_CONFIG_LIBDIR=''
PKG_CONFIG_PATH=''
RANLIB='ranlib'
SED='/bin/sed'
SET_MAKE=''
SHELL='/bin/sh'
STRIP='strip'
USE_LIBSPEEX_FALSE=''
USE_LIBSPEEX_TRUE='#'
VERSION='1.1.5'
ac_ct_AR='ar'
ac_ct_CC='gcc'
ac_ct_DUMPBIN=''
am__EXEEXT_FALSE=''
am__EXEEXT_TRUE='#'
am__fastdepCC_FALSE='#'
am__fastdepCC_TRUE=''
am__include='include'
am__isrc=''
am__leading_dot='.'
am__nodep='_no'
am__quote=''
am__tar='$${TAR-tar} chof - "$$tardir"'
am__untar='$${TAR-tar} xf -'
bindir='${exec_prefix}/bin'
build='x86_64-unknown-linux-gnu'
build_alias=''
build_cpu='x86_64'
build_os='linux-gnu'
build_vendor='unknown'
datadir='${datarootdir}'
datarootdir='${prefix}/share'
docdir='${datarootdir}/doc/${PACKAGE_TARNAME}'
dvidir='${docdir}'
exec_prefix='/usr'
host='x86_64-unknown-linux-gnu'
host_alias=''
host_cpu='x86_64'
host_os='linux-gnu'
host_vendor='unknown'
htmldir='${docdir}'
includedir='${prefix}/include'
infodir='${datarootdir}/info'
install_sh='${SHELL} /lfskernel/sources/boot/alsa-plugins-1.1.5/install-sh'
libdir='${exec_prefix}/lib'
libexecdir='${exec_prefix}/libexec'
localedir='${datarootdir}/locale'
localstatedir='${prefix}/var'
mandir='${datarootdir}/man'
mkdir_p='$(MKDIR_P)'
oldincludedir='/usr/include'
pdfdir='${docdir}'
prefix='/usr'
program_transform_name='s,x,x,'
psdir='${docdir}'
pulseaudio_CFLAGS=''
pulseaudio_LIBS=''
samplerate_CFLAGS=''
samplerate_LIBS=''
sbindir='${exec_prefix}/sbin'
sharedstatedir='${prefix}/com'
speexdsp_CFLAGS=''
speexdsp_LIBS=''
sysconfdir='${prefix}/etc'
target_alias=''

## ----------- ##
## confdefs.h. ##
## ----------- ##

/* confdefs.h */
#define PACKAGE_NAME "alsa-plugins"
#define PACKAGE_TARNAME "alsa-plugins"
#define PACKAGE_VERSION "1.1.5"
#define PACKAGE_STRING "alsa-plugins 1.1.5"
#define PACKAGE_BUGREPORT ""
#define PACKAGE_URL ""
#define PACKAGE "alsa-plugins"
#define VERSION "1.1.5"
#define STDC_HEADERS 1
#define HAVE_SYS_TYPES_H 1
#define HAVE_SYS_STAT_H 1
#define HAVE_STDLIB_H 1
#define HAVE_STRING_H 1
#define HAVE_MEMORY_H 1
#define HAVE_STRINGS_H 1
#define HAVE_INTTYPES_H 1
#define HAVE_STDINT_H 1
#define HAVE_UNISTD_H 1
#define HAVE_DLFCN_H 1
#define LT_OBJDIR ".libs/"
#define STDC_HEADERS 1
#define HAVE_LIBASOUND 1
#define ALSA_PLUGIN_DIR "/usr/lib/alsa-lib"
#define ALSA_DATA_DIR "${prefix}/share/alsa"

configure: exit 0
