checking for a BSD-compatible install... /usr/bin/install -c
checking whether build environment is sane... yes
checking for a thread-safe mkdir -p... /bin/mkdir -p
checking for gawk... gawk
checking whether make sets $(MAKE)... yes
checking whether to enable maintainer-specific portions of Makefiles... yes
checking whether NLS is requested... yes
checking for msgfmt... /usr/bin/msgfmt
checking for gmsgfmt... /usr/bin/msgfmt
checking for xgettext... /usr/bin/xgettext
checking for msgmerge... /usr/bin/msgmerge
checking for style of include used by make... GNU
checking for gcc... gcc
checking whether the C compiler works... yes
checking for C compiler default output file name... a.out
checking for suffix of executables... 
checking whether we are cross compiling... no
checking for suffix of object files... o
checking whether we are using the GNU C compiler... yes
checking whether gcc accepts -g... yes
checking for gcc option to accept ISO C89... none needed
checking dependency style of gcc... gcc3
checking build system type... x86_64-unknown-linux-gnu
checking host system type... x86_64-unknown-linux-gnu
checking for ld used by GCC... /usr/bin/ld
checking if the linker (/usr/bin/ld) is GNU ld... yes
checking for shared library run path origin... done
checking how to run the C preprocessor... gcc -E
checking for grep that handles long lines and -e... /usr/bin/grep
checking for egrep... /usr/bin/grep -E
checking for CFPreferencesCopyAppValue... no
checking for CFLocaleCopyCurrent... no
checking for GNU gettext in libc... yes
checking whether to use NLS... yes
checking where the gettext function comes from... libc
checking for gcc... (cached) gcc
checking whether we are using the GNU C compiler... (cached) yes
checking whether gcc accepts -g... (cached) yes
checking for gcc option to accept ISO C89... (cached) none needed
checking dependency style of gcc... (cached) gcc3
checking whether ln -s works... yes
checking for a sed that does not truncate output... /bin/sed
checking for pkg-config... /usr/bin/pkg-config
checking pkg-config is at least version 0.9.0... yes
checking for ALSA CFLAGS... 
checking for ALSA LDFLAGS...  -lasound -lm -ldl -lpthread
checking for libasound headers version >= 1.0.27... found.
checking for snd_ctl_open in -lasound... yes
checking for snd_ctl_elem_add_enumerated... yes
checking for alsa/pcm.h... yes
checking for alsa/mixer.h... yes
checking for alsa/rawmidi.h... yes
checking for alsa/seq.h... yes
checking for alsa/use-case.h... yes
checking for alsa/topology.h... yes
checking for samplerate.h... no
checking for snd_seq_client_info_get_card in -lasound... yes
checking for snd_seq_client_info_get_pid in -lasound... yes
checking for librt... checking for clock_gettime in -lrt... yes
checking for rst2man... no
checking for ANSI C header files... yes
checking for NCURSESW... yes
checking for curses library... ncursesw
checking for curses header name... <ncurses.h>
checking for curses compiler flags... -D_GNU_SOURCE
checking for curses NLS support... yes
checking for sys/types.h... yes
checking for sys/stat.h... yes
checking for stdlib.h... yes
checking for string.h... yes
checking for memory.h... yes
checking for strings.h... yes
checking for inttypes.h... yes
checking for stdint.h... yes
checking for unistd.h... yes
checking panel.h usability... yes
checking panel.h presence... yes
checking for panel.h... yes
checking menu.h usability... yes
checking menu.h presence... yes
checking for menu.h... yes
checking form.h usability... yes
checking form.h presence... yes
checking for form.h... yes
checking for new_panel in -lpanelw... yes
checking for new_menu in -lmenuw... yes
checking for new_form in -lformw... yes
checking for curses linker flags... -lformw -lmenuw -lpanelw -lncursesw
checking for an ANSI C-conforming const... yes
checking for inline... inline
checking whether time.h and sys/time.h may both be included... yes
checking whether gcc needs -traditional... no
checking for special C compiler options needed for large files... no
checking for _FILE_OFFSET_BITS value needed for large files... no
checking for SYSTEMD... yes
checking that generated files are newer than configure... done
configure: creating ./config.status
config.status: creating Makefile
config.status: creating alsactl/Makefile
config.status: creating alsactl/init/Makefile
config.status: creating alsamixer/Makefile
config.status: creating amidi/Makefile
config.status: creating amixer/Makefile
config.status: creating m4/Makefile
config.status: creating po/Makefile.in
config.status: creating alsaconf/alsaconf
config.status: creating alsaconf/Makefile
config.status: creating alsaconf/po/Makefile
config.status: WARNING:  'alsaconf/po/Makefile.in' seems to ignore the --datarootdir setting
config.status: creating alsaucm/Makefile
config.status: creating topology/Makefile
config.status: creating bat/Makefile
config.status: creating bat/tests/Makefile
config.status: creating bat/tests/asound_state/Makefile
config.status: creating aplay/Makefile
config.status: creating include/Makefile
config.status: creating iecset/Makefile
config.status: creating utils/Makefile
config.status: creating utils/alsa-utils.spec
config.status: creating seq/Makefile
config.status: creating seq/aconnect/Makefile
config.status: creating seq/aplaymidi/Makefile
config.status: creating seq/aseqdump/Makefile
config.status: creating seq/aseqnet/Makefile
config.status: creating speaker-test/Makefile
config.status: creating speaker-test/samples/Makefile
config.status: creating alsaloop/Makefile
config.status: creating alsa-info/Makefile
config.status: creating include/aconfig.h
config.status: executing po-directories commands
config.status: creating po/POTFILES
config.status: creating po/Makefile
config.status: executing depfiles commands
