Making install in po
make[1]: Entering directory '/lfskernel/sources/boot/at-spi2-core-2.26.2/po'
installing an.gmo as /usr/share/locale/an/LC_MESSAGES/at-spi2-core.mo
installing as.gmo as /usr/share/locale/as/LC_MESSAGES/at-spi2-core.mo
installing ast.gmo as /usr/share/locale/ast/LC_MESSAGES/at-spi2-core.mo
installing be.gmo as /usr/share/locale/be/LC_MESSAGES/at-spi2-core.mo
installing bg.gmo as /usr/share/locale/bg/LC_MESSAGES/at-spi2-core.mo
installing bn_IN.gmo as /usr/share/locale/bn_IN/LC_MESSAGES/at-spi2-core.mo
installing bs.gmo as /usr/share/locale/bs/LC_MESSAGES/at-spi2-core.mo
installing ca.gmo as /usr/share/locale/ca/LC_MESSAGES/at-spi2-core.mo
installing ca@valencia.gmo as /usr/share/locale/ca@valencia/LC_MESSAGES/at-spi2-core.mo
installing cs.gmo as /usr/share/locale/cs/LC_MESSAGES/at-spi2-core.mo
installing da.gmo as /usr/share/locale/da/LC_MESSAGES/at-spi2-core.mo
installing de.gmo as /usr/share/locale/de/LC_MESSAGES/at-spi2-core.mo
installing el.gmo as /usr/share/locale/el/LC_MESSAGES/at-spi2-core.mo
installing en_CA.gmo as /usr/share/locale/en_CA/LC_MESSAGES/at-spi2-core.mo
installing en_GB.gmo as /usr/share/locale/en_GB/LC_MESSAGES/at-spi2-core.mo
installing eo.gmo as /usr/share/locale/eo/LC_MESSAGES/at-spi2-core.mo
installing es.gmo as /usr/share/locale/es/LC_MESSAGES/at-spi2-core.mo
installing et.gmo as /usr/share/locale/et/LC_MESSAGES/at-spi2-core.mo
installing eu.gmo as /usr/share/locale/eu/LC_MESSAGES/at-spi2-core.mo
installing fa.gmo as /usr/share/locale/fa/LC_MESSAGES/at-spi2-core.mo
installing fi.gmo as /usr/share/locale/fi/LC_MESSAGES/at-spi2-core.mo
installing fr.gmo as /usr/share/locale/fr/LC_MESSAGES/at-spi2-core.mo
installing fur.gmo as /usr/share/locale/fur/LC_MESSAGES/at-spi2-core.mo
installing ga.gmo as /usr/share/locale/ga/LC_MESSAGES/at-spi2-core.mo
installing gd.gmo as /usr/share/locale/gd/LC_MESSAGES/at-spi2-core.mo
installing gl.gmo as /usr/share/locale/gl/LC_MESSAGES/at-spi2-core.mo
installing gu.gmo as /usr/share/locale/gu/LC_MESSAGES/at-spi2-core.mo
installing he.gmo as /usr/share/locale/he/LC_MESSAGES/at-spi2-core.mo
installing hi.gmo as /usr/share/locale/hi/LC_MESSAGES/at-spi2-core.mo
installing hr.gmo as /usr/share/locale/hr/LC_MESSAGES/at-spi2-core.mo
installing hu.gmo as /usr/share/locale/hu/LC_MESSAGES/at-spi2-core.mo
installing id.gmo as /usr/share/locale/id/LC_MESSAGES/at-spi2-core.mo
installing it.gmo as /usr/share/locale/it/LC_MESSAGES/at-spi2-core.mo
installing ja.gmo as /usr/share/locale/ja/LC_MESSAGES/at-spi2-core.mo
installing kk.gmo as /usr/share/locale/kk/LC_MESSAGES/at-spi2-core.mo
installing km.gmo as /usr/share/locale/km/LC_MESSAGES/at-spi2-core.mo
installing kn.gmo as /usr/share/locale/kn/LC_MESSAGES/at-spi2-core.mo
installing ko.gmo as /usr/share/locale/ko/LC_MESSAGES/at-spi2-core.mo
installing lt.gmo as /usr/share/locale/lt/LC_MESSAGES/at-spi2-core.mo
installing lv.gmo as /usr/share/locale/lv/LC_MESSAGES/at-spi2-core.mo
installing ml.gmo as /usr/share/locale/ml/LC_MESSAGES/at-spi2-core.mo
installing mr.gmo as /usr/share/locale/mr/LC_MESSAGES/at-spi2-core.mo
installing ms.gmo as /usr/share/locale/ms/LC_MESSAGES/at-spi2-core.mo
installing nb.gmo as /usr/share/locale/nb/LC_MESSAGES/at-spi2-core.mo
installing ne.gmo as /usr/share/locale/ne/LC_MESSAGES/at-spi2-core.mo
installing nl.gmo as /usr/share/locale/nl/LC_MESSAGES/at-spi2-core.mo
installing oc.gmo as /usr/share/locale/oc/LC_MESSAGES/at-spi2-core.mo
installing or.gmo as /usr/share/locale/or/LC_MESSAGES/at-spi2-core.mo
installing pa.gmo as /usr/share/locale/pa/LC_MESSAGES/at-spi2-core.mo
installing pl.gmo as /usr/share/locale/pl/LC_MESSAGES/at-spi2-core.mo
installing pt.gmo as /usr/share/locale/pt/LC_MESSAGES/at-spi2-core.mo
installing pt_BR.gmo as /usr/share/locale/pt_BR/LC_MESSAGES/at-spi2-core.mo
installing ro.gmo as /usr/share/locale/ro/LC_MESSAGES/at-spi2-core.mo
installing ru.gmo as /usr/share/locale/ru/LC_MESSAGES/at-spi2-core.mo
installing sk.gmo as /usr/share/locale/sk/LC_MESSAGES/at-spi2-core.mo
installing sl.gmo as /usr/share/locale/sl/LC_MESSAGES/at-spi2-core.mo
installing sq.gmo as /usr/share/locale/sq/LC_MESSAGES/at-spi2-core.mo
installing sr.gmo as /usr/share/locale/sr/LC_MESSAGES/at-spi2-core.mo
installing sr@latin.gmo as /usr/share/locale/sr@latin/LC_MESSAGES/at-spi2-core.mo
installing sv.gmo as /usr/share/locale/sv/LC_MESSAGES/at-spi2-core.mo
installing ta.gmo as /usr/share/locale/ta/LC_MESSAGES/at-spi2-core.mo
installing te.gmo as /usr/share/locale/te/LC_MESSAGES/at-spi2-core.mo
installing tg.gmo as /usr/share/locale/tg/LC_MESSAGES/at-spi2-core.mo
installing tr.gmo as /usr/share/locale/tr/LC_MESSAGES/at-spi2-core.mo
installing ug.gmo as /usr/share/locale/ug/LC_MESSAGES/at-spi2-core.mo
installing uk.gmo as /usr/share/locale/uk/LC_MESSAGES/at-spi2-core.mo
installing uz@cyrillic.gmo as /usr/share/locale/uz@cyrillic/LC_MESSAGES/at-spi2-core.mo
installing vi.gmo as /usr/share/locale/vi/LC_MESSAGES/at-spi2-core.mo
installing zh_CN.gmo as /usr/share/locale/zh_CN/LC_MESSAGES/at-spi2-core.mo
installing zh_HK.gmo as /usr/share/locale/zh_HK/LC_MESSAGES/at-spi2-core.mo
installing zh_TW.gmo as /usr/share/locale/zh_TW/LC_MESSAGES/at-spi2-core.mo
if test "at-spi2-core" = "gettext-tools"; then \
  /bin/mkdir -p /usr/share/gettext/po; \
  for file in Makefile.in.in remove-potcdate.sin quot.sed boldquot.sed en@quot.header en@boldquot.header insert-header.sin Rules-quot   Makevars.template; do \
    /usr/bin/install -c -m 644 ./$file \
		    /usr/share/gettext/po/$file; \
  done; \
  for file in Makevars; do \
    rm -f /usr/share/gettext/po/$file; \
  done; \
else \
  : ; \
fi
make[1]: Leaving directory '/lfskernel/sources/boot/at-spi2-core-2.26.2/po'
Making install in dbind
make[1]: Entering directory '/lfskernel/sources/boot/at-spi2-core-2.26.2/dbind'
make[2]: Entering directory '/lfskernel/sources/boot/at-spi2-core-2.26.2/dbind'
make[2]: Nothing to be done for 'install-exec-am'.
make[2]: Nothing to be done for 'install-data-am'.
make[2]: Leaving directory '/lfskernel/sources/boot/at-spi2-core-2.26.2/dbind'
make[1]: Leaving directory '/lfskernel/sources/boot/at-spi2-core-2.26.2/dbind'
Making install in xml
make[1]: Entering directory '/lfskernel/sources/boot/at-spi2-core-2.26.2/xml'
make[2]: Entering directory '/lfskernel/sources/boot/at-spi2-core-2.26.2/xml'
make[2]: Nothing to be done for 'install-exec-am'.
make[2]: Nothing to be done for 'install-data-am'.
make[2]: Leaving directory '/lfskernel/sources/boot/at-spi2-core-2.26.2/xml'
make[1]: Leaving directory '/lfskernel/sources/boot/at-spi2-core-2.26.2/xml'
Making install in atspi
make[1]: Entering directory '/lfskernel/sources/boot/at-spi2-core-2.26.2/atspi'
make  install-am
make[2]: Entering directory '/lfskernel/sources/boot/at-spi2-core-2.26.2/atspi'
make[3]: Entering directory '/lfskernel/sources/boot/at-spi2-core-2.26.2/atspi'
 /bin/mkdir -p '/usr/lib'
 /bin/sh ../libtool   --mode=install /usr/bin/install -c   libatspi.la '/usr/lib'
libtool: install: /usr/bin/install -c .libs/libatspi.so.0.0.1 /usr/lib/libatspi.so.0.0.1
libtool: install: (cd /usr/lib && { ln -s -f libatspi.so.0.0.1 libatspi.so.0 || { rm -f libatspi.so.0 && ln -s libatspi.so.0.0.1 libatspi.so.0; }; })
libtool: install: (cd /usr/lib && { ln -s -f libatspi.so.0.0.1 libatspi.so || { rm -f libatspi.so && ln -s libatspi.so.0.0.1 libatspi.so; }; })
libtool: install: /usr/bin/install -c .libs/libatspi.lai /usr/lib/libatspi.la
libtool: finish: PATH="/bin:/usr/bin:/sbin:/usr/sbin:/sbin" ldconfig -n /usr/lib
----------------------------------------------------------------------
Libraries have been installed in:
   /usr/lib

If you ever happen to want to link against installed libraries
in a given directory, LIBDIR, you must either use libtool, and
specify the full pathname of the library, or use the '-LLIBDIR'
flag during linking and do at least one of the following:
   - add LIBDIR to the 'LD_LIBRARY_PATH' environment variable
     during execution
   - add LIBDIR to the 'LD_RUN_PATH' environment variable
     during linking
   - use the '-Wl,-rpath -Wl,LIBDIR' linker flag
   - have your system administrator add LIBDIR to '/etc/ld.so.conf'

See any operating system documentation about shared libraries for
more information, such as the ld(1) and ld.so(8) manual pages.
----------------------------------------------------------------------
 /bin/mkdir -p '/usr/share/gir-1.0'
 /usr/bin/install -c -m 644 Atspi-2.0.gir '/usr/share/gir-1.0'
 /bin/mkdir -p '/usr/include/at-spi-2.0/atspi'
 /usr/bin/install -c -m 644 atspi.h atspi-accessible.h atspi-action.h atspi-application.h atspi-collection.h atspi-component.h atspi-constants.h atspi-device-listener.h atspi-device-listener-private.h atspi-document.h atspi-editabletext.h atspi-event-listener.h atspi-event-listener-private.h atspi-gmain.h atspi-hyperlink.h atspi-hypertext.h atspi-image.h atspi-matchrule.h atspi-misc.h atspi-object.h atspi-private.h atspi-registry.h atspi-relation.h atspi-selection.h atspi-stateset.h atspi-table.h atspi-table-cell.h atspi-text.h atspi-types.h atspi-value.h atspi-enum-types.h '/usr/include/at-spi-2.0/atspi'
 /bin/mkdir -p '/usr/lib/girepository-1.0'
 /usr/bin/install -c -m 644 Atspi-2.0.typelib '/usr/lib/girepository-1.0'
make[3]: Leaving directory '/lfskernel/sources/boot/at-spi2-core-2.26.2/atspi'
make[2]: Leaving directory '/lfskernel/sources/boot/at-spi2-core-2.26.2/atspi'
make[1]: Leaving directory '/lfskernel/sources/boot/at-spi2-core-2.26.2/atspi'
Making install in bus
make[1]: Entering directory '/lfskernel/sources/boot/at-spi2-core-2.26.2/bus'
make[2]: Entering directory '/lfskernel/sources/boot/at-spi2-core-2.26.2/bus'
 /bin/mkdir -p '/usr/libexec'
  /bin/sh ../libtool   --mode=install /usr/bin/install -c at-spi-bus-launcher '/usr/libexec'
libtool: install: /usr/bin/install -c at-spi-bus-launcher /usr/libexec/at-spi-bus-launcher
 /bin/mkdir -p '/usr/share/defaults/at-spi2'
 /usr/bin/install -c -m 644 accessibility.conf '/usr/share/defaults/at-spi2'
 /bin/mkdir -p '/usr/share/dbus-1/services'
 /usr/bin/install -c -m 644 org.a11y.Bus.service '/usr/share/dbus-1/services'
 /bin/mkdir -p '/etc/xdg/autostart'
 /usr/bin/install -c -m 644 at-spi-dbus-bus.desktop '/etc/xdg/autostart'
 /bin/mkdir -p '/usr/lib/systemd/user'
 /usr/bin/install -c -m 644 at-spi-dbus-bus.service '/usr/lib/systemd/user'
make[2]: Leaving directory '/lfskernel/sources/boot/at-spi2-core-2.26.2/bus'
make[1]: Leaving directory '/lfskernel/sources/boot/at-spi2-core-2.26.2/bus'
Making install in registryd
make[1]: Entering directory '/lfskernel/sources/boot/at-spi2-core-2.26.2/registryd'
make[2]: Entering directory '/lfskernel/sources/boot/at-spi2-core-2.26.2/registryd'
 /bin/mkdir -p '/usr/libexec'
  /bin/sh ../libtool   --mode=install /usr/bin/install -c at-spi2-registryd '/usr/libexec'
libtool: install: /usr/bin/install -c .libs/at-spi2-registryd /usr/libexec/at-spi2-registryd
 /bin/mkdir -p '/usr/share/dbus-1/accessibility-services'
 /usr/bin/install -c -m 644 org.a11y.atspi.Registry.service '/usr/share/dbus-1/accessibility-services'
make[2]: Leaving directory '/lfskernel/sources/boot/at-spi2-core-2.26.2/registryd'
make[1]: Leaving directory '/lfskernel/sources/boot/at-spi2-core-2.26.2/registryd'
Making install in doc
make[1]: Entering directory '/lfskernel/sources/boot/at-spi2-core-2.26.2/doc'
Making install in libatspi
make[2]: Entering directory '/lfskernel/sources/boot/at-spi2-core-2.26.2/doc/libatspi'
make[3]: Entering directory '/lfskernel/sources/boot/at-spi2-core-2.26.2/doc/libatspi'
make[3]: Nothing to be done for 'install-exec-am'.
 /usr/bin/install -c -m 644 ./html/AtspiAccessible.html
 /usr/bin/install -c -m 644 ./html/AtspiDeviceListener.html
 /usr/bin/install -c -m 644 ./html/AtspiEventListener.html
 /usr/bin/install -c -m 644 ./html/AtspiHyperlink.html
 /usr/bin/install -c -m 644 ./html/AtspiMatchRule.html
 /usr/bin/install -c -m 644 ./html/AtspiObject.html
 /usr/bin/install -c -m 644 ./html/AtspiRelation.html
 /usr/bin/install -c -m 644 ./html/AtspiStateSet.html
 /usr/bin/install -c -m 644 ./html/annotation-glossary.html
 /usr/bin/install -c -m 644 ./html/api-index-full.html
 /usr/bin/install -c -m 644 ./html/ch01.html
 /usr/bin/install -c -m 644 ./html/home.png
 /usr/bin/install -c -m 644 ./html/index.html
 /usr/bin/install -c -m 644 ./html/left-insensitive.png
 /usr/bin/install -c -m 644 ./html/left.png
 /usr/bin/install -c -m 644 ./html/libatspi-AtspiApplication.html
 /usr/bin/install -c -m 644 ./html/libatspi-atspi-action.html
 /usr/bin/install -c -m 644 ./html/libatspi-atspi-collection.html
 /usr/bin/install -c -m 644 ./html/libatspi-atspi-component.html
 /usr/bin/install -c -m 644 ./html/libatspi-atspi-constants.html
 /usr/bin/install -c -m 644 ./html/libatspi-atspi-document.html
 /usr/bin/install -c -m 644 ./html/libatspi-atspi-editabletext.html
 /usr/bin/install -c -m 644 ./html/libatspi-atspi-hypertext.html
 /usr/bin/install -c -m 644 ./html/libatspi-atspi-image.html
 /usr/bin/install -c -m 644 ./html/libatspi-atspi-listener-private.html
 /usr/bin/install -c -m 644 ./html/libatspi-atspi-misc-private.html
 /usr/bin/install -c -m 644 ./html/libatspi-atspi-misc.html
 /usr/bin/install -c -m 644 ./html/libatspi-atspi-registry.html
 /usr/bin/install -c -m 644 ./html/libatspi-atspi-selection.html
 /usr/bin/install -c -m 644 ./html/libatspi-atspi-table-cell.html
 /usr/bin/install -c -m 644 ./html/libatspi-atspi-table.html
 /usr/bin/install -c -m 644 ./html/libatspi-atspi-text.html
 /usr/bin/install -c -m 644 ./html/libatspi-atspi-types.html
 /usr/bin/install -c -m 644 ./html/libatspi-atspi-value.html
 /usr/bin/install -c -m 644 ./html/object-tree.html
 /usr/bin/install -c -m 644 ./html/right-insensitive.png
 /usr/bin/install -c -m 644 ./html/right.png
 /usr/bin/install -c -m 644 ./html/style.css
 /usr/bin/install -c -m 644 ./html/up-insensitive.png
 /usr/bin/install -c -m 644 ./html/up.png
make[3]: Leaving directory '/lfskernel/sources/boot/at-spi2-core-2.26.2/doc/libatspi'
make[2]: Leaving directory '/lfskernel/sources/boot/at-spi2-core-2.26.2/doc/libatspi'
make[2]: Entering directory '/lfskernel/sources/boot/at-spi2-core-2.26.2/doc'
make[3]: Entering directory '/lfskernel/sources/boot/at-spi2-core-2.26.2/doc'
make[3]: Nothing to be done for 'install-exec-am'.
make[3]: Nothing to be done for 'install-data-am'.
make[3]: Leaving directory '/lfskernel/sources/boot/at-spi2-core-2.26.2/doc'
make[2]: Leaving directory '/lfskernel/sources/boot/at-spi2-core-2.26.2/doc'
make[1]: Leaving directory '/lfskernel/sources/boot/at-spi2-core-2.26.2/doc'
Making install in test
make[1]: Entering directory '/lfskernel/sources/boot/at-spi2-core-2.26.2/test'
make[2]: Entering directory '/lfskernel/sources/boot/at-spi2-core-2.26.2/test'
make[2]: Nothing to be done for 'install-exec-am'.
make[2]: Nothing to be done for 'install-data-am'.
make[2]: Leaving directory '/lfskernel/sources/boot/at-spi2-core-2.26.2/test'
make[1]: Leaving directory '/lfskernel/sources/boot/at-spi2-core-2.26.2/test'
make[1]: Entering directory '/lfskernel/sources/boot/at-spi2-core-2.26.2'
make[2]: Entering directory '/lfskernel/sources/boot/at-spi2-core-2.26.2'
make[2]: Nothing to be done for 'install-exec-am'.
 /bin/mkdir -p '/usr/lib/pkgconfig'
 /usr/bin/install -c -m 644 atspi-2.pc '/usr/lib/pkgconfig'
make[2]: Leaving directory '/lfskernel/sources/boot/at-spi2-core-2.26.2'
make[1]: Leaving directory '/lfskernel/sources/boot/at-spi2-core-2.26.2'
