This file contains any messages produced by compilers while
running configure, to aid debugging if configure makes a mistake.

It was created by configure, which was
generated by GNU Autoconf 2.69.  Invocation command line was

  $ ./configure --prefix=/usr --disable-static

## --------- ##
## Platform. ##
## --------- ##

hostname = localhost.localdomain
uname -m = x86_64
uname -r = 3.10.0-693.11.1.el7.x86_64
uname -s = Linux
uname -v = #1 SMP Mon Dec 4 23:52:40 UTC 2017

/usr/bin/uname -p = unknown
/bin/uname -X     = unknown

/bin/arch              = unknown
/usr/bin/arch -k       = unknown
/usr/convex/getsysinfo = unknown
/usr/bin/hostinfo      = unknown
/bin/machine           = unknown
/usr/bin/oslevel       = unknown
/bin/universe          = unknown

PATH: /bin
PATH: /usr/bin
PATH: /sbin
PATH: /usr/sbin
PATH: /tools/bin


## ----------- ##
## Core tests. ##
## ----------- ##

configure:2232: checking build system type
configure:2246: result: x86_64-unknown-linux-gnu
configure:2266: checking host system type
configure:2279: result: x86_64-unknown-linux-gnu
configure:2320: checking how to print strings
configure:2347: result: printf
configure:2416: checking for gcc
configure:2432: found /usr/bin/gcc
configure:2443: result: gcc
configure:2672: checking for C compiler version
configure:2681: gcc --version >&5
gcc (GCC) 7.2.0
Copyright (C) 2017 Free Software Foundation, Inc.
This is free software; see the source for copying conditions.  There is NO
warranty; not even for MERCHANTABILITY or FITNESS FOR A PARTICULAR PURPOSE.

configure:2692: $? = 0
configure:2681: gcc -v >&5
Using built-in specs.
COLLECT_GCC=gcc
COLLECT_LTO_WRAPPER=/usr/libexec/gcc/x86_64-pc-linux-gnu/7.2.0/lto-wrapper
Target: x86_64-pc-linux-gnu
Configured with: ../configure --prefix=/usr --enable-languages=c,c++ --disable-multilib --disable-bootstrap --with-system-zlib
Thread model: posix
gcc version 7.2.0 (GCC) 
configure:2692: $? = 0
configure:2681: gcc -V >&5
gcc: error: unrecognized command line option '-V'
gcc: fatal error: no input files
compilation terminated.
configure:2692: $? = 1
configure:2681: gcc -qversion >&5
gcc: error: unrecognized command line option '-qversion'; did you mean '--version'?
gcc: fatal error: no input files
compilation terminated.
configure:2692: $? = 1
configure:2712: checking whether the C compiler works
configure:2734: gcc    conftest.c  >&5
configure:2738: $? = 0
configure:2786: result: yes
configure:2789: checking for C compiler default output file name
configure:2791: result: a.out
configure:2797: checking for suffix of executables
configure:2804: gcc -o conftest    conftest.c  >&5
configure:2808: $? = 0
configure:2830: result: 
configure:2852: checking whether we are cross compiling
configure:2860: gcc -o conftest    conftest.c  >&5
configure:2864: $? = 0
configure:2871: ./conftest
configure:2875: $? = 0
configure:2890: result: no
configure:2895: checking for suffix of object files
configure:2917: gcc -c   conftest.c >&5
configure:2921: $? = 0
configure:2942: result: o
configure:2946: checking whether we are using the GNU C compiler
configure:2965: gcc -c   conftest.c >&5
configure:2965: $? = 0
configure:2974: result: yes
configure:2983: checking whether gcc accepts -g
configure:3003: gcc -c -g  conftest.c >&5
configure:3003: $? = 0
configure:3044: result: yes
configure:3061: checking for gcc option to accept ISO C89
configure:3124: gcc  -c -g -O2  conftest.c >&5
configure:3124: $? = 0
configure:3137: result: none needed
configure:3157: checking for a sed that does not truncate output
configure:3221: result: /tools/bin/sed
configure:3239: checking for grep that handles long lines and -e
configure:3297: result: /tools/bin/grep
configure:3302: checking for egrep
configure:3364: result: /tools/bin/grep -E
configure:3369: checking for fgrep
configure:3431: result: /tools/bin/grep -F
configure:3466: checking for ld used by gcc
configure:3533: result: /usr/bin/ld
configure:3540: checking if the linker (/usr/bin/ld) is GNU ld
configure:3555: result: yes
configure:3567: checking for BSD- or MS-compatible name lister (nm)
configure:3621: result: /usr/bin/nm -B
configure:3751: checking the name lister (/usr/bin/nm -B) interface
configure:3758: gcc -c -g -O2  conftest.c >&5
configure:3761: /usr/bin/nm -B "conftest.o"
configure:3764: output
0000000000000000 B some_variable
configure:3771: result: BSD nm
configure:3774: checking whether ln -s works
configure:3778: result: yes
configure:3786: checking the maximum length of command line arguments
configure:3917: result: 1572864
configure:3965: checking how to convert x86_64-unknown-linux-gnu file names to x86_64-unknown-linux-gnu format
configure:4005: result: func_convert_file_noop
configure:4012: checking how to convert x86_64-unknown-linux-gnu file names to toolchain format
configure:4032: result: func_convert_file_noop
configure:4039: checking for /usr/bin/ld option to reload object files
configure:4046: result: -r
configure:4120: checking for objdump
configure:4136: found /usr/bin/objdump
configure:4147: result: objdump
configure:4179: checking how to recognize dependent libraries
configure:4379: result: pass_all
configure:4464: checking for dlltool
configure:4494: result: no
configure:4524: checking how to associate runtime and link libraries
configure:4551: result: printf %s\n
configure:4612: checking for ar
configure:4628: found /usr/bin/ar
configure:4639: result: ar
configure:4676: checking for archiver @FILE support
configure:4693: gcc -c -g -O2  conftest.c >&5
configure:4693: $? = 0
configure:4696: ar cru libconftest.a @conftest.lst >&5
configure:4699: $? = 0
configure:4704: ar cru libconftest.a @conftest.lst >&5
ar: conftest.o: No such file or directory
configure:4707: $? = 1
configure:4719: result: @
configure:4777: checking for strip
configure:4793: found /usr/bin/strip
configure:4804: result: strip
configure:4876: checking for ranlib
configure:4892: found /usr/bin/ranlib
configure:4903: result: ranlib
configure:4980: checking for gawk
configure:4996: found /tools/bin/gawk
configure:5007: result: gawk
configure:5047: checking command to parse /usr/bin/nm -B output from gcc object
configure:5200: gcc -c -g -O2  conftest.c >&5
configure:5203: $? = 0
configure:5207: /usr/bin/nm -B conftest.o \| sed -n -e 's/^.*[ ]\([ABCDGIRSTW][ABCDGIRSTW]*\)[ ][ ]*\([_A-Za-z][_A-Za-z0-9]*\)$/\1 \2 \2/p' | sed '/ __gnu_lto/d' \> conftest.nm
configure:5210: $? = 0
configure:5276: gcc -o conftest -g -O2   conftest.c conftstm.o >&5
configure:5279: $? = 0
configure:5317: result: ok
configure:5364: checking for sysroot
configure:5394: result: no
configure:5401: checking for a working dd
configure:5439: result: /bin/dd
configure:5443: checking how to truncate binary pipes
configure:5458: result: /bin/dd bs=4096 count=1
configure:5594: gcc -c -g -O2  conftest.c >&5
configure:5597: $? = 0
configure:5787: checking for mt
configure:5817: result: no
configure:5837: checking if : is a manifest tool
configure:5843: : '-?'
configure:5851: result: no
configure:6528: checking how to run the C preprocessor
configure:6559: gcc -E  conftest.c
configure:6559: $? = 0
configure:6573: gcc -E  conftest.c
conftest.c:9:10: fatal error: ac_nonexistent.h: No such file or directory
 #include <ac_nonexistent.h>
          ^~~~~~~~~~~~~~~~~~
compilation terminated.
configure:6573: $? = 1
configure: failed program was:
| /* confdefs.h */
| #define PACKAGE_NAME ""
| #define PACKAGE_TARNAME ""
| #define PACKAGE_VERSION ""
| #define PACKAGE_STRING ""
| #define PACKAGE_BUGREPORT ""
| #define PACKAGE_URL ""
| /* end confdefs.h.  */
| #include <ac_nonexistent.h>
configure:6598: result: gcc -E
configure:6618: gcc -E  conftest.c
configure:6618: $? = 0
configure:6632: gcc -E  conftest.c
conftest.c:9:10: fatal error: ac_nonexistent.h: No such file or directory
 #include <ac_nonexistent.h>
          ^~~~~~~~~~~~~~~~~~
compilation terminated.
configure:6632: $? = 1
configure: failed program was:
| /* confdefs.h */
| #define PACKAGE_NAME ""
| #define PACKAGE_TARNAME ""
| #define PACKAGE_VERSION ""
| #define PACKAGE_STRING ""
| #define PACKAGE_BUGREPORT ""
| #define PACKAGE_URL ""
| /* end confdefs.h.  */
| #include <ac_nonexistent.h>
configure:6661: checking for ANSI C header files
configure:6681: gcc -c -g -O2  conftest.c >&5
configure:6681: $? = 0
configure:6754: gcc -o conftest -g -O2   conftest.c  >&5
configure:6754: $? = 0
configure:6754: ./conftest
configure:6754: $? = 0
configure:6765: result: yes
configure:6778: checking for sys/types.h
configure:6778: gcc -c -g -O2  conftest.c >&5
configure:6778: $? = 0
configure:6778: result: yes
configure:6778: checking for sys/stat.h
configure:6778: gcc -c -g -O2  conftest.c >&5
configure:6778: $? = 0
configure:6778: result: yes
configure:6778: checking for stdlib.h
configure:6778: gcc -c -g -O2  conftest.c >&5
configure:6778: $? = 0
configure:6778: result: yes
configure:6778: checking for string.h
configure:6778: gcc -c -g -O2  conftest.c >&5
configure:6778: $? = 0
configure:6778: result: yes
configure:6778: checking for memory.h
configure:6778: gcc -c -g -O2  conftest.c >&5
configure:6778: $? = 0
configure:6778: result: yes
configure:6778: checking for strings.h
configure:6778: gcc -c -g -O2  conftest.c >&5
configure:6778: $? = 0
configure:6778: result: yes
configure:6778: checking for inttypes.h
configure:6778: gcc -c -g -O2  conftest.c >&5
configure:6778: $? = 0
configure:6778: result: yes
configure:6778: checking for stdint.h
configure:6778: gcc -c -g -O2  conftest.c >&5
configure:6778: $? = 0
configure:6778: result: yes
configure:6778: checking for unistd.h
configure:6778: gcc -c -g -O2  conftest.c >&5
configure:6778: $? = 0
configure:6778: result: yes
configure:6792: checking for dlfcn.h
configure:6792: gcc -c -g -O2  conftest.c >&5
configure:6792: $? = 0
configure:6792: result: yes
configure:7048: checking for objdir
configure:7063: result: .libs
configure:7327: checking if gcc supports -fno-rtti -fno-exceptions
configure:7345: gcc -c -g -O2  -fno-rtti -fno-exceptions conftest.c >&5
cc1: warning: command line option '-fno-rtti' is valid for C++/ObjC++ but not for C
configure:7349: $? = 0
configure:7362: result: no
configure:7720: checking for gcc option to produce PIC
configure:7727: result: -fPIC -DPIC
configure:7735: checking if gcc PIC flag -fPIC -DPIC works
configure:7753: gcc -c -g -O2  -fPIC -DPIC -DPIC conftest.c >&5
configure:7757: $? = 0
configure:7770: result: yes
configure:7799: checking if gcc static flag -static works
configure:7827: result: yes
configure:7842: checking if gcc supports -c -o file.o
configure:7863: gcc -c -g -O2  -o out/conftest2.o conftest.c >&5
configure:7867: $? = 0
configure:7889: result: yes
configure:7897: checking if gcc supports -c -o file.o
configure:7944: result: yes
configure:7977: checking whether the gcc linker (/usr/bin/ld -m elf_x86_64) supports shared libraries
configure:9236: result: yes
configure:9273: checking whether -lc should be explicitly linked in
configure:9281: gcc -c -g -O2  conftest.c >&5
configure:9284: $? = 0
configure:9299: gcc -shared  -fPIC -DPIC conftest.o  -v -Wl,-soname -Wl,conftest -o conftest 2\>\&1 \| /tools/bin/grep  -lc  \>/dev/null 2\>\&1
configure:9302: $? = 0
configure:9316: result: no
configure:9476: checking dynamic linker characteristics
configure:10057: gcc -o conftest -g -O2   -Wl,-rpath -Wl,/foo conftest.c  >&5
configure:10057: $? = 0
configure:10294: result: GNU/Linux ld.so
configure:10416: checking how to hardcode library paths into programs
configure:10441: result: immediate
configure:10989: checking whether stripping libraries is possible
configure:10994: result: yes
configure:11029: checking if libtool supports shared libraries
configure:11031: result: yes
configure:11034: checking whether to build shared libraries
configure:11059: result: yes
configure:11062: checking whether to build static libraries
configure:11066: result: no
configure:11182: checking for gcc
configure:11209: result: gcc
configure:11438: checking for C compiler version
configure:11447: gcc --version >&5
gcc (GCC) 7.2.0
Copyright (C) 2017 Free Software Foundation, Inc.
This is free software; see the source for copying conditions.  There is NO
warranty; not even for MERCHANTABILITY or FITNESS FOR A PARTICULAR PURPOSE.

configure:11458: $? = 0
configure:11447: gcc -v >&5
Using built-in specs.
COLLECT_GCC=gcc
COLLECT_LTO_WRAPPER=/usr/libexec/gcc/x86_64-pc-linux-gnu/7.2.0/lto-wrapper
Target: x86_64-pc-linux-gnu
Configured with: ../configure --prefix=/usr --enable-languages=c,c++ --disable-multilib --disable-bootstrap --with-system-zlib
Thread model: posix
gcc version 7.2.0 (GCC) 
configure:11458: $? = 0
configure:11447: gcc -V >&5
gcc: error: unrecognized command line option '-V'
gcc: fatal error: no input files
compilation terminated.
configure:11458: $? = 1
configure:11447: gcc -qversion >&5
gcc: error: unrecognized command line option '-qversion'; did you mean '--version'?
gcc: fatal error: no input files
compilation terminated.
configure:11458: $? = 1
configure:11462: checking whether we are using the GNU C compiler
configure:11490: result: yes
configure:11499: checking whether gcc accepts -g
configure:11560: result: yes
configure:11577: checking for gcc option to accept ISO C89
configure:11653: result: none needed
configure:11755: checking for gcc
configure:11782: result: gcc
configure:12011: checking for C compiler version
configure:12020: gcc --version >&5
gcc (GCC) 7.2.0
Copyright (C) 2017 Free Software Foundation, Inc.
This is free software; see the source for copying conditions.  There is NO
warranty; not even for MERCHANTABILITY or FITNESS FOR A PARTICULAR PURPOSE.

configure:12031: $? = 0
configure:12020: gcc -v >&5
Using built-in specs.
COLLECT_GCC=gcc
COLLECT_LTO_WRAPPER=/usr/libexec/gcc/x86_64-pc-linux-gnu/7.2.0/lto-wrapper
Target: x86_64-pc-linux-gnu
Configured with: ../configure --prefix=/usr --enable-languages=c,c++ --disable-multilib --disable-bootstrap --with-system-zlib
Thread model: posix
gcc version 7.2.0 (GCC) 
configure:12031: $? = 0
configure:12020: gcc -V >&5
gcc: error: unrecognized command line option '-V'
gcc: fatal error: no input files
compilation terminated.
configure:12031: $? = 1
configure:12020: gcc -qversion >&5
gcc: error: unrecognized command line option '-qversion'; did you mean '--version'?
gcc: fatal error: no input files
compilation terminated.
configure:12031: $? = 1
configure:12035: checking whether we are using the GNU C compiler
configure:12063: result: yes
configure:12072: checking whether gcc accepts -g
configure:12133: result: yes
configure:12150: checking for gcc option to accept ISO C89
configure:12226: result: none needed
configure:12262: checking for gmake
configure:12280: found /tools/bin/gmake
configure:12292: result: /tools/bin/gmake
configure:12315: checking for tar
configure:12333: found /tools/bin/tar
configure:12345: result: /tools/bin/tar
configure:12358: checking for gzip
configure:12376: found /tools/bin/gzip
configure:12388: result: /tools/bin/gzip
configure:12401: checking for makedepend
configure:12432: result: /bin/true
configure:12445: checking for awk
configure:12463: found /tools/bin/awk
configure:12475: result: /tools/bin/awk
configure:12488: checking for sed
configure:12518: result: /tools/bin/sed
configure:12531: checking for echo
configure:12549: found /bin/echo
configure:12561: result: /bin/echo
configure:12574: checking for sort
configure:12592: found /tools/bin/sort
configure:12604: result: /tools/bin/sort
configure:12615: checking whether ln -s works
configure:12619: result: yes
configure:12630: checking for msgfmt
configure:12648: found /tools/bin/msgfmt
configure:12660: result: /tools/bin/msgfmt
configure:12680: checking for msgmerge
configure:12698: found /tools/bin/msgmerge
configure:12710: result: /tools/bin/msgmerge
configure:12730: checking for xgettext
configure:12748: found /tools/bin/xgettext
configure:12760: result: /tools/bin/xgettext
configure:12785: checking for rpm
configure:12818: result: no
configure:12909: checking for an ANSI C-conforming const
configure:12975: gcc -c -g -O2  conftest.c >&5
configure:12975: $? = 0
configure:12982: result: yes
configure:12990: checking for mode_t
configure:12990: gcc -c -g -O2  conftest.c >&5
configure:12990: $? = 0
configure:12990: gcc -c -g -O2  conftest.c >&5
conftest.c: In function 'main':
conftest.c:58:21: error: expected expression before ')' token
 if (sizeof ((mode_t)))
                     ^
configure:12990: $? = 1
configure: failed program was:
| /* confdefs.h */
| #define PACKAGE_NAME ""
| #define PACKAGE_TARNAME ""
| #define PACKAGE_VERSION ""
| #define PACKAGE_STRING ""
| #define PACKAGE_BUGREPORT ""
| #define PACKAGE_URL ""
| #define STDC_HEADERS 1
| #define HAVE_SYS_TYPES_H 1
| #define HAVE_SYS_STAT_H 1
| #define HAVE_STDLIB_H 1
| #define HAVE_STRING_H 1
| #define HAVE_MEMORY_H 1
| #define HAVE_STRINGS_H 1
| #define HAVE_INTTYPES_H 1
| #define HAVE_STDINT_H 1
| #define HAVE_UNISTD_H 1
| #define HAVE_DLFCN_H 1
| #define LT_OBJDIR ".libs/"
| #define ENABLE_GETTEXT 1
| /* end confdefs.h.  */
| #include <stdio.h>
| #ifdef HAVE_SYS_TYPES_H
| # include <sys/types.h>
| #endif
| #ifdef HAVE_SYS_STAT_H
| # include <sys/stat.h>
| #endif
| #ifdef STDC_HEADERS
| # include <stdlib.h>
| # include <stddef.h>
| #else
| # ifdef HAVE_STDLIB_H
| #  include <stdlib.h>
| # endif
| #endif
| #ifdef HAVE_STRING_H
| # if !defined STDC_HEADERS && defined HAVE_MEMORY_H
| #  include <memory.h>
| # endif
| # include <string.h>
| #endif
| #ifdef HAVE_STRINGS_H
| # include <strings.h>
| #endif
| #ifdef HAVE_INTTYPES_H
| # include <inttypes.h>
| #endif
| #ifdef HAVE_STDINT_H
| # include <stdint.h>
| #endif
| #ifdef HAVE_UNISTD_H
| # include <unistd.h>
| #endif
| int
| main ()
| {
| if (sizeof ((mode_t)))
| 	    return 0;
|   ;
|   return 0;
| }
configure:12990: result: yes
configure:13001: checking for size_t
configure:13001: gcc -c -g -O2  conftest.c >&5
configure:13001: $? = 0
configure:13001: gcc -c -g -O2  conftest.c >&5
conftest.c: In function 'main':
conftest.c:58:21: error: expected expression before ')' token
 if (sizeof ((size_t)))
                     ^
configure:13001: $? = 1
configure: failed program was:
| /* confdefs.h */
| #define PACKAGE_NAME ""
| #define PACKAGE_TARNAME ""
| #define PACKAGE_VERSION ""
| #define PACKAGE_STRING ""
| #define PACKAGE_BUGREPORT ""
| #define PACKAGE_URL ""
| #define STDC_HEADERS 1
| #define HAVE_SYS_TYPES_H 1
| #define HAVE_SYS_STAT_H 1
| #define HAVE_STDLIB_H 1
| #define HAVE_STRING_H 1
| #define HAVE_MEMORY_H 1
| #define HAVE_STRINGS_H 1
| #define HAVE_INTTYPES_H 1
| #define HAVE_STDINT_H 1
| #define HAVE_UNISTD_H 1
| #define HAVE_DLFCN_H 1
| #define LT_OBJDIR ".libs/"
| #define ENABLE_GETTEXT 1
| /* end confdefs.h.  */
| #include <stdio.h>
| #ifdef HAVE_SYS_TYPES_H
| # include <sys/types.h>
| #endif
| #ifdef HAVE_SYS_STAT_H
| # include <sys/stat.h>
| #endif
| #ifdef STDC_HEADERS
| # include <stdlib.h>
| # include <stddef.h>
| #else
| # ifdef HAVE_STDLIB_H
| #  include <stdlib.h>
| # endif
| #endif
| #ifdef HAVE_STRING_H
| # if !defined STDC_HEADERS && defined HAVE_MEMORY_H
| #  include <memory.h>
| # endif
| # include <string.h>
| #endif
| #ifdef HAVE_STRINGS_H
| # include <strings.h>
| #endif
| #ifdef HAVE_INTTYPES_H
| # include <inttypes.h>
| #endif
| #ifdef HAVE_STDINT_H
| # include <stdint.h>
| #endif
| #ifdef HAVE_UNISTD_H
| # include <unistd.h>
| #endif
| int
| main ()
| {
| if (sizeof ((size_t)))
| 	    return 0;
|   ;
|   return 0;
| }
configure:13001: result: yes
configure:13014: checking for working alloca.h
configure:13031: gcc -o conftest -g -O2   conftest.c  >&5
configure:13031: $? = 0
configure:13039: result: yes
configure:13047: checking for alloca
configure:13084: gcc -o conftest -g -O2   conftest.c  >&5
configure:13084: $? = 0
configure:13092: result: yes
configure:13315: creating ./config.status

## ---------------------- ##
## Running config.status. ##
## ---------------------- ##

This file was extended by config.status, which was
generated by GNU Autoconf 2.69.  Invocation command line was

  CONFIG_FILES    = 
  CONFIG_HEADERS  = 
  CONFIG_LINKS    = 
  CONFIG_COMMANDS = 
  $ ./config.status 

on localhost.localdomain

config.status:1085: creating include/builddefs
config.status:1085: creating include/config.h
config.status:1255: include/config.h is unchanged
config.status:1269: executing libtool commands

## ---------------- ##
## Cache variables. ##
## ---------------- ##

ac_cv_build=x86_64-unknown-linux-gnu
ac_cv_c_compiler_gnu=yes
ac_cv_c_const=yes
ac_cv_env_CC_set=
ac_cv_env_CC_value=
ac_cv_env_CFLAGS_set=
ac_cv_env_CFLAGS_value=
ac_cv_env_CPPFLAGS_set=
ac_cv_env_CPPFLAGS_value=
ac_cv_env_CPP_set=
ac_cv_env_CPP_value=
ac_cv_env_LDFLAGS_set=
ac_cv_env_LDFLAGS_value=
ac_cv_env_LIBS_set=
ac_cv_env_LIBS_value=
ac_cv_env_LT_SYS_LIBRARY_PATH_set=
ac_cv_env_LT_SYS_LIBRARY_PATH_value=
ac_cv_env_build_alias_set=
ac_cv_env_build_alias_value=
ac_cv_env_host_alias_set=
ac_cv_env_host_alias_value=
ac_cv_env_target_alias_set=
ac_cv_env_target_alias_value=
ac_cv_func_alloca_works=yes
ac_cv_header_dlfcn_h=yes
ac_cv_header_inttypes_h=yes
ac_cv_header_memory_h=yes
ac_cv_header_stdc=yes
ac_cv_header_stdint_h=yes
ac_cv_header_stdlib_h=yes
ac_cv_header_string_h=yes
ac_cv_header_strings_h=yes
ac_cv_header_sys_stat_h=yes
ac_cv_header_sys_types_h=yes
ac_cv_header_unistd_h=yes
ac_cv_host=x86_64-unknown-linux-gnu
ac_cv_objext=o
ac_cv_path_AWK=/tools/bin/awk
ac_cv_path_ECHO=/bin/echo
ac_cv_path_EGREP='/tools/bin/grep -E'
ac_cv_path_FGREP='/tools/bin/grep -F'
ac_cv_path_GREP=/tools/bin/grep
ac_cv_path_MAKE=/tools/bin/gmake
ac_cv_path_MAKEDEPEND=/bin/true
ac_cv_path_MSGFMT=/tools/bin/msgfmt
ac_cv_path_MSGMERGE=/tools/bin/msgmerge
ac_cv_path_SED=/tools/bin/sed
ac_cv_path_SORT=/tools/bin/sort
ac_cv_path_TAR=/tools/bin/tar
ac_cv_path_XGETTEXT=/tools/bin/xgettext
ac_cv_path_ZIP=/tools/bin/gzip
ac_cv_path_lt_DD=/bin/dd
ac_cv_prog_AWK=gawk
ac_cv_prog_CPP='gcc -E'
ac_cv_prog_ac_ct_AR=ar
ac_cv_prog_ac_ct_CC=gcc
ac_cv_prog_ac_ct_OBJDUMP=objdump
ac_cv_prog_ac_ct_RANLIB=ranlib
ac_cv_prog_ac_ct_STRIP=strip
ac_cv_prog_cc_c89=
ac_cv_prog_cc_g=yes
ac_cv_type_mode_t=yes
ac_cv_type_size_t=yes
ac_cv_working_alloca_h=yes
lt_cv_ar_at_file=@
lt_cv_archive_cmds_need_lc=no
lt_cv_deplibs_check_method=pass_all
lt_cv_file_magic_cmd='$MAGIC_CMD'
lt_cv_file_magic_test_file=
lt_cv_ld_reload_flag=-r
lt_cv_nm_interface='BSD nm'
lt_cv_objdir=.libs
lt_cv_path_LD=/usr/bin/ld
lt_cv_path_NM='/usr/bin/nm -B'
lt_cv_path_mainfest_tool=no
lt_cv_prog_compiler_c_o=yes
lt_cv_prog_compiler_pic='-fPIC -DPIC'
lt_cv_prog_compiler_pic_works=yes
lt_cv_prog_compiler_rtti_exceptions=no
lt_cv_prog_compiler_static_works=yes
lt_cv_prog_gnu_ld=yes
lt_cv_sharedlib_from_linklib_cmd='printf %s\n'
lt_cv_shlibpath_overrides_runpath=no
lt_cv_sys_global_symbol_pipe='sed -n -e '\''s/^.*[	 ]\([ABCDGIRSTW][ABCDGIRSTW]*\)[	 ][	 ]*\([_A-Za-z][_A-Za-z0-9]*\)$/\1 \2 \2/p'\'' | sed '\''/ __gnu_lto/d'\'''
lt_cv_sys_global_symbol_to_c_name_address='sed -n -e '\''s/^: \(.*\) .*$/  {"\1", (void *) 0},/p'\'' -e '\''s/^[ABCDGIRSTW][ABCDGIRSTW]* .* \(.*\)$/  {"\1", (void *) \&\1},/p'\'''
lt_cv_sys_global_symbol_to_c_name_address_lib_prefix='sed -n -e '\''s/^: \(.*\) .*$/  {"\1", (void *) 0},/p'\'' -e '\''s/^[ABCDGIRSTW][ABCDGIRSTW]* .* \(lib.*\)$/  {"\1", (void *) \&\1},/p'\'' -e '\''s/^[ABCDGIRSTW][ABCDGIRSTW]* .* \(.*\)$/  {"lib\1", (void *) \&\1},/p'\'''
lt_cv_sys_global_symbol_to_cdecl='sed -n -e '\''s/^T .* \(.*\)$/extern int \1();/p'\'' -e '\''s/^[ABCDGIRSTW][ABCDGIRSTW]* .* \(.*\)$/extern char \1;/p'\'''
lt_cv_sys_global_symbol_to_import=
lt_cv_sys_max_cmd_len=1572864
lt_cv_to_host_file_cmd=func_convert_file_noop
lt_cv_to_tool_file_cmd=func_convert_file_noop
lt_cv_truncate_bin='/bin/dd bs=4096 count=1'

## ----------------- ##
## Output variables. ##
## ----------------- ##

ALLOCA=''
AR='ar'
AWK='/tools/bin/awk'
CC='gcc'
CFLAGS='-g -O2'
CPP='gcc -E'
CPPFLAGS=''
DEFS='-DHAVE_CONFIG_H'
DLLTOOL='false'
DSYMUTIL=''
DUMPBIN=''
ECHO='/bin/echo'
ECHO_C=''
ECHO_N='-n'
ECHO_T=''
EGREP='/tools/bin/grep -E'
EXEEXT=''
FGREP='/tools/bin/grep -F'
GREP='/tools/bin/grep'
LD='/usr/bin/ld -m elf_x86_64'
LDFLAGS=''
LIBOBJS=''
LIBS=''
LIBTOOL='$(SHELL) $(top_builddir)/libtool'
LIPO=''
LN_S='ln -s'
LTLIBOBJS=''
LT_SYS_LIBRARY_PATH=''
MAKE='/tools/bin/gmake'
MAKEDEPEND='/bin/true'
MANIFEST_TOOL=':'
MSGFMT='/tools/bin/msgfmt'
MSGMERGE='/tools/bin/msgmerge'
NM='/usr/bin/nm -B'
NMEDIT=''
OBJDUMP='objdump'
OBJEXT='o'
OTOOL64=''
OTOOL=''
PACKAGE_BUGREPORT=''
PACKAGE_NAME=''
PACKAGE_STRING=''
PACKAGE_TARNAME=''
PACKAGE_URL=''
PACKAGE_VERSION=''
PATH_SEPARATOR=':'
RANLIB='ranlib'
RPM=''
RPMBUILD=''
SED='/tools/bin/sed'
SHELL='/bin/sh'
SORT='/tools/bin/sort'
STRIP='strip'
TAR='/tools/bin/tar'
XGETTEXT='/tools/bin/xgettext'
ZIP='/tools/bin/gzip'
ac_ct_AR='ar'
ac_ct_CC='gcc'
ac_ct_DUMPBIN=''
awk='/tools/bin/awk'
bindir='${exec_prefix}/bin'
build='x86_64-unknown-linux-gnu'
build_alias=''
build_cpu='x86_64'
build_os='linux-gnu'
build_vendor='unknown'
cc='gcc'
datadir='${datarootdir}'
datarootdir='${prefix}/share'
debug_build='-DDEBUG'
docdir='${datarootdir}/doc/${PACKAGE}'
dvidir='${docdir}'
echo='/bin/echo'
enable_gettext='yes'
enable_lib64='no'
enable_shared='yes'
exec_prefix='${prefix}'
have_zipped_manpages='false'
host='x86_64-unknown-linux-gnu'
host_alias=''
host_cpu='x86_64'
host_os='linux-gnu'
host_vendor='unknown'
htmldir='${docdir}'
includedir='${prefix}/include'
infodir='${datarootdir}/info'
libdir='${exec_prefix}/lib'
libdirsuffix=''
libexecdir='${exec_prefix}/libexec'
localedir='${datarootdir}/locale'
localstatedir='${prefix}/var'
make='/tools/bin/gmake'
makedepend='/bin/true'
malloc_lib=''
mandir='${datarootdir}/man'
msgfmt='/tools/bin/msgfmt'
msgmerge='/tools/bin/msgmerge'
oldincludedir='/usr/include'
opt_build='-g -O2'
pdfdir='${docdir}'
pkg_distribution='Linux'
pkg_group='root'
pkg_name='attr'
pkg_platform='linux'
pkg_release='0'
pkg_user='root'
pkg_version='2.4.47'
prefix='/usr'
program_transform_name='s,x,x,'
psdir='${docdir}'
rpm=''
rpm_version='0'
rpmbuild=''
sbindir='${exec_prefix}/sbin'
sed='/tools/bin/sed'
sharedstatedir='${prefix}/com'
sort='/tools/bin/sort'
sysconfdir='${prefix}/etc'
tar='/tools/bin/tar'
target_alias=''
xgettext='/tools/bin/xgettext'
zip='/tools/bin/gzip'

## ----------- ##
## confdefs.h. ##
## ----------- ##

/* confdefs.h */
#define PACKAGE_NAME ""
#define PACKAGE_TARNAME ""
#define PACKAGE_VERSION ""
#define PACKAGE_STRING ""
#define PACKAGE_BUGREPORT ""
#define PACKAGE_URL ""
#define STDC_HEADERS 1
#define HAVE_SYS_TYPES_H 1
#define HAVE_SYS_STAT_H 1
#define HAVE_STDLIB_H 1
#define HAVE_STRING_H 1
#define HAVE_MEMORY_H 1
#define HAVE_STRINGS_H 1
#define HAVE_INTTYPES_H 1
#define HAVE_STDINT_H 1
#define HAVE_UNISTD_H 1
#define HAVE_DLFCN_H 1
#define LT_OBJDIR ".libs/"
#define ENABLE_GETTEXT 1
#define HAVE_ALLOCA_H 1
#define HAVE_ALLOCA 1

configure: exit 0
