make[1]: Entering directory '/sources/automake-1.15.1/build'
 /tools/bin/mkdir -p '/usr/bin'
 /usr/bin/install -c bin/automake bin/aclocal '/usr/bin'
make  install-exec-hook
make[2]: Entering directory '/sources/automake-1.15.1/build'
 ln '/usr/bin/automake' '/usr/bin/automake-1.15'
 ln '/usr/bin/aclocal' '/usr/bin/aclocal-1.15'
make[2]: Leaving directory '/sources/automake-1.15.1/build'
 /tools/bin/mkdir -p '/usr/share/automake-1.15/am'
 /usr/bin/install -c -m 644 ../lib/am/check.am ../lib/am/check2.am ../lib/am/clean-hdr.am ../lib/am/clean.am ../lib/am/compile.am ../lib/am/configure.am ../lib/am/data.am ../lib/am/dejagnu.am ../lib/am/depend.am ../lib/am/depend2.am ../lib/am/distdir.am ../lib/am/footer.am ../lib/am/header-vars.am ../lib/am/header.am ../lib/am/install.am ../lib/am/inst-vars.am ../lib/am/java.am ../lib/am/lang-compile.am ../lib/am/lex.am ../lib/am/library.am ../lib/am/libs.am ../lib/am/libtool.am ../lib/am/lisp.am ../lib/am/ltlib.am ../lib/am/ltlibrary.am ../lib/am/mans-vars.am ../lib/am/mans.am ../lib/am/program.am ../lib/am/progs.am ../lib/am/python.am ../lib/am/remake-hdr.am ../lib/am/scripts.am ../lib/am/subdirs.am ../lib/am/tags.am ../lib/am/texi-vers.am ../lib/am/texibuild.am ../lib/am/texinfos.am ../lib/am/vala.am ../lib/am/yacc.am '/usr/share/automake-1.15/am'
 /tools/bin/mkdir -p '/usr/share/aclocal-1.15'
 /usr/bin/install -c -m 644 ../m4/amversion.m4 ../m4/ar-lib.m4 ../m4/as.m4 ../m4/auxdir.m4 ../m4/cond.m4 ../m4/cond-if.m4 ../m4/depend.m4 ../m4/depout.m4 ../m4/dmalloc.m4 ../m4/extra-recurs.m4 ../m4/gcj.m4 ../m4/init.m4 ../m4/install-sh.m4 ../m4/lead-dot.m4 ../m4/lex.m4 ../m4/lispdir.m4 ../m4/maintainer.m4 ../m4/make.m4 ../m4/missing.m4 ../m4/mkdirp.m4 ../m4/obsolete.m4 ../m4/options.m4 ../m4/python.m4 ../m4/prog-cc-c-o.m4 ../m4/runlog.m4 ../m4/sanity.m4 ../m4/silent.m4 ../m4/strip.m4 ../m4/substnot.m4 ../m4/tar.m4 ../m4/upc.m4 ../m4/vala.m4 '/usr/share/aclocal-1.15'
 /tools/bin/mkdir -p '/usr/share/aclocal-1.15/internal'
 /usr/bin/install -c -m 644 ../m4/internal/ac-config-macro-dirs.m4 '/usr/share/aclocal-1.15/internal'
 /tools/bin/mkdir -p '/usr/share/doc/automake-1.15.1'
 /usr/bin/install -c -m 644 ../doc/amhello-1.0.tar.gz '/usr/share/doc/automake-1.15.1'
 /tools/bin/mkdir -p '/usr/share/automake-1.15/Automake'
 /usr/bin/install -c -m 644 ../lib/Automake/ChannelDefs.pm ../lib/Automake/Channels.pm ../lib/Automake/Condition.pm ../lib/Automake/Configure_ac.pm ../lib/Automake/DisjConditions.pm ../lib/Automake/FileUtils.pm ../lib/Automake/General.pm ../lib/Automake/Getopt.pm ../lib/Automake/Item.pm ../lib/Automake/ItemDef.pm ../lib/Automake/Language.pm ../lib/Automake/Location.pm ../lib/Automake/Options.pm ../lib/Automake/Rule.pm ../lib/Automake/RuleDef.pm ../lib/Automake/Variable.pm ../lib/Automake/VarDef.pm ../lib/Automake/Version.pm ../lib/Automake/XFile.pm ../lib/Automake/Wrap.pm '/usr/share/automake-1.15/Automake'
 /tools/bin/mkdir -p '/usr/share/automake-1.15'
 /usr/bin/install -c -m 644 ../lib/COPYING ../lib/INSTALL ../lib/texinfo.tex '/usr/share/automake-1.15'
 /tools/bin/mkdir -p '/usr/share/automake-1.15'
 /usr/bin/install -c -m 644 ../lib/config.guess ../lib/config.sub ../lib/install-sh ../lib/mdate-sh ../lib/missing ../lib/mkinstalldirs ../lib/ylwrap ../lib/depcomp ../lib/compile ../lib/py-compile ../lib/ar-lib ../lib/test-driver ../lib/tap-driver.sh '/usr/share/automake-1.15'
 /tools/bin/mkdir -p '/usr/share/aclocal'
 /usr/bin/install -c -m 644 ../m4/acdir/README '/usr/share/aclocal'
 /tools/bin/mkdir -p '/usr/share/info'
 /usr/bin/install -c -m 644 ../doc/automake.info ../doc/automake.info-1 ../doc/automake.info-2 ../doc/automake-history.info '/usr/share/info'
 install-info --info-dir='/usr/share/info' '/usr/share/info/automake.info'
 install-info --info-dir='/usr/share/info' '/usr/share/info/automake-history.info'
install-info: warning: no info dir entry in `/usr/share/info/automake-history.info'
 /tools/bin/mkdir -p '/usr/share/man/man1'
 /usr/bin/install -c -m 644 doc/aclocal.1 doc/automake.1 doc/aclocal-1.15.1 doc/automake-1.15.1 '/usr/share/man/man1'
 /tools/bin/mkdir -p '/usr/share/automake-1.15/Automake'
 /usr/bin/install -c -m 644 lib/Automake/Config.pm '/usr/share/automake-1.15/Automake'
make  install-data-hook
make[2]: Entering directory '/sources/automake-1.15.1/build'
 chmod +x '/usr/share/automake-1.15/config.guess'
 chmod +x '/usr/share/automake-1.15/config.sub'
 chmod +x '/usr/share/automake-1.15/install-sh'
 chmod +x '/usr/share/automake-1.15/mdate-sh'
 chmod +x '/usr/share/automake-1.15/missing'
 chmod +x '/usr/share/automake-1.15/mkinstalldirs'
 chmod +x '/usr/share/automake-1.15/ylwrap'
 chmod +x '/usr/share/automake-1.15/depcomp'
 chmod +x '/usr/share/automake-1.15/compile'
 chmod +x '/usr/share/automake-1.15/py-compile'
 chmod +x '/usr/share/automake-1.15/ar-lib'
 chmod +x '/usr/share/automake-1.15/test-driver'
 chmod +x '/usr/share/automake-1.15/tap-driver.sh'
make[2]: Leaving directory '/sources/automake-1.15.1/build'
make[1]: Leaving directory '/sources/automake-1.15.1/build'
