checking for a BSD-compatible install... /usr/bin/install -c
checking whether build environment is sane... yes
checking for a thread-safe mkdir -p... /tools/bin/mkdir -p
checking for gawk... gawk
checking whether make sets $(MAKE)... yes
checking whether make supports nested variables... yes
checking for gcc... gcc
checking whether the C compiler works... yes
checking for C compiler default output file name... a.out
checking for suffix of executables... 
checking whether we are cross compiling... no
checking for suffix of object files... o
checking whether we are using the GNU C compiler... yes
checking whether gcc accepts -g... yes
checking for gcc option to accept ISO C89... none needed
checking whether gcc understands -c and -o together... yes
checking for style of include used by make... GNU
checking dependency style of gcc... gcc3
checking how to run the C preprocessor... gcc -E
checking for grep that handles long lines and -e... /tools/bin/grep
checking for egrep... /tools/bin/grep -E
checking for ANSI C header files... yes
checking for sys/types.h... yes
checking for sys/stat.h... yes
checking for stdlib.h... yes
checking for string.h... yes
checking for memory.h... yes
checking for strings.h... yes
checking for inttypes.h... yes
checking for stdint.h... yes
checking for unistd.h... yes
checking minix/config.h usability... no
checking minix/config.h presence... no
checking for minix/config.h... no
checking whether it is safe to define __EXTENSIONS__... yes
checking for flex... no
checking for lex... no
checking for ar... ar
checking the archiver (ar) interface... ar
checking for bison... bison -y
checking for ranlib... ranlib
checking whether make sets $(MAKE)... (cached) yes
checking for stdarg.h... yes
checking for stddef.h... yes
checking for stdlib.h... (cached) yes
checking for string.h... (cached) yes
checking for errno.h... yes
checking for limits.h... yes
checking for unistd.h... (cached) yes
checking for lib.h... no
checking for an ANSI C-conforming const... yes
checking for size_t... yes
checking for ptrdiff_t... yes
checking for vprintf... yes
checking for _doprnt... no
checking for isgraph... yes
checking for setvbuf... yes
checking for fstat... yes
checking for strtol... yes
checking for tparm in -lncurses... no
checking for tgetent in -ltermcap... no
checking for readline in -lreadline... yes
checking readline/readline.h usability... yes
checking readline/readline.h presence... yes
checking for readline/readline.h... yes
Using the readline library.
Adding GCC specific compile flags.
checking that generated files are newer than configure... done
configure: creating ./config.status
config.status: creating Makefile
config.status: creating bc/Makefile
config.status: creating dc/Makefile
config.status: creating lib/Makefile
config.status: creating doc/Makefile
config.status: creating doc/texi-ver.incl
config.status: creating config.h
config.status: executing depfiles commands
