make  all-recursive
make[1]: Entering directory '/sources/bc-1.07.1/build'
Making all in lib
make[2]: Entering directory '/sources/bc-1.07.1/build/lib'
gcc -DHAVE_CONFIG_H  -I. -I../../lib -I..  -I. -I.. -I../../lib/../h  -g -O2 -Wall -funsigned-char -g -O2 -Wall -funsigned-char -MT getopt.o -MD -MP -MF .deps/getopt.Tpo -c -o getopt.o ../../lib/getopt.c
mv -f .deps/getopt.Tpo .deps/getopt.Po
gcc -DHAVE_CONFIG_H  -I. -I../../lib -I..  -I. -I.. -I../../lib/../h  -g -O2 -Wall -funsigned-char -g -O2 -Wall -funsigned-char -MT getopt1.o -MD -MP -MF .deps/getopt1.Tpo -c -o getopt1.o ../../lib/getopt1.c
mv -f .deps/getopt1.Tpo .deps/getopt1.Po
gcc -DHAVE_CONFIG_H  -I. -I../../lib -I..  -I. -I.. -I../../lib/../h  -g -O2 -Wall -funsigned-char -g -O2 -Wall -funsigned-char -MT vfprintf.o -MD -MP -MF .deps/vfprintf.Tpo -c -o vfprintf.o ../../lib/vfprintf.c
mv -f .deps/vfprintf.Tpo .deps/vfprintf.Po
gcc -DHAVE_CONFIG_H  -I. -I../../lib -I..  -I. -I.. -I../../lib/../h  -g -O2 -Wall -funsigned-char -g -O2 -Wall -funsigned-char -MT number.o -MD -MP -MF .deps/number.Tpo -c -o number.o ../../lib/number.c
mv -f .deps/number.Tpo .deps/number.Po
rm -f libbc.a
ar cru libbc.a getopt.o getopt1.o vfprintf.o number.o 
ranlib libbc.a
make[2]: Leaving directory '/sources/bc-1.07.1/build/lib'
Making all in bc
make[2]: Entering directory '/sources/bc-1.07.1/build/bc'
gcc -DHAVE_CONFIG_H -I. -I../../bc -I..  -I../../bc -I../../bc/../h  -g -O2 -Wall -funsigned-char -g -O2 -Wall -funsigned-char -MT main.o -MD -MP -MF .deps/main.Tpo -c -o main.o ../../bc/main.c
mv -f .deps/main.Tpo .deps/main.Po
gcc -DHAVE_CONFIG_H -I. -I../../bc -I..  -I../../bc -I../../bc/../h  -g -O2 -Wall -funsigned-char -g -O2 -Wall -funsigned-char -MT bc.o -MD -MP -MF .deps/bc.Tpo -c -o bc.o ../../bc/bc.c
mv -f .deps/bc.Tpo .deps/bc.Po
gcc -DHAVE_CONFIG_H -I. -I../../bc -I..  -I../../bc -I../../bc/../h  -g -O2 -Wall -funsigned-char -g -O2 -Wall -funsigned-char -MT scan.o -MD -MP -MF .deps/scan.Tpo -c -o scan.o ../../bc/scan.c
mv -f .deps/scan.Tpo .deps/scan.Po
gcc -DHAVE_CONFIG_H -I. -I../../bc -I..  -I../../bc -I../../bc/../h  -g -O2 -Wall -funsigned-char -g -O2 -Wall -funsigned-char -MT execute.o -MD -MP -MF .deps/execute.Tpo -c -o execute.o ../../bc/execute.c
mv -f .deps/execute.Tpo .deps/execute.Po
gcc -DHAVE_CONFIG_H -I. -I../../bc -I..  -I../../bc -I../../bc/../h  -g -O2 -Wall -funsigned-char -g -O2 -Wall -funsigned-char -MT load.o -MD -MP -MF .deps/load.Tpo -c -o load.o ../../bc/load.c
mv -f .deps/load.Tpo .deps/load.Po
gcc -DHAVE_CONFIG_H -I. -I../../bc -I..  -I../../bc -I../../bc/../h  -g -O2 -Wall -funsigned-char -g -O2 -Wall -funsigned-char -MT storage.o -MD -MP -MF .deps/storage.Tpo -c -o storage.o ../../bc/storage.c
mv -f .deps/storage.Tpo .deps/storage.Po
gcc -DHAVE_CONFIG_H -I. -I../../bc -I..  -I../../bc -I../../bc/../h  -g -O2 -Wall -funsigned-char -g -O2 -Wall -funsigned-char -MT util.o -MD -MP -MF .deps/util.Tpo -c -o util.o ../../bc/util.c
mv -f .deps/util.Tpo .deps/util.Po
gcc -DHAVE_CONFIG_H -I. -I../../bc -I..  -I../../bc -I../../bc/../h  -g -O2 -Wall -funsigned-char -g -O2 -Wall -funsigned-char -MT warranty.o -MD -MP -MF .deps/warranty.Tpo -c -o warranty.o ../../bc/warranty.c
mv -f .deps/warranty.Tpo .deps/warranty.Po
echo '{0}' > libmath.h
make global.o
make[3]: Entering directory '/sources/bc-1.07.1/build/bc'
gcc -DHAVE_CONFIG_H -I. -I../../bc -I..  -I../../bc -I../../bc/../h  -g -O2 -Wall -funsigned-char -g -O2 -Wall -funsigned-char -MT global.o -MD -MP -MF .deps/global.Tpo -c -o global.o ../../bc/global.c
mv -f .deps/global.Tpo .deps/global.Po
make[3]: Leaving directory '/sources/bc-1.07.1/build/bc'
gcc -g -O2 -Wall -funsigned-char -g -O2 -Wall -funsigned-char   -o libmath.h -o fbc main.o bc.o scan.o execute.o load.o storage.o util.o warranty.o global.o ../lib/libbc.a  -lreadline  
./fbc -c ../../bc/libmath.b </dev/null >libmath.h
../../bc/fix-libmath_h
rm -f ./fbc ./global.o
gcc -DHAVE_CONFIG_H -I. -I../../bc -I..  -I../../bc -I../../bc/../h  -g -O2 -Wall -funsigned-char -g -O2 -Wall -funsigned-char -MT global.o -MD -MP -MF .deps/global.Tpo -c -o global.o ../../bc/global.c
mv -f .deps/global.Tpo .deps/global.Po
gcc -g -O2 -Wall -funsigned-char -g -O2 -Wall -funsigned-char   -o bc main.o bc.o scan.o execute.o load.o storage.o util.o global.o warranty.o ../lib/libbc.a  -lreadline  
make[2]: Leaving directory '/sources/bc-1.07.1/build/bc'
Making all in dc
make[2]: Entering directory '/sources/bc-1.07.1/build/dc'
gcc -DHAVE_CONFIG_H -I. -I../../dc -I..  -I../../dc/.. -I../../dc/../h  -g -O2 -Wall -funsigned-char -g -O2 -Wall -funsigned-char -MT dc.o -MD -MP -MF .deps/dc.Tpo -c -o dc.o ../../dc/dc.c
mv -f .deps/dc.Tpo .deps/dc.Po
gcc -DHAVE_CONFIG_H -I. -I../../dc -I..  -I../../dc/.. -I../../dc/../h  -g -O2 -Wall -funsigned-char -g -O2 -Wall -funsigned-char -MT misc.o -MD -MP -MF .deps/misc.Tpo -c -o misc.o ../../dc/misc.c
mv -f .deps/misc.Tpo .deps/misc.Po
gcc -DHAVE_CONFIG_H -I. -I../../dc -I..  -I../../dc/.. -I../../dc/../h  -g -O2 -Wall -funsigned-char -g -O2 -Wall -funsigned-char -MT eval.o -MD -MP -MF .deps/eval.Tpo -c -o eval.o ../../dc/eval.c
mv -f .deps/eval.Tpo .deps/eval.Po
gcc -DHAVE_CONFIG_H -I. -I../../dc -I..  -I../../dc/.. -I../../dc/../h  -g -O2 -Wall -funsigned-char -g -O2 -Wall -funsigned-char -MT stack.o -MD -MP -MF .deps/stack.Tpo -c -o stack.o ../../dc/stack.c
mv -f .deps/stack.Tpo .deps/stack.Po
gcc -DHAVE_CONFIG_H -I. -I../../dc -I..  -I../../dc/.. -I../../dc/../h  -g -O2 -Wall -funsigned-char -g -O2 -Wall -funsigned-char -MT array.o -MD -MP -MF .deps/array.Tpo -c -o array.o ../../dc/array.c
mv -f .deps/array.Tpo .deps/array.Po
gcc -DHAVE_CONFIG_H -I. -I../../dc -I..  -I../../dc/.. -I../../dc/../h  -g -O2 -Wall -funsigned-char -g -O2 -Wall -funsigned-char -MT numeric.o -MD -MP -MF .deps/numeric.Tpo -c -o numeric.o ../../dc/numeric.c
mv -f .deps/numeric.Tpo .deps/numeric.Po
gcc -DHAVE_CONFIG_H -I. -I../../dc -I..  -I../../dc/.. -I../../dc/../h  -g -O2 -Wall -funsigned-char -g -O2 -Wall -funsigned-char -MT string.o -MD -MP -MF .deps/string.Tpo -c -o string.o ../../dc/string.c
mv -f .deps/string.Tpo .deps/string.Po
gcc -g -O2 -Wall -funsigned-char -g -O2 -Wall -funsigned-char   -o dc dc.o misc.o eval.o stack.o array.o numeric.o string.o ../lib/libbc.a 
make[2]: Leaving directory '/sources/bc-1.07.1/build/dc'
Making all in doc
make[2]: Entering directory '/sources/bc-1.07.1/build/doc'
restore=: && backupdir=".am$$" && \
am__cwd=`pwd` && CDPATH="${ZSH_VERSION+.}:" && cd ../../doc && \
rm -rf $backupdir && mkdir $backupdir && \
if (makeinfo --no-split --version) >/dev/null 2>&1; then \
  for f in ../../doc/bc.info ../../doc/bc.info-[0-9] ../../doc/bc.info-[0-9][0-9] ../../doc/bc.i[0-9] ../../doc/bc.i[0-9][0-9]; do \
    if test -f $f; then mv $f $backupdir; restore=mv; else :; fi; \
  done; \
else :; fi && \
cd "$am__cwd"; \
if makeinfo --no-split   -I ../../doc \
 -o ../../doc/bc.info ../../doc/bc.texi; \
then \
  rc=0; \
  CDPATH="${ZSH_VERSION+.}:" && cd ../../doc; \
else \
  rc=$?; \
  CDPATH="${ZSH_VERSION+.}:" && cd ../../doc && \
  $restore $backupdir/* `echo "./../../doc/bc.info" | sed 's|[^/]*$||'`; \
fi; \
rm -rf $backupdir; exit $rc
restore=: && backupdir=".am$$" && \
am__cwd=`pwd` && CDPATH="${ZSH_VERSION+.}:" && cd ../../doc && \
rm -rf $backupdir && mkdir $backupdir && \
if (makeinfo --no-split --version) >/dev/null 2>&1; then \
  for f in ../../doc/dc.info ../../doc/dc.info-[0-9] ../../doc/dc.info-[0-9][0-9] ../../doc/dc.i[0-9] ../../doc/dc.i[0-9][0-9]; do \
    if test -f $f; then mv $f $backupdir; restore=mv; else :; fi; \
  done; \
else :; fi && \
cd "$am__cwd"; \
if makeinfo --no-split   -I ../../doc \
 -o ../../doc/dc.info ../../doc/dc.texi; \
then \
  rc=0; \
  CDPATH="${ZSH_VERSION+.}:" && cd ../../doc; \
else \
  rc=$?; \
  CDPATH="${ZSH_VERSION+.}:" && cd ../../doc && \
  $restore $backupdir/* `echo "./../../doc/dc.info" | sed 's|[^/]*$||'`; \
fi; \
rm -rf $backupdir; exit $rc
make[2]: Leaving directory '/sources/bc-1.07.1/build/doc'
make[2]: Entering directory '/sources/bc-1.07.1/build'
make[2]: Leaving directory '/sources/bc-1.07.1/build'
make[1]: Leaving directory '/sources/bc-1.07.1/build'
