This file contains any messages produced by compilers while
running configure, to aid debugging if configure makes a mistake.

It was created by biosdevname configure 0.7.2, which was
generated by GNU Autoconf 2.63.  Invocation command line was

  $ ../configure --prefix=/usr

## --------- ##
## Platform. ##
## --------- ##

hostname = localhost.localdomain
uname -m = x86_64
uname -r = 3.10.0-693.11.1.el7.x86_64
uname -s = Linux
uname -v = #1 SMP Mon Dec 4 23:52:40 UTC 2017

/usr/bin/uname -p = unknown
/bin/uname -X     = unknown

/bin/arch              = x86_64
/usr/bin/arch -k       = unknown
/usr/convex/getsysinfo = unknown
/usr/bin/hostinfo      = unknown
/bin/machine           = unknown
/usr/bin/oslevel       = unknown
/bin/universe          = unknown

PATH: /bin
PATH: /usr/bin
PATH: /sbin
PATH: /usr/sbin


## ----------- ##
## Core tests. ##
## ----------- ##

configure:1902: checking for gcc
configure:1918: found /usr/bin/gcc
configure:1929: result: gcc
configure:2161: checking for C compiler version
configure:2169: gcc --version >&5
gcc (GCC) 7.2.0
Copyright (C) 2017 Free Software Foundation, Inc.
This is free software; see the source for copying conditions.  There is NO
warranty; not even for MERCHANTABILITY or FITNESS FOR A PARTICULAR PURPOSE.

configure:2173: $? = 0
configure:2180: gcc -v >&5
Using built-in specs.
COLLECT_GCC=gcc
COLLECT_LTO_WRAPPER=/usr/libexec/gcc/x86_64-pc-linux-gnu/7.2.0/lto-wrapper
Target: x86_64-pc-linux-gnu
Configured with: ../configure --prefix=/usr --enable-languages=c,c++ --disable-multilib --disable-bootstrap --with-system-zlib
Thread model: posix
gcc version 7.2.0 (GCC) 
configure:2184: $? = 0
configure:2191: gcc -V >&5
gcc: error: unrecognized command line option '-V'
gcc: fatal error: no input files
compilation terminated.
configure:2195: $? = 1
configure:2218: checking for C compiler default output file name
configure:2240: gcc    conftest.c  >&5
configure:2244: $? = 0
configure:2282: result: a.out
configure:2301: checking whether the C compiler works
configure:2311: ./a.out
configure:2315: $? = 0
configure:2334: result: yes
configure:2341: checking whether we are cross compiling
configure:2343: result: no
configure:2346: checking for suffix of executables
configure:2353: gcc -o conftest    conftest.c  >&5
configure:2357: $? = 0
configure:2383: result: 
configure:2389: checking for suffix of object files
configure:2415: gcc -c   conftest.c >&5
configure:2419: $? = 0
configure:2444: result: o
configure:2448: checking whether we are using the GNU C compiler
configure:2477: gcc -c   conftest.c >&5
configure:2484: $? = 0
configure:2501: result: yes
configure:2510: checking whether gcc accepts -g
configure:2540: gcc -c -g  conftest.c >&5
configure:2547: $? = 0
configure:2648: result: yes
configure:2665: checking for gcc option to accept ISO C89
configure:2739: gcc  -c -g -O2  conftest.c >&5
configure:2746: $? = 0
configure:2769: result: none needed
configure:2793: checking how to run the C preprocessor
configure:2833: gcc -E  conftest.c
configure:2840: $? = 0
configure:2871: gcc -E  conftest.c
conftest.c:8:10: fatal error: ac_nonexistent.h: No such file or directory
 #include <ac_nonexistent.h>
          ^~~~~~~~~~~~~~~~~~
compilation terminated.
configure:2878: $? = 1
configure: failed program was:
| /* confdefs.h.  */
| #define PACKAGE_NAME "biosdevname"
| #define PACKAGE_TARNAME "biosdevname"
| #define PACKAGE_VERSION "0.7.2"
| #define PACKAGE_STRING "biosdevname 0.7.2"
| #define PACKAGE_BUGREPORT "Jordan_Hargrave@dell.com"
| /* end confdefs.h.  */
| #include <ac_nonexistent.h>
configure:2911: result: gcc -E
configure:2940: gcc -E  conftest.c
configure:2947: $? = 0
configure:2978: gcc -E  conftest.c
conftest.c:8:10: fatal error: ac_nonexistent.h: No such file or directory
 #include <ac_nonexistent.h>
          ^~~~~~~~~~~~~~~~~~
compilation terminated.
configure:2985: $? = 1
configure: failed program was:
| /* confdefs.h.  */
| #define PACKAGE_NAME "biosdevname"
| #define PACKAGE_TARNAME "biosdevname"
| #define PACKAGE_VERSION "0.7.2"
| #define PACKAGE_STRING "biosdevname 0.7.2"
| #define PACKAGE_BUGREPORT "Jordan_Hargrave@dell.com"
| /* end confdefs.h.  */
| #include <ac_nonexistent.h>
configure:3025: checking for grep that handles long lines and -e
configure:3085: result: /usr/bin/grep
configure:3090: checking for egrep
configure:3154: result: /usr/bin/grep -E
configure:3159: checking for ANSI C header files
configure:3189: gcc -c -g -O2  conftest.c >&5
configure:3196: $? = 0
configure:3295: gcc -o conftest -g -O2   conftest.c  >&5
configure:3299: $? = 0
configure:3305: ./conftest
configure:3309: $? = 0
configure:3327: result: yes
configure:3351: checking for sys/types.h
configure:3372: gcc -c -g -O2  conftest.c >&5
configure:3379: $? = 0
configure:3396: result: yes
configure:3351: checking for sys/stat.h
configure:3372: gcc -c -g -O2  conftest.c >&5
configure:3379: $? = 0
configure:3396: result: yes
configure:3351: checking for stdlib.h
configure:3372: gcc -c -g -O2  conftest.c >&5
configure:3379: $? = 0
configure:3396: result: yes
configure:3351: checking for string.h
configure:3372: gcc -c -g -O2  conftest.c >&5
configure:3379: $? = 0
configure:3396: result: yes
configure:3351: checking for memory.h
configure:3372: gcc -c -g -O2  conftest.c >&5
configure:3379: $? = 0
configure:3396: result: yes
configure:3351: checking for strings.h
configure:3372: gcc -c -g -O2  conftest.c >&5
configure:3379: $? = 0
configure:3396: result: yes
configure:3351: checking for inttypes.h
configure:3372: gcc -c -g -O2  conftest.c >&5
configure:3379: $? = 0
configure:3396: result: yes
configure:3351: checking for stdint.h
configure:3372: gcc -c -g -O2  conftest.c >&5
configure:3379: $? = 0
configure:3396: result: yes
configure:3351: checking for unistd.h
configure:3372: gcc -c -g -O2  conftest.c >&5
configure:3379: $? = 0
configure:3396: result: yes
configure:3421: checking minix/config.h usability
configure:3438: gcc -c -g -O2  conftest.c >&5
conftest.c:51:10: fatal error: minix/config.h: No such file or directory
 #include <minix/config.h>
          ^~~~~~~~~~~~~~~~
compilation terminated.
configure:3445: $? = 1
configure: failed program was:
| /* confdefs.h.  */
| #define PACKAGE_NAME "biosdevname"
| #define PACKAGE_TARNAME "biosdevname"
| #define PACKAGE_VERSION "0.7.2"
| #define PACKAGE_STRING "biosdevname 0.7.2"
| #define PACKAGE_BUGREPORT "Jordan_Hargrave@dell.com"
| #define STDC_HEADERS 1
| #define HAVE_SYS_TYPES_H 1
| #define HAVE_SYS_STAT_H 1
| #define HAVE_STDLIB_H 1
| #define HAVE_STRING_H 1
| #define HAVE_MEMORY_H 1
| #define HAVE_STRINGS_H 1
| #define HAVE_INTTYPES_H 1
| #define HAVE_STDINT_H 1
| #define HAVE_UNISTD_H 1
| /* end confdefs.h.  */
| #include <stdio.h>
| #ifdef HAVE_SYS_TYPES_H
| # include <sys/types.h>
| #endif
| #ifdef HAVE_SYS_STAT_H
| # include <sys/stat.h>
| #endif
| #ifdef STDC_HEADERS
| # include <stdlib.h>
| # include <stddef.h>
| #else
| # ifdef HAVE_STDLIB_H
| #  include <stdlib.h>
| # endif
| #endif
| #ifdef HAVE_STRING_H
| # if !defined STDC_HEADERS && defined HAVE_MEMORY_H
| #  include <memory.h>
| # endif
| # include <string.h>
| #endif
| #ifdef HAVE_STRINGS_H
| # include <strings.h>
| #endif
| #ifdef HAVE_INTTYPES_H
| # include <inttypes.h>
| #endif
| #ifdef HAVE_STDINT_H
| # include <stdint.h>
| #endif
| #ifdef HAVE_UNISTD_H
| # include <unistd.h>
| #endif
| #include <minix/config.h>
configure:3459: result: no
configure:3463: checking minix/config.h presence
configure:3478: gcc -E  conftest.c
conftest.c:18:10: fatal error: minix/config.h: No such file or directory
 #include <minix/config.h>
          ^~~~~~~~~~~~~~~~
compilation terminated.
configure:3485: $? = 1
configure: failed program was:
| /* confdefs.h.  */
| #define PACKAGE_NAME "biosdevname"
| #define PACKAGE_TARNAME "biosdevname"
| #define PACKAGE_VERSION "0.7.2"
| #define PACKAGE_STRING "biosdevname 0.7.2"
| #define PACKAGE_BUGREPORT "Jordan_Hargrave@dell.com"
| #define STDC_HEADERS 1
| #define HAVE_SYS_TYPES_H 1
| #define HAVE_SYS_STAT_H 1
| #define HAVE_STDLIB_H 1
| #define HAVE_STRING_H 1
| #define HAVE_MEMORY_H 1
| #define HAVE_STRINGS_H 1
| #define HAVE_INTTYPES_H 1
| #define HAVE_STDINT_H 1
| #define HAVE_UNISTD_H 1
| /* end confdefs.h.  */
| #include <minix/config.h>
configure:3499: result: no
configure:3532: checking for minix/config.h
configure:3539: result: no
configure:3570: checking whether it is safe to define __EXTENSIONS__
configure:3598: gcc -c -g -O2  conftest.c >&5
configure:3605: $? = 0
configure:3620: result: yes
configure:3695: checking for a BSD-compatible install
configure:3763: result: /usr/bin/install -c
configure:3774: checking whether build environment is sane
configure:3834: result: yes
configure:3975: checking for a thread-safe mkdir -p
configure:4014: result: /bin/mkdir -p
configure:4027: checking for gawk
configure:4043: found /usr/bin/gawk
configure:4054: result: gawk
configure:4065: checking whether make sets $(MAKE)
configure:4087: result: yes
configure:4117: checking for style of include used by make
configure:4145: result: GNU
configure:4232: checking dependency style of gcc
configure:4342: result: gcc3
configure:4359: checking whether to enable maintainer-specific portions of Makefiles
configure:4368: result: no
configure:4387: checking for gawk
configure:4414: result: gawk
configure:4473: checking for gcc
configure:4500: result: gcc
configure:4732: checking for C compiler version
configure:4740: gcc --version >&5
gcc (GCC) 7.2.0
Copyright (C) 2017 Free Software Foundation, Inc.
This is free software; see the source for copying conditions.  There is NO
warranty; not even for MERCHANTABILITY or FITNESS FOR A PARTICULAR PURPOSE.

configure:4744: $? = 0
configure:4751: gcc -v >&5
Using built-in specs.
COLLECT_GCC=gcc
COLLECT_LTO_WRAPPER=/usr/libexec/gcc/x86_64-pc-linux-gnu/7.2.0/lto-wrapper
Target: x86_64-pc-linux-gnu
Configured with: ../configure --prefix=/usr --enable-languages=c,c++ --disable-multilib --disable-bootstrap --with-system-zlib
Thread model: posix
gcc version 7.2.0 (GCC) 
configure:4755: $? = 0
configure:4762: gcc -V >&5
gcc: error: unrecognized command line option '-V'
gcc: fatal error: no input files
compilation terminated.
configure:4766: $? = 1
configure:4769: checking whether we are using the GNU C compiler
configure:4822: result: yes
configure:4831: checking whether gcc accepts -g
configure:4969: result: yes
configure:4986: checking for gcc option to accept ISO C89
configure:5090: result: none needed
configure:5109: checking whether gcc and cc understand -c and -o together
configure:5144: gcc -c conftest.c -o conftest2.o >&5
configure:5148: $? = 0
configure:5154: gcc -c conftest.c -o conftest2.o >&5
configure:5158: $? = 0
configure:5169: cc -c conftest.c >&5
configure:5173: $? = 0
configure:5181: cc -c conftest.c -o conftest2.o >&5
configure:5185: $? = 0
configure:5191: cc -c conftest.c -o conftest2.o >&5
configure:5195: $? = 0
configure:5213: result: yes
configure:5240: checking whether ln -s works
configure:5244: result: yes
configure:5309: checking for g++
configure:5325: found /usr/bin/g++
configure:5336: result: g++
configure:5363: checking for C++ compiler version
configure:5371: g++ --version >&5
g++ (GCC) 7.2.0
Copyright (C) 2017 Free Software Foundation, Inc.
This is free software; see the source for copying conditions.  There is NO
warranty; not even for MERCHANTABILITY or FITNESS FOR A PARTICULAR PURPOSE.

configure:5375: $? = 0
configure:5382: g++ -v >&5
Using built-in specs.
COLLECT_GCC=g++
COLLECT_LTO_WRAPPER=/usr/libexec/gcc/x86_64-pc-linux-gnu/7.2.0/lto-wrapper
Target: x86_64-pc-linux-gnu
Configured with: ../configure --prefix=/usr --enable-languages=c,c++ --disable-multilib --disable-bootstrap --with-system-zlib
Thread model: posix
gcc version 7.2.0 (GCC) 
configure:5386: $? = 0
configure:5393: g++ -V >&5
g++: error: unrecognized command line option '-V'
g++: fatal error: no input files
compilation terminated.
configure:5397: $? = 1
configure:5400: checking whether we are using the GNU C++ compiler
configure:5429: g++ -c   conftest.cpp >&5
configure:5436: $? = 0
configure:5453: result: yes
configure:5462: checking whether g++ accepts -g
configure:5492: g++ -c -g  conftest.cpp >&5
configure:5499: $? = 0
configure:5600: result: yes
configure:5625: checking dependency style of g++
configure:5735: result: gcc3
configure:5793: checking for ranlib
configure:5809: found /usr/bin/ranlib
configure:5820: result: ranlib
configure:5846: checking for readelf
configure:5862: found /usr/bin/readelf
configure:5873: result: readelf
configure:5888: checking for realpath
configure:5944: gcc -o conftest -g -O2   conftest.c  >&5
configure:5951: $? = 0
configure:5973: result: yes
configure:5987: checking for snprintf in -lc
configure:6022: gcc -o conftest -g -O2   conftest.c -lc   >&5
conftest.c:33:6: warning: conflicting types for built-in function 'snprintf' [-Wbuiltin-declaration-mismatch]
 char snprintf ();
      ^~~~~~~~
configure:6029: $? = 0
configure:6050: result: yes
configure:6062: checking for gzopen in -lz
configure:6097: gcc -o conftest -g -O2   conftest.c -lz  -lc  >&5
configure:6104: $? = 0
configure:6125: result: yes
configure:6135: checking for pci_alloc in -lpci
configure:6170: gcc -o conftest -g -O2   conftest.c -lpci -lz -lc  >&5
configure:6177: $? = 0
configure:6198: result: yes
configure:6210: checking for ANSI C header files
configure:6378: result: yes
configure:6388: checking for sys/wait.h that is POSIX.1 compatible
configure:6424: gcc -c -g -O2  conftest.c >&5
configure:6431: $? = 0
configure:6446: result: yes
configure:6482: checking fcntl.h usability
configure:6499: gcc -c -g -O2  conftest.c >&5
configure:6506: $? = 0
configure:6520: result: yes
configure:6524: checking fcntl.h presence
configure:6539: gcc -E  conftest.c
configure:6546: $? = 0
configure:6560: result: yes
configure:6593: checking for fcntl.h
configure:6602: result: yes
configure:6482: checking limits.h usability
configure:6499: gcc -c -g -O2  conftest.c >&5
configure:6506: $? = 0
configure:6520: result: yes
configure:6524: checking limits.h presence
configure:6539: gcc -E  conftest.c
configure:6546: $? = 0
configure:6560: result: yes
configure:6593: checking for limits.h
configure:6602: result: yes
configure:6482: checking locale.h usability
configure:6499: gcc -c -g -O2  conftest.c >&5
configure:6506: $? = 0
configure:6520: result: yes
configure:6524: checking locale.h presence
configure:6539: gcc -E  conftest.c
configure:6546: $? = 0
configure:6560: result: yes
configure:6593: checking for locale.h
configure:6602: result: yes
configure:6482: checking stddef.h usability
configure:6499: gcc -c -g -O2  conftest.c >&5
configure:6506: $? = 0
configure:6520: result: yes
configure:6524: checking stddef.h presence
configure:6539: gcc -E  conftest.c
configure:6546: $? = 0
configure:6560: result: yes
configure:6593: checking for stddef.h
configure:6602: result: yes
configure:6471: checking for stdint.h
configure:6478: result: yes
configure:6471: checking for stdlib.h
configure:6478: result: yes
configure:6471: checking for string.h
configure:6478: result: yes
configure:6482: checking sys/ioctl.h usability
configure:6499: gcc -c -g -O2  conftest.c >&5
configure:6506: $? = 0
configure:6520: result: yes
configure:6524: checking sys/ioctl.h presence
configure:6539: gcc -E  conftest.c
configure:6546: $? = 0
configure:6560: result: yes
configure:6593: checking for sys/ioctl.h
configure:6602: result: yes
configure:6482: checking sys/time.h usability
configure:6499: gcc -c -g -O2  conftest.c >&5
configure:6506: $? = 0
configure:6520: result: yes
configure:6524: checking sys/time.h presence
configure:6539: gcc -E  conftest.c
configure:6546: $? = 0
configure:6560: result: yes
configure:6593: checking for sys/time.h
configure:6602: result: yes
configure:6482: checking syslog.h usability
configure:6499: gcc -c -g -O2  conftest.c >&5
configure:6506: $? = 0
configure:6520: result: yes
configure:6524: checking syslog.h presence
configure:6539: gcc -E  conftest.c
configure:6546: $? = 0
configure:6560: result: yes
configure:6593: checking for syslog.h
configure:6602: result: yes
configure:6471: checking for unistd.h
configure:6478: result: yes
configure:6627: checking pci/pci.h usability
configure:6644: gcc -c -g -O2  conftest.c >&5
configure:6651: $? = 0
configure:6665: result: yes
configure:6669: checking pci/pci.h presence
configure:6684: gcc -E  conftest.c
configure:6691: $? = 0
configure:6705: result: yes
configure:6738: checking for pci/pci.h
configure:6745: result: yes
configure:6768: checking zlib.h usability
configure:6785: gcc -c -g -O2  conftest.c >&5
configure:6792: $? = 0
configure:6806: result: yes
configure:6810: checking zlib.h presence
configure:6825: gcc -E  conftest.c
configure:6832: $? = 0
configure:6846: result: yes
configure:6879: checking for zlib.h
configure:6886: result: yes
configure:6901: checking for struct pci_dev.domain
configure:6930: gcc -c -g -O2  conftest.c >&5
configure:6937: $? = 0
configure:6996: result: yes
configure:7009: checking for an ANSI C-conforming const
configure:7084: gcc -c -g -O2  conftest.c >&5
configure:7091: $? = 0
configure:7106: result: yes
configure:7116: checking for inline
configure:7142: gcc -c -g -O2  conftest.c >&5
configure:7149: $? = 0
configure:7167: result: inline
configure:7186: checking for off_t
configure:7214: gcc -c -g -O2  conftest.c >&5
configure:7221: $? = 0
configure:7248: gcc -c -g -O2  conftest.c >&5
conftest.c: In function 'main':
conftest.c:77:20: error: expected expression before ')' token
 if (sizeof ((off_t)))
                    ^
configure:7255: $? = 1
configure: failed program was:
| /* confdefs.h.  */
| #define PACKAGE_NAME "biosdevname"
| #define PACKAGE_TARNAME "biosdevname"
| #define PACKAGE_VERSION "0.7.2"
| #define PACKAGE_STRING "biosdevname 0.7.2"
| #define PACKAGE_BUGREPORT "Jordan_Hargrave@dell.com"
| #define STDC_HEADERS 1
| #define HAVE_SYS_TYPES_H 1
| #define HAVE_SYS_STAT_H 1
| #define HAVE_STDLIB_H 1
| #define HAVE_STRING_H 1
| #define HAVE_MEMORY_H 1
| #define HAVE_STRINGS_H 1
| #define HAVE_INTTYPES_H 1
| #define HAVE_STDINT_H 1
| #define HAVE_UNISTD_H 1
| #define __EXTENSIONS__ 1
| #define _ALL_SOURCE 1
| #define _GNU_SOURCE 1
| #define _POSIX_PTHREAD_SEMANTICS 1
| #define _TANDEM_SOURCE 1
| #define PACKAGE "biosdevname"
| #define VERSION "0.7.2"
| #define HAVE_REALPATH 1
| #define HAVE_LIBC 1
| #define STDC_HEADERS 1
| #define HAVE_SYS_WAIT_H 1
| #define HAVE_FCNTL_H 1
| #define HAVE_LIMITS_H 1
| #define HAVE_LOCALE_H 1
| #define HAVE_STDDEF_H 1
| #define HAVE_STDINT_H 1
| #define HAVE_STDLIB_H 1
| #define HAVE_STRING_H 1
| #define HAVE_SYS_IOCTL_H 1
| #define HAVE_SYS_TIME_H 1
| #define HAVE_SYSLOG_H 1
| #define HAVE_UNISTD_H 1
| #define HAVE_STRUCT_PCI_DEV_DOMAIN 1
| /* end confdefs.h.  */
| #include <stdio.h>
| #ifdef HAVE_SYS_TYPES_H
| # include <sys/types.h>
| #endif
| #ifdef HAVE_SYS_STAT_H
| # include <sys/stat.h>
| #endif
| #ifdef STDC_HEADERS
| # include <stdlib.h>
| # include <stddef.h>
| #else
| # ifdef HAVE_STDLIB_H
| #  include <stdlib.h>
| # endif
| #endif
| #ifdef HAVE_STRING_H
| # if !defined STDC_HEADERS && defined HAVE_MEMORY_H
| #  include <memory.h>
| # endif
| # include <string.h>
| #endif
| #ifdef HAVE_STRINGS_H
| # include <strings.h>
| #endif
| #ifdef HAVE_INTTYPES_H
| # include <inttypes.h>
| #endif
| #ifdef HAVE_STDINT_H
| # include <stdint.h>
| #endif
| #ifdef HAVE_UNISTD_H
| # include <unistd.h>
| #endif
| int
| main ()
| {
| if (sizeof ((off_t)))
| 	  return 0;
|   ;
|   return 0;
| }
configure:7278: result: yes
configure:7290: checking for size_t
configure:7318: gcc -c -g -O2  conftest.c >&5
configure:7325: $? = 0
configure:7352: gcc -c -g -O2  conftest.c >&5
conftest.c: In function 'main':
conftest.c:77:21: error: expected expression before ')' token
 if (sizeof ((size_t)))
                     ^
configure:7359: $? = 1
configure: failed program was:
| /* confdefs.h.  */
| #define PACKAGE_NAME "biosdevname"
| #define PACKAGE_TARNAME "biosdevname"
| #define PACKAGE_VERSION "0.7.2"
| #define PACKAGE_STRING "biosdevname 0.7.2"
| #define PACKAGE_BUGREPORT "Jordan_Hargrave@dell.com"
| #define STDC_HEADERS 1
| #define HAVE_SYS_TYPES_H 1
| #define HAVE_SYS_STAT_H 1
| #define HAVE_STDLIB_H 1
| #define HAVE_STRING_H 1
| #define HAVE_MEMORY_H 1
| #define HAVE_STRINGS_H 1
| #define HAVE_INTTYPES_H 1
| #define HAVE_STDINT_H 1
| #define HAVE_UNISTD_H 1
| #define __EXTENSIONS__ 1
| #define _ALL_SOURCE 1
| #define _GNU_SOURCE 1
| #define _POSIX_PTHREAD_SEMANTICS 1
| #define _TANDEM_SOURCE 1
| #define PACKAGE "biosdevname"
| #define VERSION "0.7.2"
| #define HAVE_REALPATH 1
| #define HAVE_LIBC 1
| #define STDC_HEADERS 1
| #define HAVE_SYS_WAIT_H 1
| #define HAVE_FCNTL_H 1
| #define HAVE_LIMITS_H 1
| #define HAVE_LOCALE_H 1
| #define HAVE_STDDEF_H 1
| #define HAVE_STDINT_H 1
| #define HAVE_STDLIB_H 1
| #define HAVE_STRING_H 1
| #define HAVE_SYS_IOCTL_H 1
| #define HAVE_SYS_TIME_H 1
| #define HAVE_SYSLOG_H 1
| #define HAVE_UNISTD_H 1
| #define HAVE_STRUCT_PCI_DEV_DOMAIN 1
| /* end confdefs.h.  */
| #include <stdio.h>
| #ifdef HAVE_SYS_TYPES_H
| # include <sys/types.h>
| #endif
| #ifdef HAVE_SYS_STAT_H
| # include <sys/stat.h>
| #endif
| #ifdef STDC_HEADERS
| # include <stdlib.h>
| # include <stddef.h>
| #else
| # ifdef HAVE_STDLIB_H
| #  include <stdlib.h>
| # endif
| #endif
| #ifdef HAVE_STRING_H
| # if !defined STDC_HEADERS && defined HAVE_MEMORY_H
| #  include <memory.h>
| # endif
| # include <string.h>
| #endif
| #ifdef HAVE_STRINGS_H
| # include <strings.h>
| #endif
| #ifdef HAVE_INTTYPES_H
| # include <inttypes.h>
| #endif
| #ifdef HAVE_STDINT_H
| # include <stdint.h>
| #endif
| #ifdef HAVE_UNISTD_H
| # include <unistd.h>
| #endif
| int
| main ()
| {
| if (sizeof ((size_t)))
| 	  return 0;
|   ;
|   return 0;
| }
configure:7382: result: yes
configure:7394: checking for ssize_t
configure:7422: gcc -c -g -O2  conftest.c >&5
configure:7429: $? = 0
configure:7456: gcc -c -g -O2  conftest.c >&5
conftest.c: In function 'main':
conftest.c:77:22: error: expected expression before ')' token
 if (sizeof ((ssize_t)))
                      ^
configure:7463: $? = 1
configure: failed program was:
| /* confdefs.h.  */
| #define PACKAGE_NAME "biosdevname"
| #define PACKAGE_TARNAME "biosdevname"
| #define PACKAGE_VERSION "0.7.2"
| #define PACKAGE_STRING "biosdevname 0.7.2"
| #define PACKAGE_BUGREPORT "Jordan_Hargrave@dell.com"
| #define STDC_HEADERS 1
| #define HAVE_SYS_TYPES_H 1
| #define HAVE_SYS_STAT_H 1
| #define HAVE_STDLIB_H 1
| #define HAVE_STRING_H 1
| #define HAVE_MEMORY_H 1
| #define HAVE_STRINGS_H 1
| #define HAVE_INTTYPES_H 1
| #define HAVE_STDINT_H 1
| #define HAVE_UNISTD_H 1
| #define __EXTENSIONS__ 1
| #define _ALL_SOURCE 1
| #define _GNU_SOURCE 1
| #define _POSIX_PTHREAD_SEMANTICS 1
| #define _TANDEM_SOURCE 1
| #define PACKAGE "biosdevname"
| #define VERSION "0.7.2"
| #define HAVE_REALPATH 1
| #define HAVE_LIBC 1
| #define STDC_HEADERS 1
| #define HAVE_SYS_WAIT_H 1
| #define HAVE_FCNTL_H 1
| #define HAVE_LIMITS_H 1
| #define HAVE_LOCALE_H 1
| #define HAVE_STDDEF_H 1
| #define HAVE_STDINT_H 1
| #define HAVE_STDLIB_H 1
| #define HAVE_STRING_H 1
| #define HAVE_SYS_IOCTL_H 1
| #define HAVE_SYS_TIME_H 1
| #define HAVE_SYSLOG_H 1
| #define HAVE_UNISTD_H 1
| #define HAVE_STRUCT_PCI_DEV_DOMAIN 1
| /* end confdefs.h.  */
| #include <stdio.h>
| #ifdef HAVE_SYS_TYPES_H
| # include <sys/types.h>
| #endif
| #ifdef HAVE_SYS_STAT_H
| # include <sys/stat.h>
| #endif
| #ifdef STDC_HEADERS
| # include <stdlib.h>
| # include <stddef.h>
| #else
| # ifdef HAVE_STDLIB_H
| #  include <stdlib.h>
| # endif
| #endif
| #ifdef HAVE_STRING_H
| # if !defined STDC_HEADERS && defined HAVE_MEMORY_H
| #  include <memory.h>
| # endif
| # include <string.h>
| #endif
| #ifdef HAVE_STRINGS_H
| # include <strings.h>
| #endif
| #ifdef HAVE_INTTYPES_H
| # include <inttypes.h>
| #endif
| #ifdef HAVE_STDINT_H
| # include <stdint.h>
| #endif
| #ifdef HAVE_UNISTD_H
| # include <unistd.h>
| #endif
| int
| main ()
| {
| if (sizeof ((ssize_t)))
| 	  return 0;
|   ;
|   return 0;
| }
configure:7486: result: yes
configure:7499: checking for uint8_t
configure:7530: gcc -c -g -O2  conftest.c >&5
configure:7537: $? = 0
configure:7558: result: yes
configure:7576: checking for uint16_t
configure:7607: gcc -c -g -O2  conftest.c >&5
configure:7614: $? = 0
configure:7635: result: yes
configure:7648: checking whether time.h and sys/time.h may both be included
configure:7678: gcc -c -g -O2  conftest.c >&5
configure:7685: $? = 0
configure:7700: result: yes
configure:7710: checking whether struct tm is in sys/time.h or time.h
configure:7740: gcc -c -g -O2  conftest.c >&5
configure:7747: $? = 0
configure:7762: result: time.h
configure:7776: checking for working alloca.h
configure:7803: gcc -o conftest -g -O2   conftest.c -lc  >&5
configure:7810: $? = 0
configure:7830: result: yes
configure:7840: checking for alloca
configure:7887: gcc -o conftest -g -O2   conftest.c -lc  >&5
configure:7894: $? = 0
configure:7914: result: yes
configure:8151: checking for pid_t
configure:8179: gcc -c -g -O2  conftest.c >&5
configure:8186: $? = 0
configure:8213: gcc -c -g -O2  conftest.c >&5
conftest.c: In function 'main':
conftest.c:80:20: error: expected expression before ')' token
 if (sizeof ((pid_t)))
                    ^
configure:8220: $? = 1
configure: failed program was:
| /* confdefs.h.  */
| #define PACKAGE_NAME "biosdevname"
| #define PACKAGE_TARNAME "biosdevname"
| #define PACKAGE_VERSION "0.7.2"
| #define PACKAGE_STRING "biosdevname 0.7.2"
| #define PACKAGE_BUGREPORT "Jordan_Hargrave@dell.com"
| #define STDC_HEADERS 1
| #define HAVE_SYS_TYPES_H 1
| #define HAVE_SYS_STAT_H 1
| #define HAVE_STDLIB_H 1
| #define HAVE_STRING_H 1
| #define HAVE_MEMORY_H 1
| #define HAVE_STRINGS_H 1
| #define HAVE_INTTYPES_H 1
| #define HAVE_STDINT_H 1
| #define HAVE_UNISTD_H 1
| #define __EXTENSIONS__ 1
| #define _ALL_SOURCE 1
| #define _GNU_SOURCE 1
| #define _POSIX_PTHREAD_SEMANTICS 1
| #define _TANDEM_SOURCE 1
| #define PACKAGE "biosdevname"
| #define VERSION "0.7.2"
| #define HAVE_REALPATH 1
| #define HAVE_LIBC 1
| #define STDC_HEADERS 1
| #define HAVE_SYS_WAIT_H 1
| #define HAVE_FCNTL_H 1
| #define HAVE_LIMITS_H 1
| #define HAVE_LOCALE_H 1
| #define HAVE_STDDEF_H 1
| #define HAVE_STDINT_H 1
| #define HAVE_STDLIB_H 1
| #define HAVE_STRING_H 1
| #define HAVE_SYS_IOCTL_H 1
| #define HAVE_SYS_TIME_H 1
| #define HAVE_SYSLOG_H 1
| #define HAVE_UNISTD_H 1
| #define HAVE_STRUCT_PCI_DEV_DOMAIN 1
| #define TIME_WITH_SYS_TIME 1
| #define HAVE_ALLOCA_H 1
| #define HAVE_ALLOCA 1
| /* end confdefs.h.  */
| #include <stdio.h>
| #ifdef HAVE_SYS_TYPES_H
| # include <sys/types.h>
| #endif
| #ifdef HAVE_SYS_STAT_H
| # include <sys/stat.h>
| #endif
| #ifdef STDC_HEADERS
| # include <stdlib.h>
| # include <stddef.h>
| #else
| # ifdef HAVE_STDLIB_H
| #  include <stdlib.h>
| # endif
| #endif
| #ifdef HAVE_STRING_H
| # if !defined STDC_HEADERS && defined HAVE_MEMORY_H
| #  include <memory.h>
| # endif
| # include <string.h>
| #endif
| #ifdef HAVE_STRINGS_H
| # include <strings.h>
| #endif
| #ifdef HAVE_INTTYPES_H
| # include <inttypes.h>
| #endif
| #ifdef HAVE_STDINT_H
| # include <stdint.h>
| #endif
| #ifdef HAVE_UNISTD_H
| # include <unistd.h>
| #endif
| int
| main ()
| {
| if (sizeof ((pid_t)))
| 	  return 0;
|   ;
|   return 0;
| }
configure:8243: result: yes
configure:8271: checking vfork.h usability
configure:8288: gcc -c -g -O2  conftest.c >&5
conftest.c:77:10: fatal error: vfork.h: No such file or directory
 #include <vfork.h>
          ^~~~~~~~~
compilation terminated.
configure:8295: $? = 1
configure: failed program was:
| /* confdefs.h.  */
| #define PACKAGE_NAME "biosdevname"
| #define PACKAGE_TARNAME "biosdevname"
| #define PACKAGE_VERSION "0.7.2"
| #define PACKAGE_STRING "biosdevname 0.7.2"
| #define PACKAGE_BUGREPORT "Jordan_Hargrave@dell.com"
| #define STDC_HEADERS 1
| #define HAVE_SYS_TYPES_H 1
| #define HAVE_SYS_STAT_H 1
| #define HAVE_STDLIB_H 1
| #define HAVE_STRING_H 1
| #define HAVE_MEMORY_H 1
| #define HAVE_STRINGS_H 1
| #define HAVE_INTTYPES_H 1
| #define HAVE_STDINT_H 1
| #define HAVE_UNISTD_H 1
| #define __EXTENSIONS__ 1
| #define _ALL_SOURCE 1
| #define _GNU_SOURCE 1
| #define _POSIX_PTHREAD_SEMANTICS 1
| #define _TANDEM_SOURCE 1
| #define PACKAGE "biosdevname"
| #define VERSION "0.7.2"
| #define HAVE_REALPATH 1
| #define HAVE_LIBC 1
| #define STDC_HEADERS 1
| #define HAVE_SYS_WAIT_H 1
| #define HAVE_FCNTL_H 1
| #define HAVE_LIMITS_H 1
| #define HAVE_LOCALE_H 1
| #define HAVE_STDDEF_H 1
| #define HAVE_STDINT_H 1
| #define HAVE_STDLIB_H 1
| #define HAVE_STRING_H 1
| #define HAVE_SYS_IOCTL_H 1
| #define HAVE_SYS_TIME_H 1
| #define HAVE_SYSLOG_H 1
| #define HAVE_UNISTD_H 1
| #define HAVE_STRUCT_PCI_DEV_DOMAIN 1
| #define TIME_WITH_SYS_TIME 1
| #define HAVE_ALLOCA_H 1
| #define HAVE_ALLOCA 1
| /* end confdefs.h.  */
| #include <stdio.h>
| #ifdef HAVE_SYS_TYPES_H
| # include <sys/types.h>
| #endif
| #ifdef HAVE_SYS_STAT_H
| # include <sys/stat.h>
| #endif
| #ifdef STDC_HEADERS
| # include <stdlib.h>
| # include <stddef.h>
| #else
| # ifdef HAVE_STDLIB_H
| #  include <stdlib.h>
| # endif
| #endif
| #ifdef HAVE_STRING_H
| # if !defined STDC_HEADERS && defined HAVE_MEMORY_H
| #  include <memory.h>
| # endif
| # include <string.h>
| #endif
| #ifdef HAVE_STRINGS_H
| # include <strings.h>
| #endif
| #ifdef HAVE_INTTYPES_H
| # include <inttypes.h>
| #endif
| #ifdef HAVE_STDINT_H
| # include <stdint.h>
| #endif
| #ifdef HAVE_UNISTD_H
| # include <unistd.h>
| #endif
| #include <vfork.h>
configure:8309: result: no
configure:8313: checking vfork.h presence
configure:8328: gcc -E  conftest.c
conftest.c:44:10: fatal error: vfork.h: No such file or directory
 #include <vfork.h>
          ^~~~~~~~~
compilation terminated.
configure:8335: $? = 1
configure: failed program was:
| /* confdefs.h.  */
| #define PACKAGE_NAME "biosdevname"
| #define PACKAGE_TARNAME "biosdevname"
| #define PACKAGE_VERSION "0.7.2"
| #define PACKAGE_STRING "biosdevname 0.7.2"
| #define PACKAGE_BUGREPORT "Jordan_Hargrave@dell.com"
| #define STDC_HEADERS 1
| #define HAVE_SYS_TYPES_H 1
| #define HAVE_SYS_STAT_H 1
| #define HAVE_STDLIB_H 1
| #define HAVE_STRING_H 1
| #define HAVE_MEMORY_H 1
| #define HAVE_STRINGS_H 1
| #define HAVE_INTTYPES_H 1
| #define HAVE_STDINT_H 1
| #define HAVE_UNISTD_H 1
| #define __EXTENSIONS__ 1
| #define _ALL_SOURCE 1
| #define _GNU_SOURCE 1
| #define _POSIX_PTHREAD_SEMANTICS 1
| #define _TANDEM_SOURCE 1
| #define PACKAGE "biosdevname"
| #define VERSION "0.7.2"
| #define HAVE_REALPATH 1
| #define HAVE_LIBC 1
| #define STDC_HEADERS 1
| #define HAVE_SYS_WAIT_H 1
| #define HAVE_FCNTL_H 1
| #define HAVE_LIMITS_H 1
| #define HAVE_LOCALE_H 1
| #define HAVE_STDDEF_H 1
| #define HAVE_STDINT_H 1
| #define HAVE_STDLIB_H 1
| #define HAVE_STRING_H 1
| #define HAVE_SYS_IOCTL_H 1
| #define HAVE_SYS_TIME_H 1
| #define HAVE_SYSLOG_H 1
| #define HAVE_UNISTD_H 1
| #define HAVE_STRUCT_PCI_DEV_DOMAIN 1
| #define TIME_WITH_SYS_TIME 1
| #define HAVE_ALLOCA_H 1
| #define HAVE_ALLOCA 1
| /* end confdefs.h.  */
| #include <vfork.h>
configure:8349: result: no
configure:8382: checking for vfork.h
configure:8391: result: no
configure:8411: checking for fork
configure:8467: gcc -o conftest -g -O2   conftest.c -lc  >&5
conftest.c:67:6: warning: conflicting types for built-in function 'fork' [-Wbuiltin-declaration-mismatch]
 char fork ();
      ^~~~
configure:8474: $? = 0
configure:8496: result: yes
configure:8411: checking for vfork
configure:8467: gcc -o conftest -g -O2   conftest.c -lc  >&5
configure:8474: $? = 0
configure:8496: result: yes
configure:8509: checking for working fork
configure:8541: gcc -o conftest -g -O2   conftest.c -lc  >&5
configure:8545: $? = 0
configure:8551: ./conftest
configure:8555: $? = 0
configure:8572: result: yes
configure:8593: checking for working vfork
configure:8734: result: yes
configure:8766: checking whether gcc needs -traditional
configure:8808: result: no
configure:8820: checking for stdlib.h
configure:8827: result: yes
configure:8966: checking for GNU libc compatible malloc
configure:9000: gcc -o conftest -g -O2   conftest.c -lc  >&5
configure:9004: $? = 0
configure:9010: ./conftest
configure:9014: $? = 0
configure:9031: result: yes
configure:9059: checking for working memcmp
configure:9112: gcc -o conftest -g -O2   conftest.c -lc  >&5
configure:9116: $? = 0
configure:9122: ./conftest
configure:9126: $? = 0
configure:9143: result: yes
configure:9158: checking for stdlib.h
configure:9165: result: yes
configure:9158: checking for unistd.h
configure:9165: result: yes
configure:9308: checking for getpagesize
configure:9364: gcc -o conftest -g -O2   conftest.c -lc  >&5
configure:9371: $? = 0
configure:9393: result: yes
configure:9405: checking for working mmap
configure:9552: gcc -o conftest -g -O2   conftest.c -lc  >&5
configure:9556: $? = 0
configure:9562: ./conftest
configure:9566: $? = 0
configure:9583: result: yes
configure:9599: checking for stdlib.h
configure:9606: result: yes
configure:9745: checking for GNU libc compatible realloc
configure:9779: gcc -o conftest -g -O2   conftest.c -lc  >&5
configure:9783: $? = 0
configure:9789: ./conftest
configure:9793: $? = 0
configure:9810: result: yes
configure:9855: checking sys/select.h usability
configure:9872: gcc -c -g -O2  conftest.c >&5
configure:9879: $? = 0
configure:9893: result: yes
configure:9897: checking sys/select.h presence
configure:9912: gcc -E  conftest.c
configure:9919: $? = 0
configure:9933: result: yes
configure:9966: checking for sys/select.h
configure:9975: result: yes
configure:9855: checking sys/socket.h usability
configure:9872: gcc -c -g -O2  conftest.c >&5
configure:9879: $? = 0
configure:9893: result: yes
configure:9897: checking sys/socket.h presence
configure:9912: gcc -E  conftest.c
configure:9919: $? = 0
configure:9933: result: yes
configure:9966: checking for sys/socket.h
configure:9975: result: yes
configure:9990: checking types of arguments for select
configure:10028: gcc -c -g -O2  conftest.c >&5
configure:10035: $? = 0
configure:10056: result: int,fd_set *,struct timeval *
configure:10079: checking whether lstat dereferences a symlink specified with a trailing slash
configure:10115: gcc -o conftest -g -O2   conftest.c -lc  >&5
configure:10119: $? = 0
configure:10125: ./conftest
configure:10129: $? = 0
configure:10153: result: yes
configure:10172: checking whether stat accepts an empty string
configure:10202: gcc -o conftest -g -O2   conftest.c -lc  >&5
configure:10206: $? = 0
configure:10212: ./conftest
configure:10216: $? = 0
configure:10233: result: no
configure:10253: checking for vprintf
configure:10309: gcc -o conftest -g -O2   conftest.c -lc  >&5
conftest.c:85:6: warning: conflicting types for built-in function 'vprintf' [-Wbuiltin-declaration-mismatch]
 char vprintf ();
      ^~~~~~~
configure:10316: $? = 0
configure:10338: result: yes
configure:10347: checking for _doprnt
configure:10403: gcc -o conftest -g -O2   conftest.c -lc  >&5
/tmp/ccQE9j31.o: In function `main':
/lfskernel/sources/boot/biosdevname-0.7.2/build/conftest.c:97: undefined reference to `_doprnt'
collect2: error: ld returned 1 exit status
configure:10410: $? = 1
configure: failed program was:
| /* confdefs.h.  */
| #define PACKAGE_NAME "biosdevname"
| #define PACKAGE_TARNAME "biosdevname"
| #define PACKAGE_VERSION "0.7.2"
| #define PACKAGE_STRING "biosdevname 0.7.2"
| #define PACKAGE_BUGREPORT "Jordan_Hargrave@dell.com"
| #define STDC_HEADERS 1
| #define HAVE_SYS_TYPES_H 1
| #define HAVE_SYS_STAT_H 1
| #define HAVE_STDLIB_H 1
| #define HAVE_STRING_H 1
| #define HAVE_MEMORY_H 1
| #define HAVE_STRINGS_H 1
| #define HAVE_INTTYPES_H 1
| #define HAVE_STDINT_H 1
| #define HAVE_UNISTD_H 1
| #define __EXTENSIONS__ 1
| #define _ALL_SOURCE 1
| #define _GNU_SOURCE 1
| #define _POSIX_PTHREAD_SEMANTICS 1
| #define _TANDEM_SOURCE 1
| #define PACKAGE "biosdevname"
| #define VERSION "0.7.2"
| #define HAVE_REALPATH 1
| #define HAVE_LIBC 1
| #define STDC_HEADERS 1
| #define HAVE_SYS_WAIT_H 1
| #define HAVE_FCNTL_H 1
| #define HAVE_LIMITS_H 1
| #define HAVE_LOCALE_H 1
| #define HAVE_STDDEF_H 1
| #define HAVE_STDINT_H 1
| #define HAVE_STDLIB_H 1
| #define HAVE_STRING_H 1
| #define HAVE_SYS_IOCTL_H 1
| #define HAVE_SYS_TIME_H 1
| #define HAVE_SYSLOG_H 1
| #define HAVE_UNISTD_H 1
| #define HAVE_STRUCT_PCI_DEV_DOMAIN 1
| #define TIME_WITH_SYS_TIME 1
| #define HAVE_ALLOCA_H 1
| #define HAVE_ALLOCA 1
| #define HAVE_FORK 1
| #define HAVE_VFORK 1
| #define HAVE_WORKING_VFORK 1
| #define HAVE_WORKING_FORK 1
| #define HAVE_STDLIB_H 1
| #define HAVE_MALLOC 1
| #define HAVE_STDLIB_H 1
| #define HAVE_UNISTD_H 1
| #define HAVE_GETPAGESIZE 1
| #define HAVE_MMAP 1
| #define HAVE_STDLIB_H 1
| #define HAVE_REALLOC 1
| #define HAVE_SYS_SELECT_H 1
| #define HAVE_SYS_SOCKET_H 1
| #define SELECT_TYPE_ARG1 int
| #define SELECT_TYPE_ARG234 (fd_set *)
| #define SELECT_TYPE_ARG5 (struct timeval *)
| #define LSTAT_FOLLOWS_SLASHED_SYMLINK 1
| #define HAVE_VPRINTF 1
| /* end confdefs.h.  */
| /* Define _doprnt to an innocuous variant, in case <limits.h> declares _doprnt.
|    For example, HP-UX 11i <limits.h> declares gettimeofday.  */
| #define _doprnt innocuous__doprnt
| 
| /* System header to define __stub macros and hopefully few prototypes,
|     which can conflict with char _doprnt (); below.
|     Prefer <limits.h> to <assert.h> if __STDC__ is defined, since
|     <limits.h> exists even on freestanding compilers.  */
| 
| #ifdef __STDC__
| # include <limits.h>
| #else
| # include <assert.h>
| #endif
| 
| #undef _doprnt
| 
| /* Override any GCC internal prototype to avoid an error.
|    Use char because int might match the return type of a GCC
|    builtin and then its argument prototype would still apply.  */
| #ifdef __cplusplus
| extern "C"
| #endif
| char _doprnt ();
| /* The GNU C library defines this for functions which it implements
|     to always fail with ENOSYS.  Some functions are actually named
|     something starting with __ and the normal name is an alias.  */
| #if defined __stub__doprnt || defined __stub____doprnt
| choke me
| #endif
| 
| int
| main ()
| {
| return _doprnt ();
|   ;
|   return 0;
| }
configure:10430: result: no
configure:10463: checking for dup2
configure:10519: gcc -o conftest -g -O2   conftest.c -lc  >&5
configure:10526: $? = 0
configure:10548: result: yes
configure:10463: checking for gettimeofday
configure:10519: gcc -o conftest -g -O2   conftest.c -lc  >&5
configure:10526: $? = 0
configure:10548: result: yes
configure:10463: checking for memset
configure:10519: gcc -o conftest -g -O2   conftest.c -lc  >&5
conftest.c:88:6: warning: conflicting types for built-in function 'memset' [-Wbuiltin-declaration-mismatch]
 char memset ();
      ^~~~~~
configure:10526: $? = 0
configure:10548: result: yes
configure:10463: checking for munmap
configure:10519: gcc -o conftest -g -O2   conftest.c -lc  >&5
configure:10526: $? = 0
configure:10548: result: yes
configure:10463: checking for select
configure:10519: gcc -o conftest -g -O2   conftest.c -lc  >&5
configure:10526: $? = 0
configure:10548: result: yes
configure:10463: checking for socket
configure:10519: gcc -o conftest -g -O2   conftest.c -lc  >&5
configure:10526: $? = 0
configure:10548: result: yes
configure:10463: checking for strcasecmp
configure:10519: gcc -o conftest -g -O2   conftest.c -lc  >&5
conftest.c:92:6: warning: conflicting types for built-in function 'strcasecmp' [-Wbuiltin-declaration-mismatch]
 char strcasecmp ();
      ^~~~~~~~~~
configure:10526: $? = 0
configure:10548: result: yes
configure:10463: checking for strchr
configure:10519: gcc -o conftest -g -O2   conftest.c -lc  >&5
conftest.c:93:6: warning: conflicting types for built-in function 'strchr' [-Wbuiltin-declaration-mismatch]
 char strchr ();
      ^~~~~~
configure:10526: $? = 0
configure:10548: result: yes
configure:10463: checking for strdup
configure:10519: gcc -o conftest -g -O2   conftest.c -lc  >&5
conftest.c:94:6: warning: conflicting types for built-in function 'strdup' [-Wbuiltin-declaration-mismatch]
 char strdup ();
      ^~~~~~
configure:10526: $? = 0
configure:10548: result: yes
configure:10463: checking for strerror
configure:10519: gcc -o conftest -g -O2   conftest.c -lc  >&5
configure:10526: $? = 0
configure:10548: result: yes
configure:10463: checking for strncasecmp
configure:10519: gcc -o conftest -g -O2   conftest.c -lc  >&5
conftest.c:96:6: warning: conflicting types for built-in function 'strncasecmp' [-Wbuiltin-declaration-mismatch]
 char strncasecmp ();
      ^~~~~~~~~~~
configure:10526: $? = 0
configure:10548: result: yes
configure:10463: checking for strpbrk
configure:10519: gcc -o conftest -g -O2   conftest.c -lc  >&5
conftest.c:97:6: warning: conflicting types for built-in function 'strpbrk' [-Wbuiltin-declaration-mismatch]
 char strpbrk ();
      ^~~~~~~
configure:10526: $? = 0
configure:10548: result: yes
configure:10463: checking for strrchr
configure:10519: gcc -o conftest -g -O2   conftest.c -lc  >&5
conftest.c:98:6: warning: conflicting types for built-in function 'strrchr' [-Wbuiltin-declaration-mismatch]
 char strrchr ();
      ^~~~~~~
configure:10526: $? = 0
configure:10548: result: yes
configure:10463: checking for strstr
configure:10519: gcc -o conftest -g -O2   conftest.c -lc  >&5
conftest.c:99:6: warning: conflicting types for built-in function 'strstr' [-Wbuiltin-declaration-mismatch]
 char strstr ();
      ^~~~~~
configure:10526: $? = 0
configure:10548: result: yes
configure:10463: checking for strtol
configure:10519: gcc -o conftest -g -O2   conftest.c -lc  >&5
configure:10526: $? = 0
configure:10548: result: yes
configure:10463: checking for strtoul
configure:10519: gcc -o conftest -g -O2   conftest.c -lc  >&5
configure:10526: $? = 0
configure:10548: result: yes
configure:10725: creating ./config.status

## ---------------------- ##
## Running config.status. ##
## ---------------------- ##

This file was extended by biosdevname config.status 0.7.2, which was
generated by GNU Autoconf 2.63.  Invocation command line was

  CONFIG_FILES    = 
  CONFIG_HEADERS  = 
  CONFIG_LINKS    = 
  CONFIG_COMMANDS = 
  $ ./config.status 

on localhost.localdomain

config.status:848: creating Makefile
config.status:848: creating biosdevname.spec.fedora
config.status:848: creating biosdevname.spec.suse
config.status:848: creating src/bios_dev_name.h
config.status:848: creating config.h
config.status:1115: executing depfiles commands

## ---------------- ##
## Cache variables. ##
## ---------------- ##

ac_cv_c_compiler_gnu=yes
ac_cv_c_const=yes
ac_cv_c_inline=inline
ac_cv_c_uint16_t=yes
ac_cv_c_uint8_t=yes
ac_cv_cxx_compiler_gnu=yes
ac_cv_env_CCC_set=
ac_cv_env_CCC_value=
ac_cv_env_CC_set=
ac_cv_env_CC_value=
ac_cv_env_CFLAGS_set=
ac_cv_env_CFLAGS_value=
ac_cv_env_CPPFLAGS_set=
ac_cv_env_CPPFLAGS_value=
ac_cv_env_CPP_set=
ac_cv_env_CPP_value=
ac_cv_env_CXXFLAGS_set=
ac_cv_env_CXXFLAGS_value=
ac_cv_env_CXX_set=
ac_cv_env_CXX_value=
ac_cv_env_LDFLAGS_set=
ac_cv_env_LDFLAGS_value=
ac_cv_env_LIBS_set=
ac_cv_env_LIBS_value=
ac_cv_env_build_alias_set=
ac_cv_env_build_alias_value=
ac_cv_env_host_alias_set=
ac_cv_env_host_alias_value=
ac_cv_env_target_alias_set=
ac_cv_env_target_alias_value=
ac_cv_func__doprnt=no
ac_cv_func_alloca_works=yes
ac_cv_func_dup2=yes
ac_cv_func_fork=yes
ac_cv_func_fork_works=yes
ac_cv_func_getpagesize=yes
ac_cv_func_gettimeofday=yes
ac_cv_func_lstat_dereferences_slashed_symlink=yes
ac_cv_func_malloc_0_nonnull=yes
ac_cv_func_memcmp_working=yes
ac_cv_func_memset=yes
ac_cv_func_mmap_fixed_mapped=yes
ac_cv_func_munmap=yes
ac_cv_func_realloc_0_nonnull=yes
ac_cv_func_realpath=yes
ac_cv_func_select=yes
ac_cv_func_select_args='int,fd_set *,struct timeval *'
ac_cv_func_socket=yes
ac_cv_func_stat_empty_string_bug=no
ac_cv_func_strcasecmp=yes
ac_cv_func_strchr=yes
ac_cv_func_strdup=yes
ac_cv_func_strerror=yes
ac_cv_func_strncasecmp=yes
ac_cv_func_strpbrk=yes
ac_cv_func_strrchr=yes
ac_cv_func_strstr=yes
ac_cv_func_strtol=yes
ac_cv_func_strtoul=yes
ac_cv_func_vfork=yes
ac_cv_func_vfork_works=yes
ac_cv_func_vprintf=yes
ac_cv_header_fcntl_h=yes
ac_cv_header_inttypes_h=yes
ac_cv_header_limits_h=yes
ac_cv_header_locale_h=yes
ac_cv_header_memory_h=yes
ac_cv_header_minix_config_h=no
ac_cv_header_pci_pci_h=yes
ac_cv_header_stdc=yes
ac_cv_header_stddef_h=yes
ac_cv_header_stdint_h=yes
ac_cv_header_stdlib_h=yes
ac_cv_header_string_h=yes
ac_cv_header_strings_h=yes
ac_cv_header_sys_ioctl_h=yes
ac_cv_header_sys_select_h=yes
ac_cv_header_sys_socket_h=yes
ac_cv_header_sys_stat_h=yes
ac_cv_header_sys_time_h=yes
ac_cv_header_sys_types_h=yes
ac_cv_header_sys_wait_h=yes
ac_cv_header_syslog_h=yes
ac_cv_header_time=yes
ac_cv_header_unistd_h=yes
ac_cv_header_vfork_h=no
ac_cv_header_zlib_h=yes
ac_cv_lib_c_snprintf=yes
ac_cv_lib_pci_pci_alloc=yes
ac_cv_lib_z_gzopen=yes
ac_cv_member_struct_pci_dev_domain=yes
ac_cv_objext=o
ac_cv_path_EGREP='/usr/bin/grep -E'
ac_cv_path_GREP=/usr/bin/grep
ac_cv_path_install='/usr/bin/install -c'
ac_cv_path_mkdir=/bin/mkdir
ac_cv_prog_AWK=gawk
ac_cv_prog_CPP='gcc -E'
ac_cv_prog_READELF=readelf
ac_cv_prog_ac_ct_CC=gcc
ac_cv_prog_ac_ct_CXX=g++
ac_cv_prog_ac_ct_RANLIB=ranlib
ac_cv_prog_cc_c89=
ac_cv_prog_cc_g=yes
ac_cv_prog_cc_gcc_c_o=yes
ac_cv_prog_cxx_g=yes
ac_cv_prog_gcc_traditional=no
ac_cv_prog_make_make_set=yes
ac_cv_safe_to_define___extensions__=yes
ac_cv_struct_tm=time.h
ac_cv_type_off_t=yes
ac_cv_type_pid_t=yes
ac_cv_type_size_t=yes
ac_cv_type_ssize_t=yes
ac_cv_working_alloca_h=yes
am_cv_CC_dependencies_compiler_type=gcc3
am_cv_CXX_dependencies_compiler_type=gcc3

## ----------------- ##
## Output variables. ##
## ----------------- ##

ACLOCAL='${SHELL} /lfskernel/sources/boot/biosdevname-0.7.2/missing --run aclocal-1.11'
ALLOCA=''
AMDEPBACKSLASH='\'
AMDEP_FALSE='#'
AMDEP_TRUE=''
AMTAR='${SHELL} /lfskernel/sources/boot/biosdevname-0.7.2/missing --run tar'
AUTOCONF='${SHELL} /lfskernel/sources/boot/biosdevname-0.7.2/missing --run autoconf'
AUTOHEADER='${SHELL} /lfskernel/sources/boot/biosdevname-0.7.2/missing --run autoheader'
AUTOMAKE='${SHELL} /lfskernel/sources/boot/biosdevname-0.7.2/missing --run automake-1.11'
AWK='gawk'
CC='gcc'
CCDEPMODE='depmode=gcc3'
CFLAGS='-g -O2'
CPP='gcc -E'
CPPFLAGS=''
CXX='g++'
CXXDEPMODE='depmode=gcc3'
CXXFLAGS='-g -O2'
CYGPATH_W='echo'
DEFS='-DHAVE_CONFIG_H'
DEPDIR='.deps'
ECHO_C=''
ECHO_N='-n'
ECHO_T=''
EGREP='/usr/bin/grep -E'
EXEEXT=''
GREP='/usr/bin/grep'
INSTALL_DATA='${INSTALL} -m 644'
INSTALL_PROGRAM='${INSTALL}'
INSTALL_SCRIPT='${INSTALL}'
INSTALL_STRIP_PROGRAM='$(install_sh) -c -s'
LDFLAGS=''
LIBOBJS=''
LIBS='-lc '
LN_S='ln -s'
LTLIBOBJS=''
MAINT='#'
MAINTAINER_MODE_FALSE=''
MAINTAINER_MODE_TRUE='#'
MAKEINFO='${SHELL} /lfskernel/sources/boot/biosdevname-0.7.2/missing --run makeinfo'
MKDIR_P='/bin/mkdir -p'
OBJEXT='o'
PACKAGE='biosdevname'
PACKAGE_BUGREPORT='Jordan_Hargrave@dell.com'
PACKAGE_NAME='biosdevname'
PACKAGE_STRING='biosdevname 0.7.2'
PACKAGE_TARNAME='biosdevname'
PACKAGE_VERSION='0.7.2'
PATH_SEPARATOR=':'
RANLIB='ranlib'
READELF='readelf'
RULEDEST='/lib/udev/rules.d/71-biosdevname.rules'
RULEDIR='/lib/udev/rules.d'
SET_MAKE=''
SHELL='/bin/sh'
STRIP=''
VERSION='0.7.2'
ac_ct_CC='gcc'
ac_ct_CXX='g++'
am__EXEEXT_FALSE=''
am__EXEEXT_TRUE='#'
am__fastdepCC_FALSE='#'
am__fastdepCC_TRUE=''
am__fastdepCXX_FALSE='#'
am__fastdepCXX_TRUE=''
am__include='include'
am__isrc=' -I$(srcdir)'
am__leading_dot='.'
am__quote=''
am__tar='${AMTAR} chof - "$$tardir"'
am__untar='${AMTAR} xf -'
bindir='${exec_prefix}/bin'
build_alias=''
datadir='${datarootdir}'
datarootdir='${prefix}/share'
docdir='${datarootdir}/doc/${PACKAGE_TARNAME}'
dvidir='${docdir}'
exec_prefix='${prefix}'
host_alias=''
htmldir='${docdir}'
includedir='${prefix}/include'
infodir='${datarootdir}/info'
install_sh='${SHELL} /lfskernel/sources/boot/biosdevname-0.7.2/install-sh'
libdir='${exec_prefix}/lib'
libexecdir='${exec_prefix}/libexec'
localedir='${datarootdir}/locale'
localstatedir='${prefix}/var'
mandir='${datarootdir}/man'
mkdir_p='/bin/mkdir -p'
oldincludedir='/usr/include'
pdfdir='${docdir}'
prefix='/usr'
program_transform_name='s,x,x,'
psdir='${docdir}'
sbindir='${exec_prefix}/sbin'
sharedstatedir='${prefix}/com'
sysconfdir='${prefix}/etc'
target_alias=''

## ----------- ##
## confdefs.h. ##
## ----------- ##

#define PACKAGE_NAME "biosdevname"
#define PACKAGE_TARNAME "biosdevname"
#define PACKAGE_VERSION "0.7.2"
#define PACKAGE_STRING "biosdevname 0.7.2"
#define PACKAGE_BUGREPORT "Jordan_Hargrave@dell.com"
#define STDC_HEADERS 1
#define HAVE_SYS_TYPES_H 1
#define HAVE_SYS_STAT_H 1
#define HAVE_STDLIB_H 1
#define HAVE_STRING_H 1
#define HAVE_MEMORY_H 1
#define HAVE_STRINGS_H 1
#define HAVE_INTTYPES_H 1
#define HAVE_STDINT_H 1
#define HAVE_UNISTD_H 1
#define __EXTENSIONS__ 1
#define _ALL_SOURCE 1
#define _GNU_SOURCE 1
#define _POSIX_PTHREAD_SEMANTICS 1
#define _TANDEM_SOURCE 1
#define PACKAGE "biosdevname"
#define VERSION "0.7.2"
#define HAVE_REALPATH 1
#define HAVE_LIBC 1
#define STDC_HEADERS 1
#define HAVE_SYS_WAIT_H 1
#define HAVE_FCNTL_H 1
#define HAVE_LIMITS_H 1
#define HAVE_LOCALE_H 1
#define HAVE_STDDEF_H 1
#define HAVE_STDINT_H 1
#define HAVE_STDLIB_H 1
#define HAVE_STRING_H 1
#define HAVE_SYS_IOCTL_H 1
#define HAVE_SYS_TIME_H 1
#define HAVE_SYSLOG_H 1
#define HAVE_UNISTD_H 1
#define HAVE_STRUCT_PCI_DEV_DOMAIN 1
#define TIME_WITH_SYS_TIME 1
#define HAVE_ALLOCA_H 1
#define HAVE_ALLOCA 1
#define HAVE_FORK 1
#define HAVE_VFORK 1
#define HAVE_WORKING_VFORK 1
#define HAVE_WORKING_FORK 1
#define HAVE_STDLIB_H 1
#define HAVE_MALLOC 1
#define HAVE_STDLIB_H 1
#define HAVE_UNISTD_H 1
#define HAVE_GETPAGESIZE 1
#define HAVE_MMAP 1
#define HAVE_STDLIB_H 1
#define HAVE_REALLOC 1
#define HAVE_SYS_SELECT_H 1
#define HAVE_SYS_SOCKET_H 1
#define SELECT_TYPE_ARG1 int
#define SELECT_TYPE_ARG234 (fd_set *)
#define SELECT_TYPE_ARG5 (struct timeval *)
#define LSTAT_FOLLOWS_SLASHED_SYMLINK 1
#define HAVE_VPRINTF 1
#define HAVE_DUP2 1
#define HAVE_GETTIMEOFDAY 1
#define HAVE_MEMSET 1
#define HAVE_MUNMAP 1
#define HAVE_SELECT 1
#define HAVE_SOCKET 1
#define HAVE_STRCASECMP 1
#define HAVE_STRCHR 1
#define HAVE_STRDUP 1
#define HAVE_STRERROR 1
#define HAVE_STRNCASECMP 1
#define HAVE_STRPBRK 1
#define HAVE_STRRCHR 1
#define HAVE_STRSTR 1
#define HAVE_STRTOL 1
#define HAVE_STRTOUL 1

configure: exit 0
