  GEN      examples/extracted.stamp
extexi:  GEN examples/rpcalc/rpcalc.y
extexi:  GEN examples/mfcalc/mfcalc.y
extexi:  GEN examples/mfcalc/calc.h
extexi:  GEN examples/calc++/calc++-driver.hh
extexi:  GEN examples/calc++/calc++-driver.cc
extexi:  GEN examples/calc++/calc++-parser.yy
extexi:  GEN examples/calc++/calc++-scanner.ll
extexi:  GEN examples/calc++/calc++.cc
  GEN      lib/alloca.h
  GEN      lib/configmake.h
  GEN      lib/c++defs.h
  GEN      lib/arg-nonnull.h
  GEN      lib/warn-on-use.h
  GEN      lib/fcntl.h
  GEN      lib/inttypes.h
  GEN      lib/math.h
  GEN      lib/signal.h
  GEN      lib/spawn.h
  GEN      lib/stdio.h
  GEN      lib/stdlib.h
  GEN      lib/string.h
  GEN      lib/sys/stat.h
  GEN      lib/sys/time.h
  GEN      lib/sys/types.h
  GEN      lib/sys/wait.h
  GEN      lib/time.h
  GEN      lib/unistd.h
  GEN      lib/unitypes.h
  GEN      lib/uniwidth.h
  GEN      lib/wchar.h
  GEN      lib/wctype.h
make  all-recursive
make[1]: Entering directory '/sources/bison-3.0.4/build'
Making all in po
make[2]: Entering directory '/sources/bison-3.0.4/build/po'
make[2]: Nothing to be done for 'all'.
make[2]: Leaving directory '/sources/bison-3.0.4/build/po'
Making all in runtime-po
make[2]: Entering directory '/sources/bison-3.0.4/build/runtime-po'
make[2]: Nothing to be done for 'all'.
make[2]: Leaving directory '/sources/bison-3.0.4/build/runtime-po'
Making all in .
make[2]: Entering directory '/sources/bison-3.0.4/build'
  CC       src/bison-AnnotationList.o
  CC       src/bison-InadequacyList.o
  CC       src/bison-LR0.o
  CC       src/bison-Sbitset.o
  CC       src/bison-assoc.o
  CC       src/bison-closure.o
  CC       src/bison-complain.o
  CC       src/bison-conflicts.o
  CC       src/bison-derives.o
  CC       src/bison-files.o
  CC       src/bison-getargs.o
  CC       src/bison-gram.o
  CC       src/bison-graphviz.o
  CC       src/bison-lalr.o
  CC       src/bison-ielr.o
  CC       src/bison-location.o
  CC       src/bison-main.o
  CC       src/bison-muscle-tab.o
  CC       src/bison-named-ref.o
  CC       src/bison-nullable.o
  CC       src/bison-output.o
  CC       src/bison-parse-gram.o
  CC       src/bison-print-xml.o
  CC       src/bison-print.o
  CC       src/bison-print_graph.o
  CC       src/bison-reader.o
  CC       src/bison-reduce.o
  CC       src/bison-relation.o
  CC       src/bison-scan-code-c.o
  CC       src/bison-scan-gram-c.o
  CC       src/bison-scan-skel-c.o
  CC       src/bison-state.o
  CC       src/bison-symlist.o
  CC       src/bison-symtab.o
  CC       src/bison-tables.o
  CC       src/bison-uniqstr.o
  CC       lib/argmatch.o
  CC       lib/binary-io.o
  CC       lib/bitrotate.o
  CC       lib/c-ctype.o
  CC       lib/c-strcasecmp.o
  CC       lib/c-strncasecmp.o
  CC       lib/cloexec.o
  CC       lib/close-stream.o
  CC       lib/closeout.o
  CC       lib/concat-filename.o
  CC       lib/dirname.o
  CC       lib/basename.o
  CC       lib/dirname-lgpl.o
  CC       lib/basename-lgpl.o
  CC       lib/stripslash.o
  CC       lib/exitfail.o
  CC       lib/fatal-signal.o
  CC       lib/fd-hook.o
  CC       lib/fd-safer-flag.o
  CC       lib/dup-safer-flag.o
  CC       lib/fopen-safer.o
  CC       lib/hash.o
  CC       lib/localcharset.o
  CC       lib/glthread/lock.o
  CC       lib/math.o
  CC       lib/mbswidth.o
  CC       lib/pipe2.o
  CC       lib/pipe2-safer.o
  CC       lib/printf-frexp.o
  CC       lib/printf-frexpl.o
  CC       lib/progname.o
  CC       lib/quotearg.o
  CC       lib/sig-handler.o
  CC       lib/spawn-pipe.o
  CC       lib/glthread/threadlib.o
  CC       lib/unistd.o
  CC       lib/dup-safer.o
  CC       lib/fd-safer.o
  CC       lib/pipe-safer.o
  CC       lib/uniwidth/width.o
  CC       lib/wait-process.o
  CC       lib/wctype-h.o
  CC       lib/xmalloc.o
  CC       lib/xalloc-die.o
  CC       lib/xconcat-filename.o
  CC       lib/xsize.o
  CC       lib/xstrndup.o
  CC       lib/abitset.o
  CC       lib/bitset.o
  CC       lib/bitset_stats.o
  CC       lib/bitsetv.o
  CC       lib/ebitset.o
  CC       lib/lbitset.o
  CC       lib/vbitset.o
  CC       lib/bitsetv-print.o
  CC       lib/timevar.o
  CC       lib/get-errno.o
  CC       lib/asnprintf.o
  CC       lib/fcntl.o
  CC       lib/fprintf.o
  CC       lib/fseterr.o
  CC       lib/isnand.o
  CC       lib/isnanf.o
  CC       lib/isnanl.o
  CC       lib/obstack.o
  CC       lib/printf.o
  CC       lib/printf-args.o
  CC       lib/printf-parse.o
  CC       lib/snprintf.o
  CC       lib/sprintf.o
  CC       lib/strerror_r.o
  CC       lib/vasnprintf.o
  CC       lib/vfprintf.o
  CC       lib/vsnprintf.o
  CC       lib/vsprintf.o
  CC       lib/xmemdup0.o
  AR       lib/libbison.a
  CCLD     src/bison
  GEN      ../doc/bison.help
  CC       lib/main.o
  CC       lib/yyerror.o
  AR       lib/liby.a
  GEN      src/yacc
  GEN      lib/charset.alias
  GEN      lib/ref-add.sed
  GEN      lib/ref-del.sed
make[2]: Leaving directory '/sources/bison-3.0.4/build'
make[1]: Leaving directory '/sources/bison-3.0.4/build'
