This file contains any messages produced by compilers while
running configure, to aid debugging if configure makes a mistake.

It was created by bridge-utils configure 1.6, which was
generated by GNU Autoconf 2.69.  Invocation command line was

  $ ./configure --prefix=/usr

## --------- ##
## Platform. ##
## --------- ##

hostname = localhost.localdomain
uname -m = x86_64
uname -r = 3.10.0-693.11.1.el7.x86_64
uname -s = Linux
uname -v = #1 SMP Mon Dec 4 23:52:40 UTC 2017

/usr/bin/uname -p = unknown
/bin/uname -X     = unknown

/bin/arch              = x86_64
/usr/bin/arch -k       = unknown
/usr/convex/getsysinfo = unknown
/usr/bin/hostinfo      = unknown
/bin/machine           = unknown
/usr/bin/oslevel       = unknown
/bin/universe          = unknown

PATH: /bin
PATH: /usr/bin
PATH: /sbin
PATH: /usr/sbin
PATH: /usr/local/bin


## ----------- ##
## Core tests. ##
## ----------- ##

configure:2150: checking for gcc
configure:2166: found /usr/bin/gcc
configure:2177: result: gcc
configure:2406: checking for C compiler version
configure:2415: gcc --version >&5
gcc (GCC) 7.2.0
Copyright (C) 2017 Free Software Foundation, Inc.
This is free software; see the source for copying conditions.  There is NO
warranty; not even for MERCHANTABILITY or FITNESS FOR A PARTICULAR PURPOSE.

configure:2426: $? = 0
configure:2415: gcc -v >&5
Using built-in specs.
COLLECT_GCC=gcc
COLLECT_LTO_WRAPPER=/usr/libexec/gcc/x86_64-pc-linux-gnu/7.2.0/lto-wrapper
Target: x86_64-pc-linux-gnu
Configured with: ../configure --prefix=/usr --enable-languages=c,c++ --disable-multilib --disable-bootstrap --with-system-zlib
Thread model: posix
gcc version 7.2.0 (GCC) 
configure:2426: $? = 0
configure:2415: gcc -V >&5
gcc: error: unrecognized command line option '-V'
gcc: fatal error: no input files
compilation terminated.
configure:2426: $? = 1
configure:2415: gcc -qversion >&5
gcc: error: unrecognized command line option '-qversion'; did you mean '--version'?
gcc: fatal error: no input files
compilation terminated.
configure:2426: $? = 1
configure:2446: checking whether the C compiler works
configure:2468: gcc    conftest.c  >&5
configure:2472: $? = 0
configure:2520: result: yes
configure:2523: checking for C compiler default output file name
configure:2525: result: a.out
configure:2531: checking for suffix of executables
configure:2538: gcc -o conftest    conftest.c  >&5
configure:2542: $? = 0
configure:2564: result: 
configure:2586: checking whether we are cross compiling
configure:2594: gcc -o conftest    conftest.c  >&5
configure:2598: $? = 0
configure:2605: ./conftest
configure:2609: $? = 0
configure:2624: result: no
configure:2629: checking for suffix of object files
configure:2651: gcc -c   conftest.c >&5
configure:2655: $? = 0
configure:2676: result: o
configure:2680: checking whether we are using the GNU C compiler
configure:2699: gcc -c   conftest.c >&5
configure:2699: $? = 0
configure:2708: result: yes
configure:2717: checking whether gcc accepts -g
configure:2737: gcc -c -g  conftest.c >&5
configure:2737: $? = 0
configure:2778: result: yes
configure:2795: checking for gcc option to accept ISO C89
configure:2858: gcc  -c -g -O2  conftest.c >&5
configure:2858: $? = 0
configure:2871: result: none needed
configure:2934: checking for a BSD-compatible install
configure:3002: result: /usr/bin/install -c
configure:3056: checking for ranlib
configure:3072: found /usr/bin/ranlib
configure:3083: result: ranlib
configure:3112: checking how to run the C preprocessor
configure:3143: gcc -E  conftest.c
configure:3143: $? = 0
configure:3157: gcc -E  conftest.c
conftest.c:9:10: fatal error: ac_nonexistent.h: No such file or directory
 #include <ac_nonexistent.h>
          ^~~~~~~~~~~~~~~~~~
compilation terminated.
configure:3157: $? = 1
configure: failed program was:
| /* confdefs.h */
| #define PACKAGE_NAME "bridge-utils"
| #define PACKAGE_TARNAME "bridge-utils"
| #define PACKAGE_VERSION "1.6"
| #define PACKAGE_STRING "bridge-utils 1.6"
| #define PACKAGE_BUGREPORT ""
| #define PACKAGE_URL ""
| /* end confdefs.h.  */
| #include <ac_nonexistent.h>
configure:3182: result: gcc -E
configure:3202: gcc -E  conftest.c
configure:3202: $? = 0
configure:3216: gcc -E  conftest.c
conftest.c:9:10: fatal error: ac_nonexistent.h: No such file or directory
 #include <ac_nonexistent.h>
          ^~~~~~~~~~~~~~~~~~
compilation terminated.
configure:3216: $? = 1
configure: failed program was:
| /* confdefs.h */
| #define PACKAGE_NAME "bridge-utils"
| #define PACKAGE_TARNAME "bridge-utils"
| #define PACKAGE_VERSION "1.6"
| #define PACKAGE_STRING "bridge-utils 1.6"
| #define PACKAGE_BUGREPORT ""
| #define PACKAGE_URL ""
| /* end confdefs.h.  */
| #include <ac_nonexistent.h>
configure:3245: checking for grep that handles long lines and -e
configure:3303: result: /usr/bin/grep
configure:3308: checking for egrep
configure:3370: result: /usr/bin/grep -E
configure:3375: checking for ANSI C header files
configure:3395: gcc -c -g -O2  conftest.c >&5
configure:3395: $? = 0
configure:3468: gcc -o conftest -g -O2   conftest.c  >&5
configure:3468: $? = 0
configure:3468: ./conftest
configure:3468: $? = 0
configure:3479: result: yes
configure:3492: checking for sys/types.h
configure:3492: gcc -c -g -O2  conftest.c >&5
configure:3492: $? = 0
configure:3492: result: yes
configure:3492: checking for sys/stat.h
configure:3492: gcc -c -g -O2  conftest.c >&5
configure:3492: $? = 0
configure:3492: result: yes
configure:3492: checking for stdlib.h
configure:3492: gcc -c -g -O2  conftest.c >&5
configure:3492: $? = 0
configure:3492: result: yes
configure:3492: checking for string.h
configure:3492: gcc -c -g -O2  conftest.c >&5
configure:3492: $? = 0
configure:3492: result: yes
configure:3492: checking for memory.h
configure:3492: gcc -c -g -O2  conftest.c >&5
configure:3492: $? = 0
configure:3492: result: yes
configure:3492: checking for strings.h
configure:3492: gcc -c -g -O2  conftest.c >&5
configure:3492: $? = 0
configure:3492: result: yes
configure:3492: checking for inttypes.h
configure:3492: gcc -c -g -O2  conftest.c >&5
configure:3492: $? = 0
configure:3492: result: yes
configure:3492: checking for stdint.h
configure:3492: gcc -c -g -O2  conftest.c >&5
configure:3492: $? = 0
configure:3492: result: yes
configure:3492: checking for unistd.h
configure:3492: gcc -c -g -O2  conftest.c >&5
configure:3492: $? = 0
configure:3492: result: yes
configure:3507: checking sys/ioctl.h usability
configure:3507: gcc -c -g -O2  conftest.c >&5
configure:3507: $? = 0
configure:3507: result: yes
configure:3507: checking sys/ioctl.h presence
configure:3507: gcc -E  conftest.c
configure:3507: $? = 0
configure:3507: result: yes
configure:3507: checking for sys/ioctl.h
configure:3507: result: yes
configure:3507: checking sys/time.h usability
configure:3507: gcc -c -g -O2  conftest.c >&5
configure:3507: $? = 0
configure:3507: result: yes
configure:3507: checking sys/time.h presence
configure:3507: gcc -E  conftest.c
configure:3507: $? = 0
configure:3507: result: yes
configure:3507: checking for sys/time.h
configure:3507: result: yes
configure:3518: checking for an ANSI C-conforming const
configure:3584: gcc -c -g -O2  conftest.c >&5
configure:3584: $? = 0
configure:3591: result: yes
configure:3599: checking whether time.h and sys/time.h may both be included
configure:3619: gcc -c -g -O2  conftest.c >&5
configure:3619: $? = 0
configure:3626: result: yes
configure:3638: checking for gethostname
configure:3638: gcc -o conftest -g -O2   conftest.c  >&5
configure:3638: $? = 0
configure:3638: result: yes
configure:3638: checking for socket
configure:3638: gcc -o conftest -g -O2   conftest.c  >&5
configure:3638: $? = 0
configure:3638: result: yes
configure:3638: checking for strdup
configure:3638: gcc -o conftest -g -O2   conftest.c  >&5
conftest.c:47:6: warning: conflicting types for built-in function 'strdup' [-Wbuiltin-declaration-mismatch]
 char strdup ();
      ^~~~~~
configure:3638: $? = 0
configure:3638: result: yes
configure:3638: checking for uname
configure:3638: gcc -o conftest -g -O2   conftest.c  >&5
configure:3638: $? = 0
configure:3638: result: yes
configure:3650: checking for if_nametoindex
configure:3650: gcc -o conftest -g -O2   conftest.c  >&5
configure:3650: $? = 0
configure:3650: result: yes
configure:3650: checking for if_indextoname
configure:3650: gcc -o conftest -g -O2   conftest.c  >&5
configure:3650: $? = 0
configure:3650: result: yes
configure:3778: creating ./config.status

## ---------------------- ##
## Running config.status. ##
## ---------------------- ##

This file was extended by bridge-utils config.status 1.6, which was
generated by GNU Autoconf 2.69.  Invocation command line was

  CONFIG_FILES    = 
  CONFIG_HEADERS  = 
  CONFIG_LINKS    = 
  CONFIG_COMMANDS = 
  $ ./config.status 

on localhost.localdomain

config.status:816: creating doc/Makefile
config.status:919: WARNING:  'doc/Makefile.in' seems to ignore the --datarootdir setting
config.status:816: creating libbridge/Makefile
config.status:816: creating brctl/Makefile
config.status:919: WARNING:  'brctl/Makefile.in' seems to ignore the --datarootdir setting
config.status:816: creating Makefile
config.status:919: WARNING:  'Makefile.in' seems to ignore the --datarootdir setting
config.status:816: creating bridge-utils.spec
config.status:816: creating libbridge/config.h

## ---------------- ##
## Cache variables. ##
## ---------------- ##

ac_cv_c_compiler_gnu=yes
ac_cv_c_const=yes
ac_cv_env_CC_set=
ac_cv_env_CC_value=
ac_cv_env_CFLAGS_set=
ac_cv_env_CFLAGS_value=
ac_cv_env_CPPFLAGS_set=
ac_cv_env_CPPFLAGS_value=
ac_cv_env_CPP_set=
ac_cv_env_CPP_value=
ac_cv_env_LDFLAGS_set=
ac_cv_env_LDFLAGS_value=
ac_cv_env_LIBS_set=
ac_cv_env_LIBS_value=
ac_cv_env_build_alias_set=
ac_cv_env_build_alias_value=
ac_cv_env_host_alias_set=
ac_cv_env_host_alias_value=
ac_cv_env_target_alias_set=
ac_cv_env_target_alias_value=
ac_cv_func_gethostname=yes
ac_cv_func_if_indextoname=yes
ac_cv_func_if_nametoindex=yes
ac_cv_func_socket=yes
ac_cv_func_strdup=yes
ac_cv_func_uname=yes
ac_cv_header_inttypes_h=yes
ac_cv_header_memory_h=yes
ac_cv_header_stdc=yes
ac_cv_header_stdint_h=yes
ac_cv_header_stdlib_h=yes
ac_cv_header_string_h=yes
ac_cv_header_strings_h=yes
ac_cv_header_sys_ioctl_h=yes
ac_cv_header_sys_stat_h=yes
ac_cv_header_sys_time_h=yes
ac_cv_header_sys_types_h=yes
ac_cv_header_time=yes
ac_cv_header_unistd_h=yes
ac_cv_objext=o
ac_cv_path_EGREP='/usr/bin/grep -E'
ac_cv_path_GREP=/usr/bin/grep
ac_cv_path_install='/usr/bin/install -c'
ac_cv_prog_CPP='gcc -E'
ac_cv_prog_ac_ct_CC=gcc
ac_cv_prog_ac_ct_RANLIB=ranlib
ac_cv_prog_cc_c89=
ac_cv_prog_cc_g=yes

## ----------------- ##
## Output variables. ##
## ----------------- ##

CC='gcc'
CFLAGS='-g -O2'
CPP='gcc -E'
CPPFLAGS=''
DEFS='-DHAVE_CONFIG_H'
ECHO_C=''
ECHO_N='-n'
ECHO_T=''
EGREP='/usr/bin/grep -E'
EXEEXT=''
GREP='/usr/bin/grep'
INSTALL_DATA='${INSTALL} -m 644'
INSTALL_PROGRAM='${INSTALL}'
INSTALL_SCRIPT='${INSTALL}'
KERNEL_HEADERS='/usr/src/linux/include'
LDFLAGS=''
LIBOBJS=''
LIBS=''
LTLIBOBJS=''
OBJEXT='o'
PACKAGE_BUGREPORT=''
PACKAGE_NAME='bridge-utils'
PACKAGE_STRING='bridge-utils 1.6'
PACKAGE_TARNAME='bridge-utils'
PACKAGE_URL=''
PACKAGE_VERSION='1.6'
PATH_SEPARATOR=':'
RANLIB='ranlib'
SHELL='/bin/sh'
ac_ct_CC='gcc'
bindir='${exec_prefix}/bin'
build_alias=''
datadir='${datarootdir}'
datarootdir='${prefix}/share'
docdir='${datarootdir}/doc/${PACKAGE_TARNAME}'
dvidir='${docdir}'
exec_prefix='${prefix}'
host_alias=''
htmldir='${docdir}'
includedir='${prefix}/include'
infodir='${datarootdir}/info'
libdir='${exec_prefix}/lib'
libexecdir='${exec_prefix}/libexec'
localedir='${datarootdir}/locale'
localstatedir='${prefix}/var'
mandir='${datarootdir}/man'
oldincludedir='/usr/include'
pdfdir='${docdir}'
prefix='/usr'
program_transform_name='s,x,x,'
psdir='${docdir}'
sbindir='${exec_prefix}/sbin'
sharedstatedir='${prefix}/com'
sysconfdir='${prefix}/etc'
target_alias=''

## ----------- ##
## confdefs.h. ##
## ----------- ##

/* confdefs.h */
#define PACKAGE_NAME "bridge-utils"
#define PACKAGE_TARNAME "bridge-utils"
#define PACKAGE_VERSION "1.6"
#define PACKAGE_STRING "bridge-utils 1.6"
#define PACKAGE_BUGREPORT ""
#define PACKAGE_URL ""
#define STDC_HEADERS 1
#define HAVE_SYS_TYPES_H 1
#define HAVE_SYS_STAT_H 1
#define HAVE_STDLIB_H 1
#define HAVE_STRING_H 1
#define HAVE_MEMORY_H 1
#define HAVE_STRINGS_H 1
#define HAVE_INTTYPES_H 1
#define HAVE_STDINT_H 1
#define HAVE_UNISTD_H 1
#define HAVE_SYS_IOCTL_H 1
#define HAVE_SYS_TIME_H 1
#define TIME_WITH_SYS_TIME 1
#define HAVE_GETHOSTNAME 1
#define HAVE_SOCKET 1
#define HAVE_STRDUP 1
#define HAVE_UNAME 1
#define HAVE_IF_NAMETOINDEX 1
#define HAVE_IF_INDEXTONAME 1

configure: exit 0
