This file contains any messages produced by compilers while
running configure, to aid debugging if configure makes a mistake.

It was created by btrfs-progs configure v4.12, which was
generated by GNU Autoconf 2.69.  Invocation command line was

  $ ./configure --prefix=/usr --bindir=/bin --libdir=/lib --disable-documentation

## --------- ##
## Platform. ##
## --------- ##

hostname = localhost.localdomain
uname -m = x86_64
uname -r = 3.10.0-693.11.1.el7.x86_64
uname -s = Linux
uname -v = #1 SMP Mon Dec 4 23:52:40 UTC 2017

/usr/bin/uname -p = unknown
/bin/uname -X     = unknown

/bin/arch              = x86_64
/usr/bin/arch -k       = unknown
/usr/convex/getsysinfo = unknown
/usr/bin/hostinfo      = unknown
/bin/machine           = unknown
/usr/bin/oslevel       = unknown
/bin/universe          = unknown

PATH: /bin
PATH: /usr/bin
PATH: /sbin
PATH: /usr/sbin


## ----------- ##
## Core tests. ##
## ----------- ##

configure:2284: checking for gcc
configure:2300: found /usr/bin/gcc
configure:2311: result: gcc
configure:2540: checking for C compiler version
configure:2549: gcc --version >&5
gcc (GCC) 7.2.0
Copyright (C) 2017 Free Software Foundation, Inc.
This is free software; see the source for copying conditions.  There is NO
warranty; not even for MERCHANTABILITY or FITNESS FOR A PARTICULAR PURPOSE.

configure:2560: $? = 0
configure:2549: gcc -v >&5
Using built-in specs.
COLLECT_GCC=gcc
COLLECT_LTO_WRAPPER=/usr/libexec/gcc/x86_64-pc-linux-gnu/7.2.0/lto-wrapper
Target: x86_64-pc-linux-gnu
Configured with: ../configure --prefix=/usr --enable-languages=c,c++ --disable-multilib --disable-bootstrap --with-system-zlib
Thread model: posix
gcc version 7.2.0 (GCC) 
configure:2560: $? = 0
configure:2549: gcc -V >&5
gcc: error: unrecognized command line option '-V'
gcc: fatal error: no input files
compilation terminated.
configure:2560: $? = 1
configure:2549: gcc -qversion >&5
gcc: error: unrecognized command line option '-qversion'; did you mean '--version'?
gcc: fatal error: no input files
compilation terminated.
configure:2560: $? = 1
configure:2580: checking whether the C compiler works
configure:2602: gcc -g -O1 -Wall -D_FORTIFY_SOURCE=2   conftest.c  >&5
configure:2606: $? = 0
configure:2654: result: yes
configure:2657: checking for C compiler default output file name
configure:2659: result: a.out
configure:2665: checking for suffix of executables
configure:2672: gcc -o conftest -g -O1 -Wall -D_FORTIFY_SOURCE=2   conftest.c  >&5
configure:2676: $? = 0
configure:2698: result: 
configure:2720: checking whether we are cross compiling
configure:2728: gcc -o conftest -g -O1 -Wall -D_FORTIFY_SOURCE=2   conftest.c  >&5
configure:2732: $? = 0
configure:2739: ./conftest
configure:2743: $? = 0
configure:2758: result: no
configure:2763: checking for suffix of object files
configure:2785: gcc -c -g -O1 -Wall -D_FORTIFY_SOURCE=2  conftest.c >&5
configure:2789: $? = 0
configure:2810: result: o
configure:2814: checking whether we are using the GNU C compiler
configure:2833: gcc -c -g -O1 -Wall -D_FORTIFY_SOURCE=2  conftest.c >&5
configure:2833: $? = 0
configure:2842: result: yes
configure:2851: checking whether gcc accepts -g
configure:2871: gcc -c -g  conftest.c >&5
configure:2871: $? = 0
configure:2912: result: yes
configure:2929: checking for gcc option to accept ISO C89
configure:2992: gcc  -c -g -O1 -Wall -D_FORTIFY_SOURCE=2  conftest.c >&5
configure:2992: $? = 0
configure:3005: result: none needed
configure:3031: checking how to run the C preprocessor
configure:3062: gcc -E  conftest.c
configure:3062: $? = 0
configure:3076: gcc -E  conftest.c
conftest.c:9:10: fatal error: ac_nonexistent.h: No such file or directory
 #include <ac_nonexistent.h>
          ^~~~~~~~~~~~~~~~~~
compilation terminated.
configure:3076: $? = 1
configure: failed program was:
| /* confdefs.h */
| #define PACKAGE_NAME "btrfs-progs"
| #define PACKAGE_TARNAME "btrfs-progs"
| #define PACKAGE_VERSION "v4.12"
| #define PACKAGE_STRING "btrfs-progs v4.12"
| #define PACKAGE_BUGREPORT "linux-btrfs@vger.kernel.org"
| #define PACKAGE_URL "http://btrfs.wiki.kernel.org"
| /* end confdefs.h.  */
| #include <ac_nonexistent.h>
configure:3101: result: gcc -E
configure:3121: gcc -E  conftest.c
configure:3121: $? = 0
configure:3135: gcc -E  conftest.c
conftest.c:9:10: fatal error: ac_nonexistent.h: No such file or directory
 #include <ac_nonexistent.h>
          ^~~~~~~~~~~~~~~~~~
compilation terminated.
configure:3135: $? = 1
configure: failed program was:
| /* confdefs.h */
| #define PACKAGE_NAME "btrfs-progs"
| #define PACKAGE_TARNAME "btrfs-progs"
| #define PACKAGE_VERSION "v4.12"
| #define PACKAGE_STRING "btrfs-progs v4.12"
| #define PACKAGE_BUGREPORT "linux-btrfs@vger.kernel.org"
| #define PACKAGE_URL "http://btrfs.wiki.kernel.org"
| /* end confdefs.h.  */
| #include <ac_nonexistent.h>
configure:3164: checking for grep that handles long lines and -e
configure:3222: result: /usr/bin/grep
configure:3227: checking for egrep
configure:3289: result: /usr/bin/grep -E
configure:3294: checking for ANSI C header files
configure:3314: gcc -c -g -O1 -Wall -D_FORTIFY_SOURCE=2  conftest.c >&5
configure:3314: $? = 0
configure:3387: gcc -o conftest -g -O1 -Wall -D_FORTIFY_SOURCE=2   conftest.c  >&5
configure:3387: $? = 0
configure:3387: ./conftest
configure:3387: $? = 0
configure:3398: result: yes
configure:3411: checking for sys/types.h
configure:3411: gcc -c -g -O1 -Wall -D_FORTIFY_SOURCE=2  conftest.c >&5
configure:3411: $? = 0
configure:3411: result: yes
configure:3411: checking for sys/stat.h
configure:3411: gcc -c -g -O1 -Wall -D_FORTIFY_SOURCE=2  conftest.c >&5
configure:3411: $? = 0
configure:3411: result: yes
configure:3411: checking for stdlib.h
configure:3411: gcc -c -g -O1 -Wall -D_FORTIFY_SOURCE=2  conftest.c >&5
configure:3411: $? = 0
configure:3411: result: yes
configure:3411: checking for string.h
configure:3411: gcc -c -g -O1 -Wall -D_FORTIFY_SOURCE=2  conftest.c >&5
configure:3411: $? = 0
configure:3411: result: yes
configure:3411: checking for memory.h
configure:3411: gcc -c -g -O1 -Wall -D_FORTIFY_SOURCE=2  conftest.c >&5
configure:3411: $? = 0
configure:3411: result: yes
configure:3411: checking for strings.h
configure:3411: gcc -c -g -O1 -Wall -D_FORTIFY_SOURCE=2  conftest.c >&5
configure:3411: $? = 0
configure:3411: result: yes
configure:3411: checking for inttypes.h
configure:3411: gcc -c -g -O1 -Wall -D_FORTIFY_SOURCE=2  conftest.c >&5
configure:3411: $? = 0
configure:3411: result: yes
configure:3411: checking for stdint.h
configure:3411: gcc -c -g -O1 -Wall -D_FORTIFY_SOURCE=2  conftest.c >&5
configure:3411: $? = 0
configure:3411: result: yes
configure:3411: checking for unistd.h
configure:3411: gcc -c -g -O1 -Wall -D_FORTIFY_SOURCE=2  conftest.c >&5
configure:3411: $? = 0
configure:3411: result: yes
configure:3424: checking minix/config.h usability
configure:3424: gcc -c -g -O1 -Wall -D_FORTIFY_SOURCE=2  conftest.c >&5
conftest.c:52:10: fatal error: minix/config.h: No such file or directory
 #include <minix/config.h>
          ^~~~~~~~~~~~~~~~
compilation terminated.
configure:3424: $? = 1
configure: failed program was:
| /* confdefs.h */
| #define PACKAGE_NAME "btrfs-progs"
| #define PACKAGE_TARNAME "btrfs-progs"
| #define PACKAGE_VERSION "v4.12"
| #define PACKAGE_STRING "btrfs-progs v4.12"
| #define PACKAGE_BUGREPORT "linux-btrfs@vger.kernel.org"
| #define PACKAGE_URL "http://btrfs.wiki.kernel.org"
| #define STDC_HEADERS 1
| #define HAVE_SYS_TYPES_H 1
| #define HAVE_SYS_STAT_H 1
| #define HAVE_STDLIB_H 1
| #define HAVE_STRING_H 1
| #define HAVE_MEMORY_H 1
| #define HAVE_STRINGS_H 1
| #define HAVE_INTTYPES_H 1
| #define HAVE_STDINT_H 1
| #define HAVE_UNISTD_H 1
| /* end confdefs.h.  */
| #include <stdio.h>
| #ifdef HAVE_SYS_TYPES_H
| # include <sys/types.h>
| #endif
| #ifdef HAVE_SYS_STAT_H
| # include <sys/stat.h>
| #endif
| #ifdef STDC_HEADERS
| # include <stdlib.h>
| # include <stddef.h>
| #else
| # ifdef HAVE_STDLIB_H
| #  include <stdlib.h>
| # endif
| #endif
| #ifdef HAVE_STRING_H
| # if !defined STDC_HEADERS && defined HAVE_MEMORY_H
| #  include <memory.h>
| # endif
| # include <string.h>
| #endif
| #ifdef HAVE_STRINGS_H
| # include <strings.h>
| #endif
| #ifdef HAVE_INTTYPES_H
| # include <inttypes.h>
| #endif
| #ifdef HAVE_STDINT_H
| # include <stdint.h>
| #endif
| #ifdef HAVE_UNISTD_H
| # include <unistd.h>
| #endif
| #include <minix/config.h>
configure:3424: result: no
configure:3424: checking minix/config.h presence
configure:3424: gcc -E  conftest.c
conftest.c:19:10: fatal error: minix/config.h: No such file or directory
 #include <minix/config.h>
          ^~~~~~~~~~~~~~~~
compilation terminated.
configure:3424: $? = 1
configure: failed program was:
| /* confdefs.h */
| #define PACKAGE_NAME "btrfs-progs"
| #define PACKAGE_TARNAME "btrfs-progs"
| #define PACKAGE_VERSION "v4.12"
| #define PACKAGE_STRING "btrfs-progs v4.12"
| #define PACKAGE_BUGREPORT "linux-btrfs@vger.kernel.org"
| #define PACKAGE_URL "http://btrfs.wiki.kernel.org"
| #define STDC_HEADERS 1
| #define HAVE_SYS_TYPES_H 1
| #define HAVE_SYS_STAT_H 1
| #define HAVE_STDLIB_H 1
| #define HAVE_STRING_H 1
| #define HAVE_MEMORY_H 1
| #define HAVE_STRINGS_H 1
| #define HAVE_INTTYPES_H 1
| #define HAVE_STDINT_H 1
| #define HAVE_UNISTD_H 1
| /* end confdefs.h.  */
| #include <minix/config.h>
configure:3424: result: no
configure:3424: checking for minix/config.h
configure:3424: result: no
configure:3445: checking whether it is safe to define __EXTENSIONS__
configure:3463: gcc -c -g -O1 -Wall -D_FORTIFY_SOURCE=2  conftest.c >&5
configure:3463: $? = 0
configure:3470: result: yes
configure:3536: checking for gcc
configure:3563: result: gcc
configure:3792: checking for C compiler version
configure:3801: gcc --version >&5
gcc (GCC) 7.2.0
Copyright (C) 2017 Free Software Foundation, Inc.
This is free software; see the source for copying conditions.  There is NO
warranty; not even for MERCHANTABILITY or FITNESS FOR A PARTICULAR PURPOSE.

configure:3812: $? = 0
configure:3801: gcc -v >&5
Using built-in specs.
COLLECT_GCC=gcc
COLLECT_LTO_WRAPPER=/usr/libexec/gcc/x86_64-pc-linux-gnu/7.2.0/lto-wrapper
Target: x86_64-pc-linux-gnu
Configured with: ../configure --prefix=/usr --enable-languages=c,c++ --disable-multilib --disable-bootstrap --with-system-zlib
Thread model: posix
gcc version 7.2.0 (GCC) 
configure:3812: $? = 0
configure:3801: gcc -V >&5
gcc: error: unrecognized command line option '-V'
gcc: fatal error: no input files
compilation terminated.
configure:3812: $? = 1
configure:3801: gcc -qversion >&5
gcc: error: unrecognized command line option '-qversion'; did you mean '--version'?
gcc: fatal error: no input files
compilation terminated.
configure:3812: $? = 1
configure:3816: checking whether we are using the GNU C compiler
configure:3844: result: yes
configure:3853: checking whether gcc accepts -g
configure:3914: result: yes
configure:3931: checking for gcc option to accept ISO C89
configure:4007: result: none needed
configure:4031: checking build system type
configure:4045: result: x86_64-unknown-linux-gnu
configure:4065: checking host system type
configure:4078: result: x86_64-unknown-linux-gnu
configure:4098: checking for an ANSI C-conforming const
configure:4164: gcc -c -g -O1 -Wall -D_FORTIFY_SOURCE=2  conftest.c >&5
configure:4164: $? = 0
configure:4171: result: yes
configure:4179: checking for working volatile
configure:4198: gcc -c -g -O1 -Wall -D_FORTIFY_SOURCE=2  conftest.c >&5
configure:4198: $? = 0
configure:4205: result: yes
configure:4213: checking whether byte ordering is bigendian
configure:4228: gcc -c -g -O1 -Wall -D_FORTIFY_SOURCE=2  conftest.c >&5
conftest.c:25:9: error: unknown type name 'not'
         not a universal capable compiler
         ^~~
conftest.c:25:15: error: expected '=', ',', ';', 'asm' or '__attribute__' before 'universal'
         not a universal capable compiler
               ^~~~~~~~~
conftest.c:25:15: error: unknown type name 'universal'
configure:4228: $? = 1
configure: failed program was:
| /* confdefs.h */
| #define PACKAGE_NAME "btrfs-progs"
| #define PACKAGE_TARNAME "btrfs-progs"
| #define PACKAGE_VERSION "v4.12"
| #define PACKAGE_STRING "btrfs-progs v4.12"
| #define PACKAGE_BUGREPORT "linux-btrfs@vger.kernel.org"
| #define PACKAGE_URL "http://btrfs.wiki.kernel.org"
| #define STDC_HEADERS 1
| #define HAVE_SYS_TYPES_H 1
| #define HAVE_SYS_STAT_H 1
| #define HAVE_STDLIB_H 1
| #define HAVE_STRING_H 1
| #define HAVE_MEMORY_H 1
| #define HAVE_STRINGS_H 1
| #define HAVE_INTTYPES_H 1
| #define HAVE_STDINT_H 1
| #define HAVE_UNISTD_H 1
| #define __EXTENSIONS__ 1
| #define _ALL_SOURCE 1
| #define _GNU_SOURCE 1
| #define _POSIX_PTHREAD_SEMANTICS 1
| #define _TANDEM_SOURCE 1
| /* end confdefs.h.  */
| #ifndef __APPLE_CC__
| 	       not a universal capable compiler
| 	     #endif
| 	     typedef int dummy;
| 
configure:4273: gcc -c -g -O1 -Wall -D_FORTIFY_SOURCE=2  conftest.c >&5
configure:4273: $? = 0
configure:4291: gcc -c -g -O1 -Wall -D_FORTIFY_SOURCE=2  conftest.c >&5
conftest.c: In function 'main':
conftest.c:31:4: error: unknown type name 'not'; did you mean 'ino_t'?
    not big endian
    ^~~
    ino_t
conftest.c:31:12: error: expected '=', ',', ';', 'asm' or '__attribute__' before 'endian'
    not big endian
            ^~~~~~
configure:4291: $? = 1
configure: failed program was:
| /* confdefs.h */
| #define PACKAGE_NAME "btrfs-progs"
| #define PACKAGE_TARNAME "btrfs-progs"
| #define PACKAGE_VERSION "v4.12"
| #define PACKAGE_STRING "btrfs-progs v4.12"
| #define PACKAGE_BUGREPORT "linux-btrfs@vger.kernel.org"
| #define PACKAGE_URL "http://btrfs.wiki.kernel.org"
| #define STDC_HEADERS 1
| #define HAVE_SYS_TYPES_H 1
| #define HAVE_SYS_STAT_H 1
| #define HAVE_STDLIB_H 1
| #define HAVE_STRING_H 1
| #define HAVE_MEMORY_H 1
| #define HAVE_STRINGS_H 1
| #define HAVE_INTTYPES_H 1
| #define HAVE_STDINT_H 1
| #define HAVE_UNISTD_H 1
| #define __EXTENSIONS__ 1
| #define _ALL_SOURCE 1
| #define _GNU_SOURCE 1
| #define _POSIX_PTHREAD_SEMANTICS 1
| #define _TANDEM_SOURCE 1
| /* end confdefs.h.  */
| #include <sys/types.h>
| 		#include <sys/param.h>
| 
| int
| main ()
| {
| #if BYTE_ORDER != BIG_ENDIAN
| 		 not big endian
| 		#endif
| 
|   ;
|   return 0;
| }
configure:4419: result: no
configure:4445: checking for special C compiler options needed for large files
configure:4490: result: no
configure:4496: checking for _FILE_OFFSET_BITS value needed for large files
configure:4521: gcc -c -g -O1 -Wall -D_FORTIFY_SOURCE=2  conftest.c >&5
configure:4521: $? = 0
configure:4553: result: no
configure:4653: checking for a BSD-compatible install
configure:4721: result: /usr/bin/install -c
configure:4732: checking whether ln -s works
configure:4736: result: yes
configure:4786: checking for ar
configure:4802: found /usr/bin/ar
configure:4813: result: ar
configure:4837: checking for rm
configure:4855: found /bin/rm
configure:4868: result: /bin/rm
configure:4878: checking for rmdir
configure:4896: found /bin/rmdir
configure:4909: result: /bin/rmdir
configure:4920: checking for openat
configure:4920: gcc -o conftest -g -O1 -Wall -D_FORTIFY_SOURCE=2   conftest.c  >&5
configure:4920: $? = 0
configure:4920: result: yes
configure:4987: checking for pkg-config
configure:5005: found /usr/bin/pkg-config
configure:5017: result: /usr/bin/pkg-config
configure:5042: checking pkg-config is at least version 0.9.0
configure:5045: result: yes
configure:5078: checking execinfo.h usability
configure:5078: gcc -c -g -O1 -Wall -D_FORTIFY_SOURCE=2  conftest.c >&5
configure:5078: $? = 0
configure:5078: result: yes
configure:5078: checking execinfo.h presence
configure:5078: gcc -E  conftest.c
configure:5078: $? = 0
configure:5078: result: yes
configure:5078: checking for execinfo.h
configure:5078: result: yes
configure:5091: checking for backtrace
configure:5091: gcc -o conftest -g -O1 -Wall -D_FORTIFY_SOURCE=2   conftest.c  >&5
configure:5091: $? = 0
configure:5091: result: yes
configure:5091: checking for backtrace_symbols_fd
configure:5091: gcc -o conftest -g -O1 -Wall -D_FORTIFY_SOURCE=2   conftest.c  >&5
configure:5091: $? = 0
configure:5091: result: yes
configure:5396: checking for EXT2FS
configure:5403: $PKG_CONFIG --exists --print-errors "ext2fs >= 1.42"
configure:5406: $? = 0
configure:5420: $PKG_CONFIG --exists --print-errors "ext2fs >= 1.42"
configure:5423: $? = 0
configure:5647: result: yes
configure:5653: checking for COM_ERR
configure:5660: $PKG_CONFIG --exists --print-errors "com_err"
configure:5663: $? = 0
configure:5677: $PKG_CONFIG --exists --print-errors "com_err"
configure:5680: $? = 0
configure:5738: result: yes
configure:5760: checking for FIEMAP_EXTENT_SHARED defined in linux/fiemap.h
configure:5782: gcc -c -g -O1 -Wall -D_FORTIFY_SOURCE=2  conftest.c >&5
conftest.c: In function 'main':
conftest.c:34:7: warning: unused variable 'ok' [-Wunused-variable]
   int ok;
       ^~
configure:5782: $? = 0
configure:5789: result: yes
configure:5812: checking for BLKID
configure:5819: $PKG_CONFIG --exists --print-errors "blkid"
configure:5822: $? = 0
configure:5836: $PKG_CONFIG --exists --print-errors "blkid"
configure:5839: $? = 0
configure:5897: result: yes
configure:5902: pkg-config --exists --print-errors "blkid"
configure:5905: $? = 0
configure:5916: checking for UUID
configure:5923: $PKG_CONFIG --exists --print-errors "uuid"
configure:5926: $? = 0
configure:5940: $PKG_CONFIG --exists --print-errors "uuid"
configure:5943: $? = 0
configure:6001: result: yes
configure:6006: pkg-config --exists --print-errors "uuid"
configure:6009: $? = 0
configure:6020: checking for ZLIB
configure:6027: $PKG_CONFIG --exists --print-errors "zlib"
configure:6030: $? = 0
configure:6044: $PKG_CONFIG --exists --print-errors "zlib"
configure:6047: $? = 0
configure:6105: result: yes
configure:6110: pkg-config --exists --print-errors "zlib"
configure:6113: $? = 0
configure:6131: checking for lzo_version in -llzo2
configure:6156: gcc -o conftest -g -O1 -Wall -D_FORTIFY_SOURCE=2   conftest.c -llzo2   >&5
configure:6156: $? = 0
configure:6165: result: yes
configure:6308: creating ./config.status

## ---------------------- ##
## Running config.status. ##
## ---------------------- ##

This file was extended by btrfs-progs config.status v4.12, which was
generated by GNU Autoconf 2.69.  Invocation command line was

  CONFIG_FILES    = 
  CONFIG_HEADERS  = 
  CONFIG_LINKS    = 
  CONFIG_COMMANDS = 
  $ ./config.status 

on localhost.localdomain

config.status:857: creating Makefile.inc
config.status:857: creating Documentation/Makefile
config.status:857: creating version.h
config.status:857: creating config.h
configure:7495: result:
	btrfs-progs v4.12

	prefix:            /usr
	exec prefix:       ${prefix}

	bindir:            /bin
	libdir:            /lib
	includedir:        ${prefix}/include

	compiler:          gcc
	cflags:            -g -O1 -Wall -D_FORTIFY_SOURCE=2
	ldflags:           

	documentation:     no
	backtrace support: yes
	btrfs-convert:     yes (ext2)

	Type 'make' to compile.


## ---------------- ##
## Cache variables. ##
## ---------------- ##

ac_cv_build=x86_64-unknown-linux-gnu
ac_cv_c_bigendian=no
ac_cv_c_compiler_gnu=yes
ac_cv_c_const=yes
ac_cv_c_volatile=yes
ac_cv_defined_FIEMAP_EXTENT_SHARED_linux_fiemap_h=yes
ac_cv_env_BLKID_CFLAGS_set=
ac_cv_env_BLKID_CFLAGS_value=
ac_cv_env_BLKID_LIBS_set=
ac_cv_env_BLKID_LIBS_value=
ac_cv_env_CC_set=
ac_cv_env_CC_value=
ac_cv_env_CFLAGS_set=
ac_cv_env_CFLAGS_value=
ac_cv_env_COM_ERR_CFLAGS_set=
ac_cv_env_COM_ERR_CFLAGS_value=
ac_cv_env_COM_ERR_LIBS_set=
ac_cv_env_COM_ERR_LIBS_value=
ac_cv_env_CPPFLAGS_set=
ac_cv_env_CPPFLAGS_value=
ac_cv_env_CPP_set=
ac_cv_env_CPP_value=
ac_cv_env_EXT2FS_CFLAGS_set=
ac_cv_env_EXT2FS_CFLAGS_value=
ac_cv_env_EXT2FS_LIBS_set=
ac_cv_env_EXT2FS_LIBS_value=
ac_cv_env_LDFLAGS_set=
ac_cv_env_LDFLAGS_value=
ac_cv_env_LIBS_set=
ac_cv_env_LIBS_value=
ac_cv_env_PKG_CONFIG_LIBDIR_set=
ac_cv_env_PKG_CONFIG_LIBDIR_value=
ac_cv_env_PKG_CONFIG_PATH_set=
ac_cv_env_PKG_CONFIG_PATH_value=
ac_cv_env_PKG_CONFIG_set=
ac_cv_env_PKG_CONFIG_value=
ac_cv_env_UUID_CFLAGS_set=
ac_cv_env_UUID_CFLAGS_value=
ac_cv_env_UUID_LIBS_set=
ac_cv_env_UUID_LIBS_value=
ac_cv_env_ZLIB_CFLAGS_set=
ac_cv_env_ZLIB_CFLAGS_value=
ac_cv_env_ZLIB_LIBS_set=
ac_cv_env_ZLIB_LIBS_value=
ac_cv_env_build_alias_set=
ac_cv_env_build_alias_value=
ac_cv_env_host_alias_set=
ac_cv_env_host_alias_value=
ac_cv_env_target_alias_set=
ac_cv_env_target_alias_value=
ac_cv_func_backtrace=yes
ac_cv_func_backtrace_symbols_fd=yes
ac_cv_func_openat=yes
ac_cv_header_execinfo_h=yes
ac_cv_header_inttypes_h=yes
ac_cv_header_memory_h=yes
ac_cv_header_minix_config_h=no
ac_cv_header_stdc=yes
ac_cv_header_stdint_h=yes
ac_cv_header_stdlib_h=yes
ac_cv_header_string_h=yes
ac_cv_header_strings_h=yes
ac_cv_header_sys_stat_h=yes
ac_cv_header_sys_types_h=yes
ac_cv_header_unistd_h=yes
ac_cv_host=x86_64-unknown-linux-gnu
ac_cv_lib_lzo2_lzo_version=yes
ac_cv_objext=o
ac_cv_path_EGREP='/usr/bin/grep -E'
ac_cv_path_GREP=/usr/bin/grep
ac_cv_path_RM=/bin/rm
ac_cv_path_RMDIR=/bin/rmdir
ac_cv_path_ac_pt_PKG_CONFIG=/usr/bin/pkg-config
ac_cv_path_install='/usr/bin/install -c'
ac_cv_prog_CPP='gcc -E'
ac_cv_prog_ac_ct_AR=ar
ac_cv_prog_ac_ct_CC=gcc
ac_cv_prog_cc_c89=
ac_cv_prog_cc_g=yes
ac_cv_safe_to_define___extensions__=yes
ac_cv_sys_file_offset_bits=no
ac_cv_sys_largefile_CC=no
pkg_cv_BLKID_CFLAGS='-I/usr/include/blkid -I/usr/include/uuid'
pkg_cv_BLKID_LIBS=-lblkid
pkg_cv_COM_ERR_CFLAGS=-I/usr/include/et
pkg_cv_COM_ERR_LIBS=-lcom_err
pkg_cv_EXT2FS_CFLAGS='-I/usr/include/ext2fs -I/usr/include/et'
pkg_cv_EXT2FS_LIBS=-lext2fs
pkg_cv_UUID_CFLAGS=-I/usr/include/uuid
pkg_cv_UUID_LIBS=-luuid
pkg_cv_ZLIB_CFLAGS=
pkg_cv_ZLIB_LIBS=-lz

## ----------------- ##
## Output variables. ##
## ----------------- ##

AR='ar'
ASCIIDOC=''
BLKID_CFLAGS='-I/usr/include/blkid -I/usr/include/uuid'
BLKID_LIBS='-lblkid'
BLKID_LIBS_STATIC='-lblkid -luuid'
BTRFSCONVERT_EXT2='1'
CC='gcc'
CFLAGS='-g -O1 -Wall -D_FORTIFY_SOURCE=2'
COM_ERR_CFLAGS='-I/usr/include/et'
COM_ERR_LIBS='-lcom_err'
CPP='gcc -E'
CPPFLAGS=''
DEFS='-DHAVE_CONFIG_H'
DISABLE_BTRFSCONVERT='0'
DISABLE_DOCUMENTATION='1'
ECHO_C=''
ECHO_N='-n'
ECHO_T=''
EGREP='/usr/bin/grep -E'
EXEEXT=''
EXT2FS_CFLAGS='-I/usr/include/ext2fs -I/usr/include/et'
EXT2FS_LIBS='-lext2fs'
GREP='/usr/bin/grep'
GZIP=''
INSTALL_DATA='${INSTALL} -m 644'
INSTALL_PROGRAM='${INSTALL}'
INSTALL_SCRIPT='${INSTALL}'
LDFLAGS=''
LIBBTRFS_MAJOR='0'
LIBBTRFS_MINOR='1'
LIBBTRFS_PATCHLEVEL='2'
LIBOBJS=''
LIBS=''
LN_S='ln -s'
LTLIBOBJS=''
LZO2_CFLAGS=''
LZO2_LIBS='-llzo2'
LZO2_LIBS_STATIC='-llzo2'
MV=''
OBJEXT='o'
PACKAGE_BUGREPORT='linux-btrfs@vger.kernel.org'
PACKAGE_NAME='btrfs-progs'
PACKAGE_STRING='btrfs-progs v4.12'
PACKAGE_TARNAME='btrfs-progs'
PACKAGE_URL='http://btrfs.wiki.kernel.org'
PACKAGE_VERSION='v4.12'
PATH_SEPARATOR=':'
PKG_CONFIG='/usr/bin/pkg-config'
PKG_CONFIG_LIBDIR=''
PKG_CONFIG_PATH=''
RM='/bin/rm'
RMDIR='/bin/rmdir'
SED=''
SHELL='/bin/sh'
UDEVDIR='/lib/udev'
UUID_CFLAGS='-I/usr/include/uuid'
UUID_LIBS='-luuid'
UUID_LIBS_STATIC='-luuid'
XMLTO=''
ZLIB_CFLAGS=''
ZLIB_LIBS='-lz'
ZLIB_LIBS_STATIC='-lz'
ac_ct_CC='gcc'
bindir='/bin'
build='x86_64-unknown-linux-gnu'
build_alias=''
build_cpu='x86_64'
build_os='linux-gnu'
build_vendor='unknown'
datadir='${datarootdir}'
datarootdir='${prefix}/share'
docdir='${datarootdir}/doc/${PACKAGE_TARNAME}'
dvidir='${docdir}'
exec_prefix='${prefix}'
host='x86_64-unknown-linux-gnu'
host_alias=''
host_cpu='x86_64'
host_os='linux-gnu'
host_vendor='unknown'
htmldir='${docdir}'
includedir='${prefix}/include'
infodir='${datarootdir}/info'
libdir='/lib'
libexecdir='${exec_prefix}/libexec'
localedir='${datarootdir}/locale'
localstatedir='${prefix}/var'
mandir='${datarootdir}/man'
oldincludedir='/usr/include'
pdfdir='${docdir}'
prefix='/usr'
program_transform_name='s,x,x,'
psdir='${docdir}'
sbindir='${exec_prefix}/sbin'
sharedstatedir='${prefix}/com'
sysconfdir='${prefix}/etc'
target_alias=''

## ----------- ##
## confdefs.h. ##
## ----------- ##

/* confdefs.h */
#define PACKAGE_NAME "btrfs-progs"
#define PACKAGE_TARNAME "btrfs-progs"
#define PACKAGE_VERSION "v4.12"
#define PACKAGE_STRING "btrfs-progs v4.12"
#define PACKAGE_BUGREPORT "linux-btrfs@vger.kernel.org"
#define PACKAGE_URL "http://btrfs.wiki.kernel.org"
#define STDC_HEADERS 1
#define HAVE_SYS_TYPES_H 1
#define HAVE_SYS_STAT_H 1
#define HAVE_STDLIB_H 1
#define HAVE_STRING_H 1
#define HAVE_MEMORY_H 1
#define HAVE_STRINGS_H 1
#define HAVE_INTTYPES_H 1
#define HAVE_STDINT_H 1
#define HAVE_UNISTD_H 1
#define __EXTENSIONS__ 1
#define _ALL_SOURCE 1
#define _GNU_SOURCE 1
#define _POSIX_PTHREAD_SEMANTICS 1
#define _TANDEM_SOURCE 1
#define HAVE_OPENAT 1
#define HAVE_EXECINFO_H 1
#define HAVE_BACKTRACE 1
#define HAVE_BACKTRACE_SYMBOLS_FD 1
#define HAVE_OWN_FIEMAP_EXTENT_SHARED_DEFINE 0

configure: exit 0
