    [CC]     mktables
    [TABLE]  kernel-lib/tables.c
    [CC]     btrfs.o
    [CC]     ctree.o
    [CC]     disk-io.o
    [CC]     kernel-lib/radix-tree.o
    [CC]     extent-tree.o
    [CC]     print-tree.o
    [CC]     root-tree.o
    [CC]     dir-item.o
    [CC]     file-item.o
    [CC]     inode-item.o
    [CC]     inode-map.o
    [CC]     extent-cache.o
    [CC]     extent_io.o
    [CC]     volumes.o
    [CC]     utils.o
    [CC]     repair.o
    [CC]     qgroup.o
    [CC]     free-space-cache.o
    [CC]     kernel-lib/list_sort.o
    [CC]     props.o
    [CC]     kernel-shared/ulist.o
    [CC]     qgroup-verify.o
    [CC]     backref.o
    [CC]     string-table.o
    [CC]     task-utils.o
    [CC]     inode.o
    [CC]     file.o
    [CC]     find-root.o
    [CC]     free-space-tree.o
    [CC]     help.o
    [CC]     send-dump.o
    [CC]     fsfeatures.o
    [CC]     kernel-lib/tables.o
    [CC]     kernel-lib/raid56.o
    [CC]     cmds-subvolume.o
    [CC]     cmds-filesystem.o
    [CC]     cmds-device.o
    [CC]     cmds-scrub.o
    [CC]     cmds-inspect.o
    [CC]     cmds-balance.o
    [CC]     cmds-send.o
    [CC]     cmds-receive.o
    [CC]     cmds-quota.o
    [CC]     cmds-qgroup.o
    [CC]     cmds-replace.o
    [CC]     cmds-check.o
    [CC]     cmds-restore.o
    [CC]     cmds-rescue.o
    [CC]     chunk-recover.o
    [CC]     super-recover.o
    [CC]     cmds-property.o
    [CC]     cmds-fi-usage.o
    [CC]     cmds-inspect-dump-tree.o
    [CC]     cmds-inspect-dump-super.o
    [CC]     cmds-inspect-tree-stats.o
    [CC]     cmds-fi-du.o
    [CC]     mkfs/common.o
    [CC]     send-stream.o
    [CC]     send-utils.o
    [CC]     kernel-lib/rbtree.o
    [CC]     btrfs-list.o
    [CC]     kernel-lib/crc32c.o
    [CC]     messages.o
    [CC]     uuid-tree.o
    [CC]     utils-lib.o
    [CC]     rbtree-utils.o
    [AR]     libbtrfs.a
    [LD]     btrfs
    [CC]     mkfs/main.o
    [LD]     mkfs.btrfs
    [CC]     btrfs-debug-tree.o
    [LD]     btrfs-debug-tree
    [CC]     btrfs-map-logical.o
    [LD]     btrfs-map-logical
    [CC]     image/main.o
    [LD]     btrfs-image
    [CC]     btrfs-zero-log.o
    [LD]     btrfs-zero-log
    [CC]     btrfs-find-root.o
    [LD]     btrfs-find-root
    [CC]     btrfstune.o
    [LD]     btrfstune
    [CC]     btrfs-select-super.o
    [LD]     btrfs-select-super
    [CC]     convert/main.o
    [CC]     convert/common.o
    [CC]     convert/source-fs.o
    [CC]     convert/source-ext2.o
    [LD]     btrfs-convert
    [LN]     btrfsck
    [CC]     btrfs-corrupt-block.o
    [LD]     btrfs-corrupt-block
    [LN]     libbtrfs.so.0
    [LN]     libbtrfs.so
    [LD]     libbtrfs.so.0.1
