checking for gcc... gcc
checking whether the C compiler works... yes
checking for C compiler default output file name... a.out
checking for suffix of executables... 
checking whether we are cross compiling... no
checking for suffix of object files... o
checking whether we are using the GNU C compiler... yes
checking whether gcc accepts -g... yes
checking for gcc option to accept ISO C89... none needed
checking how to run the C preprocessor... gcc -E
checking for grep that handles long lines and -e... /usr/bin/grep
checking for egrep... /usr/bin/grep -E
checking for ANSI C header files... yes
checking for sys/types.h... yes
checking for sys/stat.h... yes
checking for stdlib.h... yes
checking for string.h... yes
checking for memory.h... yes
checking for strings.h... yes
checking for inttypes.h... yes
checking for stdint.h... yes
checking for unistd.h... yes
checking minix/config.h usability... no
checking minix/config.h presence... no
checking for minix/config.h... no
checking whether it is safe to define __EXTENSIONS__... yes
checking for gcc... (cached) gcc
checking whether we are using the GNU C compiler... (cached) yes
checking whether gcc accepts -g... (cached) yes
checking for gcc option to accept ISO C89... (cached) none needed
checking build system type... x86_64-unknown-linux-gnu
checking host system type... x86_64-unknown-linux-gnu
checking for an ANSI C-conforming const... yes
checking for working volatile... yes
checking whether byte ordering is bigendian... no
checking for special C compiler options needed for large files... no
checking for _FILE_OFFSET_BITS value needed for large files... no
checking for a BSD-compatible install... /usr/bin/install -c
checking whether ln -s works... yes
checking for ar... ar
checking for rm... /bin/rm
checking for rmdir... /bin/rmdir
checking for openat... yes
checking for pkg-config... /usr/bin/pkg-config
checking pkg-config is at least version 0.9.0... yes
checking execinfo.h usability... yes
checking execinfo.h presence... yes
checking for execinfo.h... yes
checking for backtrace... yes
checking for backtrace_symbols_fd... yes
checking for EXT2FS... yes
checking for COM_ERR... yes
checking for FIEMAP_EXTENT_SHARED defined in linux/fiemap.h... yes
checking for BLKID... yes
checking for UUID... yes
checking for ZLIB... yes
checking for lzo_version in -llzo2... yes
configure: creating ./config.status
config.status: creating Makefile.inc
config.status: creating Documentation/Makefile
config.status: creating version.h
config.status: creating config.h

	btrfs-progs v4.12

	prefix:            /usr
	exec prefix:       ${prefix}

	bindir:            /bin
	libdir:            /lib
	includedir:        ${prefix}/include

	compiler:          gcc
	cflags:            -g -O1 -Wall -D_FORTIFY_SOURCE=2
	ldflags:           

	documentation:     no
	backtrace support: yes
	btrfs-convert:     yes (ext2)

	Type 'make' to compile.

