Makefile:1501: warning: overriding recipe for target 'recheck'
Makefile:1139: warning: ignoring old recipe for target 'recheck'
make  install-recursive
make[1]: Entering directory '/lfskernel/sources/boot/cairo-1.14.12'
Makefile:1501: warning: overriding recipe for target 'recheck'
Makefile:1139: warning: ignoring old recipe for target 'recheck'
Making install in src
make[2]: Entering directory '/lfskernel/sources/boot/cairo-1.14.12/src'
make  install-am
make[3]: Entering directory '/lfskernel/sources/boot/cairo-1.14.12/src'
make[4]: Entering directory '/lfskernel/sources/boot/cairo-1.14.12/src'
 /bin/mkdir -p '/usr/lib'
 /bin/sh ../libtool   --mode=install /usr/bin/install -c   libcairo.la '/usr/lib'
libtool: install: /usr/bin/install -c .libs/libcairo.so.2.11400.12 /usr/lib/libcairo.so.2.11400.12
libtool: install: (cd /usr/lib && { ln -s -f libcairo.so.2.11400.12 libcairo.so.2 || { rm -f libcairo.so.2 && ln -s libcairo.so.2.11400.12 libcairo.so.2; }; })
libtool: install: (cd /usr/lib && { ln -s -f libcairo.so.2.11400.12 libcairo.so || { rm -f libcairo.so && ln -s libcairo.so.2.11400.12 libcairo.so; }; })
libtool: install: /usr/bin/install -c .libs/libcairo.lai /usr/lib/libcairo.la
libtool: finish: PATH="/bin:/usr/bin:/sbin:/usr/sbin:/sbin" ldconfig -n /usr/lib
----------------------------------------------------------------------
Libraries have been installed in:
   /usr/lib

If you ever happen to want to link against installed libraries
in a given directory, LIBDIR, you must either use libtool, and
specify the full pathname of the library, or use the '-LLIBDIR'
flag during linking and do at least one of the following:
   - add LIBDIR to the 'LD_LIBRARY_PATH' environment variable
     during execution
   - add LIBDIR to the 'LD_RUN_PATH' environment variable
     during linking
   - use the '-Wl,-rpath -Wl,LIBDIR' linker flag
   - have your system administrator add LIBDIR to '/etc/ld.so.conf'

See any operating system documentation about shared libraries for
more information, such as the ld(1) and ld.so(8) manual pages.
----------------------------------------------------------------------
 /bin/mkdir -p '/usr/include/cairo'
 /usr/bin/install -c -m 644 cairo.h cairo-deprecated.h cairo-xcb.h cairo-script.h cairo-ft.h cairo-ps.h cairo-pdf.h cairo-svg.h cairo-tee.h ../cairo-version.h '/usr/include/cairo'
 /bin/mkdir -p '/usr/include/cairo'
 /usr/bin/install -c -m 644 cairo-features.h '/usr/include/cairo'
 /bin/mkdir -p '/usr/lib/pkgconfig'
 /usr/bin/install -c -m 644 cairo.pc cairo-xcb.pc cairo-xcb-shm.pc cairo-png.pc cairo-script.pc cairo-ft.pc cairo-fc.pc cairo-ps.pc cairo-pdf.pc cairo-svg.pc cairo-tee.pc cairo-gobject.pc '/usr/lib/pkgconfig'
make[4]: Leaving directory '/lfskernel/sources/boot/cairo-1.14.12/src'
make[3]: Leaving directory '/lfskernel/sources/boot/cairo-1.14.12/src'
make[2]: Leaving directory '/lfskernel/sources/boot/cairo-1.14.12/src'
Making install in doc
make[2]: Entering directory '/lfskernel/sources/boot/cairo-1.14.12/doc'
make  install-recursive
make[3]: Entering directory '/lfskernel/sources/boot/cairo-1.14.12/doc'
Making install in public
make[4]: Entering directory '/lfskernel/sources/boot/cairo-1.14.12/doc/public'
make  install-am
make[5]: Entering directory '/lfskernel/sources/boot/cairo-1.14.12/doc/public'
make[6]: Entering directory '/lfskernel/sources/boot/cairo-1.14.12/doc/public'
make[6]: Nothing to be done for 'install-exec-am'.
installfiles=`echo ./html/*`; \
if test "$installfiles" = './html/*'; \
then echo '-- Nothing to install' ; \
else \
  /bin/sh /sources/boot/cairo-1.14.12/build/install-sh -d /usr/share/gtk-doc/html/cairo; \
  for i in $installfiles; do \
    echo '-- Installing '$i ; \
    /usr/bin/install -c -m 644 $i /usr/share/gtk-doc/html/cairo; \
  done; \
  echo '-- Installing ./html/index.sgml' ; \
  /usr/bin/install -c -m 644 ./html/index.sgml /usr/share/gtk-doc/html/cairo || :; \
  which gtkdoc-rebase >/dev/null && \
    gtkdoc-rebase --relative --dest-dir= --html-dir=/usr/share/gtk-doc/html/cairo ; \
fi
-- Installing ./html/bindings-errors.html
-- Installing ./html/bindings-fonts.html
-- Installing ./html/bindings-memory.html
-- Installing ./html/bindings-overloading.html
-- Installing ./html/bindings-path.html
-- Installing ./html/bindings-patterns.html
-- Installing ./html/bindings-return-values.html
-- Installing ./html/bindings-streams.html
-- Installing ./html/bindings-surfaces.html
-- Installing ./html/cairo-Error-handling.html
-- Installing ./html/cairo-FreeType-Fonts.html
-- Installing ./html/cairo-Image-Surfaces.html
-- Installing ./html/cairo-PDF-Surfaces.html
-- Installing ./html/cairo-PNG-Support.html
-- Installing ./html/cairo-Paths.html
-- Installing ./html/cairo-PostScript-Surfaces.html
-- Installing ./html/cairo-Quartz-(CGFont)-Fonts.html
-- Installing ./html/cairo-Quartz-Surfaces.html
-- Installing ./html/cairo-Raster-Sources.html
-- Installing ./html/cairo-Recording-Surfaces.html
-- Installing ./html/cairo-Regions.html
-- Installing ./html/cairo-SVG-Surfaces.html
-- Installing ./html/cairo-Script-Surfaces.html
-- Installing ./html/cairo-Transformations.html
-- Installing ./html/cairo-Types.html
-- Installing ./html/cairo-User-Fonts.html
-- Installing ./html/cairo-Version-Information.html
-- Installing ./html/cairo-Win32-Fonts.html
-- Installing ./html/cairo-Win32-Surfaces.html
-- Installing ./html/cairo-XCB-Surfaces.html
-- Installing ./html/cairo-XLib-Surfaces.html
-- Installing ./html/cairo-XLib-XRender-Backend.html
-- Installing ./html/cairo-cairo-device-t.html
-- Installing ./html/cairo-cairo-font-face-t.html
-- Installing ./html/cairo-cairo-font-options-t.html
-- Installing ./html/cairo-cairo-matrix-t.html
-- Installing ./html/cairo-cairo-pattern-t.html
-- Installing ./html/cairo-cairo-scaled-font-t.html
-- Installing ./html/cairo-cairo-surface-t.html
-- Installing ./html/cairo-cairo-t.html
-- Installing ./html/cairo-drawing.html
-- Installing ./html/cairo-fonts.html
-- Installing ./html/cairo-support.html
-- Installing ./html/cairo-surfaces.html
-- Installing ./html/cairo-text.html
-- Installing ./html/cairo.devhelp2
-- Installing ./html/home.png
-- Installing ./html/index-1.10.html
-- Installing ./html/index-1.12.html
-- Installing ./html/index-1.14.html
-- Installing ./html/index-1.2.html
-- Installing ./html/index-1.4.html
-- Installing ./html/index-1.6.html
-- Installing ./html/index-1.8.html
-- Installing ./html/index-all.html
-- Installing ./html/index.html
-- Installing ./html/language-bindings.html
-- Installing ./html/left-insensitive.png
-- Installing ./html/left.png
-- Installing ./html/right-insensitive.png
-- Installing ./html/right.png
-- Installing ./html/style.css
-- Installing ./html/up-insensitive.png
-- Installing ./html/up.png
-- Installing ./html/index.sgml
/usr/bin/install: cannot stat './html/index.sgml': No such file or directory
which: no gtkdoc-rebase in (/bin:/usr/bin:/sbin:/usr/sbin)
make[6]: [Makefile:1886: install-data-local] Error 1 (ignored)
make[6]: Leaving directory '/lfskernel/sources/boot/cairo-1.14.12/doc/public'
make[5]: Leaving directory '/lfskernel/sources/boot/cairo-1.14.12/doc/public'
make[4]: Leaving directory '/lfskernel/sources/boot/cairo-1.14.12/doc/public'
make[4]: Entering directory '/lfskernel/sources/boot/cairo-1.14.12/doc'
make[5]: Entering directory '/lfskernel/sources/boot/cairo-1.14.12/doc'
make[5]: Nothing to be done for 'install-exec-am'.
make[5]: Nothing to be done for 'install-data-am'.
make[5]: Leaving directory '/lfskernel/sources/boot/cairo-1.14.12/doc'
make[4]: Leaving directory '/lfskernel/sources/boot/cairo-1.14.12/doc'
make[3]: Leaving directory '/lfskernel/sources/boot/cairo-1.14.12/doc'
make[2]: Leaving directory '/lfskernel/sources/boot/cairo-1.14.12/doc'
Making install in util
make[2]: Entering directory '/lfskernel/sources/boot/cairo-1.14.12/util'
make  install-recursive
make[3]: Entering directory '/lfskernel/sources/boot/cairo-1.14.12/util'
Making install in .
make[4]: Entering directory '/lfskernel/sources/boot/cairo-1.14.12/util'
make[5]: Entering directory '/lfskernel/sources/boot/cairo-1.14.12/util'
make[5]: Nothing to be done for 'install-exec-am'.
make[5]: Nothing to be done for 'install-data-am'.
make[5]: Leaving directory '/lfskernel/sources/boot/cairo-1.14.12/util'
make[4]: Leaving directory '/lfskernel/sources/boot/cairo-1.14.12/util'
Making install in cairo-missing
make[4]: Entering directory '/lfskernel/sources/boot/cairo-1.14.12/util/cairo-missing'
make[5]: Entering directory '/lfskernel/sources/boot/cairo-1.14.12/util/cairo-missing'
make[5]: Nothing to be done for 'install-exec-am'.
make[5]: Nothing to be done for 'install-data-am'.
make[5]: Leaving directory '/lfskernel/sources/boot/cairo-1.14.12/util/cairo-missing'
make[4]: Leaving directory '/lfskernel/sources/boot/cairo-1.14.12/util/cairo-missing'
Making install in cairo-gobject
make[4]: Entering directory '/lfskernel/sources/boot/cairo-1.14.12/util/cairo-gobject'
make[5]: Entering directory '/lfskernel/sources/boot/cairo-1.14.12/util/cairo-gobject'
 /bin/mkdir -p '/usr/lib'
 /bin/sh ../../libtool   --mode=install /usr/bin/install -c   libcairo-gobject.la '/usr/lib'
libtool: warning: relinking 'libcairo-gobject.la'
libtool: install: (cd /sources/boot/cairo-1.14.12/util/cairo-gobject; /bin/sh "/sources/boot/cairo-1.14.12/libtool"  --silent --tag CC --mode=relink gcc -D_REENTRANT -I/usr/include/pixman-1 -I/usr/include/freetype2 -I/usr/include/libpng16 -I/usr/include/harfbuzz -I/usr/include/glib-2.0 -I/usr/lib/glib-2.0/include -I/usr/include/freetype2 -I/usr/include/libpng16 -I/usr/include/harfbuzz -I/usr/include/glib-2.0 -I/usr/lib/glib-2.0/include -I/usr/include/freetype2 -I/usr/include/libpng16 -I/usr/include/harfbuzz -I/usr/include/glib-2.0 -I/usr/lib/glib-2.0/include -I/usr/include/libpng16 -Wall -Wextra -Wmissing-declarations -Werror-implicit-function-declaration -Wpointer-arith -Wwrite-strings -Wsign-compare -Wpacked -Wswitch-enum -Wmissing-format-attribute -Wvolatile-register-var -Wstrict-aliasing=2 -Winit-self -Wunsafe-loop-optimizations -Wno-missing-field-initializers -Wno-unused-parameter -Wno-attributes -Wno-long-long -Winline -fno-strict-aliasing -fno-common -Wp,-D_FORTIFY_SOURCE=2 -Wno-unused-but-set-variable -I/usr/include/glib-2.0 -I/usr/lib/glib-2.0/include -g -O2 -version-info 11402:12:11400 -no-undefined -o libcairo-gobject.la -rpath /usr/lib libcairo_gobject_la-cairo-gobject-enums.lo libcairo_gobject_la-cairo-gobject-structs.lo ../../src/libcairo.la -lpthread -lpixman-1 -lfontconfig -lfreetype -lfreetype -lpng16 -lz -lxcb-shm -lxcb -lxcb-render -lz -lz -lgobject-2.0 -lglib-2.0 -lrt -lm )
libtool: install: /usr/bin/install -c .libs/libcairo-gobject.so.2.11400.12T /usr/lib/libcairo-gobject.so.2.11400.12
libtool: install: (cd /usr/lib && { ln -s -f libcairo-gobject.so.2.11400.12 libcairo-gobject.so.2 || { rm -f libcairo-gobject.so.2 && ln -s libcairo-gobject.so.2.11400.12 libcairo-gobject.so.2; }; })
libtool: install: (cd /usr/lib && { ln -s -f libcairo-gobject.so.2.11400.12 libcairo-gobject.so || { rm -f libcairo-gobject.so && ln -s libcairo-gobject.so.2.11400.12 libcairo-gobject.so; }; })
libtool: install: /usr/bin/install -c .libs/libcairo-gobject.lai /usr/lib/libcairo-gobject.la
libtool: finish: PATH="/bin:/usr/bin:/sbin:/usr/sbin:/sbin" ldconfig -n /usr/lib
----------------------------------------------------------------------
Libraries have been installed in:
   /usr/lib

If you ever happen to want to link against installed libraries
in a given directory, LIBDIR, you must either use libtool, and
specify the full pathname of the library, or use the '-LLIBDIR'
flag during linking and do at least one of the following:
   - add LIBDIR to the 'LD_LIBRARY_PATH' environment variable
     during execution
   - add LIBDIR to the 'LD_RUN_PATH' environment variable
     during linking
   - use the '-Wl,-rpath -Wl,LIBDIR' linker flag
   - have your system administrator add LIBDIR to '/etc/ld.so.conf'

See any operating system documentation about shared libraries for
more information, such as the ld(1) and ld.so(8) manual pages.
----------------------------------------------------------------------
 /bin/mkdir -p '/usr/include/cairo'
 /usr/bin/install -c -m 644 cairo-gobject.h '/usr/include/cairo'
make[5]: Leaving directory '/lfskernel/sources/boot/cairo-1.14.12/util/cairo-gobject'
make[4]: Leaving directory '/lfskernel/sources/boot/cairo-1.14.12/util/cairo-gobject'
Making install in cairo-script
make[4]: Entering directory '/lfskernel/sources/boot/cairo-1.14.12/util/cairo-script'
Making install in examples
make[5]: Entering directory '/lfskernel/sources/boot/cairo-1.14.12/util/cairo-script/examples'
make[6]: Entering directory '/lfskernel/sources/boot/cairo-1.14.12/util/cairo-script/examples'
make[6]: Nothing to be done for 'install-exec-am'.
make[6]: Nothing to be done for 'install-data-am'.
make[6]: Leaving directory '/lfskernel/sources/boot/cairo-1.14.12/util/cairo-script/examples'
make[5]: Leaving directory '/lfskernel/sources/boot/cairo-1.14.12/util/cairo-script/examples'
make[5]: Entering directory '/lfskernel/sources/boot/cairo-1.14.12/util/cairo-script'
make[6]: Entering directory '/lfskernel/sources/boot/cairo-1.14.12/util/cairo-script'
 /bin/mkdir -p '/usr/lib'
 /bin/sh ../../libtool   --mode=install /usr/bin/install -c   libcairo-script-interpreter.la '/usr/lib'
libtool: warning: relinking 'libcairo-script-interpreter.la'
libtool: install: (cd /sources/boot/cairo-1.14.12/util/cairo-script; /bin/sh "/sources/boot/cairo-1.14.12/libtool"  --silent --tag CC --mode=relink gcc -D_REENTRANT -I/usr/include/pixman-1 -I/usr/include/freetype2 -I/usr/include/libpng16 -I/usr/include/harfbuzz -I/usr/include/glib-2.0 -I/usr/lib/glib-2.0/include -I/usr/include/freetype2 -I/usr/include/libpng16 -I/usr/include/harfbuzz -I/usr/include/glib-2.0 -I/usr/lib/glib-2.0/include -I/usr/include/freetype2 -I/usr/include/libpng16 -I/usr/include/harfbuzz -I/usr/include/glib-2.0 -I/usr/lib/glib-2.0/include -I/usr/include/libpng16 -Wall -Wextra -Wmissing-declarations -Werror-implicit-function-declaration -Wpointer-arith -Wwrite-strings -Wsign-compare -Wpacked -Wswitch-enum -Wmissing-format-attribute -Wvolatile-register-var -Wstrict-aliasing=2 -Winit-self -Wunsafe-loop-optimizations -Wno-missing-field-initializers -Wno-unused-parameter -Wno-attributes -Wno-long-long -Winline -fno-strict-aliasing -fno-common -Wp,-D_FORTIFY_SOURCE=2 -Wno-unused-but-set-variable -g -O2 -version-info 11402:12:11400 -no-undefined -o libcairo-script-interpreter.la -rpath /usr/lib libcairo_script_interpreter_la-cairo-script-file.lo libcairo_script_interpreter_la-cairo-script-hash.lo libcairo_script_interpreter_la-cairo-script-interpreter.lo libcairo_script_interpreter_la-cairo-script-objects.lo libcairo_script_interpreter_la-cairo-script-operators.lo libcairo_script_interpreter_la-cairo-script-scanner.lo libcairo_script_interpreter_la-cairo-script-stack.lo ../../src/libcairo.la -lpthread -lpixman-1 -lfontconfig -lfreetype -lfreetype -lpng16 -lz -lxcb-shm -lxcb -lxcb-render -lz -lz -llzo2 -lz -lrt -lm )
libtool: install: /usr/bin/install -c .libs/libcairo-script-interpreter.so.2.11400.12T /usr/lib/libcairo-script-interpreter.so.2.11400.12
libtool: install: (cd /usr/lib && { ln -s -f libcairo-script-interpreter.so.2.11400.12 libcairo-script-interpreter.so.2 || { rm -f libcairo-script-interpreter.so.2 && ln -s libcairo-script-interpreter.so.2.11400.12 libcairo-script-interpreter.so.2; }; })
libtool: install: (cd /usr/lib && { ln -s -f libcairo-script-interpreter.so.2.11400.12 libcairo-script-interpreter.so || { rm -f libcairo-script-interpreter.so && ln -s libcairo-script-interpreter.so.2.11400.12 libcairo-script-interpreter.so; }; })
libtool: install: /usr/bin/install -c .libs/libcairo-script-interpreter.lai /usr/lib/libcairo-script-interpreter.la
libtool: finish: PATH="/bin:/usr/bin:/sbin:/usr/sbin:/sbin" ldconfig -n /usr/lib
----------------------------------------------------------------------
Libraries have been installed in:
   /usr/lib

If you ever happen to want to link against installed libraries
in a given directory, LIBDIR, you must either use libtool, and
specify the full pathname of the library, or use the '-LLIBDIR'
flag during linking and do at least one of the following:
   - add LIBDIR to the 'LD_LIBRARY_PATH' environment variable
     during execution
   - add LIBDIR to the 'LD_RUN_PATH' environment variable
     during linking
   - use the '-Wl,-rpath -Wl,LIBDIR' linker flag
   - have your system administrator add LIBDIR to '/etc/ld.so.conf'

See any operating system documentation about shared libraries for
more information, such as the ld(1) and ld.so(8) manual pages.
----------------------------------------------------------------------
 /bin/mkdir -p '/usr/include/cairo'
 /usr/bin/install -c -m 644 cairo-script-interpreter.h '/usr/include/cairo'
make[6]: Leaving directory '/lfskernel/sources/boot/cairo-1.14.12/util/cairo-script'
make[5]: Leaving directory '/lfskernel/sources/boot/cairo-1.14.12/util/cairo-script'
make[4]: Leaving directory '/lfskernel/sources/boot/cairo-1.14.12/util/cairo-script'
Making install in cairo-trace
make[4]: Entering directory '/lfskernel/sources/boot/cairo-1.14.12/util/cairo-trace'
make[5]: Entering directory '/lfskernel/sources/boot/cairo-1.14.12/util/cairo-trace'
 /bin/mkdir -p '/usr/bin'
 /usr/bin/install -c cairo-trace '/usr/bin'
 /bin/mkdir -p '/usr/lib/cairo'
 /bin/sh ../../libtool   --mode=install /usr/bin/install -c   libcairo-trace.la '/usr/lib/cairo'
libtool: install: /usr/bin/install -c .libs/libcairo-trace.so.0.0.0 /usr/lib/cairo/libcairo-trace.so.0.0.0
libtool: install: (cd /usr/lib/cairo && { ln -s -f libcairo-trace.so.0.0.0 libcairo-trace.so.0 || { rm -f libcairo-trace.so.0 && ln -s libcairo-trace.so.0.0.0 libcairo-trace.so.0; }; })
libtool: install: (cd /usr/lib/cairo && { ln -s -f libcairo-trace.so.0.0.0 libcairo-trace.so || { rm -f libcairo-trace.so && ln -s libcairo-trace.so.0.0.0 libcairo-trace.so; }; })
libtool: install: /usr/bin/install -c .libs/libcairo-trace.lai /usr/lib/cairo/libcairo-trace.la
libtool: finish: PATH="/bin:/usr/bin:/sbin:/usr/sbin:/sbin" ldconfig -n /usr/lib/cairo
----------------------------------------------------------------------
Libraries have been installed in:
   /usr/lib/cairo

If you ever happen to want to link against installed libraries
in a given directory, LIBDIR, you must either use libtool, and
specify the full pathname of the library, or use the '-LLIBDIR'
flag during linking and do at least one of the following:
   - add LIBDIR to the 'LD_LIBRARY_PATH' environment variable
     during execution
   - add LIBDIR to the 'LD_RUN_PATH' environment variable
     during linking
   - use the '-Wl,-rpath -Wl,LIBDIR' linker flag
   - have your system administrator add LIBDIR to '/etc/ld.so.conf'

See any operating system documentation about shared libraries for
more information, such as the ld(1) and ld.so(8) manual pages.
----------------------------------------------------------------------
make[5]: Leaving directory '/lfskernel/sources/boot/cairo-1.14.12/util/cairo-trace'
make[4]: Leaving directory '/lfskernel/sources/boot/cairo-1.14.12/util/cairo-trace'
Making install in cairo-fdr
make[4]: Entering directory '/lfskernel/sources/boot/cairo-1.14.12/util/cairo-fdr'
make[5]: Entering directory '/lfskernel/sources/boot/cairo-1.14.12/util/cairo-fdr'
make[5]: Nothing to be done for 'install-exec-am'.
 /bin/mkdir -p '/usr/lib/cairo'
 /bin/sh ../../libtool   --mode=install /usr/bin/install -c   cairo-fdr.la '/usr/lib/cairo'
libtool: install: /usr/bin/install -c .libs/cairo-fdr.so.0.0.0 /usr/lib/cairo/cairo-fdr.so.0.0.0
libtool: install: (cd /usr/lib/cairo && { ln -s -f cairo-fdr.so.0.0.0 cairo-fdr.so.0 || { rm -f cairo-fdr.so.0 && ln -s cairo-fdr.so.0.0.0 cairo-fdr.so.0; }; })
libtool: install: (cd /usr/lib/cairo && { ln -s -f cairo-fdr.so.0.0.0 cairo-fdr.so || { rm -f cairo-fdr.so && ln -s cairo-fdr.so.0.0.0 cairo-fdr.so; }; })
libtool: install: /usr/bin/install -c .libs/cairo-fdr.lai /usr/lib/cairo/cairo-fdr.la
libtool: finish: PATH="/bin:/usr/bin:/sbin:/usr/sbin:/sbin" ldconfig -n /usr/lib/cairo
----------------------------------------------------------------------
Libraries have been installed in:
   /usr/lib/cairo

If you ever happen to want to link against installed libraries
in a given directory, LIBDIR, you must either use libtool, and
specify the full pathname of the library, or use the '-LLIBDIR'
flag during linking and do at least one of the following:
   - add LIBDIR to the 'LD_LIBRARY_PATH' environment variable
     during execution
   - add LIBDIR to the 'LD_RUN_PATH' environment variable
     during linking
   - use the '-Wl,-rpath -Wl,LIBDIR' linker flag
   - have your system administrator add LIBDIR to '/etc/ld.so.conf'

See any operating system documentation about shared libraries for
more information, such as the ld(1) and ld.so(8) manual pages.
----------------------------------------------------------------------
make[5]: Leaving directory '/lfskernel/sources/boot/cairo-1.14.12/util/cairo-fdr'
make[4]: Leaving directory '/lfskernel/sources/boot/cairo-1.14.12/util/cairo-fdr'
Making install in cairo-sphinx
make[4]: Entering directory '/lfskernel/sources/boot/cairo-1.14.12/util/cairo-sphinx'
make[5]: Entering directory '/lfskernel/sources/boot/cairo-1.14.12/util/cairo-sphinx'
 /bin/mkdir -p '/usr/bin'
  /bin/sh ../../libtool   --mode=install /usr/bin/install -c cairo-sphinx '/usr/bin'
libtool: install: /usr/bin/install -c .libs/cairo-sphinx /usr/bin/cairo-sphinx
 /bin/mkdir -p '/usr/lib/cairo'
 /bin/sh ../../libtool   --mode=install /usr/bin/install -c   cairo-sphinx.la '/usr/lib/cairo'
libtool: install: /usr/bin/install -c .libs/cairo-sphinx.so.0.0.0 /usr/lib/cairo/cairo-sphinx.so.0.0.0
libtool: install: (cd /usr/lib/cairo && { ln -s -f cairo-sphinx.so.0.0.0 cairo-sphinx.so.0 || { rm -f cairo-sphinx.so.0 && ln -s cairo-sphinx.so.0.0.0 cairo-sphinx.so.0; }; })
libtool: install: (cd /usr/lib/cairo && { ln -s -f cairo-sphinx.so.0.0.0 cairo-sphinx.so || { rm -f cairo-sphinx.so && ln -s cairo-sphinx.so.0.0.0 cairo-sphinx.so; }; })
libtool: install: /usr/bin/install -c .libs/cairo-sphinx.lai /usr/lib/cairo/cairo-sphinx.la
libtool: finish: PATH="/bin:/usr/bin:/sbin:/usr/sbin:/sbin" ldconfig -n /usr/lib/cairo
----------------------------------------------------------------------
Libraries have been installed in:
   /usr/lib/cairo

If you ever happen to want to link against installed libraries
in a given directory, LIBDIR, you must either use libtool, and
specify the full pathname of the library, or use the '-LLIBDIR'
flag during linking and do at least one of the following:
   - add LIBDIR to the 'LD_LIBRARY_PATH' environment variable
     during execution
   - add LIBDIR to the 'LD_RUN_PATH' environment variable
     during linking
   - use the '-Wl,-rpath -Wl,LIBDIR' linker flag
   - have your system administrator add LIBDIR to '/etc/ld.so.conf'

See any operating system documentation about shared libraries for
more information, such as the ld(1) and ld.so(8) manual pages.
----------------------------------------------------------------------
make[5]: Leaving directory '/lfskernel/sources/boot/cairo-1.14.12/util/cairo-sphinx'
make[4]: Leaving directory '/lfskernel/sources/boot/cairo-1.14.12/util/cairo-sphinx'
make[3]: Leaving directory '/lfskernel/sources/boot/cairo-1.14.12/util'
make[2]: Leaving directory '/lfskernel/sources/boot/cairo-1.14.12/util'
Making install in boilerplate
make[2]: Entering directory '/lfskernel/sources/boot/cairo-1.14.12/boilerplate'
make  install-am
make[3]: Entering directory '/lfskernel/sources/boot/cairo-1.14.12/boilerplate'
make[4]: Entering directory '/lfskernel/sources/boot/cairo-1.14.12/boilerplate'
make[4]: Nothing to be done for 'install-exec-am'.
make[4]: Nothing to be done for 'install-data-am'.
make[4]: Leaving directory '/lfskernel/sources/boot/cairo-1.14.12/boilerplate'
make[3]: Leaving directory '/lfskernel/sources/boot/cairo-1.14.12/boilerplate'
make[2]: Leaving directory '/lfskernel/sources/boot/cairo-1.14.12/boilerplate'
Making install in test
make[2]: Entering directory '/lfskernel/sources/boot/cairo-1.14.12/test'
make  install-recursive
make[3]: Entering directory '/lfskernel/sources/boot/cairo-1.14.12/test'
Making install in pdiff
make[4]: Entering directory '/lfskernel/sources/boot/cairo-1.14.12/test/pdiff'
make  install-am
make[5]: Entering directory '/lfskernel/sources/boot/cairo-1.14.12/test/pdiff'
make[6]: Entering directory '/lfskernel/sources/boot/cairo-1.14.12/test/pdiff'
make[6]: Nothing to be done for 'install-exec-am'.
make[6]: Nothing to be done for 'install-data-am'.
make[6]: Leaving directory '/lfskernel/sources/boot/cairo-1.14.12/test/pdiff'
make[5]: Leaving directory '/lfskernel/sources/boot/cairo-1.14.12/test/pdiff'
make[4]: Leaving directory '/lfskernel/sources/boot/cairo-1.14.12/test/pdiff'
Making install in .
make[4]: Entering directory '/lfskernel/sources/boot/cairo-1.14.12/test'
make[5]: Entering directory '/lfskernel/sources/boot/cairo-1.14.12/test'
make[5]: Nothing to be done for 'install-exec-am'.
make[5]: Nothing to be done for 'install-data-am'.
make[5]: Leaving directory '/lfskernel/sources/boot/cairo-1.14.12/test'
make[4]: Leaving directory '/lfskernel/sources/boot/cairo-1.14.12/test'
make[3]: Leaving directory '/lfskernel/sources/boot/cairo-1.14.12/test'
make[2]: Leaving directory '/lfskernel/sources/boot/cairo-1.14.12/test'
Making install in perf
make[2]: Entering directory '/lfskernel/sources/boot/cairo-1.14.12/perf'
make  install-recursive
make[3]: Entering directory '/lfskernel/sources/boot/cairo-1.14.12/perf'
Making install in micro
make[4]: Entering directory '/lfskernel/sources/boot/cairo-1.14.12/perf/micro'
make  install-am
make[5]: Entering directory '/lfskernel/sources/boot/cairo-1.14.12/perf/micro'
make[6]: Entering directory '/lfskernel/sources/boot/cairo-1.14.12/perf/micro'
make[6]: Nothing to be done for 'install-exec-am'.
make[6]: Nothing to be done for 'install-data-am'.
make[6]: Leaving directory '/lfskernel/sources/boot/cairo-1.14.12/perf/micro'
make[5]: Leaving directory '/lfskernel/sources/boot/cairo-1.14.12/perf/micro'
make[4]: Leaving directory '/lfskernel/sources/boot/cairo-1.14.12/perf/micro'
make[4]: Entering directory '/lfskernel/sources/boot/cairo-1.14.12/perf'
make[5]: Entering directory '/lfskernel/sources/boot/cairo-1.14.12/perf'
make[5]: Nothing to be done for 'install-exec-am'.
make[5]: Nothing to be done for 'install-data-am'.
make[5]: Leaving directory '/lfskernel/sources/boot/cairo-1.14.12/perf'
make[4]: Leaving directory '/lfskernel/sources/boot/cairo-1.14.12/perf'
make[3]: Leaving directory '/lfskernel/sources/boot/cairo-1.14.12/perf'
make[2]: Leaving directory '/lfskernel/sources/boot/cairo-1.14.12/perf'
make[2]: Entering directory '/lfskernel/sources/boot/cairo-1.14.12'
Makefile:1501: warning: overriding recipe for target 'recheck'
Makefile:1139: warning: ignoring old recipe for target 'recheck'
make[3]: Entering directory '/lfskernel/sources/boot/cairo-1.14.12'
Makefile:1501: warning: overriding recipe for target 'recheck'
Makefile:1139: warning: ignoring old recipe for target 'recheck'
make[3]: Nothing to be done for 'install-exec-am'.
make[3]: Nothing to be done for 'install-data-am'.
make[3]: Leaving directory '/lfskernel/sources/boot/cairo-1.14.12'
make[2]: Leaving directory '/lfskernel/sources/boot/cairo-1.14.12'
make[1]: Leaving directory '/lfskernel/sources/boot/cairo-1.14.12'
