Making install in lib
make[1]: Entering directory '/sources/check-0.12.0/build/lib'
make[2]: Entering directory '/sources/check-0.12.0/build/lib'
make[2]: Nothing to be done for 'install-exec-am'.
make[2]: Nothing to be done for 'install-data-am'.
make[2]: Leaving directory '/sources/check-0.12.0/build/lib'
make[1]: Leaving directory '/sources/check-0.12.0/build/lib'
Making install in src
make[1]: Entering directory '/sources/check-0.12.0/build/src'
make[2]: Entering directory '/sources/check-0.12.0/build/src'
 /bin/mkdir -p '/usr/lib'
 /bin/sh ../libtool   --mode=install /usr/bin/install -c   libcheck.la '/usr/lib'
libtool: install: /usr/bin/install -c .libs/libcheck.so.0.0.0 /usr/lib/libcheck.so.0.0.0
libtool: install: (cd /usr/lib && { ln -s -f libcheck.so.0.0.0 libcheck.so.0 || { rm -f libcheck.so.0 && ln -s libcheck.so.0.0.0 libcheck.so.0; }; })
libtool: install: (cd /usr/lib && { ln -s -f libcheck.so.0.0.0 libcheck.so || { rm -f libcheck.so && ln -s libcheck.so.0.0.0 libcheck.so; }; })
libtool: install: /usr/bin/install -c .libs/libcheck.lai /usr/lib/libcheck.la
libtool: install: /usr/bin/install -c .libs/libcheck.a /usr/lib/libcheck.a
libtool: install: chmod 644 /usr/lib/libcheck.a
libtool: install: ranlib /usr/lib/libcheck.a
libtool: finish: PATH="/bin:/usr/bin:/sbin:/usr/sbin:/tools/bin:/sbin" ldconfig -n /usr/lib
----------------------------------------------------------------------
Libraries have been installed in:
   /usr/lib

If you ever happen to want to link against installed libraries
in a given directory, LIBDIR, you must either use libtool, and
specify the full pathname of the library, or use the '-LLIBDIR'
flag during linking and do at least one of the following:
   - add LIBDIR to the 'LD_LIBRARY_PATH' environment variable
     during execution
   - add LIBDIR to the 'LD_RUN_PATH' environment variable
     during linking
   - use the '-Wl,-rpath -Wl,LIBDIR' linker flag
   - have your system administrator add LIBDIR to '/etc/ld.so.conf'

See any operating system documentation about shared libraries for
more information, such as the ld(1) and ld.so(8) manual pages.
----------------------------------------------------------------------
 /bin/mkdir -p '/usr/include'
 /usr/bin/install -c -m 644 check.h '/usr/include'
make[2]: Leaving directory '/sources/check-0.12.0/build/src'
make[1]: Leaving directory '/sources/check-0.12.0/build/src'
Making install in doc
make[1]: Entering directory '/sources/check-0.12.0/build/doc'
make[2]: Entering directory '/sources/check-0.12.0/build/doc'
make[2]: Nothing to be done for 'install-exec-am'.
 /bin/mkdir -p '/usr/share/doc/check/example'
 /usr/bin/install -c -m 644 ../../doc/example/Makefile.am ../../doc/example/README ../../doc/example/configure.ac '/usr/share/doc/check/example'
 /bin/mkdir -p '/usr/share/doc/check/example/src'
 /usr/bin/install -c -m 644 ../../doc/example/src/Makefile.am ../../doc/example/src/main.c ../../doc/example/src/money.c ../../doc/example/src/money.h ../../doc/example/src/money.1.h ../../doc/example/src/money.2.h ../../doc/example/src/money.1.c ../../doc/example/src/money.3.c ../../doc/example/src/money.4.c ../../doc/example/src/money.5.c ../../doc/example/src/money.6.c '/usr/share/doc/check/example/src'
 /bin/mkdir -p '/usr/share/doc/check/example/tests'
 /usr/bin/install -c -m 644 ../../doc/example/tests/Makefile.am ../../doc/example/tests/check_money.c ../../doc/example/tests/check_money.1.c ../../doc/example/tests/check_money.2.c ../../doc/example/tests/check_money.3.c ../../doc/example/tests/check_money.6.c ../../doc/example/tests/check_money.7.c '/usr/share/doc/check/example/tests'
 /bin/mkdir -p '/usr/share/info'
 /usr/bin/install -c -m 644 ../../doc/check.info '/usr/share/info'
 install-info --info-dir='/usr/share/info' '/usr/share/info/check.info'
make[2]: Leaving directory '/sources/check-0.12.0/build/doc'
make[1]: Leaving directory '/sources/check-0.12.0/build/doc'
Making install in .
make[1]: Entering directory '/sources/check-0.12.0/build'
make[2]: Entering directory '/sources/check-0.12.0/build'
make[2]: Nothing to be done for 'install-exec-am'.
 /bin/mkdir -p '/usr/share/doc/check'
 /usr/bin/install -c -m 644 ../ChangeLog ../NEWS ../README ../COPYING.LESSER '/usr/share/doc/check'
 /bin/mkdir -p '/usr/include'
 /usr/bin/install -c -m 644 check_stdint.h '/usr/include'
 /bin/mkdir -p '/usr/share/aclocal'
 /usr/bin/install -c -m 644 ../check.m4 '/usr/share/aclocal'
 /bin/mkdir -p '/usr/lib/pkgconfig'
 /usr/bin/install -c -m 644 check.pc '/usr/lib/pkgconfig'
make[2]: Leaving directory '/sources/check-0.12.0/build'
make[1]: Leaving directory '/sources/check-0.12.0/build'
Making install in checkmk
make[1]: Entering directory '/sources/check-0.12.0/build/checkmk'
make[2]: Entering directory '/sources/check-0.12.0/build/checkmk'
 /bin/mkdir -p '/usr/bin'
 /usr/bin/install -c checkmk '/usr/bin'
 /bin/mkdir -p '/usr/share/man/man1'
 /usr/bin/install -c -m 644 ../../checkmk/doc/checkmk.1 '/usr/share/man/man1'
make[2]: Leaving directory '/sources/check-0.12.0/build/checkmk'
make[1]: Leaving directory '/sources/check-0.12.0/build/checkmk'
Making install in tests
make[1]: Entering directory '/sources/check-0.12.0/build/tests'
make[2]: Entering directory '/sources/check-0.12.0/build/tests'
make[2]: Nothing to be done for 'install-exec-am'.
make[2]: Nothing to be done for 'install-data-am'.
make[2]: Leaving directory '/sources/check-0.12.0/build/tests'
make[1]: Leaving directory '/sources/check-0.12.0/build/tests'
