This file contains any messages produced by compilers while
running configure, to aid debugging if configure makes a mistake.

It was created by cifs-utils configure 6.7, which was
generated by GNU Autoconf 2.69.  Invocation command line was

  $ ./configure --prefix=/usr --disable-pam

## --------- ##
## Platform. ##
## --------- ##

hostname = localhost.localdomain
uname -m = x86_64
uname -r = 3.10.0-693.11.1.el7.x86_64
uname -s = Linux
uname -v = #1 SMP Mon Dec 4 23:52:40 UTC 2017

/usr/bin/uname -p = unknown
/bin/uname -X     = unknown

/bin/arch              = x86_64
/usr/bin/arch -k       = unknown
/usr/convex/getsysinfo = unknown
/usr/bin/hostinfo      = unknown
/bin/machine           = unknown
/usr/bin/oslevel       = unknown
/bin/universe          = unknown

PATH: /bin
PATH: /usr/bin
PATH: /sbin
PATH: /usr/sbin


## ----------- ##
## Core tests. ##
## ----------- ##

configure:2383: checking for a BSD-compatible install
configure:2451: result: /usr/bin/install -c
configure:2462: checking whether build environment is sane
configure:2517: result: yes
configure:2668: checking for a thread-safe mkdir -p
configure:2707: result: /bin/mkdir -p
configure:2714: checking for gawk
configure:2730: found /usr/bin/gawk
configure:2741: result: gawk
configure:2752: checking whether make sets $(MAKE)
configure:2774: result: yes
configure:2803: checking whether make supports nested variables
configure:2820: result: yes
configure:3095: checking for gcc
configure:3111: found /usr/bin/gcc
configure:3122: result: gcc
configure:3351: checking for C compiler version
configure:3360: gcc --version >&5
gcc (GCC) 7.2.0
Copyright (C) 2017 Free Software Foundation, Inc.
This is free software; see the source for copying conditions.  There is NO
warranty; not even for MERCHANTABILITY or FITNESS FOR A PARTICULAR PURPOSE.

configure:3371: $? = 0
configure:3360: gcc -v >&5
Using built-in specs.
COLLECT_GCC=gcc
COLLECT_LTO_WRAPPER=/usr/libexec/gcc/x86_64-pc-linux-gnu/7.2.0/lto-wrapper
Target: x86_64-pc-linux-gnu
Configured with: ../configure --prefix=/usr --enable-languages=c,c++ --disable-multilib --disable-bootstrap --with-system-zlib
Thread model: posix
gcc version 7.2.0 (GCC) 
configure:3371: $? = 0
configure:3360: gcc -V >&5
gcc: error: unrecognized command line option '-V'
gcc: fatal error: no input files
compilation terminated.
configure:3371: $? = 1
configure:3360: gcc -qversion >&5
gcc: error: unrecognized command line option '-qversion'; did you mean '--version'?
gcc: fatal error: no input files
compilation terminated.
configure:3371: $? = 1
configure:3391: checking whether the C compiler works
configure:3413: gcc    conftest.c  >&5
configure:3417: $? = 0
configure:3465: result: yes
configure:3468: checking for C compiler default output file name
configure:3470: result: a.out
configure:3476: checking for suffix of executables
configure:3483: gcc -o conftest    conftest.c  >&5
configure:3487: $? = 0
configure:3509: result: 
configure:3531: checking whether we are cross compiling
configure:3539: gcc -o conftest    conftest.c  >&5
configure:3543: $? = 0
configure:3550: ./conftest
configure:3554: $? = 0
configure:3569: result: no
configure:3574: checking for suffix of object files
configure:3596: gcc -c   conftest.c >&5
configure:3600: $? = 0
configure:3621: result: o
configure:3625: checking whether we are using the GNU C compiler
configure:3644: gcc -c   conftest.c >&5
configure:3644: $? = 0
configure:3653: result: yes
configure:3662: checking whether gcc accepts -g
configure:3682: gcc -c -g  conftest.c >&5
configure:3682: $? = 0
configure:3723: result: yes
configure:3740: checking for gcc option to accept ISO C89
configure:3803: gcc  -c -g -O2  conftest.c >&5
configure:3803: $? = 0
configure:3816: result: none needed
configure:3841: checking whether gcc understands -c and -o together
configure:3863: gcc -c conftest.c -o conftest2.o
configure:3866: $? = 0
configure:3863: gcc -c conftest.c -o conftest2.o
configure:3866: $? = 0
configure:3878: result: yes
configure:3906: checking for style of include used by make
configure:3934: result: GNU
configure:3960: checking dependency style of gcc
configure:4071: result: gcc3
configure:4092: checking how to run the C preprocessor
configure:4123: gcc -E  conftest.c
configure:4123: $? = 0
configure:4137: gcc -E  conftest.c
conftest.c:12:10: fatal error: ac_nonexistent.h: No such file or directory
 #include <ac_nonexistent.h>
          ^~~~~~~~~~~~~~~~~~
compilation terminated.
configure:4137: $? = 1
configure: failed program was:
| /* confdefs.h */
| #define PACKAGE_NAME "cifs-utils"
| #define PACKAGE_TARNAME "cifs-utils"
| #define PACKAGE_VERSION "6.7"
| #define PACKAGE_STRING "cifs-utils 6.7"
| #define PACKAGE_BUGREPORT "linux-cifs@vger.kernel.org"
| #define PACKAGE_URL "https://wiki.samba.org/index.php/LinuxCIFS_utils"
| #define PACKAGE "cifs-utils"
| #define VERSION "6.7"
| #define IDMAP_PLUGIN_PATH "/etc/cifs-utils/idmap-plugin"
| /* end confdefs.h.  */
| #include <ac_nonexistent.h>
configure:4162: result: gcc -E
configure:4182: gcc -E  conftest.c
configure:4182: $? = 0
configure:4196: gcc -E  conftest.c
conftest.c:12:10: fatal error: ac_nonexistent.h: No such file or directory
 #include <ac_nonexistent.h>
          ^~~~~~~~~~~~~~~~~~
compilation terminated.
configure:4196: $? = 1
configure: failed program was:
| /* confdefs.h */
| #define PACKAGE_NAME "cifs-utils"
| #define PACKAGE_TARNAME "cifs-utils"
| #define PACKAGE_VERSION "6.7"
| #define PACKAGE_STRING "cifs-utils 6.7"
| #define PACKAGE_BUGREPORT "linux-cifs@vger.kernel.org"
| #define PACKAGE_URL "https://wiki.samba.org/index.php/LinuxCIFS_utils"
| #define PACKAGE "cifs-utils"
| #define VERSION "6.7"
| #define IDMAP_PLUGIN_PATH "/etc/cifs-utils/idmap-plugin"
| /* end confdefs.h.  */
| #include <ac_nonexistent.h>
configure:4225: checking for grep that handles long lines and -e
configure:4283: result: /usr/bin/grep
configure:4288: checking for egrep
configure:4350: result: /usr/bin/grep -E
configure:4355: checking for ANSI C header files
configure:4375: gcc -c -g -O2  conftest.c >&5
configure:4375: $? = 0
configure:4448: gcc -o conftest -g -O2   conftest.c  >&5
configure:4448: $? = 0
configure:4448: ./conftest
configure:4448: $? = 0
configure:4459: result: yes
configure:4472: checking for sys/types.h
configure:4472: gcc -c -g -O2  conftest.c >&5
configure:4472: $? = 0
configure:4472: result: yes
configure:4472: checking for sys/stat.h
configure:4472: gcc -c -g -O2  conftest.c >&5
configure:4472: $? = 0
configure:4472: result: yes
configure:4472: checking for stdlib.h
configure:4472: gcc -c -g -O2  conftest.c >&5
configure:4472: $? = 0
configure:4472: result: yes
configure:4472: checking for string.h
configure:4472: gcc -c -g -O2  conftest.c >&5
configure:4472: $? = 0
configure:4472: result: yes
configure:4472: checking for memory.h
configure:4472: gcc -c -g -O2  conftest.c >&5
configure:4472: $? = 0
configure:4472: result: yes
configure:4472: checking for strings.h
configure:4472: gcc -c -g -O2  conftest.c >&5
configure:4472: $? = 0
configure:4472: result: yes
configure:4472: checking for inttypes.h
configure:4472: gcc -c -g -O2  conftest.c >&5
configure:4472: $? = 0
configure:4472: result: yes
configure:4472: checking for stdint.h
configure:4472: gcc -c -g -O2  conftest.c >&5
configure:4472: $? = 0
configure:4472: result: yes
configure:4472: checking for unistd.h
configure:4472: gcc -c -g -O2  conftest.c >&5
configure:4472: $? = 0
configure:4472: result: yes
configure:4485: checking minix/config.h usability
configure:4485: gcc -c -g -O2  conftest.c >&5
conftest.c:55:10: fatal error: minix/config.h: No such file or directory
 #include <minix/config.h>
          ^~~~~~~~~~~~~~~~
compilation terminated.
configure:4485: $? = 1
configure: failed program was:
| /* confdefs.h */
| #define PACKAGE_NAME "cifs-utils"
| #define PACKAGE_TARNAME "cifs-utils"
| #define PACKAGE_VERSION "6.7"
| #define PACKAGE_STRING "cifs-utils 6.7"
| #define PACKAGE_BUGREPORT "linux-cifs@vger.kernel.org"
| #define PACKAGE_URL "https://wiki.samba.org/index.php/LinuxCIFS_utils"
| #define PACKAGE "cifs-utils"
| #define VERSION "6.7"
| #define IDMAP_PLUGIN_PATH "/etc/cifs-utils/idmap-plugin"
| #define STDC_HEADERS 1
| #define HAVE_SYS_TYPES_H 1
| #define HAVE_SYS_STAT_H 1
| #define HAVE_STDLIB_H 1
| #define HAVE_STRING_H 1
| #define HAVE_MEMORY_H 1
| #define HAVE_STRINGS_H 1
| #define HAVE_INTTYPES_H 1
| #define HAVE_STDINT_H 1
| #define HAVE_UNISTD_H 1
| /* end confdefs.h.  */
| #include <stdio.h>
| #ifdef HAVE_SYS_TYPES_H
| # include <sys/types.h>
| #endif
| #ifdef HAVE_SYS_STAT_H
| # include <sys/stat.h>
| #endif
| #ifdef STDC_HEADERS
| # include <stdlib.h>
| # include <stddef.h>
| #else
| # ifdef HAVE_STDLIB_H
| #  include <stdlib.h>
| # endif
| #endif
| #ifdef HAVE_STRING_H
| # if !defined STDC_HEADERS && defined HAVE_MEMORY_H
| #  include <memory.h>
| # endif
| # include <string.h>
| #endif
| #ifdef HAVE_STRINGS_H
| # include <strings.h>
| #endif
| #ifdef HAVE_INTTYPES_H
| # include <inttypes.h>
| #endif
| #ifdef HAVE_STDINT_H
| # include <stdint.h>
| #endif
| #ifdef HAVE_UNISTD_H
| # include <unistd.h>
| #endif
| #include <minix/config.h>
configure:4485: result: no
configure:4485: checking minix/config.h presence
configure:4485: gcc -E  conftest.c
conftest.c:22:10: fatal error: minix/config.h: No such file or directory
 #include <minix/config.h>
          ^~~~~~~~~~~~~~~~
compilation terminated.
configure:4485: $? = 1
configure: failed program was:
| /* confdefs.h */
| #define PACKAGE_NAME "cifs-utils"
| #define PACKAGE_TARNAME "cifs-utils"
| #define PACKAGE_VERSION "6.7"
| #define PACKAGE_STRING "cifs-utils 6.7"
| #define PACKAGE_BUGREPORT "linux-cifs@vger.kernel.org"
| #define PACKAGE_URL "https://wiki.samba.org/index.php/LinuxCIFS_utils"
| #define PACKAGE "cifs-utils"
| #define VERSION "6.7"
| #define IDMAP_PLUGIN_PATH "/etc/cifs-utils/idmap-plugin"
| #define STDC_HEADERS 1
| #define HAVE_SYS_TYPES_H 1
| #define HAVE_SYS_STAT_H 1
| #define HAVE_STDLIB_H 1
| #define HAVE_STRING_H 1
| #define HAVE_MEMORY_H 1
| #define HAVE_STRINGS_H 1
| #define HAVE_INTTYPES_H 1
| #define HAVE_STDINT_H 1
| #define HAVE_UNISTD_H 1
| /* end confdefs.h.  */
| #include <minix/config.h>
configure:4485: result: no
configure:4485: checking for minix/config.h
configure:4485: result: no
configure:4506: checking whether it is safe to define __EXTENSIONS__
configure:4524: gcc -c -g -O2  conftest.c >&5
configure:4524: $? = 0
configure:4531: result: yes
configure:4549: checking for a sed that does not truncate output
configure:4613: result: /bin/sed
configure:4620: checking for stdbool.h that conforms to C99
configure:4687: gcc -c -g -O2  conftest.c >&5
configure:4687: $? = 0
configure:4694: result: yes
configure:4696: checking for _Bool
configure:4696: gcc -c -g -O2  conftest.c >&5
configure:4696: $? = 0
configure:4696: gcc -c -g -O2  conftest.c >&5
conftest.c: In function 'main':
conftest.c:63:20: error: expected expression before ')' token
 if (sizeof ((_Bool)))
                    ^
configure:4696: $? = 1
configure: failed program was:
| /* confdefs.h */
| #define PACKAGE_NAME "cifs-utils"
| #define PACKAGE_TARNAME "cifs-utils"
| #define PACKAGE_VERSION "6.7"
| #define PACKAGE_STRING "cifs-utils 6.7"
| #define PACKAGE_BUGREPORT "linux-cifs@vger.kernel.org"
| #define PACKAGE_URL "https://wiki.samba.org/index.php/LinuxCIFS_utils"
| #define PACKAGE "cifs-utils"
| #define VERSION "6.7"
| #define IDMAP_PLUGIN_PATH "/etc/cifs-utils/idmap-plugin"
| #define STDC_HEADERS 1
| #define HAVE_SYS_TYPES_H 1
| #define HAVE_SYS_STAT_H 1
| #define HAVE_STDLIB_H 1
| #define HAVE_STRING_H 1
| #define HAVE_MEMORY_H 1
| #define HAVE_STRINGS_H 1
| #define HAVE_INTTYPES_H 1
| #define HAVE_STDINT_H 1
| #define HAVE_UNISTD_H 1
| #define __EXTENSIONS__ 1
| #define _ALL_SOURCE 1
| #define _GNU_SOURCE 1
| #define _POSIX_PTHREAD_SEMANTICS 1
| #define _TANDEM_SOURCE 1
| /* end confdefs.h.  */
| #include <stdio.h>
| #ifdef HAVE_SYS_TYPES_H
| # include <sys/types.h>
| #endif
| #ifdef HAVE_SYS_STAT_H
| # include <sys/stat.h>
| #endif
| #ifdef STDC_HEADERS
| # include <stdlib.h>
| # include <stddef.h>
| #else
| # ifdef HAVE_STDLIB_H
| #  include <stdlib.h>
| # endif
| #endif
| #ifdef HAVE_STRING_H
| # if !defined STDC_HEADERS && defined HAVE_MEMORY_H
| #  include <memory.h>
| # endif
| # include <string.h>
| #endif
| #ifdef HAVE_STRINGS_H
| # include <strings.h>
| #endif
| #ifdef HAVE_INTTYPES_H
| # include <inttypes.h>
| #endif
| #ifdef HAVE_STDINT_H
| # include <stdint.h>
| #endif
| #ifdef HAVE_UNISTD_H
| # include <unistd.h>
| #endif
| int
| main ()
| {
| if (sizeof ((_Bool)))
| 	    return 0;
|   ;
|   return 0;
| }
configure:4696: result: yes
configure:4713: checking for uid_t in sys/types.h
configure:4732: result: yes
configure:4743: checking for off_t
configure:4743: gcc -c -g -O2  conftest.c >&5
configure:4743: $? = 0
configure:4743: gcc -c -g -O2  conftest.c >&5
conftest.c: In function 'main':
conftest.c:65:20: error: expected expression before ')' token
 if (sizeof ((off_t)))
                    ^
configure:4743: $? = 1
configure: failed program was:
| /* confdefs.h */
| #define PACKAGE_NAME "cifs-utils"
| #define PACKAGE_TARNAME "cifs-utils"
| #define PACKAGE_VERSION "6.7"
| #define PACKAGE_STRING "cifs-utils 6.7"
| #define PACKAGE_BUGREPORT "linux-cifs@vger.kernel.org"
| #define PACKAGE_URL "https://wiki.samba.org/index.php/LinuxCIFS_utils"
| #define PACKAGE "cifs-utils"
| #define VERSION "6.7"
| #define IDMAP_PLUGIN_PATH "/etc/cifs-utils/idmap-plugin"
| #define STDC_HEADERS 1
| #define HAVE_SYS_TYPES_H 1
| #define HAVE_SYS_STAT_H 1
| #define HAVE_STDLIB_H 1
| #define HAVE_STRING_H 1
| #define HAVE_MEMORY_H 1
| #define HAVE_STRINGS_H 1
| #define HAVE_INTTYPES_H 1
| #define HAVE_STDINT_H 1
| #define HAVE_UNISTD_H 1
| #define __EXTENSIONS__ 1
| #define _ALL_SOURCE 1
| #define _GNU_SOURCE 1
| #define _POSIX_PTHREAD_SEMANTICS 1
| #define _TANDEM_SOURCE 1
| #define HAVE__BOOL 1
| #define HAVE_STDBOOL_H 1
| /* end confdefs.h.  */
| #include <stdio.h>
| #ifdef HAVE_SYS_TYPES_H
| # include <sys/types.h>
| #endif
| #ifdef HAVE_SYS_STAT_H
| # include <sys/stat.h>
| #endif
| #ifdef STDC_HEADERS
| # include <stdlib.h>
| # include <stddef.h>
| #else
| # ifdef HAVE_STDLIB_H
| #  include <stdlib.h>
| # endif
| #endif
| #ifdef HAVE_STRING_H
| # if !defined STDC_HEADERS && defined HAVE_MEMORY_H
| #  include <memory.h>
| # endif
| # include <string.h>
| #endif
| #ifdef HAVE_STRINGS_H
| # include <strings.h>
| #endif
| #ifdef HAVE_INTTYPES_H
| # include <inttypes.h>
| #endif
| #ifdef HAVE_STDINT_H
| # include <stdint.h>
| #endif
| #ifdef HAVE_UNISTD_H
| # include <unistd.h>
| #endif
| int
| main ()
| {
| if (sizeof ((off_t)))
| 	    return 0;
|   ;
|   return 0;
| }
configure:4743: result: yes
configure:4754: checking for pid_t
configure:4754: gcc -c -g -O2  conftest.c >&5
configure:4754: $? = 0
configure:4754: gcc -c -g -O2  conftest.c >&5
conftest.c: In function 'main':
conftest.c:65:20: error: expected expression before ')' token
 if (sizeof ((pid_t)))
                    ^
configure:4754: $? = 1
configure: failed program was:
| /* confdefs.h */
| #define PACKAGE_NAME "cifs-utils"
| #define PACKAGE_TARNAME "cifs-utils"
| #define PACKAGE_VERSION "6.7"
| #define PACKAGE_STRING "cifs-utils 6.7"
| #define PACKAGE_BUGREPORT "linux-cifs@vger.kernel.org"
| #define PACKAGE_URL "https://wiki.samba.org/index.php/LinuxCIFS_utils"
| #define PACKAGE "cifs-utils"
| #define VERSION "6.7"
| #define IDMAP_PLUGIN_PATH "/etc/cifs-utils/idmap-plugin"
| #define STDC_HEADERS 1
| #define HAVE_SYS_TYPES_H 1
| #define HAVE_SYS_STAT_H 1
| #define HAVE_STDLIB_H 1
| #define HAVE_STRING_H 1
| #define HAVE_MEMORY_H 1
| #define HAVE_STRINGS_H 1
| #define HAVE_INTTYPES_H 1
| #define HAVE_STDINT_H 1
| #define HAVE_UNISTD_H 1
| #define __EXTENSIONS__ 1
| #define _ALL_SOURCE 1
| #define _GNU_SOURCE 1
| #define _POSIX_PTHREAD_SEMANTICS 1
| #define _TANDEM_SOURCE 1
| #define HAVE__BOOL 1
| #define HAVE_STDBOOL_H 1
| /* end confdefs.h.  */
| #include <stdio.h>
| #ifdef HAVE_SYS_TYPES_H
| # include <sys/types.h>
| #endif
| #ifdef HAVE_SYS_STAT_H
| # include <sys/stat.h>
| #endif
| #ifdef STDC_HEADERS
| # include <stdlib.h>
| # include <stddef.h>
| #else
| # ifdef HAVE_STDLIB_H
| #  include <stdlib.h>
| # endif
| #endif
| #ifdef HAVE_STRING_H
| # if !defined STDC_HEADERS && defined HAVE_MEMORY_H
| #  include <memory.h>
| # endif
| # include <string.h>
| #endif
| #ifdef HAVE_STRINGS_H
| # include <strings.h>
| #endif
| #ifdef HAVE_INTTYPES_H
| # include <inttypes.h>
| #endif
| #ifdef HAVE_STDINT_H
| # include <stdint.h>
| #endif
| #ifdef HAVE_UNISTD_H
| # include <unistd.h>
| #endif
| int
| main ()
| {
| if (sizeof ((pid_t)))
| 	    return 0;
|   ;
|   return 0;
| }
configure:4754: result: yes
configure:4765: checking for size_t
configure:4765: gcc -c -g -O2  conftest.c >&5
configure:4765: $? = 0
configure:4765: gcc -c -g -O2  conftest.c >&5
conftest.c: In function 'main':
conftest.c:65:21: error: expected expression before ')' token
 if (sizeof ((size_t)))
                     ^
configure:4765: $? = 1
configure: failed program was:
| /* confdefs.h */
| #define PACKAGE_NAME "cifs-utils"
| #define PACKAGE_TARNAME "cifs-utils"
| #define PACKAGE_VERSION "6.7"
| #define PACKAGE_STRING "cifs-utils 6.7"
| #define PACKAGE_BUGREPORT "linux-cifs@vger.kernel.org"
| #define PACKAGE_URL "https://wiki.samba.org/index.php/LinuxCIFS_utils"
| #define PACKAGE "cifs-utils"
| #define VERSION "6.7"
| #define IDMAP_PLUGIN_PATH "/etc/cifs-utils/idmap-plugin"
| #define STDC_HEADERS 1
| #define HAVE_SYS_TYPES_H 1
| #define HAVE_SYS_STAT_H 1
| #define HAVE_STDLIB_H 1
| #define HAVE_STRING_H 1
| #define HAVE_MEMORY_H 1
| #define HAVE_STRINGS_H 1
| #define HAVE_INTTYPES_H 1
| #define HAVE_STDINT_H 1
| #define HAVE_UNISTD_H 1
| #define __EXTENSIONS__ 1
| #define _ALL_SOURCE 1
| #define _GNU_SOURCE 1
| #define _POSIX_PTHREAD_SEMANTICS 1
| #define _TANDEM_SOURCE 1
| #define HAVE__BOOL 1
| #define HAVE_STDBOOL_H 1
| /* end confdefs.h.  */
| #include <stdio.h>
| #ifdef HAVE_SYS_TYPES_H
| # include <sys/types.h>
| #endif
| #ifdef HAVE_SYS_STAT_H
| # include <sys/stat.h>
| #endif
| #ifdef STDC_HEADERS
| # include <stdlib.h>
| # include <stddef.h>
| #else
| # ifdef HAVE_STDLIB_H
| #  include <stdlib.h>
| # endif
| #endif
| #ifdef HAVE_STRING_H
| # if !defined STDC_HEADERS && defined HAVE_MEMORY_H
| #  include <memory.h>
| # endif
| # include <string.h>
| #endif
| #ifdef HAVE_STRINGS_H
| # include <strings.h>
| #endif
| #ifdef HAVE_INTTYPES_H
| # include <inttypes.h>
| #endif
| #ifdef HAVE_STDINT_H
| # include <stdint.h>
| #endif
| #ifdef HAVE_UNISTD_H
| # include <unistd.h>
| #endif
| int
| main ()
| {
| if (sizeof ((size_t)))
| 	    return 0;
|   ;
|   return 0;
| }
configure:4765: result: yes
configure:4776: checking for ptrdiff_t
configure:4776: gcc -c -g -O2  conftest.c >&5
configure:4776: $? = 0
configure:4776: gcc -c -g -O2  conftest.c >&5
conftest.c: In function 'main':
conftest.c:65:24: error: expected expression before ')' token
 if (sizeof ((ptrdiff_t)))
                        ^
configure:4776: $? = 1
configure: failed program was:
| /* confdefs.h */
| #define PACKAGE_NAME "cifs-utils"
| #define PACKAGE_TARNAME "cifs-utils"
| #define PACKAGE_VERSION "6.7"
| #define PACKAGE_STRING "cifs-utils 6.7"
| #define PACKAGE_BUGREPORT "linux-cifs@vger.kernel.org"
| #define PACKAGE_URL "https://wiki.samba.org/index.php/LinuxCIFS_utils"
| #define PACKAGE "cifs-utils"
| #define VERSION "6.7"
| #define IDMAP_PLUGIN_PATH "/etc/cifs-utils/idmap-plugin"
| #define STDC_HEADERS 1
| #define HAVE_SYS_TYPES_H 1
| #define HAVE_SYS_STAT_H 1
| #define HAVE_STDLIB_H 1
| #define HAVE_STRING_H 1
| #define HAVE_MEMORY_H 1
| #define HAVE_STRINGS_H 1
| #define HAVE_INTTYPES_H 1
| #define HAVE_STDINT_H 1
| #define HAVE_UNISTD_H 1
| #define __EXTENSIONS__ 1
| #define _ALL_SOURCE 1
| #define _GNU_SOURCE 1
| #define _POSIX_PTHREAD_SEMANTICS 1
| #define _TANDEM_SOURCE 1
| #define HAVE__BOOL 1
| #define HAVE_STDBOOL_H 1
| /* end confdefs.h.  */
| #include <stdio.h>
| #ifdef HAVE_SYS_TYPES_H
| # include <sys/types.h>
| #endif
| #ifdef HAVE_SYS_STAT_H
| # include <sys/stat.h>
| #endif
| #ifdef STDC_HEADERS
| # include <stdlib.h>
| # include <stddef.h>
| #else
| # ifdef HAVE_STDLIB_H
| #  include <stdlib.h>
| # endif
| #endif
| #ifdef HAVE_STRING_H
| # if !defined STDC_HEADERS && defined HAVE_MEMORY_H
| #  include <memory.h>
| # endif
| # include <string.h>
| #endif
| #ifdef HAVE_STRINGS_H
| # include <strings.h>
| #endif
| #ifdef HAVE_INTTYPES_H
| # include <inttypes.h>
| #endif
| #ifdef HAVE_STDINT_H
| # include <stdint.h>
| #endif
| #ifdef HAVE_UNISTD_H
| # include <unistd.h>
| #endif
| int
| main ()
| {
| if (sizeof ((ptrdiff_t)))
| 	    return 0;
|   ;
|   return 0;
| }
configure:4776: result: yes
configure:4785: checking for ssize_t
configure:4785: gcc -c -g -O2  conftest.c >&5
configure:4785: $? = 0
configure:4785: gcc -c -g -O2  conftest.c >&5
conftest.c: In function 'main':
conftest.c:66:22: error: expected expression before ')' token
 if (sizeof ((ssize_t)))
                      ^
configure:4785: $? = 1
configure: failed program was:
| /* confdefs.h */
| #define PACKAGE_NAME "cifs-utils"
| #define PACKAGE_TARNAME "cifs-utils"
| #define PACKAGE_VERSION "6.7"
| #define PACKAGE_STRING "cifs-utils 6.7"
| #define PACKAGE_BUGREPORT "linux-cifs@vger.kernel.org"
| #define PACKAGE_URL "https://wiki.samba.org/index.php/LinuxCIFS_utils"
| #define PACKAGE "cifs-utils"
| #define VERSION "6.7"
| #define IDMAP_PLUGIN_PATH "/etc/cifs-utils/idmap-plugin"
| #define STDC_HEADERS 1
| #define HAVE_SYS_TYPES_H 1
| #define HAVE_SYS_STAT_H 1
| #define HAVE_STDLIB_H 1
| #define HAVE_STRING_H 1
| #define HAVE_MEMORY_H 1
| #define HAVE_STRINGS_H 1
| #define HAVE_INTTYPES_H 1
| #define HAVE_STDINT_H 1
| #define HAVE_UNISTD_H 1
| #define __EXTENSIONS__ 1
| #define _ALL_SOURCE 1
| #define _GNU_SOURCE 1
| #define _POSIX_PTHREAD_SEMANTICS 1
| #define _TANDEM_SOURCE 1
| #define HAVE__BOOL 1
| #define HAVE_STDBOOL_H 1
| #define HAVE_PTRDIFF_T 1
| /* end confdefs.h.  */
| #include <stdio.h>
| #ifdef HAVE_SYS_TYPES_H
| # include <sys/types.h>
| #endif
| #ifdef HAVE_SYS_STAT_H
| # include <sys/stat.h>
| #endif
| #ifdef STDC_HEADERS
| # include <stdlib.h>
| # include <stddef.h>
| #else
| # ifdef HAVE_STDLIB_H
| #  include <stdlib.h>
| # endif
| #endif
| #ifdef HAVE_STRING_H
| # if !defined STDC_HEADERS && defined HAVE_MEMORY_H
| #  include <memory.h>
| # endif
| # include <string.h>
| #endif
| #ifdef HAVE_STRINGS_H
| # include <strings.h>
| #endif
| #ifdef HAVE_INTTYPES_H
| # include <inttypes.h>
| #endif
| #ifdef HAVE_STDINT_H
| # include <stdint.h>
| #endif
| #ifdef HAVE_UNISTD_H
| # include <unistd.h>
| #endif
| int
| main ()
| {
| if (sizeof ((ssize_t)))
| 	    return 0;
|   ;
|   return 0;
| }
configure:4785: result: yes
configure:4794: checking for uint32_t
configure:4794: gcc -c -g -O2  conftest.c >&5
configure:4794: $? = 0
configure:4794: gcc -c -g -O2  conftest.c >&5
conftest.c: In function 'main':
conftest.c:67:23: error: expected expression before ')' token
 if (sizeof ((uint32_t)))
                       ^
configure:4794: $? = 1
configure: failed program was:
| /* confdefs.h */
| #define PACKAGE_NAME "cifs-utils"
| #define PACKAGE_TARNAME "cifs-utils"
| #define PACKAGE_VERSION "6.7"
| #define PACKAGE_STRING "cifs-utils 6.7"
| #define PACKAGE_BUGREPORT "linux-cifs@vger.kernel.org"
| #define PACKAGE_URL "https://wiki.samba.org/index.php/LinuxCIFS_utils"
| #define PACKAGE "cifs-utils"
| #define VERSION "6.7"
| #define IDMAP_PLUGIN_PATH "/etc/cifs-utils/idmap-plugin"
| #define STDC_HEADERS 1
| #define HAVE_SYS_TYPES_H 1
| #define HAVE_SYS_STAT_H 1
| #define HAVE_STDLIB_H 1
| #define HAVE_STRING_H 1
| #define HAVE_MEMORY_H 1
| #define HAVE_STRINGS_H 1
| #define HAVE_INTTYPES_H 1
| #define HAVE_STDINT_H 1
| #define HAVE_UNISTD_H 1
| #define __EXTENSIONS__ 1
| #define _ALL_SOURCE 1
| #define _GNU_SOURCE 1
| #define _POSIX_PTHREAD_SEMANTICS 1
| #define _TANDEM_SOURCE 1
| #define HAVE__BOOL 1
| #define HAVE_STDBOOL_H 1
| #define HAVE_PTRDIFF_T 1
| #define HAVE_SSIZE_T 1
| /* end confdefs.h.  */
| #include <stdio.h>
| #ifdef HAVE_SYS_TYPES_H
| # include <sys/types.h>
| #endif
| #ifdef HAVE_SYS_STAT_H
| # include <sys/stat.h>
| #endif
| #ifdef STDC_HEADERS
| # include <stdlib.h>
| # include <stddef.h>
| #else
| # ifdef HAVE_STDLIB_H
| #  include <stdlib.h>
| # endif
| #endif
| #ifdef HAVE_STRING_H
| # if !defined STDC_HEADERS && defined HAVE_MEMORY_H
| #  include <memory.h>
| # endif
| # include <string.h>
| #endif
| #ifdef HAVE_STRINGS_H
| # include <strings.h>
| #endif
| #ifdef HAVE_INTTYPES_H
| # include <inttypes.h>
| #endif
| #ifdef HAVE_STDINT_H
| # include <stdint.h>
| #endif
| #ifdef HAVE_UNISTD_H
| # include <unistd.h>
| #endif
| int
| main ()
| {
| if (sizeof ((uint32_t)))
| 	    return 0;
|   ;
|   return 0;
| }
configure:4794: result: yes
configure:4803: checking for uint8_t
configure:4803: gcc -c -g -O2  conftest.c >&5
configure:4803: $? = 0
configure:4803: gcc -c -g -O2  conftest.c >&5
conftest.c: In function 'main':
conftest.c:68:22: error: expected expression before ')' token
 if (sizeof ((uint8_t)))
                      ^
configure:4803: $? = 1
configure: failed program was:
| /* confdefs.h */
| #define PACKAGE_NAME "cifs-utils"
| #define PACKAGE_TARNAME "cifs-utils"
| #define PACKAGE_VERSION "6.7"
| #define PACKAGE_STRING "cifs-utils 6.7"
| #define PACKAGE_BUGREPORT "linux-cifs@vger.kernel.org"
| #define PACKAGE_URL "https://wiki.samba.org/index.php/LinuxCIFS_utils"
| #define PACKAGE "cifs-utils"
| #define VERSION "6.7"
| #define IDMAP_PLUGIN_PATH "/etc/cifs-utils/idmap-plugin"
| #define STDC_HEADERS 1
| #define HAVE_SYS_TYPES_H 1
| #define HAVE_SYS_STAT_H 1
| #define HAVE_STDLIB_H 1
| #define HAVE_STRING_H 1
| #define HAVE_MEMORY_H 1
| #define HAVE_STRINGS_H 1
| #define HAVE_INTTYPES_H 1
| #define HAVE_STDINT_H 1
| #define HAVE_UNISTD_H 1
| #define __EXTENSIONS__ 1
| #define _ALL_SOURCE 1
| #define _GNU_SOURCE 1
| #define _POSIX_PTHREAD_SEMANTICS 1
| #define _TANDEM_SOURCE 1
| #define HAVE__BOOL 1
| #define HAVE_STDBOOL_H 1
| #define HAVE_PTRDIFF_T 1
| #define HAVE_SSIZE_T 1
| #define HAVE_UINT32_T 1
| /* end confdefs.h.  */
| #include <stdio.h>
| #ifdef HAVE_SYS_TYPES_H
| # include <sys/types.h>
| #endif
| #ifdef HAVE_SYS_STAT_H
| # include <sys/stat.h>
| #endif
| #ifdef STDC_HEADERS
| # include <stdlib.h>
| # include <stddef.h>
| #else
| # ifdef HAVE_STDLIB_H
| #  include <stdlib.h>
| # endif
| #endif
| #ifdef HAVE_STRING_H
| # if !defined STDC_HEADERS && defined HAVE_MEMORY_H
| #  include <memory.h>
| # endif
| # include <string.h>
| #endif
| #ifdef HAVE_STRINGS_H
| # include <strings.h>
| #endif
| #ifdef HAVE_INTTYPES_H
| # include <inttypes.h>
| #endif
| #ifdef HAVE_STDINT_H
| # include <stdint.h>
| #endif
| #ifdef HAVE_UNISTD_H
| # include <unistd.h>
| #endif
| int
| main ()
| {
| if (sizeof ((uint8_t)))
| 	    return 0;
|   ;
|   return 0;
| }
configure:4803: result: yes
configure:4817: checking for library containing getmntent
configure:4848: gcc -o conftest -g -O2   conftest.c  >&5
configure:4848: $? = 0
configure:4865: result: none required
configure:4879: checking whether lstat correctly handles trailing slash
configure:4905: gcc -o conftest -g -O2   conftest.c  >&5
configure:4905: $? = 0
configure:4905: ./conftest
configure:4905: $? = 0
configure:4922: result: yes
configure:4943: checking for stdlib.h
configure:4943: result: yes
configure:4953: checking for GNU libc compatible malloc
configure:4977: gcc -o conftest -g -O2   conftest.c  >&5
configure:4977: $? = 0
configure:4977: ./conftest
configure:4977: $? = 0
configure:4987: result: yes
configure:5010: checking for stdlib.h
configure:5010: result: yes
configure:5020: checking for GNU libc compatible realloc
configure:5044: gcc -o conftest -g -O2   conftest.c  >&5
configure:5044: $? = 0
configure:5044: ./conftest
configure:5044: $? = 0
configure:5054: result: yes
configure:5079: checking build system type
configure:5093: result: x86_64-pc-linux-gnu
configure:5113: checking host system type
configure:5126: result: x86_64-pc-linux-gnu
configure:5146: checking for working strnlen
configure:5184: gcc -o conftest -g -O2   conftest.c  >&5
configure:5184: $? = 0
configure:5184: ./conftest
configure:5184: $? = 0
configure:5194: result: yes
configure:5208: checking for alarm
configure:5208: gcc -o conftest -g -O2   conftest.c  >&5
configure:5208: $? = 0
configure:5208: result: yes
configure:5208: checking for atexit
configure:5208: gcc -o conftest -g -O2   conftest.c  >&5
configure:5208: $? = 0
configure:5208: result: yes
configure:5208: checking for endpwent
configure:5208: gcc -o conftest -g -O2   conftest.c  >&5
configure:5208: $? = 0
configure:5208: result: yes
configure:5208: checking for getmntent
configure:5208: result: yes
configure:5208: checking for getpass
configure:5208: gcc -o conftest -g -O2   conftest.c  >&5
configure:5208: $? = 0
configure:5208: result: yes
configure:5208: checking for gettimeofday
configure:5208: gcc -o conftest -g -O2   conftest.c  >&5
configure:5208: $? = 0
configure:5208: result: yes
configure:5208: checking for inet_ntop
configure:5208: gcc -o conftest -g -O2   conftest.c  >&5
configure:5208: $? = 0
configure:5208: result: yes
configure:5208: checking for memset
configure:5208: gcc -o conftest -g -O2   conftest.c  >&5
conftest.c:69:6: warning: conflicting types for built-in function 'memset' [-Wbuiltin-declaration-mismatch]
 char memset ();
      ^~~~~~
configure:5208: $? = 0
configure:5208: result: yes
configure:5208: checking for realpath
configure:5208: gcc -o conftest -g -O2   conftest.c  >&5
configure:5208: $? = 0
configure:5208: result: yes
configure:5208: checking for setenv
configure:5208: gcc -o conftest -g -O2   conftest.c  >&5
configure:5208: $? = 0
configure:5208: result: yes
configure:5208: checking for strchr
configure:5208: gcc -o conftest -g -O2   conftest.c  >&5
conftest.c:72:6: warning: conflicting types for built-in function 'strchr' [-Wbuiltin-declaration-mismatch]
 char strchr ();
      ^~~~~~
configure:5208: $? = 0
configure:5208: result: yes
configure:5208: checking for strcmp
configure:5208: gcc -o conftest -g -O2   conftest.c  >&5
conftest.c:73:6: warning: conflicting types for built-in function 'strcmp' [-Wbuiltin-declaration-mismatch]
 char strcmp ();
      ^~~~~~
configure:5208: $? = 0
configure:5208: result: yes
configure:5208: checking for strdup
configure:5208: gcc -o conftest -g -O2   conftest.c  >&5
conftest.c:74:6: warning: conflicting types for built-in function 'strdup' [-Wbuiltin-declaration-mismatch]
 char strdup ();
      ^~~~~~
configure:5208: $? = 0
configure:5208: result: yes
configure:5208: checking for strerror
configure:5208: gcc -o conftest -g -O2   conftest.c  >&5
configure:5208: $? = 0
configure:5208: result: yes
configure:5208: checking for strncasecmp
configure:5208: gcc -o conftest -g -O2   conftest.c  >&5
conftest.c:76:6: warning: conflicting types for built-in function 'strncasecmp' [-Wbuiltin-declaration-mismatch]
 char strncasecmp ();
      ^~~~~~~~~~~
configure:5208: $? = 0
configure:5208: result: yes
configure:5208: checking for strndup
configure:5208: gcc -o conftest -g -O2   conftest.c  >&5
conftest.c:77:6: warning: conflicting types for built-in function 'strndup' [-Wbuiltin-declaration-mismatch]
 char strndup ();
      ^~~~~~~
configure:5208: $? = 0
configure:5208: result: yes
configure:5208: checking for strpbrk
configure:5208: gcc -o conftest -g -O2   conftest.c  >&5
conftest.c:78:6: warning: conflicting types for built-in function 'strpbrk' [-Wbuiltin-declaration-mismatch]
 char strpbrk ();
      ^~~~~~~
configure:5208: $? = 0
configure:5208: result: yes
configure:5208: checking for strrchr
configure:5208: gcc -o conftest -g -O2   conftest.c  >&5
conftest.c:79:6: warning: conflicting types for built-in function 'strrchr' [-Wbuiltin-declaration-mismatch]
 char strrchr ();
      ^~~~~~~
configure:5208: $? = 0
configure:5208: result: yes
configure:5208: checking for strstr
configure:5208: gcc -o conftest -g -O2   conftest.c  >&5
conftest.c:80:6: warning: conflicting types for built-in function 'strstr' [-Wbuiltin-declaration-mismatch]
 char strstr ();
      ^~~~~~
configure:5208: $? = 0
configure:5208: result: yes
configure:5208: checking for strtol
configure:5208: gcc -o conftest -g -O2   conftest.c  >&5
configure:5208: $? = 0
configure:5208: result: yes
configure:5208: checking for strtoul
configure:5208: gcc -o conftest -g -O2   conftest.c  >&5
configure:5208: $? = 0
configure:5208: result: yes
configure:5208: checking for tolower
configure:5208: gcc -o conftest -g -O2   conftest.c  >&5
conftest.c:83:6: warning: conflicting types for built-in function 'tolower' [-Wbuiltin-declaration-mismatch]
 char tolower ();
      ^~~~~~~
configure:5208: $? = 0
configure:5208: result: yes
configure:5208: checking for uname
configure:5208: gcc -o conftest -g -O2   conftest.c  >&5
configure:5208: $? = 0
configure:5208: result: yes
configure:5222: checking for clock_gettime
configure:5222: gcc -o conftest -g -O2   conftest.c  >&5
configure:5222: $? = 0
configure:5222: result: yes
configure:5287: checking arpa/inet.h usability
configure:5287: gcc -c -g -O2  conftest.c >&5
configure:5287: $? = 0
configure:5287: result: yes
configure:5287: checking arpa/inet.h presence
configure:5287: gcc -E  conftest.c
configure:5287: $? = 0
configure:5287: result: yes
configure:5287: checking for arpa/inet.h
configure:5287: result: yes
configure:5287: checking ctype.h usability
configure:5287: gcc -c -g -O2  conftest.c >&5
configure:5287: $? = 0
configure:5287: result: yes
configure:5287: checking ctype.h presence
configure:5287: gcc -E  conftest.c
configure:5287: $? = 0
configure:5287: result: yes
configure:5287: checking for ctype.h
configure:5287: result: yes
configure:5287: checking fcntl.h usability
configure:5287: gcc -c -g -O2  conftest.c >&5
configure:5287: $? = 0
configure:5287: result: yes
configure:5287: checking fcntl.h presence
configure:5287: gcc -E  conftest.c
configure:5287: $? = 0
configure:5287: result: yes
configure:5287: checking for fcntl.h
configure:5287: result: yes
configure:5287: checking for inttypes.h
configure:5287: result: yes
configure:5287: checking limits.h usability
configure:5287: gcc -c -g -O2  conftest.c >&5
configure:5287: $? = 0
configure:5287: result: yes
configure:5287: checking limits.h presence
configure:5287: gcc -E  conftest.c
configure:5287: $? = 0
configure:5287: result: yes
configure:5287: checking for limits.h
configure:5287: result: yes
configure:5287: checking mntent.h usability
configure:5287: gcc -c -g -O2  conftest.c >&5
configure:5287: $? = 0
configure:5287: result: yes
configure:5287: checking mntent.h presence
configure:5287: gcc -E  conftest.c
configure:5287: $? = 0
configure:5287: result: yes
configure:5287: checking for mntent.h
configure:5287: result: yes
configure:5287: checking netdb.h usability
configure:5287: gcc -c -g -O2  conftest.c >&5
configure:5287: $? = 0
configure:5287: result: yes
configure:5287: checking netdb.h presence
configure:5287: gcc -E  conftest.c
configure:5287: $? = 0
configure:5287: result: yes
configure:5287: checking for netdb.h
configure:5287: result: yes
configure:5287: checking stddef.h usability
configure:5287: gcc -c -g -O2  conftest.c >&5
configure:5287: $? = 0
configure:5287: result: yes
configure:5287: checking stddef.h presence
configure:5287: gcc -E  conftest.c
configure:5287: $? = 0
configure:5287: result: yes
configure:5287: checking for stddef.h
configure:5287: result: yes
configure:5287: checking for stdint.h
configure:5287: result: yes
configure:5287: checking for stdbool.h
configure:5287: result: yes
configure:5287: checking for stdlib.h
configure:5287: result: yes
configure:5287: checking stdio.h usability
configure:5287: gcc -c -g -O2  conftest.c >&5
configure:5287: $? = 0
configure:5287: result: yes
configure:5287: checking stdio.h presence
configure:5287: gcc -E  conftest.c
configure:5287: $? = 0
configure:5287: result: yes
configure:5287: checking for stdio.h
configure:5287: result: yes
configure:5287: checking errno.h usability
configure:5287: gcc -c -g -O2  conftest.c >&5
configure:5287: $? = 0
configure:5287: result: yes
configure:5287: checking errno.h presence
configure:5287: gcc -E  conftest.c
configure:5287: $? = 0
configure:5287: result: yes
configure:5287: checking for errno.h
configure:5287: result: yes
configure:5287: checking for string.h
configure:5287: result: yes
configure:5287: checking for strings.h
configure:5287: result: yes
configure:5287: checking sys/mount.h usability
configure:5287: gcc -c -g -O2  conftest.c >&5
configure:5287: $? = 0
configure:5287: result: yes
configure:5287: checking sys/mount.h presence
configure:5287: gcc -E  conftest.c
configure:5287: $? = 0
configure:5287: result: yes
configure:5287: checking for sys/mount.h
configure:5287: result: yes
configure:5287: checking sys/param.h usability
configure:5287: gcc -c -g -O2  conftest.c >&5
configure:5287: $? = 0
configure:5287: result: yes
configure:5287: checking sys/param.h presence
configure:5287: gcc -E  conftest.c
configure:5287: $? = 0
configure:5287: result: yes
configure:5287: checking for sys/param.h
configure:5287: result: yes
configure:5287: checking sys/socket.h usability
configure:5287: gcc -c -g -O2  conftest.c >&5
configure:5287: $? = 0
configure:5287: result: yes
configure:5287: checking sys/socket.h presence
configure:5287: gcc -E  conftest.c
configure:5287: $? = 0
configure:5287: result: yes
configure:5287: checking for sys/socket.h
configure:5287: result: yes
configure:5287: checking sys/time.h usability
configure:5287: gcc -c -g -O2  conftest.c >&5
configure:5287: $? = 0
configure:5287: result: yes
configure:5287: checking sys/time.h presence
configure:5287: gcc -E  conftest.c
configure:5287: $? = 0
configure:5287: result: yes
configure:5287: checking for sys/time.h
configure:5287: result: yes
configure:5287: checking syslog.h usability
configure:5287: gcc -c -g -O2  conftest.c >&5
configure:5287: $? = 0
configure:5287: result: yes
configure:5287: checking syslog.h presence
configure:5287: gcc -E  conftest.c
configure:5287: $? = 0
configure:5287: result: yes
configure:5287: checking for syslog.h
configure:5287: result: yes
configure:5287: checking for unistd.h
configure:5287: result: yes
configure:5303: checking sys/fsuid.h usability
configure:5303: gcc -c -g -O2  conftest.c >&5
configure:5303: $? = 0
configure:5303: result: yes
configure:5303: checking sys/fsuid.h presence
configure:5303: gcc -E  conftest.c
configure:5303: $? = 0
configure:5303: result: yes
configure:5303: checking for sys/fsuid.h
configure:5303: result: yes
configure:5313: checking for setfsuid
configure:5313: gcc -o conftest -g -O2   conftest.c  >&5
configure:5313: $? = 0
configure:5313: result: yes
configure:5340: checking krb5.h usability
configure:5340: gcc -c -g -O2  conftest.c >&5
conftest.c:118:10: fatal error: krb5.h: No such file or directory
 #include <krb5.h>
          ^~~~~~~~
compilation terminated.
configure:5340: $? = 1
configure: failed program was:
| /* confdefs.h */
| #define PACKAGE_NAME "cifs-utils"
| #define PACKAGE_TARNAME "cifs-utils"
| #define PACKAGE_VERSION "6.7"
| #define PACKAGE_STRING "cifs-utils 6.7"
| #define PACKAGE_BUGREPORT "linux-cifs@vger.kernel.org"
| #define PACKAGE_URL "https://wiki.samba.org/index.php/LinuxCIFS_utils"
| #define PACKAGE "cifs-utils"
| #define VERSION "6.7"
| #define IDMAP_PLUGIN_PATH "/etc/cifs-utils/idmap-plugin"
| #define STDC_HEADERS 1
| #define HAVE_SYS_TYPES_H 1
| #define HAVE_SYS_STAT_H 1
| #define HAVE_STDLIB_H 1
| #define HAVE_STRING_H 1
| #define HAVE_MEMORY_H 1
| #define HAVE_STRINGS_H 1
| #define HAVE_INTTYPES_H 1
| #define HAVE_STDINT_H 1
| #define HAVE_UNISTD_H 1
| #define __EXTENSIONS__ 1
| #define _ALL_SOURCE 1
| #define _GNU_SOURCE 1
| #define _POSIX_PTHREAD_SEMANTICS 1
| #define _TANDEM_SOURCE 1
| #define HAVE__BOOL 1
| #define HAVE_STDBOOL_H 1
| #define HAVE_PTRDIFF_T 1
| #define HAVE_SSIZE_T 1
| #define HAVE_UINT32_T 1
| #define HAVE_UINT8_T 1
| #define HAVE_GETMNTENT 1
| #define LSTAT_FOLLOWS_SLASHED_SYMLINK 1
| #define HAVE_STDLIB_H 1
| #define HAVE_MALLOC 1
| #define HAVE_STDLIB_H 1
| #define HAVE_REALLOC 1
| #define HAVE_ALARM 1
| #define HAVE_ATEXIT 1
| #define HAVE_ENDPWENT 1
| #define HAVE_GETMNTENT 1
| #define HAVE_GETPASS 1
| #define HAVE_GETTIMEOFDAY 1
| #define HAVE_INET_NTOP 1
| #define HAVE_MEMSET 1
| #define HAVE_REALPATH 1
| #define HAVE_SETENV 1
| #define HAVE_STRCHR 1
| #define HAVE_STRCMP 1
| #define HAVE_STRDUP 1
| #define HAVE_STRERROR 1
| #define HAVE_STRNCASECMP 1
| #define HAVE_STRNDUP 1
| #define HAVE_STRPBRK 1
| #define HAVE_STRRCHR 1
| #define HAVE_STRSTR 1
| #define HAVE_STRTOL 1
| #define HAVE_STRTOUL 1
| #define HAVE_TOLOWER 1
| #define HAVE_UNAME 1
| #define HAVE_CLOCK_GETTIME 1
| #define HAVE_ARPA_INET_H 1
| #define HAVE_CTYPE_H 1
| #define HAVE_FCNTL_H 1
| #define HAVE_INTTYPES_H 1
| #define HAVE_LIMITS_H 1
| #define HAVE_MNTENT_H 1
| #define HAVE_NETDB_H 1
| #define HAVE_STDDEF_H 1
| #define HAVE_STDINT_H 1
| #define HAVE_STDBOOL_H 1
| #define HAVE_STDLIB_H 1
| #define HAVE_STDIO_H 1
| #define HAVE_ERRNO_H 1
| #define HAVE_STRING_H 1
| #define HAVE_STRINGS_H 1
| #define HAVE_SYS_MOUNT_H 1
| #define HAVE_SYS_PARAM_H 1
| #define HAVE_SYS_SOCKET_H 1
| #define HAVE_SYS_TIME_H 1
| #define HAVE_SYSLOG_H 1
| #define HAVE_UNISTD_H 1
| #define HAVE_SYS_FSUID_H 1
| /* end confdefs.h.  */
| #include <stdio.h>
| #ifdef HAVE_SYS_TYPES_H
| # include <sys/types.h>
| #endif
| #ifdef HAVE_SYS_STAT_H
| # include <sys/stat.h>
| #endif
| #ifdef STDC_HEADERS
| # include <stdlib.h>
| # include <stddef.h>
| #else
| # ifdef HAVE_STDLIB_H
| #  include <stdlib.h>
| # endif
| #endif
| #ifdef HAVE_STRING_H
| # if !defined STDC_HEADERS && defined HAVE_MEMORY_H
| #  include <memory.h>
| # endif
| # include <string.h>
| #endif
| #ifdef HAVE_STRINGS_H
| # include <strings.h>
| #endif
| #ifdef HAVE_INTTYPES_H
| # include <inttypes.h>
| #endif
| #ifdef HAVE_STDINT_H
| # include <stdint.h>
| #endif
| #ifdef HAVE_UNISTD_H
| # include <unistd.h>
| #endif
| #include <krb5.h>
configure:5340: result: no
configure:5340: checking krb5.h presence
configure:5340: gcc -E  conftest.c
conftest.c:85:10: fatal error: krb5.h: No such file or directory
 #include <krb5.h>
          ^~~~~~~~
compilation terminated.
configure:5340: $? = 1
configure: failed program was:
| /* confdefs.h */
| #define PACKAGE_NAME "cifs-utils"
| #define PACKAGE_TARNAME "cifs-utils"
| #define PACKAGE_VERSION "6.7"
| #define PACKAGE_STRING "cifs-utils 6.7"
| #define PACKAGE_BUGREPORT "linux-cifs@vger.kernel.org"
| #define PACKAGE_URL "https://wiki.samba.org/index.php/LinuxCIFS_utils"
| #define PACKAGE "cifs-utils"
| #define VERSION "6.7"
| #define IDMAP_PLUGIN_PATH "/etc/cifs-utils/idmap-plugin"
| #define STDC_HEADERS 1
| #define HAVE_SYS_TYPES_H 1
| #define HAVE_SYS_STAT_H 1
| #define HAVE_STDLIB_H 1
| #define HAVE_STRING_H 1
| #define HAVE_MEMORY_H 1
| #define HAVE_STRINGS_H 1
| #define HAVE_INTTYPES_H 1
| #define HAVE_STDINT_H 1
| #define HAVE_UNISTD_H 1
| #define __EXTENSIONS__ 1
| #define _ALL_SOURCE 1
| #define _GNU_SOURCE 1
| #define _POSIX_PTHREAD_SEMANTICS 1
| #define _TANDEM_SOURCE 1
| #define HAVE__BOOL 1
| #define HAVE_STDBOOL_H 1
| #define HAVE_PTRDIFF_T 1
| #define HAVE_SSIZE_T 1
| #define HAVE_UINT32_T 1
| #define HAVE_UINT8_T 1
| #define HAVE_GETMNTENT 1
| #define LSTAT_FOLLOWS_SLASHED_SYMLINK 1
| #define HAVE_STDLIB_H 1
| #define HAVE_MALLOC 1
| #define HAVE_STDLIB_H 1
| #define HAVE_REALLOC 1
| #define HAVE_ALARM 1
| #define HAVE_ATEXIT 1
| #define HAVE_ENDPWENT 1
| #define HAVE_GETMNTENT 1
| #define HAVE_GETPASS 1
| #define HAVE_GETTIMEOFDAY 1
| #define HAVE_INET_NTOP 1
| #define HAVE_MEMSET 1
| #define HAVE_REALPATH 1
| #define HAVE_SETENV 1
| #define HAVE_STRCHR 1
| #define HAVE_STRCMP 1
| #define HAVE_STRDUP 1
| #define HAVE_STRERROR 1
| #define HAVE_STRNCASECMP 1
| #define HAVE_STRNDUP 1
| #define HAVE_STRPBRK 1
| #define HAVE_STRRCHR 1
| #define HAVE_STRSTR 1
| #define HAVE_STRTOL 1
| #define HAVE_STRTOUL 1
| #define HAVE_TOLOWER 1
| #define HAVE_UNAME 1
| #define HAVE_CLOCK_GETTIME 1
| #define HAVE_ARPA_INET_H 1
| #define HAVE_CTYPE_H 1
| #define HAVE_FCNTL_H 1
| #define HAVE_INTTYPES_H 1
| #define HAVE_LIMITS_H 1
| #define HAVE_MNTENT_H 1
| #define HAVE_NETDB_H 1
| #define HAVE_STDDEF_H 1
| #define HAVE_STDINT_H 1
| #define HAVE_STDBOOL_H 1
| #define HAVE_STDLIB_H 1
| #define HAVE_STDIO_H 1
| #define HAVE_ERRNO_H 1
| #define HAVE_STRING_H 1
| #define HAVE_STRINGS_H 1
| #define HAVE_SYS_MOUNT_H 1
| #define HAVE_SYS_PARAM_H 1
| #define HAVE_SYS_SOCKET_H 1
| #define HAVE_SYS_TIME_H 1
| #define HAVE_SYSLOG_H 1
| #define HAVE_UNISTD_H 1
| #define HAVE_SYS_FSUID_H 1
| /* end confdefs.h.  */
| #include <krb5.h>
configure:5340: result: no
configure:5340: checking for krb5.h
configure:5340: result: no
configure:5340: checking krb5/krb5.h usability
configure:5340: gcc -c -g -O2  conftest.c >&5
conftest.c:118:10: fatal error: krb5/krb5.h: No such file or directory
 #include <krb5/krb5.h>
          ^~~~~~~~~~~~~
compilation terminated.
configure:5340: $? = 1
configure: failed program was:
| /* confdefs.h */
| #define PACKAGE_NAME "cifs-utils"
| #define PACKAGE_TARNAME "cifs-utils"
| #define PACKAGE_VERSION "6.7"
| #define PACKAGE_STRING "cifs-utils 6.7"
| #define PACKAGE_BUGREPORT "linux-cifs@vger.kernel.org"
| #define PACKAGE_URL "https://wiki.samba.org/index.php/LinuxCIFS_utils"
| #define PACKAGE "cifs-utils"
| #define VERSION "6.7"
| #define IDMAP_PLUGIN_PATH "/etc/cifs-utils/idmap-plugin"
| #define STDC_HEADERS 1
| #define HAVE_SYS_TYPES_H 1
| #define HAVE_SYS_STAT_H 1
| #define HAVE_STDLIB_H 1
| #define HAVE_STRING_H 1
| #define HAVE_MEMORY_H 1
| #define HAVE_STRINGS_H 1
| #define HAVE_INTTYPES_H 1
| #define HAVE_STDINT_H 1
| #define HAVE_UNISTD_H 1
| #define __EXTENSIONS__ 1
| #define _ALL_SOURCE 1
| #define _GNU_SOURCE 1
| #define _POSIX_PTHREAD_SEMANTICS 1
| #define _TANDEM_SOURCE 1
| #define HAVE__BOOL 1
| #define HAVE_STDBOOL_H 1
| #define HAVE_PTRDIFF_T 1
| #define HAVE_SSIZE_T 1
| #define HAVE_UINT32_T 1
| #define HAVE_UINT8_T 1
| #define HAVE_GETMNTENT 1
| #define LSTAT_FOLLOWS_SLASHED_SYMLINK 1
| #define HAVE_STDLIB_H 1
| #define HAVE_MALLOC 1
| #define HAVE_STDLIB_H 1
| #define HAVE_REALLOC 1
| #define HAVE_ALARM 1
| #define HAVE_ATEXIT 1
| #define HAVE_ENDPWENT 1
| #define HAVE_GETMNTENT 1
| #define HAVE_GETPASS 1
| #define HAVE_GETTIMEOFDAY 1
| #define HAVE_INET_NTOP 1
| #define HAVE_MEMSET 1
| #define HAVE_REALPATH 1
| #define HAVE_SETENV 1
| #define HAVE_STRCHR 1
| #define HAVE_STRCMP 1
| #define HAVE_STRDUP 1
| #define HAVE_STRERROR 1
| #define HAVE_STRNCASECMP 1
| #define HAVE_STRNDUP 1
| #define HAVE_STRPBRK 1
| #define HAVE_STRRCHR 1
| #define HAVE_STRSTR 1
| #define HAVE_STRTOL 1
| #define HAVE_STRTOUL 1
| #define HAVE_TOLOWER 1
| #define HAVE_UNAME 1
| #define HAVE_CLOCK_GETTIME 1
| #define HAVE_ARPA_INET_H 1
| #define HAVE_CTYPE_H 1
| #define HAVE_FCNTL_H 1
| #define HAVE_INTTYPES_H 1
| #define HAVE_LIMITS_H 1
| #define HAVE_MNTENT_H 1
| #define HAVE_NETDB_H 1
| #define HAVE_STDDEF_H 1
| #define HAVE_STDINT_H 1
| #define HAVE_STDBOOL_H 1
| #define HAVE_STDLIB_H 1
| #define HAVE_STDIO_H 1
| #define HAVE_ERRNO_H 1
| #define HAVE_STRING_H 1
| #define HAVE_STRINGS_H 1
| #define HAVE_SYS_MOUNT_H 1
| #define HAVE_SYS_PARAM_H 1
| #define HAVE_SYS_SOCKET_H 1
| #define HAVE_SYS_TIME_H 1
| #define HAVE_SYSLOG_H 1
| #define HAVE_UNISTD_H 1
| #define HAVE_SYS_FSUID_H 1
| /* end confdefs.h.  */
| #include <stdio.h>
| #ifdef HAVE_SYS_TYPES_H
| # include <sys/types.h>
| #endif
| #ifdef HAVE_SYS_STAT_H
| # include <sys/stat.h>
| #endif
| #ifdef STDC_HEADERS
| # include <stdlib.h>
| # include <stddef.h>
| #else
| # ifdef HAVE_STDLIB_H
| #  include <stdlib.h>
| # endif
| #endif
| #ifdef HAVE_STRING_H
| # if !defined STDC_HEADERS && defined HAVE_MEMORY_H
| #  include <memory.h>
| # endif
| # include <string.h>
| #endif
| #ifdef HAVE_STRINGS_H
| # include <strings.h>
| #endif
| #ifdef HAVE_INTTYPES_H
| # include <inttypes.h>
| #endif
| #ifdef HAVE_STDINT_H
| # include <stdint.h>
| #endif
| #ifdef HAVE_UNISTD_H
| # include <unistd.h>
| #endif
| #include <krb5/krb5.h>
configure:5340: result: no
configure:5340: checking krb5/krb5.h presence
configure:5340: gcc -E  conftest.c
conftest.c:85:10: fatal error: krb5/krb5.h: No such file or directory
 #include <krb5/krb5.h>
          ^~~~~~~~~~~~~
compilation terminated.
configure:5340: $? = 1
configure: failed program was:
| /* confdefs.h */
| #define PACKAGE_NAME "cifs-utils"
| #define PACKAGE_TARNAME "cifs-utils"
| #define PACKAGE_VERSION "6.7"
| #define PACKAGE_STRING "cifs-utils 6.7"
| #define PACKAGE_BUGREPORT "linux-cifs@vger.kernel.org"
| #define PACKAGE_URL "https://wiki.samba.org/index.php/LinuxCIFS_utils"
| #define PACKAGE "cifs-utils"
| #define VERSION "6.7"
| #define IDMAP_PLUGIN_PATH "/etc/cifs-utils/idmap-plugin"
| #define STDC_HEADERS 1
| #define HAVE_SYS_TYPES_H 1
| #define HAVE_SYS_STAT_H 1
| #define HAVE_STDLIB_H 1
| #define HAVE_STRING_H 1
| #define HAVE_MEMORY_H 1
| #define HAVE_STRINGS_H 1
| #define HAVE_INTTYPES_H 1
| #define HAVE_STDINT_H 1
| #define HAVE_UNISTD_H 1
| #define __EXTENSIONS__ 1
| #define _ALL_SOURCE 1
| #define _GNU_SOURCE 1
| #define _POSIX_PTHREAD_SEMANTICS 1
| #define _TANDEM_SOURCE 1
| #define HAVE__BOOL 1
| #define HAVE_STDBOOL_H 1
| #define HAVE_PTRDIFF_T 1
| #define HAVE_SSIZE_T 1
| #define HAVE_UINT32_T 1
| #define HAVE_UINT8_T 1
| #define HAVE_GETMNTENT 1
| #define LSTAT_FOLLOWS_SLASHED_SYMLINK 1
| #define HAVE_STDLIB_H 1
| #define HAVE_MALLOC 1
| #define HAVE_STDLIB_H 1
| #define HAVE_REALLOC 1
| #define HAVE_ALARM 1
| #define HAVE_ATEXIT 1
| #define HAVE_ENDPWENT 1
| #define HAVE_GETMNTENT 1
| #define HAVE_GETPASS 1
| #define HAVE_GETTIMEOFDAY 1
| #define HAVE_INET_NTOP 1
| #define HAVE_MEMSET 1
| #define HAVE_REALPATH 1
| #define HAVE_SETENV 1
| #define HAVE_STRCHR 1
| #define HAVE_STRCMP 1
| #define HAVE_STRDUP 1
| #define HAVE_STRERROR 1
| #define HAVE_STRNCASECMP 1
| #define HAVE_STRNDUP 1
| #define HAVE_STRPBRK 1
| #define HAVE_STRRCHR 1
| #define HAVE_STRSTR 1
| #define HAVE_STRTOL 1
| #define HAVE_STRTOUL 1
| #define HAVE_TOLOWER 1
| #define HAVE_UNAME 1
| #define HAVE_CLOCK_GETTIME 1
| #define HAVE_ARPA_INET_H 1
| #define HAVE_CTYPE_H 1
| #define HAVE_FCNTL_H 1
| #define HAVE_INTTYPES_H 1
| #define HAVE_LIMITS_H 1
| #define HAVE_MNTENT_H 1
| #define HAVE_NETDB_H 1
| #define HAVE_STDDEF_H 1
| #define HAVE_STDINT_H 1
| #define HAVE_STDBOOL_H 1
| #define HAVE_STDLIB_H 1
| #define HAVE_STDIO_H 1
| #define HAVE_ERRNO_H 1
| #define HAVE_STRING_H 1
| #define HAVE_STRINGS_H 1
| #define HAVE_SYS_MOUNT_H 1
| #define HAVE_SYS_PARAM_H 1
| #define HAVE_SYS_SOCKET_H 1
| #define HAVE_SYS_TIME_H 1
| #define HAVE_SYSLOG_H 1
| #define HAVE_UNISTD_H 1
| #define HAVE_SYS_FSUID_H 1
| /* end confdefs.h.  */
| #include <krb5/krb5.h>
configure:5340: result: no
configure:5340: checking for krb5/krb5.h
configure:5340: result: no
configure:5355: WARNING: krb5.h not found, consider installing krb5-devel or krb5-libs-devel. Disabling cifs.upcall.
configure:5429: checking keyutils.h usability
configure:5429: gcc -c -g -O2  conftest.c >&5
conftest.c:118:10: fatal error: keyutils.h: No such file or directory
 #include <keyutils.h>
          ^~~~~~~~~~~~
compilation terminated.
configure:5429: $? = 1
configure: failed program was:
| /* confdefs.h */
| #define PACKAGE_NAME "cifs-utils"
| #define PACKAGE_TARNAME "cifs-utils"
| #define PACKAGE_VERSION "6.7"
| #define PACKAGE_STRING "cifs-utils 6.7"
| #define PACKAGE_BUGREPORT "linux-cifs@vger.kernel.org"
| #define PACKAGE_URL "https://wiki.samba.org/index.php/LinuxCIFS_utils"
| #define PACKAGE "cifs-utils"
| #define VERSION "6.7"
| #define IDMAP_PLUGIN_PATH "/etc/cifs-utils/idmap-plugin"
| #define STDC_HEADERS 1
| #define HAVE_SYS_TYPES_H 1
| #define HAVE_SYS_STAT_H 1
| #define HAVE_STDLIB_H 1
| #define HAVE_STRING_H 1
| #define HAVE_MEMORY_H 1
| #define HAVE_STRINGS_H 1
| #define HAVE_INTTYPES_H 1
| #define HAVE_STDINT_H 1
| #define HAVE_UNISTD_H 1
| #define __EXTENSIONS__ 1
| #define _ALL_SOURCE 1
| #define _GNU_SOURCE 1
| #define _POSIX_PTHREAD_SEMANTICS 1
| #define _TANDEM_SOURCE 1
| #define HAVE__BOOL 1
| #define HAVE_STDBOOL_H 1
| #define HAVE_PTRDIFF_T 1
| #define HAVE_SSIZE_T 1
| #define HAVE_UINT32_T 1
| #define HAVE_UINT8_T 1
| #define HAVE_GETMNTENT 1
| #define LSTAT_FOLLOWS_SLASHED_SYMLINK 1
| #define HAVE_STDLIB_H 1
| #define HAVE_MALLOC 1
| #define HAVE_STDLIB_H 1
| #define HAVE_REALLOC 1
| #define HAVE_ALARM 1
| #define HAVE_ATEXIT 1
| #define HAVE_ENDPWENT 1
| #define HAVE_GETMNTENT 1
| #define HAVE_GETPASS 1
| #define HAVE_GETTIMEOFDAY 1
| #define HAVE_INET_NTOP 1
| #define HAVE_MEMSET 1
| #define HAVE_REALPATH 1
| #define HAVE_SETENV 1
| #define HAVE_STRCHR 1
| #define HAVE_STRCMP 1
| #define HAVE_STRDUP 1
| #define HAVE_STRERROR 1
| #define HAVE_STRNCASECMP 1
| #define HAVE_STRNDUP 1
| #define HAVE_STRPBRK 1
| #define HAVE_STRRCHR 1
| #define HAVE_STRSTR 1
| #define HAVE_STRTOL 1
| #define HAVE_STRTOUL 1
| #define HAVE_TOLOWER 1
| #define HAVE_UNAME 1
| #define HAVE_CLOCK_GETTIME 1
| #define HAVE_ARPA_INET_H 1
| #define HAVE_CTYPE_H 1
| #define HAVE_FCNTL_H 1
| #define HAVE_INTTYPES_H 1
| #define HAVE_LIMITS_H 1
| #define HAVE_MNTENT_H 1
| #define HAVE_NETDB_H 1
| #define HAVE_STDDEF_H 1
| #define HAVE_STDINT_H 1
| #define HAVE_STDBOOL_H 1
| #define HAVE_STDLIB_H 1
| #define HAVE_STDIO_H 1
| #define HAVE_ERRNO_H 1
| #define HAVE_STRING_H 1
| #define HAVE_STRINGS_H 1
| #define HAVE_SYS_MOUNT_H 1
| #define HAVE_SYS_PARAM_H 1
| #define HAVE_SYS_SOCKET_H 1
| #define HAVE_SYS_TIME_H 1
| #define HAVE_SYSLOG_H 1
| #define HAVE_UNISTD_H 1
| #define HAVE_SYS_FSUID_H 1
| /* end confdefs.h.  */
| #include <stdio.h>
| #ifdef HAVE_SYS_TYPES_H
| # include <sys/types.h>
| #endif
| #ifdef HAVE_SYS_STAT_H
| # include <sys/stat.h>
| #endif
| #ifdef STDC_HEADERS
| # include <stdlib.h>
| # include <stddef.h>
| #else
| # ifdef HAVE_STDLIB_H
| #  include <stdlib.h>
| # endif
| #endif
| #ifdef HAVE_STRING_H
| # if !defined STDC_HEADERS && defined HAVE_MEMORY_H
| #  include <memory.h>
| # endif
| # include <string.h>
| #endif
| #ifdef HAVE_STRINGS_H
| # include <strings.h>
| #endif
| #ifdef HAVE_INTTYPES_H
| # include <inttypes.h>
| #endif
| #ifdef HAVE_STDINT_H
| # include <stdint.h>
| #endif
| #ifdef HAVE_UNISTD_H
| # include <unistd.h>
| #endif
| #include <keyutils.h>
configure:5429: result: no
configure:5429: checking keyutils.h presence
configure:5429: gcc -E  conftest.c
conftest.c:85:10: fatal error: keyutils.h: No such file or directory
 #include <keyutils.h>
          ^~~~~~~~~~~~
compilation terminated.
configure:5429: $? = 1
configure: failed program was:
| /* confdefs.h */
| #define PACKAGE_NAME "cifs-utils"
| #define PACKAGE_TARNAME "cifs-utils"
| #define PACKAGE_VERSION "6.7"
| #define PACKAGE_STRING "cifs-utils 6.7"
| #define PACKAGE_BUGREPORT "linux-cifs@vger.kernel.org"
| #define PACKAGE_URL "https://wiki.samba.org/index.php/LinuxCIFS_utils"
| #define PACKAGE "cifs-utils"
| #define VERSION "6.7"
| #define IDMAP_PLUGIN_PATH "/etc/cifs-utils/idmap-plugin"
| #define STDC_HEADERS 1
| #define HAVE_SYS_TYPES_H 1
| #define HAVE_SYS_STAT_H 1
| #define HAVE_STDLIB_H 1
| #define HAVE_STRING_H 1
| #define HAVE_MEMORY_H 1
| #define HAVE_STRINGS_H 1
| #define HAVE_INTTYPES_H 1
| #define HAVE_STDINT_H 1
| #define HAVE_UNISTD_H 1
| #define __EXTENSIONS__ 1
| #define _ALL_SOURCE 1
| #define _GNU_SOURCE 1
| #define _POSIX_PTHREAD_SEMANTICS 1
| #define _TANDEM_SOURCE 1
| #define HAVE__BOOL 1
| #define HAVE_STDBOOL_H 1
| #define HAVE_PTRDIFF_T 1
| #define HAVE_SSIZE_T 1
| #define HAVE_UINT32_T 1
| #define HAVE_UINT8_T 1
| #define HAVE_GETMNTENT 1
| #define LSTAT_FOLLOWS_SLASHED_SYMLINK 1
| #define HAVE_STDLIB_H 1
| #define HAVE_MALLOC 1
| #define HAVE_STDLIB_H 1
| #define HAVE_REALLOC 1
| #define HAVE_ALARM 1
| #define HAVE_ATEXIT 1
| #define HAVE_ENDPWENT 1
| #define HAVE_GETMNTENT 1
| #define HAVE_GETPASS 1
| #define HAVE_GETTIMEOFDAY 1
| #define HAVE_INET_NTOP 1
| #define HAVE_MEMSET 1
| #define HAVE_REALPATH 1
| #define HAVE_SETENV 1
| #define HAVE_STRCHR 1
| #define HAVE_STRCMP 1
| #define HAVE_STRDUP 1
| #define HAVE_STRERROR 1
| #define HAVE_STRNCASECMP 1
| #define HAVE_STRNDUP 1
| #define HAVE_STRPBRK 1
| #define HAVE_STRRCHR 1
| #define HAVE_STRSTR 1
| #define HAVE_STRTOL 1
| #define HAVE_STRTOUL 1
| #define HAVE_TOLOWER 1
| #define HAVE_UNAME 1
| #define HAVE_CLOCK_GETTIME 1
| #define HAVE_ARPA_INET_H 1
| #define HAVE_CTYPE_H 1
| #define HAVE_FCNTL_H 1
| #define HAVE_INTTYPES_H 1
| #define HAVE_LIMITS_H 1
| #define HAVE_MNTENT_H 1
| #define HAVE_NETDB_H 1
| #define HAVE_STDDEF_H 1
| #define HAVE_STDINT_H 1
| #define HAVE_STDBOOL_H 1
| #define HAVE_STDLIB_H 1
| #define HAVE_STDIO_H 1
| #define HAVE_ERRNO_H 1
| #define HAVE_STRING_H 1
| #define HAVE_STRINGS_H 1
| #define HAVE_SYS_MOUNT_H 1
| #define HAVE_SYS_PARAM_H 1
| #define HAVE_SYS_SOCKET_H 1
| #define HAVE_SYS_TIME_H 1
| #define HAVE_SYSLOG_H 1
| #define HAVE_UNISTD_H 1
| #define HAVE_SYS_FSUID_H 1
| /* end confdefs.h.  */
| #include <keyutils.h>
configure:5429: result: no
configure:5429: checking for keyutils.h
configure:5429: result: no
configure:5440: WARNING: keyutils.h not found, consider installing keyutils-libs-devel. Disabling cifs.upcall.
configure:5447: WARNING: keyutils.h not found, consider installing keyutils-libs-devel. Disabling cifs.idmap.
configure:5558: checking for pkg-config
configure:5576: found /usr/bin/pkg-config
configure:5588: result: /usr/bin/pkg-config
configure:5613: checking pkg-config is at least version 0.9.0
configure:5616: result: yes
configure:5628: checking for wbclient
configure:5635: $PKG_CONFIG --exists --print-errors "wbclient"
Package wbclient was not found in the pkg-config search path.
Perhaps you should add the directory containing `wbclient.pc'
to the PKG_CONFIG_PATH environment variable
No package 'wbclient' found
configure:5638: $? = 1
configure:5652: $PKG_CONFIG --exists --print-errors "wbclient"
Package wbclient was not found in the pkg-config search path.
Perhaps you should add the directory containing `wbclient.pc'
to the PKG_CONFIG_PATH environment variable
No package 'wbclient' found
configure:5655: $? = 1
configure:5669: result: no
No package 'wbclient' found
configure:5689: WARNING: wbclient.h not found, consider installing libwbclient-devel. Disabling cifs.idmap.
configure:5696: WARNING: wbclient.h not found, consider installing libwbclient-devel. Disabling cifsacl.
configure:5828: checking whether WBC_ID_TYPE_BOTH enum value is defined
configure:5851: gcc -c -g -O2   conftest.c >&5
conftest.c:87:10: fatal error: wbclient.h: No such file or directory
 #include <wbclient.h>
          ^~~~~~~~~~~~
compilation terminated.
configure:5851: $? = 1
configure: failed program was:
| /* confdefs.h */
| #define PACKAGE_NAME "cifs-utils"
| #define PACKAGE_TARNAME "cifs-utils"
| #define PACKAGE_VERSION "6.7"
| #define PACKAGE_STRING "cifs-utils 6.7"
| #define PACKAGE_BUGREPORT "linux-cifs@vger.kernel.org"
| #define PACKAGE_URL "https://wiki.samba.org/index.php/LinuxCIFS_utils"
| #define PACKAGE "cifs-utils"
| #define VERSION "6.7"
| #define IDMAP_PLUGIN_PATH "/etc/cifs-utils/idmap-plugin"
| #define STDC_HEADERS 1
| #define HAVE_SYS_TYPES_H 1
| #define HAVE_SYS_STAT_H 1
| #define HAVE_STDLIB_H 1
| #define HAVE_STRING_H 1
| #define HAVE_MEMORY_H 1
| #define HAVE_STRINGS_H 1
| #define HAVE_INTTYPES_H 1
| #define HAVE_STDINT_H 1
| #define HAVE_UNISTD_H 1
| #define __EXTENSIONS__ 1
| #define _ALL_SOURCE 1
| #define _GNU_SOURCE 1
| #define _POSIX_PTHREAD_SEMANTICS 1
| #define _TANDEM_SOURCE 1
| #define HAVE__BOOL 1
| #define HAVE_STDBOOL_H 1
| #define HAVE_PTRDIFF_T 1
| #define HAVE_SSIZE_T 1
| #define HAVE_UINT32_T 1
| #define HAVE_UINT8_T 1
| #define HAVE_GETMNTENT 1
| #define LSTAT_FOLLOWS_SLASHED_SYMLINK 1
| #define HAVE_STDLIB_H 1
| #define HAVE_MALLOC 1
| #define HAVE_STDLIB_H 1
| #define HAVE_REALLOC 1
| #define HAVE_ALARM 1
| #define HAVE_ATEXIT 1
| #define HAVE_ENDPWENT 1
| #define HAVE_GETMNTENT 1
| #define HAVE_GETPASS 1
| #define HAVE_GETTIMEOFDAY 1
| #define HAVE_INET_NTOP 1
| #define HAVE_MEMSET 1
| #define HAVE_REALPATH 1
| #define HAVE_SETENV 1
| #define HAVE_STRCHR 1
| #define HAVE_STRCMP 1
| #define HAVE_STRDUP 1
| #define HAVE_STRERROR 1
| #define HAVE_STRNCASECMP 1
| #define HAVE_STRNDUP 1
| #define HAVE_STRPBRK 1
| #define HAVE_STRRCHR 1
| #define HAVE_STRSTR 1
| #define HAVE_STRTOL 1
| #define HAVE_STRTOUL 1
| #define HAVE_TOLOWER 1
| #define HAVE_UNAME 1
| #define HAVE_CLOCK_GETTIME 1
| #define HAVE_ARPA_INET_H 1
| #define HAVE_CTYPE_H 1
| #define HAVE_FCNTL_H 1
| #define HAVE_INTTYPES_H 1
| #define HAVE_LIMITS_H 1
| #define HAVE_MNTENT_H 1
| #define HAVE_NETDB_H 1
| #define HAVE_STDDEF_H 1
| #define HAVE_STDINT_H 1
| #define HAVE_STDBOOL_H 1
| #define HAVE_STDLIB_H 1
| #define HAVE_STDIO_H 1
| #define HAVE_ERRNO_H 1
| #define HAVE_STRING_H 1
| #define HAVE_STRINGS_H 1
| #define HAVE_SYS_MOUNT_H 1
| #define HAVE_SYS_PARAM_H 1
| #define HAVE_SYS_SOCKET_H 1
| #define HAVE_SYS_TIME_H 1
| #define HAVE_SYSLOG_H 1
| #define HAVE_UNISTD_H 1
| #define HAVE_SYS_FSUID_H 1
| /* end confdefs.h.  */
| #include <stdint.h>
| #include <stdbool.h>
| #include <wbclient.h>
| int
| main ()
| {
| enum wbcIdType id = WBC_ID_TYPE_BOTH;
|   ;
|   return 0;
| }
configure:5858: result: no
configure:5874: checking for keyutils.h
configure:5874: result: no
configure:5886: WARNING: keyutils.h not found, consider installing keyutils-libs-devel. Disabling cifscreds and cifscreds PAM module.
configure:5978: checking whether krb5_auth_con_set_req_cksumtype is declared
configure:5978: gcc -c -g -O2  conftest.c >&5
conftest.c:86:10: fatal error: krb5.h: No such file or directory
 #include <krb5.h>
          ^~~~~~~~
compilation terminated.
configure:5978: $? = 1
configure: failed program was:
| /* confdefs.h */
| #define PACKAGE_NAME "cifs-utils"
| #define PACKAGE_TARNAME "cifs-utils"
| #define PACKAGE_VERSION "6.7"
| #define PACKAGE_STRING "cifs-utils 6.7"
| #define PACKAGE_BUGREPORT "linux-cifs@vger.kernel.org"
| #define PACKAGE_URL "https://wiki.samba.org/index.php/LinuxCIFS_utils"
| #define PACKAGE "cifs-utils"
| #define VERSION "6.7"
| #define IDMAP_PLUGIN_PATH "/etc/cifs-utils/idmap-plugin"
| #define STDC_HEADERS 1
| #define HAVE_SYS_TYPES_H 1
| #define HAVE_SYS_STAT_H 1
| #define HAVE_STDLIB_H 1
| #define HAVE_STRING_H 1
| #define HAVE_MEMORY_H 1
| #define HAVE_STRINGS_H 1
| #define HAVE_INTTYPES_H 1
| #define HAVE_STDINT_H 1
| #define HAVE_UNISTD_H 1
| #define __EXTENSIONS__ 1
| #define _ALL_SOURCE 1
| #define _GNU_SOURCE 1
| #define _POSIX_PTHREAD_SEMANTICS 1
| #define _TANDEM_SOURCE 1
| #define HAVE__BOOL 1
| #define HAVE_STDBOOL_H 1
| #define HAVE_PTRDIFF_T 1
| #define HAVE_SSIZE_T 1
| #define HAVE_UINT32_T 1
| #define HAVE_UINT8_T 1
| #define HAVE_GETMNTENT 1
| #define LSTAT_FOLLOWS_SLASHED_SYMLINK 1
| #define HAVE_STDLIB_H 1
| #define HAVE_MALLOC 1
| #define HAVE_STDLIB_H 1
| #define HAVE_REALLOC 1
| #define HAVE_ALARM 1
| #define HAVE_ATEXIT 1
| #define HAVE_ENDPWENT 1
| #define HAVE_GETMNTENT 1
| #define HAVE_GETPASS 1
| #define HAVE_GETTIMEOFDAY 1
| #define HAVE_INET_NTOP 1
| #define HAVE_MEMSET 1
| #define HAVE_REALPATH 1
| #define HAVE_SETENV 1
| #define HAVE_STRCHR 1
| #define HAVE_STRCMP 1
| #define HAVE_STRDUP 1
| #define HAVE_STRERROR 1
| #define HAVE_STRNCASECMP 1
| #define HAVE_STRNDUP 1
| #define HAVE_STRPBRK 1
| #define HAVE_STRRCHR 1
| #define HAVE_STRSTR 1
| #define HAVE_STRTOL 1
| #define HAVE_STRTOUL 1
| #define HAVE_TOLOWER 1
| #define HAVE_UNAME 1
| #define HAVE_CLOCK_GETTIME 1
| #define HAVE_ARPA_INET_H 1
| #define HAVE_CTYPE_H 1
| #define HAVE_FCNTL_H 1
| #define HAVE_INTTYPES_H 1
| #define HAVE_LIMITS_H 1
| #define HAVE_MNTENT_H 1
| #define HAVE_NETDB_H 1
| #define HAVE_STDDEF_H 1
| #define HAVE_STDINT_H 1
| #define HAVE_STDBOOL_H 1
| #define HAVE_STDLIB_H 1
| #define HAVE_STDIO_H 1
| #define HAVE_ERRNO_H 1
| #define HAVE_STRING_H 1
| #define HAVE_STRINGS_H 1
| #define HAVE_SYS_MOUNT_H 1
| #define HAVE_SYS_PARAM_H 1
| #define HAVE_SYS_SOCKET_H 1
| #define HAVE_SYS_TIME_H 1
| #define HAVE_SYSLOG_H 1
| #define HAVE_UNISTD_H 1
| #define HAVE_SYS_FSUID_H 1
| #define ENABLE_SYSTEMD 1
| /* end confdefs.h.  */
| #include <krb5.h>
| 
| int
| main ()
| {
| #ifndef krb5_auth_con_set_req_cksumtype
| #ifdef __cplusplus
|   (void) krb5_auth_con_set_req_cksumtype;
| #else
|   (void) krb5_auth_con_set_req_cksumtype;
| #endif
| #endif
| 
|   ;
|   return 0;
| }
configure:5978: result: no
configure:6059: checking for prctl
configure:6059: gcc -o conftest -g -O2   conftest.c  >&5
configure:6059: $? = 0
configure:6059: result: yes
configure:6065: checking for cap_get_proc in -lcap
configure:6090: gcc -o conftest -g -O2   conftest.c -lcap   >&5
configure:6090: $? = 0
configure:6099: result: yes
configure:6110: checking sys/capability.h usability
configure:6110: gcc -c -g -O2  conftest.c >&5
configure:6110: $? = 0
configure:6110: result: yes
configure:6110: checking sys/capability.h presence
configure:6110: gcc -E  conftest.c
configure:6110: $? = 0
configure:6110: result: yes
configure:6110: checking for sys/capability.h
configure:6110: result: yes
configure:6251: checking that generated files are newer than configure
configure:6257: result: done
configure:6304: creating ./config.status

## ---------------------- ##
## Running config.status. ##
## ---------------------- ##

This file was extended by cifs-utils config.status 6.7, which was
generated by GNU Autoconf 2.69.  Invocation command line was

  CONFIG_FILES    = 
  CONFIG_HEADERS  = 
  CONFIG_LINKS    = 
  CONFIG_COMMANDS = 
  $ ./config.status 

on localhost.localdomain

config.status:957: creating Makefile
config.status:957: creating contrib/Makefile
config.status:957: creating contrib/request-key.d/Makefile
config.status:957: creating config.h
config.status:1186: executing depfiles commands

## ---------------- ##
## Cache variables. ##
## ---------------- ##

ac_cv_build=x86_64-pc-linux-gnu
ac_cv_c_compiler_gnu=yes
ac_cv_env_CC_set=
ac_cv_env_CC_value=
ac_cv_env_CFLAGS_set=
ac_cv_env_CFLAGS_value=
ac_cv_env_CPPFLAGS_set=
ac_cv_env_CPPFLAGS_value=
ac_cv_env_CPP_set=
ac_cv_env_CPP_value=
ac_cv_env_LDFLAGS_set=
ac_cv_env_LDFLAGS_value=
ac_cv_env_LIBS_set=
ac_cv_env_LIBS_value=
ac_cv_env_PKG_CONFIG_LIBDIR_set=
ac_cv_env_PKG_CONFIG_LIBDIR_value=
ac_cv_env_PKG_CONFIG_PATH_set=
ac_cv_env_PKG_CONFIG_PATH_value=
ac_cv_env_PKG_CONFIG_set=
ac_cv_env_PKG_CONFIG_value=
ac_cv_env_ROOTSBINDIR_set=
ac_cv_env_ROOTSBINDIR_value=
ac_cv_env_WBCLIENT_CFLAGS_set=
ac_cv_env_WBCLIENT_CFLAGS_value=
ac_cv_env_WBCLIENT_LIBS_set=
ac_cv_env_WBCLIENT_LIBS_value=
ac_cv_env_build_alias_set=
ac_cv_env_build_alias_value=
ac_cv_env_host_alias_set=
ac_cv_env_host_alias_value=
ac_cv_env_target_alias_set=
ac_cv_env_target_alias_value=
ac_cv_func_alarm=yes
ac_cv_func_atexit=yes
ac_cv_func_clock_gettime=yes
ac_cv_func_endpwent=yes
ac_cv_func_getmntent=yes
ac_cv_func_getpass=yes
ac_cv_func_gettimeofday=yes
ac_cv_func_inet_ntop=yes
ac_cv_func_lstat_dereferences_slashed_symlink=yes
ac_cv_func_malloc_0_nonnull=yes
ac_cv_func_memset=yes
ac_cv_func_prctl=yes
ac_cv_func_realloc_0_nonnull=yes
ac_cv_func_realpath=yes
ac_cv_func_setenv=yes
ac_cv_func_setfsuid=yes
ac_cv_func_strchr=yes
ac_cv_func_strcmp=yes
ac_cv_func_strdup=yes
ac_cv_func_strerror=yes
ac_cv_func_strncasecmp=yes
ac_cv_func_strndup=yes
ac_cv_func_strnlen_working=yes
ac_cv_func_strpbrk=yes
ac_cv_func_strrchr=yes
ac_cv_func_strstr=yes
ac_cv_func_strtol=yes
ac_cv_func_strtoul=yes
ac_cv_func_tolower=yes
ac_cv_func_uname=yes
ac_cv_have_decl_krb5_auth_con_set_req_cksumtype=no
ac_cv_header_arpa_inet_h=yes
ac_cv_header_ctype_h=yes
ac_cv_header_errno_h=yes
ac_cv_header_fcntl_h=yes
ac_cv_header_inttypes_h=yes
ac_cv_header_keyutils_h=no
ac_cv_header_krb5_h=no
ac_cv_header_krb5_krb5_h=no
ac_cv_header_limits_h=yes
ac_cv_header_memory_h=yes
ac_cv_header_minix_config_h=no
ac_cv_header_mntent_h=yes
ac_cv_header_netdb_h=yes
ac_cv_header_stdbool_h=yes
ac_cv_header_stdc=yes
ac_cv_header_stddef_h=yes
ac_cv_header_stdint_h=yes
ac_cv_header_stdio_h=yes
ac_cv_header_stdlib_h=yes
ac_cv_header_string_h=yes
ac_cv_header_strings_h=yes
ac_cv_header_sys_capability_h=yes
ac_cv_header_sys_fsuid_h=yes
ac_cv_header_sys_mount_h=yes
ac_cv_header_sys_param_h=yes
ac_cv_header_sys_socket_h=yes
ac_cv_header_sys_stat_h=yes
ac_cv_header_sys_time_h=yes
ac_cv_header_sys_types_h=yes
ac_cv_header_syslog_h=yes
ac_cv_header_unistd_h=yes
ac_cv_host=x86_64-pc-linux-gnu
ac_cv_lib_cap_cap_get_proc=yes
ac_cv_objext=o
ac_cv_path_EGREP='/usr/bin/grep -E'
ac_cv_path_GREP=/usr/bin/grep
ac_cv_path_SED=/bin/sed
ac_cv_path_ac_pt_PKG_CONFIG=/usr/bin/pkg-config
ac_cv_path_install='/usr/bin/install -c'
ac_cv_path_mkdir=/bin/mkdir
ac_cv_prog_AWK=gawk
ac_cv_prog_CPP='gcc -E'
ac_cv_prog_ac_ct_CC=gcc
ac_cv_prog_cc_c89=
ac_cv_prog_cc_g=yes
ac_cv_prog_make_make_set=yes
ac_cv_safe_to_define___extensions__=yes
ac_cv_search_getmntent='none required'
ac_cv_type__Bool=yes
ac_cv_type_off_t=yes
ac_cv_type_pid_t=yes
ac_cv_type_ptrdiff_t=yes
ac_cv_type_size_t=yes
ac_cv_type_ssize_t=yes
ac_cv_type_uid_t=yes
ac_cv_type_uint32_t=yes
ac_cv_type_uint8_t=yes
am_cv_CC_dependencies_compiler_type=gcc3
am_cv_make_support_nested_variables=yes
am_cv_prog_cc_c_o=yes

## ----------------- ##
## Output variables. ##
## ----------------- ##

ACLOCAL='${SHELL} /lfskernel/sources/boot/cifs-utils-6.7/missing aclocal-1.15'
AMDEPBACKSLASH='\'
AMDEP_FALSE='#'
AMDEP_TRUE=''
AMTAR='$${TAR-tar}'
AM_BACKSLASH='\'
AM_DEFAULT_V='$(AM_DEFAULT_VERBOSITY)'
AM_DEFAULT_VERBOSITY='1'
AM_V='$(V)'
AUTOCONF='${SHELL} /lfskernel/sources/boot/cifs-utils-6.7/missing autoconf'
AUTOHEADER='${SHELL} /lfskernel/sources/boot/cifs-utils-6.7/missing autoheader'
AUTOMAKE='${SHELL} /lfskernel/sources/boot/cifs-utils-6.7/missing automake-1.15'
AWK='gawk'
CC='gcc'
CCDEPMODE='depmode=gcc3'
CFLAGS='-g -O2'
CONFIG_CIFSACL_FALSE=''
CONFIG_CIFSACL_TRUE='#'
CONFIG_CIFSCREDS_FALSE=''
CONFIG_CIFSCREDS_TRUE='#'
CONFIG_CIFSIDMAP_FALSE=''
CONFIG_CIFSIDMAP_TRUE='#'
CONFIG_CIFSUPCALL_FALSE=''
CONFIG_CIFSUPCALL_TRUE='#'
CONFIG_PAM_FALSE=''
CONFIG_PAM_TRUE='#'
CONFIG_PLUGIN_FALSE=''
CONFIG_PLUGIN_TRUE='#'
CPP='gcc -E'
CPPFLAGS=''
CYGPATH_W='echo'
DEFS='-DHAVE_CONFIG_H'
DEPDIR='.deps'
ECHO_C=''
ECHO_N='-n'
ECHO_T=''
EGREP='/usr/bin/grep -E'
EXEEXT=''
GREP='/usr/bin/grep'
INSTALL_DATA='${INSTALL} -m 644'
INSTALL_PROGRAM='${INSTALL}'
INSTALL_SCRIPT='${INSTALL}'
INSTALL_STRIP_PROGRAM='$(install_sh) -c -s'
KRB5_LDADD=''
LDFLAGS=''
LIBCAP='-lcap'
LIBOBJS=''
LIBS=''
LTLIBOBJS=''
MAKEINFO='${SHELL} /lfskernel/sources/boot/cifs-utils-6.7/missing makeinfo'
MKDIR_P='/bin/mkdir -p'
OBJEXT='o'
PACKAGE='cifs-utils'
PACKAGE_BUGREPORT='linux-cifs@vger.kernel.org'
PACKAGE_NAME='cifs-utils'
PACKAGE_STRING='cifs-utils 6.7'
PACKAGE_TARNAME='cifs-utils'
PACKAGE_URL='https://wiki.samba.org/index.php/LinuxCIFS_utils'
PACKAGE_VERSION='6.7'
PATH_SEPARATOR=':'
PIE_CFLAGS='-fpie -pie'
PKG_CONFIG='/usr/bin/pkg-config'
PKG_CONFIG_LIBDIR=''
PKG_CONFIG_PATH=''
RELRO_CFLAGS='-Wl,-z,relro,-z,now'
ROOTSBINDIR='/sbin'
RT_LDADD=''
SED='/bin/sed'
SET_MAKE=''
SHELL='/bin/sh'
STRIP=''
VERSION='6.7'
WBCLIENT_CFLAGS=''
WBCLIENT_LIBS=''
ac_ct_CC='gcc'
am__EXEEXT_FALSE=''
am__EXEEXT_TRUE='#'
am__fastdepCC_FALSE='#'
am__fastdepCC_TRUE=''
am__include='include'
am__isrc=''
am__leading_dot='.'
am__nodep='_no'
am__quote=''
am__tar='$${TAR-tar} chof - "$$tardir"'
am__untar='$${TAR-tar} xf -'
bindir='${exec_prefix}/bin'
build='x86_64-pc-linux-gnu'
build_alias=''
build_cpu='x86_64'
build_os='linux-gnu'
build_vendor='pc'
datadir='${datarootdir}'
datarootdir='${prefix}/share'
docdir='${datarootdir}/doc/${PACKAGE_TARNAME}'
dvidir='${docdir}'
exec_prefix='${prefix}'
host='x86_64-pc-linux-gnu'
host_alias=''
host_cpu='x86_64'
host_os='linux-gnu'
host_vendor='pc'
htmldir='${docdir}'
includedir='${prefix}/include'
infodir='${datarootdir}/info'
install_sh='${SHELL} /lfskernel/sources/boot/cifs-utils-6.7/install-sh'
libdir='${exec_prefix}/lib'
libexecdir='${exec_prefix}/libexec'
localedir='${datarootdir}/locale'
localstatedir='${prefix}/var'
mandir='${datarootdir}/man'
mkdir_p='$(MKDIR_P)'
oldincludedir='/usr/include'
pamdir='$(libdir)/security'
pdfdir='${docdir}'
pluginpath='/etc/cifs-utils/idmap-plugin'
prefix='/usr'
program_transform_name='s,x,x,'
psdir='${docdir}'
sbindir='${exec_prefix}/sbin'
sharedstatedir='${prefix}/com'
sysconfdir='${prefix}/etc'
target_alias=''

## ----------- ##
## confdefs.h. ##
## ----------- ##

/* confdefs.h */
#define PACKAGE_NAME "cifs-utils"
#define PACKAGE_TARNAME "cifs-utils"
#define PACKAGE_VERSION "6.7"
#define PACKAGE_STRING "cifs-utils 6.7"
#define PACKAGE_BUGREPORT "linux-cifs@vger.kernel.org"
#define PACKAGE_URL "https://wiki.samba.org/index.php/LinuxCIFS_utils"
#define PACKAGE "cifs-utils"
#define VERSION "6.7"
#define IDMAP_PLUGIN_PATH "/etc/cifs-utils/idmap-plugin"
#define STDC_HEADERS 1
#define HAVE_SYS_TYPES_H 1
#define HAVE_SYS_STAT_H 1
#define HAVE_STDLIB_H 1
#define HAVE_STRING_H 1
#define HAVE_MEMORY_H 1
#define HAVE_STRINGS_H 1
#define HAVE_INTTYPES_H 1
#define HAVE_STDINT_H 1
#define HAVE_UNISTD_H 1
#define __EXTENSIONS__ 1
#define _ALL_SOURCE 1
#define _GNU_SOURCE 1
#define _POSIX_PTHREAD_SEMANTICS 1
#define _TANDEM_SOURCE 1
#define HAVE__BOOL 1
#define HAVE_STDBOOL_H 1
#define HAVE_PTRDIFF_T 1
#define HAVE_SSIZE_T 1
#define HAVE_UINT32_T 1
#define HAVE_UINT8_T 1
#define HAVE_GETMNTENT 1
#define LSTAT_FOLLOWS_SLASHED_SYMLINK 1
#define HAVE_STDLIB_H 1
#define HAVE_MALLOC 1
#define HAVE_STDLIB_H 1
#define HAVE_REALLOC 1
#define HAVE_ALARM 1
#define HAVE_ATEXIT 1
#define HAVE_ENDPWENT 1
#define HAVE_GETMNTENT 1
#define HAVE_GETPASS 1
#define HAVE_GETTIMEOFDAY 1
#define HAVE_INET_NTOP 1
#define HAVE_MEMSET 1
#define HAVE_REALPATH 1
#define HAVE_SETENV 1
#define HAVE_STRCHR 1
#define HAVE_STRCMP 1
#define HAVE_STRDUP 1
#define HAVE_STRERROR 1
#define HAVE_STRNCASECMP 1
#define HAVE_STRNDUP 1
#define HAVE_STRPBRK 1
#define HAVE_STRRCHR 1
#define HAVE_STRSTR 1
#define HAVE_STRTOL 1
#define HAVE_STRTOUL 1
#define HAVE_TOLOWER 1
#define HAVE_UNAME 1
#define HAVE_CLOCK_GETTIME 1
#define HAVE_ARPA_INET_H 1
#define HAVE_CTYPE_H 1
#define HAVE_FCNTL_H 1
#define HAVE_INTTYPES_H 1
#define HAVE_LIMITS_H 1
#define HAVE_MNTENT_H 1
#define HAVE_NETDB_H 1
#define HAVE_STDDEF_H 1
#define HAVE_STDINT_H 1
#define HAVE_STDBOOL_H 1
#define HAVE_STDLIB_H 1
#define HAVE_STDIO_H 1
#define HAVE_ERRNO_H 1
#define HAVE_STRING_H 1
#define HAVE_STRINGS_H 1
#define HAVE_SYS_MOUNT_H 1
#define HAVE_SYS_PARAM_H 1
#define HAVE_SYS_SOCKET_H 1
#define HAVE_SYS_TIME_H 1
#define HAVE_SYSLOG_H 1
#define HAVE_UNISTD_H 1
#define HAVE_SYS_FSUID_H 1
#define ENABLE_SYSTEMD 1
#define HAVE_DECL_KRB5_AUTH_CON_SET_REQ_CKSUMTYPE 0
#define HAVE_SYS_CAPABILITY_H 1
#define HAVE_LIBCAP 1

configure: exit 0
