Making all in lib
make[1]: Entering directory '/lfskernel/sources/boot/curl-7.55.1/build/lib'
make  all-am
make[2]: Entering directory '/lfskernel/sources/boot/curl-7.55.1/build/lib'
  CC       libcurl_la-file.lo
  CC       libcurl_la-timeval.lo
  CC       libcurl_la-base64.lo
  CC       libcurl_la-hostip.lo
  CC       libcurl_la-progress.lo
  CC       libcurl_la-formdata.lo
  CC       libcurl_la-cookie.lo
  CC       libcurl_la-http.lo
  CC       libcurl_la-sendf.lo
  CC       libcurl_la-ftp.lo
  CC       libcurl_la-url.lo
  CC       libcurl_la-dict.lo
  CC       libcurl_la-if2ip.lo
  CC       libcurl_la-speedcheck.lo
  CC       libcurl_la-ldap.lo
  CC       libcurl_la-version.lo
  CC       libcurl_la-getenv.lo
  CC       libcurl_la-escape.lo
  CC       libcurl_la-mprintf.lo
  CC       libcurl_la-telnet.lo
  CC       libcurl_la-netrc.lo
  CC       libcurl_la-getinfo.lo
  CC       libcurl_la-transfer.lo
  CC       libcurl_la-strcase.lo
  CC       libcurl_la-easy.lo
  CC       libcurl_la-security.lo
  CC       libcurl_la-curl_fnmatch.lo
  CC       libcurl_la-fileinfo.lo
  CC       libcurl_la-ftplistparser.lo
  CC       libcurl_la-wildcard.lo
  CC       libcurl_la-krb5.lo
  CC       libcurl_la-memdebug.lo
  CC       libcurl_la-http_chunks.lo
  CC       libcurl_la-strtok.lo
  CC       libcurl_la-connect.lo
  CC       libcurl_la-llist.lo
  CC       libcurl_la-hash.lo
  CC       libcurl_la-multi.lo
  CC       libcurl_la-content_encoding.lo
  CC       libcurl_la-share.lo
  CC       libcurl_la-http_digest.lo
  CC       libcurl_la-md4.lo
  CC       libcurl_la-md5.lo
  CC       libcurl_la-http_negotiate.lo
  CC       libcurl_la-inet_pton.lo
  CC       libcurl_la-strtoofft.lo
  CC       libcurl_la-strerror.lo
  CC       libcurl_la-amigaos.lo
  CC       libcurl_la-hostasyn.lo
  CC       libcurl_la-hostip4.lo
  CC       libcurl_la-hostip6.lo
  CC       libcurl_la-hostsyn.lo
  CC       libcurl_la-inet_ntop.lo
  CC       libcurl_la-parsedate.lo
  CC       libcurl_la-select.lo
  CC       libcurl_la-tftp.lo
  CC       libcurl_la-splay.lo
  CC       libcurl_la-strdup.lo
  CC       libcurl_la-socks.lo
  CC       libcurl_la-ssh.lo
  CC       libcurl_la-curl_addrinfo.lo
  CC       libcurl_la-socks_gssapi.lo
  CC       libcurl_la-socks_sspi.lo
  CC       libcurl_la-curl_sspi.lo
  CC       libcurl_la-slist.lo
  CC       libcurl_la-nonblock.lo
  CC       libcurl_la-curl_memrchr.lo
  CC       libcurl_la-imap.lo
  CC       libcurl_la-pop3.lo
  CC       libcurl_la-smtp.lo
  CC       libcurl_la-pingpong.lo
  CC       libcurl_la-rtsp.lo
  CC       libcurl_la-curl_threads.lo
  CC       libcurl_la-warnless.lo
  CC       libcurl_la-hmac.lo
  CC       libcurl_la-curl_rtmp.lo
  CC       libcurl_la-openldap.lo
  CC       libcurl_la-curl_gethostname.lo
  CC       libcurl_la-gopher.lo
  CC       libcurl_la-idn_win32.lo
  CC       libcurl_la-http_proxy.lo
  CC       libcurl_la-non-ascii.lo
  CC       libcurl_la-asyn-ares.lo
  CC       libcurl_la-asyn-thread.lo
  CC       libcurl_la-curl_gssapi.lo
  CC       libcurl_la-http_ntlm.lo
  CC       libcurl_la-curl_ntlm_wb.lo
  CC       libcurl_la-curl_ntlm_core.lo
  CC       libcurl_la-curl_sasl.lo
  CC       libcurl_la-rand.lo
  CC       libcurl_la-curl_multibyte.lo
  CC       libcurl_la-hostcheck.lo
  CC       libcurl_la-conncache.lo
  CC       libcurl_la-pipeline.lo
  CC       libcurl_la-dotdot.lo
  CC       libcurl_la-x509asn1.lo
  CC       libcurl_la-http2.lo
  CC       libcurl_la-smb.lo
  CC       libcurl_la-curl_endian.lo
  CC       libcurl_la-curl_des.lo
  CC       libcurl_la-system_win32.lo
  CC       vauth/libcurl_la-vauth.lo
  CC       vauth/libcurl_la-cleartext.lo
  CC       vauth/libcurl_la-cram.lo
  CC       vauth/libcurl_la-digest.lo
  CC       vauth/libcurl_la-digest_sspi.lo
  CC       vauth/libcurl_la-krb5_gssapi.lo
  CC       vauth/libcurl_la-krb5_sspi.lo
  CC       vauth/libcurl_la-ntlm.lo
  CC       vauth/libcurl_la-ntlm_sspi.lo
  CC       vauth/libcurl_la-oauth2.lo
  CC       vauth/libcurl_la-spnego_gssapi.lo
  CC       vauth/libcurl_la-spnego_sspi.lo
  CC       vtls/libcurl_la-openssl.lo
  CC       vtls/libcurl_la-gtls.lo
  CC       vtls/libcurl_la-vtls.lo
  CC       vtls/libcurl_la-nss.lo
  CC       vtls/libcurl_la-polarssl.lo
  CC       vtls/libcurl_la-polarssl_threadlock.lo
  CC       vtls/libcurl_la-axtls.lo
  CC       vtls/libcurl_la-cyassl.lo
  CC       vtls/libcurl_la-schannel.lo
  CC       vtls/libcurl_la-darwinssl.lo
  CC       vtls/libcurl_la-gskit.lo
  CC       vtls/libcurl_la-mbedtls.lo
  CCLD     libcurl.la
make[2]: Leaving directory '/lfskernel/sources/boot/curl-7.55.1/build/lib'
make[1]: Leaving directory '/lfskernel/sources/boot/curl-7.55.1/build/lib'
Making all in src
make[1]: Entering directory '/lfskernel/sources/boot/curl-7.55.1/build/src'
Making all in ../docs
make[2]: Entering directory '/lfskernel/sources/boot/curl-7.55.1/build/docs'
Making all in .
make[3]: Entering directory '/lfskernel/sources/boot/curl-7.55.1/build/docs'
if test "..x" != "../..x" -a -e "../../docs/curl.1"; then \
	cp -fp "../../docs/curl.1" /lfskernel/sources/boot/curl-7.55.1/build/docs/curl.1; fi
cd cmdline-opts && make
make[4]: Entering directory '/lfskernel/sources/boot/curl-7.55.1/build/docs/cmdline-opts'
make[4]: Nothing to be done for 'all'.
make[4]: Leaving directory '/lfskernel/sources/boot/curl-7.55.1/build/docs/cmdline-opts'
make[3]: Leaving directory '/lfskernel/sources/boot/curl-7.55.1/build/docs'
Making all in cmdline-opts
make[3]: Entering directory '/lfskernel/sources/boot/curl-7.55.1/build/docs/cmdline-opts'
make[3]: Nothing to be done for 'all'.
make[3]: Leaving directory '/lfskernel/sources/boot/curl-7.55.1/build/docs/cmdline-opts'
make[2]: Leaving directory '/lfskernel/sources/boot/curl-7.55.1/build/docs'
make[2]: Entering directory '/lfskernel/sources/boot/curl-7.55.1/build/src'
  CC       curl-slist_wc.o
  CC       curl-tool_binmode.o
  CC       curl-tool_bname.o
  CC       curl-tool_cb_dbg.o
  CC       curl-tool_cb_hdr.o
  CC       curl-tool_cb_prg.o
  CC       curl-tool_cb_rea.o
  CC       curl-tool_cb_see.o
  CC       curl-tool_cb_wrt.o
  CC       curl-tool_cfgable.o
  CC       curl-tool_convert.o
  CC       curl-tool_dirhie.o
  CC       curl-tool_doswin.o
  CC       curl-tool_easysrc.o
  CC       curl-tool_formparse.o
  CC       curl-tool_getparam.o
  CC       curl-tool_getpass.o
  CC       curl-tool_help.o
  CC       curl-tool_helpers.o
  CC       curl-tool_homedir.o
  CC       curl-tool_hugehelp.o
  CC       curl-tool_libinfo.o
  CC       curl-tool_main.o
  CC       curl-tool_metalink.o
  CC       curl-tool_mfiles.o
  CC       curl-tool_msgs.o
  CC       curl-tool_operate.o
  CC       curl-tool_operhlp.o
  CC       curl-tool_panykey.o
  CC       curl-tool_paramhlp.o
  CC       curl-tool_parsecfg.o
  CC       curl-tool_strdup.o
  CC       curl-tool_setopt.o
  CC       curl-tool_sleep.o
  CC       curl-tool_urlglob.o
  CC       curl-tool_util.o
  CC       curl-tool_vms.o
  CC       curl-tool_writeout.o
  CC       curl-tool_xattr.o
  CC       ../lib/curl-strtoofft.o
  CC       ../lib/curl-nonblock.o
  CC       ../lib/curl-warnless.o
  CCLD     curl
make[2]: Leaving directory '/lfskernel/sources/boot/curl-7.55.1/build/src'
make[1]: Leaving directory '/lfskernel/sources/boot/curl-7.55.1/build/src'
make[1]: Entering directory '/lfskernel/sources/boot/curl-7.55.1/build'
make[1]: Nothing to be done for 'all-am'.
make[1]: Leaving directory '/lfskernel/sources/boot/curl-7.55.1/build'
