This file contains any messages produced by compilers while
running configure, to aid debugging if configure makes a mistake.

It was created by dash configure 0.5.9.1, which was
generated by GNU Autoconf 2.69.  Invocation command line was

  $ ../configure --prefix=/usr --bindir=/bin --mandir=/usr/share/man

## --------- ##
## Platform. ##
## --------- ##

hostname = localhost.localdomain
uname -m = x86_64
uname -r = 3.10.0-693.11.1.el7.x86_64
uname -s = Linux
uname -v = #1 SMP Mon Dec 4 23:52:40 UTC 2017

/usr/bin/uname -p = unknown
/bin/uname -X     = unknown

/bin/arch              = unknown
/usr/bin/arch -k       = unknown
/usr/convex/getsysinfo = unknown
/usr/bin/hostinfo      = unknown
/bin/machine           = unknown
/usr/bin/oslevel       = unknown
/bin/universe          = unknown

PATH: /bin
PATH: /usr/bin
PATH: /sbin
PATH: /usr/sbin
PATH: /tools/bin


## ----------- ##
## Core tests. ##
## ----------- ##

configure:2430: checking for a BSD-compatible install
configure:2498: result: /usr/bin/install -c
configure:2509: checking whether build environment is sane
configure:2559: result: yes
configure:2700: checking for a thread-safe mkdir -p
configure:2739: result: /bin/mkdir -p
configure:2752: checking for gawk
configure:2768: found /usr/bin/gawk
configure:2779: result: gawk
configure:2790: checking whether make sets $(MAKE)
configure:2812: result: yes
configure:2945: checking for gcc
configure:2961: found /usr/bin/gcc
configure:2972: result: gcc
configure:3201: checking for C compiler version
configure:3210: gcc --version >&5
gcc (GCC) 7.2.0
Copyright (C) 2017 Free Software Foundation, Inc.
This is free software; see the source for copying conditions.  There is NO
warranty; not even for MERCHANTABILITY or FITNESS FOR A PARTICULAR PURPOSE.

configure:3221: $? = 0
configure:3210: gcc -v >&5
Using built-in specs.
COLLECT_GCC=gcc
COLLECT_LTO_WRAPPER=/usr/libexec/gcc/x86_64-pc-linux-gnu/7.2.0/lto-wrapper
Target: x86_64-pc-linux-gnu
Configured with: ../configure --prefix=/usr --enable-languages=c,c++ --disable-multilib --disable-bootstrap --with-system-zlib
Thread model: posix
gcc version 7.2.0 (GCC) 
configure:3221: $? = 0
configure:3210: gcc -V >&5
gcc: error: unrecognized command line option '-V'
gcc: fatal error: no input files
compilation terminated.
configure:3221: $? = 1
configure:3210: gcc -qversion >&5
gcc: error: unrecognized command line option '-qversion'; did you mean '--version'?
gcc: fatal error: no input files
compilation terminated.
configure:3221: $? = 1
configure:3241: checking whether the C compiler works
configure:3263: gcc    conftest.c  >&5
configure:3267: $? = 0
configure:3315: result: yes
configure:3318: checking for C compiler default output file name
configure:3320: result: a.out
configure:3326: checking for suffix of executables
configure:3333: gcc -o conftest    conftest.c  >&5
configure:3337: $? = 0
configure:3359: result: 
configure:3381: checking whether we are cross compiling
configure:3389: gcc -o conftest    conftest.c  >&5
configure:3393: $? = 0
configure:3400: ./conftest
configure:3404: $? = 0
configure:3419: result: no
configure:3424: checking for suffix of object files
configure:3446: gcc -c   conftest.c >&5
configure:3450: $? = 0
configure:3471: result: o
configure:3475: checking whether we are using the GNU C compiler
configure:3494: gcc -c   conftest.c >&5
configure:3494: $? = 0
configure:3503: result: yes
configure:3512: checking whether gcc accepts -g
configure:3532: gcc -c -g  conftest.c >&5
configure:3532: $? = 0
configure:3573: result: yes
configure:3590: checking for gcc option to accept ISO C89
configure:3653: gcc  -c -g -O2  conftest.c >&5
configure:3653: $? = 0
configure:3666: result: none needed
configure:3697: checking for style of include used by make
configure:3725: result: GNU
configure:3751: checking dependency style of gcc
configure:3862: result: gcc3
configure:3883: checking how to run the C preprocessor
configure:3914: gcc -E  conftest.c
configure:3914: $? = 0
configure:3928: gcc -E  conftest.c
conftest.c:11:10: fatal error: ac_nonexistent.h: No such file or directory
 #include <ac_nonexistent.h>
          ^~~~~~~~~~~~~~~~~~
compilation terminated.
configure:3928: $? = 1
configure: failed program was:
| /* confdefs.h */
| #define PACKAGE_NAME "dash"
| #define PACKAGE_TARNAME "dash"
| #define PACKAGE_VERSION "0.5.9.1"
| #define PACKAGE_STRING "dash 0.5.9.1"
| #define PACKAGE_BUGREPORT ""
| #define PACKAGE_URL ""
| #define PACKAGE "dash"
| #define VERSION "0.5.9.1"
| /* end confdefs.h.  */
| #include <ac_nonexistent.h>
configure:3953: result: gcc -E
configure:3973: gcc -E  conftest.c
configure:3973: $? = 0
configure:3987: gcc -E  conftest.c
conftest.c:11:10: fatal error: ac_nonexistent.h: No such file or directory
 #include <ac_nonexistent.h>
          ^~~~~~~~~~~~~~~~~~
compilation terminated.
configure:3987: $? = 1
configure: failed program was:
| /* confdefs.h */
| #define PACKAGE_NAME "dash"
| #define PACKAGE_TARNAME "dash"
| #define PACKAGE_VERSION "0.5.9.1"
| #define PACKAGE_STRING "dash 0.5.9.1"
| #define PACKAGE_BUGREPORT ""
| #define PACKAGE_URL ""
| #define PACKAGE "dash"
| #define VERSION "0.5.9.1"
| /* end confdefs.h.  */
| #include <ac_nonexistent.h>
configure:4016: checking for grep that handles long lines and -e
configure:4074: result: /usr/bin/grep
configure:4079: checking for egrep
configure:4141: result: /usr/bin/grep -E
configure:4146: checking for ANSI C header files
configure:4166: gcc -c -g -O2  conftest.c >&5
configure:4166: $? = 0
configure:4239: gcc -o conftest -g -O2   conftest.c  >&5
configure:4239: $? = 0
configure:4239: ./conftest
configure:4239: $? = 0
configure:4250: result: yes
configure:4263: checking for sys/types.h
configure:4263: gcc -c -g -O2  conftest.c >&5
configure:4263: $? = 0
configure:4263: result: yes
configure:4263: checking for sys/stat.h
configure:4263: gcc -c -g -O2  conftest.c >&5
configure:4263: $? = 0
configure:4263: result: yes
configure:4263: checking for stdlib.h
configure:4263: gcc -c -g -O2  conftest.c >&5
configure:4263: $? = 0
configure:4263: result: yes
configure:4263: checking for string.h
configure:4263: gcc -c -g -O2  conftest.c >&5
configure:4263: $? = 0
configure:4263: result: yes
configure:4263: checking for memory.h
configure:4263: gcc -c -g -O2  conftest.c >&5
configure:4263: $? = 0
configure:4263: result: yes
configure:4263: checking for strings.h
configure:4263: gcc -c -g -O2  conftest.c >&5
configure:4263: $? = 0
configure:4263: result: yes
configure:4263: checking for inttypes.h
configure:4263: gcc -c -g -O2  conftest.c >&5
configure:4263: $? = 0
configure:4263: result: yes
configure:4263: checking for stdint.h
configure:4263: gcc -c -g -O2  conftest.c >&5
configure:4263: $? = 0
configure:4263: result: yes
configure:4263: checking for unistd.h
configure:4263: gcc -c -g -O2  conftest.c >&5
configure:4263: $? = 0
configure:4263: result: yes
configure:4276: checking minix/config.h usability
configure:4276: gcc -c -g -O2  conftest.c >&5
conftest.c:54:10: fatal error: minix/config.h: No such file or directory
 #include <minix/config.h>
          ^~~~~~~~~~~~~~~~
compilation terminated.
configure:4276: $? = 1
configure: failed program was:
| /* confdefs.h */
| #define PACKAGE_NAME "dash"
| #define PACKAGE_TARNAME "dash"
| #define PACKAGE_VERSION "0.5.9.1"
| #define PACKAGE_STRING "dash 0.5.9.1"
| #define PACKAGE_BUGREPORT ""
| #define PACKAGE_URL ""
| #define PACKAGE "dash"
| #define VERSION "0.5.9.1"
| #define STDC_HEADERS 1
| #define HAVE_SYS_TYPES_H 1
| #define HAVE_SYS_STAT_H 1
| #define HAVE_STDLIB_H 1
| #define HAVE_STRING_H 1
| #define HAVE_MEMORY_H 1
| #define HAVE_STRINGS_H 1
| #define HAVE_INTTYPES_H 1
| #define HAVE_STDINT_H 1
| #define HAVE_UNISTD_H 1
| /* end confdefs.h.  */
| #include <stdio.h>
| #ifdef HAVE_SYS_TYPES_H
| # include <sys/types.h>
| #endif
| #ifdef HAVE_SYS_STAT_H
| # include <sys/stat.h>
| #endif
| #ifdef STDC_HEADERS
| # include <stdlib.h>
| # include <stddef.h>
| #else
| # ifdef HAVE_STDLIB_H
| #  include <stdlib.h>
| # endif
| #endif
| #ifdef HAVE_STRING_H
| # if !defined STDC_HEADERS && defined HAVE_MEMORY_H
| #  include <memory.h>
| # endif
| # include <string.h>
| #endif
| #ifdef HAVE_STRINGS_H
| # include <strings.h>
| #endif
| #ifdef HAVE_INTTYPES_H
| # include <inttypes.h>
| #endif
| #ifdef HAVE_STDINT_H
| # include <stdint.h>
| #endif
| #ifdef HAVE_UNISTD_H
| # include <unistd.h>
| #endif
| #include <minix/config.h>
configure:4276: result: no
configure:4276: checking minix/config.h presence
configure:4276: gcc -E  conftest.c
conftest.c:21:10: fatal error: minix/config.h: No such file or directory
 #include <minix/config.h>
          ^~~~~~~~~~~~~~~~
compilation terminated.
configure:4276: $? = 1
configure: failed program was:
| /* confdefs.h */
| #define PACKAGE_NAME "dash"
| #define PACKAGE_TARNAME "dash"
| #define PACKAGE_VERSION "0.5.9.1"
| #define PACKAGE_STRING "dash 0.5.9.1"
| #define PACKAGE_BUGREPORT ""
| #define PACKAGE_URL ""
| #define PACKAGE "dash"
| #define VERSION "0.5.9.1"
| #define STDC_HEADERS 1
| #define HAVE_SYS_TYPES_H 1
| #define HAVE_SYS_STAT_H 1
| #define HAVE_STDLIB_H 1
| #define HAVE_STRING_H 1
| #define HAVE_MEMORY_H 1
| #define HAVE_STRINGS_H 1
| #define HAVE_INTTYPES_H 1
| #define HAVE_STDINT_H 1
| #define HAVE_UNISTD_H 1
| /* end confdefs.h.  */
| #include <minix/config.h>
configure:4276: result: no
configure:4276: checking for minix/config.h
configure:4276: result: no
configure:4297: checking whether it is safe to define __EXTENSIONS__
configure:4315: gcc -c -g -O2  conftest.c >&5
configure:4315: $? = 0
configure:4322: result: yes
configure:4341: checking for bison
configure:4357: found /usr/bin/bison
configure:4368: result: bison -y
configure:4381: checking for build system compiler
configure:4388: result: gcc
configure:4392: checking for __attribute__((__alias__()))
configure:4407: gcc -o conftest -g -O2   conftest.c  >&5
configure:4407: $? = 0
configure:4412: result: yes
configure:4444: checking alloca.h usability
configure:4444: gcc -c -g -O2  conftest.c >&5
configure:4444: $? = 0
configure:4444: result: yes
configure:4444: checking alloca.h presence
configure:4444: gcc -E  conftest.c
configure:4444: $? = 0
configure:4444: result: yes
configure:4444: checking for alloca.h
configure:4444: result: yes
configure:4444: checking paths.h usability
configure:4444: gcc -c -g -O2  conftest.c >&5
configure:4444: $? = 0
configure:4444: result: yes
configure:4444: checking paths.h presence
configure:4444: gcc -E  conftest.c
configure:4444: $? = 0
configure:4444: result: yes
configure:4444: checking for paths.h
configure:4444: result: yes
configure:4455: checking whether _PATH_BSHELL is declared
configure:4455: gcc -c -g -O2  conftest.c >&5
configure:4455: $? = 0
configure:4455: result: yes
configure:4471: checking whether _PATH_DEVNULL is declared
configure:4471: gcc -c -g -O2  conftest.c >&5
configure:4471: $? = 0
configure:4471: result: yes
configure:4487: checking whether _PATH_TTY is declared
configure:4487: gcc -c -g -O2  conftest.c >&5
configure:4487: $? = 0
configure:4487: result: yes
configure:4504: checking whether isblank is declared
configure:4504: gcc -c -g -O2  conftest.c >&5
configure:4504: $? = 0
configure:4504: result: yes
configure:4521: checking size of intmax_t
configure:4526: gcc -o conftest -g -O2   conftest.c  >&5
configure:4526: $? = 0
configure:4526: ./conftest
configure:4526: $? = 0
configure:4540: result: 8
configure:4554: checking size of long long int
configure:4559: gcc -o conftest -g -O2   conftest.c  >&5
configure:4559: $? = 0
configure:4559: ./conftest
configure:4559: $? = 0
configure:4573: result: 8
configure:4590: checking whether PRIdMAX is declared
configure:4590: gcc -c -g -O2  conftest.c >&5
configure:4590: $? = 0
configure:4590: result: yes
configure:4611: checking for bsearch
configure:4611: gcc -o conftest -g -O2   conftest.c  >&5
configure:4611: $? = 0
configure:4611: result: yes
configure:4611: checking for faccessat
configure:4611: gcc -o conftest -g -O2   conftest.c  >&5
configure:4611: $? = 0
configure:4611: result: yes
configure:4611: checking for getpwnam
configure:4611: gcc -o conftest -g -O2   conftest.c  >&5
configure:4611: $? = 0
configure:4611: result: yes
configure:4611: checking for getrlimit
configure:4611: gcc -o conftest -g -O2   conftest.c  >&5
configure:4611: $? = 0
configure:4611: result: yes
configure:4611: checking for isalpha
configure:4611: gcc -o conftest -g -O2   conftest.c  >&5
conftest.c:59:6: warning: conflicting types for built-in function 'isalpha' [-Wbuiltin-declaration-mismatch]
 char isalpha ();
      ^~~~~~~
configure:4611: $? = 0
configure:4611: result: yes
configure:4611: checking for killpg
configure:4611: gcc -o conftest -g -O2   conftest.c  >&5
configure:4611: $? = 0
configure:4611: result: yes
configure:4611: checking for mempcpy
configure:4611: gcc -o conftest -g -O2   conftest.c  >&5
conftest.c:61:6: warning: conflicting types for built-in function 'mempcpy' [-Wbuiltin-declaration-mismatch]
 char mempcpy ();
      ^~~~~~~
configure:4611: $? = 0
configure:4611: result: yes
configure:4611: checking for sigsetmask
configure:4611: gcc -o conftest -g -O2   conftest.c  >&5
configure:4611: $? = 0
configure:4611: result: yes
configure:4611: checking for stpcpy
configure:4611: gcc -o conftest -g -O2   conftest.c  >&5
conftest.c:63:6: warning: conflicting types for built-in function 'stpcpy' [-Wbuiltin-declaration-mismatch]
 char stpcpy ();
      ^~~~~~
configure:4611: $? = 0
configure:4611: result: yes
configure:4611: checking for strchrnul
configure:4611: gcc -o conftest -g -O2   conftest.c  >&5
configure:4611: $? = 0
configure:4611: result: yes
configure:4611: checking for strsignal
configure:4611: gcc -o conftest -g -O2   conftest.c  >&5
configure:4611: $? = 0
configure:4611: result: yes
configure:4611: checking for strtod
configure:4611: gcc -o conftest -g -O2   conftest.c  >&5
configure:4611: $? = 0
configure:4611: result: yes
configure:4611: checking for strtoimax
configure:4611: gcc -o conftest -g -O2   conftest.c  >&5
configure:4611: $? = 0
configure:4611: result: yes
configure:4611: checking for strtoumax
configure:4611: gcc -o conftest -g -O2   conftest.c  >&5
configure:4611: $? = 0
configure:4611: result: yes
configure:4611: checking for sysconf
configure:4611: gcc -o conftest -g -O2   conftest.c  >&5
configure:4611: $? = 0
configure:4611: result: yes
configure:4673: checking for signal
configure:4673: gcc -o conftest -g -O2   conftest.c  >&5
configure:4673: $? = 0
configure:4673: result: yes
configure:4688: checking for stat64
configure:4688: gcc -o conftest -g -O2   conftest.c  >&5
configure:4688: $? = 0
configure:4688: result: yes
configure:4706: checking for open64
configure:4706: gcc -o conftest -g -O2   conftest.c  >&5
configure:4706: $? = 0
configure:4706: result: yes
configure:4924: creating ./config.status

## ---------------------- ##
## Running config.status. ##
## ---------------------- ##

This file was extended by dash config.status 0.5.9.1, which was
generated by GNU Autoconf 2.69.  Invocation command line was

  CONFIG_FILES    = 
  CONFIG_HEADERS  = 
  CONFIG_LINKS    = 
  CONFIG_COMMANDS = 
  $ ./config.status 

on localhost.localdomain

config.status:880: creating Makefile
config.status:880: creating src/Makefile
config.status:880: creating config.h
config.status:1094: executing depfiles commands

## ---------------- ##
## Cache variables. ##
## ---------------- ##

ac_cv_c_compiler_gnu=yes
ac_cv_env_CC_set=
ac_cv_env_CC_value=
ac_cv_env_CFLAGS_set=
ac_cv_env_CFLAGS_value=
ac_cv_env_CPPFLAGS_set=
ac_cv_env_CPPFLAGS_value=
ac_cv_env_CPP_set=
ac_cv_env_CPP_value=
ac_cv_env_LDFLAGS_set=
ac_cv_env_LDFLAGS_value=
ac_cv_env_LIBS_set=
ac_cv_env_LIBS_value=
ac_cv_env_YACC_set=
ac_cv_env_YACC_value=
ac_cv_env_YFLAGS_set=
ac_cv_env_YFLAGS_value=
ac_cv_env_build_alias_set=
ac_cv_env_build_alias_value=
ac_cv_env_host_alias_set=
ac_cv_env_host_alias_value=
ac_cv_env_target_alias_set=
ac_cv_env_target_alias_value=
ac_cv_func_bsearch=yes
ac_cv_func_faccessat=yes
ac_cv_func_getpwnam=yes
ac_cv_func_getrlimit=yes
ac_cv_func_isalpha=yes
ac_cv_func_killpg=yes
ac_cv_func_mempcpy=yes
ac_cv_func_open64=yes
ac_cv_func_signal=yes
ac_cv_func_sigsetmask=yes
ac_cv_func_stat64=yes
ac_cv_func_stpcpy=yes
ac_cv_func_strchrnul=yes
ac_cv_func_strsignal=yes
ac_cv_func_strtod=yes
ac_cv_func_strtoimax=yes
ac_cv_func_strtoumax=yes
ac_cv_func_sysconf=yes
ac_cv_have_decl_PRIdMAX=yes
ac_cv_have_decl__PATH_BSHELL=yes
ac_cv_have_decl__PATH_DEVNULL=yes
ac_cv_have_decl__PATH_TTY=yes
ac_cv_have_decl_isblank=yes
ac_cv_header_alloca_h=yes
ac_cv_header_inttypes_h=yes
ac_cv_header_memory_h=yes
ac_cv_header_minix_config_h=no
ac_cv_header_paths_h=yes
ac_cv_header_stdc=yes
ac_cv_header_stdint_h=yes
ac_cv_header_stdlib_h=yes
ac_cv_header_string_h=yes
ac_cv_header_strings_h=yes
ac_cv_header_sys_stat_h=yes
ac_cv_header_sys_types_h=yes
ac_cv_header_unistd_h=yes
ac_cv_objext=o
ac_cv_path_EGREP='/usr/bin/grep -E'
ac_cv_path_GREP=/usr/bin/grep
ac_cv_path_install='/usr/bin/install -c'
ac_cv_path_mkdir=/bin/mkdir
ac_cv_prog_AWK=gawk
ac_cv_prog_CPP='gcc -E'
ac_cv_prog_YACC='bison -y'
ac_cv_prog_ac_ct_CC=gcc
ac_cv_prog_cc_c89=
ac_cv_prog_cc_g=yes
ac_cv_prog_make_make_set=yes
ac_cv_safe_to_define___extensions__=yes
ac_cv_sizeof_intmax_t=8
ac_cv_sizeof_long_long_int=8
am_cv_CC_dependencies_compiler_type=gcc3
dash_cv_have_attribute_alias=yes

## ----------------- ##
## Output variables. ##
## ----------------- ##

ACLOCAL='${SHELL} /sources/dash-0.5.9.1/missing --run aclocal-1.11'
AMDEPBACKSLASH='\'
AMDEP_FALSE='#'
AMDEP_TRUE=''
AMTAR='$${TAR-tar}'
AUTOCONF='${SHELL} /sources/dash-0.5.9.1/missing --run autoconf'
AUTOHEADER='${SHELL} /sources/dash-0.5.9.1/missing --run autoheader'
AUTOMAKE='${SHELL} /sources/dash-0.5.9.1/missing --run automake-1.11'
AWK='gawk'
CC='gcc'
CCDEPMODE='depmode=gcc3'
CC_FOR_BUILD='gcc'
CFLAGS='-g -O2'
CPP='gcc -E'
CPPFLAGS=''
CYGPATH_W='echo'
DEFS='-DHAVE_CONFIG_H'
DEPDIR='.deps'
ECHO_C=''
ECHO_N='-n'
ECHO_T=''
EGREP='/usr/bin/grep -E'
EXEEXT=''
GREP='/usr/bin/grep'
INSTALL_DATA='${INSTALL} -m 644'
INSTALL_PROGRAM='${INSTALL}'
INSTALL_SCRIPT='${INSTALL}'
INSTALL_STRIP_PROGRAM='$(install_sh) -c -s'
LDFLAGS=''
LIBOBJS=''
LIBS=''
LTLIBOBJS=''
MAKEINFO='${SHELL} /sources/dash-0.5.9.1/missing --run makeinfo'
MKDIR_P='/bin/mkdir -p'
OBJEXT='o'
PACKAGE='dash'
PACKAGE_BUGREPORT=''
PACKAGE_NAME='dash'
PACKAGE_STRING='dash 0.5.9.1'
PACKAGE_TARNAME='dash'
PACKAGE_URL=''
PACKAGE_VERSION='0.5.9.1'
PATH_SEPARATOR=':'
SET_MAKE=''
SHELL='/bin/sh'
STRIP=''
VERSION='0.5.9.1'
YACC='bison -y'
YFLAGS=''
ac_ct_CC='gcc'
am__EXEEXT_FALSE=''
am__EXEEXT_TRUE='#'
am__fastdepCC_FALSE='#'
am__fastdepCC_TRUE=''
am__include='include'
am__isrc=' -I$(srcdir)'
am__leading_dot='.'
am__nodep='_no'
am__quote=''
am__tar='$${TAR-tar} chof - "$$tardir"'
am__untar='$${TAR-tar} xf -'
bindir='/bin'
build_alias=''
datadir='${datarootdir}'
datarootdir='${prefix}/share'
docdir='${datarootdir}/doc/${PACKAGE_TARNAME}'
dvidir='${docdir}'
exec_prefix='${prefix}'
host_alias=''
htmldir='${docdir}'
includedir='${prefix}/include'
infodir='${datarootdir}/info'
install_sh='${SHELL} /sources/dash-0.5.9.1/install-sh'
libdir='${exec_prefix}/lib'
libexecdir='${exec_prefix}/libexec'
localedir='${datarootdir}/locale'
localstatedir='${prefix}/var'
mandir='/usr/share/man'
mkdir_p='/bin/mkdir -p'
oldincludedir='/usr/include'
pdfdir='${docdir}'
prefix='/usr'
program_transform_name='s,x,x,'
psdir='${docdir}'
sbindir='${exec_prefix}/sbin'
sharedstatedir='${prefix}/com'
sysconfdir='${prefix}/etc'
target_alias=''

## ----------- ##
## confdefs.h. ##
## ----------- ##

/* confdefs.h */
#define PACKAGE_NAME "dash"
#define PACKAGE_TARNAME "dash"
#define PACKAGE_VERSION "0.5.9.1"
#define PACKAGE_STRING "dash 0.5.9.1"
#define PACKAGE_BUGREPORT ""
#define PACKAGE_URL ""
#define PACKAGE "dash"
#define VERSION "0.5.9.1"
#define STDC_HEADERS 1
#define HAVE_SYS_TYPES_H 1
#define HAVE_SYS_STAT_H 1
#define HAVE_STDLIB_H 1
#define HAVE_STRING_H 1
#define HAVE_MEMORY_H 1
#define HAVE_STRINGS_H 1
#define HAVE_INTTYPES_H 1
#define HAVE_STDINT_H 1
#define HAVE_UNISTD_H 1
#define __EXTENSIONS__ 1
#define _ALL_SOURCE 1
#define _GNU_SOURCE 1
#define _POSIX_PTHREAD_SEMANTICS 1
#define _TANDEM_SOURCE 1
#define HAVE_ALIAS_ATTRIBUTE 1
#define HAVE_ALLOCA_H 1
#define HAVE_PATHS_H 1
#define HAVE_DECL_ISBLANK 1
#define SIZEOF_INTMAX_T 8
#define SIZEOF_LONG_LONG_INT 8
#define HAVE_BSEARCH 1
#define HAVE_FACCESSAT 1
#define HAVE_GETPWNAM 1
#define HAVE_GETRLIMIT 1
#define HAVE_ISALPHA 1
#define HAVE_KILLPG 1
#define HAVE_MEMPCPY 1
#define HAVE_SIGSETMASK 1
#define HAVE_STPCPY 1
#define HAVE_STRCHRNUL 1
#define HAVE_STRSIGNAL 1
#define HAVE_STRTOD 1
#define HAVE_STRTOIMAX 1
#define HAVE_STRTOUMAX 1
#define HAVE_SYSCONF 1
#define SMALL 1
#define WITH_LINENO 1

configure: exit 0
