checking for a BSD-compatible install... /usr/bin/install -c
checking whether build environment is sane... yes
checking for a thread-safe mkdir -p... /bin/mkdir -p
checking for gawk... gawk
checking whether make sets $(MAKE)... yes
checking for gcc... gcc
checking whether the C compiler works... yes
checking for C compiler default output file name... a.out
checking for suffix of executables... 
checking whether we are cross compiling... no
checking for suffix of object files... o
checking whether we are using the GNU C compiler... yes
checking whether gcc accepts -g... yes
checking for gcc option to accept ISO C89... none needed
checking for style of include used by make... GNU
checking dependency style of gcc... gcc3
checking how to run the C preprocessor... gcc -E
checking for grep that handles long lines and -e... /usr/bin/grep
checking for egrep... /usr/bin/grep -E
checking for ANSI C header files... yes
checking for sys/types.h... yes
checking for sys/stat.h... yes
checking for stdlib.h... yes
checking for string.h... yes
checking for memory.h... yes
checking for strings.h... yes
checking for inttypes.h... yes
checking for stdint.h... yes
checking for unistd.h... yes
checking minix/config.h usability... no
checking minix/config.h presence... no
checking for minix/config.h... no
checking whether it is safe to define __EXTENSIONS__... yes
checking for bison... bison -y
checking for build system compiler... gcc
checking for __attribute__((__alias__()))... yes
checking alloca.h usability... yes
checking alloca.h presence... yes
checking for alloca.h... yes
checking paths.h usability... yes
checking paths.h presence... yes
checking for paths.h... yes
checking whether _PATH_BSHELL is declared... yes
checking whether _PATH_DEVNULL is declared... yes
checking whether _PATH_TTY is declared... yes
checking whether isblank is declared... yes
checking size of intmax_t... 8
checking size of long long int... 8
checking whether PRIdMAX is declared... yes
checking for bsearch... yes
checking for faccessat... yes
checking for getpwnam... yes
checking for getrlimit... yes
checking for isalpha... yes
checking for killpg... yes
checking for mempcpy... yes
checking for sigsetmask... yes
checking for stpcpy... yes
checking for strchrnul... yes
checking for strsignal... yes
checking for strtod... yes
checking for strtoimax... yes
checking for strtoumax... yes
checking for sysconf... yes
checking for signal... yes
checking for stat64... yes
checking for open64... yes
configure: creating ./config.status
config.status: creating Makefile
config.status: creating src/Makefile
config.status: creating config.h
config.status: executing depfiles commands
