This file contains any messages produced by compilers while
running configure, to aid debugging if configure makes a mistake.

It was created by dbus-glib configure 0.110, which was
generated by GNU Autoconf 2.69.  Invocation command line was

  $ ./configure --prefix=/usr --sysconfdir=/etc --enable-tests --disable-static

## --------- ##
## Platform. ##
## --------- ##

hostname = localhost.localdomain
uname -m = x86_64
uname -r = 3.10.0-693.11.1.el7.x86_64
uname -s = Linux
uname -v = #1 SMP Mon Dec 4 23:52:40 UTC 2017

/usr/bin/uname -p = unknown
/bin/uname -X     = unknown

/bin/arch              = x86_64
/usr/bin/arch -k       = unknown
/usr/convex/getsysinfo = unknown
/usr/bin/hostinfo      = unknown
/bin/machine           = unknown
/usr/bin/oslevel       = unknown
/bin/universe          = unknown

PATH: /bin
PATH: /usr/bin
PATH: /sbin
PATH: /usr/sbin


## ----------- ##
## Core tests. ##
## ----------- ##

configure:2355: checking build system type
configure:2369: result: x86_64-pc-linux-gnu
configure:2389: checking host system type
configure:2402: result: x86_64-pc-linux-gnu
configure:2439: checking for a BSD-compatible install
configure:2507: result: /usr/bin/install -c
configure:2518: checking whether build environment is sane
configure:2573: result: yes
configure:2724: checking for a thread-safe mkdir -p
configure:2763: result: /bin/mkdir -p
configure:2770: checking for gawk
configure:2786: found /usr/bin/gawk
configure:2797: result: gawk
configure:2808: checking whether make sets $(MAKE)
configure:2830: result: yes
configure:2859: checking whether make supports nested variables
configure:2876: result: yes
configure:3012: checking whether to enable maintainer-specific portions of Makefiles
configure:3021: result: no
configure:3046: checking whether make supports nested variables
configure:3063: result: yes
configure:3145: checking for gcc
configure:3161: found /usr/bin/gcc
configure:3172: result: gcc
configure:3401: checking for C compiler version
configure:3410: gcc --version >&5
gcc (GCC) 7.2.0
Copyright (C) 2017 Free Software Foundation, Inc.
This is free software; see the source for copying conditions.  There is NO
warranty; not even for MERCHANTABILITY or FITNESS FOR A PARTICULAR PURPOSE.

configure:3421: $? = 0
configure:3410: gcc -v >&5
Using built-in specs.
COLLECT_GCC=gcc
COLLECT_LTO_WRAPPER=/usr/libexec/gcc/x86_64-pc-linux-gnu/7.2.0/lto-wrapper
Target: x86_64-pc-linux-gnu
Configured with: ../configure --prefix=/usr --enable-languages=c,c++ --disable-multilib --disable-bootstrap --with-system-zlib
Thread model: posix
gcc version 7.2.0 (GCC) 
configure:3421: $? = 0
configure:3410: gcc -V >&5
gcc: error: unrecognized command line option '-V'
gcc: fatal error: no input files
compilation terminated.
configure:3421: $? = 1
configure:3410: gcc -qversion >&5
gcc: error: unrecognized command line option '-qversion'; did you mean '--version'?
gcc: fatal error: no input files
compilation terminated.
configure:3421: $? = 1
configure:3441: checking whether the C compiler works
configure:3463: gcc    conftest.c  >&5
configure:3467: $? = 0
configure:3515: result: yes
configure:3518: checking for C compiler default output file name
configure:3520: result: a.out
configure:3526: checking for suffix of executables
configure:3533: gcc -o conftest    conftest.c  >&5
configure:3537: $? = 0
configure:3559: result: 
configure:3581: checking whether we are cross compiling
configure:3589: gcc -o conftest    conftest.c  >&5
configure:3593: $? = 0
configure:3600: ./conftest
configure:3604: $? = 0
configure:3619: result: no
configure:3624: checking for suffix of object files
configure:3646: gcc -c   conftest.c >&5
configure:3650: $? = 0
configure:3671: result: o
configure:3675: checking whether we are using the GNU C compiler
configure:3694: gcc -c   conftest.c >&5
configure:3694: $? = 0
configure:3703: result: yes
configure:3712: checking whether gcc accepts -g
configure:3732: gcc -c -g  conftest.c >&5
configure:3732: $? = 0
configure:3773: result: yes
configure:3790: checking for gcc option to accept ISO C89
configure:3853: gcc  -c -g -O2  conftest.c >&5
configure:3853: $? = 0
configure:3866: result: none needed
configure:3891: checking whether gcc understands -c and -o together
configure:3913: gcc -c conftest.c -o conftest2.o
configure:3916: $? = 0
configure:3913: gcc -c conftest.c -o conftest2.o
configure:3916: $? = 0
configure:3928: result: yes
configure:3956: checking for style of include used by make
configure:3984: result: GNU
configure:4010: checking dependency style of gcc
configure:4121: result: gcc3
configure:4137: checking for library containing strerror
configure:4168: gcc -o conftest -g -O2   conftest.c  >&5
configure:4168: $? = 0
configure:4185: result: none required
configure:4198: checking how to run the C preprocessor
configure:4229: gcc -E  conftest.c
configure:4229: $? = 0
configure:4243: gcc -E  conftest.c
conftest.c:11:10: fatal error: ac_nonexistent.h: No such file or directory
 #include <ac_nonexistent.h>
          ^~~~~~~~~~~~~~~~~~
compilation terminated.
configure:4243: $? = 1
configure: failed program was:
| /* confdefs.h */
| #define PACKAGE_NAME "dbus-glib"
| #define PACKAGE_TARNAME "dbus-glib"
| #define PACKAGE_VERSION "0.110"
| #define PACKAGE_STRING "dbus-glib 0.110"
| #define PACKAGE_BUGREPORT "https://bugs.freedesktop.org/enter_bug.cgi?product=dbus&component=GLib"
| #define PACKAGE_URL ""
| #define PACKAGE "dbus-glib"
| #define VERSION "0.110"
| /* end confdefs.h.  */
| #include <ac_nonexistent.h>
configure:4268: result: gcc -E
configure:4288: gcc -E  conftest.c
configure:4288: $? = 0
configure:4302: gcc -E  conftest.c
conftest.c:11:10: fatal error: ac_nonexistent.h: No such file or directory
 #include <ac_nonexistent.h>
          ^~~~~~~~~~~~~~~~~~
compilation terminated.
configure:4302: $? = 1
configure: failed program was:
| /* confdefs.h */
| #define PACKAGE_NAME "dbus-glib"
| #define PACKAGE_TARNAME "dbus-glib"
| #define PACKAGE_VERSION "0.110"
| #define PACKAGE_STRING "dbus-glib 0.110"
| #define PACKAGE_BUGREPORT "https://bugs.freedesktop.org/enter_bug.cgi?product=dbus&component=GLib"
| #define PACKAGE_URL ""
| #define PACKAGE "dbus-glib"
| #define VERSION "0.110"
| /* end confdefs.h.  */
| #include <ac_nonexistent.h>
configure:4331: checking for grep that handles long lines and -e
configure:4389: result: /usr/bin/grep
configure:4394: checking for egrep
configure:4456: result: /usr/bin/grep -E
configure:4461: checking for ANSI C header files
configure:4481: gcc -c -g -O2  conftest.c >&5
configure:4481: $? = 0
configure:4554: gcc -o conftest -g -O2   conftest.c  >&5
configure:4554: $? = 0
configure:4554: ./conftest
configure:4554: $? = 0
configure:4565: result: yes
configure:4674: checking whether gcc understands -Wfloat-equal
configure:4691: gcc -c -g -O2 -Wfloat-equal  conftest.c >&5
configure:4691: $? = 0
configure:4704: result: yes
configure:4849: checking how to print strings
configure:4876: result: printf
configure:4897: checking for a sed that does not truncate output
configure:4961: result: /bin/sed
configure:4979: checking for fgrep
configure:5041: result: /usr/bin/grep -F
configure:5076: checking for ld used by gcc
configure:5143: result: /usr/bin/ld
configure:5150: checking if the linker (/usr/bin/ld) is GNU ld
configure:5165: result: yes
configure:5177: checking for BSD- or MS-compatible name lister (nm)
configure:5231: result: /usr/bin/nm -B
configure:5361: checking the name lister (/usr/bin/nm -B) interface
configure:5368: gcc -c -g -O2 -Wall -Wchar-subscripts -Wmissing-declarations -Wmissing-prototypes -Wnested-externs -Wpointer-arith -Wcast-align -Wfloat-equal -Wsign-compare -fno-strict-aliasing  conftest.c >&5
configure:5371: /usr/bin/nm -B "conftest.o"
configure:5374: output
0000000000000000 B some_variable
configure:5381: result: BSD nm
configure:5384: checking whether ln -s works
configure:5388: result: yes
configure:5396: checking the maximum length of command line arguments
configure:5527: result: 1572864
configure:5575: checking how to convert x86_64-pc-linux-gnu file names to x86_64-pc-linux-gnu format
configure:5615: result: func_convert_file_noop
configure:5622: checking how to convert x86_64-pc-linux-gnu file names to toolchain format
configure:5642: result: func_convert_file_noop
configure:5649: checking for /usr/bin/ld option to reload object files
configure:5656: result: -r
configure:5730: checking for objdump
configure:5746: found /usr/bin/objdump
configure:5757: result: objdump
configure:5789: checking how to recognize dependent libraries
configure:5989: result: pass_all
configure:6074: checking for dlltool
configure:6104: result: no
configure:6134: checking how to associate runtime and link libraries
configure:6161: result: printf %s\n
configure:6221: checking for ar
configure:6237: found /usr/bin/ar
configure:6248: result: ar
configure:6285: checking for archiver @FILE support
configure:6302: gcc -c -g -O2 -Wall -Wchar-subscripts -Wmissing-declarations -Wmissing-prototypes -Wnested-externs -Wpointer-arith -Wcast-align -Wfloat-equal -Wsign-compare -fno-strict-aliasing  conftest.c >&5
configure:6302: $? = 0
configure:6305: ar cru libconftest.a @conftest.lst >&5
configure:6308: $? = 0
configure:6313: ar cru libconftest.a @conftest.lst >&5
ar: conftest.o: No such file or directory
configure:6316: $? = 1
configure:6328: result: @
configure:6386: checking for strip
configure:6402: found /usr/bin/strip
configure:6413: result: strip
configure:6485: checking for ranlib
configure:6501: found /usr/bin/ranlib
configure:6512: result: ranlib
configure:6614: checking command to parse /usr/bin/nm -B output from gcc object
configure:6767: gcc -c -g -O2 -Wall -Wchar-subscripts -Wmissing-declarations -Wmissing-prototypes -Wnested-externs -Wpointer-arith -Wcast-align -Wfloat-equal -Wsign-compare -fno-strict-aliasing  conftest.c >&5
configure:6770: $? = 0
configure:6774: /usr/bin/nm -B conftest.o \| sed -n -e 's/^.*[ ]\([ABCDGIRSTW][ABCDGIRSTW]*\)[ ][ ]*\([_A-Za-z][_A-Za-z0-9]*\)$/\1 \2 \2/p' | sed '/ __gnu_lto/d' \> conftest.nm
configure:6777: $? = 0
configure:6843: gcc -o conftest -g -O2 -Wall -Wchar-subscripts -Wmissing-declarations -Wmissing-prototypes -Wnested-externs -Wpointer-arith -Wcast-align -Wfloat-equal -Wsign-compare -fno-strict-aliasing   conftest.c conftstm.o >&5
configure:6846: $? = 0
configure:6884: result: ok
configure:6931: checking for sysroot
configure:6961: result: no
configure:6968: checking for a working dd
configure:7006: result: /bin/dd
configure:7010: checking how to truncate binary pipes
configure:7025: result: /bin/dd bs=4096 count=1
configure:7161: gcc -c -g -O2 -Wall -Wchar-subscripts -Wmissing-declarations -Wmissing-prototypes -Wnested-externs -Wpointer-arith -Wcast-align -Wfloat-equal -Wsign-compare -fno-strict-aliasing  conftest.c >&5
configure:7164: $? = 0
configure:7354: checking for mt
configure:7370: found /bin/mt
configure:7381: result: mt
configure:7404: checking if mt is a manifest tool
configure:7410: mt '-?'
configure:7418: result: no
configure:8095: checking for sys/types.h
configure:8095: gcc -c -g -O2 -Wall -Wchar-subscripts -Wmissing-declarations -Wmissing-prototypes -Wnested-externs -Wpointer-arith -Wcast-align -Wfloat-equal -Wsign-compare -fno-strict-aliasing  conftest.c >&5
configure:8095: $? = 0
configure:8095: result: yes
configure:8095: checking for sys/stat.h
configure:8095: gcc -c -g -O2 -Wall -Wchar-subscripts -Wmissing-declarations -Wmissing-prototypes -Wnested-externs -Wpointer-arith -Wcast-align -Wfloat-equal -Wsign-compare -fno-strict-aliasing  conftest.c >&5
configure:8095: $? = 0
configure:8095: result: yes
configure:8095: checking for stdlib.h
configure:8095: gcc -c -g -O2 -Wall -Wchar-subscripts -Wmissing-declarations -Wmissing-prototypes -Wnested-externs -Wpointer-arith -Wcast-align -Wfloat-equal -Wsign-compare -fno-strict-aliasing  conftest.c >&5
configure:8095: $? = 0
configure:8095: result: yes
configure:8095: checking for string.h
configure:8095: gcc -c -g -O2 -Wall -Wchar-subscripts -Wmissing-declarations -Wmissing-prototypes -Wnested-externs -Wpointer-arith -Wcast-align -Wfloat-equal -Wsign-compare -fno-strict-aliasing  conftest.c >&5
configure:8095: $? = 0
configure:8095: result: yes
configure:8095: checking for memory.h
configure:8095: gcc -c -g -O2 -Wall -Wchar-subscripts -Wmissing-declarations -Wmissing-prototypes -Wnested-externs -Wpointer-arith -Wcast-align -Wfloat-equal -Wsign-compare -fno-strict-aliasing  conftest.c >&5
configure:8095: $? = 0
configure:8095: result: yes
configure:8095: checking for strings.h
configure:8095: gcc -c -g -O2 -Wall -Wchar-subscripts -Wmissing-declarations -Wmissing-prototypes -Wnested-externs -Wpointer-arith -Wcast-align -Wfloat-equal -Wsign-compare -fno-strict-aliasing  conftest.c >&5
configure:8095: $? = 0
configure:8095: result: yes
configure:8095: checking for inttypes.h
configure:8095: gcc -c -g -O2 -Wall -Wchar-subscripts -Wmissing-declarations -Wmissing-prototypes -Wnested-externs -Wpointer-arith -Wcast-align -Wfloat-equal -Wsign-compare -fno-strict-aliasing  conftest.c >&5
configure:8095: $? = 0
configure:8095: result: yes
configure:8095: checking for stdint.h
configure:8095: gcc -c -g -O2 -Wall -Wchar-subscripts -Wmissing-declarations -Wmissing-prototypes -Wnested-externs -Wpointer-arith -Wcast-align -Wfloat-equal -Wsign-compare -fno-strict-aliasing  conftest.c >&5
configure:8095: $? = 0
configure:8095: result: yes
configure:8095: checking for unistd.h
configure:8095: gcc -c -g -O2 -Wall -Wchar-subscripts -Wmissing-declarations -Wmissing-prototypes -Wnested-externs -Wpointer-arith -Wcast-align -Wfloat-equal -Wsign-compare -fno-strict-aliasing  conftest.c >&5
configure:8095: $? = 0
configure:8095: result: yes
configure:8109: checking for dlfcn.h
configure:8109: gcc -c -g -O2 -Wall -Wchar-subscripts -Wmissing-declarations -Wmissing-prototypes -Wnested-externs -Wpointer-arith -Wcast-align -Wfloat-equal -Wsign-compare -fno-strict-aliasing  conftest.c >&5
configure:8109: $? = 0
configure:8109: result: yes
configure:8365: checking for objdir
configure:8380: result: .libs
configure:8644: checking if gcc supports -fno-rtti -fno-exceptions
configure:8662: gcc -c -g -O2 -Wall -Wchar-subscripts -Wmissing-declarations -Wmissing-prototypes -Wnested-externs -Wpointer-arith -Wcast-align -Wfloat-equal -Wsign-compare -fno-strict-aliasing  -fno-rtti -fno-exceptions conftest.c >&5
cc1: warning: command line option '-fno-rtti' is valid for C++/ObjC++ but not for C
configure:8666: $? = 0
configure:8679: result: no
configure:9037: checking for gcc option to produce PIC
configure:9044: result: -fPIC -DPIC
configure:9052: checking if gcc PIC flag -fPIC -DPIC works
configure:9070: gcc -c -g -O2 -Wall -Wchar-subscripts -Wmissing-declarations -Wmissing-prototypes -Wnested-externs -Wpointer-arith -Wcast-align -Wfloat-equal -Wsign-compare -fno-strict-aliasing  -fPIC -DPIC -DPIC conftest.c >&5
configure:9074: $? = 0
configure:9087: result: yes
configure:9116: checking if gcc static flag -static works
configure:9144: result: yes
configure:9159: checking if gcc supports -c -o file.o
configure:9180: gcc -c -g -O2 -Wall -Wchar-subscripts -Wmissing-declarations -Wmissing-prototypes -Wnested-externs -Wpointer-arith -Wcast-align -Wfloat-equal -Wsign-compare -fno-strict-aliasing  -o out/conftest2.o conftest.c >&5
configure:9184: $? = 0
configure:9206: result: yes
configure:9214: checking if gcc supports -c -o file.o
configure:9261: result: yes
configure:9294: checking whether the gcc linker (/usr/bin/ld -m elf_x86_64) supports shared libraries
configure:10557: result: yes
configure:10594: checking whether -lc should be explicitly linked in
configure:10602: gcc -c -g -O2 -Wall -Wchar-subscripts -Wmissing-declarations -Wmissing-prototypes -Wnested-externs -Wpointer-arith -Wcast-align -Wfloat-equal -Wsign-compare -fno-strict-aliasing  conftest.c >&5
configure:10605: $? = 0
configure:10620: gcc -shared  -fPIC -DPIC conftest.o  -v -Wl,-soname -Wl,conftest -o conftest 2\>\&1 \| /usr/bin/grep  -lc  \>/dev/null 2\>\&1
configure:10623: $? = 0
configure:10637: result: no
configure:10797: checking dynamic linker characteristics
configure:11378: gcc -o conftest -g -O2 -Wall -Wchar-subscripts -Wmissing-declarations -Wmissing-prototypes -Wnested-externs -Wpointer-arith -Wcast-align -Wfloat-equal -Wsign-compare -fno-strict-aliasing   -Wl,-rpath -Wl,/foo conftest.c  >&5
configure:11378: $? = 0
configure:11627: result: GNU/Linux ld.so
configure:11749: checking how to hardcode library paths into programs
configure:11774: result: immediate
configure:12322: checking whether stripping libraries is possible
configure:12327: result: yes
configure:12362: checking if libtool supports shared libraries
configure:12364: result: yes
configure:12367: checking whether to build shared libraries
configure:12392: result: yes
configure:12395: checking whether to build static libraries
configure:12399: result: no
configure:12451: checking for library containing socket
configure:12482: gcc -o conftest -g -O2 -Wall -Wchar-subscripts -Wmissing-declarations -Wmissing-prototypes -Wnested-externs -Wpointer-arith -Wcast-align -Wfloat-equal -Wsign-compare -fno-strict-aliasing   conftest.c  >&5
configure:12482: $? = 0
configure:12499: result: none required
configure:12508: checking whether socklen_t is defined
configure:12528: gcc -c -g -O2 -Wall -Wchar-subscripts -Wmissing-declarations -Wmissing-prototypes -Wnested-externs -Wpointer-arith -Wcast-align -Wfloat-equal -Wsign-compare -fno-strict-aliasing  conftest.c >&5
conftest.c: In function 'main':
conftest.c:35:11: warning: variable 'foo' set but not used [-Wunused-but-set-variable]
 socklen_t foo;
           ^~~
configure:12528: $? = 0
configure:12534: result: yes
configure:12546: checking for XML_ParserCreate_MM in -lexpat
configure:12571: gcc -o conftest -g -O2 -Wall -Wchar-subscripts -Wmissing-declarations -Wmissing-prototypes -Wnested-externs -Wpointer-arith -Wcast-align -Wfloat-equal -Wsign-compare -fno-strict-aliasing   conftest.c -lexpat   >&5
configure:12571: $? = 0
configure:12580: result: yes
configure:12585: checking expat.h usability
configure:12585: gcc -c -g -O2 -Wall -Wchar-subscripts -Wmissing-declarations -Wmissing-prototypes -Wnested-externs -Wpointer-arith -Wcast-align -Wfloat-equal -Wsign-compare -fno-strict-aliasing  conftest.c >&5
configure:12585: $? = 0
configure:12585: result: yes
configure:12585: checking expat.h presence
configure:12585: gcc -E  conftest.c
configure:12585: $? = 0
configure:12585: result: yes
configure:12585: checking for expat.h
configure:12585: result: yes
configure:12666: checking for pkg-config
configure:12684: found /usr/bin/pkg-config
configure:12696: result: /usr/bin/pkg-config
configure:12721: checking pkg-config is at least version 0.9.0
configure:12724: result: yes
configure:12734: checking for DBUS
configure:12741: $PKG_CONFIG --exists --print-errors "dbus-1 >= 1.8"
configure:12744: $? = 0
configure:12758: $PKG_CONFIG --exists --print-errors "dbus-1 >= 1.8"
configure:12761: $? = 0
configure:12819: result: yes
configure:12835: checking for GLIB
configure:12842: $PKG_CONFIG --exists --print-errors "glib-2.0 >= 2.40, gobject-2.0 >= 2.40, gio-2.0 >= 2.40"
configure:12845: $? = 0
configure:12859: $PKG_CONFIG --exists --print-errors "glib-2.0 >= 2.40, gobject-2.0 >= 2.40, gio-2.0 >= 2.40"
configure:12862: $? = 0
configure:12920: result: yes
configure:12940: checking for dbus-run-session
configure:12958: found /usr/bin/dbus-run-session
configure:12971: result: /usr/bin/dbus-run-session
configure:12985: checking for gtk-doc
configure:12988: $PKG_CONFIG --exists --print-errors "$gtk_doc_requires"
Package gtk-doc was not found in the pkg-config search path.
Perhaps you should add the directory containing `gtk-doc.pc'
to the PKG_CONFIG_PATH environment variable
No package 'gtk-doc' found
configure:12991: $? = 1
configure:12997: result: no
configure:13003: WARNING:
  You will not be able to create source packages with 'make dist'
  because gtk-doc >= 1.14 is not found.
configure:13011: checking for gtkdoc-check
configure:13041: result: no
configure:13048: checking for gtkdoc-check
configure:13081: result: no
configure:13090: checking for gtkdoc-rebase
configure:13123: result: no
configure:13134: checking for gtkdoc-mkpdf
configure:13167: result: no
configure:13192: checking whether to build gtk-doc documentation
configure:13194: result: no
configure:13207: checking for GTKDOC_DEPS
configure:13214: $PKG_CONFIG --exists --print-errors "glib-2.0 >= 2.10.0 gobject-2.0  >= 2.10.0"
configure:13217: $? = 0
configure:13231: $PKG_CONFIG --exists --print-errors "glib-2.0 >= 2.10.0 gobject-2.0  >= 2.10.0"
configure:13234: $? = 0
configure:13272: result: yes
configure:13466: checking that generated files are newer than configure
configure:13472: result: done
configure:13531: creating ./config.status

## ---------------------- ##
## Running config.status. ##
## ---------------------- ##

This file was extended by dbus-glib config.status 0.110, which was
generated by GNU Autoconf 2.69.  Invocation command line was

  CONFIG_FILES    = 
  CONFIG_HEADERS  = 
  CONFIG_LINKS    = 
  CONFIG_COMMANDS = 
  $ ./config.status 

on localhost.localdomain

config.status:1151: creating Makefile
config.status:1151: creating m4/Makefile
config.status:1151: creating doc/Makefile
config.status:1151: creating doc/reference/Makefile
config.status:1151: creating doc/reference/version.xml
config.status:1151: creating dbus/Makefile
config.status:1151: creating dbus/examples/Makefile
config.status:1151: creating dbus/examples/statemachine/Makefile
config.status:1151: creating dbus-gmain/Makefile
config.status:1151: creating test/Makefile
config.status:1151: creating test/core/Makefile
config.status:1151: creating test/interfaces/Makefile
config.status:1151: creating test/data/valid-service-files/debug-glib.service
config.status:1151: creating test/data/valid-service-files/debug-echo.service
config.status:1151: creating test/data/valid-service-files/interfaces-test.service
config.status:1151: creating tools/Makefile
config.status:1151: creating dbus-glib-1.pc
config.status:1151: creating dbus-glib-1-uninstalled.pc
config.status:1151: creating config.h
config.status:1380: executing depfiles commands
config.status:1380: executing libtool commands

## ---------------- ##
## Cache variables. ##
## ---------------- ##

ac_cv_build=x86_64-pc-linux-gnu
ac_cv_c_compiler_gnu=yes
ac_cv_env_CC_set=
ac_cv_env_CC_value=
ac_cv_env_CFLAGS_set=
ac_cv_env_CFLAGS_value=
ac_cv_env_CPPFLAGS_set=
ac_cv_env_CPPFLAGS_value=
ac_cv_env_CPP_set=
ac_cv_env_CPP_value=
ac_cv_env_DBUS_CFLAGS_set=
ac_cv_env_DBUS_CFLAGS_value=
ac_cv_env_DBUS_LIBS_set=
ac_cv_env_DBUS_LIBS_value=
ac_cv_env_DBUS_RUN_SESSION_set=
ac_cv_env_DBUS_RUN_SESSION_value=
ac_cv_env_GLIB_CFLAGS_set=
ac_cv_env_GLIB_CFLAGS_value=
ac_cv_env_GLIB_LIBS_set=
ac_cv_env_GLIB_LIBS_value=
ac_cv_env_GTKDOC_DEPS_CFLAGS_set=
ac_cv_env_GTKDOC_DEPS_CFLAGS_value=
ac_cv_env_GTKDOC_DEPS_LIBS_set=
ac_cv_env_GTKDOC_DEPS_LIBS_value=
ac_cv_env_LDFLAGS_set=
ac_cv_env_LDFLAGS_value=
ac_cv_env_LIBS_set=
ac_cv_env_LIBS_value=
ac_cv_env_LT_SYS_LIBRARY_PATH_set=
ac_cv_env_LT_SYS_LIBRARY_PATH_value=
ac_cv_env_PKG_CONFIG_LIBDIR_set=
ac_cv_env_PKG_CONFIG_LIBDIR_value=
ac_cv_env_PKG_CONFIG_PATH_set=
ac_cv_env_PKG_CONFIG_PATH_value=
ac_cv_env_PKG_CONFIG_set=
ac_cv_env_PKG_CONFIG_value=
ac_cv_env_build_alias_set=
ac_cv_env_build_alias_value=
ac_cv_env_host_alias_set=
ac_cv_env_host_alias_value=
ac_cv_env_target_alias_set=
ac_cv_env_target_alias_value=
ac_cv_header_dlfcn_h=yes
ac_cv_header_expat_h=yes
ac_cv_header_inttypes_h=yes
ac_cv_header_memory_h=yes
ac_cv_header_stdc=yes
ac_cv_header_stdint_h=yes
ac_cv_header_stdlib_h=yes
ac_cv_header_string_h=yes
ac_cv_header_strings_h=yes
ac_cv_header_sys_stat_h=yes
ac_cv_header_sys_types_h=yes
ac_cv_header_unistd_h=yes
ac_cv_host=x86_64-pc-linux-gnu
ac_cv_lib_expat_XML_ParserCreate_MM=yes
ac_cv_objext=o
ac_cv_path_DBUS_RUN_SESSION=/usr/bin/dbus-run-session
ac_cv_path_EGREP='/usr/bin/grep -E'
ac_cv_path_FGREP='/usr/bin/grep -F'
ac_cv_path_GREP=/usr/bin/grep
ac_cv_path_SED=/bin/sed
ac_cv_path_ac_pt_PKG_CONFIG=/usr/bin/pkg-config
ac_cv_path_install='/usr/bin/install -c'
ac_cv_path_lt_DD=/bin/dd
ac_cv_path_mkdir=/bin/mkdir
ac_cv_prog_AWK=gawk
ac_cv_prog_CPP='gcc -E'
ac_cv_prog_ac_ct_AR=ar
ac_cv_prog_ac_ct_CC=gcc
ac_cv_prog_ac_ct_MANIFEST_TOOL=mt
ac_cv_prog_ac_ct_OBJDUMP=objdump
ac_cv_prog_ac_ct_RANLIB=ranlib
ac_cv_prog_ac_ct_STRIP=strip
ac_cv_prog_cc_c89=
ac_cv_prog_cc_g=yes
ac_cv_prog_make_make_set=yes
ac_cv_search_socket='none required'
ac_cv_search_strerror='none required'
am_cv_CC_dependencies_compiler_type=gcc3
am_cv_make_support_nested_variables=yes
am_cv_prog_cc_c_o=yes
lt_cv_ar_at_file=@
lt_cv_archive_cmds_need_lc=no
lt_cv_deplibs_check_method=pass_all
lt_cv_file_magic_cmd='$MAGIC_CMD'
lt_cv_file_magic_test_file=
lt_cv_ld_reload_flag=-r
lt_cv_nm_interface='BSD nm'
lt_cv_objdir=.libs
lt_cv_path_LD=/usr/bin/ld
lt_cv_path_NM='/usr/bin/nm -B'
lt_cv_path_mainfest_tool=no
lt_cv_prog_compiler_c_o=yes
lt_cv_prog_compiler_pic='-fPIC -DPIC'
lt_cv_prog_compiler_pic_works=yes
lt_cv_prog_compiler_rtti_exceptions=no
lt_cv_prog_compiler_static_works=yes
lt_cv_prog_gnu_ld=yes
lt_cv_sharedlib_from_linklib_cmd='printf %s\n'
lt_cv_shlibpath_overrides_runpath=no
lt_cv_sys_global_symbol_pipe='sed -n -e '\''s/^.*[	 ]\([ABCDGIRSTW][ABCDGIRSTW]*\)[	 ][	 ]*\([_A-Za-z][_A-Za-z0-9]*\)$/\1 \2 \2/p'\'' | sed '\''/ __gnu_lto/d'\'''
lt_cv_sys_global_symbol_to_c_name_address='sed -n -e '\''s/^: \(.*\) .*$/  {"\1", (void *) 0},/p'\'' -e '\''s/^[ABCDGIRSTW][ABCDGIRSTW]* .* \(.*\)$/  {"\1", (void *) \&\1},/p'\'''
lt_cv_sys_global_symbol_to_c_name_address_lib_prefix='sed -n -e '\''s/^: \(.*\) .*$/  {"\1", (void *) 0},/p'\'' -e '\''s/^[ABCDGIRSTW][ABCDGIRSTW]* .* \(lib.*\)$/  {"\1", (void *) \&\1},/p'\'' -e '\''s/^[ABCDGIRSTW][ABCDGIRSTW]* .* \(.*\)$/  {"lib\1", (void *) \&\1},/p'\'''
lt_cv_sys_global_symbol_to_cdecl='sed -n -e '\''s/^T .* \(.*\)$/extern int \1();/p'\'' -e '\''s/^[ABCDGIRSTW][ABCDGIRSTW]* .* \(.*\)$/extern char \1;/p'\'''
lt_cv_sys_global_symbol_to_import=
lt_cv_sys_max_cmd_len=1572864
lt_cv_to_host_file_cmd=func_convert_file_noop
lt_cv_to_tool_file_cmd=func_convert_file_noop
lt_cv_truncate_bin='/bin/dd bs=4096 count=1'
pkg_cv_DBUS_CFLAGS='-I/usr/include/dbus-1.0 -I/usr/lib/dbus-1.0/include'
pkg_cv_DBUS_LIBS=-ldbus-1
pkg_cv_GLIB_CFLAGS='-pthread -I/usr/include/glib-2.0 -I/usr/lib/glib-2.0/include'
pkg_cv_GLIB_LIBS='-lgio-2.0 -lgobject-2.0 -lglib-2.0'
pkg_cv_GTKDOC_DEPS_CFLAGS='-I/usr/include/glib-2.0 -I/usr/lib/glib-2.0/include'
pkg_cv_GTKDOC_DEPS_LIBS='-lgobject-2.0 -lglib-2.0'

## ----------------- ##
## Output variables. ##
## ----------------- ##

ACLOCAL='${SHELL} /sources/boot/dbus-glib-0.110/missing aclocal-1.15 '
AMDEPBACKSLASH='\'
AMDEP_FALSE='#'
AMDEP_TRUE=''
AMTAR='$${TAR-tar}'
AM_BACKSLASH='\'
AM_DEFAULT_V='$(AM_DEFAULT_VERBOSITY)'
AM_DEFAULT_VERBOSITY='0'
AM_V='$(V)'
AR='ar'
AUTOCONF='${SHELL} /sources/boot/dbus-glib-0.110/missing autoconf'
AUTOHEADER='${SHELL} /sources/boot/dbus-glib-0.110/missing autoheader'
AUTOMAKE='${SHELL} /sources/boot/dbus-glib-0.110/missing automake-1.15'
AWK='gawk'
CC='gcc'
CCDEPMODE='depmode=gcc3'
CFLAGS='-g -O2 -Wall -Wchar-subscripts -Wmissing-declarations -Wmissing-prototypes -Wnested-externs -Wpointer-arith -Wcast-align -Wfloat-equal -Wsign-compare -fno-strict-aliasing'
CPP='gcc -E'
CPPFLAGS=''
CYGPATH_W='echo'
DBUS_BASH_COMPLETION_FALSE='#'
DBUS_BASH_COMPLETION_TRUE=''
DBUS_BINDING_TOOL='$(top_builddir)/dbus/dbus-binding-tool'
DBUS_BUILD_TESTS_FALSE='#'
DBUS_BUILD_TESTS_TRUE=''
DBUS_CFLAGS='-I/usr/include/dbus-1.0 -I/usr/lib/dbus-1.0/include'
DBUS_GLIB_TOOL_CFLAGS=''
DBUS_GLIB_TOOL_LIBS='-lexpat'
DBUS_LIBS='-ldbus-1'
DBUS_RUN_SESSION='/usr/bin/dbus-run-session'
DEFS='-DHAVE_CONFIG_H'
DEPDIR='.deps'
DLLTOOL='false'
DSYMUTIL=''
DUMPBIN=''
ECHO_C=''
ECHO_N='-n'
ECHO_T=''
EGREP='/usr/bin/grep -E'
ENABLE_GTK_DOC_FALSE=''
ENABLE_GTK_DOC_TRUE='#'
EXEEXT=''
FGREP='/usr/bin/grep -F'
GLIB_CFLAGS='-pthread -I/usr/include/glib-2.0 -I/usr/lib/glib-2.0/include'
GLIB_GENMARSHAL='glib-genmarshal'
GLIB_LIBS='-lgio-2.0 -lgobject-2.0 -lglib-2.0'
GLIB_THREADS_LIBS=''
GREP='/usr/bin/grep'
GTKDOC_CHECK=''
GTKDOC_CHECK_PATH=''
GTKDOC_DEPS_CFLAGS='-I/usr/include/glib-2.0 -I/usr/lib/glib-2.0/include'
GTKDOC_DEPS_LIBS='-lgobject-2.0 -lglib-2.0'
GTKDOC_MKPDF=''
GTKDOC_REBASE='true'
GTK_DOC_BUILD_HTML_FALSE='#'
GTK_DOC_BUILD_HTML_TRUE=''
GTK_DOC_BUILD_PDF_FALSE=''
GTK_DOC_BUILD_PDF_TRUE='#'
GTK_DOC_USE_LIBTOOL_FALSE='#'
GTK_DOC_USE_LIBTOOL_TRUE=''
GTK_DOC_USE_REBASE_FALSE='#'
GTK_DOC_USE_REBASE_TRUE=''
HAVE_GTK_DOC_FALSE=''
HAVE_GTK_DOC_TRUE='#'
HTML_DIR='${datadir}/gtk-doc/html'
INSTALL_DATA='${INSTALL} -m 644'
INSTALL_PROGRAM='${INSTALL}'
INSTALL_SCRIPT='${INSTALL}'
INSTALL_STRIP_PROGRAM='$(install_sh) -c -s'
LD='/usr/bin/ld -m elf_x86_64'
LDFLAGS=''
LIBOBJS=''
LIBS=''
LIBTOOL='$(SHELL) $(top_builddir)/libtool'
LIPO=''
LN_S='ln -s'
LTLIBOBJS=''
LT_AGE='3'
LT_CURRENT='5'
LT_REVISION='4'
LT_SYS_LIBRARY_PATH=''
MAINT='#'
MAINTAINER_MODE_FALSE=''
MAINTAINER_MODE_TRUE='#'
MAKEINFO='${SHELL} /sources/boot/dbus-glib-0.110/missing makeinfo'
MANIFEST_TOOL=':'
MKDIR_P='/bin/mkdir -p'
NM='/usr/bin/nm -B'
NMEDIT=''
OBJDUMP='objdump'
OBJEXT='o'
OTOOL64=''
OTOOL=''
PACKAGE='dbus-glib'
PACKAGE_BUGREPORT='https://bugs.freedesktop.org/enter_bug.cgi?product=dbus&component=GLib'
PACKAGE_NAME='dbus-glib'
PACKAGE_STRING='dbus-glib 0.110'
PACKAGE_TARNAME='dbus-glib'
PACKAGE_URL=''
PACKAGE_VERSION='0.110'
PATH_SEPARATOR=':'
PKG_CONFIG='/usr/bin/pkg-config'
PKG_CONFIG_LIBDIR=''
PKG_CONFIG_PATH=''
RANLIB='ranlib'
SED='/bin/sed'
SET_MAKE=''
SHELL='/bin/sh'
STRIP='strip'
VERSION='0.110'
ac_ct_AR='ar'
ac_ct_CC='gcc'
ac_ct_DUMPBIN=''
am__EXEEXT_FALSE=''
am__EXEEXT_TRUE='#'
am__fastdepCC_FALSE='#'
am__fastdepCC_TRUE=''
am__include='include'
am__isrc=''
am__leading_dot='.'
am__nodep='_no'
am__quote=''
am__tar='$${TAR-tar} chof - "$$tardir"'
am__untar='$${TAR-tar} xf -'
bindir='${exec_prefix}/bin'
build='x86_64-pc-linux-gnu'
build_alias=''
build_cpu='x86_64'
build_os='linux-gnu'
build_vendor='pc'
datadir='${datarootdir}'
datarootdir='${prefix}/share'
docdir='${datarootdir}/doc/${PACKAGE_TARNAME}'
dvidir='${docdir}'
exec_prefix='${prefix}'
host='x86_64-pc-linux-gnu'
host_alias=''
host_cpu='x86_64'
host_os='linux-gnu'
host_vendor='pc'
htmldir='${docdir}'
includedir='${prefix}/include'
infodir='${datarootdir}/info'
install_sh='${SHELL} /sources/boot/dbus-glib-0.110/install-sh'
libdir='${exec_prefix}/lib'
libexecdir='${exec_prefix}/libexec'
localedir='${datarootdir}/locale'
localstatedir='${prefix}/var'
mandir='${datarootdir}/man'
mkdir_p='$(MKDIR_P)'
oldincludedir='/usr/include'
pdfdir='${docdir}'
prefix='/usr'
program_transform_name='s,x,x,'
psdir='${docdir}'
runstatedir='${localstatedir}/run'
sbindir='${exec_prefix}/sbin'
sharedstatedir='${prefix}/com'
sysconfdir='/etc'
target_alias=''

## ----------- ##
## confdefs.h. ##
## ----------- ##

/* confdefs.h */
#define PACKAGE_NAME "dbus-glib"
#define PACKAGE_TARNAME "dbus-glib"
#define PACKAGE_VERSION "0.110"
#define PACKAGE_STRING "dbus-glib 0.110"
#define PACKAGE_BUGREPORT "https://bugs.freedesktop.org/enter_bug.cgi?product=dbus&component=GLib"
#define PACKAGE_URL ""
#define PACKAGE "dbus-glib"
#define VERSION "0.110"
#define STDC_HEADERS 1
#define DBUS_BASH_COMPLETION 1
#define DBUS_BUILD_TESTS 1
#define G_DISABLE_ASSERT 1
#define HAVE_SYS_TYPES_H 1
#define HAVE_SYS_STAT_H 1
#define HAVE_STDLIB_H 1
#define HAVE_STRING_H 1
#define HAVE_MEMORY_H 1
#define HAVE_STRINGS_H 1
#define HAVE_INTTYPES_H 1
#define HAVE_STDINT_H 1
#define HAVE_UNISTD_H 1
#define HAVE_DLFCN_H 1
#define LT_OBJDIR ".libs/"
#define HAVE_SOCKLEN_T 1
#define HAVE_EXPAT_H 1
#define GLIB_VERSION_MAX_ALLOWED GLIB_VERSION_2_40
#define GLIB_VERSION_MIN_REQUIRED GLIB_VERSION_2_32

configure: exit 0
