Making install in src
make[1]: Entering directory '/lfskernel/sources/boot/desktop-file-utils-0.23/src'
make[2]: Entering directory '/lfskernel/sources/boot/desktop-file-utils-0.23/src'
 /bin/mkdir -p '/usr/bin'
  /usr/bin/install -c desktop-file-validate desktop-file-install update-desktop-database '/usr/bin'
make  install-exec-hook
make[3]: Entering directory '/lfskernel/sources/boot/desktop-file-utils-0.23/src'
cd /usr/bin && \
rm -f desktop-file-edit && \
ln -s -f desktop-file-install desktop-file-edit
make[3]: Leaving directory '/lfskernel/sources/boot/desktop-file-utils-0.23/src'
make[2]: Nothing to be done for 'install-data-am'.
make[2]: Leaving directory '/lfskernel/sources/boot/desktop-file-utils-0.23/src'
make[1]: Leaving directory '/lfskernel/sources/boot/desktop-file-utils-0.23/src'
Making install in man
make[1]: Entering directory '/lfskernel/sources/boot/desktop-file-utils-0.23/man'
make[2]: Entering directory '/lfskernel/sources/boot/desktop-file-utils-0.23/man'
make  install-exec-hook
make[3]: Entering directory '/lfskernel/sources/boot/desktop-file-utils-0.23/man'
test -d /usr/share/man/man1 || mkdir -p /usr/share/man/man1
cd /usr/share/man/man1 && \
rm -f desktop-file-edit.1 && \
ln -s -f desktop-file-install.1 desktop-file-edit.1
make[3]: Leaving directory '/lfskernel/sources/boot/desktop-file-utils-0.23/man'
 /bin/mkdir -p '/usr/share/man/man1'
 /usr/bin/install -c -m 644 desktop-file-validate.1 desktop-file-install.1 update-desktop-database.1 '/usr/share/man/man1'
make[2]: Leaving directory '/lfskernel/sources/boot/desktop-file-utils-0.23/man'
make[1]: Leaving directory '/lfskernel/sources/boot/desktop-file-utils-0.23/man'
Making install in misc
make[1]: Entering directory '/lfskernel/sources/boot/desktop-file-utils-0.23/misc'
if test "no" != "no"; then \
  am__dir=. am__subdir_includes=''; \
  case desktop-entry-mode.elc in */*) \
    am__dir=`echo 'desktop-entry-mode.elc' | sed 's,/[^/]*$,,'`; \
    am__subdir_includes="-L $am__dir -L ./$am__dir"; \
  esac; \
  test -d "$am__dir" || /bin/mkdir -p "$am__dir" || exit 1; \
  no --batch \
      \
    $am__subdir_includes -L . -L . \
    --eval "(defun byte-compile-dest-file (f) \"desktop-entry-mode.elc\")" \
    --eval "(unless (byte-compile-file \"desktop-entry-mode.el\") (kill-emacs 1))"; \
else :; fi
make[2]: Entering directory '/lfskernel/sources/boot/desktop-file-utils-0.23/misc'
make[2]: Nothing to be done for 'install-exec-am'.
if test "no" != "no"; then \
  am__dir=. am__subdir_includes=''; \
  case desktop-entry-mode.elc in */*) \
    am__dir=`echo 'desktop-entry-mode.elc' | sed 's,/[^/]*$,,'`; \
    am__subdir_includes="-L $am__dir -L ./$am__dir"; \
  esac; \
  test -d "$am__dir" || /bin/mkdir -p "$am__dir" || exit 1; \
  no --batch \
      \
    $am__subdir_includes -L . -L . \
    --eval "(defun byte-compile-dest-file (f) \"desktop-entry-mode.elc\")" \
    --eval "(unless (byte-compile-file \"desktop-entry-mode.el\") (kill-emacs 1))"; \
else :; fi
make[2]: Leaving directory '/lfskernel/sources/boot/desktop-file-utils-0.23/misc'
make[1]: Leaving directory '/lfskernel/sources/boot/desktop-file-utils-0.23/misc'
make[1]: Entering directory '/lfskernel/sources/boot/desktop-file-utils-0.23'
make[2]: Entering directory '/lfskernel/sources/boot/desktop-file-utils-0.23'
make[2]: Nothing to be done for 'install-exec-am'.
make[2]: Nothing to be done for 'install-data-am'.
make[2]: Leaving directory '/lfskernel/sources/boot/desktop-file-utils-0.23'
make[1]: Leaving directory '/lfskernel/sources/boot/desktop-file-utils-0.23'
