Hmm...  Looks like a unified diff to me...
The text leading up to this was:
--------------------------
|Submitted By:            Bruce Dubbs <bdubbs at linuxfromscratch dot org>
|Date:                    2018-01-01
|Initial Package Version: 1.78.1
|Upstream Status:         Unsure
|Origin:                  Peter De Wachter <pdewacht@gmail.com>
|Description: use EXSLT "replace" function when available
| A recursive implementation  of string.subst is problematic,
| long strings with many matches will cause stack overflows.
|Author: Peter De Wachter <pdewacht@gmail.com>
|Bug-Debian: https://bugs.debian.org/750593
|
|Rediffed for 1.79.2 by Bruce Dubbs
|
|diff -Naur docbook-xsl-1.79.2.orig/lib/lib.xsl docbook-xsl-1.79.2/lib/lib.xsl
|--- docbook-xsl-1.79.2.orig/lib/lib.xsl	2016-12-09 16:41:39.000000000 -0600
|+++ docbook-xsl-1.79.2/lib/lib.xsl	2018-01-01 12:54:52.507332514 -0600
--------------------------
patching file lib/lib.xsl
Using Plan A...
Hunk #1 succeeded at 6.
Hunk #2 succeeded at 56.
done
