cd ./util ; make subst
make[1]: Entering directory '/sources/e2fsprogs-1.43.7/build/util'
	CREATE dirpaths.h
	CC ../../util/subst.c
	LD subst
make[1]: Leaving directory '/sources/e2fsprogs-1.43.7/build/util'
make[1]: Entering directory '/sources/e2fsprogs-1.43.7/build'
make[1]: 'util/subst.conf' is up to date.
make[1]: Leaving directory '/sources/e2fsprogs-1.43.7/build'
make[1]: Entering directory '/sources/e2fsprogs-1.43.7/build'
make[1]: 'lib/config.h' is up to date.
make[1]: Leaving directory '/sources/e2fsprogs-1.43.7/build'
make[1]: Entering directory '/sources/e2fsprogs-1.43.7/build'
	SUBST lib/dirpaths.h
make[1]: Leaving directory '/sources/e2fsprogs-1.43.7/build'
make[1]: Entering directory '/sources/e2fsprogs-1.43.7/build'
cd .; CONFIG_FILES=./lib/ext2fs/ext2_types.h ./config.status
config.status: creating ./lib/ext2fs/ext2_types.h
config.status: creating lib/config.h
config.status: lib/config.h is unchanged
config.status: executing po-directories commands
make[1]: Leaving directory '/sources/e2fsprogs-1.43.7/build'
make[1]: Entering directory '/sources/e2fsprogs-1.43.7/build/lib/et'
	SUBST compile_et
make[1]: Leaving directory '/sources/e2fsprogs-1.43.7/build/lib/et'
make[1]: Entering directory '/sources/e2fsprogs-1.43.7/build/lib/ext2fs'
	SUBST ext2_err.et
	COMPILE_ET ext2_err.et
make[1]: Leaving directory '/sources/e2fsprogs-1.43.7/build/lib/ext2fs'
make[1]: Entering directory '/sources/e2fsprogs-1.43.7/build/lib/support'
	COMPILE_ET prof_err.et
make[1]: Leaving directory '/sources/e2fsprogs-1.43.7/build/lib/support'
make libs
make[1]: Entering directory '/sources/e2fsprogs-1.43.7/build'
make[2]: Entering directory '/sources/e2fsprogs-1.43.7/build'
make[2]: 'util/subst.conf' is up to date.
make[2]: Leaving directory '/sources/e2fsprogs-1.43.7/build'
make[2]: Entering directory '/sources/e2fsprogs-1.43.7/build'
make[2]: 'lib/config.h' is up to date.
make[2]: Leaving directory '/sources/e2fsprogs-1.43.7/build'
make[2]: Entering directory '/sources/e2fsprogs-1.43.7/build'
make[2]: 'lib/dirpaths.h' is up to date.
make[2]: Leaving directory '/sources/e2fsprogs-1.43.7/build'
make[2]: Entering directory '/sources/e2fsprogs-1.43.7/build'
make[2]: 'lib/ext2fs/ext2_types.h' is up to date.
make[2]: Leaving directory '/sources/e2fsprogs-1.43.7/build'
make[2]: Entering directory '/sources/e2fsprogs-1.43.7/build/lib/et'
make[2]: 'compile_et' is up to date.
make[2]: Leaving directory '/sources/e2fsprogs-1.43.7/build/lib/et'
make[2]: Entering directory '/sources/e2fsprogs-1.43.7/build/lib/ext2fs'
make[2]: 'ext2_err.h' is up to date.
make[2]: Leaving directory '/sources/e2fsprogs-1.43.7/build/lib/ext2fs'
make[2]: Entering directory '/sources/e2fsprogs-1.43.7/build/lib/support'
make[2]: 'prof_err.h' is up to date.
make[2]: Leaving directory '/sources/e2fsprogs-1.43.7/build/lib/support'
making all in lib/et
make[2]: Entering directory '/sources/e2fsprogs-1.43.7/build/lib/et'
make[3]: Entering directory '/sources/e2fsprogs-1.43.7/build/lib/et'
	MKDIR elfshared
make[3]: Leaving directory '/sources/e2fsprogs-1.43.7/build/lib/et'
	CC ../../../lib/et/error_message.c
	CC ../../../lib/et/et_name.c
	CC ../../../lib/et/init_et.c
	CC ../../../lib/et/com_err.c
	CC ../../../lib/et/com_right.c
	GEN_LIB libcom_err.a
	GEN_ELF_SOLIB libcom_err.so.2.1
make[2]: Leaving directory '/sources/e2fsprogs-1.43.7/build/lib/et'
making all in lib/ss
make[2]: Entering directory '/sources/e2fsprogs-1.43.7/build/lib/ss'
	SUBST mk_cmds
make[3]: Entering directory '/sources/e2fsprogs-1.43.7/build/lib/ss'
	MKDIR elfshared
make[3]: Leaving directory '/sources/e2fsprogs-1.43.7/build/lib/ss'
	COMPILE_ET ss_err.et
	CC ss_err.c
	MK_CMDS std_rqs.c
	CC std_rqs.c
	CC ../../../lib/ss/invocation.c
	CC ../../../lib/ss/help.c
	CC ../../../lib/ss/execute_cmd.c
	CC ../../../lib/ss/listen.c
	CC ../../../lib/ss/parse.c
	CC ../../../lib/ss/error.c
	CC ../../../lib/ss/prompt.c
	CC ../../../lib/ss/request_tbl.c
	CC ../../../lib/ss/list_rqs.c
	CC ../../../lib/ss/pager.c
	CC ../../../lib/ss/requests.c
	CC ../../../lib/ss/data.c
	CC ../../../lib/ss/get_readline.c
	GEN_LIB libss.a
	GEN_ELF_SOLIB libss.so.2.0
make[2]: Leaving directory '/sources/e2fsprogs-1.43.7/build/lib/ss'
making all in lib/e2p
make[2]: Entering directory '/sources/e2fsprogs-1.43.7/build/lib/e2p'
make[3]: Entering directory '/sources/e2fsprogs-1.43.7/build/lib/e2p'
	MKDIR elfshared
make[3]: Leaving directory '/sources/e2fsprogs-1.43.7/build/lib/e2p'
	CC ../../../lib/e2p/feature.c
	CC ../../../lib/e2p/fgetflags.c
	CC ../../../lib/e2p/fsetflags.c
	CC ../../../lib/e2p/fgetversion.c
	CC ../../../lib/e2p/fsetversion.c
	CC ../../../lib/e2p/getflags.c
	CC ../../../lib/e2p/getversion.c
	CC ../../../lib/e2p/hashstr.c
	CC ../../../lib/e2p/iod.c
	CC ../../../lib/e2p/ls.c
	CC ../../../lib/e2p/ljs.c
	CC ../../../lib/e2p/mntopts.c
	CC ../../../lib/e2p/parse_num.c
	CC ../../../lib/e2p/pe.c
	CC ../../../lib/e2p/pf.c
	CC ../../../lib/e2p/ps.c
	CC ../../../lib/e2p/setflags.c
	CC ../../../lib/e2p/setversion.c
	CC ../../../lib/e2p/uuid.c
	CC ../../../lib/e2p/ostype.c
	CC ../../../lib/e2p/percent.c
	CC ../../../lib/e2p/crypto_mode.c
	CC ../../../lib/e2p/fgetproject.c
	CC ../../../lib/e2p/fsetproject.c
	GEN_LIB libe2p.a
	GEN_ELF_SOLIB libe2p.so.2.3
make[2]: Leaving directory '/sources/e2fsprogs-1.43.7/build/lib/e2p'
making all in lib/support
make[2]: Entering directory '/sources/e2fsprogs-1.43.7/build/lib/support'
	CC ../../../lib/support/cstring.c
	CC ../../../lib/support/mkquota.c
	CC ../../../lib/support/plausible.c
	CC ../../../lib/support/profile.c
	CC ../../../lib/support/parse_qtype.c
	CC ../../../lib/support/profile_helpers.c
	CC prof_err.c
	CC ../../../lib/support/quotaio.c
	CC ../../../lib/support/quotaio_v2.c
	CC ../../../lib/support/quotaio_tree.c
	CC ../../../lib/support/dict.c
	GEN_LIB libsupport.a
make[2]: Leaving directory '/sources/e2fsprogs-1.43.7/build/lib/support'
making all in lib/ext2fs
make[2]: Entering directory '/sources/e2fsprogs-1.43.7/build/lib/ext2fs'
make[3]: Entering directory '/sources/e2fsprogs-1.43.7/build/lib/ext2fs'
	MKDIR elfshared
make[3]: Leaving directory '/sources/e2fsprogs-1.43.7/build/lib/ext2fs'
	CC ../../../lib/ext2fs/bb_compat.c
	CC ../../../lib/ext2fs/inode_io.c
	CC ../../../lib/ext2fs/write_bb_file.c
	CC ../../../lib/ext2fs/dupfs.c
	CC ../../../lib/ext2fs/imager.c
	CC ../../../lib/ext2fs/test_io.c
	CC ext2_err.c
	CC ../../../lib/ext2fs/alloc.c
	CC ../../../lib/ext2fs/alloc_sb.c
	CC ../../../lib/ext2fs/alloc_stats.c
	CC ../../../lib/ext2fs/alloc_tables.c
	CC ../../../lib/ext2fs/atexit.c
	CC ../../../lib/ext2fs/badblocks.c
	CC ../../../lib/ext2fs/bb_inode.c
	CC ../../../lib/ext2fs/bitmaps.c
	CC ../../../lib/ext2fs/bitops.c
	CC ../../../lib/ext2fs/blkmap64_ba.c
	CC ../../../lib/ext2fs/blkmap64_rb.c
	CC ../../../lib/ext2fs/blknum.c
	CC ../../../lib/ext2fs/block.c
	CC ../../../lib/ext2fs/bmap.c
	CC ../../../lib/ext2fs/check_desc.c
	CC ../../../lib/ext2fs/closefs.c
	CC ../../../lib/ext2fs/crc16.c
	CC gen_crc32ctable
	GEN32CTABLE crc32c_table.h
	CC ../../../lib/ext2fs/crc32c.c
	CC ../../../lib/ext2fs/csum.c
	CC ../../../lib/ext2fs/dblist.c
	CC ../../../lib/ext2fs/dblist_dir.c
	CC ../../../lib/ext2fs/dirblock.c
	CC ../../../lib/ext2fs/dirhash.c
	CC ../../../lib/ext2fs/dir_iterate.c
	CC ../../../lib/ext2fs/expanddir.c
	CC ../../../lib/ext2fs/ext_attr.c
	CC ../../../lib/ext2fs/extent.c
	CC ../../../lib/ext2fs/fallocate.c
	CC ../../../lib/ext2fs/fileio.c
	CC ../../../lib/ext2fs/finddev.c
	CC ../../../lib/ext2fs/flushb.c
	CC ../../../lib/ext2fs/freefs.c
	CC ../../../lib/ext2fs/gen_bitmap.c
	CC ../../../lib/ext2fs/gen_bitmap64.c
	CC ../../../lib/ext2fs/get_num_dirs.c
	CC ../../../lib/ext2fs/get_pathname.c
	CC ../../../lib/ext2fs/getsize.c
	CC ../../../lib/ext2fs/getsectsize.c
	CC ../../../lib/ext2fs/i_block.c
	CC ../../../lib/ext2fs/icount.c
	CC ../../../lib/ext2fs/ind_block.c
	CC ../../../lib/ext2fs/initialize.c
	CC ../../../lib/ext2fs/inline.c
	CC ../../../lib/ext2fs/inline_data.c
	CC ../../../lib/ext2fs/inode.c
	CC ../../../lib/ext2fs/io_manager.c
	CC ../../../lib/ext2fs/ismounted.c
	CC ../../../lib/ext2fs/link.c
	CC ../../../lib/ext2fs/llseek.c
	CC ../../../lib/ext2fs/lookup.c
	CC ../../../lib/ext2fs/mkdir.c
	CC ../../../lib/ext2fs/mkjournal.c
	CC ../../../lib/ext2fs/mmp.c
	CC ../../../lib/ext2fs/namei.c
	CC ../../../lib/ext2fs/native.c
	CC ../../../lib/ext2fs/newdir.c
	CC ../../../lib/ext2fs/openfs.c
	CC ../../../lib/ext2fs/progress.c
	CC ../../../lib/ext2fs/punch.c
	CC ../../../lib/ext2fs/qcow2.c
	CC ../../../lib/ext2fs/read_bb.c
	CC ../../../lib/ext2fs/read_bb_file.c
	CC ../../../lib/ext2fs/res_gdt.c
	CC ../../../lib/ext2fs/rw_bitmaps.c
	CC ../../../lib/ext2fs/sha512.c
	CC ../../../lib/ext2fs/swapfs.c
	CC ../../../lib/ext2fs/symlink.c
	CC ../../../lib/ext2fs/tdb.c
	CC ../../../lib/ext2fs/undo_io.c
	CC ../../../lib/ext2fs/unix_io.c
	CC ../../../lib/ext2fs/unlink.c
	CC ../../../lib/ext2fs/valid_blk.c
	CC ../../../lib/ext2fs/version.c
	CC ../../../lib/ext2fs/rbtree.c
	GEN_LIB libext2fs.a
	GEN_ELF_SOLIB libext2fs.so.2.4
make[2]: Leaving directory '/sources/e2fsprogs-1.43.7/build/lib/ext2fs'
making all in intl
make[2]: Entering directory '/sources/e2fsprogs-1.43.7/build/intl'
make[2]: Nothing to be done for 'all'.
make[2]: Leaving directory '/sources/e2fsprogs-1.43.7/build/intl'
make[1]: Leaving directory '/sources/e2fsprogs-1.43.7/build'
make progs
make[1]: Entering directory '/sources/e2fsprogs-1.43.7/build'
make[2]: Entering directory '/sources/e2fsprogs-1.43.7/build'
make[2]: 'util/subst.conf' is up to date.
make[2]: Leaving directory '/sources/e2fsprogs-1.43.7/build'
make[2]: Entering directory '/sources/e2fsprogs-1.43.7/build'
make[2]: 'lib/config.h' is up to date.
make[2]: Leaving directory '/sources/e2fsprogs-1.43.7/build'
make[2]: Entering directory '/sources/e2fsprogs-1.43.7/build'
make[2]: 'lib/dirpaths.h' is up to date.
make[2]: Leaving directory '/sources/e2fsprogs-1.43.7/build'
make[2]: Entering directory '/sources/e2fsprogs-1.43.7/build'
make[2]: 'lib/ext2fs/ext2_types.h' is up to date.
make[2]: Leaving directory '/sources/e2fsprogs-1.43.7/build'
make[2]: Entering directory '/sources/e2fsprogs-1.43.7/build/lib/et'
make[2]: 'compile_et' is up to date.
make[2]: Leaving directory '/sources/e2fsprogs-1.43.7/build/lib/et'
make[2]: Entering directory '/sources/e2fsprogs-1.43.7/build/lib/ext2fs'
make[2]: 'ext2_err.h' is up to date.
make[2]: Leaving directory '/sources/e2fsprogs-1.43.7/build/lib/ext2fs'
make[2]: Entering directory '/sources/e2fsprogs-1.43.7/build/lib/support'
make[2]: 'prof_err.h' is up to date.
make[2]: Leaving directory '/sources/e2fsprogs-1.43.7/build/lib/support'
making all in lib/et
make[2]: Entering directory '/sources/e2fsprogs-1.43.7/build/lib/et'
make[2]: Nothing to be done for 'all'.
make[2]: Leaving directory '/sources/e2fsprogs-1.43.7/build/lib/et'
making all in lib/ss
make[2]: Entering directory '/sources/e2fsprogs-1.43.7/build/lib/ss'
make[2]: Nothing to be done for 'all'.
make[2]: Leaving directory '/sources/e2fsprogs-1.43.7/build/lib/ss'
making all in lib/e2p
make[2]: Entering directory '/sources/e2fsprogs-1.43.7/build/lib/e2p'
make[2]: Nothing to be done for 'all'.
make[2]: Leaving directory '/sources/e2fsprogs-1.43.7/build/lib/e2p'
making all in lib/support
make[2]: Entering directory '/sources/e2fsprogs-1.43.7/build/lib/support'
make[2]: Nothing to be done for 'all'.
make[2]: Leaving directory '/sources/e2fsprogs-1.43.7/build/lib/support'
making all in lib/ext2fs
make[2]: Entering directory '/sources/e2fsprogs-1.43.7/build/lib/ext2fs'
make[2]: Nothing to be done for 'all'.
make[2]: Leaving directory '/sources/e2fsprogs-1.43.7/build/lib/ext2fs'
making all in intl
make[2]: Entering directory '/sources/e2fsprogs-1.43.7/build/intl'
make[2]: Nothing to be done for 'all'.
make[2]: Leaving directory '/sources/e2fsprogs-1.43.7/build/intl'
making all in e2fsck
make[2]: Entering directory '/sources/e2fsprogs-1.43.7/build/e2fsck'
	CC ../../e2fsck/unix.c
	CC ../../e2fsck/e2fsck.c
	CC ../../e2fsck/super.c
	CC ../../e2fsck/pass1.c
	CC ../../e2fsck/pass1b.c
	CC ../../e2fsck/pass2.c
	CC ../../e2fsck/pass3.c
	CC ../../e2fsck/pass4.c
	CC ../../e2fsck/pass5.c
	CC ../../e2fsck/journal.c
	CC ../../e2fsck/badblocks.c
	CC ../../e2fsck/util.c
	CC ../../e2fsck/dirinfo.c
	CC ../../e2fsck/dx_dirinfo.c
	CC ../../e2fsck/ehandler.c
	CC ../../e2fsck/problem.c
	CC ../../e2fsck/message.c
	CC ../../e2fsck/quota.c
	CC ../../e2fsck/recovery.c
	CC ../../e2fsck/region.c
	CC ../../e2fsck/revoke.c
	CC ../../e2fsck/ea_refcount.c
	CC ../../e2fsck/rehash.c
	CC ../../e2fsck/logfile.c
	CC ../../e2fsck/sigcatcher.c
	CC ../../e2fsck/readahead.c
	CC ../../e2fsck/extents.c
	LD e2fsck
	SUBST e2fsck.8
	SUBST e2fsck.conf.5
make[2]: Leaving directory '/sources/e2fsprogs-1.43.7/build/e2fsck'
making all in debugfs
make[2]: Entering directory '/sources/e2fsprogs-1.43.7/build/debugfs'
	MK_CMDS debug_cmds.c
	CC debug_cmds.c
	CC ../../debugfs/debugfs.c
	CC ../../debugfs/util.c
	CC ../../debugfs/ncheck.c
	CC ../../debugfs/icheck.c
	CC ../../debugfs/ls.c
	CC ../../debugfs/lsdel.c
	CC ../../debugfs/dump.c
	CC ../../debugfs/set_fields.c
	CC ../../debugfs/logdump.c
	CC ../../debugfs/htree.c
	CC ../../debugfs/unused.c
	CC e2freefrag.o
	CC ../../debugfs/filefrag.c
	MK_CMDS extent_cmds.c
	CC extent_cmds.c
	CC ../../debugfs/extent_inode.c
	CC ../../debugfs/zap.c
	CC create_inode.o
	CC ../../debugfs/quota.c
	CC ../../debugfs/xattrs.c
	CC ../../debugfs/journal.c
	CC revoke.o
	CC recovery.o
	CC ../../debugfs/do_journal.c
	LD debugfs
	SUBST debugfs.8
make[2]: Leaving directory '/sources/e2fsprogs-1.43.7/build/debugfs'
making all in misc
make[2]: Entering directory '/sources/e2fsprogs-1.43.7/build/misc'
	CC ../../misc/mke2fs.c
	CC ../../misc/util.c
if test -f ../../misc/mke2fs.conf.custom.in ; then \
	cp ../../misc/mke2fs.conf.custom.in mke2fs.conf; \
else \
	cp ../../misc/mke2fs.conf.in mke2fs.conf; \
fi
	PROFILE_TO_C mke2fs.conf
	CC default_profile.c
	CC ../../misc/mk_hugefiles.c
	CC ../../misc/create_inode.c
	LD mke2fs
	CC ../../misc/badblocks.c
	LD badblocks
	CC ../../misc/tune2fs.c
	CC journal.o
	CC recovery.o
	CC revoke.o
	LD tune2fs
	CC ../../misc/dumpe2fs.c
	LD dumpe2fs
	CC ../../misc/logsave.c
	LD logsave
	CC ../../misc/e2image.c
	LD e2image
	CC ../../misc/e2undo.c
	LD e2undo
	CC ../../misc/chattr.c
	LD chattr
	CC ../../misc/lsattr.c
	LD lsattr
	CC ../../misc/mklost+found.c
	LD mklost+found
	CC ../../misc/filefrag.c
	LD filefrag
	CC ../../misc/e2freefrag.c
	LD e2freefrag
	CC ../../misc/e4defrag.c
	LD e4defrag
	CC ../../misc/e4crypt.c
	LD e4crypt
	SUBST tune2fs.8
	SUBST mklost+found.8
	SUBST mke2fs.8
	SUBST dumpe2fs.8
	SUBST badblocks.8
	SUBST e2label.8
	SUBST e2image.8
	SUBST logsave.8
	SUBST filefrag.8
	SUBST e2freefrag.8
	SUBST e2undo.8
	SUBST e4defrag.8
	SUBST e4crypt.8
	SUBST chattr.1
	SUBST lsattr.1
	SUBST mke2fs.conf.5
	SUBST ext4.5
	CC ../../misc/e2initrd_helper.c
	LD e2initrd_helper
	CC ../../misc/e2fuzz.c
	LD e2fuzz
make[2]: Leaving directory '/sources/e2fsprogs-1.43.7/build/misc'
making all in resize
make[2]: Entering directory '/sources/e2fsprogs-1.43.7/build/resize'
	CC ../../resize/extent.c
	CC ../../resize/resize2fs.c
	CC ../../resize/main.c
	CC ../../resize/online.c
	CC ../../resize/resource_track.c
	CC ../../resize/sim_progress.c
	LD resize2fs
	CC ../../resize/test_extent.c
	LD test_extent
	SUBST resize2fs.8
make[2]: Leaving directory '/sources/e2fsprogs-1.43.7/build/resize'
making all in tests/progs
make[2]: Entering directory '/sources/e2fsprogs-1.43.7/build/tests/progs'
	CC ../../../tests/progs/test_icount.c
	MK_CMDS test_icount_cmds.c
	CC test_icount_cmds.c
	LD test_icount
	CC ../../../tests/progs/crcsum.c
	LD crcsum
make[2]: Leaving directory '/sources/e2fsprogs-1.43.7/build/tests/progs'
making all in po
make[2]: Entering directory '/sources/e2fsprogs-1.43.7/build/po'
make[2]: Nothing to be done for 'all'.
make[2]: Leaving directory '/sources/e2fsprogs-1.43.7/build/po'
make[1]: Leaving directory '/sources/e2fsprogs-1.43.7/build'
make docs
make[1]: Entering directory '/sources/e2fsprogs-1.43.7/build'
make[2]: Entering directory '/sources/e2fsprogs-1.43.7/build/doc'
	MAKEINFO libext2fs.info
make[2]: Leaving directory '/sources/e2fsprogs-1.43.7/build/doc'
make[1]: Leaving directory '/sources/e2fsprogs-1.43.7/build'
