configure: No --program-prefix given, using "eu-"
checking for a BSD-compatible install... /usr/bin/install -c
checking whether build environment is sane... yes
checking for a thread-safe mkdir -p... /tools/bin/mkdir -p
checking for gawk... gawk
checking whether make sets $(MAKE)... yes
checking whether make supports nested variables... yes
checking whether to enable maintainer-specific portions of Makefiles... no
checking whether make supports nested variables... (cached) yes
checking build system type... x86_64-pc-linux-gnu
checking host system type... x86_64-pc-linux-gnu
checking for gcc... gcc
checking whether the C compiler works... yes
checking for C compiler default output file name... a.out
checking for suffix of executables... 
checking whether we are cross compiling... no
checking for suffix of object files... o
checking whether we are using the GNU C compiler... yes
checking whether gcc accepts -g... yes
checking for gcc option to accept ISO C89... none needed
checking whether gcc understands -c and -o together... yes
checking for style of include used by make... GNU
checking dependency style of gcc... gcc3
checking for ranlib... ranlib
checking for bison... bison -y
checking for flex... flex
checking lex output file root... lex.yy
checking lex library... -lfl
checking whether yytext is a pointer... yes
checking for ar... ar
checking the archiver (ar) interface... ar
checking for readelf... readelf
checking for nm... nm
checking for gcc with GNU99 support... yes
checking for __thread support... yes
checking for special C compiler options needed for large files... no
checking for _FILE_OFFSET_BITS value needed for large files... no
checking whether fts.h is bad when included (with LFS)... no
checking whether to add -D_FORTIFY_SOURCE=2 to CFLAGS... yes
checking for library containing gzdirect... -lz
checking for library containing BZ2_bzdopen... -lbz2
checking for library containing lzma_auto_decoder... -llzma
checking whether memrchr is declared... yes
checking whether rawmemchr is declared... yes
checking whether powerof2 is declared... yes
checking whether mempcpy is declared... yes
checking for __cxa_demangle in -lstdc++... yes
checking whether gcc accepts -Wstack-usage... yes
checking whether gcc has a sane -Wlogical-op... yes
checking whether gcc accepts -Wduplicated-cond... yes
checking whether gcc accepts -Wnull-dereference... yes
checking whether gcc accepts -Wimplicit-fallthrough... yes
checking whether NLS is requested... yes
checking for msgfmt... /usr/bin/msgfmt
checking for gmsgfmt... /usr/bin/msgfmt
checking for xgettext... /usr/bin/xgettext
checking for msgmerge... /usr/bin/msgmerge
checking how to run the C preprocessor... gcc -E
checking for grep that handles long lines and -e... /usr/bin/grep
checking for egrep... /usr/bin/grep -E
checking for ANSI C header files... yes
checking for sys/types.h... yes
checking for sys/stat.h... yes
checking for stdlib.h... yes
checking for string.h... yes
checking for memory.h... yes
checking for strings.h... yes
checking for inttypes.h... yes
checking for stdint.h... yes
checking for unistd.h... yes
checking size of long... 8
checking for struct user_regs_struct... yes
checking gcc option for 32-bit word size... -m32
checking for 64-bit host... yes
checking whether gcc -m32 makes executables we can run... no
configure: WARNING: not running biarch tests, gcc -m32 does not work
checking for bunzip2... yes
checking that generated files are newer than configure... done
configure: creating ./config.status
config.status: creating config/Makefile
config.status: creating Makefile
config.status: creating m4/Makefile
config.status: creating elfutils.spec
config.status: creating lib/Makefile
config.status: creating libelf/Makefile
config.status: creating libebl/Makefile
config.status: creating libdwelf/Makefile
config.status: creating libdw/Makefile
config.status: creating libdwfl/Makefile
config.status: creating libcpu/Makefile
config.status: creating libasm/Makefile
config.status: creating backends/Makefile
config.status: creating src/Makefile
config.status: creating po/Makefile.in
config.status: creating tests/Makefile
config.status: creating config/libelf.pc
config.status: creating config/libdw.pc
config.status: creating version.h
config.status: creating config.h
config.status: executing depfiles commands
config.status: executing po-directories commands
config.status: creating po/POTFILES
config.status: creating po/Makefile
configure:
=====================================================================
        elfutils: 0.170 (eu_version: 170)
=====================================================================

    Prefix                             : /usr
    Program prefix ("eu-" recommended) : eu-
    Source code location               : ..
    Maintainer mode                    : 
    libebl modules subdirectory        : elfutils
    build arch                         : x86_64-pc-linux-gnu

  RECOMMENDED FEATURES (should all be yes)
    gzip support                       : yes
    bzip2 support                      : yes
    lzma/xz support                    : yes
    libstdc++ demangle support         : yes
    File textrel check                 : yes
    Symbol versioning                  : yes

  NOT RECOMMENDED FEATURES (should all be no)
    Experimental thread safety         : no

  OTHER FEATURES
    Deterministic archives by default  : false
    Native language support            : yes

  EXTRA TEST FEATURES (used with make check)
    have bunzip2 installed (required)  : yes
    debug branch prediction            : no
    gprof support                      : no
    gcov support                       : no
    run all tests under valgrind       : no
    gcc undefined behaviour sanitizer  : no
    use rpath in tests                 : no
    test biarch                        : no

