Making install in src
make[1]: Entering directory '/sources/file-5.32/build/src'
make  install-am
make[2]: Entering directory '/sources/file-5.32/build/src'
make[3]: Entering directory '/sources/file-5.32/build/src'
 /tools/bin/mkdir -p '/usr/lib'
 /bin/sh ../libtool   --mode=install /usr/bin/install -c   libmagic.la '/usr/lib'
libtool: install: /usr/bin/install -c .libs/libmagic.so.1.0.0 /usr/lib/libmagic.so.1.0.0
libtool: install: (cd /usr/lib && { ln -s -f libmagic.so.1.0.0 libmagic.so.1 || { rm -f libmagic.so.1 && ln -s libmagic.so.1.0.0 libmagic.so.1; }; })
libtool: install: (cd /usr/lib && { ln -s -f libmagic.so.1.0.0 libmagic.so || { rm -f libmagic.so && ln -s libmagic.so.1.0.0 libmagic.so; }; })
libtool: install: /usr/bin/install -c .libs/libmagic.lai /usr/lib/libmagic.la
libtool: finish: PATH="/bin:/usr/bin:/sbin:/usr/sbin:/tools/bin:/sbin" ldconfig -n /usr/lib
----------------------------------------------------------------------
Libraries have been installed in:
   /usr/lib

If you ever happen to want to link against installed libraries
in a given directory, LIBDIR, you must either use libtool, and
specify the full pathname of the library, or use the `-LLIBDIR'
flag during linking and do at least one of the following:
   - add LIBDIR to the `LD_LIBRARY_PATH' environment variable
     during execution
   - add LIBDIR to the `LD_RUN_PATH' environment variable
     during linking
   - use the `-Wl,-rpath -Wl,LIBDIR' linker flag
   - have your system administrator add LIBDIR to `/etc/ld.so.conf'

See any operating system documentation about shared libraries for
more information, such as the ld(1) and ld.so(8) manual pages.
----------------------------------------------------------------------
 /tools/bin/mkdir -p '/usr/bin'
  /bin/sh ../libtool   --mode=install /usr/bin/install -c file '/usr/bin'
libtool: install: /usr/bin/install -c .libs/file /usr/bin/file
 /tools/bin/mkdir -p '/usr/include'
 /usr/bin/install -c -m 644 magic.h '/usr/include'
make[3]: Leaving directory '/sources/file-5.32/build/src'
make[2]: Leaving directory '/sources/file-5.32/build/src'
make[1]: Leaving directory '/sources/file-5.32/build/src'
Making install in magic
make[1]: Entering directory '/sources/file-5.32/build/magic'
make[2]: Entering directory '/sources/file-5.32/build/magic'
make[2]: Nothing to be done for 'install-exec-am'.
 /tools/bin/mkdir -p '/usr/share/misc'
 /usr/bin/install -c -m 644 magic.mgc '/usr/share/misc'
make[2]: Leaving directory '/sources/file-5.32/build/magic'
make[1]: Leaving directory '/sources/file-5.32/build/magic'
Making install in tests
make[1]: Entering directory '/sources/file-5.32/build/tests'
make[2]: Entering directory '/sources/file-5.32/build/tests'
make[2]: Nothing to be done for 'install-exec-am'.
make[2]: Nothing to be done for 'install-data-am'.
make[2]: Leaving directory '/sources/file-5.32/build/tests'
make[1]: Leaving directory '/sources/file-5.32/build/tests'
Making install in doc
make[1]: Entering directory '/sources/file-5.32/build/doc'
make[2]: Entering directory '/sources/file-5.32/build/doc'
make[2]: Nothing to be done for 'install-exec-am'.
 /tools/bin/mkdir -p '/usr/share/man/man1'
 /usr/bin/install -c -m 644 file.1 '/usr/share/man/man1'
 /tools/bin/mkdir -p '/usr/share/man/man3'
 /usr/bin/install -c -m 644 libmagic.3 '/usr/share/man/man3'
 /tools/bin/mkdir -p '/usr/share/man/man4'
 /usr/bin/install -c -m 644 magic.4 '/usr/share/man/man4'
 /tools/bin/mkdir -p '/usr/share/man/man5'
make[2]: Leaving directory '/sources/file-5.32/build/doc'
make[1]: Leaving directory '/sources/file-5.32/build/doc'
Making install in python
make[1]: Entering directory '/sources/file-5.32/build/python'
make[2]: Entering directory '/sources/file-5.32/build/python'
make[2]: Nothing to be done for 'install-exec-am'.
make[2]: Nothing to be done for 'install-data-am'.
make[2]: Leaving directory '/sources/file-5.32/build/python'
make[1]: Leaving directory '/sources/file-5.32/build/python'
make[1]: Entering directory '/sources/file-5.32/build'
make[2]: Entering directory '/sources/file-5.32/build'
make[2]: Nothing to be done for 'install-exec-am'.
make[2]: Nothing to be done for 'install-data-am'.
make[2]: Leaving directory '/sources/file-5.32/build'
make[1]: Leaving directory '/sources/file-5.32/build'
