Making all in src
make[1]: Entering directory '/sources/flex-2.6.4/build/src'
make  all-am
make[2]: Entering directory '/sources/flex-2.6.4/build/src'
depbase=`echo libmain.lo | sed 's|[^/]*$|.deps/&|;s|\.lo$||'`;\
/bin/sh ../libtool  --tag=CC   --mode=compile gcc -DHAVE_CONFIG_H -I. -I../../src  -DLOCALEDIR=\"/usr/share/locale\"   -g -O2 -MT libmain.lo -MD -MP -MF $depbase.Tpo -c -o libmain.lo ../../src/libmain.c &&\
mv -f $depbase.Tpo $depbase.Plo
libtool: compile:  gcc -DHAVE_CONFIG_H -I. -I../../src -DLOCALEDIR=\"/usr/share/locale\" -g -O2 -MT libmain.lo -MD -MP -MF .deps/libmain.Tpo -c ../../src/libmain.c  -fPIC -DPIC -o .libs/libmain.o
libtool: compile:  gcc -DHAVE_CONFIG_H -I. -I../../src -DLOCALEDIR=\"/usr/share/locale\" -g -O2 -MT libmain.lo -MD -MP -MF .deps/libmain.Tpo -c ../../src/libmain.c -o libmain.o >/dev/null 2>&1
depbase=`echo libyywrap.lo | sed 's|[^/]*$|.deps/&|;s|\.lo$||'`;\
/bin/sh ../libtool  --tag=CC   --mode=compile gcc -DHAVE_CONFIG_H -I. -I../../src  -DLOCALEDIR=\"/usr/share/locale\"   -g -O2 -MT libyywrap.lo -MD -MP -MF $depbase.Tpo -c -o libyywrap.lo ../../src/libyywrap.c &&\
mv -f $depbase.Tpo $depbase.Plo
libtool: compile:  gcc -DHAVE_CONFIG_H -I. -I../../src -DLOCALEDIR=\"/usr/share/locale\" -g -O2 -MT libyywrap.lo -MD -MP -MF .deps/libyywrap.Tpo -c ../../src/libyywrap.c  -fPIC -DPIC -o .libs/libyywrap.o
libtool: compile:  gcc -DHAVE_CONFIG_H -I. -I../../src -DLOCALEDIR=\"/usr/share/locale\" -g -O2 -MT libyywrap.lo -MD -MP -MF .deps/libyywrap.Tpo -c ../../src/libyywrap.c -o libyywrap.o >/dev/null 2>&1
/bin/sh ../libtool  --tag=CC   --mode=link gcc  -g -O2 -version-info 2:0:0  -o libfl.la -rpath /usr/lib libmain.lo libyywrap.lo  -lm 
libtool: link: gcc -shared  -fPIC -DPIC  .libs/libmain.o .libs/libyywrap.o   -lm  -g -O2   -Wl,-soname -Wl,libfl.so.2 -o .libs/libfl.so.2.0.0
libtool: link: (cd ".libs" && rm -f "libfl.so.2" && ln -s "libfl.so.2.0.0" "libfl.so.2")
libtool: link: (cd ".libs" && rm -f "libfl.so" && ln -s "libfl.so.2.0.0" "libfl.so")
libtool: link: ar cru .libs/libfl.a  libmain.o libyywrap.o
libtool: link: ranlib .libs/libfl.a
libtool: link: ( cd ".libs" && rm -f "libfl.la" && ln -s "../libfl.la" "libfl.la" )
gcc -DHAVE_CONFIG_H -I. -I../../src  -DLOCALEDIR=\"/usr/share/locale\"    -g -O2 -MT flex-buf.o -MD -MP -MF .deps/flex-buf.Tpo -c -o flex-buf.o `test -f 'buf.c' || echo '../../src/'`buf.c
mv -f .deps/flex-buf.Tpo .deps/flex-buf.Po
gcc -DHAVE_CONFIG_H -I. -I../../src  -DLOCALEDIR=\"/usr/share/locale\"    -g -O2 -MT flex-ccl.o -MD -MP -MF .deps/flex-ccl.Tpo -c -o flex-ccl.o `test -f 'ccl.c' || echo '../../src/'`ccl.c
mv -f .deps/flex-ccl.Tpo .deps/flex-ccl.Po
gcc -DHAVE_CONFIG_H -I. -I../../src  -DLOCALEDIR=\"/usr/share/locale\"    -g -O2 -MT flex-dfa.o -MD -MP -MF .deps/flex-dfa.Tpo -c -o flex-dfa.o `test -f 'dfa.c' || echo '../../src/'`dfa.c
mv -f .deps/flex-dfa.Tpo .deps/flex-dfa.Po
gcc -DHAVE_CONFIG_H -I. -I../../src  -DLOCALEDIR=\"/usr/share/locale\"    -g -O2 -MT flex-ecs.o -MD -MP -MF .deps/flex-ecs.Tpo -c -o flex-ecs.o `test -f 'ecs.c' || echo '../../src/'`ecs.c
mv -f .deps/flex-ecs.Tpo .deps/flex-ecs.Po
gcc -DHAVE_CONFIG_H -I. -I../../src  -DLOCALEDIR=\"/usr/share/locale\"    -g -O2 -MT flex-filter.o -MD -MP -MF .deps/flex-filter.Tpo -c -o flex-filter.o `test -f 'filter.c' || echo '../../src/'`filter.c
mv -f .deps/flex-filter.Tpo .deps/flex-filter.Po
gcc -DHAVE_CONFIG_H -I. -I../../src  -DLOCALEDIR=\"/usr/share/locale\"    -g -O2 -MT flex-gen.o -MD -MP -MF .deps/flex-gen.Tpo -c -o flex-gen.o `test -f 'gen.c' || echo '../../src/'`gen.c
mv -f .deps/flex-gen.Tpo .deps/flex-gen.Po
gcc -DHAVE_CONFIG_H -I. -I../../src  -DLOCALEDIR=\"/usr/share/locale\"    -g -O2 -MT flex-main.o -MD -MP -MF .deps/flex-main.Tpo -c -o flex-main.o `test -f 'main.c' || echo '../../src/'`main.c
mv -f .deps/flex-main.Tpo .deps/flex-main.Po
gcc -DHAVE_CONFIG_H -I. -I../../src  -DLOCALEDIR=\"/usr/share/locale\"    -g -O2 -MT flex-misc.o -MD -MP -MF .deps/flex-misc.Tpo -c -o flex-misc.o `test -f 'misc.c' || echo '../../src/'`misc.c
mv -f .deps/flex-misc.Tpo .deps/flex-misc.Po
gcc -DHAVE_CONFIG_H -I. -I../../src  -DLOCALEDIR=\"/usr/share/locale\"    -g -O2 -MT flex-nfa.o -MD -MP -MF .deps/flex-nfa.Tpo -c -o flex-nfa.o `test -f 'nfa.c' || echo '../../src/'`nfa.c
mv -f .deps/flex-nfa.Tpo .deps/flex-nfa.Po
gcc -DHAVE_CONFIG_H -I. -I../../src  -DLOCALEDIR=\"/usr/share/locale\"    -g -O2 -MT flex-options.o -MD -MP -MF .deps/flex-options.Tpo -c -o flex-options.o `test -f 'options.c' || echo '../../src/'`options.c
mv -f .deps/flex-options.Tpo .deps/flex-options.Po
gcc -DHAVE_CONFIG_H -I. -I../../src  -DLOCALEDIR=\"/usr/share/locale\"    -g -O2 -MT flex-parse.o -MD -MP -MF .deps/flex-parse.Tpo -c -o flex-parse.o `test -f 'parse.c' || echo '../../src/'`parse.c
mv -f .deps/flex-parse.Tpo .deps/flex-parse.Po
gcc -DHAVE_CONFIG_H -I. -I../../src  -DLOCALEDIR=\"/usr/share/locale\"    -g -O2 -MT flex-regex.o -MD -MP -MF .deps/flex-regex.Tpo -c -o flex-regex.o `test -f 'regex.c' || echo '../../src/'`regex.c
mv -f .deps/flex-regex.Tpo .deps/flex-regex.Po
gcc -DHAVE_CONFIG_H -I. -I../../src  -DLOCALEDIR=\"/usr/share/locale\"    -g -O2 -MT flex-scanflags.o -MD -MP -MF .deps/flex-scanflags.Tpo -c -o flex-scanflags.o `test -f 'scanflags.c' || echo '../../src/'`scanflags.c
mv -f .deps/flex-scanflags.Tpo .deps/flex-scanflags.Po
gcc -DHAVE_CONFIG_H -I. -I../../src  -DLOCALEDIR=\"/usr/share/locale\"    -g -O2 -MT flex-scanopt.o -MD -MP -MF .deps/flex-scanopt.Tpo -c -o flex-scanopt.o `test -f 'scanopt.c' || echo '../../src/'`scanopt.c
mv -f .deps/flex-scanopt.Tpo .deps/flex-scanopt.Po
gcc -DHAVE_CONFIG_H -I. -I../../src  -DLOCALEDIR=\"/usr/share/locale\"    -g -O2 -MT flex-skel.o -MD -MP -MF .deps/flex-skel.Tpo -c -o flex-skel.o `test -f 'skel.c' || echo '../../src/'`skel.c
mv -f .deps/flex-skel.Tpo .deps/flex-skel.Po
gcc -DHAVE_CONFIG_H -I. -I../../src  -DLOCALEDIR=\"/usr/share/locale\"    -g -O2 -MT flex-sym.o -MD -MP -MF .deps/flex-sym.Tpo -c -o flex-sym.o `test -f 'sym.c' || echo '../../src/'`sym.c
mv -f .deps/flex-sym.Tpo .deps/flex-sym.Po
gcc -DHAVE_CONFIG_H -I. -I../../src  -DLOCALEDIR=\"/usr/share/locale\"    -g -O2 -MT flex-tables.o -MD -MP -MF .deps/flex-tables.Tpo -c -o flex-tables.o `test -f 'tables.c' || echo '../../src/'`tables.c
mv -f .deps/flex-tables.Tpo .deps/flex-tables.Po
gcc -DHAVE_CONFIG_H -I. -I../../src  -DLOCALEDIR=\"/usr/share/locale\"    -g -O2 -MT flex-tables_shared.o -MD -MP -MF .deps/flex-tables_shared.Tpo -c -o flex-tables_shared.o `test -f 'tables_shared.c' || echo '../../src/'`tables_shared.c
mv -f .deps/flex-tables_shared.Tpo .deps/flex-tables_shared.Po
gcc -DHAVE_CONFIG_H -I. -I../../src  -DLOCALEDIR=\"/usr/share/locale\"    -g -O2 -MT flex-tblcmp.o -MD -MP -MF .deps/flex-tblcmp.Tpo -c -o flex-tblcmp.o `test -f 'tblcmp.c' || echo '../../src/'`tblcmp.c
mv -f .deps/flex-tblcmp.Tpo .deps/flex-tblcmp.Po
gcc -DHAVE_CONFIG_H -I. -I../../src  -DLOCALEDIR=\"/usr/share/locale\"    -g -O2 -MT flex-yylex.o -MD -MP -MF .deps/flex-yylex.Tpo -c -o flex-yylex.o `test -f 'yylex.c' || echo '../../src/'`yylex.c
mv -f .deps/flex-yylex.Tpo .deps/flex-yylex.Po
gcc -DHAVE_CONFIG_H -I. -I../../src  -DLOCALEDIR=\"/usr/share/locale\"   -g -O2 -MT stage1flex-scan.o -MD -MP -MF .deps/stage1flex-scan.Tpo -c -o stage1flex-scan.o `test -f 'scan.c' || echo '../../src/'`scan.c
mv -f .deps/stage1flex-scan.Tpo .deps/stage1flex-scan.Po
gcc -DHAVE_CONFIG_H -I. -I../../src  -DLOCALEDIR=\"/usr/share/locale\"   -g -O2 -MT stage1flex-buf.o -MD -MP -MF .deps/stage1flex-buf.Tpo -c -o stage1flex-buf.o `test -f 'buf.c' || echo '../../src/'`buf.c
mv -f .deps/stage1flex-buf.Tpo .deps/stage1flex-buf.Po
gcc -DHAVE_CONFIG_H -I. -I../../src  -DLOCALEDIR=\"/usr/share/locale\"   -g -O2 -MT stage1flex-ccl.o -MD -MP -MF .deps/stage1flex-ccl.Tpo -c -o stage1flex-ccl.o `test -f 'ccl.c' || echo '../../src/'`ccl.c
mv -f .deps/stage1flex-ccl.Tpo .deps/stage1flex-ccl.Po
gcc -DHAVE_CONFIG_H -I. -I../../src  -DLOCALEDIR=\"/usr/share/locale\"   -g -O2 -MT stage1flex-dfa.o -MD -MP -MF .deps/stage1flex-dfa.Tpo -c -o stage1flex-dfa.o `test -f 'dfa.c' || echo '../../src/'`dfa.c
mv -f .deps/stage1flex-dfa.Tpo .deps/stage1flex-dfa.Po
gcc -DHAVE_CONFIG_H -I. -I../../src  -DLOCALEDIR=\"/usr/share/locale\"   -g -O2 -MT stage1flex-ecs.o -MD -MP -MF .deps/stage1flex-ecs.Tpo -c -o stage1flex-ecs.o `test -f 'ecs.c' || echo '../../src/'`ecs.c
mv -f .deps/stage1flex-ecs.Tpo .deps/stage1flex-ecs.Po
gcc -DHAVE_CONFIG_H -I. -I../../src  -DLOCALEDIR=\"/usr/share/locale\"   -g -O2 -MT stage1flex-filter.o -MD -MP -MF .deps/stage1flex-filter.Tpo -c -o stage1flex-filter.o `test -f 'filter.c' || echo '../../src/'`filter.c
mv -f .deps/stage1flex-filter.Tpo .deps/stage1flex-filter.Po
gcc -DHAVE_CONFIG_H -I. -I../../src  -DLOCALEDIR=\"/usr/share/locale\"   -g -O2 -MT stage1flex-gen.o -MD -MP -MF .deps/stage1flex-gen.Tpo -c -o stage1flex-gen.o `test -f 'gen.c' || echo '../../src/'`gen.c
mv -f .deps/stage1flex-gen.Tpo .deps/stage1flex-gen.Po
gcc -DHAVE_CONFIG_H -I. -I../../src  -DLOCALEDIR=\"/usr/share/locale\"   -g -O2 -MT stage1flex-main.o -MD -MP -MF .deps/stage1flex-main.Tpo -c -o stage1flex-main.o `test -f 'main.c' || echo '../../src/'`main.c
mv -f .deps/stage1flex-main.Tpo .deps/stage1flex-main.Po
gcc -DHAVE_CONFIG_H -I. -I../../src  -DLOCALEDIR=\"/usr/share/locale\"   -g -O2 -MT stage1flex-misc.o -MD -MP -MF .deps/stage1flex-misc.Tpo -c -o stage1flex-misc.o `test -f 'misc.c' || echo '../../src/'`misc.c
mv -f .deps/stage1flex-misc.Tpo .deps/stage1flex-misc.Po
gcc -DHAVE_CONFIG_H -I. -I../../src  -DLOCALEDIR=\"/usr/share/locale\"   -g -O2 -MT stage1flex-nfa.o -MD -MP -MF .deps/stage1flex-nfa.Tpo -c -o stage1flex-nfa.o `test -f 'nfa.c' || echo '../../src/'`nfa.c
mv -f .deps/stage1flex-nfa.Tpo .deps/stage1flex-nfa.Po
gcc -DHAVE_CONFIG_H -I. -I../../src  -DLOCALEDIR=\"/usr/share/locale\"   -g -O2 -MT stage1flex-options.o -MD -MP -MF .deps/stage1flex-options.Tpo -c -o stage1flex-options.o `test -f 'options.c' || echo '../../src/'`options.c
mv -f .deps/stage1flex-options.Tpo .deps/stage1flex-options.Po
gcc -DHAVE_CONFIG_H -I. -I../../src  -DLOCALEDIR=\"/usr/share/locale\"   -g -O2 -MT stage1flex-parse.o -MD -MP -MF .deps/stage1flex-parse.Tpo -c -o stage1flex-parse.o `test -f 'parse.c' || echo '../../src/'`parse.c
mv -f .deps/stage1flex-parse.Tpo .deps/stage1flex-parse.Po
gcc -DHAVE_CONFIG_H -I. -I../../src  -DLOCALEDIR=\"/usr/share/locale\"   -g -O2 -MT stage1flex-regex.o -MD -MP -MF .deps/stage1flex-regex.Tpo -c -o stage1flex-regex.o `test -f 'regex.c' || echo '../../src/'`regex.c
mv -f .deps/stage1flex-regex.Tpo .deps/stage1flex-regex.Po
gcc -DHAVE_CONFIG_H -I. -I../../src  -DLOCALEDIR=\"/usr/share/locale\"   -g -O2 -MT stage1flex-scanflags.o -MD -MP -MF .deps/stage1flex-scanflags.Tpo -c -o stage1flex-scanflags.o `test -f 'scanflags.c' || echo '../../src/'`scanflags.c
mv -f .deps/stage1flex-scanflags.Tpo .deps/stage1flex-scanflags.Po
gcc -DHAVE_CONFIG_H -I. -I../../src  -DLOCALEDIR=\"/usr/share/locale\"   -g -O2 -MT stage1flex-scanopt.o -MD -MP -MF .deps/stage1flex-scanopt.Tpo -c -o stage1flex-scanopt.o `test -f 'scanopt.c' || echo '../../src/'`scanopt.c
mv -f .deps/stage1flex-scanopt.Tpo .deps/stage1flex-scanopt.Po
gcc -DHAVE_CONFIG_H -I. -I../../src  -DLOCALEDIR=\"/usr/share/locale\"   -g -O2 -MT stage1flex-skel.o -MD -MP -MF .deps/stage1flex-skel.Tpo -c -o stage1flex-skel.o `test -f 'skel.c' || echo '../../src/'`skel.c
mv -f .deps/stage1flex-skel.Tpo .deps/stage1flex-skel.Po
gcc -DHAVE_CONFIG_H -I. -I../../src  -DLOCALEDIR=\"/usr/share/locale\"   -g -O2 -MT stage1flex-sym.o -MD -MP -MF .deps/stage1flex-sym.Tpo -c -o stage1flex-sym.o `test -f 'sym.c' || echo '../../src/'`sym.c
mv -f .deps/stage1flex-sym.Tpo .deps/stage1flex-sym.Po
gcc -DHAVE_CONFIG_H -I. -I../../src  -DLOCALEDIR=\"/usr/share/locale\"   -g -O2 -MT stage1flex-tables.o -MD -MP -MF .deps/stage1flex-tables.Tpo -c -o stage1flex-tables.o `test -f 'tables.c' || echo '../../src/'`tables.c
mv -f .deps/stage1flex-tables.Tpo .deps/stage1flex-tables.Po
gcc -DHAVE_CONFIG_H -I. -I../../src  -DLOCALEDIR=\"/usr/share/locale\"   -g -O2 -MT stage1flex-tables_shared.o -MD -MP -MF .deps/stage1flex-tables_shared.Tpo -c -o stage1flex-tables_shared.o `test -f 'tables_shared.c' || echo '../../src/'`tables_shared.c
mv -f .deps/stage1flex-tables_shared.Tpo .deps/stage1flex-tables_shared.Po
gcc -DHAVE_CONFIG_H -I. -I../../src  -DLOCALEDIR=\"/usr/share/locale\"   -g -O2 -MT stage1flex-tblcmp.o -MD -MP -MF .deps/stage1flex-tblcmp.Tpo -c -o stage1flex-tblcmp.o `test -f 'tblcmp.c' || echo '../../src/'`tblcmp.c
mv -f .deps/stage1flex-tblcmp.Tpo .deps/stage1flex-tblcmp.Po
gcc -DHAVE_CONFIG_H -I. -I../../src  -DLOCALEDIR=\"/usr/share/locale\"   -g -O2 -MT stage1flex-yylex.o -MD -MP -MF .deps/stage1flex-yylex.Tpo -c -o stage1flex-yylex.o `test -f 'yylex.c' || echo '../../src/'`yylex.c
mv -f .deps/stage1flex-yylex.Tpo .deps/stage1flex-yylex.Po
/bin/sh ../libtool  --tag=CC   --mode=link gcc  -g -O2   -o stage1flex stage1flex-scan.o stage1flex-buf.o stage1flex-ccl.o stage1flex-dfa.o stage1flex-ecs.o stage1flex-filter.o stage1flex-gen.o stage1flex-main.o stage1flex-misc.o stage1flex-nfa.o stage1flex-options.o stage1flex-parse.o stage1flex-regex.o stage1flex-scanflags.o stage1flex-scanopt.o stage1flex-skel.o stage1flex-sym.o stage1flex-tables.o stage1flex-tables_shared.o stage1flex-tblcmp.o stage1flex-yylex.o    -lm 
libtool: link: gcc -g -O2 -o stage1flex stage1flex-scan.o stage1flex-buf.o stage1flex-ccl.o stage1flex-dfa.o stage1flex-ecs.o stage1flex-filter.o stage1flex-gen.o stage1flex-main.o stage1flex-misc.o stage1flex-nfa.o stage1flex-options.o stage1flex-parse.o stage1flex-regex.o stage1flex-scanflags.o stage1flex-scanopt.o stage1flex-skel.o stage1flex-sym.o stage1flex-tables.o stage1flex-tables_shared.o stage1flex-tblcmp.o stage1flex-yylex.o  -lm
./stage1flex   -o stage1scan.c ../../src/scan.l
gcc -DHAVE_CONFIG_H -I. -I../../src  -DLOCALEDIR=\"/usr/share/locale\"    -g -O2 -MT flex-stage1scan.o -MD -MP -MF .deps/flex-stage1scan.Tpo -c -o flex-stage1scan.o `test -f 'stage1scan.c' || echo '../../src/'`stage1scan.c
mv -f .deps/flex-stage1scan.Tpo .deps/flex-stage1scan.Po
/bin/sh ../libtool  --tag=CC   --mode=link gcc   -g -O2   -o flex flex-buf.o flex-ccl.o flex-dfa.o flex-ecs.o flex-filter.o flex-gen.o flex-main.o flex-misc.o flex-nfa.o flex-options.o flex-parse.o flex-regex.o flex-scanflags.o flex-scanopt.o flex-skel.o flex-sym.o flex-tables.o flex-tables_shared.o flex-tblcmp.o flex-yylex.o flex-stage1scan.o   -lm 
libtool: link: gcc -g -O2 -o flex flex-buf.o flex-ccl.o flex-dfa.o flex-ecs.o flex-filter.o flex-gen.o flex-main.o flex-misc.o flex-nfa.o flex-options.o flex-parse.o flex-regex.o flex-scanflags.o flex-scanopt.o flex-skel.o flex-sym.o flex-tables.o flex-tables_shared.o flex-tblcmp.o flex-yylex.o flex-stage1scan.o  -lm
make[2]: Leaving directory '/sources/flex-2.6.4/build/src'
make[1]: Leaving directory '/sources/flex-2.6.4/build/src'
Making all in doc
make[1]: Entering directory '/sources/flex-2.6.4/build/doc'
make[1]: Nothing to be done for 'all'.
make[1]: Leaving directory '/sources/flex-2.6.4/build/doc'
Making all in examples
make[1]: Entering directory '/sources/flex-2.6.4/build/examples'
Making all in manual
make[2]: Entering directory '/sources/flex-2.6.4/build/examples/manual'
make[2]: Nothing to be done for 'all'.
make[2]: Leaving directory '/sources/flex-2.6.4/build/examples/manual'
Making all in fastwc
make[2]: Entering directory '/sources/flex-2.6.4/build/examples/fastwc'
make[2]: Nothing to be done for 'all'.
make[2]: Leaving directory '/sources/flex-2.6.4/build/examples/fastwc'
make[2]: Entering directory '/sources/flex-2.6.4/build/examples'
make[2]: Nothing to be done for 'all-am'.
make[2]: Leaving directory '/sources/flex-2.6.4/build/examples'
make[1]: Leaving directory '/sources/flex-2.6.4/build/examples'
Making all in po
make[1]: Entering directory '/sources/flex-2.6.4/build/po'
make[1]: Leaving directory '/sources/flex-2.6.4/build/po'
Making all in tests
make[1]: Entering directory '/sources/flex-2.6.4/build/tests'
make[1]: Nothing to be done for 'all'.
make[1]: Leaving directory '/sources/flex-2.6.4/build/tests'
Making all in tools
make[1]: Entering directory '/sources/flex-2.6.4/build/tools'
make[1]: Nothing to be done for 'all'.
make[1]: Leaving directory '/sources/flex-2.6.4/build/tools'
make[1]: Entering directory '/sources/flex-2.6.4/build'
make[1]: Nothing to be done for 'all-am'.
make[1]: Leaving directory '/sources/flex-2.6.4/build'
