checking for a BSD-compatible install... /usr/bin/install -c
checking whether build environment is sane... yes
checking for a thread-safe mkdir -p... /bin/mkdir -p
checking for gawk... gawk
checking whether make sets $(MAKE)... yes
checking whether make supports nested variables... yes
checking whether make supports nested variables... (cached) yes
checking for gcc... gcc
checking whether the C compiler works... yes
checking for C compiler default output file name... a.out
checking for suffix of executables... 
checking whether we are cross compiling... no
checking for suffix of object files... o
checking whether we are using the GNU C compiler... yes
checking whether gcc accepts -g... yes
checking for gcc option to accept ISO C89... none needed
checking whether gcc understands -c and -o together... yes
checking for style of include used by make... GNU
checking dependency style of gcc... gcc3
checking how to run the C preprocessor... gcc -E
checking for grep that handles long lines and -e... /usr/bin/grep
checking for egrep... /usr/bin/grep -E
checking for ANSI C header files... yes
checking for sys/types.h... yes
checking for sys/stat.h... yes
checking for stdlib.h... yes
checking for string.h... yes
checking for memory.h... yes
checking for strings.h... yes
checking for inttypes.h... yes
checking for stdint.h... yes
checking for unistd.h... yes
checking minix/config.h usability... no
checking minix/config.h presence... no
checking for minix/config.h... no
checking whether it is safe to define __EXTENSIONS__... yes
checking for special C compiler options needed for large files... no
checking for _FILE_OFFSET_BITS value needed for large files... no
checking whether ln -s works... yes
checking whether make sets $(MAKE)... (cached) yes
checking for pkg-config... /usr/bin/pkg-config
checking pkg-config is at least version 0.9.0... yes
checking for python... /usr/bin/python
checking for python version... 2.7
checking for python platform... linux2
checking for python script directory... ${prefix}/lib/python2.7/site-packages
checking for python extension module directory... ${exec_prefix}/lib/python2.7/site-packages
checking for RM macro... rm -f
checking build system type... x86_64-pc-linux-gnu
checking host system type... x86_64-pc-linux-gnu
checking how to print strings... printf
checking for a sed that does not truncate output... /bin/sed
checking for fgrep... /usr/bin/grep -F
checking for ld used by gcc... /usr/bin/ld
checking if the linker (/usr/bin/ld) is GNU ld... yes
checking for BSD- or MS-compatible name lister (nm)... /usr/bin/nm -B
checking the name lister (/usr/bin/nm -B) interface... BSD nm
checking the maximum length of command line arguments... 1572864
checking how to convert x86_64-pc-linux-gnu file names to x86_64-pc-linux-gnu format... func_convert_file_noop
checking how to convert x86_64-pc-linux-gnu file names to toolchain format... func_convert_file_noop
checking for /usr/bin/ld option to reload object files... -r
checking for objdump... objdump
checking how to recognize dependent libraries... pass_all
checking for dlltool... no
checking how to associate runtime and link libraries... printf %s\n
checking for ar... ar
checking for archiver @FILE support... @
checking for strip... strip
checking for ranlib... ranlib
checking command to parse /usr/bin/nm -B output from gcc object... ok
checking for sysroot... no
checking for a working dd... /bin/dd
checking how to truncate binary pipes... /bin/dd bs=4096 count=1
checking for mt... mt
checking if mt is a manifest tool... no
checking for dlfcn.h... yes
checking for objdir... .libs
checking if gcc supports -fno-rtti -fno-exceptions... no
checking for gcc option to produce PIC... -fPIC -DPIC
checking if gcc PIC flag -fPIC -DPIC works... yes
checking if gcc static flag -static works... yes
checking if gcc supports -c -o file.o... yes
checking if gcc supports -c -o file.o... (cached) yes
checking whether the gcc linker (/usr/bin/ld -m elf_x86_64) supports shared libraries... yes
checking whether -lc should be explicitly linked in... no
checking dynamic linker characteristics... GNU/Linux ld.so
checking how to hardcode library paths into programs... immediate
checking whether stripping libraries is possible... yes
checking if libtool supports shared libraries... yes
checking whether to build shared libraries... yes
checking whether to build static libraries... no
checking whether __SUNPRO_C is declared... no
checking for dirent.h that defines DIR... yes
checking for library containing opendir... none required
checking for ANSI C header files... (cached) yes
checking fcntl.h usability... yes
checking fcntl.h presence... yes
checking for fcntl.h... yes
checking for stdlib.h... (cached) yes
checking for string.h... (cached) yes
checking for unistd.h... (cached) yes
checking sys/statvfs.h usability... yes
checking sys/statvfs.h presence... yes
checking for sys/statvfs.h... yes
checking sys/vfs.h usability... yes
checking sys/vfs.h presence... yes
checking for sys/vfs.h... yes
checking sys/statfs.h usability... yes
checking sys/statfs.h presence... yes
checking for sys/statfs.h... yes
checking sys/param.h usability... yes
checking sys/param.h presence... yes
checking for sys/param.h... yes
checking sys/mount.h usability... yes
checking sys/mount.h presence... yes
checking for sys/mount.h... yes
checking for stdint types... stdint.h (shortcircuit)
make use of stdint.h in src/fcstdint.h (assuming C99 compatible system)
checking for an ANSI C-conforming const... yes
checking for inline... inline
checking for flexible array members... yes
checking for pid_t... yes
checking for vprintf... yes
checking for _doprnt... no
checking for stdlib.h... (cached) yes
checking for unistd.h... (cached) yes
checking for sys/param.h... (cached) yes
checking for getpagesize... yes
checking for working mmap... yes
checking for link... yes
checking for mkstemp... yes
checking for mkostemp... yes
checking for _mktemp_s... no
checking for mkdtemp... yes
checking for getopt... yes
checking for getopt_long... yes
checking for getprogname... no
checking for getexecname... no
checking for rand... yes
checking for random... yes
checking for lrand48... yes
checking for random_r... yes
checking for rand_r... yes
checking for readlink... yes
checking for fstatvfs... yes
checking for fstatfs... yes
checking for lstat... yes
checking for posix_fadvise in fcntl.h... fcntl.h
checking for struct stat.st_mtim... yes
checking for struct statvfs.f_basetype... no
checking for struct statvfs.f_fstypename... no
checking for struct statfs.f_flags... yes
checking for struct statfs.f_fstypename... no
checking for struct dirent.d_type... yes
checking The type of len parameter of gperf hash/lookup function... size_t
checking for FREETYPE... yes
checking for FT_Get_Next_Char... yes
checking for FT_Get_BDF_Property... yes
checking for FT_Get_PS_Font_Info... yes
checking for FT_Has_PS_Glyph_Names... yes
checking for FT_Get_X11_Font_Format... yes
checking for FT_Select_Size... yes
checking for FT_Bitmap_Size.y_ppem... yes
checking for TT_OS2.usLowerOpticalPointSize... yes
checking for TT_OS2.usUpperOpticalPointSize... yes
checking for EXPAT... yes
checking expat.h usability... yes
checking expat.h presence... yes
checking for expat.h... yes
checking for XML_SetDoctypeDeclHandler... yes
checking for Intel atomic primitives... true
checking for Solaris atomic operations... false
checking if compiler needs -Werror to reject unknown flags... no
checking for the pthreads library -lpthreads... no
checking whether pthreads work without any flags... no
checking whether pthreads work with -Kthread... no
checking whether pthreads work with -kthread... no
checking for the pthreads library -llthread... no
checking whether pthreads work with -pthread... yes
checking for joinable pthread attribute... PTHREAD_CREATE_JOINABLE
checking if more special flags are required for pthreads... no
checking for PTHREAD_PRIO_INHERIT... yes
checking for docbook2html... no
checking whether byte ordering is bigendian... no
checking size of void *... 8
checking alignment of double... 8
checking alignment of void *... 8
checking that generated files are newer than configure... done
configure: creating ./config.status
config.status: creating Makefile
config.status: creating fontconfig/Makefile
config.status: creating fc-lang/Makefile
config.status: creating fc-glyphname/Makefile
config.status: creating fc-blanks/Makefile
config.status: creating fc-case/Makefile
config.status: creating src/Makefile
config.status: creating conf.d/Makefile
config.status: creating fc-cache/Makefile
config.status: creating fc-cat/Makefile
config.status: creating fc-list/Makefile
config.status: creating fc-match/Makefile
config.status: creating fc-pattern/Makefile
config.status: creating fc-query/Makefile
config.status: creating fc-scan/Makefile
config.status: creating fc-validate/Makefile
config.status: creating doc/Makefile
config.status: creating doc/version.sgml
config.status: creating test/Makefile
config.status: creating fontconfig.spec
config.status: creating fontconfig.pc
config.status: creating fontconfig-zip
config.status: creating config.h
config.status: executing depfiles commands
config.status: executing libtool commands
config.status: executing src/fcstdint.h commands
config.status: creating src/fcstdint.h : _FONTCONFIG_SRC_FCSTDINT_H
