make  all-recursive
make[1]: Entering directory '/lfskernel/sources/boot/fontconfig-2.12.6'
Making all in fontconfig
make[2]: Entering directory '/lfskernel/sources/boot/fontconfig-2.12.6/fontconfig'
make[2]: Nothing to be done for 'all'.
make[2]: Leaving directory '/lfskernel/sources/boot/fontconfig-2.12.6/fontconfig'
Making all in fc-blanks
make[2]: Entering directory '/lfskernel/sources/boot/fontconfig-2.12.6/fc-blanks'
make[2]: Nothing to be done for 'all'.
make[2]: Leaving directory '/lfskernel/sources/boot/fontconfig-2.12.6/fc-blanks'
Making all in fc-case
make[2]: Entering directory '/lfskernel/sources/boot/fontconfig-2.12.6/fc-case'
  GEN      fcalias.h
  GEN      fcaliastail.h
make  all-am
make[3]: Entering directory '/lfskernel/sources/boot/fontconfig-2.12.6/fc-case'
make[3]: Nothing to be done for 'all-am'.
make[3]: Leaving directory '/lfskernel/sources/boot/fontconfig-2.12.6/fc-case'
make[2]: Leaving directory '/lfskernel/sources/boot/fontconfig-2.12.6/fc-case'
Making all in fc-lang
make[2]: Entering directory '/lfskernel/sources/boot/fontconfig-2.12.6/fc-lang'
  GEN      fcalias.h
  GEN      fcaliastail.h
make  all-am
make[3]: Entering directory '/lfskernel/sources/boot/fontconfig-2.12.6/fc-lang'
make[3]: Nothing to be done for 'all-am'.
make[3]: Leaving directory '/lfskernel/sources/boot/fontconfig-2.12.6/fc-lang'
make[2]: Leaving directory '/lfskernel/sources/boot/fontconfig-2.12.6/fc-lang'
Making all in fc-glyphname
make[2]: Entering directory '/lfskernel/sources/boot/fontconfig-2.12.6/fc-glyphname'
  GEN      fcalias.h
  GEN      fcaliastail.h
make  all-am
make[3]: Entering directory '/lfskernel/sources/boot/fontconfig-2.12.6/fc-glyphname'
make[3]: Nothing to be done for 'all-am'.
make[3]: Leaving directory '/lfskernel/sources/boot/fontconfig-2.12.6/fc-glyphname'
make[2]: Leaving directory '/lfskernel/sources/boot/fontconfig-2.12.6/fc-glyphname'
Making all in src
make[2]: Entering directory '/lfskernel/sources/boot/fontconfig-2.12.6/src'
  GEN      fcalias.h
  GEN      fcftalias.h
  GEN      stamp-fcstdint
config.status: executing src/fcstdint.h commands
config.status: creating src/fcstdint.h : _FONTCONFIG_SRC_FCSTDINT_H
config.status: src/fcstdint.h is unchanged
  GEN      stamp-fcobjshash.gperf
make[3]: Entering directory '/lfskernel/sources/boot/fontconfig-2.12.6/src'
  GEN      stamp-fcobjshash.gperf
make[3]: Leaving directory '/lfskernel/sources/boot/fontconfig-2.12.6/src'
  GEN      fcobjshash.h
make  all-am
make[3]: Entering directory '/lfskernel/sources/boot/fontconfig-2.12.6/src'
  CC       fcatomic.lo
  CC       fcblanks.lo
  CC       fccache.lo
  CC       fccfg.lo
  CC       fccharset.lo
  CC       fccompat.lo
  CC       fcdbg.lo
  CC       fcdefault.lo
  CC       fcdir.lo
  CC       fcformat.lo
  CC       fcfreetype.lo
  CC       fcfs.lo
  CC       fcinit.lo
  CC       fclang.lo
  CC       fclist.lo
  CC       fcmatch.lo
  CC       fcmatrix.lo
  CC       fcname.lo
  CC       fcobjs.lo
  CC       fcpat.lo
  CC       fcrange.lo
  CC       fcserialize.lo
  CC       fcstat.lo
  CC       fcstr.lo
  CC       fcweight.lo
  CC       fcxml.lo
  CC       ftglue.lo
  CCLD     libfontconfig.la
  CC       fcarch.o
  CCLD     fcarch
make[3]: Leaving directory '/lfskernel/sources/boot/fontconfig-2.12.6/src'
make[2]: Leaving directory '/lfskernel/sources/boot/fontconfig-2.12.6/src'
Making all in fc-cache
make[2]: Entering directory '/lfskernel/sources/boot/fontconfig-2.12.6/fc-cache'
  CC       fc-cache.o
  CCLD     fc-cache
make[2]: Leaving directory '/lfskernel/sources/boot/fontconfig-2.12.6/fc-cache'
Making all in fc-cat
make[2]: Entering directory '/lfskernel/sources/boot/fontconfig-2.12.6/fc-cat'
  CC       fc-cat.o
  CCLD     fc-cat
make[2]: Leaving directory '/lfskernel/sources/boot/fontconfig-2.12.6/fc-cat'
Making all in fc-list
make[2]: Entering directory '/lfskernel/sources/boot/fontconfig-2.12.6/fc-list'
  CC       fc-list.o
  CCLD     fc-list
make[2]: Leaving directory '/lfskernel/sources/boot/fontconfig-2.12.6/fc-list'
Making all in fc-match
make[2]: Entering directory '/lfskernel/sources/boot/fontconfig-2.12.6/fc-match'
  CC       fc-match.o
  CCLD     fc-match
make[2]: Leaving directory '/lfskernel/sources/boot/fontconfig-2.12.6/fc-match'
Making all in fc-pattern
make[2]: Entering directory '/lfskernel/sources/boot/fontconfig-2.12.6/fc-pattern'
  CC       fc-pattern.o
  CCLD     fc-pattern
make[2]: Leaving directory '/lfskernel/sources/boot/fontconfig-2.12.6/fc-pattern'
Making all in fc-query
make[2]: Entering directory '/lfskernel/sources/boot/fontconfig-2.12.6/fc-query'
  CC       fc-query.o
  CCLD     fc-query
make[2]: Leaving directory '/lfskernel/sources/boot/fontconfig-2.12.6/fc-query'
Making all in fc-scan
make[2]: Entering directory '/lfskernel/sources/boot/fontconfig-2.12.6/fc-scan'
  CC       fc-scan.o
  CCLD     fc-scan
make[2]: Leaving directory '/lfskernel/sources/boot/fontconfig-2.12.6/fc-scan'
Making all in fc-validate
make[2]: Entering directory '/lfskernel/sources/boot/fontconfig-2.12.6/fc-validate'
  CC       fc-validate.o
  CCLD     fc-validate
make[2]: Leaving directory '/lfskernel/sources/boot/fontconfig-2.12.6/fc-validate'
Making all in conf.d
make[2]: Entering directory '/lfskernel/sources/boot/fontconfig-2.12.6/conf.d'
make  all-am
make[3]: Entering directory '/lfskernel/sources/boot/fontconfig-2.12.6/conf.d'
make[3]: Nothing to be done for 'all-am'.
make[3]: Leaving directory '/lfskernel/sources/boot/fontconfig-2.12.6/conf.d'
make[2]: Leaving directory '/lfskernel/sources/boot/fontconfig-2.12.6/conf.d'
Making all in test
make[2]: Entering directory '/lfskernel/sources/boot/fontconfig-2.12.6/test'
  CC       test-pthread.o
  CCLD     test-pthread
  CC       test_bz89617-test-bz89617.o
  CCLD     test-bz89617
  CC       test-bz131804.o
  CCLD     test-bz131804
  CC       test-migration.o
  CCLD     test-migration
test-migration.o: In function `fc_mkdtemp':
/sources/boot/fontconfig-2.12.6/test/test-migration.c:44: warning: the use of `mktemp' is dangerous, better use `mkstemp' or `mkdtemp'
  CC       test-bz96676.o
  CCLD     test-bz96676
make[2]: Leaving directory '/lfskernel/sources/boot/fontconfig-2.12.6/test'
make[2]: Entering directory '/lfskernel/sources/boot/fontconfig-2.12.6'
make[2]: Leaving directory '/lfskernel/sources/boot/fontconfig-2.12.6'
make[1]: Leaving directory '/lfskernel/sources/boot/fontconfig-2.12.6'
