This file contains any messages produced by compilers while
running configure, to aid debugging if configure makes a mistake.

It was created by configure, which was
generated by GNU Autoconf 2.64.  Invocation command line was

  $ ../configure --prefix=/usr --enable-languages=c,c++ --disable-multilib --disable-bootstrap --with-system-zlib

## --------- ##
## Platform. ##
## --------- ##

hostname = localhost.localdomain
uname -m = x86_64
uname -r = 3.10.0-693.11.1.el7.x86_64
uname -s = Linux
uname -v = #1 SMP Mon Dec 4 23:52:40 UTC 2017

/usr/bin/uname -p = unknown
/bin/uname -X     = unknown

/bin/arch              = unknown
/usr/bin/arch -k       = unknown
/usr/convex/getsysinfo = unknown
/usr/bin/hostinfo      = unknown
/bin/machine           = unknown
/usr/bin/oslevel       = unknown
/bin/universe          = unknown

PATH: /bin
PATH: /usr/bin
PATH: /sbin
PATH: /usr/sbin
PATH: /tools/bin


## ----------- ##
## Core tests. ##
## ----------- ##

configure:2304: checking build system type
configure:2318: result: x86_64-pc-linux-gnu
configure:2365: checking host system type
configure:2378: result: x86_64-pc-linux-gnu
configure:2398: checking target system type
configure:2411: result: x86_64-pc-linux-gnu
configure:2465: checking for a BSD-compatible install
configure:2533: result: /usr/bin/install -c
configure:2544: checking whether ln works
configure:2566: result: yes
configure:2570: checking whether ln -s works
configure:2574: result: yes
configure:2581: checking for a sed that does not truncate output
configure:2645: result: sed
configure:2654: checking for gawk
configure:2670: found /tools/bin/gawk
configure:2681: result: gawk
configure:3175: checking for libatomic support
configure:3185: result: yes
configure:3194: checking for libcilkrts support
configure:3204: result: yes
configure:3232: checking for libitm support
configure:3242: result: yes
configure:3251: checking for libsanitizer support
configure:3261: result: yes
configure:3270: checking for libvtv support
configure:3280: result: yes
configure:3290: checking for libmpx support
configure:3300: result: yes
configure:3309: checking for libhsail-rt support
configure:3321: result: yes
configure:4038: checking for gcc
configure:4054: found /tools/bin/gcc
configure:4065: result: gcc
configure:4294: checking for C compiler version
configure:4303: gcc --version >&5
gcc (GCC) 7.2.0
Copyright (C) 2017 Free Software Foundation, Inc.
This is free software; see the source for copying conditions.  There is NO
warranty; not even for MERCHANTABILITY or FITNESS FOR A PARTICULAR PURPOSE.

configure:4314: $? = 0
configure:4303: gcc -v >&5
Reading specs from /tools/lib/gcc/x86_64-pc-linux-gnu/7.2.0/specs
COLLECT_GCC=gcc
COLLECT_LTO_WRAPPER=/tools/libexec/gcc/x86_64-pc-linux-gnu/7.2.0/lto-wrapper
Target: x86_64-pc-linux-gnu
Configured with: ../configure --prefix=/tools --with-local-prefix=/tools --with-native-system-header-dir=/tools/include --enable-languages=c,c++ --disable-libstdxx-pch --disable-multilib --disable-bootstrap --disable-libgomp
Thread model: posix
gcc version 7.2.0 (GCC) 
configure:4314: $? = 0
configure:4303: gcc -V >&5
gcc: error: unrecognized command line option '-V'
gcc: fatal error: no input files
compilation terminated.
configure:4314: $? = 1
configure:4303: gcc -qversion >&5
gcc: error: unrecognized command line option '-qversion'; did you mean '--version'?
gcc: fatal error: no input files
compilation terminated.
configure:4314: $? = 1
configure:4334: checking for C compiler default output file name
configure:4356: gcc    conftest.c  >&5
configure:4360: $? = 0
configure:4397: result: a.out
configure:4413: checking whether the C compiler works
configure:4422: ./a.out
configure:4426: $? = 0
configure:4441: result: yes
configure:4448: checking whether we are cross compiling
configure:4450: result: no
configure:4453: checking for suffix of executables
configure:4460: gcc -o conftest    conftest.c  >&5
configure:4464: $? = 0
configure:4486: result: 
configure:4492: checking for suffix of object files
configure:4514: gcc -c   conftest.c >&5
configure:4518: $? = 0
configure:4539: result: o
configure:4543: checking whether we are using the GNU C compiler
configure:4562: gcc -c   conftest.c >&5
configure:4562: $? = 0
configure:4571: result: yes
configure:4580: checking whether gcc accepts -g
configure:4600: gcc -c -g  conftest.c >&5
configure:4600: $? = 0
configure:4641: result: yes
configure:4658: checking for gcc option to accept ISO C89
configure:4722: gcc  -c -g -O2  conftest.c >&5
configure:4722: $? = 0
configure:4735: result: none needed
configure:4813: checking for g++
configure:4829: found /tools/bin/g++
configure:4840: result: g++
configure:4867: checking for C++ compiler version
configure:4876: g++ --version >&5
g++ (GCC) 7.2.0
Copyright (C) 2017 Free Software Foundation, Inc.
This is free software; see the source for copying conditions.  There is NO
warranty; not even for MERCHANTABILITY or FITNESS FOR A PARTICULAR PURPOSE.

configure:4887: $? = 0
configure:4876: g++ -v >&5
Reading specs from /tools/lib/gcc/x86_64-pc-linux-gnu/7.2.0/specs
COLLECT_GCC=g++
COLLECT_LTO_WRAPPER=/tools/libexec/gcc/x86_64-pc-linux-gnu/7.2.0/lto-wrapper
Target: x86_64-pc-linux-gnu
Configured with: ../configure --prefix=/tools --with-local-prefix=/tools --with-native-system-header-dir=/tools/include --enable-languages=c,c++ --disable-libstdxx-pch --disable-multilib --disable-bootstrap --disable-libgomp
Thread model: posix
gcc version 7.2.0 (GCC) 
configure:4887: $? = 0
configure:4876: g++ -V >&5
g++: error: unrecognized command line option '-V'
g++: fatal error: no input files
compilation terminated.
configure:4887: $? = 1
configure:4876: g++ -qversion >&5
g++: error: unrecognized command line option '-qversion'; did you mean '--version'?
g++: fatal error: no input files
compilation terminated.
configure:4887: $? = 1
configure:4891: checking whether we are using the GNU C++ compiler
configure:4910: g++ -c   conftest.cpp >&5
configure:4910: $? = 0
configure:4919: result: yes
configure:4928: checking whether g++ accepts -g
configure:4948: g++ -c -g  conftest.cpp >&5
configure:4948: $? = 0
configure:4989: result: yes
configure:5038: checking whether g++ accepts -static-libstdc++ -static-libgcc
configure:5055: g++ -o conftest -g -O2   -static-libstdc++ -static-libgcc conftest.cpp  >&5
configure:5055: $? = 0
configure:5056: result: yes
configure:5120: checking for gnatbind
configure:5150: result: no
configure:5212: checking for gnatmake
configure:5242: result: no
configure:5261: checking whether compiler driver understands Ada
configure:5284: result: no
configure:5293: checking how to compare bootstrapped objects
configure:5318: result: cmp --ignore-initial=16 $$f1 $$f2
configure:5378: checking for objdir
configure:5393: result: .libs
configure:5564: checking for the correct version of gmp.h
configure:5584: gcc -c -g -O2   conftest.c >&5
configure:5584: $? = 0
configure:5602: gcc -c -g -O2   conftest.c >&5
configure:5602: $? = 0
configure:5603: result: yes
configure:5619: checking for the correct version of mpfr.h
configure:5637: gcc -c -g -O2   conftest.c >&5
configure:5637: $? = 0
configure:5654: gcc -c -g -O2   conftest.c >&5
configure:5654: $? = 0
configure:5655: result: yes
configure:5672: checking for the correct version of mpc.h
configure:5689: gcc -c -g -O2   conftest.c >&5
configure:5689: $? = 0
configure:5705: gcc -c -g -O2   conftest.c >&5
configure:5705: $? = 0
configure:5706: result: yes
configure:5724: checking for the correct version of the gmp/mpfr/mpc libraries
configure:5755: gcc -o conftest -g -O2    conftest.c  -lmpc -lmpfr -lgmp >&5
configure:5755: $? = 0
configure:5756: result: yes
configure:5941: checking for isl 0.15 or later
configure:5954: gcc -o conftest -g -O2      -lisl -lmpc -lmpfr -lgmp conftest.c  -lisl -lgmp >&5
conftest.c:10:10: fatal error: isl/schedule.h: No such file or directory
 #include <isl/schedule.h>
          ^~~~~~~~~~~~~~~~
compilation terminated.
configure:5954: $? = 1
configure: failed program was:
| /* confdefs.h */
| #define PACKAGE_NAME ""
| #define PACKAGE_TARNAME ""
| #define PACKAGE_VERSION ""
| #define PACKAGE_STRING ""
| #define PACKAGE_BUGREPORT ""
| #define PACKAGE_URL ""
| #define LT_OBJDIR ".libs/"
| /* end confdefs.h.  */
| #include <isl/schedule.h>
| int
| main ()
| {
| isl_options_set_schedule_serialize_sccs (NULL, 0);
|   ;
|   return 0;
| }
configure:5961: result: no
configure:5965: result: required isl version is 0.15 or later
configure:6993: checking for default BUILD_CONFIG
configure:7025: result: 
configure:7030: checking for --enable-vtable-verify
configure:7043: result: no
configure:7643: checking for bison
configure:7659: found /tools/bin/bison
configure:7670: result: bison -y
configure:7690: checking for bison
configure:7706: found /tools/bin/bison
configure:7717: result: bison
configure:7737: checking for gm4
configure:7767: result: no
configure:7737: checking for gnum4
configure:7767: result: no
configure:7737: checking for m4
configure:7753: found /usr/bin/m4
configure:7764: result: m4
configure:7784: checking for flex
configure:7814: result: no
configure:7784: checking for lex
configure:7814: result: no
configure:7832: checking for flex
configure:7862: result: no
configure:7879: checking for makeinfo
configure:7895: found /tools/bin/makeinfo
configure:7906: result: makeinfo
configure:7940: checking for expect
configure:7956: found /tools/bin/expect
configure:7967: result: expect
configure:7989: checking for runtest
configure:8005: found /tools/bin/runtest
configure:8016: result: runtest
configure:8134: checking for ar
configure:8150: found /usr/bin/ar
configure:8161: result: ar
configure:8275: checking for as
configure:8291: found /usr/bin/as
configure:8302: result: as
configure:8416: checking for dlltool
configure:8446: result: no
configure:8476: checking for ld
configure:8503: result: /tools/lib/gcc/x86_64-pc-linux-gnu/7.2.0/../../../../x86_64-pc-linux-gnu/bin/ld
configure:8698: checking for lipo
configure:8728: result: no
configure:8839: checking for nm
configure:8855: found /usr/bin/nm
configure:8866: result: nm
configure:8980: checking for ranlib
configure:8996: found /usr/bin/ranlib
configure:9007: result: ranlib
configure:9116: checking for strip
configure:9132: found /usr/bin/strip
configure:9143: result: strip
configure:9252: checking for windres
configure:9282: result: no
configure:9393: checking for windmc
configure:9423: result: no
configure:9534: checking for objcopy
configure:9550: found /usr/bin/objcopy
configure:9561: result: objcopy
configure:9675: checking for objdump
configure:9691: found /usr/bin/objdump
configure:9702: result: objdump
configure:9816: checking for readelf
configure:9832: found /usr/bin/readelf
configure:9843: result: readelf
configure:9996: checking for cc
configure:10012: found /tools/bin/cc
configure:10023: result: cc
configure:10157: checking for c++
configure:10173: found /tools/bin/c++
configure:10184: result: c++
configure:10318: checking for gcc
configure:10334: found /tools/bin/gcc
configure:10345: result: gcc
configure:10474: checking for gfortran
configure:10504: result: no
configure:10635: checking for gccgo
configure:10665: result: no
configure:10726: checking for ar
configure:10759: result: no
configure:10876: checking for ar
configure:10892: found /usr/bin/ar
configure:10903: result: ar
configure:10956: checking for as
configure:10989: result: no
configure:11106: checking for as
configure:11122: found /usr/bin/as
configure:11133: result: as
configure:11186: checking for dlltool
configure:11219: result: no
configure:11336: checking for dlltool
configure:11366: result: no
configure:11416: checking for ld
configure:11449: result: no
configure:11566: checking for ld
configure:11582: found /usr/bin/ld
configure:11593: result: ld
configure:11646: checking for lipo
configure:11679: result: no
configure:11796: checking for lipo
configure:11826: result: no
configure:11876: checking for nm
configure:11909: result: no
configure:12026: checking for nm
configure:12042: found /usr/bin/nm
configure:12053: result: nm
configure:12106: checking for objcopy
configure:12139: result: no
configure:12256: checking for objcopy
configure:12272: found /usr/bin/objcopy
configure:12283: result: objcopy
configure:12336: checking for objdump
configure:12369: result: no
configure:12486: checking for objdump
configure:12502: found /usr/bin/objdump
configure:12513: result: objdump
configure:12566: checking for ranlib
configure:12599: result: no
configure:12716: checking for ranlib
configure:12732: found /usr/bin/ranlib
configure:12743: result: ranlib
configure:12796: checking for readelf
configure:12829: result: no
configure:12946: checking for readelf
configure:12962: found /usr/bin/readelf
configure:12973: result: readelf
configure:13026: checking for strip
configure:13059: result: no
configure:13176: checking for strip
configure:13192: found /usr/bin/strip
configure:13203: result: strip
configure:13256: checking for windres
configure:13289: result: no
configure:13406: checking for windres
configure:13436: result: no
configure:13486: checking for windmc
configure:13519: result: no
configure:13636: checking for windmc
configure:13666: result: no
configure:13694: checking where to find the target ar
configure:13727: result: host tool
configure:13736: checking where to find the target as
configure:13769: result: host tool
configure:13778: checking where to find the target cc
configure:13801: result: just compiled
configure:13820: checking where to find the target c++
configure:13846: result: just compiled
configure:13865: checking where to find the target c++ for libstdc++
configure:13891: result: just compiled
configure:13910: checking where to find the target dlltool
configure:13943: result: host tool
configure:13952: checking where to find the target gcc
configure:13975: result: just compiled
configure:13994: checking where to find the target gfortran
configure:14030: result: host tool
configure:14039: checking where to find the target gccgo
configure:14075: result: host tool
configure:14084: checking where to find the target ld
configure:14117: result: host tool
configure:14126: checking where to find the target lipo
configure:14148: result: host tool
configure:14157: checking where to find the target nm
configure:14190: result: host tool
configure:14199: checking where to find the target objcopy
configure:14232: result: host tool
configure:14241: checking where to find the target objdump
configure:14274: result: host tool
configure:14283: checking where to find the target ranlib
configure:14316: result: host tool
configure:14325: checking where to find the target readelf
configure:14358: result: host tool
configure:14367: checking where to find the target strip
configure:14400: result: host tool
configure:14409: checking where to find the target windres
configure:14442: result: host tool
configure:14451: checking where to find the target windmc
configure:14484: result: host tool
configure:14521: checking whether to enable maintainer-specific portions of Makefiles
configure:14530: result: no
configure:14788: creating ./config.status

## ---------------------- ##
## Running config.status. ##
## ---------------------- ##

This file was extended by config.status, which was
generated by GNU Autoconf 2.64.  Invocation command line was

  CONFIG_FILES    = 
  CONFIG_HEADERS  = 
  CONFIG_LINKS    = 
  CONFIG_COMMANDS = 
  $ ./config.status 

on localhost.localdomain

config.status:994: creating Makefile

## ---------------- ##
## Cache variables. ##
## ---------------- ##

ac_cv_build=x86_64-pc-linux-gnu
ac_cv_c_compiler_gnu=yes
ac_cv_cxx_compiler_gnu=yes
ac_cv_env_AR_FOR_TARGET_set=
ac_cv_env_AR_FOR_TARGET_value=
ac_cv_env_AR_set=
ac_cv_env_AR_value=
ac_cv_env_AS_FOR_TARGET_set=
ac_cv_env_AS_FOR_TARGET_value=
ac_cv_env_AS_set=
ac_cv_env_AS_value=
ac_cv_env_CCC_set=
ac_cv_env_CCC_value=
ac_cv_env_CC_FOR_TARGET_set=
ac_cv_env_CC_FOR_TARGET_value=
ac_cv_env_CC_set=
ac_cv_env_CC_value=
ac_cv_env_CFLAGS_set=
ac_cv_env_CFLAGS_value=
ac_cv_env_CPPFLAGS_set=
ac_cv_env_CPPFLAGS_value=
ac_cv_env_CXXFLAGS_set=
ac_cv_env_CXXFLAGS_value=
ac_cv_env_CXX_FOR_TARGET_set=
ac_cv_env_CXX_FOR_TARGET_value=
ac_cv_env_CXX_set=
ac_cv_env_CXX_value=
ac_cv_env_DLLTOOL_FOR_TARGET_set=
ac_cv_env_DLLTOOL_FOR_TARGET_value=
ac_cv_env_DLLTOOL_set=
ac_cv_env_DLLTOOL_value=
ac_cv_env_GCC_FOR_TARGET_set=
ac_cv_env_GCC_FOR_TARGET_value=
ac_cv_env_GFORTRAN_FOR_TARGET_set=
ac_cv_env_GFORTRAN_FOR_TARGET_value=
ac_cv_env_GOC_FOR_TARGET_set=
ac_cv_env_GOC_FOR_TARGET_value=
ac_cv_env_LDFLAGS_set=
ac_cv_env_LDFLAGS_value=
ac_cv_env_LD_FOR_TARGET_set=
ac_cv_env_LD_FOR_TARGET_value=
ac_cv_env_LD_set=
ac_cv_env_LD_value=
ac_cv_env_LIBS_set=
ac_cv_env_LIBS_value=
ac_cv_env_LIPO_FOR_TARGET_set=
ac_cv_env_LIPO_FOR_TARGET_value=
ac_cv_env_LIPO_set=
ac_cv_env_LIPO_value=
ac_cv_env_NM_FOR_TARGET_set=
ac_cv_env_NM_FOR_TARGET_value=
ac_cv_env_NM_set=
ac_cv_env_NM_value=
ac_cv_env_OBJCOPY_FOR_TARGET_set=
ac_cv_env_OBJCOPY_FOR_TARGET_value=
ac_cv_env_OBJCOPY_set=
ac_cv_env_OBJCOPY_value=
ac_cv_env_OBJDUMP_FOR_TARGET_set=
ac_cv_env_OBJDUMP_FOR_TARGET_value=
ac_cv_env_OBJDUMP_set=
ac_cv_env_OBJDUMP_value=
ac_cv_env_RANLIB_FOR_TARGET_set=
ac_cv_env_RANLIB_FOR_TARGET_value=
ac_cv_env_RANLIB_set=
ac_cv_env_RANLIB_value=
ac_cv_env_READELF_FOR_TARGET_set=
ac_cv_env_READELF_FOR_TARGET_value=
ac_cv_env_READELF_set=
ac_cv_env_READELF_value=
ac_cv_env_STRIP_FOR_TARGET_set=
ac_cv_env_STRIP_FOR_TARGET_value=
ac_cv_env_STRIP_set=
ac_cv_env_STRIP_value=
ac_cv_env_WINDMC_FOR_TARGET_set=
ac_cv_env_WINDMC_FOR_TARGET_value=
ac_cv_env_WINDMC_set=
ac_cv_env_WINDMC_value=
ac_cv_env_WINDRES_FOR_TARGET_set=
ac_cv_env_WINDRES_FOR_TARGET_value=
ac_cv_env_WINDRES_set=
ac_cv_env_WINDRES_value=
ac_cv_env_build_alias_set=
ac_cv_env_build_alias_value=
ac_cv_env_build_configargs_set=
ac_cv_env_build_configargs_value=
ac_cv_env_host_alias_set=
ac_cv_env_host_alias_value=
ac_cv_env_host_configargs_set=
ac_cv_env_host_configargs_value=
ac_cv_env_target_alias_set=
ac_cv_env_target_alias_value=
ac_cv_env_target_configargs_set=
ac_cv_env_target_configargs_value=
ac_cv_host=x86_64-pc-linux-gnu
ac_cv_objext=o
ac_cv_path_SED=sed
ac_cv_path_install='/usr/bin/install -c'
ac_cv_prog_AR=ar
ac_cv_prog_AR_FOR_TARGET=ar
ac_cv_prog_AS=as
ac_cv_prog_AS_FOR_TARGET=as
ac_cv_prog_AWK=gawk
ac_cv_prog_BISON=bison
ac_cv_prog_CC_FOR_TARGET=cc
ac_cv_prog_CXX_FOR_TARGET=c++
ac_cv_prog_EXPECT=expect
ac_cv_prog_GCC_FOR_TARGET=gcc
ac_cv_prog_LD=/tools/lib/gcc/x86_64-pc-linux-gnu/7.2.0/../../../../x86_64-pc-linux-gnu/bin/ld
ac_cv_prog_LD_FOR_TARGET=ld
ac_cv_prog_M4=m4
ac_cv_prog_MAKEINFO=makeinfo
ac_cv_prog_NM=nm
ac_cv_prog_NM_FOR_TARGET=nm
ac_cv_prog_OBJCOPY=objcopy
ac_cv_prog_OBJCOPY_FOR_TARGET=objcopy
ac_cv_prog_OBJDUMP=objdump
ac_cv_prog_OBJDUMP_FOR_TARGET=objdump
ac_cv_prog_RANLIB=ranlib
ac_cv_prog_RANLIB_FOR_TARGET=ranlib
ac_cv_prog_READELF=readelf
ac_cv_prog_READELF_FOR_TARGET=readelf
ac_cv_prog_RUNTEST=runtest
ac_cv_prog_STRIP=strip
ac_cv_prog_STRIP_FOR_TARGET=strip
ac_cv_prog_YACC='bison -y'
ac_cv_prog_ac_ct_CC=gcc
ac_cv_prog_ac_ct_CXX=g++
ac_cv_prog_cc_c89=
ac_cv_prog_cc_g=yes
ac_cv_prog_cxx_g=yes
ac_cv_target=x86_64-pc-linux-gnu
acx_cv_cc_gcc_supports_ada=no
acx_cv_prog_LN=ln
gcc_cv_isl=no
gcc_cv_prog_cmp_skip='cmp --ignore-initial=16 $$f1 $$f2'
gcc_cv_tool_dirs=/usr/libexec/gcc/x86_64-pc-linux-gnu/7.2.0:/usr/libexec/gcc/x86_64-pc-linux-gnu:/usr/lib/gcc/x86_64-pc-linux-gnu/7.2.0:/usr/lib/gcc/x86_64-pc-linux-gnu:/usr/x86_64-pc-linux-gnu/bin/x86_64-pc-linux-gnu/7.2.0:/usr/x86_64-pc-linux-gnu/bin:
gcc_cv_tool_prefix=/usr
lt_cv_objdir=.libs

## ----------------- ##
## Output variables. ##
## ----------------- ##

AR='ar'
AR_FOR_BUILD='$(AR)'
AR_FOR_TARGET='$(AR)'
AS='as'
AS_FOR_BUILD='$(AS)'
AS_FOR_TARGET='$(AS)'
AWK='gawk'
BISON='bison'
BUILD_CONFIG=''
CC='gcc'
CC_FOR_BUILD='$(CC)'
CC_FOR_TARGET='$$r/$(HOST_SUBDIR)/gcc/xgcc -B$$r/$(HOST_SUBDIR)/gcc/'
CFLAGS='-g -O2'
CFLAGS_FOR_BUILD='-g -O2'
CFLAGS_FOR_TARGET='-g -O2'
COMPILER_AS_FOR_TARGET='$$r/$(HOST_SUBDIR)/gcc/as'
COMPILER_LD_FOR_TARGET='$$r/$(HOST_SUBDIR)/gcc/collect-ld'
COMPILER_NM_FOR_TARGET='$$r/$(HOST_SUBDIR)/gcc/nm'
CONFIGURE_GDB_TK=''
CPPFLAGS=''
CXX='g++'
CXXFLAGS='-g -O2'
CXXFLAGS_FOR_BUILD='-g -O2'
CXXFLAGS_FOR_TARGET='-g -O2'
CXX_FOR_BUILD='$(CXX)'
CXX_FOR_TARGET='$$r/$(HOST_SUBDIR)/gcc/xg++ -B$$r/$(HOST_SUBDIR)/gcc/ -nostdinc++ `if test -f $$r/$(TARGET_SUBDIR)/libstdc++-v3/scripts/testsuite_flags; then $(SHELL) $$r/$(TARGET_SUBDIR)/libstdc++-v3/scripts/testsuite_flags --build-includes; else echo -funconfigured-libstdc++-v3 ; fi` -L$$r/$(TARGET_SUBDIR)/libstdc++-v3/src -L$$r/$(TARGET_SUBDIR)/libstdc++-v3/src/.libs -L$$r/$(TARGET_SUBDIR)/libstdc++-v3/libsupc++/.libs'
DEBUG_PREFIX_CFLAGS_FOR_TARGET=''
DEFS='-DPACKAGE_NAME=\"\" -DPACKAGE_TARNAME=\"\" -DPACKAGE_VERSION=\"\" -DPACKAGE_STRING=\"\" -DPACKAGE_BUGREPORT=\"\" -DPACKAGE_URL=\"\" -DLT_OBJDIR=\".libs/\"'
DLLTOOL='dlltool'
DLLTOOL_FOR_BUILD='$(DLLTOOL)'
DLLTOOL_FOR_TARGET='$(DLLTOOL)'
ECHO_C=''
ECHO_N='-n'
ECHO_T=''
EXEEXT=''
EXPECT='expect'
FLAGS_FOR_TARGET=' -B$(build_tooldir)/bin/ -B$(build_tooldir)/lib/ -isystem $(build_tooldir)/include -isystem $(build_tooldir)/sys-include'
FLEX='/sources/gcc-7.2.0/missing flex'
GCC_FOR_TARGET='$$r/$(HOST_SUBDIR)/gcc/xgcc -B$$r/$(HOST_SUBDIR)/gcc/'
GCC_SHLIB_SUBDIR=''
GDB_TK=''
GFORTRAN_FOR_BUILD='$(GFORTRAN)'
GFORTRAN_FOR_TARGET='$(GFORTRAN)'
GNATBIND='no'
GNATMAKE='no'
GOC_FOR_BUILD='$(GOC)'
GOC_FOR_TARGET='$(GOC)'
INSTALL_DATA='${INSTALL} -m 644'
INSTALL_GDB_TK=''
INSTALL_PROGRAM='${INSTALL}'
INSTALL_SCRIPT='${INSTALL}'
LD='/tools/lib/gcc/x86_64-pc-linux-gnu/7.2.0/../../../../x86_64-pc-linux-gnu/bin/ld'
LDFLAGS=''
LDFLAGS_FOR_BUILD=''
LDFLAGS_FOR_TARGET=''
LD_FOR_BUILD='$(LD)'
LD_FOR_TARGET='$(LD)'
LEX='/sources/gcc-7.2.0/missing flex'
LIBOBJS=''
LIBS=''
LIPO='lipo'
LIPO_FOR_TARGET='$(LIPO)'
LN='ln'
LN_S='ln -s'
LTLIBOBJS=''
M4='m4'
MAINT='#'
MAINTAINER_MODE_FALSE=''
MAINTAINER_MODE_TRUE='#'
MAKEINFO='makeinfo'
NM='nm'
NM_FOR_BUILD='$(NM)'
NM_FOR_TARGET='$(NM)'
OBJCOPY='objcopy'
OBJCOPY_FOR_TARGET='$(OBJCOPY)'
OBJDUMP='objdump'
OBJDUMP_FOR_TARGET='$(OBJDUMP)'
OBJEXT='o'
PACKAGE_BUGREPORT=''
PACKAGE_NAME=''
PACKAGE_STRING=''
PACKAGE_TARNAME=''
PACKAGE_URL=''
PACKAGE_VERSION=''
PATH_SEPARATOR=':'
RANLIB='ranlib'
RANLIB_FOR_BUILD='$(RANLIB)'
RANLIB_FOR_TARGET='$(RANLIB)'
RAW_CXX_FOR_TARGET='$$r/$(HOST_SUBDIR)/gcc/xgcc -shared-libgcc -B$$r/$(HOST_SUBDIR)/gcc -nostdinc++ -L$$r/$(TARGET_SUBDIR)/libstdc++-v3/src -L$$r/$(TARGET_SUBDIR)/libstdc++-v3/src/.libs -L$$r/$(TARGET_SUBDIR)/libstdc++-v3/libsupc++/.libs'
READELF='readelf'
READELF_FOR_TARGET='$(READELF)'
RPATH_ENVVAR='LD_LIBRARY_PATH'
RUNTEST='runtest'
SED='sed'
SHELL='/bin/sh'
STRIP='strip'
STRIP_FOR_TARGET='$(STRIP)'
SYSROOT_CFLAGS_FOR_TARGET=''
TOPLEVEL_CONFIGURE_ARGUMENTS='../configure --prefix=/usr --enable-languages=c,c++ --disable-multilib --disable-bootstrap --with-system-zlib'
WINDMC='windmc'
WINDMC_FOR_BUILD='$(WINDMC)'
WINDMC_FOR_TARGET='$(WINDMC)'
WINDRES='windres'
WINDRES_FOR_BUILD='$(WINDRES)'
WINDRES_FOR_TARGET='$(WINDRES)'
YACC='bison -y'
ac_ct_CC='gcc'
ac_ct_CXX='g++'
bindir='${exec_prefix}/bin'
build='x86_64-pc-linux-gnu'
build_alias=''
build_configargs=' --cache-file=./config.cache '\''--prefix=/usr'\'' '\''--disable-multilib'\'' '\''--disable-bootstrap'\'' '\''--with-system-zlib'\'' '\''--enable-languages=c,c++,lto'\'' --program-transform-name='\''s,y,y,'\'' --disable-option-checking'
build_configdirs=' libiberty libcpp fixincludes'
build_cpu='x86_64'
build_libsubdir='build-x86_64-pc-linux-gnu'
build_noncanonical='x86_64-pc-linux-gnu'
build_os='linux-gnu'
build_subdir='build-x86_64-pc-linux-gnu'
build_tooldir='${exec_prefix}/x86_64-pc-linux-gnu'
build_vendor='pc'
compare_exclusions='gcc/cc*-checksum$(objext) | gcc/ada/*tools/*'
configdirs=' intl libiberty libbacktrace libcpp libdecnumber fixincludes gcc libcc1 lto-plugin'
datadir='${datarootdir}'
datarootdir='${prefix}/share'
do_compare='cmp --ignore-initial=16 $$f1 $$f2'
docdir='${datarootdir}/doc/${PACKAGE}'
dvidir='${docdir}'
exec_prefix='${prefix}'
extra_host_libiberty_configure_flags='--enable-shared'
extra_host_zlib_configure_flags=''
extra_isl_gmp_configure_flags=''
extra_liboffloadmic_configure_flags=''
extra_linker_plugin_configure_flags=''
extra_linker_plugin_flags=''
extra_mpc_gmp_configure_flags=''
extra_mpc_mpfr_configure_flags=''
extra_mpfr_configure_flags=''
get_gcc_base_ver='cat'
gmpinc=''
gmplibs='-lmpc -lmpfr -lgmp'
host='x86_64-pc-linux-gnu'
host_alias=''
host_configargs=' --cache-file=./config.cache  --with-system-zlib '\''--prefix=/usr'\'' '\''--disable-multilib'\'' '\''--disable-bootstrap'\'' '\''--with-system-zlib'\'' '\''--enable-languages=c,c++,lto'\'' --program-transform-name='\''s,y,y,'\'' --disable-option-checking'
host_cpu='x86_64'
host_noncanonical='x86_64-pc-linux-gnu'
host_os='linux-gnu'
host_shared='no'
host_subdir='.'
host_vendor='pc'
htmldir='${docdir}'
includedir='${prefix}/include'
infodir='${datarootdir}/info'
islinc=''
isllibs=''
libdir='${exec_prefix}/lib'
libexecdir='${exec_prefix}/libexec'
localedir='${datarootdir}/locale'
localstatedir='${prefix}/var'
mandir='${datarootdir}/man'
oldincludedir='/usr/include'
pdfdir='${docdir}'
poststage1_ldflags='-static-libstdc++ -static-libgcc'
poststage1_libs=''
prefix='/usr'
program_transform_name='s,y,y,'
psdir='${docdir}'
sbindir='${exec_prefix}/sbin'
sharedstatedir='${prefix}/com'
stage1_cflags='-g'
stage1_checking='--enable-checking=yes,types'
stage1_languages='c,c++,lto'
stage1_ldflags='-static-libstdc++ -static-libgcc'
stage1_libs=''
stage2_werror_flag=''
sysconfdir='${prefix}/etc'
target='x86_64-pc-linux-gnu'
target_alias=''
target_configargs='--cache-file=./config.cache   '\''--prefix=/usr'\'' '\''--disable-multilib'\'' '\''--disable-bootstrap'\'' '\''--with-system-zlib'\'' '\''--enable-languages=c,c++,lto'\'' --program-transform-name='\''s,y,y,'\'' --disable-option-checking'
target_configdirs=' libgcc libgomp libcilkrts libatomic libitm libstdc++-v3 libsanitizer libvtv libmpx libssp libquadmath'
target_cpu='x86_64'
target_noncanonical='x86_64-pc-linux-gnu'
target_os='linux-gnu'
target_subdir='x86_64-pc-linux-gnu'
target_vendor='pc'
tooldir='${exec_prefix}/x86_64-pc-linux-gnu'

## ------------------- ##
## File substitutions. ##
## ------------------- ##

alphaieee_frag='/dev/null'
host_makefile_frag='/dev/null'
ospace_frag='/dev/null'
serialization_dependencies='serdep.tmp'
target_makefile_frag='../config/mt-gnu'

## ----------- ##
## confdefs.h. ##
## ----------- ##

/* confdefs.h */
#define PACKAGE_NAME ""
#define PACKAGE_TARNAME ""
#define PACKAGE_VERSION ""
#define PACKAGE_STRING ""
#define PACKAGE_BUGREPORT ""
#define PACKAGE_URL ""
#define LT_OBJDIR ".libs/"

configure: exit 0

## ---------------------- ##
## Running config.status. ##
## ---------------------- ##

This file was extended by config.status, which was
generated by GNU Autoconf 2.64.  Invocation command line was

  CONFIG_FILES    = 
  CONFIG_HEADERS  = 
  CONFIG_LINKS    = 
  CONFIG_COMMANDS = 
  $ ./config.status --file=-

on localhost.localdomain


## ---------------------- ##
## Running config.status. ##
## ---------------------- ##

This file was extended by config.status, which was
generated by GNU Autoconf 2.64.  Invocation command line was

  CONFIG_FILES    = 
  CONFIG_HEADERS  = 
  CONFIG_LINKS    = 
  CONFIG_COMMANDS = 
  $ ./config.status --file=-

on localhost.localdomain


## ---------------------- ##
## Running config.status. ##
## ---------------------- ##

This file was extended by config.status, which was
generated by GNU Autoconf 2.64.  Invocation command line was

  CONFIG_FILES    = 
  CONFIG_HEADERS  = 
  CONFIG_LINKS    = 
  CONFIG_COMMANDS = 
  $ ./config.status --file=-

on localhost.localdomain

