make  all-recursive
make[1]: Entering directory '/sources/gdbm-1.13/build'
Making all in po
make[2]: Entering directory '/sources/gdbm-1.13/build/po'
make[2]: Leaving directory '/sources/gdbm-1.13/build/po'
Making all in src
make[2]: Entering directory '/sources/gdbm-1.13/build/src'
make  all-am
make[3]: Entering directory '/sources/gdbm-1.13/build/src'
  CC       err.o
  CC       mem.o
  CC       parseopt.o
  CC       progname.o
  AR       libgdbmapp.a
  CC       gdbmclose.lo
  CC       gdbmcount.lo
  CC       gdbmdelete.lo
  CC       gdbmdump.lo
  CC       gdbmerrno.lo
  CC       gdbmexists.lo
  CC       gdbmexp.lo
  CC       gdbmfdesc.lo
  CC       gdbmfetch.lo
  CC       gdbmload.lo
  CC       gdbmopen.lo
  CC       gdbmimp.lo
  CC       gdbmreorg.lo
  CC       gdbmseq.lo
  CC       gdbmsetopt.lo
  CC       gdbmstore.lo
  CC       gdbmsync.lo
  CC       base64.lo
  CC       bucket.lo
  CC       falloc.lo
  CC       findkey.lo
  CC       fullio.lo
  CC       hash.lo
  CC       lock.lo
  CC       mmap.lo
  CC       recover.lo
  CC       update.lo
  CC       version.lo
  CCLD     libgdbm.la
  CC       datconv.o
  CC       gram.o
  CC       lex.o
  CC       gdbmtool.o
  CC       var.o
  CC       util.o
  CC       input-rl.o
  CCLD     gdbmtool
  CC       gdbm_load.o
  CCLD     gdbm_load
  CC       gdbm_dump.o
  CCLD     gdbm_dump
make[3]: Leaving directory '/sources/gdbm-1.13/build/src'
make[2]: Leaving directory '/sources/gdbm-1.13/build/src'
Making all in doc
make[2]: Entering directory '/sources/gdbm-1.13/build/doc'
make[2]: Nothing to be done for 'all'.
make[2]: Leaving directory '/sources/gdbm-1.13/build/doc'
Making all in compat
make[2]: Entering directory '/sources/gdbm-1.13/build/compat'
  CC       dbminit.lo
  CC       delete.lo
  CC       fetch.lo
  CC       store.lo
  CC       seq.lo
  CC       close.lo
  CC       dbmopen.lo
  CC       dbmdelete.lo
  CC       dbmerr.lo
  CC       dbmfetch.lo
  CC       dbmstore.lo
  CC       dbmseq.lo
  CC       dbmclose.lo
  CC       dbmdirfno.lo
  CC       dbmpagfno.lo
  CC       dbmrdonly.lo
  CCLD     libgdbm_compat.la
make[2]: Leaving directory '/sources/gdbm-1.13/build/compat'
Making all in tests
make[2]: Entering directory '/sources/gdbm-1.13/build/tests'
make[2]: Nothing to be done for 'all'.
make[2]: Leaving directory '/sources/gdbm-1.13/build/tests'
make[2]: Entering directory '/sources/gdbm-1.13/build'
make[2]: Leaving directory '/sources/gdbm-1.13/build'
make[1]: Leaving directory '/sources/gdbm-1.13/build'
