This file contains any messages produced by compilers while
running configure, to aid debugging if configure makes a mistake.

It was created by GNU C Library configure (see version.h), which was
generated by GNU Autoconf 2.69.  Invocation command line was

  $ ../configure --prefix=/usr --disable-werror --enable-kernel=3.2 --enable-stack-protector=strong libc_cv_slibdir=/lib

## --------- ##
## Platform. ##
## --------- ##

hostname = localhost.localdomain
uname -m = x86_64
uname -r = 3.10.0-693.11.1.el7.x86_64
uname -s = Linux
uname -v = #1 SMP Mon Dec 4 23:52:40 UTC 2017

/usr/bin/uname -p = unknown
/bin/uname -X     = unknown

/bin/arch              = unknown
/usr/bin/arch -k       = unknown
/usr/convex/getsysinfo = unknown
/usr/bin/hostinfo      = unknown
/bin/machine           = unknown
/usr/bin/oslevel       = unknown
/bin/universe          = unknown

PATH: /bin
PATH: /usr/bin
PATH: /sbin
PATH: /usr/sbin
PATH: /tools/bin


## ----------- ##
## Core tests. ##
## ----------- ##

configure:2213: checking build system type
configure:2227: result: x86_64-pc-linux-gnu
configure:2247: checking host system type
configure:2260: result: x86_64-pc-linux-gnu
configure:2329: checking for gcc
configure:2356: result: gcc -isystem /usr/lib/gcc/x86_64-pc-linux-gnu/7.2.0/include -isystem /usr/include
configure:2585: checking for C compiler version
configure:2594: gcc -isystem /usr/lib/gcc/x86_64-pc-linux-gnu/7.2.0/include -isystem /usr/include --version >&5
gcc (GCC) 7.2.0
Copyright (C) 2017 Free Software Foundation, Inc.
This is free software; see the source for copying conditions.  There is NO
warranty; not even for MERCHANTABILITY or FITNESS FOR A PARTICULAR PURPOSE.

configure:2605: $? = 0
configure:2594: gcc -isystem /usr/lib/gcc/x86_64-pc-linux-gnu/7.2.0/include -isystem /usr/include -v >&5
Using built-in specs.
COLLECT_GCC=gcc
COLLECT_LTO_WRAPPER=/tools/libexec/gcc/x86_64-pc-linux-gnu/7.2.0/lto-wrapper
Target: x86_64-pc-linux-gnu
Configured with: ../configure --prefix=/tools --with-local-prefix=/tools --with-native-system-header-dir=/tools/include --enable-languages=c,c++ --disable-libstdxx-pch --disable-multilib --disable-bootstrap --disable-libgomp
Thread model: posix
gcc version 7.2.0 (GCC) 
configure:2605: $? = 0
configure:2594: gcc -isystem /usr/lib/gcc/x86_64-pc-linux-gnu/7.2.0/include -isystem /usr/include -V >&5
gcc: error: unrecognized command line option '-V'
gcc: fatal error: no input files
compilation terminated.
configure:2605: $? = 1
configure:2594: gcc -isystem /usr/lib/gcc/x86_64-pc-linux-gnu/7.2.0/include -isystem /usr/include -qversion >&5
gcc: error: unrecognized command line option '-qversion'; did you mean '--version'?
gcc: fatal error: no input files
compilation terminated.
configure:2605: $? = 1
configure:2610: checking for suffix of object files
configure:2632: gcc -isystem /usr/lib/gcc/x86_64-pc-linux-gnu/7.2.0/include -isystem /usr/include -c   conftest.c >&5
configure:2636: $? = 0
configure:2657: result: o
configure:2661: checking whether we are using the GNU C compiler
configure:2680: gcc -isystem /usr/lib/gcc/x86_64-pc-linux-gnu/7.2.0/include -isystem /usr/include -c   conftest.c >&5
configure:2680: $? = 0
configure:2689: result: yes
configure:2698: checking whether gcc -isystem /usr/lib/gcc/x86_64-pc-linux-gnu/7.2.0/include -isystem /usr/include accepts -g
configure:2718: gcc -isystem /usr/lib/gcc/x86_64-pc-linux-gnu/7.2.0/include -isystem /usr/include -c -g  conftest.c >&5
configure:2718: $? = 0
configure:2759: result: yes
configure:2879: checking for readelf
configure:2895: found /tools/bin/readelf
configure:2906: result: readelf
configure:2988: checking for g++
configure:3004: found /tools/bin/g++
configure:3015: result: g++
configure:3042: checking for C++ compiler version
configure:3051: g++ --version >&5
g++ (GCC) 7.2.0
Copyright (C) 2017 Free Software Foundation, Inc.
This is free software; see the source for copying conditions.  There is NO
warranty; not even for MERCHANTABILITY or FITNESS FOR A PARTICULAR PURPOSE.

configure:3062: $? = 0
configure:3051: g++ -v >&5
Using built-in specs.
COLLECT_GCC=g++
COLLECT_LTO_WRAPPER=/tools/libexec/gcc/x86_64-pc-linux-gnu/7.2.0/lto-wrapper
Target: x86_64-pc-linux-gnu
Configured with: ../configure --prefix=/tools --with-local-prefix=/tools --with-native-system-header-dir=/tools/include --enable-languages=c,c++ --disable-libstdxx-pch --disable-multilib --disable-bootstrap --disable-libgomp
Thread model: posix
gcc version 7.2.0 (GCC) 
configure:3062: $? = 0
configure:3051: g++ -V >&5
g++: error: unrecognized command line option '-V'
g++: fatal error: no input files
compilation terminated.
configure:3062: $? = 1
configure:3051: g++ -qversion >&5
g++: error: unrecognized command line option '-qversion'; did you mean '--version'?
g++: fatal error: no input files
compilation terminated.
configure:3062: $? = 1
configure:3066: checking whether we are using the GNU C++ compiler
configure:3085: g++ -c   conftest.cpp >&5
configure:3085: $? = 0
configure:3094: result: yes
configure:3103: checking whether g++ accepts -g
configure:3123: g++ -c -g  conftest.cpp >&5
configure:3123: $? = 0
configure:3164: result: yes
configure:3189: checking whether g++ can link programs
configure:3212: g++ -o conftest -g -O2   conftest.cpp  >&5
configure:3212: $? = 0
configure:3235: g++ -o conftest -g -O2   -static conftest.cpp  >&5
configure:3235: $? = 0
configure:3250: result: yes
configure:3809: checking for sysdeps preconfigure fragments
configure:9: checking whether gcc -isystem /usr/lib/gcc/x86_64-pc-linux-gnu/7.2.0/include -isystem /usr/include compiles in -mx32 mode by default
configure:27: gcc -isystem /usr/lib/gcc/x86_64-pc-linux-gnu/7.2.0/include -isystem /usr/include -c -g -O2  conftest.c >&5
conftest.c:13:3: error: #error not x32
 # error not x32
   ^~~~~
configure:27: $? = 1
configure: failed program was:
| /* confdefs.h */
| #define PACKAGE_NAME "GNU C Library"
| #define PACKAGE_TARNAME "glibc"
| #define PACKAGE_VERSION "(see version.h)"
| #define PACKAGE_STRING "GNU C Library (see version.h)"
| #define PACKAGE_BUGREPORT "http://sourceware.org/bugzilla/"
| #define PACKAGE_URL "http://www.gnu.org/software/glibc/"
| #define PKGVERSION "(GNU libc) "
| #define REPORT_BUGS_TO "<http://www.gnu.org/software/libc/bugs.html>"
| #define HAVE_TUNABLES 1
| /* end confdefs.h.  */
| #ifndef __ILP32__
| # error not x32
| #endif
| int
| main ()
| {
| 
|   ;
|   return 0;
| }
configure:34: result: no
configure:3816: result: 
configure:3887: running configure fragment for add-on libidn
configure:3982: checking for -fstack-protector
configure:3988: gcc -isystem /usr/lib/gcc/x86_64-pc-linux-gnu/7.2.0/include -isystem /usr/include -g -O2  -Werror -fstack-protector -xc /dev/null -S -o /dev/null
configure:3991: $? = 0
configure:3999: result: yes
configure:4002: checking for -fstack-protector-strong
configure:4008: gcc -isystem /usr/lib/gcc/x86_64-pc-linux-gnu/7.2.0/include -isystem /usr/include -g -O2  -Werror -fstack-protector-strong -xc /dev/null -S -o /dev/null
configure:4011: $? = 0
configure:4019: result: yes
configure:4022: checking for -fstack-protector-all
configure:4028: gcc -isystem /usr/lib/gcc/x86_64-pc-linux-gnu/7.2.0/include -isystem /usr/include -g -O2  -Werror -fstack-protector-all -xc /dev/null -S -o /dev/null
configure:4031: $? = 0
configure:4039: result: yes
configure:4082: checking for assembler and linker STT_GNU_IFUNC support

Relocation section '.rela.plt' at offset 0xb0 contains 1 entries:
  Offset          Info           Type           Sym. Value    Sym. Name + Addend
0000006000c8  000000000025 R_X86_64_IRELATIV                    4000c8
configure:4113: result: yes
configure:4117: checking for gcc attribute ifunc support
configure:4143: result: yes
configure:4168: checking sysdep dirs
configure:4388: result: sysdeps/generic
configure:4465: checking for a BSD-compatible install
configure:4533: result: /usr/bin/install -c
configure:4548: checking whether ln -s works
configure:4552: result: yes
configure:4576: checking whether /tools/lib/gcc/x86_64-pc-linux-gnu/7.2.0/../../../../x86_64-pc-linux-gnu/bin/as is GNU as
configure:4590: result: yes
configure:4595: checking whether /tools/lib/gcc/x86_64-pc-linux-gnu/7.2.0/../../../../x86_64-pc-linux-gnu/bin/ld is GNU ld
configure:4609: result: yes
configure:4619: checking for /tools/lib/gcc/x86_64-pc-linux-gnu/7.2.0/../../../../x86_64-pc-linux-gnu/bin/as
configure:4646: result: /tools/lib/gcc/x86_64-pc-linux-gnu/7.2.0/../../../../x86_64-pc-linux-gnu/bin/as
configure:4661: checking version of /tools/lib/gcc/x86_64-pc-linux-gnu/7.2.0/../../../../x86_64-pc-linux-gnu/bin/as
configure:4671: result: 2.29.1, ok
configure:4749: checking for /tools/lib/gcc/x86_64-pc-linux-gnu/7.2.0/../../../../x86_64-pc-linux-gnu/bin/ld
configure:4776: result: /tools/lib/gcc/x86_64-pc-linux-gnu/7.2.0/../../../../x86_64-pc-linux-gnu/bin/ld
configure:4791: checking version of /tools/lib/gcc/x86_64-pc-linux-gnu/7.2.0/../../../../x86_64-pc-linux-gnu/bin/ld
configure:4801: result: 2.29.1, ok
configure:4816: checking for gnumake
configure:4846: result: no
configure:4816: checking for gmake
configure:4846: result: no
configure:4816: checking for make
configure:4832: found /tools/bin/make
configure:4843: result: make
configure:4858: checking version of make
configure:4868: result: 4.2.1, ok
configure:4880: checking for gnumsgfmt
configure:4910: result: no
configure:4880: checking for gmsgfmt
configure:4910: result: no
configure:4880: checking for msgfmt
configure:4896: found /tools/bin/msgfmt
configure:4907: result: msgfmt
configure:4922: checking version of msgfmt
configure:4932: result: 0.19.8.1, ok
configure:4943: checking for makeinfo
configure:4959: found /tools/bin/makeinfo
configure:4970: result: makeinfo
configure:4985: checking version of makeinfo
configure:4995: result: 6.5, ok
configure:5006: checking for sed
configure:5022: found /tools/bin/sed
configure:5033: result: sed
configure:5048: checking version of sed
configure:5058: result: 4.4, ok
configure:5069: checking for gawk
configure:5085: found /tools/bin/gawk
configure:5096: result: gawk
configure:5111: checking version of gawk
configure:5121: result: 4.2.0, ok
configure:5129: checking if gcc -isystem /usr/lib/gcc/x86_64-pc-linux-gnu/7.2.0/include -isystem /usr/include is sufficient to build libc
configure:5149: gcc -isystem /usr/lib/gcc/x86_64-pc-linux-gnu/7.2.0/include -isystem /usr/include -c -g -O2  conftest.c >&5
configure:5149: $? = 0
configure:5156: result: yes
configure:5205: checking for nm
configure:5221: found /tools/bin/nm
configure:5232: result: nm
configure:5330: checking for python3
configure:5360: result: no
configure:5330: checking for python
configure:5360: result: no
configure:5388: WARNING:
*** These auxiliary programs are missing or incompatible versions: python
*** some features or tests will be disabled.
*** Check the INSTALL file for required versions.
configure:5439: checking LD_LIBRARY_PATH variable
configure:5449: result: ok
configure:5460: checking for bash
configure:5478: found /bin/bash
configure:5491: result: /bin/bash
configure:5502: checking for perl
configure:5520: found /usr/bin/perl
configure:5533: result: /usr/bin/perl
configure:5547: checking for install-info
configure:5566: found /tools/bin/install-info
configure:5579: result: /tools/bin/install-info
configure:5591: checking for bison
configure:5607: found /tools/bin/bison
configure:5618: result: bison
configure:5633: checking version of bison
configure:5643: result: 3.0.4, ok
configure:5651: checking for .set assembler directive
configure:5677: result: yes
configure:5684: checking linker support for protected data symbol
configure:5694: gcc -isystem /usr/lib/gcc/x86_64-pc-linux-gnu/7.2.0/include -isystem /usr/include -nostdlib -nostartfiles -fno-stack-protector -fPIC -shared conftest.c -o conftest.so
configure:5697: $? = 0
configure:5704: gcc -isystem /usr/lib/gcc/x86_64-pc-linux-gnu/7.2.0/include -isystem /usr/include -nostdlib -nostartfiles -fno-stack-protector conftest.c -o conftest conftest.so
/tools/lib/gcc/x86_64-pc-linux-gnu/7.2.0/../../../../x86_64-pc-linux-gnu/bin/ld: warning: cannot find entry symbol _start; defaulting to 0000000000400310
configure:5707: $? = 0
configure:5715: result: yes
configure:5719: checking for broken __attribute__((alias()))
configure:5734: gcc -isystem /usr/lib/gcc/x86_64-pc-linux-gnu/7.2.0/include -isystem /usr/include -Werror -S conftest.c -o conftest.s 1>&5
configure:5737: $? = 0
configure:5747: result: no
configure:5753: checking whether to put _rtld_local into .sdata section
configure:5767: result: no
configure:5774: checking whether to use .ctors/.dtors header and trailer
configure:5791: gcc -isystem /usr/lib/gcc/x86_64-pc-linux-gnu/7.2.0/include -isystem /usr/include -g -O2   -fno-stack-protector -o conftest
		       conftest.c -static -nostartfiles -nostdlib
		       1>&5
configure:5794: $? = 0
configure:5820: result: no
configure:5827: checking for libunwind-support in compiler
configure:5844: result: no
configure:5853: checking whether --noexecstack is desirable for .S files
configure:5863: gcc -isystem /usr/lib/gcc/x86_64-pc-linux-gnu/7.2.0/include -isystem /usr/include -g -O2 
		   -S -o conftest.s conftest.c 1>&5
configure:5866: $? = 0
configure:5871: gcc -isystem /usr/lib/gcc/x86_64-pc-linux-gnu/7.2.0/include -isystem /usr/include  -Wa,--noexecstack
		      -c -o conftest.o conftest.s 1>&5
configure:5874: $? = 0
configure:5883: result: yes
configure:5890: checking for -z combreloc
configure:5904: gcc -isystem /usr/lib/gcc/x86_64-pc-linux-gnu/7.2.0/include -isystem /usr/include -g -O2  
			-fPIC -shared -fno-stack-protector -o conftest.so conftest.c
			-nostdlib -nostartfiles
			-Wl,-z,combreloc 1>&5
configure:5907: $? = 0
configure:5920: result: yes
configure:5928: checking for linker that supports -z execstack
configure:5941: gcc -isystem /usr/lib/gcc/x86_64-pc-linux-gnu/7.2.0/include -isystem /usr/include -g -O2   -fno-stack-protector
				-Wl,-z,execstack -nostdlib -nostartfiles
				-fPIC -shared -o conftest.so conftest.c
				1>&5
configure:5944: $? = 0
configure:5957: result: yes
configure:5961: checking for -fpie
configure:5967: gcc -isystem /usr/lib/gcc/x86_64-pc-linux-gnu/7.2.0/include -isystem /usr/include -fpie -xc /dev/null -S -o /dev/null
configure:5970: $? = 0
configure:5978: result: yes
configure:5983: checking for --hash-style option
configure:5994: gcc -isystem /usr/lib/gcc/x86_64-pc-linux-gnu/7.2.0/include -isystem /usr/include -g -O2   -fno-stack-protector
			    -fPIC -shared -o conftest.so conftest.c
			    -Wl,--hash-style=both -nostdlib 1>&5
configure:5997: $? = 0
configure:6006: result: yes
configure:6014: checking for sufficient default -shared layout
configure:6033:   gcc -isystem /usr/lib/gcc/x86_64-pc-linux-gnu/7.2.0/include -isystem /usr/include  -shared -o conftest.so conftest.s 1>&5
configure:6036: $? = 0
nono from:

HASH .hash
DYNSYM .dynsym
STRTAB .dynstr
VERSYM .gnu.version
VERNEED .gnu.version_r
RELA .rela.dyn
PROGBITS .init
PROGBITS .plt
PROGBITS .plt.got
PROGBITS .text
PROGBITS .fini
NOTE .note.a
NOTE .note.b
PROGBITS .eh_frame
INIT_ARRAY .init_array
FINI_ARRAY .fini_array
DYNAMIC .dynamic
PROGBITS .got
PROGBITS .got.plt
PROGBITS .data
NOBITS .bss
PROGBITS .comment
PROGBITS .debug_aranges
PROGBITS .debug_info
PROGBITS .debug_abbrev
PROGBITS .debug_line
PROGBITS .debug_str
PROGBITS .debug_ranges
SYMTAB .symtab
STRTAB .strtab
STRTAB .shstrtab
configure:6068: result: no
configure:6073: checking for GLOB_DAT reloc
configure:6086: gcc -isystem /usr/lib/gcc/x86_64-pc-linux-gnu/7.2.0/include -isystem /usr/include -g -O2  
			-fPIC -shared -o conftest.so conftest.c
			-nostdlib -nostartfiles -fno-stack-protector
			1>&5
configure:6089: $? = 0
configure:6102: result: yes
configure:6106: checking linker output format
configure:6120: result: elf64-x86-64
configure:6124: checking for -fno-toplevel-reorder -fno-section-anchors
configure:6134: gcc -isystem /usr/lib/gcc/x86_64-pc-linux-gnu/7.2.0/include -isystem /usr/include -g -O2  -S -fno-toplevel-reorder -fno-section-anchors
			    conftest.c 1>&5
configure:6137: $? = 0
configure:6146: result: yes
configure:6155: checking for -mtls-dialect=gnu2
configure:6169: gcc -isystem /usr/lib/gcc/x86_64-pc-linux-gnu/7.2.0/include -isystem /usr/include -g -O2  -S -fPIC -mtls-dialect=gnu2
		   conftest.c 1>&5
configure:6172: $? = 0
configure:6181: result: yes
configure:6187: checking whether cc puts quotes around section names
configure:6208: result: no
configure:6215: checking for __builtin_memset
configure:6227: gcc -isystem /usr/lib/gcc/x86_64-pc-linux-gnu/7.2.0/include -isystem /usr/include -O3 -S conftest.c -o - | grep -F memset > /dev/null
configure:6230: $? = 1
configure:6239: result: yes
configure:6246: checking for redirection of built-in functions
configure:6259: gcc -isystem /usr/lib/gcc/x86_64-pc-linux-gnu/7.2.0/include -isystem /usr/include -O3 -S conftest.c -o - | grep -F my_strstr > /dev/null
configure:6262: $? = 0
configure:6271: result: yes
configure:6277: checking for compiler option to disable generation of FMA instructions
configure:6285: gcc -isystem /usr/lib/gcc/x86_64-pc-linux-gnu/7.2.0/include -isystem /usr/include -ffp-contract=off -xc /dev/null -S -o /dev/null
configure:6288: $? = 0
configure:6294: result: -ffp-contract=off
configure:6327: checking if gcc -isystem /usr/lib/gcc/x86_64-pc-linux-gnu/7.2.0/include -isystem /usr/include accepts -fno-tree-loop-distribute-patterns with __attribute__ ((__optimize__))
configure:6340: gcc -isystem /usr/lib/gcc/x86_64-pc-linux-gnu/7.2.0/include -isystem /usr/include -g -O2  -c conftest.c
configure:6343: $? = 0
configure:6350: result: yes
configure:6358: checking for libgd
configure:6378: gcc -isystem /usr/lib/gcc/x86_64-pc-linux-gnu/7.2.0/include -isystem /usr/include -o conftest -g -O2     conftest.c  -lgd -lpng -lz -lm >&5
conftest.c:21:10: fatal error: gd.h: No such file or directory
 #include <gd.h>
          ^~~~~~
compilation terminated.
configure:6378: $? = 1
configure: failed program was:
| /* confdefs.h */
| #define PACKAGE_NAME "GNU C Library"
| #define PACKAGE_TARNAME "glibc"
| #define PACKAGE_VERSION "(see version.h)"
| #define PACKAGE_STRING "GNU C Library (see version.h)"
| #define PACKAGE_BUGREPORT "http://sourceware.org/bugzilla/"
| #define PACKAGE_URL "http://www.gnu.org/software/glibc/"
| #define PKGVERSION "(GNU libc) "
| #define REPORT_BUGS_TO "<http://www.gnu.org/software/libc/bugs.html>"
| #define HAVE_TUNABLES 1
| #define HAVE_LIBIDN 1
| #define HAVE_CC_NO_STACK_PROTECTOR 1
| #define STACK_PROTECTOR_LEVEL 3
| #define USE_MULTIARCH 1
| #define HAVE_ASM_SET_DIRECTIVE 1
| #define NO_CTORS_DTORS_SECTIONS 1
| #define HAVE_Z_COMBRELOC 1
| #define HAVE_BUILTIN_MEMSET 1
| #define HAVE_CC_INHIBIT_LOOP_TO_LIBCALL 1
| /* end confdefs.h.  */
| #include <gd.h>
| int
| main ()
| {
| gdImagePng (0, 0)
|   ;
|   return 0;
| }
configure:6391: result: no
configure:6400: checking for is_selinux_enabled in -lselinux
configure:6425: gcc -isystem /usr/lib/gcc/x86_64-pc-linux-gnu/7.2.0/include -isystem /usr/include -o conftest -g -O2   conftest.c -lselinux   >&5
/tools/lib/gcc/x86_64-pc-linux-gnu/7.2.0/../../../../x86_64-pc-linux-gnu/bin/ld: cannot find -lselinux
collect2: error: ld returned 1 exit status
configure:6425: $? = 1
configure: failed program was:
| /* confdefs.h */
| #define PACKAGE_NAME "GNU C Library"
| #define PACKAGE_TARNAME "glibc"
| #define PACKAGE_VERSION "(see version.h)"
| #define PACKAGE_STRING "GNU C Library (see version.h)"
| #define PACKAGE_BUGREPORT "http://sourceware.org/bugzilla/"
| #define PACKAGE_URL "http://www.gnu.org/software/glibc/"
| #define PKGVERSION "(GNU libc) "
| #define REPORT_BUGS_TO "<http://www.gnu.org/software/libc/bugs.html>"
| #define HAVE_TUNABLES 1
| #define HAVE_LIBIDN 1
| #define HAVE_CC_NO_STACK_PROTECTOR 1
| #define STACK_PROTECTOR_LEVEL 3
| #define USE_MULTIARCH 1
| #define HAVE_ASM_SET_DIRECTIVE 1
| #define NO_CTORS_DTORS_SECTIONS 1
| #define HAVE_Z_COMBRELOC 1
| #define HAVE_BUILTIN_MEMSET 1
| #define HAVE_CC_INHIBIT_LOOP_TO_LIBCALL 1
| /* end confdefs.h.  */
| 
| /* Override any GCC internal prototype to avoid an error.
|    Use char because int might match the return type of a GCC
|    builtin and then its argument prototype would still apply.  */
| #ifdef __cplusplus
| extern "C"
| #endif
| char is_selinux_enabled ();
| int
| main ()
| {
| return is_selinux_enabled ();
|   ;
|   return 0;
| }
configure:6434: result: no
configure:6557: checking for _FORTIFY_SOURCE predefine
configure:6576: gcc -isystem /usr/lib/gcc/x86_64-pc-linux-gnu/7.2.0/include -isystem /usr/include -c -g -O2  conftest.c >&5
configure:6576: $? = 0
configure:6583: result: no
configure:6593: checking whether the linker provides working __ehdr_start
configure:6616: gcc -isystem /usr/lib/gcc/x86_64-pc-linux-gnu/7.2.0/include -isystem /usr/include -o conftest -g -O2 -fPIC   -nostdlib -nostartfiles -shared -fno-stack-protector conftest.c  >&5
configure:6616: $? = 0
configure:6632: result: yes
configure:6642: checking for __builtin_trap with no external dependencies
configure:6659: gcc -isystem /usr/lib/gcc/x86_64-pc-linux-gnu/7.2.0/include -isystem /usr/include -c -g -O2  conftest.c >&5
configure:6659: $? = 0
libc_undefs=''
configure:6673: result: yes
configure:6687: checking whether the C++ compiler supports thread_local
configure:6715: g++ -c -g -O2 -std=gnu++11  conftest.cpp >&5
configure:6715: $? = 0
configure:6724: result: yes
configure:6754: result: running configure fragment for sysdeps/unix/sysv/linux/x86_64/64
configure:6754: result: running configure fragment for sysdeps/unix/sysv/linux/x86_64
configure:6754: result: running configure fragment for sysdeps/unix/sysv/linux
configure:9: checking installed Linux kernel header files
configure:28: gcc -isystem /usr/lib/gcc/x86_64-pc-linux-gnu/7.2.0/include -isystem /usr/include -c -g -O2  conftest.c >&5
configure:28: $? = 0
configure:35: result: 3.2.0 or later
configure:69: checking for kernel header at least 3.2
configure:87: gcc -isystem /usr/lib/gcc/x86_64-pc-linux-gnu/7.2.0/include -isystem /usr/include -c -g -O2  conftest.c >&5
configure:87: $? = 0
configure:93: result: ok
configure:142: checking for symlinks in /usr/include
configure:159: result: ok
configure:6754: result: running configure fragment for sysdeps/gnu
configure:6754: result: running configure fragment for sysdeps/x86_64
configure:4: checking for AVX512DQ support in assembler
configure:13: gcc -isystem /usr/lib/gcc/x86_64-pc-linux-gnu/7.2.0/include -isystem /usr/include -c  conftest.s 1>&5
configure:16: $? = 0
configure:24: result: yes
configure:31: checking for AVX512 support
configure:37: gcc -isystem /usr/lib/gcc/x86_64-pc-linux-gnu/7.2.0/include -isystem /usr/include -mavx512f -xc /dev/null -S -o /dev/null
configure:40: $? = 0
configure:48: result: yes
configure:57: checking for Intel MPX support
configure:66: gcc -isystem /usr/lib/gcc/x86_64-pc-linux-gnu/7.2.0/include -isystem /usr/include -c  conftest.s 1>&5
configure:69: $? = 0
configure:77: result: yes
configure:6815: checking whether -fPIC is default
configure:6831: result: no
configure:6835: checking whether -fPIE is default
configure:6851: result: no
configure:6985: creating ./config.status

## ---------------------- ##
## Running config.status. ##
## ---------------------- ##

This file was extended by GNU C Library config.status (see version.h), which was
generated by GNU Autoconf 2.69.  Invocation command line was

  CONFIG_FILES    = 
  CONFIG_HEADERS  = 
  CONFIG_LINKS    = 
  CONFIG_COMMANDS = 
  $ ./config.status 

on localhost.localdomain

config.status:947: creating config.make
config.status:947: creating Makefile
config.status:947: creating config.h
config.status:1121: executing default commands

## ---------------- ##
## Cache variables. ##
## ---------------- ##

ac_cv_build=x86_64-pc-linux-gnu
ac_cv_c_compiler_gnu=yes
ac_cv_cxx_compiler_gnu=yes
ac_cv_env_CCC_set=
ac_cv_env_CCC_value=
ac_cv_env_CC_set=set
ac_cv_env_CC_value='gcc -isystem /usr/lib/gcc/x86_64-pc-linux-gnu/7.2.0/include -isystem /usr/include'
ac_cv_env_CFLAGS_set=
ac_cv_env_CFLAGS_value=
ac_cv_env_CPPFLAGS_set=
ac_cv_env_CPPFLAGS_value=
ac_cv_env_CPP_set=
ac_cv_env_CPP_value=
ac_cv_env_CXXFLAGS_set=
ac_cv_env_CXXFLAGS_value=
ac_cv_env_CXX_set=
ac_cv_env_CXX_value=
ac_cv_env_LDFLAGS_set=
ac_cv_env_LDFLAGS_value=
ac_cv_env_LIBS_set=
ac_cv_env_LIBS_value=
ac_cv_env_build_alias_set=
ac_cv_env_build_alias_value=
ac_cv_env_host_alias_set=
ac_cv_env_host_alias_value=
ac_cv_env_target_alias_set=
ac_cv_env_target_alias_value=
ac_cv_host=x86_64-pc-linux-gnu
ac_cv_lib_selinux_is_selinux_enabled=no
ac_cv_objext=o
ac_cv_path_BASH_SHELL=/bin/bash
ac_cv_path_INSTALL_INFO=/tools/bin/install-info
ac_cv_path_PERL=/usr/bin/perl
ac_cv_path_install='/usr/bin/install -c'
ac_cv_prog_AS=/tools/lib/gcc/x86_64-pc-linux-gnu/7.2.0/../../../../x86_64-pc-linux-gnu/bin/as
ac_cv_prog_AWK=gawk
ac_cv_prog_BISON=bison
ac_cv_prog_LD=/tools/lib/gcc/x86_64-pc-linux-gnu/7.2.0/../../../../x86_64-pc-linux-gnu/bin/ld
ac_cv_prog_MAKE=make
ac_cv_prog_MAKEINFO=makeinfo
ac_cv_prog_MSGFMT=msgfmt
ac_cv_prog_SED=sed
ac_cv_prog_ac_ct_CC='gcc -isystem /usr/lib/gcc/x86_64-pc-linux-gnu/7.2.0/include -isystem /usr/include'
ac_cv_prog_ac_ct_CXX=g++
ac_cv_prog_ac_ct_NM=nm
ac_cv_prog_ac_ct_READELF=readelf
ac_cv_prog_cc_g=yes
ac_cv_prog_cxx_g=yes
libc_cv_as_noexecstack=yes
libc_cv_asm_avx512dq=yes
libc_cv_asm_mpx=yes
libc_cv_asm_set_directive=yes
libc_cv_broken_alias_attribute=no
libc_cv_builtin_trap=yes
libc_cv_cc_avx512=yes
libc_cv_cc_loop_to_function=yes
libc_cv_cc_nofma=-ffp-contract=off
libc_cv_cc_with_libunwind=no
libc_cv_compiler_ok=yes
libc_cv_ctors_header=no
libc_cv_cxx_link_ok=yes
libc_cv_cxx_thread_local=yes
libc_cv_ehdr_start=yes
libc_cv_fno_toplevel_reorder=yes
libc_cv_fpie=yes
libc_cv_gcc_builtin_memset=yes
libc_cv_gcc_builtin_redirection=yes
libc_cv_gcc_indirect_function=yes
libc_cv_gcc_unwind_find_fde=no
libc_cv_has_glob_dat=yes
libc_cv_hashstyle=yes
libc_cv_have_sdata_section=no
libc_cv_have_section_quotes=no
libc_cv_idn=no
libc_cv_ld_gnu_indirect_function=yes
libc_cv_linux320='3.2.0 or later'
libc_cv_localstatedir=/var
libc_cv_mtls_dialect_gnu2=yes
libc_cv_nss_crypt=no
libc_cv_output_format=elf64-x86-64
libc_cv_pic_default=no
libc_cv_pie_default=no
libc_cv_predef_fortify_source=no
libc_cv_prog_as_gnu=yes
libc_cv_prog_ld_gnu=yes
libc_cv_protected_data=yes
libc_cv_rootsbindir=/sbin
libc_cv_slibdir=/lib
libc_cv_ssp=yes
libc_cv_ssp_all=yes
libc_cv_ssp_strong=yes
libc_cv_static_nss_crypt=no
libc_cv_sysconfdir=/etc
libc_cv_use_default_link=no
libc_cv_x32=no
libc_cv_z_combreloc=yes
libc_cv_z_execstack=yes

## ----------------- ##
## Output variables. ##
## ----------------- ##

AR='/tools/lib/gcc/x86_64-pc-linux-gnu/7.2.0/../../../../x86_64-pc-linux-gnu/bin/ar'
AS='/tools/lib/gcc/x86_64-pc-linux-gnu/7.2.0/../../../../x86_64-pc-linux-gnu/bin/as'
ASFLAGS_config=' -Wa,--noexecstack'
AUTOCONF='no'
AWK='gawk'
BASH_SHELL='/bin/bash'
BISON='bison'
BUILD_CC=''
CC='gcc -isystem /usr/lib/gcc/x86_64-pc-linux-gnu/7.2.0/include -isystem /usr/include'
CFLAGS='-g -O2'
CPP='gcc -isystem /usr/lib/gcc/x86_64-pc-linux-gnu/7.2.0/include -isystem /usr/include -E'
CPPFLAGS=''
CPPUNDEFS=''
CXX='g++'
CXXFLAGS='-g -O2'
CXX_BITS_STD_ABS_H='/tools/include/c++/7.2.0/bits/std_abs.h'
CXX_CMATH_HEADER='/tools/include/c++/7.2.0/cmath'
CXX_CSTDLIB_HEADER='/tools/include/c++/7.2.0/cstdlib'
CXX_SYSINCLUDES=''
DEFINES=''
DEFS='-DHAVE_CONFIG_H'
ECHO_C=''
ECHO_N='-n'
ECHO_T=''
INSTALL_DATA='${INSTALL} -m 644'
INSTALL_INFO='/tools/bin/install-info'
INSTALL_PROGRAM='${INSTALL}'
INSTALL_SCRIPT='${INSTALL}'
LD='/tools/lib/gcc/x86_64-pc-linux-gnu/7.2.0/../../../../x86_64-pc-linux-gnu/bin/ld'
LDFLAGS=''
LIBGD='no'
LIBOBJS=''
LIBS=''
LN_S='ln -s'
LTLIBOBJS=''
MAKE='make'
MAKEINFO='makeinfo'
MSGFMT='msgfmt'
NM='nm'
OBJCOPY='/tools/lib/gcc/x86_64-pc-linux-gnu/7.2.0/../../../../x86_64-pc-linux-gnu/bin/objcopy'
OBJDUMP='/tools/lib/gcc/x86_64-pc-linux-gnu/7.2.0/../../../../x86_64-pc-linux-gnu/bin/objdump'
OBJEXT='o'
PACKAGE_BUGREPORT='http://sourceware.org/bugzilla/'
PACKAGE_NAME='GNU C Library'
PACKAGE_STRING='GNU C Library (see version.h)'
PACKAGE_TARNAME='glibc'
PACKAGE_URL='http://www.gnu.org/software/glibc/'
PACKAGE_VERSION='(see version.h)'
PATH_SEPARATOR=':'
PERL='/usr/bin/perl'
PKGVERSION='(GNU libc) '
PKGVERSION_TEXI='(GNU libc) '
PYTHON=''
PYTHON_PROG='no'
READELF='readelf'
RELEASE='stable'
REPORT_BUGS_TEXI='@uref{http://www.gnu.org/software/libc/bugs.html}'
REPORT_BUGS_TO='<http://www.gnu.org/software/libc/bugs.html>'
SED='sed'
SHELL='/bin/sh'
SYSINCLUDES=''
VERSION='2.26'
ac_ct_CC='gcc -isystem /usr/lib/gcc/x86_64-pc-linux-gnu/7.2.0/include -isystem /usr/include'
ac_ct_CXX='g++'
add_on_subdirs=' libidn'
add_ons='libidn'
all_warnings=''
base_machine='x86_64'
bindir='${exec_prefix}/bin'
bindnow='no'
build='x86_64-pc-linux-gnu'
build_alias=''
build_cpu='x86_64'
build_nscd='yes'
build_obsolete_nsl='no'
build_os='linux-gnu'
build_pt_chown='no'
build_vendor='pc'
cross_compiling='no'
datadir='${datarootdir}'
datarootdir='${prefix}/share'
docdir='${datarootdir}/doc/${PACKAGE_TARNAME}'
dvidir='${docdir}'
enable_lock_elision='no'
enable_timezone_tools='yes'
enable_werror='no'
exec_prefix='${prefix}'
experimental_malloc='yes'
fno_unit_at_a_time='-fno-toplevel-reorder -fno-section-anchors'
force_install='yes'
hardcoded_path_in_tests='no'
have_libaudit=''
have_libcap=''
have_selinux='no'
have_tunables='yes'
host='x86_64-pc-linux-gnu'
host_alias=''
host_cpu='x86_64'
host_os='linux-gnu'
host_vendor='pc'
htmldir='${docdir}'
includedir='${prefix}/include'
infodir='${datarootdir}/info'
ldd_rewrite_script='sysdeps/unix/sysv/linux/x86_64/ldd-rewrite.sed'
libc_cv_cc_loop_to_function='yes'
libc_cv_cc_nofma='-ffp-contract=off'
libc_cv_cc_submachine=''
libc_cv_cc_with_libunwind='no'
libc_cv_complocaledir=''
libc_cv_cxx_thread_local='yes'
libc_cv_fpie='yes'
libc_cv_gcc_unwind_find_fde='no'
libc_cv_has_glob_dat='yes'
libc_cv_hashstyle='yes'
libc_cv_localstatedir='/var'
libc_cv_mtls_dialect_gnu2='yes'
libc_cv_nss_crypt='no'
libc_cv_output_format='elf64-x86-64'
libc_cv_pic_default='no'
libc_cv_pie_default='no'
libc_cv_protected_data='yes'
libc_cv_rootsbindir='/sbin'
libc_cv_rtlddir=''
libc_cv_slibdir='/lib'
libc_cv_ssp='yes'
libc_cv_static_nss_crypt='no'
libc_cv_sysconfdir='/etc'
libc_cv_z_combreloc='yes'
libc_cv_z_execstack='yes'
libc_extra_cflags=''
libc_extra_cppflags=''
libdir='${exec_prefix}/lib'
libexecdir='${exec_prefix}/libexec'
link_obsolete_rpc='no'
localedir='${datarootdir}/locale'
localstatedir='${prefix}/var'
mach_interface_list=''
mandir='${datarootdir}/man'
multi_arch='default'
no_stack_protector='-fno-stack-protector -DSTACK_PROTECTOR_LEVEL=0'
oldincludedir='/usr/include'
pdfdir='${docdir}'
prefix='/usr'
profile='no'
program_transform_name='s,x,x,'
psdir='${docdir}'
sbindir='${exec_prefix}/sbin'
shared='yes'
sharedstatedir='${prefix}/com'
stack_protector='-fstack-protector-strong'
static=''
static_nss='no'
subdirs='  '
submachine=''
sysconfdir='${prefix}/etc'
sysdeps_add_ons=''
sysheaders=''
sysnames=' sysdeps/unix/sysv/linux/x86_64/64 sysdeps/unix/sysv/linux/x86_64 sysdeps/unix/sysv/linux/x86 sysdeps/x86/nptl sysdeps/unix/sysv/linux/wordsize-64 sysdeps/x86_64/nptl sysdeps/unix/sysv/linux sysdeps/nptl sysdeps/pthread sysdeps/gnu sysdeps/unix/inet sysdeps/unix/sysv sysdeps/unix/x86_64 sysdeps/unix sysdeps/posix sysdeps/x86_64/64 sysdeps/x86_64/fpu/multiarch sysdeps/x86_64/fpu sysdeps/x86/fpu sysdeps/x86_64/multiarch sysdeps/x86_64 sysdeps/x86 sysdeps/ieee754/float128 sysdeps/ieee754/ldbl-96 sysdeps/ieee754/dbl-64/wordsize-64 sysdeps/ieee754/dbl-64 sysdeps/ieee754/flt-32 sysdeps/wordsize-64 sysdeps/ieee754 sysdeps/generic'
target_alias=''
use_default_link='no'
use_ldconfig='yes'
use_nscd='yes'
with_fp='yes'

## ----------- ##
## confdefs.h. ##
## ----------- ##

/* confdefs.h */
#define PACKAGE_NAME "GNU C Library"
#define PACKAGE_TARNAME "glibc"
#define PACKAGE_VERSION "(see version.h)"
#define PACKAGE_STRING "GNU C Library (see version.h)"
#define PACKAGE_BUGREPORT "http://sourceware.org/bugzilla/"
#define PACKAGE_URL "http://www.gnu.org/software/glibc/"
#define PKGVERSION "(GNU libc) "
#define REPORT_BUGS_TO "<http://www.gnu.org/software/libc/bugs.html>"
#define HAVE_TUNABLES 1
#define HAVE_LIBIDN 1
#define HAVE_CC_NO_STACK_PROTECTOR 1
#define STACK_PROTECTOR_LEVEL 3
#define USE_MULTIARCH 1
#define HAVE_ASM_SET_DIRECTIVE 1
#define NO_CTORS_DTORS_SECTIONS 1
#define HAVE_Z_COMBRELOC 1
#define HAVE_BUILTIN_MEMSET 1
#define HAVE_CC_INHIBIT_LOOP_TO_LIBCALL 1
#define HAVE_EHDR_START 1
#define HAVE_BUILTIN_TRAP 1
#define __LINUX_KERNEL_VERSION (3 * 65536 + 2 * 256 + 0)
#define __ABI_TAG_VERSION 3,2,0
#define HAVE_INLINED_SYSCALLS 1
#define HAVE_AVX512DQ_ASM_SUPPORT 1
#define HAVE_AVX512_SUPPORT 1
#define HAVE_MPX_SUPPORT 1
#define PI_STATIC_AND_HIDDEN 1
#define HAVE_IFUNC 1
#define HAVE_GCC_IFUNC 1
#define USE_NSCD 1
#define USE_LDCONFIG 1

configure: exit 0
