checking for perl... perl
checking for module Locale::gettext... no
checking for msgfmt... /usr/bin/msgfmt
checking for gcc... gcc
checking whether the C compiler works... yes
checking for C compiler default output file name... a.out
checking for suffix of executables... 
checking whether we are cross compiling... no
checking for suffix of object files... o
checking whether we are using the GNU C compiler... yes
checking whether gcc accepts -g... yes
checking for gcc option to accept ISO C89... none needed
checking for library containing dlsym... -ldl
checking for library containing bindtextdomain... none required
checking for a BSD-compatible install... /usr/bin/install -c
checking for makeinfo... /usr/bin/makeinfo
checking for install-info... /usr/bin/install-info
checking for msgmerge... /usr/bin/msgmerge
checking for xgettext... /usr/bin/xgettext
checking for po4a-updatepo... ../build-aux/missing po4a-updatepo
checking for po4a-translate... ../build-aux/missing po4a-translate
configure: creating ./config.status
config.status: creating Makefile
