This file contains any messages produced by compilers while
running configure, to aid debugging if configure makes a mistake.

It was created by GNU help2man configure 1.47.5, which was
generated by GNU Autoconf 2.69.  Invocation command line was

  $ ../configure --prefix=/usr

## --------- ##
## Platform. ##
## --------- ##

hostname = localhost.localdomain
uname -m = x86_64
uname -r = 3.10.0-693.11.1.el7.x86_64
uname -s = Linux
uname -v = #1 SMP Mon Dec 4 23:52:40 UTC 2017

/usr/bin/uname -p = unknown
/bin/uname -X     = unknown

/bin/arch              = unknown
/usr/bin/arch -k       = unknown
/usr/convex/getsysinfo = unknown
/usr/bin/hostinfo      = unknown
/bin/machine           = unknown
/usr/bin/oslevel       = unknown
/bin/universe          = unknown

PATH: /bin
PATH: /usr/bin
PATH: /sbin
PATH: /usr/sbin


## ----------- ##
## Core tests. ##
## ----------- ##

configure:1847: checking for perl
configure:1852: ...version 5.008 required
configure:1861: trying perl
found version 5.026
configure:1870: result: perl
configure:1880: checking for module Locale::gettext
Can't locate Locale/gettext.pm in @INC (you may need to install the Locale::gettext module) (@INC contains: /usr/lib/perl5/site_perl/5.26.1/x86_64-linux-thread-multi /usr/lib/perl5/site_perl/5.26.1 /usr/lib/perl5/vendor_perl/5.26.1/x86_64-linux-thread-multi /usr/lib/perl5/vendor_perl/5.26.1 /usr/lib/perl5/5.26.1/x86_64-linux-thread-multi /usr/lib/perl5/5.26.1).
BEGIN failed--compilation aborted.
configure:1892: result: no
configure:1897: checking for msgfmt
configure:1915: found /usr/bin/msgfmt
configure:1927: result: /usr/bin/msgfmt
configure:1984: checking for gcc
configure:2000: found /usr/bin/gcc
configure:2011: result: gcc
configure:2240: checking for C compiler version
configure:2249: gcc --version >&5
gcc (GCC) 7.2.0
Copyright (C) 2017 Free Software Foundation, Inc.
This is free software; see the source for copying conditions.  There is NO
warranty; not even for MERCHANTABILITY or FITNESS FOR A PARTICULAR PURPOSE.

configure:2260: $? = 0
configure:2249: gcc -v >&5
Using built-in specs.
COLLECT_GCC=gcc
COLLECT_LTO_WRAPPER=/usr/libexec/gcc/x86_64-pc-linux-gnu/7.2.0/lto-wrapper
Target: x86_64-pc-linux-gnu
Configured with: ../configure --prefix=/usr --enable-languages=c,c++ --disable-multilib --disable-bootstrap --with-system-zlib
Thread model: posix
gcc version 7.2.0 (GCC) 
configure:2260: $? = 0
configure:2249: gcc -V >&5
gcc: error: unrecognized command line option '-V'
gcc: fatal error: no input files
compilation terminated.
configure:2260: $? = 1
configure:2249: gcc -qversion >&5
gcc: error: unrecognized command line option '-qversion'; did you mean '--version'?
gcc: fatal error: no input files
compilation terminated.
configure:2260: $? = 1
configure:2280: checking whether the C compiler works
configure:2302: gcc    conftest.c  >&5
configure:2306: $? = 0
configure:2354: result: yes
configure:2357: checking for C compiler default output file name
configure:2359: result: a.out
configure:2365: checking for suffix of executables
configure:2372: gcc -o conftest    conftest.c  >&5
configure:2376: $? = 0
configure:2398: result: 
configure:2420: checking whether we are cross compiling
configure:2428: gcc -o conftest    conftest.c  >&5
configure:2432: $? = 0
configure:2439: ./conftest
configure:2443: $? = 0
configure:2458: result: no
configure:2463: checking for suffix of object files
configure:2485: gcc -c   conftest.c >&5
configure:2489: $? = 0
configure:2510: result: o
configure:2514: checking whether we are using the GNU C compiler
configure:2533: gcc -c   conftest.c >&5
configure:2533: $? = 0
configure:2542: result: yes
configure:2551: checking whether gcc accepts -g
configure:2571: gcc -c -g  conftest.c >&5
configure:2571: $? = 0
configure:2612: result: yes
configure:2629: checking for gcc option to accept ISO C89
configure:2692: gcc  -c -g -O2  conftest.c >&5
configure:2692: $? = 0
configure:2705: result: none needed
configure:2726: checking for library containing dlsym
configure:2757: gcc -o conftest -g -O2   conftest.c  >&5
/tmp/ccHC04pG.o: In function `main':
/sources/help2man-1.47.5/build/conftest.c:20: undefined reference to `dlsym'
collect2: error: ld returned 1 exit status
configure:2757: $? = 1
configure: failed program was:
| /* confdefs.h */
| #define PACKAGE_NAME "GNU help2man"
| #define PACKAGE_TARNAME "help2man"
| #define PACKAGE_VERSION "1.47.5"
| #define PACKAGE_STRING "GNU help2man 1.47.5"
| #define PACKAGE_BUGREPORT "bug-help2man@gnu.org"
| #define PACKAGE_URL "http://www.gnu.org/software/help2man/"
| /* end confdefs.h.  */
| 
| /* Override any GCC internal prototype to avoid an error.
|    Use char because int might match the return type of a GCC
|    builtin and then its argument prototype would still apply.  */
| #ifdef __cplusplus
| extern "C"
| #endif
| char dlsym ();
| int
| main ()
| {
| return dlsym ();
|   ;
|   return 0;
| }
configure:2757: gcc -o conftest -g -O2   conftest.c -ldl   >&5
configure:2757: $? = 0
configure:2774: result: -ldl
configure:2782: checking for library containing bindtextdomain
configure:2813: gcc -o conftest -g -O2   conftest.c -ldl  >&5
configure:2813: $? = 0
configure:2830: result: none required
configure:2892: checking for a BSD-compatible install
configure:2960: result: /usr/bin/install -c
configure:2975: checking for makeinfo
configure:2993: found /usr/bin/makeinfo
configure:3006: result: /usr/bin/makeinfo
configure:3019: checking for install-info
configure:3037: found /usr/bin/install-info
configure:3050: result: /usr/bin/install-info
configure:3063: checking for msgmerge
configure:3081: found /usr/bin/msgmerge
configure:3094: result: /usr/bin/msgmerge
configure:3107: checking for xgettext
configure:3125: found /usr/bin/xgettext
configure:3138: result: /usr/bin/xgettext
configure:3151: checking for po4a-updatepo
configure:3182: result: ../build-aux/missing po4a-updatepo
configure:3195: checking for po4a-translate
configure:3226: result: ../build-aux/missing po4a-translate
configure:3388: creating ./config.status

## ---------------------- ##
## Running config.status. ##
## ---------------------- ##

This file was extended by GNU help2man config.status 1.47.5, which was
generated by GNU Autoconf 2.69.  Invocation command line was

  CONFIG_FILES    = 
  CONFIG_HEADERS  = 
  CONFIG_LINKS    = 
  CONFIG_COMMANDS = 
  $ ./config.status 

on localhost.localdomain

config.status:738: creating Makefile

## ---------------- ##
## Cache variables. ##
## ---------------- ##

ac_cv_c_compiler_gnu=yes
ac_cv_enable_nls=no
ac_cv_env_CC_set=
ac_cv_env_CC_value=
ac_cv_env_CFLAGS_set=
ac_cv_env_CFLAGS_value=
ac_cv_env_CPPFLAGS_set=
ac_cv_env_CPPFLAGS_value=
ac_cv_env_LDFLAGS_set=
ac_cv_env_LDFLAGS_value=
ac_cv_env_LIBS_set=
ac_cv_env_LIBS_value=
ac_cv_env_build_alias_set=
ac_cv_env_build_alias_value=
ac_cv_env_host_alias_set=
ac_cv_env_host_alias_value=
ac_cv_env_target_alias_set=
ac_cv_env_target_alias_value=
ac_cv_module_Locale__gettext=no
ac_cv_objext=o
ac_cv_path_INSTALL_INFO=/usr/bin/install-info
ac_cv_path_MAKEINFO=/usr/bin/makeinfo
ac_cv_path_MSGFMT=/usr/bin/msgfmt
ac_cv_path_MSGMERGE=/usr/bin/msgmerge
ac_cv_path_PO4A_TRANSLATE='../build-aux/missing po4a-translate'
ac_cv_path_PO4A_UPDATEPO='../build-aux/missing po4a-updatepo'
ac_cv_path_XGETTEXT=/usr/bin/xgettext
ac_cv_path_install='/usr/bin/install -c'
ac_cv_prog_PERL=perl
ac_cv_prog_ac_ct_CC=gcc
ac_cv_prog_cc_c89=
ac_cv_prog_cc_g=yes
ac_cv_search_bindtextdomain='none required'
ac_cv_search_dlsym=-ldl

## ----------------- ##
## Output variables. ##
## ----------------- ##

CC='gcc'
CFLAGS='-g -O2'
CPPFLAGS=''
DEFS='-DPACKAGE_NAME=\"GNU\ help2man\" -DPACKAGE_TARNAME=\"help2man\" -DPACKAGE_VERSION=\"1.47.5\" -DPACKAGE_STRING=\"GNU\ help2man\ 1.47.5\" -DPACKAGE_BUGREPORT=\"bug-help2man@gnu.org\" -DPACKAGE_URL=\"http://www.gnu.org/software/help2man/\"'
ECHO_C=''
ECHO_N='-n'
ECHO_T=''
EXEEXT=''
INSTALL_DATA='${INSTALL} -m 644'
INSTALL_INFO='/usr/bin/install-info'
INSTALL_PROGRAM='${INSTALL}'
INSTALL_SCRIPT='${INSTALL}'
LDFLAGS=''
LIBOBJS=''
LIBS='-ldl '
LTLIBOBJS=''
MAKEINFO='/usr/bin/makeinfo'
MSGFMT='/usr/bin/msgfmt'
MSGMERGE='/usr/bin/msgmerge'
OBJEXT='o'
PACKAGE_BUGREPORT='bug-help2man@gnu.org'
PACKAGE_NAME='GNU help2man'
PACKAGE_STRING='GNU help2man 1.47.5'
PACKAGE_TARNAME='help2man'
PACKAGE_URL='http://www.gnu.org/software/help2man/'
PACKAGE_VERSION='1.47.5'
PATH_SEPARATOR=':'
PERL='perl'
PO4A_TRANSLATE='../build-aux/missing po4a-translate'
PO4A_UPDATEPO='../build-aux/missing po4a-updatepo'
SHELL='/bin/sh'
XGETTEXT='/usr/bin/xgettext'
ac_ct_CC='gcc'
auxdir='../build-aux'
bindir='${exec_prefix}/bin'
build_alias=''
datadir='${datarootdir}'
datarootdir='${prefix}/share'
docdir='${datarootdir}/doc/${PACKAGE_TARNAME}'
dvidir='${docdir}'
exec_prefix='${prefix}'
extra_extract_args=''
extra_make_all=''
extra_make_install=''
host_alias=''
htmldir='${docdir}'
includedir='${prefix}/include'
infodir='${datarootdir}/info'
libdir='${exec_prefix}/lib'
libexecdir='${exec_prefix}/libexec'
localedir='${datarootdir}/locale'
localstatedir='${prefix}/var'
mandir='${datarootdir}/man'
oldincludedir='/usr/include'
pdfdir='${docdir}'
prefix='/usr'
program_transform_name='s,x,x,'
psdir='${docdir}'
runstatedir='${localstatedir}/run'
sbindir='${exec_prefix}/sbin'
sharedstatedir='${prefix}/com'
sysconfdir='${prefix}/etc'
target_alias=''

## ----------- ##
## confdefs.h. ##
## ----------- ##

/* confdefs.h */
#define PACKAGE_NAME "GNU help2man"
#define PACKAGE_TARNAME "help2man"
#define PACKAGE_VERSION "1.47.5"
#define PACKAGE_STRING "GNU help2man 1.47.5"
#define PACKAGE_BUGREPORT "bug-help2man@gnu.org"
#define PACKAGE_URL "http://www.gnu.org/software/help2man/"

configure: exit 0
