make -C libcap all
make[1]: Entering directory '/sources/libcap-2.25/libcap'
=> making cap_names.list.h from /sources/libcap-2.25/libcap/../libcap/include/uapi/linux/capability.h
perl -e 'while ($l=<>) { if ($l =~ /^\#define[ \t](CAP[_A-Z]+)[ \t]+([0-9]+)\s+$/) { $tok=$1; $val=$2; $tok =~ tr/A-Z/a-z/; print "{\"$tok\",$val},\n"; } }' /sources/libcap-2.25/libcap/../libcap/include/uapi/linux/capability.h | fgrep -v 0x > cap_names.list.h
gcc -O2 -D_LARGEFILE64_SOURCE -D_FILE_OFFSET_BITS=64 -fPIC -I/sources/libcap-2.25/libcap/../libcap/include/uapi -I/sources/libcap-2.25/libcap/../libcap/include _makenames.c -o _makenames
./_makenames > cap_names.h
gcc -O2 -D_LARGEFILE64_SOURCE -D_FILE_OFFSET_BITS=64 -Dlinux -Wall -Wwrite-strings -Wpointer-arith -Wcast-qual -Wcast-align -Wstrict-prototypes -Wmissing-prototypes -Wnested-externs -Winline -Wshadow -g  -fPIC -I/sources/libcap-2.25/libcap/../libcap/include/uapi -I/sources/libcap-2.25/libcap/../libcap/include -c cap_alloc.c -o cap_alloc.o
gcc -O2 -D_LARGEFILE64_SOURCE -D_FILE_OFFSET_BITS=64 -Dlinux -Wall -Wwrite-strings -Wpointer-arith -Wcast-qual -Wcast-align -Wstrict-prototypes -Wmissing-prototypes -Wnested-externs -Winline -Wshadow -g  -fPIC -I/sources/libcap-2.25/libcap/../libcap/include/uapi -I/sources/libcap-2.25/libcap/../libcap/include -c cap_proc.c -o cap_proc.o
gcc -O2 -D_LARGEFILE64_SOURCE -D_FILE_OFFSET_BITS=64 -Dlinux -Wall -Wwrite-strings -Wpointer-arith -Wcast-qual -Wcast-align -Wstrict-prototypes -Wmissing-prototypes -Wnested-externs -Winline -Wshadow -g  -fPIC -I/sources/libcap-2.25/libcap/../libcap/include/uapi -I/sources/libcap-2.25/libcap/../libcap/include -c cap_extint.c -o cap_extint.o
gcc -O2 -D_LARGEFILE64_SOURCE -D_FILE_OFFSET_BITS=64 -Dlinux -Wall -Wwrite-strings -Wpointer-arith -Wcast-qual -Wcast-align -Wstrict-prototypes -Wmissing-prototypes -Wnested-externs -Winline -Wshadow -g  -fPIC -I/sources/libcap-2.25/libcap/../libcap/include/uapi -I/sources/libcap-2.25/libcap/../libcap/include -c cap_flag.c -o cap_flag.o
gcc -O2 -D_LARGEFILE64_SOURCE -D_FILE_OFFSET_BITS=64 -Dlinux -Wall -Wwrite-strings -Wpointer-arith -Wcast-qual -Wcast-align -Wstrict-prototypes -Wmissing-prototypes -Wnested-externs -Winline -Wshadow -g  -fPIC -I/sources/libcap-2.25/libcap/../libcap/include/uapi -I/sources/libcap-2.25/libcap/../libcap/include  -c cap_text.c -o cap_text.o
gcc -O2 -D_LARGEFILE64_SOURCE -D_FILE_OFFSET_BITS=64 -Dlinux -Wall -Wwrite-strings -Wpointer-arith -Wcast-qual -Wcast-align -Wstrict-prototypes -Wmissing-prototypes -Wnested-externs -Winline -Wshadow -g  -fPIC -I/sources/libcap-2.25/libcap/../libcap/include/uapi -I/sources/libcap-2.25/libcap/../libcap/include -c cap_file.c -o cap_file.o
gcc -Wl,-x -shared -O2 -D_LARGEFILE64_SOURCE -D_FILE_OFFSET_BITS=64 -Dlinux -Wall -Wwrite-strings -Wpointer-arith -Wcast-qual -Wcast-align -Wstrict-prototypes -Wmissing-prototypes -Wnested-externs -Winline -Wshadow -g   -L/sources/libcap-2.25/libcap/../libcap -Wl,-soname,libcap.so.2 -o libcap.so.2.25 cap_alloc.o cap_proc.o cap_extint.o cap_flag.o cap_text.o cap_file.o
ln -sf libcap.so.2.25 libcap.so.2
ln -sf libcap.so.2 libcap.so
ar rcs libcap.a cap_alloc.o cap_proc.o cap_extint.o cap_flag.o cap_text.o cap_file.o
ranlib libcap.a
sed -e 's,@prefix@,/usr,' \
	-e 's,@exec_prefix@,,' \
	-e 's,@libdir@,/lib64,' \
	-e 's,@includedir@,/usr/include,' \
	-e 's,@VERSION@,2.25,' \
	-e 's,@deps@,,' \
	libcap.pc.in >libcap.pc
make[1]: Leaving directory '/sources/libcap-2.25/libcap'
make -C progs all
make[1]: Entering directory '/sources/libcap-2.25/progs'
gcc -fPIC -I/sources/libcap-2.25/progs/../libcap/include/uapi -I/sources/libcap-2.25/progs/../libcap/include -O2 -D_LARGEFILE64_SOURCE -D_FILE_OFFSET_BITS=64 -Dlinux -Wall -Wwrite-strings -Wpointer-arith -Wcast-qual -Wcast-align -Wstrict-prototypes -Wmissing-prototypes -Wnested-externs -Winline -Wshadow -g  -c getpcaps.c -o getpcaps.o
gcc -O2 -D_LARGEFILE64_SOURCE -D_FILE_OFFSET_BITS=64 -Dlinux -Wall -Wwrite-strings -Wpointer-arith -Wcast-qual -Wcast-align -Wstrict-prototypes -Wmissing-prototypes -Wnested-externs -Winline -Wshadow -g   -L/sources/libcap-2.25/progs/../libcap -o getpcaps getpcaps.o -L../libcap -lcap
gcc -fPIC -I/sources/libcap-2.25/progs/../libcap/include/uapi -I/sources/libcap-2.25/progs/../libcap/include -O2 -D_LARGEFILE64_SOURCE -D_FILE_OFFSET_BITS=64 -Dlinux -Wall -Wwrite-strings -Wpointer-arith -Wcast-qual -Wcast-align -Wstrict-prototypes -Wmissing-prototypes -Wnested-externs -Winline -Wshadow -g  -c capsh.c -o capsh.o
gcc -O2 -D_LARGEFILE64_SOURCE -D_FILE_OFFSET_BITS=64 -Dlinux -Wall -Wwrite-strings -Wpointer-arith -Wcast-qual -Wcast-align -Wstrict-prototypes -Wmissing-prototypes -Wnested-externs -Winline -Wshadow -g   -L/sources/libcap-2.25/progs/../libcap -o capsh capsh.o -L../libcap -lcap
gcc -fPIC -I/sources/libcap-2.25/progs/../libcap/include/uapi -I/sources/libcap-2.25/progs/../libcap/include -O2 -D_LARGEFILE64_SOURCE -D_FILE_OFFSET_BITS=64 -Dlinux -Wall -Wwrite-strings -Wpointer-arith -Wcast-qual -Wcast-align -Wstrict-prototypes -Wmissing-prototypes -Wnested-externs -Winline -Wshadow -g  -c getcap.c -o getcap.o
gcc -O2 -D_LARGEFILE64_SOURCE -D_FILE_OFFSET_BITS=64 -Dlinux -Wall -Wwrite-strings -Wpointer-arith -Wcast-qual -Wcast-align -Wstrict-prototypes -Wmissing-prototypes -Wnested-externs -Winline -Wshadow -g   -L/sources/libcap-2.25/progs/../libcap -o getcap getcap.o -L../libcap -lcap
gcc -fPIC -I/sources/libcap-2.25/progs/../libcap/include/uapi -I/sources/libcap-2.25/progs/../libcap/include -O2 -D_LARGEFILE64_SOURCE -D_FILE_OFFSET_BITS=64 -Dlinux -Wall -Wwrite-strings -Wpointer-arith -Wcast-qual -Wcast-align -Wstrict-prototypes -Wmissing-prototypes -Wnested-externs -Winline -Wshadow -g  -c setcap.c -o setcap.o
gcc -O2 -D_LARGEFILE64_SOURCE -D_FILE_OFFSET_BITS=64 -Dlinux -Wall -Wwrite-strings -Wpointer-arith -Wcast-qual -Wcast-align -Wstrict-prototypes -Wmissing-prototypes -Wnested-externs -Winline -Wshadow -g   -L/sources/libcap-2.25/progs/../libcap -o setcap setcap.o -L../libcap -lcap
make[1]: Leaving directory '/sources/libcap-2.25/progs'
make -C doc all
make[1]: Entering directory '/sources/libcap-2.25/doc'
make[1]: Nothing to be done for 'all'.
make[1]: Leaving directory '/sources/libcap-2.25/doc'
