This file contains any messages produced by compilers while
running configure, to aid debugging if configure makes a mistake.

It was created by cracklib configure 2.9.6, which was
generated by GNU Autoconf 2.69.  Invocation command line was

  $ ../configure --prefix=/usr --disable-static --with-default-dict=/lib/cracklib/pw_dict

## --------- ##
## Platform. ##
## --------- ##

hostname = localhost.localdomain
uname -m = x86_64
uname -r = 3.10.0-693.11.1.el7.x86_64
uname -s = Linux
uname -v = #1 SMP Mon Dec 4 23:52:40 UTC 2017

/usr/bin/uname -p = unknown
/bin/uname -X     = unknown

/bin/arch              = unknown
/usr/bin/arch -k       = unknown
/usr/convex/getsysinfo = unknown
/usr/bin/hostinfo      = unknown
/bin/machine           = unknown
/usr/bin/oslevel       = unknown
/bin/universe          = unknown

PATH: /bin
PATH: /usr/bin
PATH: /sbin
PATH: /usr/sbin
PATH: /tools/bin


## ----------- ##
## Core tests. ##
## ----------- ##

configure:2300: checking for a BSD-compatible install
configure:2368: result: /usr/bin/install -c
configure:2379: checking whether build environment is sane
configure:2434: result: yes
configure:2585: checking for a thread-safe mkdir -p
configure:2624: result: /tools/bin/mkdir -p
configure:2631: checking for gawk
configure:2647: found /tools/bin/gawk
configure:2658: result: gawk
configure:2669: checking whether make sets $(MAKE)
configure:2691: result: yes
configure:2720: checking whether make supports nested variables
configure:2737: result: yes
configure:2856: checking build system type
configure:2870: result: x86_64-pc-linux-gnu
configure:2890: checking host system type
configure:2903: result: x86_64-pc-linux-gnu
configure:2944: checking how to print strings
configure:2971: result: printf
configure:3004: checking for style of include used by make
configure:3032: result: GNU
configure:3103: checking for gcc
configure:3119: found /usr/bin/gcc
configure:3130: result: gcc
configure:3359: checking for C compiler version
configure:3368: gcc --version >&5
gcc (GCC) 7.2.0
Copyright (C) 2017 Free Software Foundation, Inc.
This is free software; see the source for copying conditions.  There is NO
warranty; not even for MERCHANTABILITY or FITNESS FOR A PARTICULAR PURPOSE.

configure:3379: $? = 0
configure:3368: gcc -v >&5
Using built-in specs.
COLLECT_GCC=gcc
COLLECT_LTO_WRAPPER=/usr/libexec/gcc/x86_64-pc-linux-gnu/7.2.0/lto-wrapper
Target: x86_64-pc-linux-gnu
Configured with: ../configure --prefix=/usr --enable-languages=c,c++ --disable-multilib --disable-bootstrap --with-system-zlib
Thread model: posix
gcc version 7.2.0 (GCC) 
configure:3379: $? = 0
configure:3368: gcc -V >&5
gcc: error: unrecognized command line option '-V'
gcc: fatal error: no input files
compilation terminated.
configure:3379: $? = 1
configure:3368: gcc -qversion >&5
gcc: error: unrecognized command line option '-qversion'; did you mean '--version'?
gcc: fatal error: no input files
compilation terminated.
configure:3379: $? = 1
configure:3399: checking whether the C compiler works
configure:3421: gcc    conftest.c  >&5
configure:3425: $? = 0
configure:3473: result: yes
configure:3476: checking for C compiler default output file name
configure:3478: result: a.out
configure:3484: checking for suffix of executables
configure:3491: gcc -o conftest    conftest.c  >&5
configure:3495: $? = 0
configure:3517: result: 
configure:3539: checking whether we are cross compiling
configure:3547: gcc -o conftest    conftest.c  >&5
configure:3551: $? = 0
configure:3558: ./conftest
configure:3562: $? = 0
configure:3577: result: no
configure:3582: checking for suffix of object files
configure:3604: gcc -c   conftest.c >&5
configure:3608: $? = 0
configure:3629: result: o
configure:3633: checking whether we are using the GNU C compiler
configure:3652: gcc -c   conftest.c >&5
configure:3652: $? = 0
configure:3661: result: yes
configure:3670: checking whether gcc accepts -g
configure:3690: gcc -c -g  conftest.c >&5
configure:3690: $? = 0
configure:3731: result: yes
configure:3748: checking for gcc option to accept ISO C89
configure:3811: gcc  -c -g -O2  conftest.c >&5
configure:3811: $? = 0
configure:3824: result: none needed
configure:3846: checking dependency style of gcc
configure:3957: result: gcc3
configure:3972: checking for a sed that does not truncate output
configure:4036: result: /bin/sed
configure:4054: checking for grep that handles long lines and -e
configure:4112: result: /tools/bin/grep
configure:4117: checking for egrep
configure:4179: result: /tools/bin/grep -E
configure:4184: checking for fgrep
configure:4246: result: /tools/bin/grep -F
configure:4281: checking for ld used by gcc
configure:4348: result: /usr/bin/ld
configure:4355: checking if the linker (/usr/bin/ld) is GNU ld
configure:4370: result: yes
configure:4382: checking for BSD- or MS-compatible name lister (nm)
configure:4431: result: /usr/bin/nm -B
configure:4561: checking the name lister (/usr/bin/nm -B) interface
configure:4568: gcc -c -g -O2  conftest.c >&5
configure:4571: /usr/bin/nm -B "conftest.o"
configure:4574: output
0000000000000000 B some_variable
configure:4581: result: BSD nm
configure:4584: checking whether ln -s works
configure:4588: result: yes
configure:4596: checking the maximum length of command line arguments
configure:4726: result: 1572864
configure:4743: checking whether the shell understands some XSI constructs
configure:4753: result: yes
configure:4757: checking whether the shell understands "+="
configure:4763: result: yes
configure:4798: checking how to convert x86_64-pc-linux-gnu file names to x86_64-pc-linux-gnu format
configure:4838: result: func_convert_file_noop
configure:4845: checking how to convert x86_64-pc-linux-gnu file names to toolchain format
configure:4865: result: func_convert_file_noop
configure:4872: checking for /usr/bin/ld option to reload object files
configure:4879: result: -r
configure:4953: checking for objdump
configure:4969: found /usr/bin/objdump
configure:4980: result: objdump
configure:5012: checking how to recognize dependent libraries
configure:5214: result: pass_all
configure:5299: checking for dlltool
configure:5329: result: no
configure:5359: checking how to associate runtime and link libraries
configure:5386: result: printf %s\n
configure:5447: checking for ar
configure:5463: found /usr/bin/ar
configure:5474: result: ar
configure:5511: checking for archiver @FILE support
configure:5528: gcc -c -g -O2  conftest.c >&5
configure:5528: $? = 0
configure:5531: ar cru libconftest.a @conftest.lst >&5
configure:5534: $? = 0
configure:5539: ar cru libconftest.a @conftest.lst >&5
ar: conftest.o: No such file or directory
configure:5542: $? = 1
configure:5554: result: @
configure:5612: checking for strip
configure:5628: found /usr/bin/strip
configure:5639: result: strip
configure:5711: checking for ranlib
configure:5727: found /usr/bin/ranlib
configure:5738: result: ranlib
configure:5840: checking command to parse /usr/bin/nm -B output from gcc object
configure:5960: gcc -c -g -O2  conftest.c >&5
configure:5963: $? = 0
configure:5967: /usr/bin/nm -B conftest.o \| sed -n -e 's/^.*[ ]\([ABCDGIRSTW][ABCDGIRSTW]*\)[ ][ ]*\([_A-Za-z][_A-Za-z0-9]*\)$/\1 \2 \2/p' | sed '/ __gnu_lto/d' \> conftest.nm
configure:5970: $? = 0
configure:6036: gcc -o conftest -g -O2   conftest.c conftstm.o >&5
configure:6039: $? = 0
configure:6077: result: ok
configure:6114: checking for sysroot
configure:6144: result: no
configure:6221: gcc -c -g -O2  conftest.c >&5
configure:6224: $? = 0
configure:6406: checking for mt
configure:6436: result: no
configure:6456: checking if : is a manifest tool
configure:6462: : '-?'
configure:6470: result: no
configure:7112: checking how to run the C preprocessor
configure:7143: gcc -E  conftest.c
configure:7143: $? = 0
configure:7157: gcc -E  conftest.c
conftest.c:11:10: fatal error: ac_nonexistent.h: No such file or directory
 #include <ac_nonexistent.h>
          ^~~~~~~~~~~~~~~~~~
compilation terminated.
configure:7157: $? = 1
configure: failed program was:
| /* confdefs.h */
| #define PACKAGE_NAME "cracklib"
| #define PACKAGE_TARNAME "cracklib"
| #define PACKAGE_VERSION "2.9.6"
| #define PACKAGE_STRING "cracklib 2.9.6"
| #define PACKAGE_BUGREPORT "cracklib-devel@lists.sourceforge.net"
| #define PACKAGE_URL ""
| #define PACKAGE "cracklib"
| #define VERSION "2.9.6"
| /* end confdefs.h.  */
| #include <ac_nonexistent.h>
configure:7182: result: gcc -E
configure:7202: gcc -E  conftest.c
configure:7202: $? = 0
configure:7216: gcc -E  conftest.c
conftest.c:11:10: fatal error: ac_nonexistent.h: No such file or directory
 #include <ac_nonexistent.h>
          ^~~~~~~~~~~~~~~~~~
compilation terminated.
configure:7216: $? = 1
configure: failed program was:
| /* confdefs.h */
| #define PACKAGE_NAME "cracklib"
| #define PACKAGE_TARNAME "cracklib"
| #define PACKAGE_VERSION "2.9.6"
| #define PACKAGE_STRING "cracklib 2.9.6"
| #define PACKAGE_BUGREPORT "cracklib-devel@lists.sourceforge.net"
| #define PACKAGE_URL ""
| #define PACKAGE "cracklib"
| #define VERSION "2.9.6"
| /* end confdefs.h.  */
| #include <ac_nonexistent.h>
configure:7245: checking for ANSI C header files
configure:7265: gcc -c -g -O2  conftest.c >&5
configure:7265: $? = 0
configure:7338: gcc -o conftest -g -O2   conftest.c  >&5
configure:7338: $? = 0
configure:7338: ./conftest
configure:7338: $? = 0
configure:7349: result: yes
configure:7362: checking for sys/types.h
configure:7362: gcc -c -g -O2  conftest.c >&5
configure:7362: $? = 0
configure:7362: result: yes
configure:7362: checking for sys/stat.h
configure:7362: gcc -c -g -O2  conftest.c >&5
configure:7362: $? = 0
configure:7362: result: yes
configure:7362: checking for stdlib.h
configure:7362: gcc -c -g -O2  conftest.c >&5
configure:7362: $? = 0
configure:7362: result: yes
configure:7362: checking for string.h
configure:7362: gcc -c -g -O2  conftest.c >&5
configure:7362: $? = 0
configure:7362: result: yes
configure:7362: checking for memory.h
configure:7362: gcc -c -g -O2  conftest.c >&5
configure:7362: $? = 0
configure:7362: result: yes
configure:7362: checking for strings.h
configure:7362: gcc -c -g -O2  conftest.c >&5
configure:7362: $? = 0
configure:7362: result: yes
configure:7362: checking for inttypes.h
configure:7362: gcc -c -g -O2  conftest.c >&5
configure:7362: $? = 0
configure:7362: result: yes
configure:7362: checking for stdint.h
configure:7362: gcc -c -g -O2  conftest.c >&5
configure:7362: $? = 0
configure:7362: result: yes
configure:7362: checking for unistd.h
configure:7362: gcc -c -g -O2  conftest.c >&5
configure:7362: $? = 0
configure:7362: result: yes
configure:7376: checking for dlfcn.h
configure:7376: gcc -c -g -O2  conftest.c >&5
configure:7376: $? = 0
configure:7376: result: yes
configure:7582: checking for objdir
configure:7597: result: .libs
configure:7868: checking if gcc supports -fno-rtti -fno-exceptions
configure:7886: gcc -c -g -O2  -fno-rtti -fno-exceptions conftest.c >&5
cc1: warning: command line option '-fno-rtti' is valid for C++/ObjC++ but not for C
configure:7890: $? = 0
configure:7903: result: no
configure:8230: checking for gcc option to produce PIC
configure:8237: result: -fPIC -DPIC
configure:8245: checking if gcc PIC flag -fPIC -DPIC works
configure:8263: gcc -c -g -O2  -fPIC -DPIC -DPIC conftest.c >&5
configure:8267: $? = 0
configure:8280: result: yes
configure:8309: checking if gcc static flag -static works
configure:8337: result: yes
configure:8352: checking if gcc supports -c -o file.o
configure:8373: gcc -c -g -O2  -o out/conftest2.o conftest.c >&5
configure:8377: $? = 0
configure:8399: result: yes
configure:8407: checking if gcc supports -c -o file.o
configure:8454: result: yes
configure:8487: checking whether the gcc linker (/usr/bin/ld -m elf_x86_64) supports shared libraries
configure:9640: result: yes
configure:9677: checking whether -lc should be explicitly linked in
configure:9685: gcc -c -g -O2  conftest.c >&5
configure:9688: $? = 0
configure:9703: gcc -shared  -fPIC -DPIC conftest.o  -v -Wl,-soname -Wl,conftest -o conftest 2\>\&1 \| /tools/bin/grep  -lc  \>/dev/null 2\>\&1
configure:9706: $? = 0
configure:9720: result: no
configure:9880: checking dynamic linker characteristics
configure:10391: gcc -o conftest -g -O2   -Wl,-rpath -Wl,/foo conftest.c  >&5
configure:10391: $? = 0
configure:10617: result: GNU/Linux ld.so
configure:10724: checking how to hardcode library paths into programs
configure:10749: result: immediate
configure:11289: checking whether stripping libraries is possible
configure:11294: result: yes
configure:11329: checking if libtool supports shared libraries
configure:11331: result: yes
configure:11334: checking whether to build shared libraries
configure:11355: result: yes
configure:11358: checking whether to build static libraries
configure:11362: result: no
configure:11447: checking for gcc
configure:11474: result: gcc
configure:11703: checking for C compiler version
configure:11712: gcc --version >&5
gcc (GCC) 7.2.0
Copyright (C) 2017 Free Software Foundation, Inc.
This is free software; see the source for copying conditions.  There is NO
warranty; not even for MERCHANTABILITY or FITNESS FOR A PARTICULAR PURPOSE.

configure:11723: $? = 0
configure:11712: gcc -v >&5
Using built-in specs.
COLLECT_GCC=gcc
COLLECT_LTO_WRAPPER=/usr/libexec/gcc/x86_64-pc-linux-gnu/7.2.0/lto-wrapper
Target: x86_64-pc-linux-gnu
Configured with: ../configure --prefix=/usr --enable-languages=c,c++ --disable-multilib --disable-bootstrap --with-system-zlib
Thread model: posix
gcc version 7.2.0 (GCC) 
configure:11723: $? = 0
configure:11712: gcc -V >&5
gcc: error: unrecognized command line option '-V'
gcc: fatal error: no input files
compilation terminated.
configure:11723: $? = 1
configure:11712: gcc -qversion >&5
gcc: error: unrecognized command line option '-qversion'; did you mean '--version'?
gcc: fatal error: no input files
compilation terminated.
configure:11723: $? = 1
configure:11727: checking whether we are using the GNU C compiler
configure:11755: result: yes
configure:11764: checking whether gcc accepts -g
configure:11825: result: yes
configure:11842: checking for gcc option to accept ISO C89
configure:11918: result: none needed
configure:11940: checking dependency style of gcc
configure:12051: result: gcc3
configure:12071: checking how to run the C preprocessor
configure:12141: result: gcc -E
configure:12161: gcc -E  conftest.c
configure:12161: $? = 0
configure:12175: gcc -E  conftest.c
conftest.c:23:10: fatal error: ac_nonexistent.h: No such file or directory
 #include <ac_nonexistent.h>
          ^~~~~~~~~~~~~~~~~~
compilation terminated.
configure:12175: $? = 1
configure: failed program was:
| /* confdefs.h */
| #define PACKAGE_NAME "cracklib"
| #define PACKAGE_TARNAME "cracklib"
| #define PACKAGE_VERSION "2.9.6"
| #define PACKAGE_STRING "cracklib 2.9.6"
| #define PACKAGE_BUGREPORT "cracklib-devel@lists.sourceforge.net"
| #define PACKAGE_URL ""
| #define PACKAGE "cracklib"
| #define VERSION "2.9.6"
| #define STDC_HEADERS 1
| #define HAVE_SYS_TYPES_H 1
| #define HAVE_SYS_STAT_H 1
| #define HAVE_STDLIB_H 1
| #define HAVE_STRING_H 1
| #define HAVE_MEMORY_H 1
| #define HAVE_STRINGS_H 1
| #define HAVE_INTTYPES_H 1
| #define HAVE_STDINT_H 1
| #define HAVE_UNISTD_H 1
| #define HAVE_DLFCN_H 1
| #define LT_OBJDIR ".libs/"
| /* end confdefs.h.  */
| #include <ac_nonexistent.h>
configure:12204: checking whether ln -s works
configure:12208: result: yes
configure:12215: checking whether make sets $(MAKE)
configure:12237: result: yes
configure:12249: checking for unistd.h
configure:12249: result: yes
configure:12261: checking fcntl.h usability
configure:12261: gcc -c -g -O2  conftest.c >&5
configure:12261: $? = 0
configure:12261: result: yes
configure:12261: checking fcntl.h presence
configure:12261: gcc -E  conftest.c
configure:12261: $? = 0
configure:12261: result: yes
configure:12261: checking for fcntl.h
configure:12261: result: yes
configure:12273: checking for inttypes.h
configure:12273: result: yes
configure:12285: checking for stdint.h
configure:12285: result: yes
configure:12297: checking pthread.h usability
configure:12297: gcc -c -g -O2  conftest.c >&5
configure:12297: $? = 0
configure:12297: result: yes
configure:12297: checking pthread.h presence
configure:12297: gcc -E  conftest.c
configure:12297: $? = 0
configure:12297: result: yes
configure:12297: checking for pthread.h
configure:12297: result: yes
configure:12318: checking zlib.h usability
configure:12318: gcc -c -g -O2  conftest.c >&5
configure:12318: $? = 0
configure:12318: result: yes
configure:12318: checking zlib.h presence
configure:12318: gcc -E  conftest.c
configure:12318: $? = 0
configure:12318: result: yes
configure:12318: checking for zlib.h
configure:12318: result: yes
configure:12332: checking for library containing gzopen
configure:12363: gcc -o conftest -g -O2   conftest.c  >&5
conftest.c:28:0: warning: "HAVE_ZLIB_H" redefined
 #define HAVE_ZLIB_H /**/
 
conftest.c:27:0: note: this is the location of the previous definition
 #define HAVE_ZLIB_H 1
 
/tmp/ccB7Uoby.o: In function `main':
/sources/cracklib-2.9.6/build/conftest.c:41: undefined reference to `gzopen'
collect2: error: ld returned 1 exit status
configure:12363: $? = 1
configure: failed program was:
| /* confdefs.h */
| #define PACKAGE_NAME "cracklib"
| #define PACKAGE_TARNAME "cracklib"
| #define PACKAGE_VERSION "2.9.6"
| #define PACKAGE_STRING "cracklib 2.9.6"
| #define PACKAGE_BUGREPORT "cracklib-devel@lists.sourceforge.net"
| #define PACKAGE_URL ""
| #define PACKAGE "cracklib"
| #define VERSION "2.9.6"
| #define STDC_HEADERS 1
| #define HAVE_SYS_TYPES_H 1
| #define HAVE_SYS_STAT_H 1
| #define HAVE_STDLIB_H 1
| #define HAVE_STRING_H 1
| #define HAVE_MEMORY_H 1
| #define HAVE_STRINGS_H 1
| #define HAVE_INTTYPES_H 1
| #define HAVE_STDINT_H 1
| #define HAVE_UNISTD_H 1
| #define HAVE_DLFCN_H 1
| #define LT_OBJDIR ".libs/"
| #define HAVE_UNISTD_H 1
| #define HAVE_FCNTL_H 1
| #define HAVE_INTTYPES_H 1
| #define HAVE_STDINT_H 1
| #define HAVE_PTHREAD_H 1
| #define HAVE_ZLIB_H 1
| #define HAVE_ZLIB_H /**/
| /* end confdefs.h.  */
| 
| /* Override any GCC internal prototype to avoid an error.
|    Use char because int might match the return type of a GCC
|    builtin and then its argument prototype would still apply.  */
| #ifdef __cplusplus
| extern "C"
| #endif
| char gzopen ();
| int
| main ()
| {
| return gzopen ();
|   ;
|   return 0;
| }
configure:12363: gcc -o conftest -g -O2   conftest.c -lz   >&5
conftest.c:28:0: warning: "HAVE_ZLIB_H" redefined
 #define HAVE_ZLIB_H /**/
 
conftest.c:27:0: note: this is the location of the previous definition
 #define HAVE_ZLIB_H 1
 
configure:12363: $? = 0
configure:12380: result: -lz
configure:12396: checking if LINE_MAX is defined
conftest.c:28:0: warning: "HAVE_ZLIB_H" redefined
 #define HAVE_ZLIB_H /**/
 
conftest.c:27:0: note: this is the location of the previous definition
 #define HAVE_ZLIB_H 1
 
configure:12414: result: yes
configure:12421: checking for an ANSI C-conforming const
configure:12487: gcc -c -g -O2  conftest.c >&5
conftest.c:28:0: warning: "HAVE_ZLIB_H" redefined
 #define HAVE_ZLIB_H /**/
 
conftest.c:27:0: note: this is the location of the previous definition
 #define HAVE_ZLIB_H 1
 
configure:12487: $? = 0
configure:12494: result: yes
configure:12505: checking for strdup
configure:12505: gcc -o conftest -g -O2   conftest.c -lz  >&5
conftest.c:28:0: warning: "HAVE_ZLIB_H" redefined
 #define HAVE_ZLIB_H /**/
 
conftest.c:27:0: note: this is the location of the previous definition
 #define HAVE_ZLIB_H 1
 
conftest.c:53:6: warning: conflicting types for built-in function 'strdup' [-Wbuiltin-declaration-mismatch]
 char strdup ();
      ^~~~~~
configure:12505: $? = 0
configure:12505: result: yes
configure:12516: checking for getpwuid_r
configure:12516: gcc -o conftest -g -O2   conftest.c -lz  >&5
conftest.c:28:0: warning: "HAVE_ZLIB_H" redefined
 #define HAVE_ZLIB_H /**/
 
conftest.c:27:0: note: this is the location of the previous definition
 #define HAVE_ZLIB_H 1
 
configure:12516: $? = 0
configure:12516: result: yes
configure:12535: checking whether NLS is requested
configure:12544: result: yes
configure:12585: checking for msgfmt
configure: trying /tools/bin/msgfmt...
0 translated messages.
configure:12617: result: /tools/bin/msgfmt
configure:12626: checking for gmsgfmt
configure:12657: result: /tools/bin/msgfmt
configure:12708: checking for xgettext
configure: trying /tools/bin/xgettext...
/tools/bin/xgettext: warning: file '/dev/null' extension '' is unknown; will try C
configure:12740: result: /tools/bin/xgettext
configure:12786: checking for msgmerge
configure: trying /tools/bin/msgmerge...
configure:12817: result: /tools/bin/msgmerge
configure:12874: checking for ld used by GCC
configure:12938: result: /usr/bin/ld -m elf_x86_64
configure:12945: checking if the linker (/usr/bin/ld -m elf_x86_64) is GNU ld
configure:12958: result: yes
configure:12965: checking for shared library run path origin
configure:12978: result: done
configure:13479: checking for CFPreferencesCopyAppValue
configure:13497: gcc -o conftest -g -O2   conftest.c -lz  -Wl,-framework -Wl,CoreFoundation >&5
conftest.c:28:0: warning: "HAVE_ZLIB_H" redefined
 #define HAVE_ZLIB_H /**/
 
conftest.c:27:0: note: this is the location of the previous definition
 #define HAVE_ZLIB_H 1
 
conftest.c:32:10: fatal error: CoreFoundation/CFPreferences.h: No such file or directory
 #include <CoreFoundation/CFPreferences.h>
          ^~~~~~~~~~~~~~~~~~~~~~~~~~~~~~~~
compilation terminated.
configure:13497: $? = 1
configure: failed program was:
| /* confdefs.h */
| #define PACKAGE_NAME "cracklib"
| #define PACKAGE_TARNAME "cracklib"
| #define PACKAGE_VERSION "2.9.6"
| #define PACKAGE_STRING "cracklib 2.9.6"
| #define PACKAGE_BUGREPORT "cracklib-devel@lists.sourceforge.net"
| #define PACKAGE_URL ""
| #define PACKAGE "cracklib"
| #define VERSION "2.9.6"
| #define STDC_HEADERS 1
| #define HAVE_SYS_TYPES_H 1
| #define HAVE_SYS_STAT_H 1
| #define HAVE_STDLIB_H 1
| #define HAVE_STRING_H 1
| #define HAVE_MEMORY_H 1
| #define HAVE_STRINGS_H 1
| #define HAVE_INTTYPES_H 1
| #define HAVE_STDINT_H 1
| #define HAVE_UNISTD_H 1
| #define HAVE_DLFCN_H 1
| #define LT_OBJDIR ".libs/"
| #define HAVE_UNISTD_H 1
| #define HAVE_FCNTL_H 1
| #define HAVE_INTTYPES_H 1
| #define HAVE_STDINT_H 1
| #define HAVE_PTHREAD_H 1
| #define HAVE_ZLIB_H 1
| #define HAVE_ZLIB_H /**/
| #define HAVE_STRDUP 1
| #define HAVE_GETPWUID_R 1
| /* end confdefs.h.  */
| #include <CoreFoundation/CFPreferences.h>
| int
| main ()
| {
| CFPreferencesCopyAppValue(NULL, NULL)
|   ;
|   return 0;
| }
configure:13506: result: no
configure:13513: checking for CFLocaleCopyCurrent
configure:13531: gcc -o conftest -g -O2   conftest.c -lz  -Wl,-framework -Wl,CoreFoundation >&5
conftest.c:28:0: warning: "HAVE_ZLIB_H" redefined
 #define HAVE_ZLIB_H /**/
 
conftest.c:27:0: note: this is the location of the previous definition
 #define HAVE_ZLIB_H 1
 
conftest.c:32:10: fatal error: CoreFoundation/CFLocale.h: No such file or directory
 #include <CoreFoundation/CFLocale.h>
          ^~~~~~~~~~~~~~~~~~~~~~~~~~~
compilation terminated.
configure:13531: $? = 1
configure: failed program was:
| /* confdefs.h */
| #define PACKAGE_NAME "cracklib"
| #define PACKAGE_TARNAME "cracklib"
| #define PACKAGE_VERSION "2.9.6"
| #define PACKAGE_STRING "cracklib 2.9.6"
| #define PACKAGE_BUGREPORT "cracklib-devel@lists.sourceforge.net"
| #define PACKAGE_URL ""
| #define PACKAGE "cracklib"
| #define VERSION "2.9.6"
| #define STDC_HEADERS 1
| #define HAVE_SYS_TYPES_H 1
| #define HAVE_SYS_STAT_H 1
| #define HAVE_STDLIB_H 1
| #define HAVE_STRING_H 1
| #define HAVE_MEMORY_H 1
| #define HAVE_STRINGS_H 1
| #define HAVE_INTTYPES_H 1
| #define HAVE_STDINT_H 1
| #define HAVE_UNISTD_H 1
| #define HAVE_DLFCN_H 1
| #define LT_OBJDIR ".libs/"
| #define HAVE_UNISTD_H 1
| #define HAVE_FCNTL_H 1
| #define HAVE_INTTYPES_H 1
| #define HAVE_STDINT_H 1
| #define HAVE_PTHREAD_H 1
| #define HAVE_ZLIB_H 1
| #define HAVE_ZLIB_H /**/
| #define HAVE_STRDUP 1
| #define HAVE_GETPWUID_R 1
| /* end confdefs.h.  */
| #include <CoreFoundation/CFLocale.h>
| int
| main ()
| {
| CFLocaleCopyCurrent();
|   ;
|   return 0;
| }
configure:13540: result: no
configure:13589: checking for GNU gettext in libc
configure:13609: gcc -o conftest -g -O2   conftest.c -lz  >&5
conftest.c:28:0: warning: "HAVE_ZLIB_H" redefined
 #define HAVE_ZLIB_H /**/
 
conftest.c:27:0: note: this is the location of the previous definition
 #define HAVE_ZLIB_H 1
 
configure:13609: $? = 0
configure:13618: result: yes
configure:14364: checking whether to use NLS
configure:14366: result: yes
configure:14369: checking where the gettext function comes from
configure:14380: result: libc
configure:14438: checking default dict filename
configure:14450: result: /lib/cracklib/pw_dict
configure:14474: checking for python
configure:14507: result: no
configure:14474: checking for python2
configure:14507: result: no
configure:14474: checking for python3
configure:14507: result: no
configure:14474: checking for python3.3
configure:14507: result: no
configure:14474: checking for python3.2
configure:14507: result: no
configure:14474: checking for python3.1
configure:14507: result: no
configure:14474: checking for python3.0
configure:14507: result: no
configure:14474: checking for python2.7
configure:14507: result: no
configure:14474: checking for python2.6
configure:14507: result: no
configure:14474: checking for python2.5
configure:14507: result: no
configure:14474: checking for python2.4
configure:14507: result: no
configure:14474: checking for python2.3
configure:14507: result: no
configure:14474: checking for python2.2
configure:14507: result: no
configure:14474: checking for python2.1
configure:14507: result: no
configure:14474: checking for python2.0
configure:14507: result: no
configure:14522: WARNING: python was not found, continuing
configure:14825: checking that generated files are newer than configure
configure:14831: result: done
configure:14862: creating ./config.status

## ---------------------- ##
## Running config.status. ##
## ---------------------- ##

This file was extended by cracklib config.status 2.9.6, which was
generated by GNU Autoconf 2.69.  Invocation command line was

  CONFIG_FILES    = 
  CONFIG_HEADERS  = 
  CONFIG_LINKS    = 
  CONFIG_COMMANDS = 
  $ ./config.status 

on localhost.localdomain

config.status:1139: creating util/Makefile
config.status:1139: creating lib/Makefile
config.status:1139: creating doc/Makefile
config.status:1139: creating python/Makefile
config.status:1139: creating Makefile
config.status:1139: creating python/setup.py
config.status:1139: creating po/Makefile.in
config.status:1139: creating m4/Makefile
config.status:1139: creating dicts/Makefile
config.status:1139: creating cracklib.spec
config.status:1139: creating config.h
config.status:1353: executing depfiles commands
config.status:1353: executing libtool commands
config.status:1353: executing po-directories commands

## ---------------- ##
## Cache variables. ##
## ---------------- ##

ac_cv_build=x86_64-pc-linux-gnu
ac_cv_c_compiler_gnu=yes
ac_cv_c_const=yes
ac_cv_env_CC_set=
ac_cv_env_CC_value=
ac_cv_env_CFLAGS_set=
ac_cv_env_CFLAGS_value=
ac_cv_env_CPPFLAGS_set=
ac_cv_env_CPPFLAGS_value=
ac_cv_env_CPP_set=
ac_cv_env_CPP_value=
ac_cv_env_LDFLAGS_set=
ac_cv_env_LDFLAGS_value=
ac_cv_env_LIBS_set=
ac_cv_env_LIBS_value=
ac_cv_env_PYTHON_set=
ac_cv_env_PYTHON_value=
ac_cv_env_build_alias_set=
ac_cv_env_build_alias_value=
ac_cv_env_host_alias_set=
ac_cv_env_host_alias_value=
ac_cv_env_target_alias_set=
ac_cv_env_target_alias_value=
ac_cv_func_getpwuid_r=yes
ac_cv_func_strdup=yes
ac_cv_header_dlfcn_h=yes
ac_cv_header_fcntl_h=yes
ac_cv_header_inttypes_h=yes
ac_cv_header_memory_h=yes
ac_cv_header_pthread_h=yes
ac_cv_header_stdc=yes
ac_cv_header_stdint_h=yes
ac_cv_header_stdlib_h=yes
ac_cv_header_string_h=yes
ac_cv_header_strings_h=yes
ac_cv_header_sys_stat_h=yes
ac_cv_header_sys_types_h=yes
ac_cv_header_unistd_h=yes
ac_cv_header_zlib_h=yes
ac_cv_host=x86_64-pc-linux-gnu
ac_cv_objext=o
ac_cv_path_EGREP='/tools/bin/grep -E'
ac_cv_path_FGREP='/tools/bin/grep -F'
ac_cv_path_GMSGFMT=/tools/bin/msgfmt
ac_cv_path_GREP=/tools/bin/grep
ac_cv_path_MSGFMT=/tools/bin/msgfmt
ac_cv_path_MSGMERGE=/tools/bin/msgmerge
ac_cv_path_SED=/bin/sed
ac_cv_path_XGETTEXT=/tools/bin/xgettext
ac_cv_path_install='/usr/bin/install -c'
ac_cv_path_mkdir=/tools/bin/mkdir
ac_cv_prog_AWK=gawk
ac_cv_prog_CPP='gcc -E'
ac_cv_prog_ac_ct_AR=ar
ac_cv_prog_ac_ct_CC=gcc
ac_cv_prog_ac_ct_OBJDUMP=objdump
ac_cv_prog_ac_ct_RANLIB=ranlib
ac_cv_prog_ac_ct_STRIP=strip
ac_cv_prog_cc_c89=
ac_cv_prog_cc_g=yes
ac_cv_prog_make_make_set=yes
ac_cv_search_gzopen=-lz
acl_cv_hardcode_direct=no
acl_cv_hardcode_libdir_flag_spec='${wl}-rpath ${wl}$libdir'
acl_cv_hardcode_libdir_separator=
acl_cv_hardcode_minus_L=no
acl_cv_libext=a
acl_cv_libname_spec='lib$name'
acl_cv_library_names_spec='$libname$shrext'
acl_cv_path_LD='/usr/bin/ld -m elf_x86_64'
acl_cv_prog_gnu_ld=yes
acl_cv_rpath=done
acl_cv_shlibext=so
acl_cv_wl=-Wl,
am_cv_CC_dependencies_compiler_type=gcc3
am_cv_make_support_nested_variables=yes
gt_cv_func_CFLocaleCopyCurrent=no
gt_cv_func_CFPreferencesCopyAppValue=no
gt_cv_func_gnugettext1_libc=yes
lt_cv_ar_at_file=@
lt_cv_archive_cmds_need_lc=no
lt_cv_deplibs_check_method=pass_all
lt_cv_file_magic_cmd='$MAGIC_CMD'
lt_cv_file_magic_test_file=
lt_cv_ld_reload_flag=-r
lt_cv_nm_interface='BSD nm'
lt_cv_objdir=.libs
lt_cv_path_LD=/usr/bin/ld
lt_cv_path_NM='/usr/bin/nm -B'
lt_cv_path_mainfest_tool=no
lt_cv_prog_compiler_c_o=yes
lt_cv_prog_compiler_pic='-fPIC -DPIC'
lt_cv_prog_compiler_pic_works=yes
lt_cv_prog_compiler_rtti_exceptions=no
lt_cv_prog_compiler_static_works=yes
lt_cv_prog_gnu_ld=yes
lt_cv_sharedlib_from_linklib_cmd='printf %s\n'
lt_cv_shlibpath_overrides_runpath=no
lt_cv_sys_global_symbol_pipe='sed -n -e '\''s/^.*[	 ]\([ABCDGIRSTW][ABCDGIRSTW]*\)[	 ][	 ]*\([_A-Za-z][_A-Za-z0-9]*\)$/\1 \2 \2/p'\'' | sed '\''/ __gnu_lto/d'\'''
lt_cv_sys_global_symbol_to_c_name_address='sed -n -e '\''s/^: \([^ ]*\)[ ]*$/  {\"\1\", (void *) 0},/p'\'' -e '\''s/^[ABCDGIRSTW]* \([^ ]*\) \([^ ]*\)$/  {"\2", (void *) \&\2},/p'\'''
lt_cv_sys_global_symbol_to_c_name_address_lib_prefix='sed -n -e '\''s/^: \([^ ]*\)[ ]*$/  {\"\1\", (void *) 0},/p'\'' -e '\''s/^[ABCDGIRSTW]* \([^ ]*\) \(lib[^ ]*\)$/  {"\2", (void *) \&\2},/p'\'' -e '\''s/^[ABCDGIRSTW]* \([^ ]*\) \([^ ]*\)$/  {"lib\2", (void *) \&\2},/p'\'''
lt_cv_sys_global_symbol_to_cdecl='sed -n -e '\''s/^T .* \(.*\)$/extern int \1();/p'\'' -e '\''s/^[ABCDGIRSTW]* .* \(.*\)$/extern char \1;/p'\'''
lt_cv_sys_max_cmd_len=1572864
lt_cv_to_host_file_cmd=func_convert_file_noop
lt_cv_to_tool_file_cmd=func_convert_file_noop

## ----------------- ##
## Output variables. ##
## ----------------- ##

ACLOCAL='${SHELL} /sources/cracklib-2.9.6/missing aclocal-1.13'
AMDEPBACKSLASH='\'
AMDEP_FALSE='#'
AMDEP_TRUE=''
AMTAR='$${TAR-tar}'
AM_BACKSLASH='\'
AM_DEFAULT_V='$(AM_DEFAULT_VERBOSITY)'
AM_DEFAULT_VERBOSITY='1'
AM_V='$(V)'
AR='ar'
AUTOCONF='${SHELL} /sources/cracklib-2.9.6/missing autoconf'
AUTOHEADER='${SHELL} /sources/cracklib-2.9.6/missing autoheader'
AUTOMAKE='${SHELL} /sources/cracklib-2.9.6/missing automake-1.13'
AWK='gawk'
BUILD_PYTHON_FALSE=''
BUILD_PYTHON_TRUE='#'
CC='gcc'
CCDEPMODE='depmode=gcc3'
CFLAGS='-g -O2'
CPP='gcc -E'
CPPFLAGS=''
CROSS_COMPILING='no'
CYGPATH_W='echo'
DEFAULT_CRACKLIB_DICT='/lib/cracklib/pw_dict'
DEFS='-DHAVE_CONFIG_H'
DEPDIR='.deps'
DLLTOOL='false'
DSYMUTIL=''
DUMPBIN=''
ECHO_C=''
ECHO_N='-n'
ECHO_T=''
EGREP='/tools/bin/grep -E'
EXEEXT=''
FGREP='/tools/bin/grep -F'
GETTEXT_MACRO_VERSION='0.17'
GMSGFMT='/tools/bin/msgfmt'
GMSGFMT_015='/tools/bin/msgfmt'
GREP='/tools/bin/grep'
INSTALL_DATA='${INSTALL} -m 644'
INSTALL_PROGRAM='${INSTALL}'
INSTALL_SCRIPT='${INSTALL}'
INSTALL_STRIP_PROGRAM='$(install_sh) -c -s'
INTLLIBS=''
INTL_MACOSX_LIBS=''
LD='/usr/bin/ld -m elf_x86_64'
LDFLAGS=''
LIBICONV='-liconv'
LIBINTL=''
LIBOBJS=''
LIBS='-lz '
LIBTOOL='$(SHELL) $(top_builddir)/libtool'
LIPO=''
LN_S='ln -s'
LTLIBICONV='-liconv'
LTLIBINTL=''
LTLIBOBJS=''
MAKEINFO='${SHELL} /sources/cracklib-2.9.6/missing makeinfo'
MANIFEST_TOOL=':'
MKDIR_P='/tools/bin/mkdir -p'
MSGFMT='/tools/bin/msgfmt'
MSGFMT_015='/tools/bin/msgfmt'
MSGMERGE='/tools/bin/msgmerge'
NM='/usr/bin/nm -B'
NMEDIT=''
OBJDUMP='objdump'
OBJEXT='o'
OTOOL64=''
OTOOL=''
PACKAGE='cracklib'
PACKAGE_BUGREPORT='cracklib-devel@lists.sourceforge.net'
PACKAGE_NAME='cracklib'
PACKAGE_STRING='cracklib 2.9.6'
PACKAGE_TARNAME='cracklib'
PACKAGE_URL=''
PACKAGE_VERSION='2.9.6'
PATH_SEPARATOR=':'
POSUB='po'
PYTHON=':'
PYTHON_EXEC_PREFIX=''
PYTHON_PLATFORM=''
PYTHON_PREFIX=''
PYTHON_VERSION=''
RANLIB='ranlib'
SED='/bin/sed'
SET_MAKE=''
SHELL='/bin/sh'
STRIP='strip'
USE_NLS='yes'
VERSION='2.9.6'
XGETTEXT='/tools/bin/xgettext'
XGETTEXT_015='/tools/bin/xgettext'
XGETTEXT_EXTRA_OPTIONS=''
ac_ct_AR='ar'
ac_ct_CC='gcc'
ac_ct_DUMPBIN=''
am__EXEEXT_FALSE=''
am__EXEEXT_TRUE='#'
am__fastdepCC_FALSE='#'
am__fastdepCC_TRUE=''
am__include='include'
am__isrc=' -I$(srcdir)'
am__leading_dot='.'
am__nodep='_no'
am__quote=''
am__tar='$${TAR-tar} chof - "$$tardir"'
am__untar='$${TAR-tar} xf -'
bindir='${exec_prefix}/bin'
build='x86_64-pc-linux-gnu'
build_alias=''
build_cpu='x86_64'
build_os='linux-gnu'
build_vendor='pc'
datadir='${datarootdir}'
datarootdir='${prefix}/share'
docdir='${datarootdir}/doc/${PACKAGE_TARNAME}'
dvidir='${docdir}'
exec_prefix='${prefix}'
host='x86_64-pc-linux-gnu'
host_alias=''
host_cpu='x86_64'
host_os='linux-gnu'
host_vendor='pc'
htmldir='${docdir}'
includedir='${prefix}/include'
infodir='${datarootdir}/info'
install_sh='${SHELL} /sources/cracklib-2.9.6/install-sh'
libdir='${exec_prefix}/lib'
libexecdir='${exec_prefix}/libexec'
localedir='${datarootdir}/locale'
localstatedir='${prefix}/var'
mandir='${datarootdir}/man'
mkdir_p='/tools/bin/mkdir -p'
oldincludedir='/usr/include'
pdfdir='${docdir}'
pkgpyexecdir=''
pkgpythondir=''
prefix='/usr'
program_transform_name='s,x,x,'
psdir='${docdir}'
pyexecdir=''
pythondir=''
sbindir='${exec_prefix}/sbin'
sharedstatedir='${prefix}/com'
sysconfdir='${prefix}/etc'
target_alias=''

## ----------- ##
## confdefs.h. ##
## ----------- ##

/* confdefs.h */
#define PACKAGE_NAME "cracklib"
#define PACKAGE_TARNAME "cracklib"
#define PACKAGE_VERSION "2.9.6"
#define PACKAGE_STRING "cracklib 2.9.6"
#define PACKAGE_BUGREPORT "cracklib-devel@lists.sourceforge.net"
#define PACKAGE_URL ""
#define PACKAGE "cracklib"
#define VERSION "2.9.6"
#define STDC_HEADERS 1
#define HAVE_SYS_TYPES_H 1
#define HAVE_SYS_STAT_H 1
#define HAVE_STDLIB_H 1
#define HAVE_STRING_H 1
#define HAVE_MEMORY_H 1
#define HAVE_STRINGS_H 1
#define HAVE_INTTYPES_H 1
#define HAVE_STDINT_H 1
#define HAVE_UNISTD_H 1
#define HAVE_DLFCN_H 1
#define LT_OBJDIR ".libs/"
#define HAVE_UNISTD_H 1
#define HAVE_FCNTL_H 1
#define HAVE_INTTYPES_H 1
#define HAVE_STDINT_H 1
#define HAVE_PTHREAD_H 1
#define HAVE_ZLIB_H 1
#define HAVE_ZLIB_H /**/
#define HAVE_STRDUP 1
#define HAVE_GETPWUID_R 1
#define ENABLE_NLS 1
#define HAVE_GETTEXT 1
#define HAVE_DCGETTEXT 1

configure: exit 0
