###############################
# Make libfontenc-1.1.3.tar.bz2 #
###############################
make  all-recursive
make[1]: Entering directory '/lfskernel/sources/boot/X11/libs/libfontenc-1.1.3'
Making all in src
make[2]: Entering directory '/lfskernel/sources/boot/X11/libs/libfontenc-1.1.3/src'
  CC       encparse.lo
encparse.c: In function 'FontEncDirectory':
encparse.c:844:17: warning: assignment discards 'const' qualifier from pointer target type [-Wdiscarded-qualifiers]
             dir = FONT_ENCODINGS_DIRECTORY;
                 ^
encparse.c: In function 'FontEncReallyReallyLoad':
encparse.c:903:30: warning: format not a string literal, argument types not checked [-Wformat-nonliteral]
         count = fscanf(file, format, encoding_name, file_name);
                              ^~~~~~
  CC       fontenc.lo
fontenc.c:581:40: warning: initialization discards 'const' qualifier from pointer target type [-Wdiscarded-qualifiers]
 static char *iso8859_15_aliases[2] = { "fcd8859-15", NULL };
                                        ^~~~~~~~~~~~
fontenc.c:584:6: warning: initialization discards 'const' qualifier from pointer target type [-Wdiscarded-qualifiers]
     {"iso10646-1", NULL, 256 * 256, 0, iso10646, NULL, 0, 0},   /* Unicode */
      ^~~~~~~~~~~~
fontenc.c:585:6: warning: initialization discards 'const' qualifier from pointer target type [-Wdiscarded-qualifiers]
     {"iso8859-1", NULL, 256, 0, iso8859_1, NULL, 0, 0}, /* Latin 1 (West European) */
      ^~~~~~~~~~~
fontenc.c:586:6: warning: initialization discards 'const' qualifier from pointer target type [-Wdiscarded-qualifiers]
     {"iso8859-2", NULL, 256, 0, iso8859_2, NULL, 0, 0}, /* Latin 2 (East European) */
      ^~~~~~~~~~~
fontenc.c:587:6: warning: initialization discards 'const' qualifier from pointer target type [-Wdiscarded-qualifiers]
     {"iso8859-3", NULL, 256, 0, iso8859_3, NULL, 0, 0}, /* Latin 3 (South European) */
      ^~~~~~~~~~~
fontenc.c:588:6: warning: initialization discards 'const' qualifier from pointer target type [-Wdiscarded-qualifiers]
     {"iso8859-4", NULL, 256, 0, iso8859_4, NULL, 0, 0}, /* Latin 4 (North European) */
      ^~~~~~~~~~~
fontenc.c:589:6: warning: initialization discards 'const' qualifier from pointer target type [-Wdiscarded-qualifiers]
     {"iso8859-5", NULL, 256, 0, iso8859_5, NULL, 0, 0}, /* Cyrillic */
      ^~~~~~~~~~~
fontenc.c:590:6: warning: initialization discards 'const' qualifier from pointer target type [-Wdiscarded-qualifiers]
     {"iso8859-6", NULL, 256, 0, iso8859_6, NULL, 0, 0}, /* Arabic */
      ^~~~~~~~~~~
fontenc.c:591:6: warning: initialization discards 'const' qualifier from pointer target type [-Wdiscarded-qualifiers]
     {"iso8859-7", NULL, 256, 0, iso8859_7, NULL, 0, 0}, /* Greek */
      ^~~~~~~~~~~
fontenc.c:592:6: warning: initialization discards 'const' qualifier from pointer target type [-Wdiscarded-qualifiers]
     {"iso8859-8", NULL, 256, 0, iso8859_8, NULL, 0, 0}, /* Hebrew */
      ^~~~~~~~~~~
fontenc.c:593:6: warning: initialization discards 'const' qualifier from pointer target type [-Wdiscarded-qualifiers]
     {"iso8859-9", NULL, 256, 0, iso8859_9, NULL, 0, 0}, /* Latin 5 (Turkish) */
      ^~~~~~~~~~~
fontenc.c:594:6: warning: initialization discards 'const' qualifier from pointer target type [-Wdiscarded-qualifiers]
     {"iso8859-10", NULL, 256, 0, iso8859_10, NULL, 0, 0},       /* Latin 6 (Nordic) */
      ^~~~~~~~~~~~
fontenc.c:595:6: warning: initialization discards 'const' qualifier from pointer target type [-Wdiscarded-qualifiers]
     {"iso8859-15", iso8859_15_aliases, 256, 0, iso8859_15, NULL, 0, 0}, /* Latin 9 */
      ^~~~~~~~~~~~
fontenc.c:596:6: warning: initialization discards 'const' qualifier from pointer target type [-Wdiscarded-qualifiers]
     {"koi8-r", NULL, 256, 0, koi8_r, NULL, 0, 0},       /* Russian */
      ^~~~~~~~
fontenc.c:597:6: warning: initialization discards 'const' qualifier from pointer target type [-Wdiscarded-qualifiers]
     {"koi8-ru", NULL, 256, 0, koi8_ru, NULL, 0, 0},     /* Ukrainian */
      ^~~~~~~~~
fontenc.c:598:6: warning: initialization discards 'const' qualifier from pointer target type [-Wdiscarded-qualifiers]
     {"koi8-uni", NULL, 256, 0, koi8_uni, NULL, 0, 0},   /* Russian/Ukrainian/Bielorussian */
      ^~~~~~~~~~
fontenc.c:599:6: warning: initialization discards 'const' qualifier from pointer target type [-Wdiscarded-qualifiers]
     {"koi8-e", NULL, 256, 0, koi8_e, NULL, 0, 0},       /* ``European'' */
      ^~~~~~~~
fontenc.c:600:6: warning: initialization discards 'const' qualifier from pointer target type [-Wdiscarded-qualifiers]
     {"koi8-u", NULL, 256, 0, koi8_u, NULL, 0, 0},       /* Ukrainian too */
      ^~~~~~~~
fontenc.c:601:6: warning: initialization discards 'const' qualifier from pointer target type [-Wdiscarded-qualifiers]
     {"microsoft-symbol", NULL, 256, 0, microsoft_symbol, NULL, 0, 0},
      ^~~~~~~~~~~~~~~~~~
fontenc.c:602:6: warning: initialization discards 'const' qualifier from pointer target type [-Wdiscarded-qualifiers]
     {"apple-roman", NULL, 256, 0, apple_roman, NULL, 0, 0},
      ^~~~~~~~~~~~~
  CCLD     libfontenc.la
make[2]: Leaving directory '/lfskernel/sources/boot/X11/libs/libfontenc-1.1.3/src'
make[2]: Entering directory '/lfskernel/sources/boot/X11/libs/libfontenc-1.1.3'
make[2]: Leaving directory '/lfskernel/sources/boot/X11/libs/libfontenc-1.1.3'
make[1]: Leaving directory '/lfskernel/sources/boot/X11/libs/libfontenc-1.1.3'
