This file contains any messages produced by compilers while
running configure, to aid debugging if configure makes a mistake.

It was created by libfontenc configure 1.1.3, which was
generated by GNU Autoconf 2.69.  Invocation command line was

  $ ./configure --prefix=/usr --sysconfdir=/etc --localstatedir=/var --disable-static

## --------- ##
## Platform. ##
## --------- ##

hostname = localhost.localdomain
uname -m = x86_64
uname -r = 3.10.0-693.11.1.el7.x86_64
uname -s = Linux
uname -v = #1 SMP Mon Dec 4 23:52:40 UTC 2017

/usr/bin/uname -p = unknown
/bin/uname -X     = unknown

/bin/arch              = x86_64
/usr/bin/arch -k       = unknown
/usr/convex/getsysinfo = unknown
/usr/bin/hostinfo      = unknown
/bin/machine           = unknown
/usr/bin/oslevel       = unknown
/bin/universe          = unknown

PATH: /bin
PATH: /usr/bin
PATH: /sbin
PATH: /usr/sbin


## ----------- ##
## Core tests. ##
## ----------- ##

configure:2357: checking for a BSD-compatible install
configure:2425: result: /usr/bin/install -c
configure:2436: checking whether build environment is sane
configure:2491: result: yes
configure:2642: checking for a thread-safe mkdir -p
configure:2681: result: /bin/mkdir -p
configure:2688: checking for gawk
configure:2704: found /usr/bin/gawk
configure:2715: result: gawk
configure:2726: checking whether make sets $(MAKE)
configure:2748: result: yes
configure:2777: checking whether make supports nested variables
configure:2794: result: yes
configure:2951: checking build system type
configure:2965: result: x86_64-unknown-linux-gnu
configure:2985: checking host system type
configure:2998: result: x86_64-unknown-linux-gnu
configure:3039: checking how to print strings
configure:3066: result: printf
configure:3099: checking for style of include used by make
configure:3127: result: GNU
configure:3198: checking for gcc
configure:3214: found /usr/bin/gcc
configure:3225: result: gcc
configure:3454: checking for C compiler version
configure:3463: gcc --version >&5
gcc (GCC) 7.2.0
Copyright (C) 2017 Free Software Foundation, Inc.
This is free software; see the source for copying conditions.  There is NO
warranty; not even for MERCHANTABILITY or FITNESS FOR A PARTICULAR PURPOSE.

configure:3474: $? = 0
configure:3463: gcc -v >&5
Using built-in specs.
COLLECT_GCC=gcc
COLLECT_LTO_WRAPPER=/usr/libexec/gcc/x86_64-pc-linux-gnu/7.2.0/lto-wrapper
Target: x86_64-pc-linux-gnu
Configured with: ../configure --prefix=/usr --enable-languages=c,c++ --disable-multilib --disable-bootstrap --with-system-zlib
Thread model: posix
gcc version 7.2.0 (GCC) 
configure:3474: $? = 0
configure:3463: gcc -V >&5
gcc: error: unrecognized command line option '-V'
gcc: fatal error: no input files
compilation terminated.
configure:3474: $? = 1
configure:3463: gcc -qversion >&5
gcc: error: unrecognized command line option '-qversion'; did you mean '--version'?
gcc: fatal error: no input files
compilation terminated.
configure:3474: $? = 1
configure:3494: checking whether the C compiler works
configure:3516: gcc    conftest.c  >&5
configure:3520: $? = 0
configure:3568: result: yes
configure:3571: checking for C compiler default output file name
configure:3573: result: a.out
configure:3579: checking for suffix of executables
configure:3586: gcc -o conftest    conftest.c  >&5
configure:3590: $? = 0
configure:3612: result: 
configure:3634: checking whether we are cross compiling
configure:3642: gcc -o conftest    conftest.c  >&5
configure:3646: $? = 0
configure:3653: ./conftest
configure:3657: $? = 0
configure:3672: result: no
configure:3677: checking for suffix of object files
configure:3699: gcc -c   conftest.c >&5
configure:3703: $? = 0
configure:3724: result: o
configure:3728: checking whether we are using the GNU C compiler
configure:3747: gcc -c   conftest.c >&5
configure:3747: $? = 0
configure:3756: result: yes
configure:3765: checking whether gcc accepts -g
configure:3785: gcc -c -g  conftest.c >&5
configure:3785: $? = 0
configure:3826: result: yes
configure:3843: checking for gcc option to accept ISO C89
configure:3906: gcc  -c -g -O2  conftest.c >&5
configure:3906: $? = 0
configure:3919: result: none needed
configure:3944: checking whether gcc understands -c and -o together
configure:3966: gcc -c conftest.c -o conftest2.o
configure:3969: $? = 0
configure:3966: gcc -c conftest.c -o conftest2.o
configure:3969: $? = 0
configure:3981: result: yes
configure:4000: checking dependency style of gcc
configure:4111: result: gcc3
configure:4126: checking for a sed that does not truncate output
configure:4190: result: /bin/sed
configure:4208: checking for grep that handles long lines and -e
configure:4266: result: /usr/bin/grep
configure:4271: checking for egrep
configure:4333: result: /usr/bin/grep -E
configure:4338: checking for fgrep
configure:4400: result: /usr/bin/grep -F
configure:4435: checking for ld used by gcc
configure:4502: result: /usr/bin/ld
configure:4509: checking if the linker (/usr/bin/ld) is GNU ld
configure:4524: result: yes
configure:4536: checking for BSD- or MS-compatible name lister (nm)
configure:4585: result: /usr/bin/nm -B
configure:4715: checking the name lister (/usr/bin/nm -B) interface
configure:4722: gcc -c -g -O2  conftest.c >&5
configure:4725: /usr/bin/nm -B "conftest.o"
configure:4728: output
0000000000000000 B some_variable
configure:4735: result: BSD nm
configure:4738: checking whether ln -s works
configure:4742: result: yes
configure:4750: checking the maximum length of command line arguments
configure:4880: result: 1572864
configure:4897: checking whether the shell understands some XSI constructs
configure:4907: result: yes
configure:4911: checking whether the shell understands "+="
configure:4917: result: yes
configure:4952: checking how to convert x86_64-unknown-linux-gnu file names to x86_64-unknown-linux-gnu format
configure:4992: result: func_convert_file_noop
configure:4999: checking how to convert x86_64-unknown-linux-gnu file names to toolchain format
configure:5019: result: func_convert_file_noop
configure:5026: checking for /usr/bin/ld option to reload object files
configure:5033: result: -r
configure:5107: checking for objdump
configure:5123: found /usr/bin/objdump
configure:5134: result: objdump
configure:5166: checking how to recognize dependent libraries
configure:5368: result: pass_all
configure:5453: checking for dlltool
configure:5483: result: no
configure:5513: checking how to associate runtime and link libraries
configure:5540: result: printf %s\n
configure:5601: checking for ar
configure:5617: found /usr/bin/ar
configure:5628: result: ar
configure:5665: checking for archiver @FILE support
configure:5682: gcc -c -g -O2  conftest.c >&5
configure:5682: $? = 0
configure:5685: ar cru libconftest.a @conftest.lst >&5
configure:5688: $? = 0
configure:5693: ar cru libconftest.a @conftest.lst >&5
ar: conftest.o: No such file or directory
configure:5696: $? = 1
configure:5708: result: @
configure:5766: checking for strip
configure:5782: found /usr/bin/strip
configure:5793: result: strip
configure:5865: checking for ranlib
configure:5881: found /usr/bin/ranlib
configure:5892: result: ranlib
configure:5994: checking command to parse /usr/bin/nm -B output from gcc object
configure:6114: gcc -c -g -O2  conftest.c >&5
configure:6117: $? = 0
configure:6121: /usr/bin/nm -B conftest.o \| sed -n -e 's/^.*[ ]\([ABCDGIRSTW][ABCDGIRSTW]*\)[ ][ ]*\([_A-Za-z][_A-Za-z0-9]*\)$/\1 \2 \2/p' | sed '/ __gnu_lto/d' \> conftest.nm
configure:6124: $? = 0
configure:6190: gcc -o conftest -g -O2   conftest.c conftstm.o >&5
configure:6193: $? = 0
configure:6231: result: ok
configure:6268: checking for sysroot
configure:6298: result: no
configure:6375: gcc -c -g -O2  conftest.c >&5
configure:6378: $? = 0
configure:6554: checking for mt
configure:6570: found /bin/mt
configure:6581: result: mt
configure:6604: checking if mt is a manifest tool
configure:6610: mt '-?'
configure:6618: result: no
configure:7260: checking how to run the C preprocessor
configure:7291: gcc -E  conftest.c
configure:7291: $? = 0
configure:7305: gcc -E  conftest.c
conftest.c:11:10: fatal error: ac_nonexistent.h: No such file or directory
 #include <ac_nonexistent.h>
          ^~~~~~~~~~~~~~~~~~
compilation terminated.
configure:7305: $? = 1
configure: failed program was:
| /* confdefs.h */
| #define PACKAGE_NAME "libfontenc"
| #define PACKAGE_TARNAME "libfontenc"
| #define PACKAGE_VERSION "1.1.3"
| #define PACKAGE_STRING "libfontenc 1.1.3"
| #define PACKAGE_BUGREPORT "https://bugs.freedesktop.org/enter_bug.cgi?product=xorg"
| #define PACKAGE_URL ""
| #define PACKAGE "libfontenc"
| #define VERSION "1.1.3"
| /* end confdefs.h.  */
| #include <ac_nonexistent.h>
configure:7330: result: gcc -E
configure:7350: gcc -E  conftest.c
configure:7350: $? = 0
configure:7364: gcc -E  conftest.c
conftest.c:11:10: fatal error: ac_nonexistent.h: No such file or directory
 #include <ac_nonexistent.h>
          ^~~~~~~~~~~~~~~~~~
compilation terminated.
configure:7364: $? = 1
configure: failed program was:
| /* confdefs.h */
| #define PACKAGE_NAME "libfontenc"
| #define PACKAGE_TARNAME "libfontenc"
| #define PACKAGE_VERSION "1.1.3"
| #define PACKAGE_STRING "libfontenc 1.1.3"
| #define PACKAGE_BUGREPORT "https://bugs.freedesktop.org/enter_bug.cgi?product=xorg"
| #define PACKAGE_URL ""
| #define PACKAGE "libfontenc"
| #define VERSION "1.1.3"
| /* end confdefs.h.  */
| #include <ac_nonexistent.h>
configure:7393: checking for ANSI C header files
configure:7413: gcc -c -g -O2  conftest.c >&5
configure:7413: $? = 0
configure:7486: gcc -o conftest -g -O2   conftest.c  >&5
configure:7486: $? = 0
configure:7486: ./conftest
configure:7486: $? = 0
configure:7497: result: yes
configure:7510: checking for sys/types.h
configure:7510: gcc -c -g -O2  conftest.c >&5
configure:7510: $? = 0
configure:7510: result: yes
configure:7510: checking for sys/stat.h
configure:7510: gcc -c -g -O2  conftest.c >&5
configure:7510: $? = 0
configure:7510: result: yes
configure:7510: checking for stdlib.h
configure:7510: gcc -c -g -O2  conftest.c >&5
configure:7510: $? = 0
configure:7510: result: yes
configure:7510: checking for string.h
configure:7510: gcc -c -g -O2  conftest.c >&5
configure:7510: $? = 0
configure:7510: result: yes
configure:7510: checking for memory.h
configure:7510: gcc -c -g -O2  conftest.c >&5
configure:7510: $? = 0
configure:7510: result: yes
configure:7510: checking for strings.h
configure:7510: gcc -c -g -O2  conftest.c >&5
configure:7510: $? = 0
configure:7510: result: yes
configure:7510: checking for inttypes.h
configure:7510: gcc -c -g -O2  conftest.c >&5
configure:7510: $? = 0
configure:7510: result: yes
configure:7510: checking for stdint.h
configure:7510: gcc -c -g -O2  conftest.c >&5
configure:7510: $? = 0
configure:7510: result: yes
configure:7510: checking for unistd.h
configure:7510: gcc -c -g -O2  conftest.c >&5
configure:7510: $? = 0
configure:7510: result: yes
configure:7524: checking for dlfcn.h
configure:7524: gcc -c -g -O2  conftest.c >&5
configure:7524: $? = 0
configure:7524: result: yes
configure:7730: checking for objdir
configure:7745: result: .libs
configure:8012: checking if gcc supports -fno-rtti -fno-exceptions
configure:8030: gcc -c -g -O2  -fno-rtti -fno-exceptions conftest.c >&5
cc1: warning: command line option '-fno-rtti' is valid for C++/ObjC++ but not for C
configure:8034: $? = 0
configure:8047: result: no
configure:8374: checking for gcc option to produce PIC
configure:8381: result: -fPIC -DPIC
configure:8389: checking if gcc PIC flag -fPIC -DPIC works
configure:8407: gcc -c -g -O2  -fPIC -DPIC -DPIC conftest.c >&5
configure:8411: $? = 0
configure:8424: result: yes
configure:8453: checking if gcc static flag -static works
configure:8481: result: yes
configure:8496: checking if gcc supports -c -o file.o
configure:8517: gcc -c -g -O2  -o out/conftest2.o conftest.c >&5
configure:8521: $? = 0
configure:8543: result: yes
configure:8551: checking if gcc supports -c -o file.o
configure:8598: result: yes
configure:8631: checking whether the gcc linker (/usr/bin/ld -m elf_x86_64) supports shared libraries
configure:9784: result: yes
configure:9821: checking whether -lc should be explicitly linked in
configure:9829: gcc -c -g -O2  conftest.c >&5
configure:9832: $? = 0
configure:9847: gcc -shared  -fPIC -DPIC conftest.o  -v -Wl,-soname -Wl,conftest -o conftest 2\>\&1 \| /usr/bin/grep  -lc  \>/dev/null 2\>\&1
configure:9850: $? = 0
configure:9864: result: no
configure:10024: checking dynamic linker characteristics
configure:10535: gcc -o conftest -g -O2   -Wl,-rpath -Wl,/foo conftest.c  >&5
configure:10535: $? = 0
configure:10757: result: GNU/Linux ld.so
configure:10864: checking how to hardcode library paths into programs
configure:10889: result: immediate
configure:11429: checking whether stripping libraries is possible
configure:11434: result: yes
configure:11469: checking if libtool supports shared libraries
configure:11471: result: yes
configure:11474: checking whether to build shared libraries
configure:11495: result: yes
configure:11498: checking whether to build static libraries
configure:11502: result: no
configure:11552: checking for gcc option to accept ISO C99
configure:11701: gcc  -c -g -O2  conftest.c >&5
configure:11701: $? = 0
configure:11714: result: none needed
configure:11733: checking whether __clang__ is declared
configure:11733: gcc -c -g -O2  conftest.c >&5
conftest.c: In function 'main':
conftest.c:63:10: error: '__clang__' undeclared (first use in this function); did you mean '__clock_t'?
   (void) __clang__;
          ^~~~~~~~~
          __clock_t
conftest.c:63:10: note: each undeclared identifier is reported only once for each function it appears in
configure:11733: $? = 1
configure: failed program was:
| /* confdefs.h */
| #define PACKAGE_NAME "libfontenc"
| #define PACKAGE_TARNAME "libfontenc"
| #define PACKAGE_VERSION "1.1.3"
| #define PACKAGE_STRING "libfontenc 1.1.3"
| #define PACKAGE_BUGREPORT "https://bugs.freedesktop.org/enter_bug.cgi?product=xorg"
| #define PACKAGE_URL ""
| #define PACKAGE "libfontenc"
| #define VERSION "1.1.3"
| #define STDC_HEADERS 1
| #define HAVE_SYS_TYPES_H 1
| #define HAVE_SYS_STAT_H 1
| #define HAVE_STDLIB_H 1
| #define HAVE_STRING_H 1
| #define HAVE_MEMORY_H 1
| #define HAVE_STRINGS_H 1
| #define HAVE_INTTYPES_H 1
| #define HAVE_STDINT_H 1
| #define HAVE_UNISTD_H 1
| #define HAVE_DLFCN_H 1
| #define LT_OBJDIR ".libs/"
| /* end confdefs.h.  */
| #include <stdio.h>
| #ifdef HAVE_SYS_TYPES_H
| # include <sys/types.h>
| #endif
| #ifdef HAVE_SYS_STAT_H
| # include <sys/stat.h>
| #endif
| #ifdef STDC_HEADERS
| # include <stdlib.h>
| # include <stddef.h>
| #else
| # ifdef HAVE_STDLIB_H
| #  include <stdlib.h>
| # endif
| #endif
| #ifdef HAVE_STRING_H
| # if !defined STDC_HEADERS && defined HAVE_MEMORY_H
| #  include <memory.h>
| # endif
| # include <string.h>
| #endif
| #ifdef HAVE_STRINGS_H
| # include <strings.h>
| #endif
| #ifdef HAVE_INTTYPES_H
| # include <inttypes.h>
| #endif
| #ifdef HAVE_STDINT_H
| # include <stdint.h>
| #endif
| #ifdef HAVE_UNISTD_H
| # include <unistd.h>
| #endif
| int
| main ()
| {
| #ifndef __clang__
| #ifdef __cplusplus
|   (void) __clang__;
| #else
|   (void) __clang__;
| #endif
| #endif
| 
|   ;
|   return 0;
| }
configure:11733: result: no
configure:11740: checking whether __INTEL_COMPILER is declared
configure:11740: gcc -c -g -O2  conftest.c >&5
conftest.c: In function 'main':
conftest.c:63:10: error: '__INTEL_COMPILER' undeclared (first use in this function); did you mean '__BYTE_ORDER'?
   (void) __INTEL_COMPILER;
          ^~~~~~~~~~~~~~~~
          __BYTE_ORDER
conftest.c:63:10: note: each undeclared identifier is reported only once for each function it appears in
configure:11740: $? = 1
configure: failed program was:
| /* confdefs.h */
| #define PACKAGE_NAME "libfontenc"
| #define PACKAGE_TARNAME "libfontenc"
| #define PACKAGE_VERSION "1.1.3"
| #define PACKAGE_STRING "libfontenc 1.1.3"
| #define PACKAGE_BUGREPORT "https://bugs.freedesktop.org/enter_bug.cgi?product=xorg"
| #define PACKAGE_URL ""
| #define PACKAGE "libfontenc"
| #define VERSION "1.1.3"
| #define STDC_HEADERS 1
| #define HAVE_SYS_TYPES_H 1
| #define HAVE_SYS_STAT_H 1
| #define HAVE_STDLIB_H 1
| #define HAVE_STRING_H 1
| #define HAVE_MEMORY_H 1
| #define HAVE_STRINGS_H 1
| #define HAVE_INTTYPES_H 1
| #define HAVE_STDINT_H 1
| #define HAVE_UNISTD_H 1
| #define HAVE_DLFCN_H 1
| #define LT_OBJDIR ".libs/"
| /* end confdefs.h.  */
| #include <stdio.h>
| #ifdef HAVE_SYS_TYPES_H
| # include <sys/types.h>
| #endif
| #ifdef HAVE_SYS_STAT_H
| # include <sys/stat.h>
| #endif
| #ifdef STDC_HEADERS
| # include <stdlib.h>
| # include <stddef.h>
| #else
| # ifdef HAVE_STDLIB_H
| #  include <stdlib.h>
| # endif
| #endif
| #ifdef HAVE_STRING_H
| # if !defined STDC_HEADERS && defined HAVE_MEMORY_H
| #  include <memory.h>
| # endif
| # include <string.h>
| #endif
| #ifdef HAVE_STRINGS_H
| # include <strings.h>
| #endif
| #ifdef HAVE_INTTYPES_H
| # include <inttypes.h>
| #endif
| #ifdef HAVE_STDINT_H
| # include <stdint.h>
| #endif
| #ifdef HAVE_UNISTD_H
| # include <unistd.h>
| #endif
| int
| main ()
| {
| #ifndef __INTEL_COMPILER
| #ifdef __cplusplus
|   (void) __INTEL_COMPILER;
| #else
|   (void) __INTEL_COMPILER;
| #endif
| #endif
| 
|   ;
|   return 0;
| }
configure:11740: result: no
configure:11747: checking whether __SUNPRO_C is declared
configure:11747: gcc -c -g -O2  conftest.c >&5
conftest.c: In function 'main':
conftest.c:63:10: error: '__SUNPRO_C' undeclared (first use in this function); did you mean '__INT8_C'?
   (void) __SUNPRO_C;
          ^~~~~~~~~~
          __INT8_C
conftest.c:63:10: note: each undeclared identifier is reported only once for each function it appears in
configure:11747: $? = 1
configure: failed program was:
| /* confdefs.h */
| #define PACKAGE_NAME "libfontenc"
| #define PACKAGE_TARNAME "libfontenc"
| #define PACKAGE_VERSION "1.1.3"
| #define PACKAGE_STRING "libfontenc 1.1.3"
| #define PACKAGE_BUGREPORT "https://bugs.freedesktop.org/enter_bug.cgi?product=xorg"
| #define PACKAGE_URL ""
| #define PACKAGE "libfontenc"
| #define VERSION "1.1.3"
| #define STDC_HEADERS 1
| #define HAVE_SYS_TYPES_H 1
| #define HAVE_SYS_STAT_H 1
| #define HAVE_STDLIB_H 1
| #define HAVE_STRING_H 1
| #define HAVE_MEMORY_H 1
| #define HAVE_STRINGS_H 1
| #define HAVE_INTTYPES_H 1
| #define HAVE_STDINT_H 1
| #define HAVE_UNISTD_H 1
| #define HAVE_DLFCN_H 1
| #define LT_OBJDIR ".libs/"
| /* end confdefs.h.  */
| #include <stdio.h>
| #ifdef HAVE_SYS_TYPES_H
| # include <sys/types.h>
| #endif
| #ifdef HAVE_SYS_STAT_H
| # include <sys/stat.h>
| #endif
| #ifdef STDC_HEADERS
| # include <stdlib.h>
| # include <stddef.h>
| #else
| # ifdef HAVE_STDLIB_H
| #  include <stdlib.h>
| # endif
| #endif
| #ifdef HAVE_STRING_H
| # if !defined STDC_HEADERS && defined HAVE_MEMORY_H
| #  include <memory.h>
| # endif
| # include <string.h>
| #endif
| #ifdef HAVE_STRINGS_H
| # include <strings.h>
| #endif
| #ifdef HAVE_INTTYPES_H
| # include <inttypes.h>
| #endif
| #ifdef HAVE_STDINT_H
| # include <stdint.h>
| #endif
| #ifdef HAVE_UNISTD_H
| # include <unistd.h>
| #endif
| int
| main ()
| {
| #ifndef __SUNPRO_C
| #ifdef __cplusplus
|   (void) __SUNPRO_C;
| #else
|   (void) __SUNPRO_C;
| #endif
| #endif
| 
|   ;
|   return 0;
| }
configure:11747: result: no
configure:11804: checking for pkg-config
configure:11822: found /usr/bin/pkg-config
configure:11834: result: /usr/bin/pkg-config
configure:11859: checking pkg-config is at least version 0.9.0
configure:11862: result: yes
configure:11912: checking if gcc supports -Werror=unknown-warning-option
configure:11921: gcc -c -g -O2 -Werror=unknown-warning-option  conftest.c >&5
cc1: error: -Werror=unknown-warning-option: no option -Wunknown-warning-option
configure:11921: $? = 1
configure: failed program was:
| /* confdefs.h */
| #define PACKAGE_NAME "libfontenc"
| #define PACKAGE_TARNAME "libfontenc"
| #define PACKAGE_VERSION "1.1.3"
| #define PACKAGE_STRING "libfontenc 1.1.3"
| #define PACKAGE_BUGREPORT "https://bugs.freedesktop.org/enter_bug.cgi?product=xorg"
| #define PACKAGE_URL ""
| #define PACKAGE "libfontenc"
| #define VERSION "1.1.3"
| #define STDC_HEADERS 1
| #define HAVE_SYS_TYPES_H 1
| #define HAVE_SYS_STAT_H 1
| #define HAVE_STDLIB_H 1
| #define HAVE_STRING_H 1
| #define HAVE_MEMORY_H 1
| #define HAVE_STRINGS_H 1
| #define HAVE_INTTYPES_H 1
| #define HAVE_STDINT_H 1
| #define HAVE_UNISTD_H 1
| #define HAVE_DLFCN_H 1
| #define LT_OBJDIR ".libs/"
| /* end confdefs.h.  */
| int i;
configure:11928: result: no
configure:11939: checking if gcc supports -Werror=unused-command-line-argument
configure:11948: gcc -c -g -O2 -Werror=unused-command-line-argument  conftest.c >&5
cc1: error: -Werror=unused-command-line-argument: no option -Wunused-command-line-argument
configure:11948: $? = 1
configure: failed program was:
| /* confdefs.h */
| #define PACKAGE_NAME "libfontenc"
| #define PACKAGE_TARNAME "libfontenc"
| #define PACKAGE_VERSION "1.1.3"
| #define PACKAGE_STRING "libfontenc 1.1.3"
| #define PACKAGE_BUGREPORT "https://bugs.freedesktop.org/enter_bug.cgi?product=xorg"
| #define PACKAGE_URL ""
| #define PACKAGE "libfontenc"
| #define VERSION "1.1.3"
| #define STDC_HEADERS 1
| #define HAVE_SYS_TYPES_H 1
| #define HAVE_SYS_STAT_H 1
| #define HAVE_STDLIB_H 1
| #define HAVE_STRING_H 1
| #define HAVE_MEMORY_H 1
| #define HAVE_STRINGS_H 1
| #define HAVE_INTTYPES_H 1
| #define HAVE_STDINT_H 1
| #define HAVE_UNISTD_H 1
| #define HAVE_DLFCN_H 1
| #define LT_OBJDIR ".libs/"
| /* end confdefs.h.  */
| int i;
configure:11955: result: no
configure:11974: checking if gcc supports -Wall
configure:11991: gcc -o conftest -g -O2 -Wall   conftest.c  >&5
configure:11991: $? = 0
configure:12004: result: yes
configure:12092: checking if gcc supports -Wpointer-arith
configure:12109: gcc -o conftest -g -O2 -Wpointer-arith   conftest.c  >&5
configure:12109: $? = 0
configure:12122: result: yes
configure:12210: checking if gcc supports -Wmissing-declarations
configure:12227: gcc -o conftest -g -O2 -Wmissing-declarations   conftest.c  >&5
configure:12227: $? = 0
configure:12240: result: yes
configure:12328: checking if gcc supports -Wformat=2
configure:12345: gcc -o conftest -g -O2 -Wformat=2   conftest.c  >&5
configure:12345: $? = 0
configure:12358: result: yes
configure:12497: checking if gcc supports -Wstrict-prototypes
configure:12514: gcc -o conftest -g -O2 -Wstrict-prototypes   conftest.c  >&5
conftest.c:25:1: warning: function declaration isn't a prototype [-Wstrict-prototypes]
 main ()
 ^~~~
configure:12514: $? = 0
configure:12527: result: yes
configure:12615: checking if gcc supports -Wmissing-prototypes
configure:12632: gcc -o conftest -g -O2 -Wmissing-prototypes   conftest.c  >&5
configure:12632: $? = 0
configure:12645: result: yes
configure:12733: checking if gcc supports -Wnested-externs
configure:12750: gcc -o conftest -g -O2 -Wnested-externs   conftest.c  >&5
configure:12750: $? = 0
configure:12763: result: yes
configure:12851: checking if gcc supports -Wbad-function-cast
configure:12868: gcc -o conftest -g -O2 -Wbad-function-cast   conftest.c  >&5
configure:12868: $? = 0
configure:12881: result: yes
configure:12969: checking if gcc supports -Wold-style-definition
configure:12986: gcc -o conftest -g -O2 -Wold-style-definition   conftest.c  >&5
conftest.c: In function 'main':
conftest.c:25:1: warning: old-style function definition [-Wold-style-definition]
 main ()
 ^~~~
configure:12986: $? = 0
configure:12999: result: yes
configure:13136: checking if gcc supports -Wdeclaration-after-statement
configure:13153: gcc -o conftest -g -O2 -Wdeclaration-after-statement   conftest.c  >&5
configure:13153: $? = 0
configure:13166: result: yes
configure:13258: checking if gcc supports -Wunused
configure:13275: gcc -o conftest -g -O2 -Wunused   conftest.c  >&5
configure:13275: $? = 0
configure:13288: result: yes
configure:13376: checking if gcc supports -Wuninitialized
configure:13393: gcc -o conftest -g -O2 -Wuninitialized   conftest.c  >&5
configure:13393: $? = 0
configure:13406: result: yes
configure:13494: checking if gcc supports -Wshadow
configure:13511: gcc -o conftest -g -O2 -Wshadow   conftest.c  >&5
configure:13511: $? = 0
configure:13524: result: yes
configure:13612: checking if gcc supports -Wmissing-noreturn
configure:13629: gcc -o conftest -g -O2 -Wmissing-noreturn   conftest.c  >&5
configure:13629: $? = 0
configure:13642: result: yes
configure:13730: checking if gcc supports -Wmissing-format-attribute
configure:13747: gcc -o conftest -g -O2 -Wmissing-format-attribute   conftest.c  >&5
configure:13747: $? = 0
configure:13760: result: yes
configure:13848: checking if gcc supports -Wredundant-decls
configure:13865: gcc -o conftest -g -O2 -Wredundant-decls   conftest.c  >&5
configure:13865: $? = 0
configure:13878: result: yes
configure:13966: checking if gcc supports -Wlogical-op
configure:13983: gcc -o conftest -g -O2 -Wlogical-op   conftest.c  >&5
configure:13983: $? = 0
configure:13996: result: yes
configure:14096: checking if gcc supports -Werror=implicit
configure:14113: gcc -o conftest -g -O2 -Werror=implicit   conftest.c  >&5
configure:14113: $? = 0
configure:14126: result: yes
configure:14263: checking if gcc supports -Werror=nonnull
configure:14280: gcc -o conftest -g -O2 -Werror=nonnull   conftest.c  >&5
configure:14280: $? = 0
configure:14293: result: yes
configure:14381: checking if gcc supports -Werror=init-self
configure:14398: gcc -o conftest -g -O2 -Werror=init-self   conftest.c  >&5
configure:14398: $? = 0
configure:14411: result: yes
configure:14499: checking if gcc supports -Werror=main
configure:14516: gcc -o conftest -g -O2 -Werror=main   conftest.c  >&5
configure:14516: $? = 0
configure:14529: result: yes
configure:14617: checking if gcc supports -Werror=missing-braces
configure:14634: gcc -o conftest -g -O2 -Werror=missing-braces   conftest.c  >&5
configure:14634: $? = 0
configure:14647: result: yes
configure:14735: checking if gcc supports -Werror=sequence-point
configure:14752: gcc -o conftest -g -O2 -Werror=sequence-point   conftest.c  >&5
configure:14752: $? = 0
configure:14765: result: yes
configure:14853: checking if gcc supports -Werror=return-type
configure:14870: gcc -o conftest -g -O2 -Werror=return-type   conftest.c  >&5
configure:14870: $? = 0
configure:14883: result: yes
configure:15020: checking if gcc supports -Werror=trigraphs
configure:15037: gcc -o conftest -g -O2 -Werror=trigraphs   conftest.c  >&5
configure:15037: $? = 0
configure:15050: result: yes
configure:15138: checking if gcc supports -Werror=array-bounds
configure:15155: gcc -o conftest -g -O2 -Werror=array-bounds   conftest.c  >&5
configure:15155: $? = 0
configure:15168: result: yes
configure:15256: checking if gcc supports -Werror=write-strings
configure:15273: gcc -o conftest -g -O2 -Werror=write-strings   conftest.c  >&5
configure:15273: $? = 0
configure:15286: result: yes
configure:15374: checking if gcc supports -Werror=address
configure:15391: gcc -o conftest -g -O2 -Werror=address   conftest.c  >&5
configure:15391: $? = 0
configure:15404: result: yes
configure:15492: checking if gcc supports -Werror=int-to-pointer-cast
configure:15509: gcc -o conftest -g -O2 -Werror=int-to-pointer-cast   conftest.c  >&5
configure:15509: $? = 0
configure:15522: result: yes
configure:15659: checking if gcc supports -Werror=pointer-to-int-cast
configure:15676: gcc -o conftest -g -O2 -Werror=pointer-to-int-cast   conftest.c  >&5
configure:15676: $? = 0
configure:15689: result: yes
configure:17347: checking if gcc supports -pedantic
configure:17364: gcc -o conftest -g -O2 -pedantic   conftest.c  >&5
configure:17364: $? = 0
configure:17377: result: yes
configure:17465: checking if gcc supports -Werror
configure:17482: gcc -o conftest -g -O2 -Werror   conftest.c  >&5
configure:17482: $? = 0
configure:17495: result: yes
configure:17635: checking if gcc supports -Werror=attributes
configure:17652: gcc -o conftest -g -O2 -Werror=attributes   conftest.c  >&5
configure:17652: $? = 0
configure:17665: result: yes
configure:17825: checking whether make supports nested variables
configure:17842: result: yes
configure:17870: checking for root directory for font files
configure:17887: result: ${datarootdir}/fonts/X11
configure:17893: checking for directory for encodings files
configure:17904: result: ${FONTROOTDIR}/encodings
configure:17909: checking zlib.h usability
configure:17909: gcc -c -g -O2  conftest.c >&5
configure:17909: $? = 0
configure:17909: result: yes
configure:17909: checking zlib.h presence
configure:17909: gcc -E  conftest.c
configure:17909: $? = 0
configure:17909: result: yes
configure:17909: checking for zlib.h
configure:17909: result: yes
configure:17920: checking for gzclose in -lz
configure:17945: gcc -o conftest -g -O2   conftest.c -lz   >&5
configure:17945: $? = 0
configure:17954: result: yes
configure:17974: checking for FONTENC
configure:17981: $PKG_CONFIG --exists --print-errors "xproto"
configure:17984: $? = 0
configure:17997: $PKG_CONFIG --exists --print-errors "xproto"
configure:18000: $? = 0
configure:18054: result: yes
configure:18274: checking that generated files are newer than configure
configure:18280: result: done
configure:18307: creating ./config.status

## ---------------------- ##
## Running config.status. ##
## ---------------------- ##

This file was extended by libfontenc config.status 1.1.3, which was
generated by GNU Autoconf 2.69.  Invocation command line was

  CONFIG_FILES    = 
  CONFIG_HEADERS  = 
  CONFIG_LINKS    = 
  CONFIG_COMMANDS = 
  $ ./config.status 

on localhost.localdomain

config.status:1125: creating Makefile
config.status:1125: creating src/Makefile
config.status:1125: creating fontenc.pc
config.status:1125: creating config.h
config.status:1354: executing depfiles commands
config.status:1354: executing libtool commands

## ---------------- ##
## Cache variables. ##
## ---------------- ##

ac_cv_build=x86_64-unknown-linux-gnu
ac_cv_c_compiler_gnu=yes
ac_cv_env_CC_set=
ac_cv_env_CC_value=
ac_cv_env_CFLAGS_set=
ac_cv_env_CFLAGS_value=
ac_cv_env_CPPFLAGS_set=
ac_cv_env_CPPFLAGS_value=
ac_cv_env_CPP_set=
ac_cv_env_CPP_value=
ac_cv_env_FONTENC_CFLAGS_set=
ac_cv_env_FONTENC_CFLAGS_value=
ac_cv_env_FONTENC_LIBS_set=
ac_cv_env_FONTENC_LIBS_value=
ac_cv_env_LDFLAGS_set=
ac_cv_env_LDFLAGS_value=
ac_cv_env_LIBS_set=
ac_cv_env_LIBS_value=
ac_cv_env_LINT_FLAGS_set=
ac_cv_env_LINT_FLAGS_value=
ac_cv_env_LINT_set=
ac_cv_env_LINT_value=
ac_cv_env_PKG_CONFIG_set=
ac_cv_env_PKG_CONFIG_value=
ac_cv_env_build_alias_set=
ac_cv_env_build_alias_value=
ac_cv_env_host_alias_set=
ac_cv_env_host_alias_value=
ac_cv_env_target_alias_set=
ac_cv_env_target_alias_value=
ac_cv_have_decl___INTEL_COMPILER=no
ac_cv_have_decl___SUNPRO_C=no
ac_cv_have_decl___clang__=no
ac_cv_header_dlfcn_h=yes
ac_cv_header_inttypes_h=yes
ac_cv_header_memory_h=yes
ac_cv_header_stdc=yes
ac_cv_header_stdint_h=yes
ac_cv_header_stdlib_h=yes
ac_cv_header_string_h=yes
ac_cv_header_strings_h=yes
ac_cv_header_sys_stat_h=yes
ac_cv_header_sys_types_h=yes
ac_cv_header_unistd_h=yes
ac_cv_header_zlib_h=yes
ac_cv_host=x86_64-unknown-linux-gnu
ac_cv_lib_z_gzclose=yes
ac_cv_objext=o
ac_cv_path_EGREP='/usr/bin/grep -E'
ac_cv_path_FGREP='/usr/bin/grep -F'
ac_cv_path_GREP=/usr/bin/grep
ac_cv_path_SED=/bin/sed
ac_cv_path_ac_pt_PKG_CONFIG=/usr/bin/pkg-config
ac_cv_path_install='/usr/bin/install -c'
ac_cv_path_mkdir=/bin/mkdir
ac_cv_prog_AWK=gawk
ac_cv_prog_CPP='gcc -E'
ac_cv_prog_ac_ct_AR=ar
ac_cv_prog_ac_ct_CC=gcc
ac_cv_prog_ac_ct_MANIFEST_TOOL=mt
ac_cv_prog_ac_ct_OBJDUMP=objdump
ac_cv_prog_ac_ct_RANLIB=ranlib
ac_cv_prog_ac_ct_STRIP=strip
ac_cv_prog_cc_c89=
ac_cv_prog_cc_c99=
ac_cv_prog_cc_g=yes
ac_cv_prog_make_make_set=yes
am_cv_CC_dependencies_compiler_type=gcc3
am_cv_make_support_nested_variables=yes
am_cv_prog_cc_c_o=yes
lt_cv_ar_at_file=@
lt_cv_archive_cmds_need_lc=no
lt_cv_deplibs_check_method=pass_all
lt_cv_file_magic_cmd='$MAGIC_CMD'
lt_cv_file_magic_test_file=
lt_cv_ld_reload_flag=-r
lt_cv_nm_interface='BSD nm'
lt_cv_objdir=.libs
lt_cv_path_LD=/usr/bin/ld
lt_cv_path_NM='/usr/bin/nm -B'
lt_cv_path_mainfest_tool=no
lt_cv_prog_compiler_c_o=yes
lt_cv_prog_compiler_pic='-fPIC -DPIC'
lt_cv_prog_compiler_pic_works=yes
lt_cv_prog_compiler_rtti_exceptions=no
lt_cv_prog_compiler_static_works=yes
lt_cv_prog_gnu_ld=yes
lt_cv_sharedlib_from_linklib_cmd='printf %s\n'
lt_cv_shlibpath_overrides_runpath=no
lt_cv_sys_global_symbol_pipe='sed -n -e '\''s/^.*[	 ]\([ABCDGIRSTW][ABCDGIRSTW]*\)[	 ][	 ]*\([_A-Za-z][_A-Za-z0-9]*\)$/\1 \2 \2/p'\'' | sed '\''/ __gnu_lto/d'\'''
lt_cv_sys_global_symbol_to_c_name_address='sed -n -e '\''s/^: \([^ ]*\)[ ]*$/  {\"\1\", (void *) 0},/p'\'' -e '\''s/^[ABCDGIRSTW]* \([^ ]*\) \([^ ]*\)$/  {"\2", (void *) \&\2},/p'\'''
lt_cv_sys_global_symbol_to_c_name_address_lib_prefix='sed -n -e '\''s/^: \([^ ]*\)[ ]*$/  {\"\1\", (void *) 0},/p'\'' -e '\''s/^[ABCDGIRSTW]* \([^ ]*\) \(lib[^ ]*\)$/  {"\2", (void *) \&\2},/p'\'' -e '\''s/^[ABCDGIRSTW]* \([^ ]*\) \([^ ]*\)$/  {"lib\2", (void *) \&\2},/p'\'''
lt_cv_sys_global_symbol_to_cdecl='sed -n -e '\''s/^T .* \(.*\)$/extern int \1();/p'\'' -e '\''s/^[ABCDGIRSTW]* .* \(.*\)$/extern char \1;/p'\'''
lt_cv_sys_max_cmd_len=1572864
lt_cv_to_host_file_cmd=func_convert_file_noop
lt_cv_to_tool_file_cmd=func_convert_file_noop
pkg_cv_FONTENC_CFLAGS=
pkg_cv_FONTENC_LIBS=
xorg_cv_cc_flag__Wall=yes
xorg_cv_cc_flag__Wbad_function_cast=yes
xorg_cv_cc_flag__Wdeclaration_after_statement=yes
xorg_cv_cc_flag__Werror=yes
xorg_cv_cc_flag__Werror_address=yes
xorg_cv_cc_flag__Werror_array_bounds=yes
xorg_cv_cc_flag__Werror_attributes=yes
xorg_cv_cc_flag__Werror_implicit=yes
xorg_cv_cc_flag__Werror_init_self=yes
xorg_cv_cc_flag__Werror_int_to_pointer_cast=yes
xorg_cv_cc_flag__Werror_main=yes
xorg_cv_cc_flag__Werror_missing_braces=yes
xorg_cv_cc_flag__Werror_nonnull=yes
xorg_cv_cc_flag__Werror_pointer_to_int_cast=yes
xorg_cv_cc_flag__Werror_return_type=yes
xorg_cv_cc_flag__Werror_sequence_point=yes
xorg_cv_cc_flag__Werror_trigraphs=yes
xorg_cv_cc_flag__Werror_write_strings=yes
xorg_cv_cc_flag__Wformat_2=yes
xorg_cv_cc_flag__Wlogical_op=yes
xorg_cv_cc_flag__Wmissing_declarations=yes
xorg_cv_cc_flag__Wmissing_format_attribute=yes
xorg_cv_cc_flag__Wmissing_noreturn=yes
xorg_cv_cc_flag__Wmissing_prototypes=yes
xorg_cv_cc_flag__Wnested_externs=yes
xorg_cv_cc_flag__Wold_style_definition=yes
xorg_cv_cc_flag__Wpointer_arith=yes
xorg_cv_cc_flag__Wredundant_decls=yes
xorg_cv_cc_flag__Wshadow=yes
xorg_cv_cc_flag__Wstrict_prototypes=yes
xorg_cv_cc_flag__Wuninitialized=yes
xorg_cv_cc_flag__Wunused=yes
xorg_cv_cc_flag__pedantic=yes
xorg_cv_cc_flag_unknown_warning_option=no
xorg_cv_cc_flag_unused_command_line_argument=no

## ----------------- ##
## Output variables. ##
## ----------------- ##

ACLOCAL='${SHELL} /lfskernel/sources/boot/X11/libs/libfontenc-1.1.3/missing aclocal-1.15'
ADMIN_MAN_DIR='$(mandir)/man$(ADMIN_MAN_SUFFIX)'
ADMIN_MAN_SUFFIX='8'
AMDEPBACKSLASH='\'
AMDEP_FALSE='#'
AMDEP_TRUE=''
AMTAR='$${TAR-tar}'
AM_BACKSLASH='\'
AM_DEFAULT_V='$(AM_DEFAULT_VERBOSITY)'
AM_DEFAULT_VERBOSITY='0'
AM_V='$(V)'
APP_MAN_DIR='$(mandir)/man$(APP_MAN_SUFFIX)'
APP_MAN_SUFFIX='1'
AR='ar'
AUTOCONF='${SHELL} /lfskernel/sources/boot/X11/libs/libfontenc-1.1.3/missing autoconf'
AUTOHEADER='${SHELL} /lfskernel/sources/boot/X11/libs/libfontenc-1.1.3/missing autoheader'
AUTOMAKE='${SHELL} /lfskernel/sources/boot/X11/libs/libfontenc-1.1.3/missing automake-1.15'
AWK='gawk'
BASE_CFLAGS=' -Wall -Wpointer-arith -Wmissing-declarations -Wformat=2 -Wstrict-prototypes -Wmissing-prototypes -Wnested-externs -Wbad-function-cast -Wold-style-definition -Wdeclaration-after-statement -Wunused -Wuninitialized -Wshadow -Wmissing-noreturn -Wmissing-format-attribute -Wredundant-decls -Wlogical-op -Werror=implicit -Werror=nonnull -Werror=init-self -Werror=main -Werror=missing-braces -Werror=sequence-point -Werror=return-type -Werror=trigraphs -Werror=array-bounds -Werror=write-strings -Werror=address -Werror=int-to-pointer-cast -Werror=pointer-to-int-cast'
CC='gcc'
CCDEPMODE='depmode=gcc3'
CFLAGS='-g -O2'
CHANGELOG_CMD='(GIT_DIR=$(top_srcdir)/.git git log > $(top_srcdir)/.changelog.tmp && mv $(top_srcdir)/.changelog.tmp $(top_srcdir)/ChangeLog) || (rm -f $(top_srcdir)/.changelog.tmp; touch $(top_srcdir)/ChangeLog; echo '\''git directory not found: installing possibly empty changelog.'\'' >&2)'
CPP='gcc -E'
CPPFLAGS=''
CWARNFLAGS=' -Wall -Wpointer-arith -Wmissing-declarations -Wformat=2 -Wstrict-prototypes -Wmissing-prototypes -Wnested-externs -Wbad-function-cast -Wold-style-definition -Wdeclaration-after-statement -Wunused -Wuninitialized -Wshadow -Wmissing-noreturn -Wmissing-format-attribute -Wredundant-decls -Wlogical-op -Werror=implicit -Werror=nonnull -Werror=init-self -Werror=main -Werror=missing-braces -Werror=sequence-point -Werror=return-type -Werror=trigraphs -Werror=array-bounds -Werror=write-strings -Werror=address -Werror=int-to-pointer-cast -Werror=pointer-to-int-cast -fno-strict-aliasing'
CYGPATH_W='echo'
DEFS='-DHAVE_CONFIG_H'
DEPDIR='.deps'
DLLTOOL='false'
DRIVER_MAN_DIR='$(mandir)/man$(DRIVER_MAN_SUFFIX)'
DRIVER_MAN_SUFFIX='4'
DSYMUTIL=''
DUMPBIN=''
ECHO_C=''
ECHO_N='-n'
ECHO_T=''
EGREP='/usr/bin/grep -E'
ENCODINGSDIR='${FONTROOTDIR}/encodings'
EXEEXT=''
FGREP='/usr/bin/grep -F'
FILE_MAN_DIR='$(mandir)/man$(FILE_MAN_SUFFIX)'
FILE_MAN_SUFFIX='5'
FONTENC_CFLAGS=''
FONTENC_LIBS=''
FONTROOTDIR='${datarootdir}/fonts/X11'
GREP='/usr/bin/grep'
INSTALL_CMD='(cp -f /usr/share/util-macros/INSTALL $(top_srcdir)/.INSTALL.tmp && mv $(top_srcdir)/.INSTALL.tmp $(top_srcdir)/INSTALL) || (rm -f $(top_srcdir)/.INSTALL.tmp; touch $(top_srcdir)/INSTALL; echo '\''util-macros "pkgdatadir" from xorg-macros.pc not found: installing possibly empty INSTALL.'\'' >&2)'
INSTALL_DATA='${INSTALL} -m 644'
INSTALL_PROGRAM='${INSTALL}'
INSTALL_SCRIPT='${INSTALL}'
INSTALL_STRIP_PROGRAM='$(install_sh) -c -s'
LD='/usr/bin/ld -m elf_x86_64'
LDFLAGS=''
LIBOBJS=''
LIBS='-lz '
LIBTOOL='$(SHELL) $(top_builddir)/libtool'
LIB_MAN_DIR='$(mandir)/man$(LIB_MAN_SUFFIX)'
LIB_MAN_SUFFIX='3'
LINT=''
LINT_FALSE=''
LINT_FLAGS='-badflag '
LINT_TRUE='#'
LIPO=''
LN_S='ln -s'
LTLIBOBJS=''
MAKEINFO='${SHELL} /lfskernel/sources/boot/X11/libs/libfontenc-1.1.3/missing makeinfo'
MANIFEST_TOOL=':'
MAN_SUBSTS='	-e '\''s|__vendorversion__|"$(PACKAGE_STRING)" "$(XORG_MAN_PAGE)"|'\'' 	-e '\''s|__xorgversion__|"$(PACKAGE_STRING)" "$(XORG_MAN_PAGE)"|'\'' 	-e '\''s|__xservername__|Xorg|g'\'' 	-e '\''s|__xconfigfile__|xorg.conf|g'\'' 	-e '\''s|__projectroot__|$(prefix)|g'\'' 	-e '\''s|__apploaddir__|$(appdefaultdir)|g'\'' 	-e '\''s|__appmansuffix__|$(APP_MAN_SUFFIX)|g'\'' 	-e '\''s|__drivermansuffix__|$(DRIVER_MAN_SUFFIX)|g'\'' 	-e '\''s|__adminmansuffix__|$(ADMIN_MAN_SUFFIX)|g'\'' 	-e '\''s|__libmansuffix__|$(LIB_MAN_SUFFIX)|g'\'' 	-e '\''s|__miscmansuffix__|$(MISC_MAN_SUFFIX)|g'\'' 	-e '\''s|__filemansuffix__|$(FILE_MAN_SUFFIX)|g'\'''
MISC_MAN_DIR='$(mandir)/man$(MISC_MAN_SUFFIX)'
MISC_MAN_SUFFIX='7'
MKDIR_P='/bin/mkdir -p'
NM='/usr/bin/nm -B'
NMEDIT=''
OBJDUMP='objdump'
OBJEXT='o'
OTOOL64=''
OTOOL=''
PACKAGE='libfontenc'
PACKAGE_BUGREPORT='https://bugs.freedesktop.org/enter_bug.cgi?product=xorg'
PACKAGE_NAME='libfontenc'
PACKAGE_STRING='libfontenc 1.1.3'
PACKAGE_TARNAME='libfontenc'
PACKAGE_URL=''
PACKAGE_VERSION='1.1.3'
PATH_SEPARATOR=':'
PKG_CONFIG='/usr/bin/pkg-config'
RANLIB='ranlib'
SED='/bin/sed'
SET_MAKE=''
SHELL='/bin/sh'
STRICT_CFLAGS=' -pedantic -Werror -Werror=attributes'
STRIP='strip'
VERSION='1.1.3'
XORG_MAN_PAGE='X Version 11'
ac_ct_AR='ar'
ac_ct_CC='gcc'
ac_ct_DUMPBIN=''
am__EXEEXT_FALSE=''
am__EXEEXT_TRUE='#'
am__fastdepCC_FALSE='#'
am__fastdepCC_TRUE=''
am__include='include'
am__isrc=''
am__leading_dot='.'
am__nodep='_no'
am__quote=''
am__tar='$${TAR-tar} chof - "$$tardir"'
am__untar='$${TAR-tar} xf -'
bindir='${exec_prefix}/bin'
build='x86_64-unknown-linux-gnu'
build_alias=''
build_cpu='x86_64'
build_os='linux-gnu'
build_vendor='unknown'
datadir='${datarootdir}'
datarootdir='${prefix}/share'
docdir='${datarootdir}/doc/${PACKAGE_TARNAME}'
dvidir='${docdir}'
exec_prefix='${prefix}'
host='x86_64-unknown-linux-gnu'
host_alias=''
host_cpu='x86_64'
host_os='linux-gnu'
host_vendor='unknown'
htmldir='${docdir}'
includedir='${prefix}/include'
infodir='${datarootdir}/info'
install_sh='${SHELL} /lfskernel/sources/boot/X11/libs/libfontenc-1.1.3/install-sh'
libdir='${exec_prefix}/lib'
libexecdir='${exec_prefix}/libexec'
localedir='${datarootdir}/locale'
localstatedir='/var'
mandir='${datarootdir}/man'
mkdir_p='$(MKDIR_P)'
oldincludedir='/usr/include'
pdfdir='${docdir}'
prefix='/usr'
program_transform_name='s,x,x,'
psdir='${docdir}'
sbindir='${exec_prefix}/sbin'
sharedstatedir='${prefix}/com'
sysconfdir='/etc'
target_alias=''

## ----------- ##
## confdefs.h. ##
## ----------- ##

/* confdefs.h */
#define PACKAGE_NAME "libfontenc"
#define PACKAGE_TARNAME "libfontenc"
#define PACKAGE_VERSION "1.1.3"
#define PACKAGE_STRING "libfontenc 1.1.3"
#define PACKAGE_BUGREPORT "https://bugs.freedesktop.org/enter_bug.cgi?product=xorg"
#define PACKAGE_URL ""
#define PACKAGE "libfontenc"
#define VERSION "1.1.3"
#define STDC_HEADERS 1
#define HAVE_SYS_TYPES_H 1
#define HAVE_SYS_STAT_H 1
#define HAVE_STDLIB_H 1
#define HAVE_STRING_H 1
#define HAVE_MEMORY_H 1
#define HAVE_STRINGS_H 1
#define HAVE_INTTYPES_H 1
#define HAVE_STDINT_H 1
#define HAVE_UNISTD_H 1
#define HAVE_DLFCN_H 1
#define LT_OBJDIR ".libs/"
#define PACKAGE_VERSION_MAJOR 1
#define PACKAGE_VERSION_MINOR 1
#define PACKAGE_VERSION_PATCHLEVEL 3
#define HAVE_LIBZ 1

configure: exit 0
