This file contains any messages produced by compilers while
running configure, to aid debugging if configure makes a mistake.

It was created by libgcrypt configure 1.8.0, which was
generated by GNU Autoconf 2.69.  Invocation command line was

  $ ../configure --prefix=/usr

## --------- ##
## Platform. ##
## --------- ##

hostname = localhost.localdomain
uname -m = x86_64
uname -r = 3.10.0-693.11.1.el7.x86_64
uname -s = Linux
uname -v = #1 SMP Mon Dec 4 23:52:40 UTC 2017

/usr/bin/uname -p = unknown
/bin/uname -X     = unknown

/bin/arch              = x86_64
/usr/bin/arch -k       = unknown
/usr/convex/getsysinfo = unknown
/usr/bin/hostinfo      = unknown
/bin/machine           = unknown
/usr/bin/oslevel       = unknown
/bin/universe          = unknown

PATH: /bin
PATH: /usr/bin
PATH: /sbin
PATH: /usr/sbin


## ----------- ##
## Core tests. ##
## ----------- ##

configure:2764: checking for a BSD-compatible install
configure:2832: result: /usr/bin/install -c
configure:2843: checking whether build environment is sane
configure:2898: result: yes
configure:3049: checking for a thread-safe mkdir -p
configure:3088: result: /bin/mkdir -p
configure:3095: checking for gawk
configure:3111: found /usr/bin/gawk
configure:3122: result: gawk
configure:3133: checking whether make sets $(MAKE)
configure:3155: result: yes
configure:3184: checking whether make supports nested variables
configure:3201: result: yes
configure:3335: checking build system type
configure:3349: result: x86_64-pc-linux-gnu
configure:3369: checking host system type
configure:3382: result: x86_64-pc-linux-gnu
configure:3403: checking whether to enable maintainer-specific portions of Makefiles
configure:3412: result: no
configure:3436: checking whether make supports nested variables
configure:3453: result: yes
configure:3497: checking whether make sets $(MAKE)
configure:3519: result: yes
configure:3590: checking for gcc
configure:3606: found /usr/bin/gcc
configure:3617: result: gcc
configure:3846: checking for C compiler version
configure:3855: gcc --version >&5
gcc (GCC) 7.2.0
Copyright (C) 2017 Free Software Foundation, Inc.
This is free software; see the source for copying conditions.  There is NO
warranty; not even for MERCHANTABILITY or FITNESS FOR A PARTICULAR PURPOSE.

configure:3866: $? = 0
configure:3855: gcc -v >&5
Using built-in specs.
COLLECT_GCC=gcc
COLLECT_LTO_WRAPPER=/usr/libexec/gcc/x86_64-pc-linux-gnu/7.2.0/lto-wrapper
Target: x86_64-pc-linux-gnu
Configured with: ../configure --prefix=/usr --enable-languages=c,c++ --disable-multilib --disable-bootstrap --with-system-zlib
Thread model: posix
gcc version 7.2.0 (GCC) 
configure:3866: $? = 0
configure:3855: gcc -V >&5
gcc: error: unrecognized command line option '-V'
gcc: fatal error: no input files
compilation terminated.
configure:3866: $? = 1
configure:3855: gcc -qversion >&5
gcc: error: unrecognized command line option '-qversion'; did you mean '--version'?
gcc: fatal error: no input files
compilation terminated.
configure:3866: $? = 1
configure:3886: checking whether the C compiler works
configure:3908: gcc    conftest.c  >&5
configure:3912: $? = 0
configure:3960: result: yes
configure:3963: checking for C compiler default output file name
configure:3965: result: a.out
configure:3971: checking for suffix of executables
configure:3978: gcc -o conftest    conftest.c  >&5
configure:3982: $? = 0
configure:4004: result: 
configure:4026: checking whether we are cross compiling
configure:4034: gcc -o conftest    conftest.c  >&5
configure:4038: $? = 0
configure:4045: ./conftest
configure:4049: $? = 0
configure:4064: result: no
configure:4069: checking for suffix of object files
configure:4091: gcc -c   conftest.c >&5
configure:4095: $? = 0
configure:4116: result: o
configure:4120: checking whether we are using the GNU C compiler
configure:4139: gcc -c   conftest.c >&5
configure:4139: $? = 0
configure:4148: result: yes
configure:4157: checking whether gcc accepts -g
configure:4177: gcc -c -g  conftest.c >&5
configure:4177: $? = 0
configure:4218: result: yes
configure:4235: checking for gcc option to accept ISO C89
configure:4298: gcc  -c -g -O2  conftest.c >&5
configure:4298: $? = 0
configure:4311: result: none needed
configure:4336: checking whether gcc understands -c and -o together
configure:4358: gcc -c conftest.c -o conftest2.o
configure:4361: $? = 0
configure:4358: gcc -c conftest.c -o conftest2.o
configure:4361: $? = 0
configure:4373: result: yes
configure:4401: checking for style of include used by make
configure:4429: result: GNU
configure:4455: checking dependency style of gcc
configure:4566: result: gcc3
configure:4586: checking how to run the C preprocessor
configure:4617: gcc -E  conftest.c
configure:4617: $? = 0
configure:4631: gcc -E  conftest.c
conftest.c:13:10: fatal error: ac_nonexistent.h: No such file or directory
 #include <ac_nonexistent.h>
          ^~~~~~~~~~~~~~~~~~
compilation terminated.
configure:4631: $? = 1
configure: failed program was:
| /* confdefs.h */
| #define PACKAGE_NAME "libgcrypt"
| #define PACKAGE_TARNAME "libgcrypt"
| #define PACKAGE_VERSION "1.8.0"
| #define PACKAGE_STRING "libgcrypt 1.8.0"
| #define PACKAGE_BUGREPORT "http://bugs.gnupg.org"
| #define PACKAGE_URL ""
| #define PACKAGE "libgcrypt"
| #define VERSION "1.8.0"
| #define PACKAGE "libgcrypt"
| #define VERSION "1.8.0"
| /* end confdefs.h.  */
| #include <ac_nonexistent.h>
configure:4656: result: gcc -E
configure:4676: gcc -E  conftest.c
configure:4676: $? = 0
configure:4690: gcc -E  conftest.c
conftest.c:13:10: fatal error: ac_nonexistent.h: No such file or directory
 #include <ac_nonexistent.h>
          ^~~~~~~~~~~~~~~~~~
compilation terminated.
configure:4690: $? = 1
configure: failed program was:
| /* confdefs.h */
| #define PACKAGE_NAME "libgcrypt"
| #define PACKAGE_TARNAME "libgcrypt"
| #define PACKAGE_VERSION "1.8.0"
| #define PACKAGE_STRING "libgcrypt 1.8.0"
| #define PACKAGE_BUGREPORT "http://bugs.gnupg.org"
| #define PACKAGE_URL ""
| #define PACKAGE "libgcrypt"
| #define VERSION "1.8.0"
| #define PACKAGE "libgcrypt"
| #define VERSION "1.8.0"
| /* end confdefs.h.  */
| #include <ac_nonexistent.h>
configure:4728: checking dependency style of gcc
configure:4837: result: gcc3
configure:4853: checking for library containing strerror
configure:4884: gcc -o conftest -g -O2   conftest.c  >&5
configure:4884: $? = 0
configure:4901: result: none required
configure:4914: checking for gawk
configure:4941: result: gawk
configure:4954: checking for grep that handles long lines and -e
configure:5012: result: /usr/bin/grep
configure:5017: checking for egrep
configure:5079: result: /usr/bin/grep -E
configure:5084: checking for ANSI C header files
configure:5104: gcc -c -g -O2  conftest.c >&5
configure:5104: $? = 0
configure:5177: gcc -o conftest -g -O2   conftest.c  >&5
configure:5177: $? = 0
configure:5177: ./conftest
configure:5177: $? = 0
configure:5188: result: yes
configure:5201: checking for sys/types.h
configure:5201: gcc -c -g -O2  conftest.c >&5
configure:5201: $? = 0
configure:5201: result: yes
configure:5201: checking for sys/stat.h
configure:5201: gcc -c -g -O2  conftest.c >&5
configure:5201: $? = 0
configure:5201: result: yes
configure:5201: checking for stdlib.h
configure:5201: gcc -c -g -O2  conftest.c >&5
configure:5201: $? = 0
configure:5201: result: yes
configure:5201: checking for string.h
configure:5201: gcc -c -g -O2  conftest.c >&5
configure:5201: $? = 0
configure:5201: result: yes
configure:5201: checking for memory.h
configure:5201: gcc -c -g -O2  conftest.c >&5
configure:5201: $? = 0
configure:5201: result: yes
configure:5201: checking for strings.h
configure:5201: gcc -c -g -O2  conftest.c >&5
configure:5201: $? = 0
configure:5201: result: yes
configure:5201: checking for inttypes.h
configure:5201: gcc -c -g -O2  conftest.c >&5
configure:5201: $? = 0
configure:5201: result: yes
configure:5201: checking for stdint.h
configure:5201: gcc -c -g -O2  conftest.c >&5
configure:5201: $? = 0
configure:5201: result: yes
configure:5201: checking for unistd.h
configure:5201: gcc -c -g -O2  conftest.c >&5
configure:5201: $? = 0
configure:5201: result: yes
configure:5214: checking minix/config.h usability
configure:5214: gcc -c -g -O2  conftest.c >&5
conftest.c:56:10: fatal error: minix/config.h: No such file or directory
 #include <minix/config.h>
          ^~~~~~~~~~~~~~~~
compilation terminated.
configure:5214: $? = 1
configure: failed program was:
| /* confdefs.h */
| #define PACKAGE_NAME "libgcrypt"
| #define PACKAGE_TARNAME "libgcrypt"
| #define PACKAGE_VERSION "1.8.0"
| #define PACKAGE_STRING "libgcrypt 1.8.0"
| #define PACKAGE_BUGREPORT "http://bugs.gnupg.org"
| #define PACKAGE_URL ""
| #define PACKAGE "libgcrypt"
| #define VERSION "1.8.0"
| #define PACKAGE "libgcrypt"
| #define VERSION "1.8.0"
| #define STDC_HEADERS 1
| #define HAVE_SYS_TYPES_H 1
| #define HAVE_SYS_STAT_H 1
| #define HAVE_STDLIB_H 1
| #define HAVE_STRING_H 1
| #define HAVE_MEMORY_H 1
| #define HAVE_STRINGS_H 1
| #define HAVE_INTTYPES_H 1
| #define HAVE_STDINT_H 1
| #define HAVE_UNISTD_H 1
| /* end confdefs.h.  */
| #include <stdio.h>
| #ifdef HAVE_SYS_TYPES_H
| # include <sys/types.h>
| #endif
| #ifdef HAVE_SYS_STAT_H
| # include <sys/stat.h>
| #endif
| #ifdef STDC_HEADERS
| # include <stdlib.h>
| # include <stddef.h>
| #else
| # ifdef HAVE_STDLIB_H
| #  include <stdlib.h>
| # endif
| #endif
| #ifdef HAVE_STRING_H
| # if !defined STDC_HEADERS && defined HAVE_MEMORY_H
| #  include <memory.h>
| # endif
| # include <string.h>
| #endif
| #ifdef HAVE_STRINGS_H
| # include <strings.h>
| #endif
| #ifdef HAVE_INTTYPES_H
| # include <inttypes.h>
| #endif
| #ifdef HAVE_STDINT_H
| # include <stdint.h>
| #endif
| #ifdef HAVE_UNISTD_H
| # include <unistd.h>
| #endif
| #include <minix/config.h>
configure:5214: result: no
configure:5214: checking minix/config.h presence
configure:5214: gcc -E  conftest.c
conftest.c:23:10: fatal error: minix/config.h: No such file or directory
 #include <minix/config.h>
          ^~~~~~~~~~~~~~~~
compilation terminated.
configure:5214: $? = 1
configure: failed program was:
| /* confdefs.h */
| #define PACKAGE_NAME "libgcrypt"
| #define PACKAGE_TARNAME "libgcrypt"
| #define PACKAGE_VERSION "1.8.0"
| #define PACKAGE_STRING "libgcrypt 1.8.0"
| #define PACKAGE_BUGREPORT "http://bugs.gnupg.org"
| #define PACKAGE_URL ""
| #define PACKAGE "libgcrypt"
| #define VERSION "1.8.0"
| #define PACKAGE "libgcrypt"
| #define VERSION "1.8.0"
| #define STDC_HEADERS 1
| #define HAVE_SYS_TYPES_H 1
| #define HAVE_SYS_STAT_H 1
| #define HAVE_STDLIB_H 1
| #define HAVE_STRING_H 1
| #define HAVE_MEMORY_H 1
| #define HAVE_STRINGS_H 1
| #define HAVE_INTTYPES_H 1
| #define HAVE_STDINT_H 1
| #define HAVE_UNISTD_H 1
| /* end confdefs.h.  */
| #include <minix/config.h>
configure:5214: result: no
configure:5214: checking for minix/config.h
configure:5214: result: no
configure:5235: checking whether it is safe to define __EXTENSIONS__
configure:5253: gcc -c -g -O2  conftest.c >&5
configure:5253: $? = 0
configure:5260: result: yes
configure:5282: checking for cc for build
configure:5289: result: gcc
configure:5341: checking how to print strings
configure:5368: result: printf
configure:5389: checking for a sed that does not truncate output
configure:5453: result: /bin/sed
configure:5471: checking for fgrep
configure:5533: result: /usr/bin/grep -F
configure:5568: checking for ld used by gcc
configure:5635: result: /usr/bin/ld
configure:5642: checking if the linker (/usr/bin/ld) is GNU ld
configure:5657: result: yes
configure:5669: checking for BSD- or MS-compatible name lister (nm)
configure:5718: result: /usr/bin/nm -B
configure:5848: checking the name lister (/usr/bin/nm -B) interface
configure:5855: gcc -c -g -O2  conftest.c >&5
configure:5858: /usr/bin/nm -B "conftest.o"
configure:5861: output
0000000000000000 B some_variable
configure:5868: result: BSD nm
configure:5871: checking whether ln -s works
configure:5875: result: yes
configure:5883: checking the maximum length of command line arguments
configure:6013: result: 1572864
configure:6030: checking whether the shell understands some XSI constructs
configure:6040: result: yes
configure:6044: checking whether the shell understands "+="
configure:6050: result: yes
configure:6085: checking how to convert x86_64-pc-linux-gnu file names to x86_64-pc-linux-gnu format
configure:6125: result: func_convert_file_noop
configure:6132: checking how to convert x86_64-pc-linux-gnu file names to toolchain format
configure:6152: result: func_convert_file_noop
configure:6159: checking for /usr/bin/ld option to reload object files
configure:6166: result: -r
configure:6240: checking for objdump
configure:6256: found /usr/bin/objdump
configure:6267: result: objdump
configure:6296: checking how to recognize dependent libraries
configure:6498: result: pass_all
configure:6583: checking for dlltool
configure:6613: result: no
configure:6640: checking how to associate runtime and link libraries
configure:6667: result: printf %s\n
configure:6727: checking for ar
configure:6743: found /usr/bin/ar
configure:6754: result: ar
configure:6791: checking for archiver @FILE support
configure:6808: gcc -c -g -O2  conftest.c >&5
configure:6808: $? = 0
configure:6811: ar cru libconftest.a @conftest.lst >&5
configure:6814: $? = 0
configure:6819: ar cru libconftest.a @conftest.lst >&5
ar: conftest.o: No such file or directory
configure:6822: $? = 1
configure:6834: result: @
configure:6892: checking for strip
configure:6908: found /usr/bin/strip
configure:6919: result: strip
configure:6991: checking for ranlib
configure:7007: found /usr/bin/ranlib
configure:7018: result: ranlib
configure:7120: checking command to parse /usr/bin/nm -B output from gcc object
configure:7240: gcc -c -g -O2  conftest.c >&5
configure:7243: $? = 0
configure:7247: /usr/bin/nm -B conftest.o \| sed -n -e 's/^.*[ ]\([ABCDGIRSTW][ABCDGIRSTW]*\)[ ][ ]*\([_A-Za-z][_A-Za-z0-9]*\)$/\1 \2 \2/p' | sed '/ __gnu_lto/d' \> conftest.nm
configure:7250: $? = 0
configure:7316: gcc -o conftest -g -O2   conftest.c conftstm.o >&5
configure:7319: $? = 0
configure:7357: result: ok
configure:7394: checking for sysroot
configure:7424: result: no
configure:7501: gcc -c -g -O2  conftest.c >&5
configure:7504: $? = 0
configure:7686: checking for mt
configure:7702: found /bin/mt
configure:7713: result: mt
configure:7736: checking if mt is a manifest tool
configure:7742: mt '-?'
configure:7750: result: no
configure:8389: checking for dlfcn.h
configure:8389: gcc -c -g -O2  conftest.c >&5
configure:8389: $? = 0
configure:8389: result: yes
configure:8892: checking for objdir
configure:8907: result: .libs
configure:9178: checking if gcc supports -fno-rtti -fno-exceptions
configure:9196: gcc -c -g -O2  -fno-rtti -fno-exceptions conftest.c >&5
cc1: warning: command line option '-fno-rtti' is valid for C++/ObjC++ but not for C
configure:9200: $? = 0
configure:9213: result: no
configure:9540: checking for gcc option to produce PIC
configure:9547: result: -fPIC -DPIC
configure:9555: checking if gcc PIC flag -fPIC -DPIC works
configure:9573: gcc -c -g -O2  -fPIC -DPIC -DPIC conftest.c >&5
configure:9577: $? = 0
configure:9590: result: yes
configure:9619: checking if gcc static flag -static works
configure:9647: result: yes
configure:9662: checking if gcc supports -c -o file.o
configure:9683: gcc -c -g -O2  -o out/conftest2.o conftest.c >&5
configure:9687: $? = 0
configure:9709: result: yes
configure:9717: checking if gcc supports -c -o file.o
configure:9764: result: yes
configure:9797: checking whether the gcc linker (/usr/bin/ld -m elf_x86_64) supports shared libraries
configure:10954: result: yes
configure:10991: checking whether -lc should be explicitly linked in
configure:10999: gcc -c -g -O2  conftest.c >&5
configure:11002: $? = 0
configure:11017: gcc -shared  -fPIC -DPIC conftest.o  -v -Wl,-soname -Wl,conftest -o conftest 2\>\&1 \| /usr/bin/grep  -lc  \>/dev/null 2\>\&1
configure:11020: $? = 0
configure:11034: result: no
configure:11194: checking dynamic linker characteristics
configure:11725: gcc -o conftest -g -O2   -Wl,-rpath -Wl,/foo conftest.c  >&5
configure:11725: $? = 0
configure:11959: result: GNU/Linux ld.so
configure:12066: checking how to hardcode library paths into programs
configure:12091: result: immediate
configure:12631: checking whether stripping libraries is possible
configure:12636: result: yes
configure:12671: checking if libtool supports shared libraries
configure:12673: result: yes
configure:12676: checking whether to build shared libraries
configure:12697: result: yes
configure:12700: checking whether to build static libraries
configure:12704: result: no
configure:12784: checking for windres
configure:12814: result: no
configure:13106: checking whether byte ordering is bigendian
configure:13121: gcc -c -g -O2  conftest.c >&5
conftest.c:31:9: error: unknown type name 'not'
         not a universal capable compiler
         ^~~
conftest.c:31:15: error: expected '=', ',', ';', 'asm' or '__attribute__' before 'universal'
         not a universal capable compiler
               ^~~~~~~~~
conftest.c:31:15: error: unknown type name 'universal'
configure:13121: $? = 1
configure: failed program was:
| /* confdefs.h */
| #define PACKAGE_NAME "libgcrypt"
| #define PACKAGE_TARNAME "libgcrypt"
| #define PACKAGE_VERSION "1.8.0"
| #define PACKAGE_STRING "libgcrypt 1.8.0"
| #define PACKAGE_BUGREPORT "http://bugs.gnupg.org"
| #define PACKAGE_URL ""
| #define PACKAGE "libgcrypt"
| #define VERSION "1.8.0"
| #define PACKAGE "libgcrypt"
| #define VERSION "1.8.0"
| #define STDC_HEADERS 1
| #define HAVE_SYS_TYPES_H 1
| #define HAVE_SYS_STAT_H 1
| #define HAVE_STDLIB_H 1
| #define HAVE_STRING_H 1
| #define HAVE_MEMORY_H 1
| #define HAVE_STRINGS_H 1
| #define HAVE_INTTYPES_H 1
| #define HAVE_STDINT_H 1
| #define HAVE_UNISTD_H 1
| #define __EXTENSIONS__ 1
| #define _ALL_SOURCE 1
| #define _GNU_SOURCE 1
| #define _POSIX_PTHREAD_SEMANTICS 1
| #define _TANDEM_SOURCE 1
| #define HAVE_DLFCN_H 1
| #define LT_OBJDIR ".libs/"
| /* end confdefs.h.  */
| #ifndef __APPLE_CC__
| 	       not a universal capable compiler
| 	     #endif
| 	     typedef int dummy;
| 
configure:13166: gcc -c -g -O2  conftest.c >&5
configure:13166: $? = 0
configure:13184: gcc -c -g -O2  conftest.c >&5
conftest.c: In function 'main':
conftest.c:37:4: error: unknown type name 'not'; did you mean 'ino_t'?
    not big endian
    ^~~
    ino_t
conftest.c:37:12: error: expected '=', ',', ';', 'asm' or '__attribute__' before 'endian'
    not big endian
            ^~~~~~
configure:13184: $? = 1
configure: failed program was:
| /* confdefs.h */
| #define PACKAGE_NAME "libgcrypt"
| #define PACKAGE_TARNAME "libgcrypt"
| #define PACKAGE_VERSION "1.8.0"
| #define PACKAGE_STRING "libgcrypt 1.8.0"
| #define PACKAGE_BUGREPORT "http://bugs.gnupg.org"
| #define PACKAGE_URL ""
| #define PACKAGE "libgcrypt"
| #define VERSION "1.8.0"
| #define PACKAGE "libgcrypt"
| #define VERSION "1.8.0"
| #define STDC_HEADERS 1
| #define HAVE_SYS_TYPES_H 1
| #define HAVE_SYS_STAT_H 1
| #define HAVE_STDLIB_H 1
| #define HAVE_STRING_H 1
| #define HAVE_MEMORY_H 1
| #define HAVE_STRINGS_H 1
| #define HAVE_INTTYPES_H 1
| #define HAVE_STDINT_H 1
| #define HAVE_UNISTD_H 1
| #define __EXTENSIONS__ 1
| #define _ALL_SOURCE 1
| #define _GNU_SOURCE 1
| #define _POSIX_PTHREAD_SEMANTICS 1
| #define _TANDEM_SOURCE 1
| #define HAVE_DLFCN_H 1
| #define LT_OBJDIR ".libs/"
| /* end confdefs.h.  */
| #include <sys/types.h>
| 		#include <sys/param.h>
| 
| int
| main ()
| {
| #if BYTE_ORDER != BIG_ENDIAN
| 		 not big endian
| 		#endif
| 
|   ;
|   return 0;
| }
configure:13312: result: no
configure:13340: checking size of unsigned short
configure:13345: gcc -o conftest -g -O2   conftest.c  >&5
configure:13345: $? = 0
configure:13345: ./conftest
configure:13345: $? = 0
configure:13359: result: 2
configure:13373: checking size of unsigned int
configure:13378: gcc -o conftest -g -O2   conftest.c  >&5
configure:13378: $? = 0
configure:13378: ./conftest
configure:13378: $? = 0
configure:13392: result: 4
configure:13406: checking size of unsigned long
configure:13411: gcc -o conftest -g -O2   conftest.c  >&5
configure:13411: $? = 0
configure:13411: ./conftest
configure:13411: $? = 0
configure:13425: result: 8
configure:13439: checking size of unsigned long long
configure:13444: gcc -o conftest -g -O2   conftest.c  >&5
configure:13444: $? = 0
configure:13444: ./conftest
configure:13444: $? = 0
configure:13458: result: 8
configure:13472: checking size of void *
configure:13477: gcc -o conftest -g -O2   conftest.c  >&5
configure:13477: $? = 0
configure:13477: ./conftest
configure:13477: $? = 0
configure:13491: result: 8
configure:13503: checking for uintptr_t
configure:13503: gcc -c -g -O2  conftest.c >&5
configure:13503: $? = 0
configure:13503: gcc -c -g -O2  conftest.c >&5
conftest.c: In function 'main':
conftest.c:71:24: error: expected expression before ')' token
 if (sizeof ((uintptr_t)))
                        ^
configure:13503: $? = 1
configure: failed program was:
| /* confdefs.h */
| #define PACKAGE_NAME "libgcrypt"
| #define PACKAGE_TARNAME "libgcrypt"
| #define PACKAGE_VERSION "1.8.0"
| #define PACKAGE_STRING "libgcrypt 1.8.0"
| #define PACKAGE_BUGREPORT "http://bugs.gnupg.org"
| #define PACKAGE_URL ""
| #define PACKAGE "libgcrypt"
| #define VERSION "1.8.0"
| #define PACKAGE "libgcrypt"
| #define VERSION "1.8.0"
| #define STDC_HEADERS 1
| #define HAVE_SYS_TYPES_H 1
| #define HAVE_SYS_STAT_H 1
| #define HAVE_STDLIB_H 1
| #define HAVE_STRING_H 1
| #define HAVE_MEMORY_H 1
| #define HAVE_STRINGS_H 1
| #define HAVE_INTTYPES_H 1
| #define HAVE_STDINT_H 1
| #define HAVE_UNISTD_H 1
| #define __EXTENSIONS__ 1
| #define _ALL_SOURCE 1
| #define _GNU_SOURCE 1
| #define _POSIX_PTHREAD_SEMANTICS 1
| #define _TANDEM_SOURCE 1
| #define HAVE_DLFCN_H 1
| #define LT_OBJDIR ".libs/"
| #define SIZEOF_UNSIGNED_SHORT 2
| #define SIZEOF_UNSIGNED_INT 4
| #define SIZEOF_UNSIGNED_LONG 8
| #define SIZEOF_UNSIGNED_LONG_LONG 8
| #define SIZEOF_VOID_P 8
| /* end confdefs.h.  */
| #include <stdio.h>
| #ifdef HAVE_SYS_TYPES_H
| # include <sys/types.h>
| #endif
| #ifdef HAVE_SYS_STAT_H
| # include <sys/stat.h>
| #endif
| #ifdef STDC_HEADERS
| # include <stdlib.h>
| # include <stddef.h>
| #else
| # ifdef HAVE_STDLIB_H
| #  include <stdlib.h>
| # endif
| #endif
| #ifdef HAVE_STRING_H
| # if !defined STDC_HEADERS && defined HAVE_MEMORY_H
| #  include <memory.h>
| # endif
| # include <string.h>
| #endif
| #ifdef HAVE_STRINGS_H
| # include <strings.h>
| #endif
| #ifdef HAVE_INTTYPES_H
| # include <inttypes.h>
| #endif
| #ifdef HAVE_STDINT_H
| # include <stdint.h>
| #endif
| #ifdef HAVE_UNISTD_H
| # include <unistd.h>
| #endif
| int
| main ()
| {
| if (sizeof ((uintptr_t)))
| 	    return 0;
|   ;
|   return 0;
| }
configure:13503: result: yes
configure:13548: checking for UINT64_C
configure:13564: gcc -c -g -O2  conftest.c >&5
configure:13564: $? = 0
configure:13571: result: yes
configure:13578: checking size of uint64_t
configure:13583: gcc -o conftest -g -O2   conftest.c  >&5
configure:13583: $? = 0
configure:13583: ./conftest
configure:13583: $? = 0
configure:13597: result: 8
configure:13656: checking which symmetric ciphers to include
configure:13674: result: arcfour blowfish cast5 des aes twofish serpent rfc2268 seed camellia idea salsa20 gost28147 chacha20
configure:13690: checking which public-key ciphers to include
configure:13708: result: dsa elgamal rsa ecc
configure:13724: checking which message digests to include
configure:13742: result: crc gostr3411-94  md4 md5 rmd160 sha1 sha256 sha512 sha3 tiger whirlpool stribog blake2
configure:13758: checking which key derivation functions to include
configure:13776: result: s2k pkdf2 scrypt
configure:13788: checking which random module to use
configure:13806: result: default
configure:13810: checking whether use of /dev/random is requested
configure:13819: result: yes
configure:13838: checking whether the experimental random daemon is requested
configure:13847: result: no
configure:13865: checking whether MPI assembler modules are requested
configure:13874: result: yes
configure:13878: checking whether memory guard is requested
configure:13887: result: no
configure:13896: checking whether to run large data tests
configure:13905: result: no
configure:13913: checking whether use of capabilities is requested
configure:13923: result: no
configure:13927: checking whether a HMAC binary check is requested
configure:13936: result: no
configure:13946: checking whether jitter entropy support is requested
configure:13955: result: yes
configure:13959: checking whether padlock support is requested
configure:13968: result: yes
configure:13972: checking whether AESNI support is requested
configure:13981: result: yes
configure:13985: checking whether PCLMUL support is requested
configure:13994: result: yes
configure:13998: checking whether SSE4.1 support is requested
configure:14007: result: yes
configure:14011: checking whether DRNG support is requested
configure:14020: result: yes
configure:14024: checking whether AVX support is requested
configure:14033: result: yes
configure:14037: checking whether AVX2 support is requested
configure:14046: result: yes
configure:14050: checking whether NEON support is requested
configure:14059: result: yes
configure:14063: checking whether ARMv8 Crypto Extension support is requested
configure:14072: result: yes
configure:14076: checking whether a -O flag munging is requested
configure:14085: result: yes
configure:14097: checking whether to enable AMD64 as(1) feature detection
configure:14106: result: yes
configure:14200: checking for gpg-error-config
configure:14218: found /usr/bin/gpg-error-config
configure:14231: result: /usr/bin/gpg-error-config
configure:14240: checking for GPG Error - version >= 1.25
configure:14269: result: yes (1.27)
configure:14491: checking for pthread_create in -lpthread
configure:14516: gcc -o conftest -g -O2   conftest.c -lpthread   >&5
configure:14516: $? = 0
configure:14525: result: yes
configure:14541: checking for library containing setsockopt
configure:14572: gcc -o conftest -g -O2   conftest.c  >&5
configure:14572: $? = 0
configure:14589: result: none required
configure:14654: checking for library containing setsockopt
configure:14702: result: none required
configure:14715: checking for ANSI C header files
configure:14819: result: yes
configure:14830: checking for unistd.h
configure:14830: result: yes
configure:14830: checking sys/select.h usability
configure:14830: gcc -c -g -O2  conftest.c >&5
configure:14830: $? = 0
configure:14830: result: yes
configure:14830: checking sys/select.h presence
configure:14830: gcc -E  conftest.c
configure:14830: $? = 0
configure:14830: result: yes
configure:14830: checking for sys/select.h
configure:14830: result: yes
configure:14830: checking sys/msg.h usability
configure:14830: gcc -c -g -O2  conftest.c >&5
configure:14830: $? = 0
configure:14830: result: yes
configure:14830: checking sys/msg.h presence
configure:14830: gcc -E  conftest.c
configure:14830: $? = 0
configure:14830: result: yes
configure:14830: checking for sys/msg.h
configure:14830: result: yes
configure:14852: checking for an ANSI C-conforming const
configure:14918: gcc -c -g -O2  conftest.c >&5
configure:14918: $? = 0
configure:14925: result: yes
configure:14933: checking for inline
configure:14949: gcc -c -g -O2  conftest.c >&5
configure:14949: $? = 0
configure:14957: result: inline
configure:14975: checking for size_t
configure:14975: gcc -c -g -O2  conftest.c >&5
configure:14975: $? = 0
configure:14975: gcc -c -g -O2  conftest.c >&5
conftest.c: In function 'main':
conftest.c:83:21: error: expected expression before ')' token
 if (sizeof ((size_t)))
                     ^
configure:14975: $? = 1
configure: failed program was:
| /* confdefs.h */
| #define PACKAGE_NAME "libgcrypt"
| #define PACKAGE_TARNAME "libgcrypt"
| #define PACKAGE_VERSION "1.8.0"
| #define PACKAGE_STRING "libgcrypt 1.8.0"
| #define PACKAGE_BUGREPORT "http://bugs.gnupg.org"
| #define PACKAGE_URL ""
| #define PACKAGE "libgcrypt"
| #define VERSION "1.8.0"
| #define PACKAGE "libgcrypt"
| #define VERSION "1.8.0"
| #define STDC_HEADERS 1
| #define HAVE_SYS_TYPES_H 1
| #define HAVE_SYS_STAT_H 1
| #define HAVE_STDLIB_H 1
| #define HAVE_STRING_H 1
| #define HAVE_MEMORY_H 1
| #define HAVE_STRINGS_H 1
| #define HAVE_INTTYPES_H 1
| #define HAVE_STDINT_H 1
| #define HAVE_UNISTD_H 1
| #define __EXTENSIONS__ 1
| #define _ALL_SOURCE 1
| #define _GNU_SOURCE 1
| #define _POSIX_PTHREAD_SEMANTICS 1
| #define _TANDEM_SOURCE 1
| #define HAVE_DLFCN_H 1
| #define LT_OBJDIR ".libs/"
| #define SIZEOF_UNSIGNED_SHORT 2
| #define SIZEOF_UNSIGNED_INT 4
| #define SIZEOF_UNSIGNED_LONG 8
| #define SIZEOF_UNSIGNED_LONG_LONG 8
| #define SIZEOF_VOID_P 8
| #define HAVE_UINTPTR_T 1
| #define SIZEOF_UINT64_T 8
| #define EGD_SOCKET_NAME ""
| #define PRINTABLE_OS_NAME "GNU/Linux"
| #define NAME_OF_DEV_RANDOM "/dev/random"
| #define NAME_OF_DEV_URANDOM "/dev/urandom"
| #define GPG_ERR_SOURCE_DEFAULT GPG_ERR_SOURCE_GCRYPT
| #define HAVE_PTHREAD 1 
| #define STDC_HEADERS 1
| #define HAVE_UNISTD_H 1
| #define HAVE_SYS_SELECT_H 1
| #define HAVE_SYS_MSG_H 1
| /* end confdefs.h.  */
| #include <stdio.h>
| #ifdef HAVE_SYS_TYPES_H
| # include <sys/types.h>
| #endif
| #ifdef HAVE_SYS_STAT_H
| # include <sys/stat.h>
| #endif
| #ifdef STDC_HEADERS
| # include <stdlib.h>
| # include <stddef.h>
| #else
| # ifdef HAVE_STDLIB_H
| #  include <stdlib.h>
| # endif
| #endif
| #ifdef HAVE_STRING_H
| # if !defined STDC_HEADERS && defined HAVE_MEMORY_H
| #  include <memory.h>
| # endif
| # include <string.h>
| #endif
| #ifdef HAVE_STRINGS_H
| # include <strings.h>
| #endif
| #ifdef HAVE_INTTYPES_H
| # include <inttypes.h>
| #endif
| #ifdef HAVE_STDINT_H
| # include <stdint.h>
| #endif
| #ifdef HAVE_UNISTD_H
| # include <unistd.h>
| #endif
| int
| main ()
| {
| if (sizeof ((size_t)))
| 	    return 0;
|   ;
|   return 0;
| }
configure:14975: result: yes
configure:14986: checking return type of signal handlers
configure:15004: gcc -c -g -O2  conftest.c >&5
conftest.c: In function 'main':
conftest.c:53:10: error: void value not ignored as it ought to be
 return *(signal (0, 0)) (0) == 1;
         ~^~~~~~~~~~~~~~~~~~
configure:15004: $? = 1
configure: failed program was:
| /* confdefs.h */
| #define PACKAGE_NAME "libgcrypt"
| #define PACKAGE_TARNAME "libgcrypt"
| #define PACKAGE_VERSION "1.8.0"
| #define PACKAGE_STRING "libgcrypt 1.8.0"
| #define PACKAGE_BUGREPORT "http://bugs.gnupg.org"
| #define PACKAGE_URL ""
| #define PACKAGE "libgcrypt"
| #define VERSION "1.8.0"
| #define PACKAGE "libgcrypt"
| #define VERSION "1.8.0"
| #define STDC_HEADERS 1
| #define HAVE_SYS_TYPES_H 1
| #define HAVE_SYS_STAT_H 1
| #define HAVE_STDLIB_H 1
| #define HAVE_STRING_H 1
| #define HAVE_MEMORY_H 1
| #define HAVE_STRINGS_H 1
| #define HAVE_INTTYPES_H 1
| #define HAVE_STDINT_H 1
| #define HAVE_UNISTD_H 1
| #define __EXTENSIONS__ 1
| #define _ALL_SOURCE 1
| #define _GNU_SOURCE 1
| #define _POSIX_PTHREAD_SEMANTICS 1
| #define _TANDEM_SOURCE 1
| #define HAVE_DLFCN_H 1
| #define LT_OBJDIR ".libs/"
| #define SIZEOF_UNSIGNED_SHORT 2
| #define SIZEOF_UNSIGNED_INT 4
| #define SIZEOF_UNSIGNED_LONG 8
| #define SIZEOF_UNSIGNED_LONG_LONG 8
| #define SIZEOF_VOID_P 8
| #define HAVE_UINTPTR_T 1
| #define SIZEOF_UINT64_T 8
| #define EGD_SOCKET_NAME ""
| #define PRINTABLE_OS_NAME "GNU/Linux"
| #define NAME_OF_DEV_RANDOM "/dev/random"
| #define NAME_OF_DEV_URANDOM "/dev/urandom"
| #define GPG_ERR_SOURCE_DEFAULT GPG_ERR_SOURCE_GCRYPT
| #define HAVE_PTHREAD 1 
| #define STDC_HEADERS 1
| #define HAVE_UNISTD_H 1
| #define HAVE_SYS_SELECT_H 1
| #define HAVE_SYS_MSG_H 1
| /* end confdefs.h.  */
| #include <sys/types.h>
| #include <signal.h>
| 
| int
| main ()
| {
| return *(signal (0, 0)) (0) == 1;
|   ;
|   return 0;
| }
configure:15011: result: void
configure:15019: checking whether sys_siglist is declared
configure:15019: gcc -c -g -O2  conftest.c >&5
configure:15019: $? = 0
configure:15019: result: yes
configure:15037: checking for pid_t
configure:15037: gcc -c -g -O2  conftest.c >&5
configure:15037: $? = 0
configure:15037: gcc -c -g -O2  conftest.c >&5
conftest.c: In function 'main':
conftest.c:85:20: error: expected expression before ')' token
 if (sizeof ((pid_t)))
                    ^
configure:15037: $? = 1
configure: failed program was:
| /* confdefs.h */
| #define PACKAGE_NAME "libgcrypt"
| #define PACKAGE_TARNAME "libgcrypt"
| #define PACKAGE_VERSION "1.8.0"
| #define PACKAGE_STRING "libgcrypt 1.8.0"
| #define PACKAGE_BUGREPORT "http://bugs.gnupg.org"
| #define PACKAGE_URL ""
| #define PACKAGE "libgcrypt"
| #define VERSION "1.8.0"
| #define PACKAGE "libgcrypt"
| #define VERSION "1.8.0"
| #define STDC_HEADERS 1
| #define HAVE_SYS_TYPES_H 1
| #define HAVE_SYS_STAT_H 1
| #define HAVE_STDLIB_H 1
| #define HAVE_STRING_H 1
| #define HAVE_MEMORY_H 1
| #define HAVE_STRINGS_H 1
| #define HAVE_INTTYPES_H 1
| #define HAVE_STDINT_H 1
| #define HAVE_UNISTD_H 1
| #define __EXTENSIONS__ 1
| #define _ALL_SOURCE 1
| #define _GNU_SOURCE 1
| #define _POSIX_PTHREAD_SEMANTICS 1
| #define _TANDEM_SOURCE 1
| #define HAVE_DLFCN_H 1
| #define LT_OBJDIR ".libs/"
| #define SIZEOF_UNSIGNED_SHORT 2
| #define SIZEOF_UNSIGNED_INT 4
| #define SIZEOF_UNSIGNED_LONG 8
| #define SIZEOF_UNSIGNED_LONG_LONG 8
| #define SIZEOF_VOID_P 8
| #define HAVE_UINTPTR_T 1
| #define SIZEOF_UINT64_T 8
| #define EGD_SOCKET_NAME ""
| #define PRINTABLE_OS_NAME "GNU/Linux"
| #define NAME_OF_DEV_RANDOM "/dev/random"
| #define NAME_OF_DEV_URANDOM "/dev/urandom"
| #define GPG_ERR_SOURCE_DEFAULT GPG_ERR_SOURCE_GCRYPT
| #define HAVE_PTHREAD 1 
| #define STDC_HEADERS 1
| #define HAVE_UNISTD_H 1
| #define HAVE_SYS_SELECT_H 1
| #define HAVE_SYS_MSG_H 1
| #define RETSIGTYPE void
| #define HAVE_DECL_SYS_SIGLIST 1
| /* end confdefs.h.  */
| #include <stdio.h>
| #ifdef HAVE_SYS_TYPES_H
| # include <sys/types.h>
| #endif
| #ifdef HAVE_SYS_STAT_H
| # include <sys/stat.h>
| #endif
| #ifdef STDC_HEADERS
| # include <stdlib.h>
| # include <stddef.h>
| #else
| # ifdef HAVE_STDLIB_H
| #  include <stdlib.h>
| # endif
| #endif
| #ifdef HAVE_STRING_H
| # if !defined STDC_HEADERS && defined HAVE_MEMORY_H
| #  include <memory.h>
| # endif
| # include <string.h>
| #endif
| #ifdef HAVE_STRINGS_H
| # include <strings.h>
| #endif
| #ifdef HAVE_INTTYPES_H
| # include <inttypes.h>
| #endif
| #ifdef HAVE_STDINT_H
| # include <stdint.h>
| #endif
| #ifdef HAVE_UNISTD_H
| # include <unistd.h>
| #endif
| int
| main ()
| {
| if (sizeof ((pid_t)))
| 	    return 0;
|   ;
|   return 0;
| }
configure:15037: result: yes
configure:15049: checking for byte typedef
configure:15070: gcc -c -g -O2  conftest.c >&5
conftest.c: In function 'main':
conftest.c:57:20: error: 'byte' undeclared (first use in this function); did you mean 'system'?
     int a = sizeof(byte);
                    ^~~~
                    system
conftest.c:57:20: note: each undeclared identifier is reported only once for each function it appears in
configure:15070: $? = 1
configure: failed program was:
| /* confdefs.h */
| #define PACKAGE_NAME "libgcrypt"
| #define PACKAGE_TARNAME "libgcrypt"
| #define PACKAGE_VERSION "1.8.0"
| #define PACKAGE_STRING "libgcrypt 1.8.0"
| #define PACKAGE_BUGREPORT "http://bugs.gnupg.org"
| #define PACKAGE_URL ""
| #define PACKAGE "libgcrypt"
| #define VERSION "1.8.0"
| #define PACKAGE "libgcrypt"
| #define VERSION "1.8.0"
| #define STDC_HEADERS 1
| #define HAVE_SYS_TYPES_H 1
| #define HAVE_SYS_STAT_H 1
| #define HAVE_STDLIB_H 1
| #define HAVE_STRING_H 1
| #define HAVE_MEMORY_H 1
| #define HAVE_STRINGS_H 1
| #define HAVE_INTTYPES_H 1
| #define HAVE_STDINT_H 1
| #define HAVE_UNISTD_H 1
| #define __EXTENSIONS__ 1
| #define _ALL_SOURCE 1
| #define _GNU_SOURCE 1
| #define _POSIX_PTHREAD_SEMANTICS 1
| #define _TANDEM_SOURCE 1
| #define HAVE_DLFCN_H 1
| #define LT_OBJDIR ".libs/"
| #define SIZEOF_UNSIGNED_SHORT 2
| #define SIZEOF_UNSIGNED_INT 4
| #define SIZEOF_UNSIGNED_LONG 8
| #define SIZEOF_UNSIGNED_LONG_LONG 8
| #define SIZEOF_VOID_P 8
| #define HAVE_UINTPTR_T 1
| #define SIZEOF_UINT64_T 8
| #define EGD_SOCKET_NAME ""
| #define PRINTABLE_OS_NAME "GNU/Linux"
| #define NAME_OF_DEV_RANDOM "/dev/random"
| #define NAME_OF_DEV_URANDOM "/dev/urandom"
| #define GPG_ERR_SOURCE_DEFAULT GPG_ERR_SOURCE_GCRYPT
| #define HAVE_PTHREAD 1 
| #define STDC_HEADERS 1
| #define HAVE_UNISTD_H 1
| #define HAVE_SYS_SELECT_H 1
| #define HAVE_SYS_MSG_H 1
| #define RETSIGTYPE void
| #define HAVE_DECL_SYS_SIGLIST 1
| /* end confdefs.h.  */
| #define _GNU_SOURCE 1
|     #include <stdlib.h>
|     #include <sys/types.h>
| int
| main ()
| {
| 
|     #undef byte
|     int a = sizeof(byte);
| 
|   ;
|   return 0;
| }
configure:15078: result: no
configure:15086: checking for ushort typedef
configure:15107: gcc -c -g -O2  conftest.c >&5
configure:15107: $? = 0
configure:15115: result: yes
configure:15123: checking for ulong typedef
configure:15144: gcc -c -g -O2  conftest.c >&5
configure:15144: $? = 0
configure:15152: result: yes
configure:15160: checking for u16 typedef
configure:15181: gcc -c -g -O2  conftest.c >&5
conftest.c: In function 'main':
conftest.c:59:20: error: 'u16' undeclared (first use in this function)
     int a = sizeof(u16);
                    ^~~
conftest.c:59:20: note: each undeclared identifier is reported only once for each function it appears in
configure:15181: $? = 1
configure: failed program was:
| /* confdefs.h */
| #define PACKAGE_NAME "libgcrypt"
| #define PACKAGE_TARNAME "libgcrypt"
| #define PACKAGE_VERSION "1.8.0"
| #define PACKAGE_STRING "libgcrypt 1.8.0"
| #define PACKAGE_BUGREPORT "http://bugs.gnupg.org"
| #define PACKAGE_URL ""
| #define PACKAGE "libgcrypt"
| #define VERSION "1.8.0"
| #define PACKAGE "libgcrypt"
| #define VERSION "1.8.0"
| #define STDC_HEADERS 1
| #define HAVE_SYS_TYPES_H 1
| #define HAVE_SYS_STAT_H 1
| #define HAVE_STDLIB_H 1
| #define HAVE_STRING_H 1
| #define HAVE_MEMORY_H 1
| #define HAVE_STRINGS_H 1
| #define HAVE_INTTYPES_H 1
| #define HAVE_STDINT_H 1
| #define HAVE_UNISTD_H 1
| #define __EXTENSIONS__ 1
| #define _ALL_SOURCE 1
| #define _GNU_SOURCE 1
| #define _POSIX_PTHREAD_SEMANTICS 1
| #define _TANDEM_SOURCE 1
| #define HAVE_DLFCN_H 1
| #define LT_OBJDIR ".libs/"
| #define SIZEOF_UNSIGNED_SHORT 2
| #define SIZEOF_UNSIGNED_INT 4
| #define SIZEOF_UNSIGNED_LONG 8
| #define SIZEOF_UNSIGNED_LONG_LONG 8
| #define SIZEOF_VOID_P 8
| #define HAVE_UINTPTR_T 1
| #define SIZEOF_UINT64_T 8
| #define EGD_SOCKET_NAME ""
| #define PRINTABLE_OS_NAME "GNU/Linux"
| #define NAME_OF_DEV_RANDOM "/dev/random"
| #define NAME_OF_DEV_URANDOM "/dev/urandom"
| #define GPG_ERR_SOURCE_DEFAULT GPG_ERR_SOURCE_GCRYPT
| #define HAVE_PTHREAD 1 
| #define STDC_HEADERS 1
| #define HAVE_UNISTD_H 1
| #define HAVE_SYS_SELECT_H 1
| #define HAVE_SYS_MSG_H 1
| #define RETSIGTYPE void
| #define HAVE_DECL_SYS_SIGLIST 1
| #define HAVE_USHORT_TYPEDEF 1
| #define HAVE_ULONG_TYPEDEF 1
| /* end confdefs.h.  */
| #define _GNU_SOURCE 1
|     #include <stdlib.h>
|     #include <sys/types.h>
| int
| main ()
| {
| 
|     #undef u16
|     int a = sizeof(u16);
| 
|   ;
|   return 0;
| }
configure:15189: result: no
configure:15197: checking for u32 typedef
configure:15218: gcc -c -g -O2  conftest.c >&5
conftest.c: In function 'main':
conftest.c:59:20: error: 'u32' undeclared (first use in this function)
     int a = sizeof(u32);
                    ^~~
conftest.c:59:20: note: each undeclared identifier is reported only once for each function it appears in
configure:15218: $? = 1
configure: failed program was:
| /* confdefs.h */
| #define PACKAGE_NAME "libgcrypt"
| #define PACKAGE_TARNAME "libgcrypt"
| #define PACKAGE_VERSION "1.8.0"
| #define PACKAGE_STRING "libgcrypt 1.8.0"
| #define PACKAGE_BUGREPORT "http://bugs.gnupg.org"
| #define PACKAGE_URL ""
| #define PACKAGE "libgcrypt"
| #define VERSION "1.8.0"
| #define PACKAGE "libgcrypt"
| #define VERSION "1.8.0"
| #define STDC_HEADERS 1
| #define HAVE_SYS_TYPES_H 1
| #define HAVE_SYS_STAT_H 1
| #define HAVE_STDLIB_H 1
| #define HAVE_STRING_H 1
| #define HAVE_MEMORY_H 1
| #define HAVE_STRINGS_H 1
| #define HAVE_INTTYPES_H 1
| #define HAVE_STDINT_H 1
| #define HAVE_UNISTD_H 1
| #define __EXTENSIONS__ 1
| #define _ALL_SOURCE 1
| #define _GNU_SOURCE 1
| #define _POSIX_PTHREAD_SEMANTICS 1
| #define _TANDEM_SOURCE 1
| #define HAVE_DLFCN_H 1
| #define LT_OBJDIR ".libs/"
| #define SIZEOF_UNSIGNED_SHORT 2
| #define SIZEOF_UNSIGNED_INT 4
| #define SIZEOF_UNSIGNED_LONG 8
| #define SIZEOF_UNSIGNED_LONG_LONG 8
| #define SIZEOF_VOID_P 8
| #define HAVE_UINTPTR_T 1
| #define SIZEOF_UINT64_T 8
| #define EGD_SOCKET_NAME ""
| #define PRINTABLE_OS_NAME "GNU/Linux"
| #define NAME_OF_DEV_RANDOM "/dev/random"
| #define NAME_OF_DEV_URANDOM "/dev/urandom"
| #define GPG_ERR_SOURCE_DEFAULT GPG_ERR_SOURCE_GCRYPT
| #define HAVE_PTHREAD 1 
| #define STDC_HEADERS 1
| #define HAVE_UNISTD_H 1
| #define HAVE_SYS_SELECT_H 1
| #define HAVE_SYS_MSG_H 1
| #define RETSIGTYPE void
| #define HAVE_DECL_SYS_SIGLIST 1
| #define HAVE_USHORT_TYPEDEF 1
| #define HAVE_ULONG_TYPEDEF 1
| /* end confdefs.h.  */
| #define _GNU_SOURCE 1
|     #include <stdlib.h>
|     #include <sys/types.h>
| int
| main ()
| {
| 
|     #undef u32
|     int a = sizeof(u32);
| 
|   ;
|   return 0;
| }
configure:15226: result: no
configure:15238: checking sys/socket.h usability
configure:15238: gcc -c -g -O2  conftest.c >&5
configure:15238: $? = 0
configure:15238: result: yes
configure:15238: checking sys/socket.h presence
configure:15238: gcc -E  conftest.c
configure:15238: $? = 0
configure:15238: result: yes
configure:15238: checking for sys/socket.h
configure:15238: result: yes
configure:15277: checking for socklen_t
configure:15277: gcc -c -g -O2  conftest.c >&5
configure:15277: $? = 0
configure:15277: gcc -c -g -O2  conftest.c >&5
conftest.c: In function 'main':
conftest.c:62:24: error: expected expression before ')' token
 if (sizeof ((socklen_t)))
                        ^
configure:15277: $? = 1
configure: failed program was:
| /* confdefs.h */
| #define PACKAGE_NAME "libgcrypt"
| #define PACKAGE_TARNAME "libgcrypt"
| #define PACKAGE_VERSION "1.8.0"
| #define PACKAGE_STRING "libgcrypt 1.8.0"
| #define PACKAGE_BUGREPORT "http://bugs.gnupg.org"
| #define PACKAGE_URL ""
| #define PACKAGE "libgcrypt"
| #define VERSION "1.8.0"
| #define PACKAGE "libgcrypt"
| #define VERSION "1.8.0"
| #define STDC_HEADERS 1
| #define HAVE_SYS_TYPES_H 1
| #define HAVE_SYS_STAT_H 1
| #define HAVE_STDLIB_H 1
| #define HAVE_STRING_H 1
| #define HAVE_MEMORY_H 1
| #define HAVE_STRINGS_H 1
| #define HAVE_INTTYPES_H 1
| #define HAVE_STDINT_H 1
| #define HAVE_UNISTD_H 1
| #define __EXTENSIONS__ 1
| #define _ALL_SOURCE 1
| #define _GNU_SOURCE 1
| #define _POSIX_PTHREAD_SEMANTICS 1
| #define _TANDEM_SOURCE 1
| #define HAVE_DLFCN_H 1
| #define LT_OBJDIR ".libs/"
| #define SIZEOF_UNSIGNED_SHORT 2
| #define SIZEOF_UNSIGNED_INT 4
| #define SIZEOF_UNSIGNED_LONG 8
| #define SIZEOF_UNSIGNED_LONG_LONG 8
| #define SIZEOF_VOID_P 8
| #define HAVE_UINTPTR_T 1
| #define SIZEOF_UINT64_T 8
| #define EGD_SOCKET_NAME ""
| #define PRINTABLE_OS_NAME "GNU/Linux"
| #define NAME_OF_DEV_RANDOM "/dev/random"
| #define NAME_OF_DEV_URANDOM "/dev/urandom"
| #define GPG_ERR_SOURCE_DEFAULT GPG_ERR_SOURCE_GCRYPT
| #define HAVE_PTHREAD 1 
| #define STDC_HEADERS 1
| #define HAVE_UNISTD_H 1
| #define HAVE_SYS_SELECT_H 1
| #define HAVE_SYS_MSG_H 1
| #define RETSIGTYPE void
| #define HAVE_DECL_SYS_SIGLIST 1
| #define HAVE_USHORT_TYPEDEF 1
| #define HAVE_ULONG_TYPEDEF 1
| #define HAVE_SYS_SOCKET_H 1
| /* end confdefs.h.  */
| #include <sys/types.h>
|       #if HAVE_SYS_SOCKET_H
|       # include <sys/socket.h>
|       #elif HAVE_WS2TCPIP_H
|       # include <ws2tcpip.h>
|       #endif
| 
| int
| main ()
| {
| if (sizeof ((socklen_t)))
| 	    return 0;
|   ;
|   return 0;
| }
configure:15277: result: yes
configure:15354: checking for __builtin_bswap32
configure:15371: gcc -o conftest -g -O2   conftest.c  >&5
configure:15371: $? = 0
configure:15377: result: yes
configure:15389: checking for __builtin_bswap64
configure:15406: gcc -o conftest -g -O2   conftest.c  >&5
configure:15406: $? = 0
configure:15412: result: yes
configure:15424: checking for __builtin_ctz
configure:15441: gcc -o conftest -g -O2   conftest.c  >&5
configure:15441: $? = 0
configure:15447: result: yes
configure:15459: checking whether the variable length arrays are supported
configure:15472: gcc -c -g -O2  conftest.c >&5
configure:15472: $? = 0
configure:15477: result: yes
configure:15489: checking whether the visibility attribute is supported
configure:15512: result: yes
configure:15515: checking for broken visibility attribute
configure:15539: result: no
configure:15543: checking for broken alias attribute
configure:15569: result: no
configure:15573: checking if gcc supports -fvisibility=hidden
configure:15592: gcc -c -fvisibility=hidden  conftest.c >&5
configure:15592: $? = 0
configure:15599: result: yes
configure:15623: checking whether the GCC style aligned attribute is supported
configure:15633: gcc -c -g -O2 -fvisibility=hidden -Werror  conftest.c >&5
configure:15633: $? = 0
configure:15638: result: yes
configure:15650: checking whether the GCC style packed attribute is supported
configure:15665: gcc -c -g -O2 -fvisibility=hidden -Werror  conftest.c >&5
configure:15665: $? = 0
configure:15670: result: yes
configure:15682: checking whether the GCC style may_alias attribute is supported
configure:15693: gcc -c -g -O2 -fvisibility=hidden -Werror  conftest.c >&5
configure:15693: $? = 0
configure:15698: result: yes
configure:15715: checking whether 'asm' assembler keyword is supported
configure:15725: gcc -c -g -O2 -fvisibility=hidden  conftest.c >&5
configure:15725: $? = 0
configure:15730: result: yes
configure:15732: checking whether '__asm__' assembler keyword is supported
configure:15742: gcc -c -g -O2 -fvisibility=hidden  conftest.c >&5
configure:15742: $? = 0
configure:15747: result: yes
configure:15782: checking whether inline assembly memory barrier is supported
configure:15792: gcc -c -g -O2 -fvisibility=hidden  conftest.c >&5
configure:15792: $? = 0
configure:15797: result: yes
configure:15812: checking whether GCC assembler is compatible for ARM assembly implementations
configure:15833: gcc -c -g -O2 -fvisibility=hidden  conftest.c >&5
/tmp/ccB9PFzb.s: Assembler messages:
/tmp/ccB9PFzb.s:5: Error: unknown pseudo-op: `.syntax'
/tmp/ccB9PFzb.s:6: Error: unknown pseudo-op: `.arm'
/tmp/ccB9PFzb.s:8: Error: bad register name `%r0'
configure:15833: $? = 1
configure: failed program was:
| /* confdefs.h */
| #define PACKAGE_NAME "libgcrypt"
| #define PACKAGE_TARNAME "libgcrypt"
| #define PACKAGE_VERSION "1.8.0"
| #define PACKAGE_STRING "libgcrypt 1.8.0"
| #define PACKAGE_BUGREPORT "http://bugs.gnupg.org"
| #define PACKAGE_URL ""
| #define PACKAGE "libgcrypt"
| #define VERSION "1.8.0"
| #define PACKAGE "libgcrypt"
| #define VERSION "1.8.0"
| #define STDC_HEADERS 1
| #define HAVE_SYS_TYPES_H 1
| #define HAVE_SYS_STAT_H 1
| #define HAVE_STDLIB_H 1
| #define HAVE_STRING_H 1
| #define HAVE_MEMORY_H 1
| #define HAVE_STRINGS_H 1
| #define HAVE_INTTYPES_H 1
| #define HAVE_STDINT_H 1
| #define HAVE_UNISTD_H 1
| #define __EXTENSIONS__ 1
| #define _ALL_SOURCE 1
| #define _GNU_SOURCE 1
| #define _POSIX_PTHREAD_SEMANTICS 1
| #define _TANDEM_SOURCE 1
| #define HAVE_DLFCN_H 1
| #define LT_OBJDIR ".libs/"
| #define SIZEOF_UNSIGNED_SHORT 2
| #define SIZEOF_UNSIGNED_INT 4
| #define SIZEOF_UNSIGNED_LONG 8
| #define SIZEOF_UNSIGNED_LONG_LONG 8
| #define SIZEOF_VOID_P 8
| #define HAVE_UINTPTR_T 1
| #define SIZEOF_UINT64_T 8
| #define EGD_SOCKET_NAME ""
| #define PRINTABLE_OS_NAME "GNU/Linux"
| #define NAME_OF_DEV_RANDOM "/dev/random"
| #define NAME_OF_DEV_URANDOM "/dev/urandom"
| #define GPG_ERR_SOURCE_DEFAULT GPG_ERR_SOURCE_GCRYPT
| #define HAVE_PTHREAD 1 
| #define STDC_HEADERS 1
| #define HAVE_UNISTD_H 1
| #define HAVE_SYS_SELECT_H 1
| #define HAVE_SYS_MSG_H 1
| #define RETSIGTYPE void
| #define HAVE_DECL_SYS_SIGLIST 1
| #define HAVE_USHORT_TYPEDEF 1
| #define HAVE_ULONG_TYPEDEF 1
| #define HAVE_SYS_SOCKET_H 1
| #define HAVE_BUILTIN_BSWAP32 1
| #define HAVE_BUILTIN_BSWAP64 1
| #define HAVE_BUILTIN_CTZ 1
| #define HAVE_VLA 1
| #define GCRY_USE_VISIBILITY 1
| #define HAVE_GCC_ATTRIBUTE_ALIGNED 1
| #define HAVE_GCC_ATTRIBUTE_PACKED 1
| #define HAVE_GCC_ATTRIBUTE_MAY_ALIAS 1
| #define HAVE_GCC_ASM_VOLATILE_MEMORY 1
| /* end confdefs.h.  */
| __asm__(
|                 /* Test if assembler supports UAL syntax.  */
|                 ".syntax unified\n\t"
|                 ".arm\n\t" /* our assembly code is in ARM mode  */
|                 /* Following causes error if assembler ignored '.syntax unified'.  */
|                 "asmfunc:\n\t"
|                 "add %r0, %r0, %r4, ror #12;\n\t"
| 
|                 /* Test if '.type' and '.size' are supported.  */
|                 ".size asmfunc,.-asmfunc;\n\t"
|                 ".type asmfunc,%function;\n\t"
|             );
configure:15838: result: no
configure:15852: checking whether GCC assembler is compatible for ARMv8/Aarch64 assembly implementations
configure:15871: gcc -c -g -O2 -fvisibility=hidden  conftest.c >&5
/tmp/ccu4dHya.s: Assembler messages:
/tmp/ccu4dHya.s:6: Error: no such instruction: `eor x0,x0,x30,ror'
/tmp/ccu4dHya.s:7: Error: too many memory references for `add'
/tmp/ccu4dHya.s:8: Error: no such instruction: `eor v0.16b,v0.16b,v31.16b'
configure:15871: $? = 1
configure: failed program was:
| /* confdefs.h */
| #define PACKAGE_NAME "libgcrypt"
| #define PACKAGE_TARNAME "libgcrypt"
| #define PACKAGE_VERSION "1.8.0"
| #define PACKAGE_STRING "libgcrypt 1.8.0"
| #define PACKAGE_BUGREPORT "http://bugs.gnupg.org"
| #define PACKAGE_URL ""
| #define PACKAGE "libgcrypt"
| #define VERSION "1.8.0"
| #define PACKAGE "libgcrypt"
| #define VERSION "1.8.0"
| #define STDC_HEADERS 1
| #define HAVE_SYS_TYPES_H 1
| #define HAVE_SYS_STAT_H 1
| #define HAVE_STDLIB_H 1
| #define HAVE_STRING_H 1
| #define HAVE_MEMORY_H 1
| #define HAVE_STRINGS_H 1
| #define HAVE_INTTYPES_H 1
| #define HAVE_STDINT_H 1
| #define HAVE_UNISTD_H 1
| #define __EXTENSIONS__ 1
| #define _ALL_SOURCE 1
| #define _GNU_SOURCE 1
| #define _POSIX_PTHREAD_SEMANTICS 1
| #define _TANDEM_SOURCE 1
| #define HAVE_DLFCN_H 1
| #define LT_OBJDIR ".libs/"
| #define SIZEOF_UNSIGNED_SHORT 2
| #define SIZEOF_UNSIGNED_INT 4
| #define SIZEOF_UNSIGNED_LONG 8
| #define SIZEOF_UNSIGNED_LONG_LONG 8
| #define SIZEOF_VOID_P 8
| #define HAVE_UINTPTR_T 1
| #define SIZEOF_UINT64_T 8
| #define EGD_SOCKET_NAME ""
| #define PRINTABLE_OS_NAME "GNU/Linux"
| #define NAME_OF_DEV_RANDOM "/dev/random"
| #define NAME_OF_DEV_URANDOM "/dev/urandom"
| #define GPG_ERR_SOURCE_DEFAULT GPG_ERR_SOURCE_GCRYPT
| #define HAVE_PTHREAD 1 
| #define STDC_HEADERS 1
| #define HAVE_UNISTD_H 1
| #define HAVE_SYS_SELECT_H 1
| #define HAVE_SYS_MSG_H 1
| #define RETSIGTYPE void
| #define HAVE_DECL_SYS_SIGLIST 1
| #define HAVE_USHORT_TYPEDEF 1
| #define HAVE_ULONG_TYPEDEF 1
| #define HAVE_SYS_SOCKET_H 1
| #define HAVE_BUILTIN_BSWAP32 1
| #define HAVE_BUILTIN_BSWAP64 1
| #define HAVE_BUILTIN_CTZ 1
| #define HAVE_VLA 1
| #define GCRY_USE_VISIBILITY 1
| #define HAVE_GCC_ATTRIBUTE_ALIGNED 1
| #define HAVE_GCC_ATTRIBUTE_PACKED 1
| #define HAVE_GCC_ATTRIBUTE_MAY_ALIAS 1
| #define HAVE_GCC_ASM_VOLATILE_MEMORY 1
| /* end confdefs.h.  */
| __asm__(
|                 "asmfunc:\n\t"
|                 "eor x0, x0, x30, ror #12;\n\t"
|                 "add x0, x0, x30, asr #12;\n\t"
|                 "eor v0.16b, v0.16b, v31.16b;\n\t"
| 
|                 /* Test if '.type' and '.size' are supported.  */
|                 ".size asmfunc,.-asmfunc;\n\t"
|                 ".type asmfunc,@function;\n\t"
|             );
configure:15876: result: no
configure:15913: checking for _ prefix in compiled symbols
configure:15923: gcc -c -g -O2 -fvisibility=hidden  conftest.c >&5
configure:15926: $? = 0
configure:15930: /usr/bin/nm -B conftest.o \| sed -n -e 's/^.*[	 ]\([ABCDGIRSTW][ABCDGIRSTW]*\)[	 ][	 ]*\([_A-Za-z][_A-Za-z0-9]*\)$/\1 \2 \2/p' | sed '/ __gnu_lto/d' \| cut -d \' \' -f 2 \> conftest.nm
configure:15933: $? = 0
configure: cannot find nm_test_func in conftest.nm
configure:15960: result: no
configure:15983: checking architecture and mpi assembler functions
configure:15990: result: x86
configure:16181: checking whether compiler supports 'ms_abi' function attribute
configure:16191: gcc -c -g -O2 -fvisibility=hidden -Werror  conftest.c >&5
configure:16191: $? = 0
configure:16196: result: yes
configure:16208: checking whether compiler supports 'sysv_abi' function attribute
configure:16218: gcc -c -g -O2 -fvisibility=hidden -Werror  conftest.c >&5
configure:16218: $? = 0
configure:16223: result: yes
configure:16236: checking whether default calling convention is 'ms_abi'
configure:16252: gcc -c -g -O2 -fvisibility=hidden -Werror  conftest.c >&5
conftest.c: In function 'test':
conftest.c:67:29: error: assignment from incompatible pointer type [-Werror=incompatible-pointer-types]
                  msabi_func = def_func;
                             ^
cc1: all warnings being treated as errors
configure:16252: $? = 1
configure: failed program was:
| /* confdefs.h */
| #define PACKAGE_NAME "libgcrypt"
| #define PACKAGE_TARNAME "libgcrypt"
| #define PACKAGE_VERSION "1.8.0"
| #define PACKAGE_STRING "libgcrypt 1.8.0"
| #define PACKAGE_BUGREPORT "http://bugs.gnupg.org"
| #define PACKAGE_URL ""
| #define PACKAGE "libgcrypt"
| #define VERSION "1.8.0"
| #define PACKAGE "libgcrypt"
| #define VERSION "1.8.0"
| #define STDC_HEADERS 1
| #define HAVE_SYS_TYPES_H 1
| #define HAVE_SYS_STAT_H 1
| #define HAVE_STDLIB_H 1
| #define HAVE_STRING_H 1
| #define HAVE_MEMORY_H 1
| #define HAVE_STRINGS_H 1
| #define HAVE_INTTYPES_H 1
| #define HAVE_STDINT_H 1
| #define HAVE_UNISTD_H 1
| #define __EXTENSIONS__ 1
| #define _ALL_SOURCE 1
| #define _GNU_SOURCE 1
| #define _POSIX_PTHREAD_SEMANTICS 1
| #define _TANDEM_SOURCE 1
| #define HAVE_DLFCN_H 1
| #define LT_OBJDIR ".libs/"
| #define SIZEOF_UNSIGNED_SHORT 2
| #define SIZEOF_UNSIGNED_INT 4
| #define SIZEOF_UNSIGNED_LONG 8
| #define SIZEOF_UNSIGNED_LONG_LONG 8
| #define SIZEOF_VOID_P 8
| #define HAVE_UINTPTR_T 1
| #define SIZEOF_UINT64_T 8
| #define EGD_SOCKET_NAME ""
| #define PRINTABLE_OS_NAME "GNU/Linux"
| #define NAME_OF_DEV_RANDOM "/dev/random"
| #define NAME_OF_DEV_URANDOM "/dev/urandom"
| #define GPG_ERR_SOURCE_DEFAULT GPG_ERR_SOURCE_GCRYPT
| #define HAVE_PTHREAD 1 
| #define STDC_HEADERS 1
| #define HAVE_UNISTD_H 1
| #define HAVE_SYS_SELECT_H 1
| #define HAVE_SYS_MSG_H 1
| #define RETSIGTYPE void
| #define HAVE_DECL_SYS_SIGLIST 1
| #define HAVE_USHORT_TYPEDEF 1
| #define HAVE_ULONG_TYPEDEF 1
| #define HAVE_SYS_SOCKET_H 1
| #define HAVE_BUILTIN_BSWAP32 1
| #define HAVE_BUILTIN_BSWAP64 1
| #define HAVE_BUILTIN_CTZ 1
| #define HAVE_VLA 1
| #define GCRY_USE_VISIBILITY 1
| #define HAVE_GCC_ATTRIBUTE_ALIGNED 1
| #define HAVE_GCC_ATTRIBUTE_PACKED 1
| #define HAVE_GCC_ATTRIBUTE_MAY_ALIAS 1
| #define HAVE_GCC_ASM_VOLATILE_MEMORY 1
| #define HAVE_GCC_ATTRIBUTE_MS_ABI 1
| #define HAVE_GCC_ATTRIBUTE_SYSV_ABI 1
| /* end confdefs.h.  */
| void *test(void) {
|                  void *(*def_func)(void) = test;
|                  void *__attribute__((ms_abi))(*msabi_func)(void);
|                  /* warning on SysV abi targets, passes on Windows based targets */
|                  msabi_func = def_func;
|                  return msabi_func;
|              }
configure:16257: result: no
configure:16271: checking whether default calling convention is 'sysv_abi'
configure:16287: gcc -c -g -O2 -fvisibility=hidden -Werror  conftest.c >&5
configure:16287: $? = 0
configure:16292: result: yes
configure:16310: checking whether GCC inline assembler supports SSSE3 instructions
configure:16327: gcc -c -g -O2 -fvisibility=hidden  conftest.c >&5
configure:16327: $? = 0
configure:16333: result: yes
configure:16345: checking whether GCC inline assembler supports PCLMUL instructions
configure:16360: gcc -c -g -O2 -fvisibility=hidden  conftest.c >&5
configure:16360: $? = 0
configure:16366: result: yes
configure:16377: checking whether GCC inline assembler supports SSE4.1 instructions
configure:16393: gcc -c -g -O2 -fvisibility=hidden  conftest.c >&5
configure:16393: $? = 0
configure:16399: result: yes
configure:16411: checking whether GCC inline assembler supports AVX instructions
configure:16426: gcc -c -g -O2 -fvisibility=hidden  conftest.c >&5
configure:16426: $? = 0
configure:16432: result: yes
configure:16444: checking whether GCC inline assembler supports AVX2 instructions
configure:16459: gcc -c -g -O2 -fvisibility=hidden  conftest.c >&5
configure:16459: $? = 0
configure:16465: result: yes
configure:16477: checking whether GCC inline assembler supports BMI2 instructions
configure:16492: gcc -c -g -O2 -fvisibility=hidden  conftest.c >&5
configure:16492: $? = 0
configure:16498: result: yes
configure:16512: checking whether GCC assembler handles division correctly
configure:16522: gcc -c -g -O2 -fvisibility=hidden  conftest.c >&5
configure:16522: $? = 0
configure:16527: result: yes
configure:16565: checking whether GCC assembler is compatible for amd64 assembly implementations
configure:16589: gcc -c -g -O2 -fvisibility=hidden  conftest.c >&5
configure:16589: $? = 0
configure:16595: result: yes
configure:16639: checking whether GCC assembler is compatible for Intel syntax assembly implementations
configure:16670: gcc -c -g -O2 -fvisibility=hidden  conftest.c >&5
configure:16670: $? = 0
configure:16676: result: yes
configure:16688: checking whether compiler is configured for ARMv6 or newer architecture
configure:16721: result: n/a
configure:16733: checking whether GCC inline assembler supports NEON instructions
configure:16761: result: n/a
configure:16773: checking whether GCC inline assembler supports AArch32 Crypto Extension instructions
configure:16816: result: n/a
configure:16828: checking whether GCC inline assembler supports AArch64 NEON instructions
configure:16853: result: n/a
configure:16865: checking whether GCC inline assembler supports AArch64 Crypto Extension instructions
configure:16911: result: n/a
configure:16926: checking for vprintf
configure:16926: gcc -o conftest -g -O2 -fvisibility=hidden   conftest.c  >&5
conftest.c:95:6: warning: conflicting types for built-in function 'vprintf' [-Wbuiltin-declaration-mismatch]
 char vprintf ();
      ^~~~~~~
configure:16926: $? = 0
configure:16926: result: yes
configure:16932: checking for _doprnt
configure:16932: gcc -o conftest -g -O2 -fvisibility=hidden   conftest.c  >&5
/tmp/cc3k0fUL.o: In function `main':
/lfskernel/sources/boot/libgcrypt-1.8.0/build/conftest.c:107: undefined reference to `_doprnt'
collect2: error: ld returned 1 exit status
configure:16932: $? = 1
configure: failed program was:
| /* confdefs.h */
| #define PACKAGE_NAME "libgcrypt"
| #define PACKAGE_TARNAME "libgcrypt"
| #define PACKAGE_VERSION "1.8.0"
| #define PACKAGE_STRING "libgcrypt 1.8.0"
| #define PACKAGE_BUGREPORT "http://bugs.gnupg.org"
| #define PACKAGE_URL ""
| #define PACKAGE "libgcrypt"
| #define VERSION "1.8.0"
| #define PACKAGE "libgcrypt"
| #define VERSION "1.8.0"
| #define STDC_HEADERS 1
| #define HAVE_SYS_TYPES_H 1
| #define HAVE_SYS_STAT_H 1
| #define HAVE_STDLIB_H 1
| #define HAVE_STRING_H 1
| #define HAVE_MEMORY_H 1
| #define HAVE_STRINGS_H 1
| #define HAVE_INTTYPES_H 1
| #define HAVE_STDINT_H 1
| #define HAVE_UNISTD_H 1
| #define __EXTENSIONS__ 1
| #define _ALL_SOURCE 1
| #define _GNU_SOURCE 1
| #define _POSIX_PTHREAD_SEMANTICS 1
| #define _TANDEM_SOURCE 1
| #define HAVE_DLFCN_H 1
| #define LT_OBJDIR ".libs/"
| #define SIZEOF_UNSIGNED_SHORT 2
| #define SIZEOF_UNSIGNED_INT 4
| #define SIZEOF_UNSIGNED_LONG 8
| #define SIZEOF_UNSIGNED_LONG_LONG 8
| #define SIZEOF_VOID_P 8
| #define HAVE_UINTPTR_T 1
| #define SIZEOF_UINT64_T 8
| #define EGD_SOCKET_NAME ""
| #define PRINTABLE_OS_NAME "GNU/Linux"
| #define NAME_OF_DEV_RANDOM "/dev/random"
| #define NAME_OF_DEV_URANDOM "/dev/urandom"
| #define GPG_ERR_SOURCE_DEFAULT GPG_ERR_SOURCE_GCRYPT
| #define HAVE_PTHREAD 1 
| #define STDC_HEADERS 1
| #define HAVE_UNISTD_H 1
| #define HAVE_SYS_SELECT_H 1
| #define HAVE_SYS_MSG_H 1
| #define RETSIGTYPE void
| #define HAVE_DECL_SYS_SIGLIST 1
| #define HAVE_USHORT_TYPEDEF 1
| #define HAVE_ULONG_TYPEDEF 1
| #define HAVE_SYS_SOCKET_H 1
| #define HAVE_BUILTIN_BSWAP32 1
| #define HAVE_BUILTIN_BSWAP64 1
| #define HAVE_BUILTIN_CTZ 1
| #define HAVE_VLA 1
| #define GCRY_USE_VISIBILITY 1
| #define HAVE_GCC_ATTRIBUTE_ALIGNED 1
| #define HAVE_GCC_ATTRIBUTE_PACKED 1
| #define HAVE_GCC_ATTRIBUTE_MAY_ALIAS 1
| #define HAVE_GCC_ASM_VOLATILE_MEMORY 1
| #define HAVE_GCC_ATTRIBUTE_MS_ABI 1
| #define HAVE_GCC_ATTRIBUTE_SYSV_ABI 1
| #define HAVE_GCC_DEFAULT_ABI_IS_SYSV_ABI 1
| #define HAVE_GCC_INLINE_ASM_SSSE3 1
| #define HAVE_GCC_INLINE_ASM_PCLMUL 1
| #define HAVE_GCC_INLINE_ASM_SSE41 1
| #define HAVE_GCC_INLINE_ASM_AVX 1
| #define HAVE_GCC_INLINE_ASM_AVX2 1
| #define HAVE_GCC_INLINE_ASM_BMI2 1
| #define HAVE_COMPATIBLE_GCC_AMD64_PLATFORM_AS 1
| #define HAVE_INTEL_SYNTAX_PLATFORM_AS 1
| #define HAVE_VPRINTF 1
| /* end confdefs.h.  */
| /* Define _doprnt to an innocuous variant, in case <limits.h> declares _doprnt.
|    For example, HP-UX 11i <limits.h> declares gettimeofday.  */
| #define _doprnt innocuous__doprnt
| 
| /* System header to define __stub macros and hopefully few prototypes,
|     which can conflict with char _doprnt (); below.
|     Prefer <limits.h> to <assert.h> if __STDC__ is defined, since
|     <limits.h> exists even on freestanding compilers.  */
| 
| #ifdef __STDC__
| # include <limits.h>
| #else
| # include <assert.h>
| #endif
| 
| #undef _doprnt
| 
| /* Override any GCC internal prototype to avoid an error.
|    Use char because int might match the return type of a GCC
|    builtin and then its argument prototype would still apply.  */
| #ifdef __cplusplus
| extern "C"
| #endif
| char _doprnt ();
| /* The GNU C library defines this for functions which it implements
|     to always fail with ENOSYS.  Some functions are actually named
|     something starting with __ and the normal name is an alias.  */
| #if defined __stub__doprnt || defined __stub____doprnt
| choke me
| #endif
| 
| int
| main ()
| {
| return _doprnt ();
|   ;
|   return 0;
| }
configure:16932: result: no
configure:16947: checking for stpcpy
configure:16947: gcc -o conftest -g -O2 -fvisibility=hidden   conftest.c  >&5
conftest.c:96:6: warning: conflicting types for built-in function 'stpcpy' [-Wbuiltin-declaration-mismatch]
 char stpcpy ();
      ^~~~~~
configure:16947: $? = 0
configure:16947: result: yes
configure:16947: checking for strcasecmp
configure:16947: gcc -o conftest -g -O2 -fvisibility=hidden   conftest.c  >&5
conftest.c:97:6: warning: conflicting types for built-in function 'strcasecmp' [-Wbuiltin-declaration-mismatch]
 char strcasecmp ();
      ^~~~~~~~~~
configure:16947: $? = 0
configure:16947: result: yes
configure:16960: checking for strtoul
configure:16960: gcc -o conftest -g -O2 -fvisibility=hidden   conftest.c  >&5
configure:16960: $? = 0
configure:16960: result: yes
configure:16960: checking for memmove
configure:16960: gcc -o conftest -g -O2 -fvisibility=hidden   conftest.c  >&5
conftest.c:99:6: warning: conflicting types for built-in function 'memmove' [-Wbuiltin-declaration-mismatch]
 char memmove ();
      ^~~~~~~
configure:16960: $? = 0
configure:16960: result: yes
configure:16960: checking for stricmp
configure:16960: gcc -o conftest -g -O2 -fvisibility=hidden   conftest.c  >&5
/tmp/ccbLqtGh.o: In function `main':
/lfskernel/sources/boot/libgcrypt-1.8.0/build/conftest.c:111: undefined reference to `stricmp'
collect2: error: ld returned 1 exit status
configure:16960: $? = 1
configure: failed program was:
| /* confdefs.h */
| #define PACKAGE_NAME "libgcrypt"
| #define PACKAGE_TARNAME "libgcrypt"
| #define PACKAGE_VERSION "1.8.0"
| #define PACKAGE_STRING "libgcrypt 1.8.0"
| #define PACKAGE_BUGREPORT "http://bugs.gnupg.org"
| #define PACKAGE_URL ""
| #define PACKAGE "libgcrypt"
| #define VERSION "1.8.0"
| #define PACKAGE "libgcrypt"
| #define VERSION "1.8.0"
| #define STDC_HEADERS 1
| #define HAVE_SYS_TYPES_H 1
| #define HAVE_SYS_STAT_H 1
| #define HAVE_STDLIB_H 1
| #define HAVE_STRING_H 1
| #define HAVE_MEMORY_H 1
| #define HAVE_STRINGS_H 1
| #define HAVE_INTTYPES_H 1
| #define HAVE_STDINT_H 1
| #define HAVE_UNISTD_H 1
| #define __EXTENSIONS__ 1
| #define _ALL_SOURCE 1
| #define _GNU_SOURCE 1
| #define _POSIX_PTHREAD_SEMANTICS 1
| #define _TANDEM_SOURCE 1
| #define HAVE_DLFCN_H 1
| #define LT_OBJDIR ".libs/"
| #define SIZEOF_UNSIGNED_SHORT 2
| #define SIZEOF_UNSIGNED_INT 4
| #define SIZEOF_UNSIGNED_LONG 8
| #define SIZEOF_UNSIGNED_LONG_LONG 8
| #define SIZEOF_VOID_P 8
| #define HAVE_UINTPTR_T 1
| #define SIZEOF_UINT64_T 8
| #define EGD_SOCKET_NAME ""
| #define PRINTABLE_OS_NAME "GNU/Linux"
| #define NAME_OF_DEV_RANDOM "/dev/random"
| #define NAME_OF_DEV_URANDOM "/dev/urandom"
| #define GPG_ERR_SOURCE_DEFAULT GPG_ERR_SOURCE_GCRYPT
| #define HAVE_PTHREAD 1 
| #define STDC_HEADERS 1
| #define HAVE_UNISTD_H 1
| #define HAVE_SYS_SELECT_H 1
| #define HAVE_SYS_MSG_H 1
| #define RETSIGTYPE void
| #define HAVE_DECL_SYS_SIGLIST 1
| #define HAVE_USHORT_TYPEDEF 1
| #define HAVE_ULONG_TYPEDEF 1
| #define HAVE_SYS_SOCKET_H 1
| #define HAVE_BUILTIN_BSWAP32 1
| #define HAVE_BUILTIN_BSWAP64 1
| #define HAVE_BUILTIN_CTZ 1
| #define HAVE_VLA 1
| #define GCRY_USE_VISIBILITY 1
| #define HAVE_GCC_ATTRIBUTE_ALIGNED 1
| #define HAVE_GCC_ATTRIBUTE_PACKED 1
| #define HAVE_GCC_ATTRIBUTE_MAY_ALIAS 1
| #define HAVE_GCC_ASM_VOLATILE_MEMORY 1
| #define HAVE_GCC_ATTRIBUTE_MS_ABI 1
| #define HAVE_GCC_ATTRIBUTE_SYSV_ABI 1
| #define HAVE_GCC_DEFAULT_ABI_IS_SYSV_ABI 1
| #define HAVE_GCC_INLINE_ASM_SSSE3 1
| #define HAVE_GCC_INLINE_ASM_PCLMUL 1
| #define HAVE_GCC_INLINE_ASM_SSE41 1
| #define HAVE_GCC_INLINE_ASM_AVX 1
| #define HAVE_GCC_INLINE_ASM_AVX2 1
| #define HAVE_GCC_INLINE_ASM_BMI2 1
| #define HAVE_COMPATIBLE_GCC_AMD64_PLATFORM_AS 1
| #define HAVE_INTEL_SYNTAX_PLATFORM_AS 1
| #define HAVE_VPRINTF 1
| #define HAVE_STPCPY 1
| #define HAVE_STRCASECMP 1
| #define HAVE_STRTOUL 1
| #define HAVE_MEMMOVE 1
| /* end confdefs.h.  */
| /* Define stricmp to an innocuous variant, in case <limits.h> declares stricmp.
|    For example, HP-UX 11i <limits.h> declares gettimeofday.  */
| #define stricmp innocuous_stricmp
| 
| /* System header to define __stub macros and hopefully few prototypes,
|     which can conflict with char stricmp (); below.
|     Prefer <limits.h> to <assert.h> if __STDC__ is defined, since
|     <limits.h> exists even on freestanding compilers.  */
| 
| #ifdef __STDC__
| # include <limits.h>
| #else
| # include <assert.h>
| #endif
| 
| #undef stricmp
| 
| /* Override any GCC internal prototype to avoid an error.
|    Use char because int might match the return type of a GCC
|    builtin and then its argument prototype would still apply.  */
| #ifdef __cplusplus
| extern "C"
| #endif
| char stricmp ();
| /* The GNU C library defines this for functions which it implements
|     to always fail with ENOSYS.  Some functions are actually named
|     something starting with __ and the normal name is an alias.  */
| #if defined __stub_stricmp || defined __stub___stricmp
| choke me
| #endif
| 
| int
| main ()
| {
| return stricmp ();
|   ;
|   return 0;
| }
configure:16960: result: no
configure:16960: checking for atexit
configure:16960: gcc -o conftest -g -O2 -fvisibility=hidden   conftest.c  >&5
configure:16960: $? = 0
configure:16960: result: yes
configure:16960: checking for raise
configure:16960: gcc -o conftest -g -O2 -fvisibility=hidden   conftest.c  >&5
configure:16960: $? = 0
configure:16960: result: yes
configure:16973: checking for strerror
configure:16973: gcc -o conftest -g -O2 -fvisibility=hidden   conftest.c  >&5
configure:16973: $? = 0
configure:16973: result: yes
configure:16973: checking for rand
configure:16973: gcc -o conftest -g -O2 -fvisibility=hidden   conftest.c  >&5
configure:16973: $? = 0
configure:16973: result: yes
configure:16973: checking for mmap
configure:16973: gcc -o conftest -g -O2 -fvisibility=hidden   conftest.c  >&5
configure:16973: $? = 0
configure:16973: result: yes
configure:16973: checking for getpagesize
configure:16973: gcc -o conftest -g -O2 -fvisibility=hidden   conftest.c  >&5
configure:16973: $? = 0
configure:16973: result: yes
configure:16973: checking for sysconf
configure:16973: gcc -o conftest -g -O2 -fvisibility=hidden   conftest.c  >&5
configure:16973: $? = 0
configure:16973: result: yes
configure:16973: checking for waitpid
configure:16973: gcc -o conftest -g -O2 -fvisibility=hidden   conftest.c  >&5
configure:16973: $? = 0
configure:16973: result: yes
configure:16973: checking for wait4
configure:16973: gcc -o conftest -g -O2 -fvisibility=hidden   conftest.c  >&5
configure:16973: $? = 0
configure:16973: result: yes
configure:16985: checking for gettimeofday
configure:16985: gcc -o conftest -g -O2 -fvisibility=hidden   conftest.c  >&5
configure:16985: $? = 0
configure:16985: result: yes
configure:16985: checking for getrusage
configure:16985: gcc -o conftest -g -O2 -fvisibility=hidden   conftest.c  >&5
configure:16985: $? = 0
configure:16985: result: yes
configure:16985: checking for gethrtime
configure:16985: gcc -o conftest -g -O2 -fvisibility=hidden   conftest.c  >&5
/tmp/ccac6oye.o: In function `main':
/lfskernel/sources/boot/libgcrypt-1.8.0/build/conftest.c:122: undefined reference to `gethrtime'
collect2: error: ld returned 1 exit status
configure:16985: $? = 1
configure: failed program was:
| /* confdefs.h */
| #define PACKAGE_NAME "libgcrypt"
| #define PACKAGE_TARNAME "libgcrypt"
| #define PACKAGE_VERSION "1.8.0"
| #define PACKAGE_STRING "libgcrypt 1.8.0"
| #define PACKAGE_BUGREPORT "http://bugs.gnupg.org"
| #define PACKAGE_URL ""
| #define PACKAGE "libgcrypt"
| #define VERSION "1.8.0"
| #define PACKAGE "libgcrypt"
| #define VERSION "1.8.0"
| #define STDC_HEADERS 1
| #define HAVE_SYS_TYPES_H 1
| #define HAVE_SYS_STAT_H 1
| #define HAVE_STDLIB_H 1
| #define HAVE_STRING_H 1
| #define HAVE_MEMORY_H 1
| #define HAVE_STRINGS_H 1
| #define HAVE_INTTYPES_H 1
| #define HAVE_STDINT_H 1
| #define HAVE_UNISTD_H 1
| #define __EXTENSIONS__ 1
| #define _ALL_SOURCE 1
| #define _GNU_SOURCE 1
| #define _POSIX_PTHREAD_SEMANTICS 1
| #define _TANDEM_SOURCE 1
| #define HAVE_DLFCN_H 1
| #define LT_OBJDIR ".libs/"
| #define SIZEOF_UNSIGNED_SHORT 2
| #define SIZEOF_UNSIGNED_INT 4
| #define SIZEOF_UNSIGNED_LONG 8
| #define SIZEOF_UNSIGNED_LONG_LONG 8
| #define SIZEOF_VOID_P 8
| #define HAVE_UINTPTR_T 1
| #define SIZEOF_UINT64_T 8
| #define EGD_SOCKET_NAME ""
| #define PRINTABLE_OS_NAME "GNU/Linux"
| #define NAME_OF_DEV_RANDOM "/dev/random"
| #define NAME_OF_DEV_URANDOM "/dev/urandom"
| #define GPG_ERR_SOURCE_DEFAULT GPG_ERR_SOURCE_GCRYPT
| #define HAVE_PTHREAD 1 
| #define STDC_HEADERS 1
| #define HAVE_UNISTD_H 1
| #define HAVE_SYS_SELECT_H 1
| #define HAVE_SYS_MSG_H 1
| #define RETSIGTYPE void
| #define HAVE_DECL_SYS_SIGLIST 1
| #define HAVE_USHORT_TYPEDEF 1
| #define HAVE_ULONG_TYPEDEF 1
| #define HAVE_SYS_SOCKET_H 1
| #define HAVE_BUILTIN_BSWAP32 1
| #define HAVE_BUILTIN_BSWAP64 1
| #define HAVE_BUILTIN_CTZ 1
| #define HAVE_VLA 1
| #define GCRY_USE_VISIBILITY 1
| #define HAVE_GCC_ATTRIBUTE_ALIGNED 1
| #define HAVE_GCC_ATTRIBUTE_PACKED 1
| #define HAVE_GCC_ATTRIBUTE_MAY_ALIAS 1
| #define HAVE_GCC_ASM_VOLATILE_MEMORY 1
| #define HAVE_GCC_ATTRIBUTE_MS_ABI 1
| #define HAVE_GCC_ATTRIBUTE_SYSV_ABI 1
| #define HAVE_GCC_DEFAULT_ABI_IS_SYSV_ABI 1
| #define HAVE_GCC_INLINE_ASM_SSSE3 1
| #define HAVE_GCC_INLINE_ASM_PCLMUL 1
| #define HAVE_GCC_INLINE_ASM_SSE41 1
| #define HAVE_GCC_INLINE_ASM_AVX 1
| #define HAVE_GCC_INLINE_ASM_AVX2 1
| #define HAVE_GCC_INLINE_ASM_BMI2 1
| #define HAVE_COMPATIBLE_GCC_AMD64_PLATFORM_AS 1
| #define HAVE_INTEL_SYNTAX_PLATFORM_AS 1
| #define HAVE_VPRINTF 1
| #define HAVE_STPCPY 1
| #define HAVE_STRCASECMP 1
| #define HAVE_STRTOUL 1
| #define HAVE_MEMMOVE 1
| #define HAVE_ATEXIT 1
| #define HAVE_RAISE 1
| #define HAVE_STRERROR 1
| #define HAVE_RAND 1
| #define HAVE_MMAP 1
| #define HAVE_GETPAGESIZE 1
| #define HAVE_SYSCONF 1
| #define HAVE_WAITPID 1
| #define HAVE_WAIT4 1
| #define HAVE_GETTIMEOFDAY 1
| #define HAVE_GETRUSAGE 1
| /* end confdefs.h.  */
| /* Define gethrtime to an innocuous variant, in case <limits.h> declares gethrtime.
|    For example, HP-UX 11i <limits.h> declares gettimeofday.  */
| #define gethrtime innocuous_gethrtime
| 
| /* System header to define __stub macros and hopefully few prototypes,
|     which can conflict with char gethrtime (); below.
|     Prefer <limits.h> to <assert.h> if __STDC__ is defined, since
|     <limits.h> exists even on freestanding compilers.  */
| 
| #ifdef __STDC__
| # include <limits.h>
| #else
| # include <assert.h>
| #endif
| 
| #undef gethrtime
| 
| /* Override any GCC internal prototype to avoid an error.
|    Use char because int might match the return type of a GCC
|    builtin and then its argument prototype would still apply.  */
| #ifdef __cplusplus
| extern "C"
| #endif
| char gethrtime ();
| /* The GNU C library defines this for functions which it implements
|     to always fail with ENOSYS.  Some functions are actually named
|     something starting with __ and the normal name is an alias.  */
| #if defined __stub_gethrtime || defined __stub___gethrtime
| choke me
| #endif
| 
| int
| main ()
| {
| return gethrtime ();
|   ;
|   return 0;
| }
configure:16985: result: no
configure:16985: checking for clock_gettime
configure:16985: gcc -o conftest -g -O2 -fvisibility=hidden   conftest.c  >&5
configure:16985: $? = 0
configure:16985: result: yes
configure:16985: checking for syslog
configure:16985: gcc -o conftest -g -O2 -fvisibility=hidden   conftest.c  >&5
configure:16985: $? = 0
configure:16985: result: yes
configure:16997: checking for syscall
configure:16997: gcc -o conftest -g -O2 -fvisibility=hidden   conftest.c  >&5
configure:16997: $? = 0
configure:16997: result: yes
configure:16997: checking for fcntl
configure:16997: gcc -o conftest -g -O2 -fvisibility=hidden   conftest.c  >&5
configure:16997: $? = 0
configure:16997: result: yes
configure:16997: checking for ftruncate
configure:16997: gcc -o conftest -g -O2 -fvisibility=hidden   conftest.c  >&5
configure:16997: $? = 0
configure:16997: result: yes
configure:16997: checking for flockfile
configure:16997: gcc -o conftest -g -O2 -fvisibility=hidden   conftest.c  >&5
configure:16997: $? = 0
configure:16997: result: yes
configure:17009: checking for mlock
configure:17009: gcc -o conftest -g -O2 -fvisibility=hidden   conftest.c  >&5
configure:17009: $? = 0
configure:17009: result: yes
configure:17133: checking for sysconf
configure:17133: result: yes
configure:17133: checking for getpagesize
configure:17133: result: yes
configure:17142: checking whether mlock is broken
configure:17192: gcc -o conftest -g -O2 -fvisibility=hidden   conftest.c  >&5
configure:17192: $? = 0
configure:17192: ./conftest
configure:17192: $? = 0
configure:17212: result: no
configure:17225: checking for getpid
configure:17225: gcc -o conftest -g -O2 -fvisibility=hidden   conftest.c  >&5
configure:17225: $? = 0
configure:17225: result: yes
configure:17238: checking for clock
configure:17238: gcc -o conftest -g -O2 -fvisibility=hidden   conftest.c  >&5
configure:17238: $? = 0
configure:17238: result: yes
configure:17416: checking for random device
configure:17424: result: yes
configure:17580: checking whether non excutable stack support is requested
configure:17589: result: yes
configure:17592: checking whether assembler supports --noexecstack option
configure:17602: gcc -g -O2 -fvisibility=hidden -Wall 
                     -S -o conftest.s conftest.c >/dev/null
configure:17605: $? = 0
configure:17610: gcc -g -O2  -Wa,--noexecstack
                       -c -o conftest.o conftest.s >/dev/null
configure:17613: $? = 0
configure:17622: result: yes
configure:18952: checking that generated files are newer than configure
configure:18958: result: done
configure:19090: creating ./config.status

## ---------------------- ##
## Running config.status. ##
## ---------------------- ##

This file was extended by libgcrypt config.status 1.8.0, which was
generated by GNU Autoconf 2.69.  Invocation command line was

  CONFIG_FILES    = 
  CONFIG_HEADERS  = 
  CONFIG_LINKS    = 
  CONFIG_COMMANDS = 
  $ ./config.status 

on localhost.localdomain

config.status:1384: creating Makefile
config.status:1384: creating m4/Makefile
config.status:1384: creating compat/Makefile
config.status:1384: creating mpi/Makefile
config.status:1384: creating cipher/Makefile
config.status:1384: creating random/Makefile
config.status:1384: creating doc/Makefile
config.status:1384: creating src/Makefile
config.status:1384: creating src/gcrypt.h
config.status:1384: creating src/libgcrypt-config
config.status:1384: creating src/versioninfo.rc
config.status:1384: creating tests/Makefile
config.status:1384: creating tests/hashtest-256g
config.status:1384: creating tests/basic-disable-all-hwf
config.status:1384: creating config.h
config.status:1610: linking ../mpi/amd64/mpih-add1.S to mpi/mpih-add1-asm.S
config.status:1610: linking ../mpi/amd64/mpih-sub1.S to mpi/mpih-sub1-asm.S
config.status:1610: linking ../mpi/amd64/mpih-mul1.S to mpi/mpih-mul1-asm.S
config.status:1610: linking ../mpi/amd64/mpih-mul2.S to mpi/mpih-mul2-asm.S
config.status:1610: linking ../mpi/amd64/mpih-mul3.S to mpi/mpih-mul3-asm.S
config.status:1610: linking ../mpi/amd64/mpih-lshift.S to mpi/mpih-lshift-asm.S
config.status:1610: linking ../mpi/amd64/mpih-rshift.S to mpi/mpih-rshift-asm.S
config.status:1610: linking ../mpi/amd64/mpi-asm-defs.h to mpi/mpi-asm-defs.h
config.status:1629: executing depfiles commands
config.status:1629: executing libtool commands
config.status:1629: executing gcrypt-conf commands

## ---------------- ##
## Cache variables. ##
## ---------------- ##

ac_cv_build=x86_64-pc-linux-gnu
ac_cv_c_bigendian=no
ac_cv_c_compiler_gnu=yes
ac_cv_c_const=yes
ac_cv_c_inline=inline
ac_cv_env_CCASFLAGS_set=
ac_cv_env_CCASFLAGS_value=
ac_cv_env_CCAS_set=
ac_cv_env_CCAS_value=
ac_cv_env_CC_FOR_BUILD_set=
ac_cv_env_CC_FOR_BUILD_value=
ac_cv_env_CC_set=
ac_cv_env_CC_value=
ac_cv_env_CFLAGS_set=
ac_cv_env_CFLAGS_value=
ac_cv_env_CPPFLAGS_set=
ac_cv_env_CPPFLAGS_value=
ac_cv_env_CPP_set=
ac_cv_env_CPP_value=
ac_cv_env_LDFLAGS_set=
ac_cv_env_LDFLAGS_value=
ac_cv_env_LIBS_set=
ac_cv_env_LIBS_value=
ac_cv_env_SYSROOT_set=
ac_cv_env_SYSROOT_value=
ac_cv_env_build_alias_set=
ac_cv_env_build_alias_value=
ac_cv_env_host_alias_set=
ac_cv_env_host_alias_value=
ac_cv_env_target_alias_set=
ac_cv_env_target_alias_value=
ac_cv_func__doprnt=no
ac_cv_func_atexit=yes
ac_cv_func_clock=yes
ac_cv_func_clock_gettime=yes
ac_cv_func_fcntl=yes
ac_cv_func_flockfile=yes
ac_cv_func_ftruncate=yes
ac_cv_func_gethrtime=no
ac_cv_func_getpagesize=yes
ac_cv_func_getpid=yes
ac_cv_func_getrusage=yes
ac_cv_func_gettimeofday=yes
ac_cv_func_memmove=yes
ac_cv_func_mlock=yes
ac_cv_func_mmap=yes
ac_cv_func_raise=yes
ac_cv_func_rand=yes
ac_cv_func_stpcpy=yes
ac_cv_func_strcasecmp=yes
ac_cv_func_strerror=yes
ac_cv_func_stricmp=no
ac_cv_func_strtoul=yes
ac_cv_func_syscall=yes
ac_cv_func_sysconf=yes
ac_cv_func_syslog=yes
ac_cv_func_vprintf=yes
ac_cv_func_wait4=yes
ac_cv_func_waitpid=yes
ac_cv_have_decl_sys_siglist=yes
ac_cv_have_dev_random=yes
ac_cv_header_dlfcn_h=yes
ac_cv_header_inttypes_h=yes
ac_cv_header_memory_h=yes
ac_cv_header_minix_config_h=no
ac_cv_header_stdc=yes
ac_cv_header_stdint_h=yes
ac_cv_header_stdlib_h=yes
ac_cv_header_string_h=yes
ac_cv_header_strings_h=yes
ac_cv_header_sys_msg_h=yes
ac_cv_header_sys_select_h=yes
ac_cv_header_sys_socket_h=yes
ac_cv_header_sys_stat_h=yes
ac_cv_header_sys_types_h=yes
ac_cv_header_unistd_h=yes
ac_cv_host=x86_64-pc-linux-gnu
ac_cv_lib_pthread_pthread_create=yes
ac_cv_mpi_sflags=
ac_cv_objext=o
ac_cv_path_EGREP='/usr/bin/grep -E'
ac_cv_path_FGREP='/usr/bin/grep -F'
ac_cv_path_GPG_ERROR_CONFIG=/usr/bin/gpg-error-config
ac_cv_path_GREP=/usr/bin/grep
ac_cv_path_SED=/bin/sed
ac_cv_path_install='/usr/bin/install -c'
ac_cv_path_mkdir=/bin/mkdir
ac_cv_prog_AWK=gawk
ac_cv_prog_CPP='gcc -E'
ac_cv_prog_ac_ct_AR=ar
ac_cv_prog_ac_ct_CC=gcc
ac_cv_prog_ac_ct_MANIFEST_TOOL=mt
ac_cv_prog_ac_ct_OBJDUMP=objdump
ac_cv_prog_ac_ct_RANLIB=ranlib
ac_cv_prog_ac_ct_STRIP=strip
ac_cv_prog_cc_c89=
ac_cv_prog_cc_g=yes
ac_cv_prog_make_make_set=yes
ac_cv_safe_to_define___extensions__=yes
ac_cv_search_setsockopt='none required'
ac_cv_search_strerror='none required'
ac_cv_sizeof_uint64_t=8
ac_cv_sizeof_unsigned_int=4
ac_cv_sizeof_unsigned_long=8
ac_cv_sizeof_unsigned_long_long=8
ac_cv_sizeof_unsigned_short=2
ac_cv_sizeof_void_p=8
ac_cv_sys_symbol_underscore=no
ac_cv_type_pid_t=yes
ac_cv_type_signal=void
ac_cv_type_size_t=yes
ac_cv_type_socklen_t=yes
ac_cv_type_uintptr_t=yes
am_cv_CCAS_dependencies_compiler_type=gcc3
am_cv_CC_dependencies_compiler_type=gcc3
am_cv_make_support_nested_variables=yes
am_cv_prog_cc_c_o=yes
cl_cv_as_noexecstack=yes
gcry_cv_broken_alias_attribute=no
gcry_cv_broken_visibility_attribute=no
gcry_cv_cc_arm_arch_is_v6=n/a
gcry_cv_gcc_aarch64_platform_as_ok=no
gcry_cv_gcc_amd64_platform_as_ok=yes
gcry_cv_gcc_arm_platform_as_ok=no
gcry_cv_gcc_as_const_division_ok=yes
gcry_cv_gcc_attribute_aligned=yes
gcry_cv_gcc_attribute_may_alias=yes
gcry_cv_gcc_attribute_ms_abi=yes
gcry_cv_gcc_attribute_packed=yes
gcry_cv_gcc_attribute_sysv_abi=yes
gcry_cv_gcc_default_abi_is_ms_abi=no
gcry_cv_gcc_default_abi_is_sysv_abi=yes
gcry_cv_gcc_has_f_visibility=yes
gcry_cv_gcc_inline_asm_aarch32_crypto=n/a
gcry_cv_gcc_inline_asm_aarch64_crypto=n/a
gcry_cv_gcc_inline_asm_aarch64_neon=n/a
gcry_cv_gcc_inline_asm_avx2=yes
gcry_cv_gcc_inline_asm_avx=yes
gcry_cv_gcc_inline_asm_bmi2=yes
gcry_cv_gcc_inline_asm_neon=n/a
gcry_cv_gcc_inline_asm_pclmul=yes
gcry_cv_gcc_inline_asm_sse41=yes
gcry_cv_gcc_inline_asm_ssse3=yes
gcry_cv_gcc_platform_as_ok_for_intel_syntax=yes
gcry_cv_have___asm__=yes
gcry_cv_have_asm=yes
gcry_cv_have_asm_volatile_memory=yes
gcry_cv_have_builtin_bswap32=yes
gcry_cv_have_builtin_bswap64=yes
gcry_cv_have_builtin_ctz=yes
gcry_cv_have_vla=yes
gcry_cv_visibility_attribute=yes
gnupg_cv_have_broken_mlock=no
gnupg_cv_typedef_byte=no
gnupg_cv_typedef_u16=no
gnupg_cv_typedef_u32=no
gnupg_cv_typedef_ulong=yes
gnupg_cv_typedef_ushort=yes
gnupg_cv_uint64_c_works=yes
lt_cv_ar_at_file=@
lt_cv_archive_cmds_need_lc=no
lt_cv_deplibs_check_method=pass_all
lt_cv_file_magic_cmd='$MAGIC_CMD'
lt_cv_file_magic_test_file=
lt_cv_ld_reload_flag=-r
lt_cv_nm_interface='BSD nm'
lt_cv_objdir=.libs
lt_cv_path_LD=/usr/bin/ld
lt_cv_path_NM='/usr/bin/nm -B'
lt_cv_path_mainfest_tool=no
lt_cv_prog_compiler_c_o=yes
lt_cv_prog_compiler_c_o_RC=yes
lt_cv_prog_compiler_pic='-fPIC -DPIC'
lt_cv_prog_compiler_pic_works=yes
lt_cv_prog_compiler_rtti_exceptions=no
lt_cv_prog_compiler_static_works=yes
lt_cv_prog_gnu_ld=yes
lt_cv_sharedlib_from_linklib_cmd='printf %s\n'
lt_cv_shlibpath_overrides_runpath=no
lt_cv_sys_global_symbol_pipe='sed -n -e '\''s/^.*[	 ]\([ABCDGIRSTW][ABCDGIRSTW]*\)[	 ][	 ]*\([_A-Za-z][_A-Za-z0-9]*\)$/\1 \2 \2/p'\'' | sed '\''/ __gnu_lto/d'\'''
lt_cv_sys_global_symbol_to_c_name_address='sed -n -e '\''s/^: \([^ ]*\)[ ]*$/  {\"\1\", (void *) 0},/p'\'' -e '\''s/^[ABCDGIRSTW]* \([^ ]*\) \([^ ]*\)$/  {"\2", (void *) \&\2},/p'\'''
lt_cv_sys_global_symbol_to_c_name_address_lib_prefix='sed -n -e '\''s/^: \([^ ]*\)[ ]*$/  {\"\1\", (void *) 0},/p'\'' -e '\''s/^[ABCDGIRSTW]* \([^ ]*\) \(lib[^ ]*\)$/  {"\2", (void *) \&\2},/p'\'' -e '\''s/^[ABCDGIRSTW]* \([^ ]*\) \([^ ]*\)$/  {"lib\2", (void *) \&\2},/p'\'''
lt_cv_sys_global_symbol_to_cdecl='sed -n -e '\''s/^T .* \(.*\)$/extern int \1();/p'\'' -e '\''s/^[ABCDGIRSTW]* .* \(.*\)$/extern char \1;/p'\'''
lt_cv_sys_max_cmd_len=1572864
lt_cv_to_host_file_cmd=func_convert_file_noop
lt_cv_to_tool_file_cmd=func_convert_file_noop

## ----------------- ##
## Output variables. ##
## ----------------- ##

ACLOCAL='${SHELL} /lfskernel/sources/boot/libgcrypt-1.8.0/build-aux/missing aclocal-1.14'
AMDEPBACKSLASH='\'
AMDEP_FALSE='#'
AMDEP_TRUE=''
AMTAR='$${TAR-tar}'
AM_BACKSLASH='\'
AM_DEFAULT_V='$(AM_DEFAULT_VERBOSITY)'
AM_DEFAULT_VERBOSITY='1'
AM_V='$(V)'
AR='ar'
AS='as'
AUTOCONF='${SHELL} /lfskernel/sources/boot/libgcrypt-1.8.0/build-aux/missing autoconf'
AUTOHEADER='${SHELL} /lfskernel/sources/boot/libgcrypt-1.8.0/build-aux/missing autoheader'
AUTOMAKE='${SHELL} /lfskernel/sources/boot/libgcrypt-1.8.0/build-aux/missing automake-1.14'
AWK='gawk'
BUILD_DOC_FALSE='#'
BUILD_DOC_TRUE=''
BUILD_FILEVERSION='1,8,0,34058'
BUILD_REVISION='850aca7'
BUILD_TIMESTAMP='<none>'
CC='gcc'
CCAS='gcc'
CCASDEPMODE='depmode=gcc3'
CCASFLAGS='-g -O2'
CCDEPMODE='depmode=gcc3'
CC_FOR_BUILD='gcc'
CFLAGS='-g -O2 -fvisibility=hidden -Wall'
CPP='gcc -E'
CPPFLAGS=''
CROSS_COMPILING_FALSE=''
CROSS_COMPILING_TRUE='#'
CYGPATH_W='echo'
DEFS='-DHAVE_CONFIG_H'
DEPDIR='.deps'
DLLTOOL='false'
DL_LIBS=''
DSYMUTIL=''
DUMPBIN=''
ECHO_C=''
ECHO_N='-n'
ECHO_T=''
EGREP='/usr/bin/grep -E'
ENABLE_O_FLAG_MUNGING_FALSE='#'
ENABLE_O_FLAG_MUNGING_TRUE=''
EXEEXT=''
FALLBACK_SOCKLEN_T='typedef socklen_t gcry_socklen_t;'
FGREP='/usr/bin/grep -F'
GCRYPT_CIPHERS=' arcfour.lo arcfour-amd64.lo blowfish.lo blowfish-amd64.lo cast5.lo cast5-amd64.lo des.lo des-amd64.lo rijndael.lo rijndael-amd64.lo rijndael-ssse3-amd64.lo rijndael-ssse3-amd64-asm.lo rijndael-aesni.lo rijndael-padlock.lo twofish.lo twofish-amd64.lo twofish-avx2-amd64.lo serpent.lo serpent-sse2-amd64.lo serpent-avx2-amd64.lo rfc2268.lo seed.lo camellia.lo camellia-glue.lo camellia-aesni-avx-amd64.lo camellia-aesni-avx2-amd64.lo idea.lo salsa20.lo salsa20-amd64.lo gost28147.lo chacha20.lo chacha20-sse2-amd64.lo chacha20-ssse3-amd64.lo chacha20-avx2-amd64.lo poly1305-sse2-amd64.lo poly1305-avx2-amd64.lo'
GCRYPT_DIGESTS=' crc.lo crc-intel-pclmul.lo gostr3411-94.lo stribog.lo md4.lo md5.lo rmd160.lo sha256.lo sha256-ssse3-amd64.lo sha256-avx-amd64.lo sha256-avx2-bmi2-amd64.lo sha512.lo sha512-ssse3-amd64.lo sha512-avx-amd64.lo sha512-avx2-bmi2-amd64.lo keccak.lo tiger.lo whirlpool.lo whirlpool-sse2-amd64.lo blake2.lo sha1.lo sha1-ssse3-amd64.lo sha1-avx-amd64.lo sha1-avx-bmi2-amd64.lo'
GCRYPT_HWF_MODULES='hwf-x86.lo'
GCRYPT_KDFS=' scrypt.lo'
GCRYPT_PUBKEY_CIPHERS=' dsa.lo rsa.lo elgamal.lo                           ecc.lo ecc-curves.lo ecc-misc.lo                           ecc-ecdsa.lo ecc-eddsa.lo ecc-gost.lo'
GCRYPT_RANDOM=' rndlinux.lo'
GPG_ERROR_CFLAGS=''
GPG_ERROR_CONFIG='/usr/bin/gpg-error-config'
GPG_ERROR_LIBS='-lgpg-error'
GPG_ERROR_MT_CFLAGS=''
GPG_ERROR_MT_LIBS='-lgpg-error -lpthread'
GREP='/usr/bin/grep'
HAVE_LD_VERSION_SCRIPT_FALSE='#'
HAVE_LD_VERSION_SCRIPT_TRUE=''
HAVE_W32CE_SYSTEM_FALSE=''
HAVE_W32CE_SYSTEM_TRUE='#'
HAVE_W32_SYSTEM_FALSE=''
HAVE_W32_SYSTEM_TRUE='#'
INSERT_SYS_SELECT_H=' include <sys/select.h>'
INSTALL_DATA='${INSTALL} -m 644'
INSTALL_PROGRAM='${INSTALL}'
INSTALL_SCRIPT='${INSTALL}'
INSTALL_STRIP_PROGRAM='$(install_sh) -c -s'
LD='/usr/bin/ld -m elf_x86_64'
LDFLAGS=''
LIBGCRYPT_CIPHERS='arcfour blowfish cast5 des aes twofish serpent rfc2268 seed camellia idea salsa20 gost28147 chacha20'
LIBGCRYPT_CONFIG_API_VERSION='1'
LIBGCRYPT_CONFIG_CFLAGS=''
LIBGCRYPT_CONFIG_HOST='x86_64-pc-linux-gnu'
LIBGCRYPT_CONFIG_LIBS='-lgcrypt'
LIBGCRYPT_DIGESTS='crc gostr3411-94  md4 md5 rmd160 sha1 sha256 sha512 sha3 tiger whirlpool stribog blake2'
LIBGCRYPT_LT_AGE='2'
LIBGCRYPT_LT_CURRENT='22'
LIBGCRYPT_LT_REVISION='0'
LIBGCRYPT_PUBKEY_CIPHERS='dsa elgamal rsa ecc'
LIBGCRYPT_THREAD_MODULES=''
LIBOBJS=''
LIBS=''
LIBTOOL='$(SHELL) $(top_builddir)/libtool'
LIPO=''
LN_S='ln -s'
LTLIBOBJS=''
MAINT='#'
MAINTAINER_MODE_FALSE=''
MAINTAINER_MODE_TRUE='#'
MAKEINFO='${SHELL} /lfskernel/sources/boot/libgcrypt-1.8.0/build-aux/missing makeinfo'
MANIFEST_TOOL=':'
MKDIR_P='/bin/mkdir -p'
MPI_MOD_ASM_MPIH_ADD1_FALSE='#'
MPI_MOD_ASM_MPIH_ADD1_TRUE=''
MPI_MOD_ASM_MPIH_LSHIFT_FALSE='#'
MPI_MOD_ASM_MPIH_LSHIFT_TRUE=''
MPI_MOD_ASM_MPIH_MUL1_FALSE='#'
MPI_MOD_ASM_MPIH_MUL1_TRUE=''
MPI_MOD_ASM_MPIH_MUL2_FALSE='#'
MPI_MOD_ASM_MPIH_MUL2_TRUE=''
MPI_MOD_ASM_MPIH_MUL3_FALSE='#'
MPI_MOD_ASM_MPIH_MUL3_TRUE=''
MPI_MOD_ASM_MPIH_RSHIFT_FALSE='#'
MPI_MOD_ASM_MPIH_RSHIFT_TRUE=''
MPI_MOD_ASM_MPIH_SUB1_FALSE='#'
MPI_MOD_ASM_MPIH_SUB1_TRUE=''
MPI_MOD_ASM_UDIV_FALSE=''
MPI_MOD_ASM_UDIV_QRNND_FALSE=''
MPI_MOD_ASM_UDIV_QRNND_TRUE='#'
MPI_MOD_ASM_UDIV_TRUE='#'
MPI_MOD_C_MPIH_ADD1_FALSE=''
MPI_MOD_C_MPIH_ADD1_TRUE='#'
MPI_MOD_C_MPIH_LSHIFT_FALSE=''
MPI_MOD_C_MPIH_LSHIFT_TRUE='#'
MPI_MOD_C_MPIH_MUL1_FALSE=''
MPI_MOD_C_MPIH_MUL1_TRUE='#'
MPI_MOD_C_MPIH_MUL2_FALSE=''
MPI_MOD_C_MPIH_MUL2_TRUE='#'
MPI_MOD_C_MPIH_MUL3_FALSE=''
MPI_MOD_C_MPIH_MUL3_TRUE='#'
MPI_MOD_C_MPIH_RSHIFT_FALSE=''
MPI_MOD_C_MPIH_RSHIFT_TRUE='#'
MPI_MOD_C_MPIH_SUB1_FALSE=''
MPI_MOD_C_MPIH_SUB1_TRUE='#'
MPI_MOD_C_UDIV_FALSE=''
MPI_MOD_C_UDIV_QRNND_FALSE=''
MPI_MOD_C_UDIV_QRNND_TRUE='#'
MPI_MOD_C_UDIV_TRUE='#'
MPI_SFLAGS=''
NM='/usr/bin/nm -B'
NMEDIT=''
NOEXECSTACK_FLAGS='-Wa,--noexecstack'
OBJDUMP='objdump'
OBJEXT='o'
OTOOL64=''
OTOOL=''
PACKAGE='libgcrypt'
PACKAGE_BUGREPORT='http://bugs.gnupg.org'
PACKAGE_NAME='libgcrypt'
PACKAGE_STRING='libgcrypt 1.8.0'
PACKAGE_TARNAME='libgcrypt'
PACKAGE_URL=''
PACKAGE_VERSION='1.8.0'
PATH_SEPARATOR=':'
PTH_CFLAGS=''
PTH_CONFIG=''
PTH_LIBS=''
RANLIB='ranlib'
RC=''
RUN_LARGE_DATA_TESTS='no'
SED='/bin/sed'
SET_MAKE=''
SHELL='/bin/sh'
STRIP='strip'
SYSROOT=''
SYS_SOCKET_H=''
USE_RANDOM_DAEMON_FALSE=''
USE_RANDOM_DAEMON_TRUE='#'
VERSION='1.8.0'
VERSION_NUMBER='0x010800'
ac_ct_AR='ar'
ac_ct_CC='gcc'
ac_ct_DUMPBIN=''
am__EXEEXT_FALSE=''
am__EXEEXT_TRUE='#'
am__fastdepCCAS_FALSE='#'
am__fastdepCCAS_TRUE=''
am__fastdepCC_FALSE='#'
am__fastdepCC_TRUE=''
am__include='include'
am__isrc=' -I$(srcdir)'
am__leading_dot='.'
am__nodep='_no'
am__quote=''
am__tar='$${TAR-tar} chof - "$$tardir"'
am__untar='$${TAR-tar} xf -'
bindir='${exec_prefix}/bin'
build='x86_64-pc-linux-gnu'
build_alias=''
build_cpu='x86_64'
build_os='linux-gnu'
build_vendor='pc'
datadir='${datarootdir}'
datarootdir='${prefix}/share'
docdir='${datarootdir}/doc/${PACKAGE_TARNAME}'
dvidir='${docdir}'
emacs_local_vars_begin='Local Variables:'
emacs_local_vars_end='End:'
emacs_local_vars_read_only='buffer-read-only: t'
exec_prefix='${prefix}'
host='x86_64-pc-linux-gnu'
host_alias=''
host_cpu='x86_64'
host_os='linux-gnu'
host_vendor='pc'
htmldir='${docdir}'
includedir='${prefix}/include'
infodir='${datarootdir}/info'
install_sh='${SHELL} /lfskernel/sources/boot/libgcrypt-1.8.0/build-aux/install-sh'
libdir='${exec_prefix}/lib'
libexecdir='${exec_prefix}/libexec'
localedir='${datarootdir}/locale'
localstatedir='${prefix}/var'
mandir='${datarootdir}/man'
mkdir_p='$(MKDIR_P)'
oldincludedir='/usr/include'
pdfdir='${docdir}'
prefix='/usr'
program_transform_name='s,x,x,'
psdir='${docdir}'
sbindir='${exec_prefix}/sbin'
sharedstatedir='${prefix}/com'
sysconfdir='${prefix}/etc'
target_alias=''

## ----------- ##
## confdefs.h. ##
## ----------- ##

/* confdefs.h */
#define PACKAGE_NAME "libgcrypt"
#define PACKAGE_TARNAME "libgcrypt"
#define PACKAGE_VERSION "1.8.0"
#define PACKAGE_STRING "libgcrypt 1.8.0"
#define PACKAGE_BUGREPORT "http://bugs.gnupg.org"
#define PACKAGE_URL ""
#define PACKAGE "libgcrypt"
#define VERSION "1.8.0"
#define PACKAGE "libgcrypt"
#define VERSION "1.8.0"
#define STDC_HEADERS 1
#define HAVE_SYS_TYPES_H 1
#define HAVE_SYS_STAT_H 1
#define HAVE_STDLIB_H 1
#define HAVE_STRING_H 1
#define HAVE_MEMORY_H 1
#define HAVE_STRINGS_H 1
#define HAVE_INTTYPES_H 1
#define HAVE_STDINT_H 1
#define HAVE_UNISTD_H 1
#define __EXTENSIONS__ 1
#define _ALL_SOURCE 1
#define _GNU_SOURCE 1
#define _POSIX_PTHREAD_SEMANTICS 1
#define _TANDEM_SOURCE 1
#define HAVE_DLFCN_H 1
#define LT_OBJDIR ".libs/"
#define SIZEOF_UNSIGNED_SHORT 2
#define SIZEOF_UNSIGNED_INT 4
#define SIZEOF_UNSIGNED_LONG 8
#define SIZEOF_UNSIGNED_LONG_LONG 8
#define SIZEOF_VOID_P 8
#define HAVE_UINTPTR_T 1
#define SIZEOF_UINT64_T 8
#define EGD_SOCKET_NAME ""
#define PRINTABLE_OS_NAME "GNU/Linux"
#define NAME_OF_DEV_RANDOM "/dev/random"
#define NAME_OF_DEV_URANDOM "/dev/urandom"
#define GPG_ERR_SOURCE_DEFAULT GPG_ERR_SOURCE_GCRYPT
#define HAVE_PTHREAD 1 
#define STDC_HEADERS 1
#define HAVE_UNISTD_H 1
#define HAVE_SYS_SELECT_H 1
#define HAVE_SYS_MSG_H 1
#define RETSIGTYPE void
#define HAVE_DECL_SYS_SIGLIST 1
#define HAVE_USHORT_TYPEDEF 1
#define HAVE_ULONG_TYPEDEF 1
#define HAVE_SYS_SOCKET_H 1
#define HAVE_BUILTIN_BSWAP32 1
#define HAVE_BUILTIN_BSWAP64 1
#define HAVE_BUILTIN_CTZ 1
#define HAVE_VLA 1
#define GCRY_USE_VISIBILITY 1
#define HAVE_GCC_ATTRIBUTE_ALIGNED 1
#define HAVE_GCC_ATTRIBUTE_PACKED 1
#define HAVE_GCC_ATTRIBUTE_MAY_ALIAS 1
#define HAVE_GCC_ASM_VOLATILE_MEMORY 1
#define HAVE_GCC_ATTRIBUTE_MS_ABI 1
#define HAVE_GCC_ATTRIBUTE_SYSV_ABI 1
#define HAVE_GCC_DEFAULT_ABI_IS_SYSV_ABI 1
#define HAVE_GCC_INLINE_ASM_SSSE3 1
#define HAVE_GCC_INLINE_ASM_PCLMUL 1
#define HAVE_GCC_INLINE_ASM_SSE41 1
#define HAVE_GCC_INLINE_ASM_AVX 1
#define HAVE_GCC_INLINE_ASM_AVX2 1
#define HAVE_GCC_INLINE_ASM_BMI2 1
#define HAVE_COMPATIBLE_GCC_AMD64_PLATFORM_AS 1
#define HAVE_INTEL_SYNTAX_PLATFORM_AS 1
#define HAVE_VPRINTF 1
#define HAVE_STPCPY 1
#define HAVE_STRCASECMP 1
#define HAVE_STRTOUL 1
#define HAVE_MEMMOVE 1
#define HAVE_ATEXIT 1
#define HAVE_RAISE 1
#define HAVE_STRERROR 1
#define HAVE_RAND 1
#define HAVE_MMAP 1
#define HAVE_GETPAGESIZE 1
#define HAVE_SYSCONF 1
#define HAVE_WAITPID 1
#define HAVE_WAIT4 1
#define HAVE_GETTIMEOFDAY 1
#define HAVE_GETRUSAGE 1
#define HAVE_CLOCK_GETTIME 1
#define HAVE_SYSLOG 1
#define HAVE_SYSCALL 1
#define HAVE_FCNTL 1
#define HAVE_FTRUNCATE 1
#define HAVE_FLOCKFILE 1
#define HAVE_MLOCK 1
#define HAVE_SYSCONF 1
#define HAVE_GETPAGESIZE 1
#define HAVE_GETPID 1
#define HAVE_CLOCK 1
#define HAVE_DEV_RANDOM 1
#define ENABLE_AESNI_SUPPORT 1
#define ENABLE_PCLMUL_SUPPORT 1
#define ENABLE_SSE41_SUPPORT 1
#define ENABLE_AVX_SUPPORT 1
#define ENABLE_AVX2_SUPPORT 1
#define ENABLE_JENT_SUPPORT 1
#define ENABLE_PADLOCK_SUPPORT 1
#define ENABLE_DRNG_SUPPORT 1
#define USE_ARCFOUR 1
#define USE_BLOWFISH 1
#define USE_CAST5 1
#define USE_DES 1
#define USE_AES 1
#define USE_TWOFISH 1
#define USE_SERPENT 1
#define USE_RFC2268 1
#define USE_SEED 1
#define USE_CAMELLIA 1
#define USE_IDEA 1
#define USE_SALSA20 1
#define USE_GOST28147 1
#define USE_CHACHA20 1
#define USE_DSA 1
#define USE_RSA 1
#define USE_ELGAMAL 1
#define USE_ECC 1
#define USE_CRC 1
#define USE_GOST_R_3411_94 1
#define USE_GOST_R_3411_12 1
#define USE_MD4 1
#define USE_MD5 1
#define USE_RMD160 1
#define USE_SHA256 1
#define USE_SHA512 1
#define USE_SHA3 1
#define USE_TIGER 1
#define USE_WHIRLPOOL 1
#define USE_BLAKE2 1
#define USE_SHA1 1
#define USE_SCRYPT 1
#define USE_RNDLINUX 1
#define LIBGCRYPT_CIPHERS "arcfour:blowfish:cast5:des:aes:twofish:serpent:rfc2268:seed:camellia:idea:salsa20:gost28147:chacha20"
#define LIBGCRYPT_PUBKEY_CIPHERS "dsa:elgamal:rsa:ecc"
#define LIBGCRYPT_DIGESTS "crc:gostr3411-94::md4:md5:rmd160:sha1:sha256:sha512:sha3:tiger:whirlpool:stribog:blake2"
#define LIBGCRYPT_KDFS "s2k:pkdf2:scrypt"
#define HAVE_CPU_ARCH_X86 1
#define BUILD_REVISION "850aca7"
#define BUILD_TIMESTAMP "<none>"

configure: exit 0
