Making install in m4
make[1]: Entering directory '/lfskernel/sources/boot/libgpg-error-1.27/build/m4'
make[2]: Entering directory '/lfskernel/sources/boot/libgpg-error-1.27/build/m4'
make[2]: Nothing to be done for 'install-exec-am'.
make[2]: Nothing to be done for 'install-data-am'.
make[2]: Leaving directory '/lfskernel/sources/boot/libgpg-error-1.27/build/m4'
make[1]: Leaving directory '/lfskernel/sources/boot/libgpg-error-1.27/build/m4'
Making install in src
make[1]: Entering directory '/lfskernel/sources/boot/libgpg-error-1.27/build/src'
make  install-am
make[2]: Entering directory '/lfskernel/sources/boot/libgpg-error-1.27/build/src'
make[3]: Entering directory '/lfskernel/sources/boot/libgpg-error-1.27/build/src'
 /bin/mkdir -p '/usr/lib'
 /bin/sh ../libtool   --mode=install /usr/bin/install -c   libgpg-error.la '/usr/lib'
libtool: install: /usr/bin/install -c .libs/libgpg-error.so.0.22.0 /usr/lib/libgpg-error.so.0.22.0
libtool: install: (cd /usr/lib && { ln -s -f libgpg-error.so.0.22.0 libgpg-error.so.0 || { rm -f libgpg-error.so.0 && ln -s libgpg-error.so.0.22.0 libgpg-error.so.0; }; })
libtool: install: (cd /usr/lib && { ln -s -f libgpg-error.so.0.22.0 libgpg-error.so || { rm -f libgpg-error.so && ln -s libgpg-error.so.0.22.0 libgpg-error.so; }; })
libtool: install: /usr/bin/install -c .libs/libgpg-error.lai /usr/lib/libgpg-error.la
libtool: finish: PATH="/bin:/usr/bin:/sbin:/usr/sbin:/sbin" ldconfig -n /usr/lib
----------------------------------------------------------------------
Libraries have been installed in:
   /usr/lib

If you ever happen to want to link against installed libraries
in a given directory, LIBDIR, you must either use libtool, and
specify the full pathname of the library, or use the `-LLIBDIR'
flag during linking and do at least one of the following:
   - add LIBDIR to the `LD_LIBRARY_PATH' environment variable
     during execution
   - add LIBDIR to the `LD_RUN_PATH' environment variable
     during linking
   - use the `-Wl,-rpath -Wl,LIBDIR' linker flag
   - have your system administrator add LIBDIR to `/etc/ld.so.conf'

See any operating system documentation about shared libraries for
more information, such as the ld(1) and ld.so(8) manual pages.
----------------------------------------------------------------------
 /bin/mkdir -p '/usr/bin'
  /bin/sh ../libtool   --mode=install /usr/bin/install -c gpg-error '/usr/bin'
libtool: install: /usr/bin/install -c .libs/gpg-error /usr/bin/gpg-error
 /bin/mkdir -p '/usr/bin'
 /usr/bin/install -c gpg-error-config '/usr/bin'
 /bin/mkdir -p '/usr/share/aclocal'
 /usr/bin/install -c -m 644 ../../src/gpg-error.m4 '/usr/share/aclocal'
 /bin/mkdir -p '/usr/include'
 /usr/bin/install -c -m 644 gpg-error.h gpgrt.h '/usr/include'
make[3]: Leaving directory '/lfskernel/sources/boot/libgpg-error-1.27/build/src'
make[2]: Leaving directory '/lfskernel/sources/boot/libgpg-error-1.27/build/src'
make[1]: Leaving directory '/lfskernel/sources/boot/libgpg-error-1.27/build/src'
Making install in doc
make[1]: Entering directory '/lfskernel/sources/boot/libgpg-error-1.27/build/doc'
make[2]: Entering directory '/lfskernel/sources/boot/libgpg-error-1.27/build/doc'
make[2]: Nothing to be done for 'install-exec-am'.
sed '/^##/ d' ../../doc/errorref.txt >errorref.txt.x
echo "# Installed by libgpg-error 1.27" >>errorref.txt.x
/bin/sh /lfskernel/sources/boot/libgpg-error-1.27/build-aux/install-sh -d /usr/share/libgpg-error
/usr/bin/install -c -m 644 errorref.txt.x /usr/share/libgpg-error/errorref.txt
 /bin/mkdir -p '/usr/share/info'
 /usr/bin/install -c -m 644 ../../doc/gpgrt.info '/usr/share/info'
 install-info --info-dir='/usr/share/info' '/usr/share/info/gpgrt.info'
 /bin/mkdir -p '/usr/share/man/man1'
 /usr/bin/install -c -m 644 gpg-error-config.1 '/usr/share/man/man1'
make[2]: Leaving directory '/lfskernel/sources/boot/libgpg-error-1.27/build/doc'
make[1]: Leaving directory '/lfskernel/sources/boot/libgpg-error-1.27/build/doc'
Making install in tests
make[1]: Entering directory '/lfskernel/sources/boot/libgpg-error-1.27/build/tests'
make[2]: Entering directory '/lfskernel/sources/boot/libgpg-error-1.27/build/tests'
make[2]: Nothing to be done for 'install-exec-am'.
make[2]: Nothing to be done for 'install-data-am'.
make[2]: Leaving directory '/lfskernel/sources/boot/libgpg-error-1.27/build/tests'
make[1]: Leaving directory '/lfskernel/sources/boot/libgpg-error-1.27/build/tests'
Making install in po
make[1]: Entering directory '/lfskernel/sources/boot/libgpg-error-1.27/build/po'
installing ../../po/cs.gmo as /usr/share/locale/cs/LC_MESSAGES/libgpg-error.mo
installing ../../po/da.gmo as /usr/share/locale/da/LC_MESSAGES/libgpg-error.mo
installing ../../po/de.gmo as /usr/share/locale/de/LC_MESSAGES/libgpg-error.mo
installing ../../po/eo.gmo as /usr/share/locale/eo/LC_MESSAGES/libgpg-error.mo
installing ../../po/fr.gmo as /usr/share/locale/fr/LC_MESSAGES/libgpg-error.mo
installing ../../po/hu.gmo as /usr/share/locale/hu/LC_MESSAGES/libgpg-error.mo
installing ../../po/it.gmo as /usr/share/locale/it/LC_MESSAGES/libgpg-error.mo
installing ../../po/ja.gmo as /usr/share/locale/ja/LC_MESSAGES/libgpg-error.mo
installing ../../po/nl.gmo as /usr/share/locale/nl/LC_MESSAGES/libgpg-error.mo
installing ../../po/pl.gmo as /usr/share/locale/pl/LC_MESSAGES/libgpg-error.mo
installing ../../po/pt.gmo as /usr/share/locale/pt/LC_MESSAGES/libgpg-error.mo
installing ../../po/ro.gmo as /usr/share/locale/ro/LC_MESSAGES/libgpg-error.mo
installing ../../po/ru.gmo as /usr/share/locale/ru/LC_MESSAGES/libgpg-error.mo
installing ../../po/sr.gmo as /usr/share/locale/sr/LC_MESSAGES/libgpg-error.mo
installing ../../po/sv.gmo as /usr/share/locale/sv/LC_MESSAGES/libgpg-error.mo
installing ../../po/uk.gmo as /usr/share/locale/uk/LC_MESSAGES/libgpg-error.mo
installing ../../po/vi.gmo as /usr/share/locale/vi/LC_MESSAGES/libgpg-error.mo
installing ../../po/zh_CN.gmo as /usr/share/locale/zh_CN/LC_MESSAGES/libgpg-error.mo
installing ../../po/zh_TW.gmo as /usr/share/locale/zh_TW/LC_MESSAGES/libgpg-error.mo
if test "libgpg-error" = "gettext-tools"; then \
  /bin/mkdir -p /usr/share/gettext/po; \
  for file in Makefile.in.in remove-potcdate.sin quot.sed boldquot.sed en@quot.header en@boldquot.header insert-header.sin Rules-quot   Makevars.template; do \
    /usr/bin/install -c -m 644 ../../po/$file \
		    /usr/share/gettext/po/$file; \
  done; \
  for file in Makevars; do \
    rm -f /usr/share/gettext/po/$file; \
  done; \
else \
  : ; \
fi
make[1]: Leaving directory '/lfskernel/sources/boot/libgpg-error-1.27/build/po'
Making install in lang
make[1]: Entering directory '/lfskernel/sources/boot/libgpg-error-1.27/build/lang'
Making install in cl
make[2]: Entering directory '/lfskernel/sources/boot/libgpg-error-1.27/build/lang/cl'
make[3]: Entering directory '/lfskernel/sources/boot/libgpg-error-1.27/build/lang/cl'
make[3]: Nothing to be done for 'install-exec-am'.
 /bin/mkdir -p '/usr/share/common-lisp/source/gpg-error'
 /usr/bin/install -c -m 644 gpg-error.asd ../../../lang/cl/gpg-error-package.lisp ../../../lang/cl/gpg-error.lisp '/usr/share/common-lisp/source/gpg-error'
 /bin/mkdir -p '/usr/share/common-lisp/source/gpg-error'
 /usr/bin/install -c -m 644 gpg-error-codes.lisp '/usr/share/common-lisp/source/gpg-error'
make[3]: Leaving directory '/lfskernel/sources/boot/libgpg-error-1.27/build/lang/cl'
make[2]: Leaving directory '/lfskernel/sources/boot/libgpg-error-1.27/build/lang/cl'
make[2]: Entering directory '/lfskernel/sources/boot/libgpg-error-1.27/build/lang'
make[3]: Entering directory '/lfskernel/sources/boot/libgpg-error-1.27/build/lang'
make[3]: Nothing to be done for 'install-exec-am'.
make[3]: Nothing to be done for 'install-data-am'.
make[3]: Leaving directory '/lfskernel/sources/boot/libgpg-error-1.27/build/lang'
make[2]: Leaving directory '/lfskernel/sources/boot/libgpg-error-1.27/build/lang'
make[1]: Leaving directory '/lfskernel/sources/boot/libgpg-error-1.27/build/lang'
make[1]: Entering directory '/lfskernel/sources/boot/libgpg-error-1.27/build'
make[2]: Entering directory '/lfskernel/sources/boot/libgpg-error-1.27/build'
make[2]: Nothing to be done for 'install-exec-am'.
make  install-data-hook
make[3]: Entering directory '/lfskernel/sources/boot/libgpg-error-1.27/build'
make[3]: Nothing to be done for 'install-data-hook'.
make[3]: Leaving directory '/lfskernel/sources/boot/libgpg-error-1.27/build'
make[2]: Leaving directory '/lfskernel/sources/boot/libgpg-error-1.27/build'
make[1]: Leaving directory '/lfskernel/sources/boot/libgpg-error-1.27/build'
