This file contains any messages produced by compilers while
running configure, to aid debugging if configure makes a mistake.

It was created by libtirpc configure 1.0.2, which was
generated by GNU Autoconf 2.69.  Invocation command line was

  $ ./configure --prefix=/usr --sysconfdir=/etc --disable-static --disable-gssapi

## --------- ##
## Platform. ##
## --------- ##

hostname = localhost.localdomain
uname -m = x86_64
uname -r = 3.10.0-693.11.1.el7.x86_64
uname -s = Linux
uname -v = #1 SMP Mon Dec 4 23:52:40 UTC 2017

/usr/bin/uname -p = unknown
/bin/uname -X     = unknown

/bin/arch              = x86_64
/usr/bin/arch -k       = unknown
/usr/convex/getsysinfo = unknown
/usr/bin/hostinfo      = unknown
/bin/machine           = unknown
/usr/bin/oslevel       = unknown
/bin/universe          = unknown

PATH: /bin
PATH: /usr/bin
PATH: /sbin
PATH: /usr/sbin


## ----------- ##
## Core tests. ##
## ----------- ##

configure:2269: checking for a BSD-compatible install
configure:2337: result: /usr/bin/install -c
configure:2348: checking whether build environment is sane
configure:2403: result: yes
configure:2554: checking for a thread-safe mkdir -p
configure:2593: result: /bin/mkdir -p
configure:2600: checking for gawk
configure:2616: found /usr/bin/gawk
configure:2627: result: gawk
configure:2638: checking whether make sets $(MAKE)
configure:2660: result: yes
configure:2689: checking whether make supports nested variables
configure:2706: result: yes
configure:2843: checking whether make supports nested variables
configure:2860: result: yes
configure:2921: checking for gcc
configure:2937: found /usr/bin/gcc
configure:2948: result: gcc
configure:3177: checking for C compiler version
configure:3186: gcc --version >&5
gcc (GCC) 7.2.0
Copyright (C) 2017 Free Software Foundation, Inc.
This is free software; see the source for copying conditions.  There is NO
warranty; not even for MERCHANTABILITY or FITNESS FOR A PARTICULAR PURPOSE.

configure:3197: $? = 0
configure:3186: gcc -v >&5
Using built-in specs.
COLLECT_GCC=gcc
COLLECT_LTO_WRAPPER=/usr/libexec/gcc/x86_64-pc-linux-gnu/7.2.0/lto-wrapper
Target: x86_64-pc-linux-gnu
Configured with: ../configure --prefix=/usr --enable-languages=c,c++ --disable-multilib --disable-bootstrap --with-system-zlib
Thread model: posix
gcc version 7.2.0 (GCC) 
configure:3197: $? = 0
configure:3186: gcc -V >&5
gcc: error: unrecognized command line option '-V'
gcc: fatal error: no input files
compilation terminated.
configure:3197: $? = 1
configure:3186: gcc -qversion >&5
gcc: error: unrecognized command line option '-qversion'; did you mean '--version'?
gcc: fatal error: no input files
compilation terminated.
configure:3197: $? = 1
configure:3217: checking whether the C compiler works
configure:3239: gcc    conftest.c  >&5
configure:3243: $? = 0
configure:3291: result: yes
configure:3294: checking for C compiler default output file name
configure:3296: result: a.out
configure:3302: checking for suffix of executables
configure:3309: gcc -o conftest    conftest.c  >&5
configure:3313: $? = 0
configure:3335: result: 
configure:3357: checking whether we are cross compiling
configure:3365: gcc -o conftest    conftest.c  >&5
configure:3369: $? = 0
configure:3376: ./conftest
configure:3380: $? = 0
configure:3395: result: no
configure:3400: checking for suffix of object files
configure:3422: gcc -c   conftest.c >&5
configure:3426: $? = 0
configure:3447: result: o
configure:3451: checking whether we are using the GNU C compiler
configure:3470: gcc -c   conftest.c >&5
configure:3470: $? = 0
configure:3479: result: yes
configure:3488: checking whether gcc accepts -g
configure:3508: gcc -c -g  conftest.c >&5
configure:3508: $? = 0
configure:3549: result: yes
configure:3566: checking for gcc option to accept ISO C89
configure:3629: gcc  -c -g -O2  conftest.c >&5
configure:3629: $? = 0
configure:3642: result: none needed
configure:3667: checking whether gcc understands -c and -o together
configure:3689: gcc -c conftest.c -o conftest2.o
configure:3692: $? = 0
configure:3689: gcc -c conftest.c -o conftest2.o
configure:3692: $? = 0
configure:3704: result: yes
configure:3732: checking for style of include used by make
configure:3760: result: GNU
configure:3786: checking dependency style of gcc
configure:3897: result: gcc3
configure:3946: checking how to run the C preprocessor
configure:3977: gcc -E  conftest.c
configure:3977: $? = 0
configure:3991: gcc -E  conftest.c
conftest.c:11:10: fatal error: ac_nonexistent.h: No such file or directory
 #include <ac_nonexistent.h>
          ^~~~~~~~~~~~~~~~~~
compilation terminated.
configure:3991: $? = 1
configure: failed program was:
| /* confdefs.h */
| #define PACKAGE_NAME "libtirpc"
| #define PACKAGE_TARNAME "libtirpc"
| #define PACKAGE_VERSION "1.0.2"
| #define PACKAGE_STRING "libtirpc 1.0.2"
| #define PACKAGE_BUGREPORT ""
| #define PACKAGE_URL ""
| #define PACKAGE "libtirpc"
| #define VERSION "1.0.2"
| /* end confdefs.h.  */
| #include <ac_nonexistent.h>
configure:4016: result: gcc -E
configure:4036: gcc -E  conftest.c
configure:4036: $? = 0
configure:4050: gcc -E  conftest.c
conftest.c:11:10: fatal error: ac_nonexistent.h: No such file or directory
 #include <ac_nonexistent.h>
          ^~~~~~~~~~~~~~~~~~
compilation terminated.
configure:4050: $? = 1
configure: failed program was:
| /* confdefs.h */
| #define PACKAGE_NAME "libtirpc"
| #define PACKAGE_TARNAME "libtirpc"
| #define PACKAGE_VERSION "1.0.2"
| #define PACKAGE_STRING "libtirpc 1.0.2"
| #define PACKAGE_BUGREPORT ""
| #define PACKAGE_URL ""
| #define PACKAGE "libtirpc"
| #define VERSION "1.0.2"
| /* end confdefs.h.  */
| #include <ac_nonexistent.h>
configure:4079: checking for grep that handles long lines and -e
configure:4137: result: /usr/bin/grep
configure:4142: checking for egrep
configure:4204: result: /usr/bin/grep -E
configure:4209: checking for ANSI C header files
configure:4229: gcc -c -g -O2  conftest.c >&5
configure:4229: $? = 0
configure:4302: gcc -o conftest -g -O2   conftest.c  >&5
configure:4302: $? = 0
configure:4302: ./conftest
configure:4302: $? = 0
configure:4313: result: yes
configure:4326: checking for sys/types.h
configure:4326: gcc -c -g -O2  conftest.c >&5
configure:4326: $? = 0
configure:4326: result: yes
configure:4326: checking for sys/stat.h
configure:4326: gcc -c -g -O2  conftest.c >&5
configure:4326: $? = 0
configure:4326: result: yes
configure:4326: checking for stdlib.h
configure:4326: gcc -c -g -O2  conftest.c >&5
configure:4326: $? = 0
configure:4326: result: yes
configure:4326: checking for string.h
configure:4326: gcc -c -g -O2  conftest.c >&5
configure:4326: $? = 0
configure:4326: result: yes
configure:4326: checking for memory.h
configure:4326: gcc -c -g -O2  conftest.c >&5
configure:4326: $? = 0
configure:4326: result: yes
configure:4326: checking for strings.h
configure:4326: gcc -c -g -O2  conftest.c >&5
configure:4326: $? = 0
configure:4326: result: yes
configure:4326: checking for inttypes.h
configure:4326: gcc -c -g -O2  conftest.c >&5
configure:4326: $? = 0
configure:4326: result: yes
configure:4326: checking for stdint.h
configure:4326: gcc -c -g -O2  conftest.c >&5
configure:4326: $? = 0
configure:4326: result: yes
configure:4326: checking for unistd.h
configure:4326: gcc -c -g -O2  conftest.c >&5
configure:4326: $? = 0
configure:4326: result: yes
configure:4338: checking gssapi/gssapi.h usability
configure:4338: gcc -c -g -O2  conftest.c >&5
conftest.c:54:10: fatal error: gssapi/gssapi.h: No such file or directory
 #include <gssapi/gssapi.h>
          ^~~~~~~~~~~~~~~~~
compilation terminated.
configure:4338: $? = 1
configure: failed program was:
| /* confdefs.h */
| #define PACKAGE_NAME "libtirpc"
| #define PACKAGE_TARNAME "libtirpc"
| #define PACKAGE_VERSION "1.0.2"
| #define PACKAGE_STRING "libtirpc 1.0.2"
| #define PACKAGE_BUGREPORT ""
| #define PACKAGE_URL ""
| #define PACKAGE "libtirpc"
| #define VERSION "1.0.2"
| #define STDC_HEADERS 1
| #define HAVE_SYS_TYPES_H 1
| #define HAVE_SYS_STAT_H 1
| #define HAVE_STDLIB_H 1
| #define HAVE_STRING_H 1
| #define HAVE_MEMORY_H 1
| #define HAVE_STRINGS_H 1
| #define HAVE_INTTYPES_H 1
| #define HAVE_STDINT_H 1
| #define HAVE_UNISTD_H 1
| /* end confdefs.h.  */
| #include <stdio.h>
| #ifdef HAVE_SYS_TYPES_H
| # include <sys/types.h>
| #endif
| #ifdef HAVE_SYS_STAT_H
| # include <sys/stat.h>
| #endif
| #ifdef STDC_HEADERS
| # include <stdlib.h>
| # include <stddef.h>
| #else
| # ifdef HAVE_STDLIB_H
| #  include <stdlib.h>
| # endif
| #endif
| #ifdef HAVE_STRING_H
| # if !defined STDC_HEADERS && defined HAVE_MEMORY_H
| #  include <memory.h>
| # endif
| # include <string.h>
| #endif
| #ifdef HAVE_STRINGS_H
| # include <strings.h>
| #endif
| #ifdef HAVE_INTTYPES_H
| # include <inttypes.h>
| #endif
| #ifdef HAVE_STDINT_H
| # include <stdint.h>
| #endif
| #ifdef HAVE_UNISTD_H
| # include <unistd.h>
| #endif
| #include <gssapi/gssapi.h>
configure:4338: result: no
configure:4338: checking gssapi/gssapi.h presence
configure:4338: gcc -E  conftest.c
conftest.c:21:10: fatal error: gssapi/gssapi.h: No such file or directory
 #include <gssapi/gssapi.h>
          ^~~~~~~~~~~~~~~~~
compilation terminated.
configure:4338: $? = 1
configure: failed program was:
| /* confdefs.h */
| #define PACKAGE_NAME "libtirpc"
| #define PACKAGE_TARNAME "libtirpc"
| #define PACKAGE_VERSION "1.0.2"
| #define PACKAGE_STRING "libtirpc 1.0.2"
| #define PACKAGE_BUGREPORT ""
| #define PACKAGE_URL ""
| #define PACKAGE "libtirpc"
| #define VERSION "1.0.2"
| #define STDC_HEADERS 1
| #define HAVE_SYS_TYPES_H 1
| #define HAVE_SYS_STAT_H 1
| #define HAVE_STDLIB_H 1
| #define HAVE_STRING_H 1
| #define HAVE_MEMORY_H 1
| #define HAVE_STRINGS_H 1
| #define HAVE_INTTYPES_H 1
| #define HAVE_STDINT_H 1
| #define HAVE_UNISTD_H 1
| /* end confdefs.h.  */
| #include <gssapi/gssapi.h>
configure:4338: result: no
configure:4338: checking for gssapi/gssapi.h
configure:4338: result: no
configure:4509: checking build system type
configure:4523: result: x86_64-unknown-linux-gnu
configure:4584: checking host system type
configure:4597: result: x86_64-unknown-linux-gnu
configure:4638: checking how to print strings
configure:4665: result: printf
configure:4686: checking for a sed that does not truncate output
configure:4750: result: /bin/sed
configure:4768: checking for fgrep
configure:4830: result: /usr/bin/grep -F
configure:4865: checking for ld used by gcc
configure:4932: result: /usr/bin/ld
configure:4939: checking if the linker (/usr/bin/ld) is GNU ld
configure:4954: result: yes
configure:4966: checking for BSD- or MS-compatible name lister (nm)
configure:5020: result: /usr/bin/nm -B
configure:5150: checking the name lister (/usr/bin/nm -B) interface
configure:5157: gcc -c -g -O2  conftest.c >&5
configure:5160: /usr/bin/nm -B "conftest.o"
configure:5163: output
0000000000000000 B some_variable
configure:5170: result: BSD nm
configure:5173: checking whether ln -s works
configure:5177: result: yes
configure:5185: checking the maximum length of command line arguments
configure:5316: result: 1572864
configure:5364: checking how to convert x86_64-unknown-linux-gnu file names to x86_64-unknown-linux-gnu format
configure:5404: result: func_convert_file_noop
configure:5411: checking how to convert x86_64-unknown-linux-gnu file names to toolchain format
configure:5431: result: func_convert_file_noop
configure:5438: checking for /usr/bin/ld option to reload object files
configure:5445: result: -r
configure:5519: checking for objdump
configure:5535: found /usr/bin/objdump
configure:5546: result: objdump
configure:5578: checking how to recognize dependent libraries
configure:5778: result: pass_all
configure:5863: checking for dlltool
configure:5893: result: no
configure:5923: checking how to associate runtime and link libraries
configure:5950: result: printf %s\n
configure:6010: checking for ar
configure:6026: found /usr/bin/ar
configure:6037: result: ar
configure:6074: checking for archiver @FILE support
configure:6091: gcc -c -g -O2  conftest.c >&5
configure:6091: $? = 0
configure:6094: ar cru libconftest.a @conftest.lst >&5
configure:6097: $? = 0
configure:6102: ar cru libconftest.a @conftest.lst >&5
ar: conftest.o: No such file or directory
configure:6105: $? = 1
configure:6117: result: @
configure:6175: checking for strip
configure:6191: found /usr/bin/strip
configure:6202: result: strip
configure:6274: checking for ranlib
configure:6290: found /usr/bin/ranlib
configure:6301: result: ranlib
configure:6403: checking command to parse /usr/bin/nm -B output from gcc object
configure:6556: gcc -c -g -O2  conftest.c >&5
configure:6559: $? = 0
configure:6563: /usr/bin/nm -B conftest.o \| sed -n -e 's/^.*[ ]\([ABCDGIRSTW][ABCDGIRSTW]*\)[ ][ ]*\([_A-Za-z][_A-Za-z0-9]*\)$/\1 \2 \2/p' | sed '/ __gnu_lto/d' \> conftest.nm
configure:6566: $? = 0
configure:6632: gcc -o conftest -g -O2   conftest.c conftstm.o >&5
configure:6635: $? = 0
configure:6673: result: ok
configure:6720: checking for sysroot
configure:6750: result: no
configure:6757: checking for a working dd
configure:6795: result: /bin/dd
configure:6799: checking how to truncate binary pipes
configure:6814: result: /bin/dd bs=4096 count=1
configure:6950: gcc -c -g -O2  conftest.c >&5
configure:6953: $? = 0
configure:7143: checking for mt
configure:7159: found /bin/mt
configure:7170: result: mt
configure:7193: checking if mt is a manifest tool
configure:7199: mt '-?'
configure:7207: result: no
configure:7881: checking for dlfcn.h
configure:7881: gcc -c -g -O2  conftest.c >&5
configure:7881: $? = 0
configure:7881: result: yes
configure:8137: checking for objdir
configure:8152: result: .libs
configure:8412: checking if gcc supports -fno-rtti -fno-exceptions
configure:8430: gcc -c -g -O2  -fno-rtti -fno-exceptions conftest.c >&5
cc1: warning: command line option '-fno-rtti' is valid for C++/ObjC++ but not for C
configure:8434: $? = 0
configure:8447: result: no
configure:8805: checking for gcc option to produce PIC
configure:8812: result: -fPIC -DPIC
configure:8820: checking if gcc PIC flag -fPIC -DPIC works
configure:8838: gcc -c -g -O2  -fPIC -DPIC -DPIC conftest.c >&5
configure:8842: $? = 0
configure:8855: result: yes
configure:8884: checking if gcc static flag -static works
configure:8912: result: yes
configure:8927: checking if gcc supports -c -o file.o
configure:8948: gcc -c -g -O2  -o out/conftest2.o conftest.c >&5
configure:8952: $? = 0
configure:8974: result: yes
configure:8982: checking if gcc supports -c -o file.o
configure:9029: result: yes
configure:9062: checking whether the gcc linker (/usr/bin/ld -m elf_x86_64) supports shared libraries
configure:10321: result: yes
configure:10358: checking whether -lc should be explicitly linked in
configure:10366: gcc -c -g -O2  conftest.c >&5
configure:10369: $? = 0
configure:10384: gcc -shared  -fPIC -DPIC conftest.o  -v -Wl,-soname -Wl,conftest -o conftest 2\>\&1 \| /usr/bin/grep  -lc  \>/dev/null 2\>\&1
configure:10387: $? = 0
configure:10401: result: no
configure:10561: checking dynamic linker characteristics
configure:11142: gcc -o conftest -g -O2   -Wl,-rpath -Wl,/foo conftest.c  >&5
configure:11142: $? = 0
configure:11382: result: GNU/Linux ld.so
configure:11504: checking how to hardcode library paths into programs
configure:11529: result: immediate
configure:12077: checking whether stripping libraries is possible
configure:12082: result: yes
configure:12117: checking if libtool supports shared libraries
configure:12119: result: yes
configure:12122: checking whether to build shared libraries
configure:12147: result: yes
configure:12150: checking whether to build static libraries
configure:12154: result: no
configure:12194: checking for dirent.h that defines DIR
configure:12213: gcc -c -g -O2  conftest.c >&5
configure:12213: $? = 0
configure:12221: result: yes
configure:12234: checking for library containing opendir
configure:12265: gcc -o conftest -g -O2   conftest.c  >&5
configure:12265: $? = 0
configure:12282: result: none required
configure:12353: checking arpa/inet.h usability
configure:12353: gcc -c -g -O2  conftest.c >&5
configure:12353: $? = 0
configure:12353: result: yes
configure:12353: checking arpa/inet.h presence
configure:12353: gcc -E  conftest.c
configure:12353: $? = 0
configure:12353: result: yes
configure:12353: checking for arpa/inet.h
configure:12353: result: yes
configure:12353: checking fcntl.h usability
configure:12353: gcc -c -g -O2  conftest.c >&5
configure:12353: $? = 0
configure:12353: result: yes
configure:12353: checking fcntl.h presence
configure:12353: gcc -E  conftest.c
configure:12353: $? = 0
configure:12353: result: yes
configure:12353: checking for fcntl.h
configure:12353: result: yes
configure:12353: checking libintl.h usability
configure:12353: gcc -c -g -O2  conftest.c >&5
configure:12353: $? = 0
configure:12353: result: yes
configure:12353: checking libintl.h presence
configure:12353: gcc -E  conftest.c
configure:12353: $? = 0
configure:12353: result: yes
configure:12353: checking for libintl.h
configure:12353: result: yes
configure:12353: checking limits.h usability
configure:12353: gcc -c -g -O2  conftest.c >&5
configure:12353: $? = 0
configure:12353: result: yes
configure:12353: checking limits.h presence
configure:12353: gcc -E  conftest.c
configure:12353: $? = 0
configure:12353: result: yes
configure:12353: checking for limits.h
configure:12353: result: yes
configure:12353: checking locale.h usability
configure:12353: gcc -c -g -O2  conftest.c >&5
configure:12353: $? = 0
configure:12353: result: yes
configure:12353: checking locale.h presence
configure:12353: gcc -E  conftest.c
configure:12353: $? = 0
configure:12353: result: yes
configure:12353: checking for locale.h
configure:12353: result: yes
configure:12353: checking netdb.h usability
configure:12353: gcc -c -g -O2  conftest.c >&5
configure:12353: $? = 0
configure:12353: result: yes
configure:12353: checking netdb.h presence
configure:12353: gcc -E  conftest.c
configure:12353: $? = 0
configure:12353: result: yes
configure:12353: checking for netdb.h
configure:12353: result: yes
configure:12353: checking netinet/in.h usability
configure:12353: gcc -c -g -O2  conftest.c >&5
configure:12353: $? = 0
configure:12353: result: yes
configure:12353: checking netinet/in.h presence
configure:12353: gcc -E  conftest.c
configure:12353: $? = 0
configure:12353: result: yes
configure:12353: checking for netinet/in.h
configure:12353: result: yes
configure:12353: checking stddef.h usability
configure:12353: gcc -c -g -O2  conftest.c >&5
configure:12353: $? = 0
configure:12353: result: yes
configure:12353: checking stddef.h presence
configure:12353: gcc -E  conftest.c
configure:12353: $? = 0
configure:12353: result: yes
configure:12353: checking for stddef.h
configure:12353: result: yes
configure:12353: checking for stdint.h
configure:12353: result: yes
configure:12353: checking for stdlib.h
configure:12353: result: yes
configure:12353: checking for string.h
configure:12353: result: yes
configure:12353: checking sys/ioctl.h usability
configure:12353: gcc -c -g -O2  conftest.c >&5
configure:12353: $? = 0
configure:12353: result: yes
configure:12353: checking sys/ioctl.h presence
configure:12353: gcc -E  conftest.c
configure:12353: $? = 0
configure:12353: result: yes
configure:12353: checking for sys/ioctl.h
configure:12353: result: yes
configure:12353: checking sys/param.h usability
configure:12353: gcc -c -g -O2  conftest.c >&5
configure:12353: $? = 0
configure:12353: result: yes
configure:12353: checking sys/param.h presence
configure:12353: gcc -E  conftest.c
configure:12353: $? = 0
configure:12353: result: yes
configure:12353: checking for sys/param.h
configure:12353: result: yes
configure:12353: checking sys/socket.h usability
configure:12353: gcc -c -g -O2  conftest.c >&5
configure:12353: $? = 0
configure:12353: result: yes
configure:12353: checking sys/socket.h presence
configure:12353: gcc -E  conftest.c
configure:12353: $? = 0
configure:12353: result: yes
configure:12353: checking for sys/socket.h
configure:12353: result: yes
configure:12353: checking sys/time.h usability
configure:12353: gcc -c -g -O2  conftest.c >&5
configure:12353: $? = 0
configure:12353: result: yes
configure:12353: checking sys/time.h presence
configure:12353: gcc -E  conftest.c
configure:12353: $? = 0
configure:12353: result: yes
configure:12353: checking for sys/time.h
configure:12353: result: yes
configure:12353: checking syslog.h usability
configure:12353: gcc -c -g -O2  conftest.c >&5
configure:12353: $? = 0
configure:12353: result: yes
configure:12353: checking syslog.h presence
configure:12353: gcc -E  conftest.c
configure:12353: $? = 0
configure:12353: result: yes
configure:12353: checking for syslog.h
configure:12353: result: yes
configure:12353: checking for unistd.h
configure:12353: result: yes
configure:12353: checking features.h usability
configure:12353: gcc -c -g -O2  conftest.c >&5
configure:12353: $? = 0
configure:12353: result: yes
configure:12353: checking features.h presence
configure:12353: gcc -E  conftest.c
configure:12353: $? = 0
configure:12353: result: yes
configure:12353: checking for features.h
configure:12353: result: yes
configure:12353: checking gssapi/gssapi_ext.h usability
configure:12353: gcc -c -g -O2  conftest.c >&5
conftest.c:76:10: fatal error: gssapi/gssapi_ext.h: No such file or directory
 #include <gssapi/gssapi_ext.h>
          ^~~~~~~~~~~~~~~~~~~~~
compilation terminated.
configure:12353: $? = 1
configure: failed program was:
| /* confdefs.h */
| #define PACKAGE_NAME "libtirpc"
| #define PACKAGE_TARNAME "libtirpc"
| #define PACKAGE_VERSION "1.0.2"
| #define PACKAGE_STRING "libtirpc 1.0.2"
| #define PACKAGE_BUGREPORT ""
| #define PACKAGE_URL ""
| #define PACKAGE "libtirpc"
| #define VERSION "1.0.2"
| #define STDC_HEADERS 1
| #define HAVE_SYS_TYPES_H 1
| #define HAVE_SYS_STAT_H 1
| #define HAVE_STDLIB_H 1
| #define HAVE_STRING_H 1
| #define HAVE_MEMORY_H 1
| #define HAVE_STRINGS_H 1
| #define HAVE_INTTYPES_H 1
| #define HAVE_STDINT_H 1
| #define HAVE_UNISTD_H 1
| #define INET6 1
| #define HAVE_DLFCN_H 1
| #define LT_OBJDIR ".libs/"
| #define HAVE_DIRENT_H 1
| #define HAVE_ARPA_INET_H 1
| #define HAVE_FCNTL_H 1
| #define HAVE_LIBINTL_H 1
| #define HAVE_LIMITS_H 1
| #define HAVE_LOCALE_H 1
| #define HAVE_NETDB_H 1
| #define HAVE_NETINET_IN_H 1
| #define HAVE_STDDEF_H 1
| #define HAVE_STDINT_H 1
| #define HAVE_STDLIB_H 1
| #define HAVE_STRING_H 1
| #define HAVE_SYS_IOCTL_H 1
| #define HAVE_SYS_PARAM_H 1
| #define HAVE_SYS_SOCKET_H 1
| #define HAVE_SYS_TIME_H 1
| #define HAVE_SYSLOG_H 1
| #define HAVE_UNISTD_H 1
| #define HAVE_FEATURES_H 1
| /* end confdefs.h.  */
| #include <stdio.h>
| #ifdef HAVE_SYS_TYPES_H
| # include <sys/types.h>
| #endif
| #ifdef HAVE_SYS_STAT_H
| # include <sys/stat.h>
| #endif
| #ifdef STDC_HEADERS
| # include <stdlib.h>
| # include <stddef.h>
| #else
| # ifdef HAVE_STDLIB_H
| #  include <stdlib.h>
| # endif
| #endif
| #ifdef HAVE_STRING_H
| # if !defined STDC_HEADERS && defined HAVE_MEMORY_H
| #  include <memory.h>
| # endif
| # include <string.h>
| #endif
| #ifdef HAVE_STRINGS_H
| # include <strings.h>
| #endif
| #ifdef HAVE_INTTYPES_H
| # include <inttypes.h>
| #endif
| #ifdef HAVE_STDINT_H
| # include <stdint.h>
| #endif
| #ifdef HAVE_UNISTD_H
| # include <unistd.h>
| #endif
| #include <gssapi/gssapi_ext.h>
configure:12353: result: no
configure:12353: checking gssapi/gssapi_ext.h presence
configure:12353: gcc -E  conftest.c
conftest.c:43:10: fatal error: gssapi/gssapi_ext.h: No such file or directory
 #include <gssapi/gssapi_ext.h>
          ^~~~~~~~~~~~~~~~~~~~~
compilation terminated.
configure:12353: $? = 1
configure: failed program was:
| /* confdefs.h */
| #define PACKAGE_NAME "libtirpc"
| #define PACKAGE_TARNAME "libtirpc"
| #define PACKAGE_VERSION "1.0.2"
| #define PACKAGE_STRING "libtirpc 1.0.2"
| #define PACKAGE_BUGREPORT ""
| #define PACKAGE_URL ""
| #define PACKAGE "libtirpc"
| #define VERSION "1.0.2"
| #define STDC_HEADERS 1
| #define HAVE_SYS_TYPES_H 1
| #define HAVE_SYS_STAT_H 1
| #define HAVE_STDLIB_H 1
| #define HAVE_STRING_H 1
| #define HAVE_MEMORY_H 1
| #define HAVE_STRINGS_H 1
| #define HAVE_INTTYPES_H 1
| #define HAVE_STDINT_H 1
| #define HAVE_UNISTD_H 1
| #define INET6 1
| #define HAVE_DLFCN_H 1
| #define LT_OBJDIR ".libs/"
| #define HAVE_DIRENT_H 1
| #define HAVE_ARPA_INET_H 1
| #define HAVE_FCNTL_H 1
| #define HAVE_LIBINTL_H 1
| #define HAVE_LIMITS_H 1
| #define HAVE_LOCALE_H 1
| #define HAVE_NETDB_H 1
| #define HAVE_NETINET_IN_H 1
| #define HAVE_STDDEF_H 1
| #define HAVE_STDINT_H 1
| #define HAVE_STDLIB_H 1
| #define HAVE_STRING_H 1
| #define HAVE_SYS_IOCTL_H 1
| #define HAVE_SYS_PARAM_H 1
| #define HAVE_SYS_SOCKET_H 1
| #define HAVE_SYS_TIME_H 1
| #define HAVE_SYSLOG_H 1
| #define HAVE_UNISTD_H 1
| #define HAVE_FEATURES_H 1
| /* end confdefs.h.  */
| #include <gssapi/gssapi_ext.h>
configure:12353: result: no
configure:12353: checking for gssapi/gssapi_ext.h
configure:12353: result: no
configure:12363: checking for pthread_create in -lpthread
configure:12388: gcc -o conftest -g -O2   conftest.c -lpthread   >&5
configure:12388: $? = 0
configure:12397: result: yes
configure:12411: checking for getrpcbyname
configure:12411: gcc -o conftest -g -O2   conftest.c -lpthread  >&5
configure:12411: $? = 0
configure:12411: result: yes
configure:12411: checking for getrpcbynumber
configure:12411: gcc -o conftest -g -O2   conftest.c -lpthread  >&5
configure:12411: $? = 0
configure:12411: result: yes
configure:12411: checking for setrpcent
configure:12411: gcc -o conftest -g -O2   conftest.c -lpthread  >&5
configure:12411: $? = 0
configure:12411: result: yes
configure:12411: checking for endrpcent
configure:12411: gcc -o conftest -g -O2   conftest.c -lpthread  >&5
configure:12411: $? = 0
configure:12411: result: yes
configure:12411: checking for getrpcent
configure:12411: gcc -o conftest -g -O2   conftest.c -lpthread  >&5
configure:12411: $? = 0
configure:12411: result: yes
configure:12534: checking that generated files are newer than configure
configure:12540: result: done
configure:12575: creating ./config.status

## ---------------------- ##
## Running config.status. ##
## ---------------------- ##

This file was extended by libtirpc config.status 1.0.2, which was
generated by GNU Autoconf 2.69.  Invocation command line was

  CONFIG_FILES    = 
  CONFIG_HEADERS  = 
  CONFIG_LINKS    = 
  CONFIG_COMMANDS = 
  $ ./config.status 

on localhost.localdomain

config.status:1124: creating Makefile
config.status:1124: creating src/Makefile
config.status:1124: creating man/Makefile
config.status:1124: creating doc/Makefile
config.status:1124: creating libtirpc.pc
config.status:1124: creating config.h
config.status:1353: executing depfiles commands
config.status:1353: executing libtool commands

## ---------------- ##
## Cache variables. ##
## ---------------- ##

ac_cv_build=x86_64-unknown-linux-gnu
ac_cv_c_compiler_gnu=yes
ac_cv_env_CC_set=
ac_cv_env_CC_value=
ac_cv_env_CFLAGS_set=
ac_cv_env_CFLAGS_value=
ac_cv_env_CPPFLAGS_set=
ac_cv_env_CPPFLAGS_value=
ac_cv_env_CPP_set=
ac_cv_env_CPP_value=
ac_cv_env_LDFLAGS_set=
ac_cv_env_LDFLAGS_value=
ac_cv_env_LIBS_set=
ac_cv_env_LIBS_value=
ac_cv_env_LT_SYS_LIBRARY_PATH_set=
ac_cv_env_LT_SYS_LIBRARY_PATH_value=
ac_cv_env_build_alias_set=
ac_cv_env_build_alias_value=
ac_cv_env_host_alias_set=
ac_cv_env_host_alias_value=
ac_cv_env_target_alias_set=
ac_cv_env_target_alias_value=
ac_cv_func_endrpcent=yes
ac_cv_func_getrpcbyname=yes
ac_cv_func_getrpcbynumber=yes
ac_cv_func_getrpcent=yes
ac_cv_func_setrpcent=yes
ac_cv_header_arpa_inet_h=yes
ac_cv_header_dirent_dirent_h=yes
ac_cv_header_dlfcn_h=yes
ac_cv_header_fcntl_h=yes
ac_cv_header_features_h=yes
ac_cv_header_gssapi_gssapi_ext_h=no
ac_cv_header_gssapi_gssapi_h=no
ac_cv_header_inttypes_h=yes
ac_cv_header_libintl_h=yes
ac_cv_header_limits_h=yes
ac_cv_header_locale_h=yes
ac_cv_header_memory_h=yes
ac_cv_header_netdb_h=yes
ac_cv_header_netinet_in_h=yes
ac_cv_header_stdc=yes
ac_cv_header_stddef_h=yes
ac_cv_header_stdint_h=yes
ac_cv_header_stdlib_h=yes
ac_cv_header_string_h=yes
ac_cv_header_strings_h=yes
ac_cv_header_sys_ioctl_h=yes
ac_cv_header_sys_param_h=yes
ac_cv_header_sys_socket_h=yes
ac_cv_header_sys_stat_h=yes
ac_cv_header_sys_time_h=yes
ac_cv_header_sys_types_h=yes
ac_cv_header_syslog_h=yes
ac_cv_header_unistd_h=yes
ac_cv_host=x86_64-unknown-linux-gnu
ac_cv_lib_pthread_pthread_create=yes
ac_cv_objext=o
ac_cv_path_EGREP='/usr/bin/grep -E'
ac_cv_path_FGREP='/usr/bin/grep -F'
ac_cv_path_GREP=/usr/bin/grep
ac_cv_path_SED=/bin/sed
ac_cv_path_install='/usr/bin/install -c'
ac_cv_path_lt_DD=/bin/dd
ac_cv_path_mkdir=/bin/mkdir
ac_cv_prog_AWK=gawk
ac_cv_prog_CPP='gcc -E'
ac_cv_prog_ac_ct_AR=ar
ac_cv_prog_ac_ct_CC=gcc
ac_cv_prog_ac_ct_MANIFEST_TOOL=mt
ac_cv_prog_ac_ct_OBJDUMP=objdump
ac_cv_prog_ac_ct_RANLIB=ranlib
ac_cv_prog_ac_ct_STRIP=strip
ac_cv_prog_cc_c89=
ac_cv_prog_cc_g=yes
ac_cv_prog_make_make_set=yes
ac_cv_search_opendir='none required'
am_cv_CC_dependencies_compiler_type=gcc3
am_cv_make_support_nested_variables=yes
am_cv_prog_cc_c_o=yes
lt_cv_ar_at_file=@
lt_cv_archive_cmds_need_lc=no
lt_cv_deplibs_check_method=pass_all
lt_cv_file_magic_cmd='$MAGIC_CMD'
lt_cv_file_magic_test_file=
lt_cv_ld_reload_flag=-r
lt_cv_nm_interface='BSD nm'
lt_cv_objdir=.libs
lt_cv_path_LD=/usr/bin/ld
lt_cv_path_NM='/usr/bin/nm -B'
lt_cv_path_mainfest_tool=no
lt_cv_prog_compiler_c_o=yes
lt_cv_prog_compiler_pic='-fPIC -DPIC'
lt_cv_prog_compiler_pic_works=yes
lt_cv_prog_compiler_rtti_exceptions=no
lt_cv_prog_compiler_static_works=yes
lt_cv_prog_gnu_ld=yes
lt_cv_sharedlib_from_linklib_cmd='printf %s\n'
lt_cv_shlibpath_overrides_runpath=no
lt_cv_sys_global_symbol_pipe='sed -n -e '\''s/^.*[	 ]\([ABCDGIRSTW][ABCDGIRSTW]*\)[	 ][	 ]*\([_A-Za-z][_A-Za-z0-9]*\)$/\1 \2 \2/p'\'' | sed '\''/ __gnu_lto/d'\'''
lt_cv_sys_global_symbol_to_c_name_address='sed -n -e '\''s/^: \(.*\) .*$/  {"\1", (void *) 0},/p'\'' -e '\''s/^[ABCDGIRSTW][ABCDGIRSTW]* .* \(.*\)$/  {"\1", (void *) \&\1},/p'\'''
lt_cv_sys_global_symbol_to_c_name_address_lib_prefix='sed -n -e '\''s/^: \(.*\) .*$/  {"\1", (void *) 0},/p'\'' -e '\''s/^[ABCDGIRSTW][ABCDGIRSTW]* .* \(lib.*\)$/  {"\1", (void *) \&\1},/p'\'' -e '\''s/^[ABCDGIRSTW][ABCDGIRSTW]* .* \(.*\)$/  {"lib\1", (void *) \&\1},/p'\'''
lt_cv_sys_global_symbol_to_cdecl='sed -n -e '\''s/^T .* \(.*\)$/extern int \1();/p'\'' -e '\''s/^[ABCDGIRSTW][ABCDGIRSTW]* .* \(.*\)$/extern char \1;/p'\'''
lt_cv_sys_global_symbol_to_import=
lt_cv_sys_max_cmd_len=1572864
lt_cv_to_host_file_cmd=func_convert_file_noop
lt_cv_to_tool_file_cmd=func_convert_file_noop
lt_cv_truncate_bin='/bin/dd bs=4096 count=1'

## ----------------- ##
## Output variables. ##
## ----------------- ##

ACLOCAL='${SHELL} /lfskernel/sources/boot/libtirpc-1.0.2/missing aclocal-1.15'
AMDEPBACKSLASH='\'
AMDEP_FALSE='#'
AMDEP_TRUE=''
AMTAR='$${TAR-tar}'
AM_BACKSLASH='\'
AM_DEFAULT_V='$(AM_DEFAULT_VERBOSITY)'
AM_DEFAULT_VERBOSITY='0'
AM_V='$(V)'
AR='ar'
AUTOCONF='${SHELL} /lfskernel/sources/boot/libtirpc-1.0.2/missing autoconf'
AUTOHEADER='${SHELL} /lfskernel/sources/boot/libtirpc-1.0.2/missing autoheader'
AUTOMAKE='${SHELL} /lfskernel/sources/boot/libtirpc-1.0.2/missing automake-1.15'
AWK='gawk'
CC='gcc'
CCDEPMODE='depmode=gcc3'
CFLAGS='-g -O2'
CPP='gcc -E'
CPPFLAGS=''
CYGPATH_W='echo'
DEFS='-DHAVE_CONFIG_H'
DEPDIR='.deps'
DLLTOOL='false'
DSYMUTIL=''
DUMPBIN=''
ECHO_C=''
ECHO_N='-n'
ECHO_T=''
EGREP='/usr/bin/grep -E'
EXEEXT=''
FGREP='/usr/bin/grep -F'
GREP='/usr/bin/grep'
GSSAPI_CFLAGS=''
GSSAPI_LIBS=''
GSS_FALSE=''
GSS_TRUE='#'
INET6_FALSE='#'
INET6_TRUE=''
INSTALL_DATA='${INSTALL} -m 644'
INSTALL_PROGRAM='${INSTALL}'
INSTALL_SCRIPT='${INSTALL}'
INSTALL_STRIP_PROGRAM='$(install_sh) -c -s'
KRB5_CONFIG=''
LD='/usr/bin/ld -m elf_x86_64'
LDFLAGS=''
LDFLAG_NOUNDEFINED='-Wl,--no-undefined'
LIBOBJS=''
LIBS='-lpthread '
LIBTOOL='$(SHELL) $(top_builddir)/libtool'
LIPO=''
LN_S='ln -s'
LTLIBOBJS=''
LT_SYS_LIBRARY_PATH=''
LT_VERSION_INFO='3:0:0'
MAKEINFO='${SHELL} /lfskernel/sources/boot/libtirpc-1.0.2/missing makeinfo'
MANIFEST_TOOL=':'
MKDIR_P='/bin/mkdir -p'
NM='/usr/bin/nm -B'
NMEDIT=''
OBJDUMP='objdump'
OBJEXT='o'
OTOOL64=''
OTOOL=''
PACKAGE='libtirpc'
PACKAGE_BUGREPORT=''
PACKAGE_NAME='libtirpc'
PACKAGE_STRING='libtirpc 1.0.2'
PACKAGE_TARNAME='libtirpc'
PACKAGE_URL=''
PACKAGE_VERSION='1.0.2'
PATH_SEPARATOR=':'
RANLIB='ranlib'
SED='/bin/sed'
SET_MAKE=''
SHELL='/bin/sh'
STRIP='strip'
SYMVERS_FALSE='#'
SYMVERS_TRUE=''
VERSION='1.0.2'
ac_ct_AR='ar'
ac_ct_CC='gcc'
ac_ct_DUMPBIN=''
am__EXEEXT_FALSE=''
am__EXEEXT_TRUE='#'
am__fastdepCC_FALSE='#'
am__fastdepCC_TRUE=''
am__include='include'
am__isrc=''
am__leading_dot='.'
am__nodep='_no'
am__quote=''
am__tar='$${TAR-tar} chof - "$$tardir"'
am__untar='$${TAR-tar} xf -'
bindir='${exec_prefix}/bin'
build='x86_64-unknown-linux-gnu'
build_alias=''
build_cpu='x86_64'
build_os='linux-gnu'
build_vendor='unknown'
datadir='${datarootdir}'
datarootdir='${prefix}/share'
docdir='${datarootdir}/doc/${PACKAGE_TARNAME}'
dvidir='${docdir}'
exec_prefix='${prefix}'
host='x86_64-unknown-linux-gnu'
host_alias=''
host_cpu='x86_64'
host_os='linux-gnu'
host_vendor='unknown'
htmldir='${docdir}'
includedir='${prefix}/include'
infodir='${datarootdir}/info'
install_sh='${SHELL} /lfskernel/sources/boot/libtirpc-1.0.2/install-sh'
libdir='${exec_prefix}/lib'
libexecdir='${exec_prefix}/libexec'
localedir='${datarootdir}/locale'
localstatedir='${prefix}/var'
mandir='${datarootdir}/man'
mkdir_p='$(MKDIR_P)'
oldincludedir='/usr/include'
pdfdir='${docdir}'
prefix='/usr'
program_transform_name='s,x,x,'
psdir='${docdir}'
sbindir='${exec_prefix}/sbin'
sharedstatedir='${prefix}/com'
sysconfdir='/etc'
target_alias=''

## ----------- ##
## confdefs.h. ##
## ----------- ##

/* confdefs.h */
#define PACKAGE_NAME "libtirpc"
#define PACKAGE_TARNAME "libtirpc"
#define PACKAGE_VERSION "1.0.2"
#define PACKAGE_STRING "libtirpc 1.0.2"
#define PACKAGE_BUGREPORT ""
#define PACKAGE_URL ""
#define PACKAGE "libtirpc"
#define VERSION "1.0.2"
#define STDC_HEADERS 1
#define HAVE_SYS_TYPES_H 1
#define HAVE_SYS_STAT_H 1
#define HAVE_STDLIB_H 1
#define HAVE_STRING_H 1
#define HAVE_MEMORY_H 1
#define HAVE_STRINGS_H 1
#define HAVE_INTTYPES_H 1
#define HAVE_STDINT_H 1
#define HAVE_UNISTD_H 1
#define INET6 1
#define HAVE_DLFCN_H 1
#define LT_OBJDIR ".libs/"
#define HAVE_DIRENT_H 1
#define HAVE_ARPA_INET_H 1
#define HAVE_FCNTL_H 1
#define HAVE_LIBINTL_H 1
#define HAVE_LIMITS_H 1
#define HAVE_LOCALE_H 1
#define HAVE_NETDB_H 1
#define HAVE_NETINET_IN_H 1
#define HAVE_STDDEF_H 1
#define HAVE_STDINT_H 1
#define HAVE_STDLIB_H 1
#define HAVE_STRING_H 1
#define HAVE_SYS_IOCTL_H 1
#define HAVE_SYS_PARAM_H 1
#define HAVE_SYS_SOCKET_H 1
#define HAVE_SYS_TIME_H 1
#define HAVE_SYSLOG_H 1
#define HAVE_UNISTD_H 1
#define HAVE_FEATURES_H 1
#define HAVE_LIBPTHREAD 1
#define HAVE_GETRPCBYNAME 1
#define HAVE_GETRPCBYNUMBER 1
#define HAVE_SETRPCENT 1
#define HAVE_ENDRPCENT 1
#define HAVE_GETRPCENT 1

configure: exit 0
