make: Entering directory '/lfskernel/sources/boot/libuv-1.19.1/out'
  CC(target) /lfskernel/sources/boot/libuv-1.19.1/out/Release/obj.target/libuv/src/fs-poll.o
  CC(target) /lfskernel/sources/boot/libuv-1.19.1/out/Release/obj.target/libuv/src/inet.o
  CC(target) /lfskernel/sources/boot/libuv-1.19.1/out/Release/obj.target/libuv/src/threadpool.o
  CC(target) /lfskernel/sources/boot/libuv-1.19.1/out/Release/obj.target/libuv/src/uv-data-getter-setters.o
  CC(target) /lfskernel/sources/boot/libuv-1.19.1/out/Release/obj.target/libuv/src/uv-common.o
  CC(target) /lfskernel/sources/boot/libuv-1.19.1/out/Release/obj.target/libuv/src/version.o
  CC(target) /lfskernel/sources/boot/libuv-1.19.1/out/Release/obj.target/libuv/src/unix/async.o
  CC(target) /lfskernel/sources/boot/libuv-1.19.1/out/Release/obj.target/libuv/src/unix/core.o
  CC(target) /lfskernel/sources/boot/libuv-1.19.1/out/Release/obj.target/libuv/src/unix/dl.o
  CC(target) /lfskernel/sources/boot/libuv-1.19.1/out/Release/obj.target/libuv/src/unix/fs.o
  CC(target) /lfskernel/sources/boot/libuv-1.19.1/out/Release/obj.target/libuv/src/unix/getaddrinfo.o
  CC(target) /lfskernel/sources/boot/libuv-1.19.1/out/Release/obj.target/libuv/src/unix/getnameinfo.o
  CC(target) /lfskernel/sources/boot/libuv-1.19.1/out/Release/obj.target/libuv/src/unix/loop.o
  CC(target) /lfskernel/sources/boot/libuv-1.19.1/out/Release/obj.target/libuv/src/unix/loop-watcher.o
  CC(target) /lfskernel/sources/boot/libuv-1.19.1/out/Release/obj.target/libuv/src/unix/pipe.o
  CC(target) /lfskernel/sources/boot/libuv-1.19.1/out/Release/obj.target/libuv/src/unix/poll.o
  CC(target) /lfskernel/sources/boot/libuv-1.19.1/out/Release/obj.target/libuv/src/unix/process.o
  CC(target) /lfskernel/sources/boot/libuv-1.19.1/out/Release/obj.target/libuv/src/unix/signal.o
../src/unix/signal.c: In function 'uv__signal_stop':
../src/unix/signal.c:533:7: warning: variable 'ret' set but not used [-Wunused-but-set-variable]
   int ret;
       ^~~
  CC(target) /lfskernel/sources/boot/libuv-1.19.1/out/Release/obj.target/libuv/src/unix/stream.o
  CC(target) /lfskernel/sources/boot/libuv-1.19.1/out/Release/obj.target/libuv/src/unix/tcp.o
  CC(target) /lfskernel/sources/boot/libuv-1.19.1/out/Release/obj.target/libuv/src/unix/thread.o
  CC(target) /lfskernel/sources/boot/libuv-1.19.1/out/Release/obj.target/libuv/src/unix/timer.o
  CC(target) /lfskernel/sources/boot/libuv-1.19.1/out/Release/obj.target/libuv/src/unix/tty.o
  CC(target) /lfskernel/sources/boot/libuv-1.19.1/out/Release/obj.target/libuv/src/unix/udp.o
  CC(target) /lfskernel/sources/boot/libuv-1.19.1/out/Release/obj.target/libuv/src/unix/proctitle.o
  CC(target) /lfskernel/sources/boot/libuv-1.19.1/out/Release/obj.target/libuv/src/unix/linux-core.o
  CC(target) /lfskernel/sources/boot/libuv-1.19.1/out/Release/obj.target/libuv/src/unix/linux-inotify.o
  CC(target) /lfskernel/sources/boot/libuv-1.19.1/out/Release/obj.target/libuv/src/unix/linux-syscalls.o
  CC(target) /lfskernel/sources/boot/libuv-1.19.1/out/Release/obj.target/libuv/src/unix/procfs-exepath.o
  CC(target) /lfskernel/sources/boot/libuv-1.19.1/out/Release/obj.target/libuv/src/unix/sysinfo-loadavg.o
  CC(target) /lfskernel/sources/boot/libuv-1.19.1/out/Release/obj.target/libuv/src/unix/sysinfo-memory.o
  SOLINK(target) /lfskernel/sources/boot/libuv-1.19.1/out/Release/obj.target/libuv.so.1
  COPY /lfskernel/sources/boot/libuv-1.19.1/out/Release/lib.target/libuv.so.1
  CC(target) /lfskernel/sources/boot/libuv-1.19.1/out/Release/obj.target/run-benchmarks/test/benchmark-async.o
  CC(target) /lfskernel/sources/boot/libuv-1.19.1/out/Release/obj.target/run-benchmarks/test/benchmark-async-pummel.o
  CC(target) /lfskernel/sources/boot/libuv-1.19.1/out/Release/obj.target/run-benchmarks/test/benchmark-fs-stat.o
  CC(target) /lfskernel/sources/boot/libuv-1.19.1/out/Release/obj.target/run-benchmarks/test/benchmark-getaddrinfo.o
  CC(target) /lfskernel/sources/boot/libuv-1.19.1/out/Release/obj.target/run-benchmarks/test/benchmark-loop-count.o
  CC(target) /lfskernel/sources/boot/libuv-1.19.1/out/Release/obj.target/run-benchmarks/test/benchmark-million-async.o
  CC(target) /lfskernel/sources/boot/libuv-1.19.1/out/Release/obj.target/run-benchmarks/test/benchmark-million-timers.o
  CC(target) /lfskernel/sources/boot/libuv-1.19.1/out/Release/obj.target/run-benchmarks/test/benchmark-multi-accept.o
  CC(target) /lfskernel/sources/boot/libuv-1.19.1/out/Release/obj.target/run-benchmarks/test/benchmark-ping-pongs.o
  CC(target) /lfskernel/sources/boot/libuv-1.19.1/out/Release/obj.target/run-benchmarks/test/benchmark-pound.o
  CC(target) /lfskernel/sources/boot/libuv-1.19.1/out/Release/obj.target/run-benchmarks/test/benchmark-pump.o
  CC(target) /lfskernel/sources/boot/libuv-1.19.1/out/Release/obj.target/run-benchmarks/test/benchmark-sizes.o
  CC(target) /lfskernel/sources/boot/libuv-1.19.1/out/Release/obj.target/run-benchmarks/test/benchmark-spawn.o
  CC(target) /lfskernel/sources/boot/libuv-1.19.1/out/Release/obj.target/run-benchmarks/test/benchmark-thread.o
  CC(target) /lfskernel/sources/boot/libuv-1.19.1/out/Release/obj.target/run-benchmarks/test/benchmark-tcp-write-batch.o
  CC(target) /lfskernel/sources/boot/libuv-1.19.1/out/Release/obj.target/run-benchmarks/test/benchmark-udp-pummel.o
  CC(target) /lfskernel/sources/boot/libuv-1.19.1/out/Release/obj.target/run-benchmarks/test/dns-server.o
  CC(target) /lfskernel/sources/boot/libuv-1.19.1/out/Release/obj.target/run-benchmarks/test/echo-server.o
  CC(target) /lfskernel/sources/boot/libuv-1.19.1/out/Release/obj.target/run-benchmarks/test/blackhole-server.o
  CC(target) /lfskernel/sources/boot/libuv-1.19.1/out/Release/obj.target/run-benchmarks/test/run-benchmarks.o
  CC(target) /lfskernel/sources/boot/libuv-1.19.1/out/Release/obj.target/run-benchmarks/test/runner.o
  CC(target) /lfskernel/sources/boot/libuv-1.19.1/out/Release/obj.target/run-benchmarks/test/runner-unix.o
  LINK(target) /lfskernel/sources/boot/libuv-1.19.1/out/Release/run-benchmarks
  CC(target) /lfskernel/sources/boot/libuv-1.19.1/out/Release/obj.target/run-tests/test/blackhole-server.o
  CC(target) /lfskernel/sources/boot/libuv-1.19.1/out/Release/obj.target/run-tests/test/echo-server.o
  CC(target) /lfskernel/sources/boot/libuv-1.19.1/out/Release/obj.target/run-tests/test/run-tests.o
  CC(target) /lfskernel/sources/boot/libuv-1.19.1/out/Release/obj.target/run-tests/test/runner.o
  CC(target) /lfskernel/sources/boot/libuv-1.19.1/out/Release/obj.target/run-tests/test/test-get-loadavg.o
  CC(target) /lfskernel/sources/boot/libuv-1.19.1/out/Release/obj.target/run-tests/test/test-active.o
  CC(target) /lfskernel/sources/boot/libuv-1.19.1/out/Release/obj.target/run-tests/test/test-async.o
  CC(target) /lfskernel/sources/boot/libuv-1.19.1/out/Release/obj.target/run-tests/test/test-async-null-cb.o
  CC(target) /lfskernel/sources/boot/libuv-1.19.1/out/Release/obj.target/run-tests/test/test-callback-stack.o
  CC(target) /lfskernel/sources/boot/libuv-1.19.1/out/Release/obj.target/run-tests/test/test-callback-order.o
  CC(target) /lfskernel/sources/boot/libuv-1.19.1/out/Release/obj.target/run-tests/test/test-close-fd.o
  CC(target) /lfskernel/sources/boot/libuv-1.19.1/out/Release/obj.target/run-tests/test/test-close-order.o
  CC(target) /lfskernel/sources/boot/libuv-1.19.1/out/Release/obj.target/run-tests/test/test-connect-unspecified.o
  CC(target) /lfskernel/sources/boot/libuv-1.19.1/out/Release/obj.target/run-tests/test/test-connection-fail.o
  CC(target) /lfskernel/sources/boot/libuv-1.19.1/out/Release/obj.target/run-tests/test/test-cwd-and-chdir.o
  CC(target) /lfskernel/sources/boot/libuv-1.19.1/out/Release/obj.target/run-tests/test/test-default-loop-close.o
  CC(target) /lfskernel/sources/boot/libuv-1.19.1/out/Release/obj.target/run-tests/test/test-delayed-accept.o
  CC(target) /lfskernel/sources/boot/libuv-1.19.1/out/Release/obj.target/run-tests/test/test-eintr-handling.o
  CC(target) /lfskernel/sources/boot/libuv-1.19.1/out/Release/obj.target/run-tests/test/test-error.o
  CC(target) /lfskernel/sources/boot/libuv-1.19.1/out/Release/obj.target/run-tests/test/test-embed.o
  CC(target) /lfskernel/sources/boot/libuv-1.19.1/out/Release/obj.target/run-tests/test/test-emfile.o
  CC(target) /lfskernel/sources/boot/libuv-1.19.1/out/Release/obj.target/run-tests/test/test-env-vars.o
  CC(target) /lfskernel/sources/boot/libuv-1.19.1/out/Release/obj.target/run-tests/test/test-fail-always.o
  CC(target) /lfskernel/sources/boot/libuv-1.19.1/out/Release/obj.target/run-tests/test/test-fork.o
  CC(target) /lfskernel/sources/boot/libuv-1.19.1/out/Release/obj.target/run-tests/test/test-fs.o
  CC(target) /lfskernel/sources/boot/libuv-1.19.1/out/Release/obj.target/run-tests/test/test-fs-copyfile.o
  CC(target) /lfskernel/sources/boot/libuv-1.19.1/out/Release/obj.target/run-tests/test/test-fs-event.o
  CC(target) /lfskernel/sources/boot/libuv-1.19.1/out/Release/obj.target/run-tests/test/test-getters-setters.o
  CC(target) /lfskernel/sources/boot/libuv-1.19.1/out/Release/obj.target/run-tests/test/test-get-currentexe.o
  CC(target) /lfskernel/sources/boot/libuv-1.19.1/out/Release/obj.target/run-tests/test/test-get-memory.o
  CC(target) /lfskernel/sources/boot/libuv-1.19.1/out/Release/obj.target/run-tests/test/test-get-passwd.o
  CC(target) /lfskernel/sources/boot/libuv-1.19.1/out/Release/obj.target/run-tests/test/test-getaddrinfo.o
  CC(target) /lfskernel/sources/boot/libuv-1.19.1/out/Release/obj.target/run-tests/test/test-gethostname.o
  CC(target) /lfskernel/sources/boot/libuv-1.19.1/out/Release/obj.target/run-tests/test/test-getnameinfo.o
  CC(target) /lfskernel/sources/boot/libuv-1.19.1/out/Release/obj.target/run-tests/test/test-getsockname.o
  CC(target) /lfskernel/sources/boot/libuv-1.19.1/out/Release/obj.target/run-tests/test/test-handle-fileno.o
  CC(target) /lfskernel/sources/boot/libuv-1.19.1/out/Release/obj.target/run-tests/test/test-homedir.o
  CC(target) /lfskernel/sources/boot/libuv-1.19.1/out/Release/obj.target/run-tests/test/test-hrtime.o
  CC(target) /lfskernel/sources/boot/libuv-1.19.1/out/Release/obj.target/run-tests/test/test-idle.o
  CC(target) /lfskernel/sources/boot/libuv-1.19.1/out/Release/obj.target/run-tests/test/test-ip6-addr.o
  CC(target) /lfskernel/sources/boot/libuv-1.19.1/out/Release/obj.target/run-tests/test/test-ipc.o
  CC(target) /lfskernel/sources/boot/libuv-1.19.1/out/Release/obj.target/run-tests/test/test-ipc-send-recv.o
  CC(target) /lfskernel/sources/boot/libuv-1.19.1/out/Release/obj.target/run-tests/test/test-loop-handles.o
  CC(target) /lfskernel/sources/boot/libuv-1.19.1/out/Release/obj.target/run-tests/test/test-loop-alive.o
  CC(target) /lfskernel/sources/boot/libuv-1.19.1/out/Release/obj.target/run-tests/test/test-loop-close.o
  CC(target) /lfskernel/sources/boot/libuv-1.19.1/out/Release/obj.target/run-tests/test/test-loop-stop.o
  CC(target) /lfskernel/sources/boot/libuv-1.19.1/out/Release/obj.target/run-tests/test/test-loop-time.o
  CC(target) /lfskernel/sources/boot/libuv-1.19.1/out/Release/obj.target/run-tests/test/test-loop-configure.o
  CC(target) /lfskernel/sources/boot/libuv-1.19.1/out/Release/obj.target/run-tests/test/test-walk-handles.o
  CC(target) /lfskernel/sources/boot/libuv-1.19.1/out/Release/obj.target/run-tests/test/test-watcher-cross-stop.o
  CC(target) /lfskernel/sources/boot/libuv-1.19.1/out/Release/obj.target/run-tests/test/test-multiple-listen.o
  CC(target) /lfskernel/sources/boot/libuv-1.19.1/out/Release/obj.target/run-tests/test/test-osx-select.o
  CC(target) /lfskernel/sources/boot/libuv-1.19.1/out/Release/obj.target/run-tests/test/test-pass-always.o
  CC(target) /lfskernel/sources/boot/libuv-1.19.1/out/Release/obj.target/run-tests/test/test-ping-pong.o
  CC(target) /lfskernel/sources/boot/libuv-1.19.1/out/Release/obj.target/run-tests/test/test-pipe-bind-error.o
  CC(target) /lfskernel/sources/boot/libuv-1.19.1/out/Release/obj.target/run-tests/test/test-pipe-connect-error.o
  CC(target) /lfskernel/sources/boot/libuv-1.19.1/out/Release/obj.target/run-tests/test/test-pipe-connect-multiple.o
  CC(target) /lfskernel/sources/boot/libuv-1.19.1/out/Release/obj.target/run-tests/test/test-pipe-connect-prepare.o
  CC(target) /lfskernel/sources/boot/libuv-1.19.1/out/Release/obj.target/run-tests/test/test-pipe-getsockname.o
  CC(target) /lfskernel/sources/boot/libuv-1.19.1/out/Release/obj.target/run-tests/test/test-pipe-pending-instances.o
  CC(target) /lfskernel/sources/boot/libuv-1.19.1/out/Release/obj.target/run-tests/test/test-pipe-sendmsg.o
  CC(target) /lfskernel/sources/boot/libuv-1.19.1/out/Release/obj.target/run-tests/test/test-pipe-server-close.o
  CC(target) /lfskernel/sources/boot/libuv-1.19.1/out/Release/obj.target/run-tests/test/test-pipe-close-stdout-read-stdin.o
  CC(target) /lfskernel/sources/boot/libuv-1.19.1/out/Release/obj.target/run-tests/test/test-pipe-set-non-blocking.o
  CC(target) /lfskernel/sources/boot/libuv-1.19.1/out/Release/obj.target/run-tests/test/test-pipe-set-fchmod.o
  CC(target) /lfskernel/sources/boot/libuv-1.19.1/out/Release/obj.target/run-tests/test/test-platform-output.o
  CC(target) /lfskernel/sources/boot/libuv-1.19.1/out/Release/obj.target/run-tests/test/test-poll.o
  CC(target) /lfskernel/sources/boot/libuv-1.19.1/out/Release/obj.target/run-tests/test/test-poll-close.o
  CC(target) /lfskernel/sources/boot/libuv-1.19.1/out/Release/obj.target/run-tests/test/test-poll-close-doesnt-corrupt-stack.o
  CC(target) /lfskernel/sources/boot/libuv-1.19.1/out/Release/obj.target/run-tests/test/test-poll-closesocket.o
  CC(target) /lfskernel/sources/boot/libuv-1.19.1/out/Release/obj.target/run-tests/test/test-poll-oob.o
  CC(target) /lfskernel/sources/boot/libuv-1.19.1/out/Release/obj.target/run-tests/test/test-process-title.o
  CC(target) /lfskernel/sources/boot/libuv-1.19.1/out/Release/obj.target/run-tests/test/test-process-title-threadsafe.o
  CC(target) /lfskernel/sources/boot/libuv-1.19.1/out/Release/obj.target/run-tests/test/test-queue-foreach-delete.o
  CC(target) /lfskernel/sources/boot/libuv-1.19.1/out/Release/obj.target/run-tests/test/test-ref.o
  CC(target) /lfskernel/sources/boot/libuv-1.19.1/out/Release/obj.target/run-tests/test/test-run-nowait.o
  CC(target) /lfskernel/sources/boot/libuv-1.19.1/out/Release/obj.target/run-tests/test/test-run-once.o
  CC(target) /lfskernel/sources/boot/libuv-1.19.1/out/Release/obj.target/run-tests/test/test-semaphore.o
  CC(target) /lfskernel/sources/boot/libuv-1.19.1/out/Release/obj.target/run-tests/test/test-shutdown-close.o
  CC(target) /lfskernel/sources/boot/libuv-1.19.1/out/Release/obj.target/run-tests/test/test-shutdown-eof.o
  CC(target) /lfskernel/sources/boot/libuv-1.19.1/out/Release/obj.target/run-tests/test/test-shutdown-twice.o
  CC(target) /lfskernel/sources/boot/libuv-1.19.1/out/Release/obj.target/run-tests/test/test-signal.o
  CC(target) /lfskernel/sources/boot/libuv-1.19.1/out/Release/obj.target/run-tests/test/test-signal-multiple-loops.o
  CC(target) /lfskernel/sources/boot/libuv-1.19.1/out/Release/obj.target/run-tests/test/test-socket-buffer-size.o
  CC(target) /lfskernel/sources/boot/libuv-1.19.1/out/Release/obj.target/run-tests/test/test-spawn.o
  CC(target) /lfskernel/sources/boot/libuv-1.19.1/out/Release/obj.target/run-tests/test/test-fs-poll.o
  CC(target) /lfskernel/sources/boot/libuv-1.19.1/out/Release/obj.target/run-tests/test/test-stdio-over-pipes.o
  CC(target) /lfskernel/sources/boot/libuv-1.19.1/out/Release/obj.target/run-tests/test/test-tcp-alloc-cb-fail.o
  CC(target) /lfskernel/sources/boot/libuv-1.19.1/out/Release/obj.target/run-tests/test/test-tcp-bind-error.o
  CC(target) /lfskernel/sources/boot/libuv-1.19.1/out/Release/obj.target/run-tests/test/test-tcp-bind6-error.o
  CC(target) /lfskernel/sources/boot/libuv-1.19.1/out/Release/obj.target/run-tests/test/test-tcp-close.o
  CC(target) /lfskernel/sources/boot/libuv-1.19.1/out/Release/obj.target/run-tests/test/test-tcp-close-accept.o
  CC(target) /lfskernel/sources/boot/libuv-1.19.1/out/Release/obj.target/run-tests/test/test-tcp-close-while-connecting.o
  CC(target) /lfskernel/sources/boot/libuv-1.19.1/out/Release/obj.target/run-tests/test/test-tcp-create-socket-early.o
  CC(target) /lfskernel/sources/boot/libuv-1.19.1/out/Release/obj.target/run-tests/test/test-tcp-connect-error-after-write.o
  CC(target) /lfskernel/sources/boot/libuv-1.19.1/out/Release/obj.target/run-tests/test/test-tcp-shutdown-after-write.o
  CC(target) /lfskernel/sources/boot/libuv-1.19.1/out/Release/obj.target/run-tests/test/test-tcp-flags.o
  CC(target) /lfskernel/sources/boot/libuv-1.19.1/out/Release/obj.target/run-tests/test/test-tcp-connect-error.o
  CC(target) /lfskernel/sources/boot/libuv-1.19.1/out/Release/obj.target/run-tests/test/test-tcp-connect-timeout.o
  CC(target) /lfskernel/sources/boot/libuv-1.19.1/out/Release/obj.target/run-tests/test/test-tcp-connect6-error.o
  CC(target) /lfskernel/sources/boot/libuv-1.19.1/out/Release/obj.target/run-tests/test/test-tcp-open.o
  CC(target) /lfskernel/sources/boot/libuv-1.19.1/out/Release/obj.target/run-tests/test/test-tcp-write-to-half-open-connection.o
  CC(target) /lfskernel/sources/boot/libuv-1.19.1/out/Release/obj.target/run-tests/test/test-tcp-write-after-connect.o
  CC(target) /lfskernel/sources/boot/libuv-1.19.1/out/Release/obj.target/run-tests/test/test-tcp-writealot.o
  CC(target) /lfskernel/sources/boot/libuv-1.19.1/out/Release/obj.target/run-tests/test/test-tcp-write-fail.o
  CC(target) /lfskernel/sources/boot/libuv-1.19.1/out/Release/obj.target/run-tests/test/test-tcp-try-write.o
  CC(target) /lfskernel/sources/boot/libuv-1.19.1/out/Release/obj.target/run-tests/test/test-tcp-unexpected-read.o
  CC(target) /lfskernel/sources/boot/libuv-1.19.1/out/Release/obj.target/run-tests/test/test-tcp-oob.o
  CC(target) /lfskernel/sources/boot/libuv-1.19.1/out/Release/obj.target/run-tests/test/test-tcp-read-stop.o
  CC(target) /lfskernel/sources/boot/libuv-1.19.1/out/Release/obj.target/run-tests/test/test-tcp-write-queue-order.o
  CC(target) /lfskernel/sources/boot/libuv-1.19.1/out/Release/obj.target/run-tests/test/test-threadpool.o
  CC(target) /lfskernel/sources/boot/libuv-1.19.1/out/Release/obj.target/run-tests/test/test-threadpool-cancel.o
  CC(target) /lfskernel/sources/boot/libuv-1.19.1/out/Release/obj.target/run-tests/test/test-thread-equal.o
  CC(target) /lfskernel/sources/boot/libuv-1.19.1/out/Release/obj.target/run-tests/test/test-tmpdir.o
  CC(target) /lfskernel/sources/boot/libuv-1.19.1/out/Release/obj.target/run-tests/test/test-mutexes.o
  CC(target) /lfskernel/sources/boot/libuv-1.19.1/out/Release/obj.target/run-tests/test/test-thread.o
  CC(target) /lfskernel/sources/boot/libuv-1.19.1/out/Release/obj.target/run-tests/test/test-barrier.o
  CC(target) /lfskernel/sources/boot/libuv-1.19.1/out/Release/obj.target/run-tests/test/test-condvar.o
  CC(target) /lfskernel/sources/boot/libuv-1.19.1/out/Release/obj.target/run-tests/test/test-timer-again.o
  CC(target) /lfskernel/sources/boot/libuv-1.19.1/out/Release/obj.target/run-tests/test/test-timer-from-check.o
  CC(target) /lfskernel/sources/boot/libuv-1.19.1/out/Release/obj.target/run-tests/test/test-timer.o
  CC(target) /lfskernel/sources/boot/libuv-1.19.1/out/Release/obj.target/run-tests/test/test-tty.o
  CC(target) /lfskernel/sources/boot/libuv-1.19.1/out/Release/obj.target/run-tests/test/test-udp-alloc-cb-fail.o
  CC(target) /lfskernel/sources/boot/libuv-1.19.1/out/Release/obj.target/run-tests/test/test-udp-bind.o
  CC(target) /lfskernel/sources/boot/libuv-1.19.1/out/Release/obj.target/run-tests/test/test-udp-create-socket-early.o
  CC(target) /lfskernel/sources/boot/libuv-1.19.1/out/Release/obj.target/run-tests/test/test-udp-dgram-too-big.o
  CC(target) /lfskernel/sources/boot/libuv-1.19.1/out/Release/obj.target/run-tests/test/test-udp-ipv6.o
  CC(target) /lfskernel/sources/boot/libuv-1.19.1/out/Release/obj.target/run-tests/test/test-udp-open.o
  CC(target) /lfskernel/sources/boot/libuv-1.19.1/out/Release/obj.target/run-tests/test/test-udp-options.o
  CC(target) /lfskernel/sources/boot/libuv-1.19.1/out/Release/obj.target/run-tests/test/test-udp-send-and-recv.o
  CC(target) /lfskernel/sources/boot/libuv-1.19.1/out/Release/obj.target/run-tests/test/test-udp-send-hang-loop.o
  CC(target) /lfskernel/sources/boot/libuv-1.19.1/out/Release/obj.target/run-tests/test/test-udp-send-immediate.o
  CC(target) /lfskernel/sources/boot/libuv-1.19.1/out/Release/obj.target/run-tests/test/test-udp-send-unreachable.o
  CC(target) /lfskernel/sources/boot/libuv-1.19.1/out/Release/obj.target/run-tests/test/test-udp-multicast-join.o
  CC(target) /lfskernel/sources/boot/libuv-1.19.1/out/Release/obj.target/run-tests/test/test-udp-multicast-join6.o
  CC(target) /lfskernel/sources/boot/libuv-1.19.1/out/Release/obj.target/run-tests/test/test-dlerror.o
  CC(target) /lfskernel/sources/boot/libuv-1.19.1/out/Release/obj.target/run-tests/test/test-udp-multicast-ttl.o
  CC(target) /lfskernel/sources/boot/libuv-1.19.1/out/Release/obj.target/run-tests/test/test-ip4-addr.o
  CC(target) /lfskernel/sources/boot/libuv-1.19.1/out/Release/obj.target/run-tests/test/test-udp-multicast-interface.o
  CC(target) /lfskernel/sources/boot/libuv-1.19.1/out/Release/obj.target/run-tests/test/test-udp-multicast-interface6.o
  CC(target) /lfskernel/sources/boot/libuv-1.19.1/out/Release/obj.target/run-tests/test/test-udp-try-send.o
  CC(target) /lfskernel/sources/boot/libuv-1.19.1/out/Release/obj.target/run-tests/test/runner-unix.o
  LINK(target) /lfskernel/sources/boot/libuv-1.19.1/out/Release/run-tests
make: Leaving directory '/lfskernel/sources/boot/libuv-1.19.1/out'
