Making install in libusb
make[1]: Entering directory '/lfskernel/sources/boot/libusb-1.0.21/libusb'
make[2]: Entering directory '/lfskernel/sources/boot/libusb-1.0.21/libusb'
 /bin/mkdir -p '/usr/lib'
 /bin/sh ../libtool   --mode=install /usr/bin/install -c   libusb-1.0.la '/usr/lib'
libtool: install: /usr/bin/install -c .libs/libusb-1.0.so.0.1.0 /usr/lib/libusb-1.0.so.0.1.0
libtool: install: (cd /usr/lib && { ln -s -f libusb-1.0.so.0.1.0 libusb-1.0.so.0 || { rm -f libusb-1.0.so.0 && ln -s libusb-1.0.so.0.1.0 libusb-1.0.so.0; }; })
libtool: install: (cd /usr/lib && { ln -s -f libusb-1.0.so.0.1.0 libusb-1.0.so || { rm -f libusb-1.0.so && ln -s libusb-1.0.so.0.1.0 libusb-1.0.so; }; })
libtool: install: /usr/bin/install -c .libs/libusb-1.0.lai /usr/lib/libusb-1.0.la
libtool: install: /usr/bin/install -c .libs/libusb-1.0.a /usr/lib/libusb-1.0.a
libtool: install: chmod 644 /usr/lib/libusb-1.0.a
libtool: install: ranlib /usr/lib/libusb-1.0.a
libtool: finish: PATH="/bin:/usr/bin:/sbin:/usr/sbin:/sbin" ldconfig -n /usr/lib
----------------------------------------------------------------------
Libraries have been installed in:
   /usr/lib

If you ever happen to want to link against installed libraries
in a given directory, LIBDIR, you must either use libtool, and
specify the full pathname of the library, or use the `-LLIBDIR'
flag during linking and do at least one of the following:
   - add LIBDIR to the `LD_LIBRARY_PATH' environment variable
     during execution
   - add LIBDIR to the `LD_RUN_PATH' environment variable
     during linking
   - use the `-Wl,-rpath -Wl,LIBDIR' linker flag
   - have your system administrator add LIBDIR to `/etc/ld.so.conf'

See any operating system documentation about shared libraries for
more information, such as the ld(1) and ld.so(8) manual pages.
----------------------------------------------------------------------
 /bin/mkdir -p '/usr/include/libusb-1.0'
 /usr/bin/install -c -m 644 libusb.h '/usr/include/libusb-1.0'
make[2]: Leaving directory '/lfskernel/sources/boot/libusb-1.0.21/libusb'
make[1]: Leaving directory '/lfskernel/sources/boot/libusb-1.0.21/libusb'
Making install in doc
make[1]: Entering directory '/lfskernel/sources/boot/libusb-1.0.21/doc'
make[2]: Entering directory '/lfskernel/sources/boot/libusb-1.0.21/doc'
make[2]: Nothing to be done for 'install-exec-am'.
make[2]: Nothing to be done for 'install-data-am'.
make[2]: Leaving directory '/lfskernel/sources/boot/libusb-1.0.21/doc'
make[1]: Leaving directory '/lfskernel/sources/boot/libusb-1.0.21/doc'
Making install in tests
make[1]: Entering directory '/lfskernel/sources/boot/libusb-1.0.21/tests'
make[2]: Entering directory '/lfskernel/sources/boot/libusb-1.0.21/tests'
make[2]: Nothing to be done for 'install-exec-am'.
make[2]: Nothing to be done for 'install-data-am'.
make[2]: Leaving directory '/lfskernel/sources/boot/libusb-1.0.21/tests'
make[1]: Leaving directory '/lfskernel/sources/boot/libusb-1.0.21/tests'
make[1]: Entering directory '/lfskernel/sources/boot/libusb-1.0.21'
make[2]: Entering directory '/lfskernel/sources/boot/libusb-1.0.21'
make[2]: Nothing to be done for 'install-exec-am'.
 /bin/mkdir -p '/usr/lib/pkgconfig'
 /usr/bin/install -c -m 644 libusb-1.0.pc '/usr/lib/pkgconfig'
make[2]: Leaving directory '/lfskernel/sources/boot/libusb-1.0.21'
make[1]: Leaving directory '/lfskernel/sources/boot/libusb-1.0.21'
