checking for a BSD-compatible install... /usr/bin/install -c
checking whether build environment is sane... yes
checking for a thread-safe mkdir -p... /bin/mkdir -p
checking for gawk... gawk
checking whether make sets $(MAKE)... yes
checking whether make supports nested variables... yes
checking whether make supports nested variables... (cached) yes
checking build system type... x86_64-unknown-linux-gnu
checking host system type... x86_64-unknown-linux-gnu
checking how to print strings... printf
checking for style of include used by make... GNU
checking for gcc... gcc
checking whether the C compiler works... yes
checking for C compiler default output file name... a.out
checking for suffix of executables... 
checking whether we are cross compiling... no
checking for suffix of object files... o
checking whether we are using the GNU C compiler... yes
checking whether gcc accepts -g... yes
checking for gcc option to accept ISO C89... none needed
checking whether gcc understands -c and -o together... yes
checking dependency style of gcc... gcc3
checking for a sed that does not truncate output... /bin/sed
checking for grep that handles long lines and -e... /usr/bin/grep
checking for egrep... /usr/bin/grep -E
checking for fgrep... /usr/bin/grep -F
checking for ld used by gcc... /usr/bin/ld
checking if the linker (/usr/bin/ld) is GNU ld... yes
checking for BSD- or MS-compatible name lister (nm)... /usr/bin/nm -B
checking the name lister (/usr/bin/nm -B) interface... BSD nm
checking whether ln -s works... yes
checking the maximum length of command line arguments... 1572864
checking whether the shell understands some XSI constructs... yes
checking whether the shell understands "+="... yes
checking how to convert x86_64-unknown-linux-gnu file names to x86_64-unknown-linux-gnu format... func_convert_file_noop
checking how to convert x86_64-unknown-linux-gnu file names to toolchain format... func_convert_file_noop
checking for /usr/bin/ld option to reload object files... -r
checking for objdump... objdump
checking how to recognize dependent libraries... pass_all
checking for dlltool... no
checking how to associate runtime and link libraries... printf %s\n
checking for ar... ar
checking for archiver @FILE support... @
checking for strip... strip
checking for ranlib... ranlib
checking command to parse /usr/bin/nm -B output from gcc object... ok
checking for sysroot... no
checking for mt... mt
checking if mt is a manifest tool... no
checking how to run the C preprocessor... gcc -E
checking for ANSI C header files... yes
checking for sys/types.h... yes
checking for sys/stat.h... yes
checking for stdlib.h... yes
checking for string.h... yes
checking for memory.h... yes
checking for strings.h... yes
checking for inttypes.h... yes
checking for stdint.h... yes
checking for unistd.h... yes
checking for dlfcn.h... yes
checking for objdir... .libs
checking if gcc supports -fno-rtti -fno-exceptions... no
checking for gcc option to produce PIC... -fPIC -DPIC
checking if gcc PIC flag -fPIC -DPIC works... yes
checking if gcc static flag -static works... yes
checking if gcc supports -c -o file.o... yes
checking if gcc supports -c -o file.o... (cached) yes
checking whether the gcc linker (/usr/bin/ld -m elf_x86_64) supports shared libraries... yes
checking whether -lc should be explicitly linked in... no
checking dynamic linker characteristics... GNU/Linux ld.so
checking how to hardcode library paths into programs... immediate
checking whether stripping libraries is possible... yes
checking if libtool supports shared libraries... yes
checking whether to build shared libraries... yes
checking whether to build static libraries... no
checking for gcc... (cached) gcc
checking whether we are using the GNU C compiler... (cached) yes
checking whether gcc accepts -g... (cached) yes
checking for gcc option to accept ISO C89... (cached) none needed
checking whether gcc understands -c and -o together... (cached) yes
checking dependency style of gcc... (cached) gcc3
checking for g++... g++
checking whether we are using the GNU C++ compiler... yes
checking whether g++ accepts -g... yes
checking dependency style of g++... gcc3
checking how to run the C++ preprocessor... g++ -E
checking for ld used by g++... /usr/bin/ld -m elf_x86_64
checking if the linker (/usr/bin/ld -m elf_x86_64) is GNU ld... yes
checking whether the g++ linker (/usr/bin/ld -m elf_x86_64) supports shared libraries... yes
checking for g++ option to produce PIC... -fPIC -DPIC
checking if g++ PIC flag -fPIC -DPIC works... yes
checking if g++ static flag -static works... yes
checking if g++ supports -c -o file.o... yes
checking if g++ supports -c -o file.o... (cached) yes
checking whether the g++ linker (/usr/bin/ld -m elf_x86_64) supports shared libraries... yes
checking dynamic linker characteristics... (cached) GNU/Linux ld.so
checking how to hardcode library paths into programs... immediate
checking for pkg-config... /usr/bin/pkg-config
checking pkg-config is at least version 0.9.0... yes
checking for ANSI C header files... (cached) yes
checking for special C compiler options needed for large files... no
checking for _FILE_OFFSET_BITS value needed for large files... no
checking whether __attribute__((visibility())) is supported... yes
checking for DRM... yes
checking for X11... no
checking for XEXT... no
checking for XFIXES... no
checking for EGL... no
checking EGL/egl.h usability... no
checking EGL/egl.h presence... no
checking for EGL/egl.h... no
checking for eglGetDisplay in -lEGL... no
checking for WAYLAND... no
checking that generated files are newer than configure... done
configure: creating ./config.status
config.status: creating Makefile
config.status: creating debian.upstream/Makefile
config.status: creating debian.upstream/changelog
config.status: creating debian.upstream/control
config.status: creating debian.upstream/libva1.install
config.status: creating debian.upstream/libva-drm1.install
config.status: creating debian.upstream/libva-egl1.install
config.status: creating debian.upstream/libva-glx1.install
config.status: creating debian.upstream/libva-wayland1.install
config.status: creating debian.upstream/libva-x11-1.install
config.status: creating doc/Makefile
config.status: creating dummy_drv_video/Makefile
config.status: creating pkgconfig/Makefile
config.status: creating pkgconfig/libva-drm.pc
config.status: creating pkgconfig/libva-egl.pc
config.status: creating pkgconfig/libva-glx.pc
config.status: creating pkgconfig/libva-tpi.pc
config.status: creating pkgconfig/libva-wayland.pc
config.status: creating pkgconfig/libva-x11.pc
config.status: creating pkgconfig/libva.pc
config.status: creating test/Makefile
config.status: creating test/basic/Makefile
config.status: creating test/common/Makefile
config.status: creating test/decode/Makefile
config.status: creating test/encode/Makefile
config.status: creating test/putsurface/Makefile
config.status: creating test/vainfo/Makefile
config.status: creating va/Makefile
config.status: creating va/drm/Makefile
config.status: creating va/egl/Makefile
config.status: creating va/glx/Makefile
config.status: creating va/va_version.h
config.status: creating va/wayland/Makefile
config.status: creating va/x11/Makefile
config.status: creating config.h
config.status: executing depfiles commands
config.status: executing libtool commands

libva - 1.7.3 (VA-API 0.39.4)

Installation prefix .............. : /usr
Default driver path .............. : ${exec_prefix}/lib/dri
Extra window systems ............. : drm
Build dummy driver ............... : yes
Build documentation .............. : no

