Making install in doc
make[1]: Entering directory '/lfskernel/sources/boot/libvdpau-1.1.1/doc'
make[2]: Entering directory '/lfskernel/sources/boot/libvdpau-1.1.1/doc'
make[2]: Nothing to be done for 'install-exec-am'.
make[2]: Nothing to be done for 'install-data-am'.
make[2]: Leaving directory '/lfskernel/sources/boot/libvdpau-1.1.1/doc'
make[1]: Leaving directory '/lfskernel/sources/boot/libvdpau-1.1.1/doc'
Making install in src
make[1]: Entering directory '/lfskernel/sources/boot/libvdpau-1.1.1/src'
make[2]: Entering directory '/lfskernel/sources/boot/libvdpau-1.1.1/src'
 /bin/mkdir -p '/usr/lib'
 /bin/sh ../libtool   --mode=install /usr/bin/install -c   libvdpau.la '/usr/lib'
libtool: install: /usr/bin/install -c .libs/libvdpau.so.1.0.0 /usr/lib/libvdpau.so.1.0.0
libtool: install: (cd /usr/lib && { ln -s -f libvdpau.so.1.0.0 libvdpau.so.1 || { rm -f libvdpau.so.1 && ln -s libvdpau.so.1.0.0 libvdpau.so.1; }; })
libtool: install: (cd /usr/lib && { ln -s -f libvdpau.so.1.0.0 libvdpau.so || { rm -f libvdpau.so && ln -s libvdpau.so.1.0.0 libvdpau.so; }; })
libtool: install: /usr/bin/install -c .libs/libvdpau.lai /usr/lib/libvdpau.la
libtool: finish: PATH="/bin:/usr/bin:/sbin:/usr/sbin:/sbin" ldconfig -n /usr/lib
----------------------------------------------------------------------
Libraries have been installed in:
   /usr/lib

If you ever happen to want to link against installed libraries
in a given directory, LIBDIR, you must either use libtool, and
specify the full pathname of the library, or use the '-LLIBDIR'
flag during linking and do at least one of the following:
   - add LIBDIR to the 'LD_LIBRARY_PATH' environment variable
     during execution
   - add LIBDIR to the 'LD_RUN_PATH' environment variable
     during linking
   - use the '-Wl,-rpath -Wl,LIBDIR' linker flag
   - have your system administrator add LIBDIR to '/etc/ld.so.conf'

See any operating system documentation about shared libraries for
more information, such as the ld(1) and ld.so(8) manual pages.
----------------------------------------------------------------------
 /bin/mkdir -p '/etc'
 /usr/bin/install -c -m 644 vdpau_wrapper.cfg '/etc'
 /bin/mkdir -p '/usr/include/vdpau'
 /usr/bin/install -c -m 644 ../include/vdpau/vdpau.h ../include/vdpau/vdpau_x11.h '/usr/include/vdpau'
make[2]: Leaving directory '/lfskernel/sources/boot/libvdpau-1.1.1/src'
make[1]: Leaving directory '/lfskernel/sources/boot/libvdpau-1.1.1/src'
Making install in test
make[1]: Entering directory '/lfskernel/sources/boot/libvdpau-1.1.1/test'
make[2]: Entering directory '/lfskernel/sources/boot/libvdpau-1.1.1/test'
make[2]: Nothing to be done for 'install-exec-am'.
make[2]: Nothing to be done for 'install-data-am'.
make[2]: Leaving directory '/lfskernel/sources/boot/libvdpau-1.1.1/test'
make[1]: Leaving directory '/lfskernel/sources/boot/libvdpau-1.1.1/test'
Making install in trace
make[1]: Entering directory '/lfskernel/sources/boot/libvdpau-1.1.1/trace'
make[2]: Entering directory '/lfskernel/sources/boot/libvdpau-1.1.1/trace'
make[2]: Nothing to be done for 'install-exec-am'.
 /bin/mkdir -p '/usr/include/vdpau'
 /usr/bin/install -c -m 644 ../include/vdpau/vdpau.h ../include/vdpau/vdpau_x11.h '/usr/include/vdpau'
 /bin/mkdir -p '/usr/lib/vdpau'
 /bin/sh ../libtool   --mode=install /usr/bin/install -c   libvdpau_trace.la '/usr/lib/vdpau'
libtool: install: /usr/bin/install -c .libs/libvdpau_trace.so.1.0.0 /usr/lib/vdpau/libvdpau_trace.so.1.0.0
libtool: install: (cd /usr/lib/vdpau && { ln -s -f libvdpau_trace.so.1.0.0 libvdpau_trace.so.1 || { rm -f libvdpau_trace.so.1 && ln -s libvdpau_trace.so.1.0.0 libvdpau_trace.so.1; }; })
libtool: install: (cd /usr/lib/vdpau && { ln -s -f libvdpau_trace.so.1.0.0 libvdpau_trace.so || { rm -f libvdpau_trace.so && ln -s libvdpau_trace.so.1.0.0 libvdpau_trace.so; }; })
libtool: install: /usr/bin/install -c .libs/libvdpau_trace.lai /usr/lib/vdpau/libvdpau_trace.la
libtool: finish: PATH="/bin:/usr/bin:/sbin:/usr/sbin:/sbin" ldconfig -n /usr/lib/vdpau
----------------------------------------------------------------------
Libraries have been installed in:
   /usr/lib/vdpau

If you ever happen to want to link against installed libraries
in a given directory, LIBDIR, you must either use libtool, and
specify the full pathname of the library, or use the '-LLIBDIR'
flag during linking and do at least one of the following:
   - add LIBDIR to the 'LD_LIBRARY_PATH' environment variable
     during execution
   - add LIBDIR to the 'LD_RUN_PATH' environment variable
     during linking
   - use the '-Wl,-rpath -Wl,LIBDIR' linker flag
   - have your system administrator add LIBDIR to '/etc/ld.so.conf'

See any operating system documentation about shared libraries for
more information, such as the ld(1) and ld.so(8) manual pages.
----------------------------------------------------------------------
make[2]: Leaving directory '/lfskernel/sources/boot/libvdpau-1.1.1/trace'
make[1]: Leaving directory '/lfskernel/sources/boot/libvdpau-1.1.1/trace'
make[1]: Entering directory '/lfskernel/sources/boot/libvdpau-1.1.1'
make[2]: Entering directory '/lfskernel/sources/boot/libvdpau-1.1.1'
make[2]: Nothing to be done for 'install-exec-am'.
 /bin/mkdir -p '/usr/lib/pkgconfig'
 /usr/bin/install -c -m 644 vdpau.pc '/usr/lib/pkgconfig'
make[2]: Leaving directory '/lfskernel/sources/boot/libvdpau-1.1.1'
make[1]: Leaving directory '/lfskernel/sources/boot/libvdpau-1.1.1'
