###############################
# Install libX11-1.6.5.tar.bz2 #
###############################
Making install in include
make[1]: Entering directory '/lfskernel/sources/boot/X11/libs/libX11-1.6.5/include'
make[2]: Entering directory '/lfskernel/sources/boot/X11/libs/libX11-1.6.5/include'
make[2]: Nothing to be done for 'install-exec-am'.
 /bin/mkdir -p '/usr/include/X11'
 /usr/bin/install -c -m 644 X11/XlibConf.h '/usr/include/X11'
 /bin/mkdir -p '/usr/include/X11'
 /usr/bin/install -c -m 644 X11/XKBlib.h X11/Xcms.h X11/Xlib.h X11/Xlibint.h X11/Xlocale.h X11/Xresource.h X11/Xutil.h X11/cursorfont.h X11/Xregion.h X11/ImUtil.h X11/Xlib-xcb.h '/usr/include/X11'
make[2]: Leaving directory '/lfskernel/sources/boot/X11/libs/libX11-1.6.5/include'
make[1]: Leaving directory '/lfskernel/sources/boot/X11/libs/libX11-1.6.5/include'
Making install in modules
make[1]: Entering directory '/lfskernel/sources/boot/X11/libs/libX11-1.6.5/modules'
Making install in im
make[2]: Entering directory '/lfskernel/sources/boot/X11/libs/libX11-1.6.5/modules/im'
Making install in ximcp
make[3]: Entering directory '/lfskernel/sources/boot/X11/libs/libX11-1.6.5/modules/im/ximcp'
make[4]: Entering directory '/lfskernel/sources/boot/X11/libs/libX11-1.6.5/modules/im/ximcp'
make[4]: Nothing to be done for 'install-exec-am'.
make[4]: Leaving directory '/lfskernel/sources/boot/X11/libs/libX11-1.6.5/modules/im/ximcp'
make[3]: Leaving directory '/lfskernel/sources/boot/X11/libs/libX11-1.6.5/modules/im/ximcp'
make[3]: Entering directory '/lfskernel/sources/boot/X11/libs/libX11-1.6.5/modules/im'
make[4]: Entering directory '/lfskernel/sources/boot/X11/libs/libX11-1.6.5/modules/im'
make[4]: Nothing to be done for 'install-exec-am'.
make[4]: Nothing to be done for 'install-data-am'.
make[4]: Leaving directory '/lfskernel/sources/boot/X11/libs/libX11-1.6.5/modules/im'
make[3]: Leaving directory '/lfskernel/sources/boot/X11/libs/libX11-1.6.5/modules/im'
make[2]: Leaving directory '/lfskernel/sources/boot/X11/libs/libX11-1.6.5/modules/im'
Making install in lc
make[2]: Entering directory '/lfskernel/sources/boot/X11/libs/libX11-1.6.5/modules/lc'
Making install in Utf8
make[3]: Entering directory '/lfskernel/sources/boot/X11/libs/libX11-1.6.5/modules/lc/Utf8'
make[4]: Entering directory '/lfskernel/sources/boot/X11/libs/libX11-1.6.5/modules/lc/Utf8'
make[4]: Nothing to be done for 'install-exec-am'.
make[4]: Leaving directory '/lfskernel/sources/boot/X11/libs/libX11-1.6.5/modules/lc/Utf8'
make[3]: Leaving directory '/lfskernel/sources/boot/X11/libs/libX11-1.6.5/modules/lc/Utf8'
Making install in def
make[3]: Entering directory '/lfskernel/sources/boot/X11/libs/libX11-1.6.5/modules/lc/def'
make[4]: Entering directory '/lfskernel/sources/boot/X11/libs/libX11-1.6.5/modules/lc/def'
make[4]: Nothing to be done for 'install-exec-am'.
make[4]: Leaving directory '/lfskernel/sources/boot/X11/libs/libX11-1.6.5/modules/lc/def'
make[3]: Leaving directory '/lfskernel/sources/boot/X11/libs/libX11-1.6.5/modules/lc/def'
Making install in gen
make[3]: Entering directory '/lfskernel/sources/boot/X11/libs/libX11-1.6.5/modules/lc/gen'
make[4]: Entering directory '/lfskernel/sources/boot/X11/libs/libX11-1.6.5/modules/lc/gen'
make[4]: Nothing to be done for 'install-exec-am'.
make[4]: Leaving directory '/lfskernel/sources/boot/X11/libs/libX11-1.6.5/modules/lc/gen'
make[3]: Leaving directory '/lfskernel/sources/boot/X11/libs/libX11-1.6.5/modules/lc/gen'
make[3]: Entering directory '/lfskernel/sources/boot/X11/libs/libX11-1.6.5/modules/lc'
make[4]: Entering directory '/lfskernel/sources/boot/X11/libs/libX11-1.6.5/modules/lc'
make[4]: Nothing to be done for 'install-exec-am'.
make[4]: Nothing to be done for 'install-data-am'.
make[4]: Leaving directory '/lfskernel/sources/boot/X11/libs/libX11-1.6.5/modules/lc'
make[3]: Leaving directory '/lfskernel/sources/boot/X11/libs/libX11-1.6.5/modules/lc'
make[2]: Leaving directory '/lfskernel/sources/boot/X11/libs/libX11-1.6.5/modules/lc'
Making install in om
make[2]: Entering directory '/lfskernel/sources/boot/X11/libs/libX11-1.6.5/modules/om'
Making install in generic
make[3]: Entering directory '/lfskernel/sources/boot/X11/libs/libX11-1.6.5/modules/om/generic'
make[4]: Entering directory '/lfskernel/sources/boot/X11/libs/libX11-1.6.5/modules/om/generic'
make[4]: Nothing to be done for 'install-exec-am'.
make[4]: Leaving directory '/lfskernel/sources/boot/X11/libs/libX11-1.6.5/modules/om/generic'
make[3]: Leaving directory '/lfskernel/sources/boot/X11/libs/libX11-1.6.5/modules/om/generic'
make[3]: Entering directory '/lfskernel/sources/boot/X11/libs/libX11-1.6.5/modules/om'
make[4]: Entering directory '/lfskernel/sources/boot/X11/libs/libX11-1.6.5/modules/om'
make[4]: Nothing to be done for 'install-exec-am'.
make[4]: Nothing to be done for 'install-data-am'.
make[4]: Leaving directory '/lfskernel/sources/boot/X11/libs/libX11-1.6.5/modules/om'
make[3]: Leaving directory '/lfskernel/sources/boot/X11/libs/libX11-1.6.5/modules/om'
make[2]: Leaving directory '/lfskernel/sources/boot/X11/libs/libX11-1.6.5/modules/om'
make[2]: Entering directory '/lfskernel/sources/boot/X11/libs/libX11-1.6.5/modules'
make[3]: Entering directory '/lfskernel/sources/boot/X11/libs/libX11-1.6.5/modules'
make[3]: Nothing to be done for 'install-exec-am'.
make[3]: Nothing to be done for 'install-data-am'.
make[3]: Leaving directory '/lfskernel/sources/boot/X11/libs/libX11-1.6.5/modules'
make[2]: Leaving directory '/lfskernel/sources/boot/X11/libs/libX11-1.6.5/modules'
make[1]: Leaving directory '/lfskernel/sources/boot/X11/libs/libX11-1.6.5/modules'
Making install in src
make[1]: Entering directory '/lfskernel/sources/boot/X11/libs/libX11-1.6.5/src'
cd util && make
make[2]: Entering directory '/lfskernel/sources/boot/X11/libs/libX11-1.6.5/src/util'
make[2]: Nothing to be done for 'all'.
make[2]: Leaving directory '/lfskernel/sources/boot/X11/libs/libX11-1.6.5/src/util'
make  install-recursive
make[2]: Entering directory '/lfskernel/sources/boot/X11/libs/libX11-1.6.5/src'
Making install in util
make[3]: Entering directory '/lfskernel/sources/boot/X11/libs/libX11-1.6.5/src/util'
make[4]: Entering directory '/lfskernel/sources/boot/X11/libs/libX11-1.6.5/src/util'
make[4]: Nothing to be done for 'install-exec-am'.
make[4]: Nothing to be done for 'install-data-am'.
make[4]: Leaving directory '/lfskernel/sources/boot/X11/libs/libX11-1.6.5/src/util'
make[3]: Leaving directory '/lfskernel/sources/boot/X11/libs/libX11-1.6.5/src/util'
Making install in xcms
make[3]: Entering directory '/lfskernel/sources/boot/X11/libs/libX11-1.6.5/src/xcms'
make[4]: Entering directory '/lfskernel/sources/boot/X11/libs/libX11-1.6.5/src/xcms'
make[4]: Nothing to be done for 'install-exec-am'.
 /bin/mkdir -p '/usr/share/X11'
 /usr/bin/install -c -m 644 Xcms.txt '/usr/share/X11'
make[4]: Leaving directory '/lfskernel/sources/boot/X11/libs/libX11-1.6.5/src/xcms'
make[3]: Leaving directory '/lfskernel/sources/boot/X11/libs/libX11-1.6.5/src/xcms'
Making install in xlibi18n
make[3]: Entering directory '/lfskernel/sources/boot/X11/libs/libX11-1.6.5/src/xlibi18n'
make[4]: Entering directory '/lfskernel/sources/boot/X11/libs/libX11-1.6.5/src/xlibi18n'
make[4]: Nothing to be done for 'install-exec-am'.
make[4]: Nothing to be done for 'install-data-am'.
make[4]: Leaving directory '/lfskernel/sources/boot/X11/libs/libX11-1.6.5/src/xlibi18n'
make[3]: Leaving directory '/lfskernel/sources/boot/X11/libs/libX11-1.6.5/src/xlibi18n'
Making install in xkb
make[3]: Entering directory '/lfskernel/sources/boot/X11/libs/libX11-1.6.5/src/xkb'
make[4]: Entering directory '/lfskernel/sources/boot/X11/libs/libX11-1.6.5/src/xkb'
make[4]: Nothing to be done for 'install-exec-am'.
make[4]: Nothing to be done for 'install-data-am'.
make[4]: Leaving directory '/lfskernel/sources/boot/X11/libs/libX11-1.6.5/src/xkb'
make[3]: Leaving directory '/lfskernel/sources/boot/X11/libs/libX11-1.6.5/src/xkb'
make[3]: Entering directory '/lfskernel/sources/boot/X11/libs/libX11-1.6.5/src'
cd util && make
make[4]: Entering directory '/lfskernel/sources/boot/X11/libs/libX11-1.6.5/src/util'
make[4]: Nothing to be done for 'all'.
make[4]: Leaving directory '/lfskernel/sources/boot/X11/libs/libX11-1.6.5/src/util'
make[4]: Entering directory '/lfskernel/sources/boot/X11/libs/libX11-1.6.5/src'
cd util && make
make[5]: Entering directory '/lfskernel/sources/boot/X11/libs/libX11-1.6.5/src/util'
make[5]: Nothing to be done for 'all'.
make[5]: Leaving directory '/lfskernel/sources/boot/X11/libs/libX11-1.6.5/src/util'
 /bin/mkdir -p '/usr/lib'
 /bin/sh ../libtool   --mode=install /usr/bin/install -c   libX11.la libX11-xcb.la '/usr/lib'
libtool: install: /usr/bin/install -c .libs/libX11.so.6.3.0 /usr/lib/libX11.so.6.3.0
libtool: install: (cd /usr/lib && { ln -s -f libX11.so.6.3.0 libX11.so.6 || { rm -f libX11.so.6 && ln -s libX11.so.6.3.0 libX11.so.6; }; })
libtool: install: (cd /usr/lib && { ln -s -f libX11.so.6.3.0 libX11.so || { rm -f libX11.so && ln -s libX11.so.6.3.0 libX11.so; }; })
libtool: install: /usr/bin/install -c .libs/libX11.lai /usr/lib/libX11.la
libtool: install: /usr/bin/install -c .libs/libX11-xcb.so.1.0.0 /usr/lib/libX11-xcb.so.1.0.0
libtool: install: (cd /usr/lib && { ln -s -f libX11-xcb.so.1.0.0 libX11-xcb.so.1 || { rm -f libX11-xcb.so.1 && ln -s libX11-xcb.so.1.0.0 libX11-xcb.so.1; }; })
libtool: install: (cd /usr/lib && { ln -s -f libX11-xcb.so.1.0.0 libX11-xcb.so || { rm -f libX11-xcb.so && ln -s libX11-xcb.so.1.0.0 libX11-xcb.so; }; })
libtool: install: /usr/bin/install -c .libs/libX11-xcb.lai /usr/lib/libX11-xcb.la
libtool: finish: PATH="/bin:/usr/bin:/sbin:/usr/sbin:/sbin" ldconfig -n /usr/lib
----------------------------------------------------------------------
Libraries have been installed in:
   /usr/lib

If you ever happen to want to link against installed libraries
in a given directory, LIBDIR, you must either use libtool, and
specify the full pathname of the library, or use the '-LLIBDIR'
flag during linking and do at least one of the following:
   - add LIBDIR to the 'LD_LIBRARY_PATH' environment variable
     during execution
   - add LIBDIR to the 'LD_RUN_PATH' environment variable
     during linking
   - use the '-Wl,-rpath -Wl,LIBDIR' linker flag
   - have your system administrator add LIBDIR to '/etc/ld.so.conf'

See any operating system documentation about shared libraries for
more information, such as the ld(1) and ld.so(8) manual pages.
----------------------------------------------------------------------
 /bin/mkdir -p '/usr/share/X11'
 /usr/bin/install -c -m 644 XErrorDB '/usr/share/X11'
make[4]: Leaving directory '/lfskernel/sources/boot/X11/libs/libX11-1.6.5/src'
make[3]: Leaving directory '/lfskernel/sources/boot/X11/libs/libX11-1.6.5/src'
make[2]: Leaving directory '/lfskernel/sources/boot/X11/libs/libX11-1.6.5/src'
make[1]: Leaving directory '/lfskernel/sources/boot/X11/libs/libX11-1.6.5/src'
Making install in nls
make[1]: Entering directory '/lfskernel/sources/boot/X11/libs/libX11-1.6.5/nls'
make[2]: Entering directory '/lfskernel/sources/boot/X11/libs/libX11-1.6.5/nls'
make[2]: Nothing to be done for 'install-exec-am'.
 /bin/mkdir -p '/usr/share/X11/locale'
 /bin/mkdir -p '/usr/share/X11/locale/zh_CN.gbk'
 /usr/bin/install -c -m 644  zh_CN.gbk/XI18N_OBJS '/usr/share/X11/locale/zh_CN.gbk'
 /bin/mkdir -p '/usr/share/X11/locale/el_GR.UTF-8'
 /usr/bin/install -c -m 644  el_GR.UTF-8/XI18N_OBJS '/usr/share/X11/locale/el_GR.UTF-8'
 /bin/mkdir -p '/usr/share/X11/locale/zh_CN'
 /usr/bin/install -c -m 644  zh_CN/XI18N_OBJS '/usr/share/X11/locale/zh_CN'
 /bin/mkdir -p '/usr/share/X11/locale/sr_CS.UTF-8'
 /usr/bin/install -c -m 644  sr_CS.UTF-8/XI18N_OBJS '/usr/share/X11/locale/sr_CS.UTF-8'
 /bin/mkdir -p '/usr/share/X11/locale/georgian-academy'
 /usr/bin/install -c -m 644  georgian-academy/XI18N_OBJS '/usr/share/X11/locale/georgian-academy'
 /bin/mkdir -p '/usr/share/X11/locale/zh_TW'
 /usr/bin/install -c -m 644  zh_TW/XI18N_OBJS '/usr/share/X11/locale/zh_TW'
 /bin/mkdir -p '/usr/share/X11/locale/zh_HK.UTF-8'
 /usr/bin/install -c -m 644  zh_HK.UTF-8/XI18N_OBJS '/usr/share/X11/locale/zh_HK.UTF-8'
 /bin/mkdir -p '/usr/share/X11/locale/cs_CZ.UTF-8'
 /usr/bin/install -c -m 644  cs_CZ.UTF-8/XI18N_OBJS '/usr/share/X11/locale/cs_CZ.UTF-8'
 /bin/mkdir -p '/usr/share/X11/locale/iso8859-1'
 /usr/bin/install -c -m 644  iso8859-1/XI18N_OBJS '/usr/share/X11/locale/iso8859-1'
 /bin/mkdir -p '/usr/share/X11/locale/iso8859-2'
 /usr/bin/install -c -m 644  iso8859-2/XI18N_OBJS '/usr/share/X11/locale/iso8859-2'
 /bin/mkdir -p '/usr/share/X11/locale/armscii-8'
 /usr/bin/install -c -m 644  armscii-8/XI18N_OBJS '/usr/share/X11/locale/armscii-8'
 /bin/mkdir -p '/usr/share/X11/locale/iso8859-3'
 /usr/bin/install -c -m 644  iso8859-3/XI18N_OBJS '/usr/share/X11/locale/iso8859-3'
 /bin/mkdir -p '/usr/share/X11/locale/tscii-0'
 /usr/bin/install -c -m 644  tscii-0/XI18N_OBJS '/usr/share/X11/locale/tscii-0'
 /bin/mkdir -p '/usr/share/X11/locale/pt_PT.UTF-8'
 /usr/bin/install -c -m 644  pt_PT.UTF-8/XI18N_OBJS '/usr/share/X11/locale/pt_PT.UTF-8'
 /bin/mkdir -p '/usr/share/X11/locale/iso8859-4'
 /usr/bin/install -c -m 644  iso8859-4/XI18N_OBJS '/usr/share/X11/locale/iso8859-4'
 /bin/mkdir -p '/usr/share/X11/locale/tatar-cyr'
 /usr/bin/install -c -m 644  tatar-cyr/XI18N_OBJS '/usr/share/X11/locale/tatar-cyr'
 /bin/mkdir -p '/usr/share/X11/locale/iso8859-5'
 /usr/bin/install -c -m 644  iso8859-5/XI18N_OBJS '/usr/share/X11/locale/iso8859-5'
 /bin/mkdir -p '/usr/share/X11/locale/iso8859-6'
 /usr/bin/install -c -m 644  iso8859-6/XI18N_OBJS '/usr/share/X11/locale/iso8859-6'
 /bin/mkdir -p '/usr/share/X11/locale/iso8859-7'
 /usr/bin/install -c -m 644  iso8859-7/XI18N_OBJS '/usr/share/X11/locale/iso8859-7'
 /bin/mkdir -p '/usr/share/X11/locale/iso8859-8'
 /usr/bin/install -c -m 644  iso8859-8/XI18N_OBJS '/usr/share/X11/locale/iso8859-8'
 /bin/mkdir -p '/usr/share/X11/locale/iso8859-9'
 /usr/bin/install -c -m 644  iso8859-9/XI18N_OBJS '/usr/share/X11/locale/iso8859-9'
 /bin/mkdir -p '/usr/share/X11/locale/th_TH'
 /usr/bin/install -c -m 644  th_TH/XI18N_OBJS '/usr/share/X11/locale/th_TH'
 /bin/mkdir -p '/usr/share/X11/locale/km_KH.UTF-8'
 /usr/bin/install -c -m 644  km_KH.UTF-8/XI18N_OBJS '/usr/share/X11/locale/km_KH.UTF-8'
 /bin/mkdir -p '/usr/share/X11/locale/ibm-cp1133'
 /usr/bin/install -c -m 644  ibm-cp1133/XI18N_OBJS '/usr/share/X11/locale/ibm-cp1133'
 /bin/mkdir -p '/usr/share/X11/locale/nokhchi-1'
 /usr/bin/install -c -m 644  nokhchi-1/XI18N_OBJS '/usr/share/X11/locale/nokhchi-1'
 /bin/mkdir -p '/usr/share/X11/locale/ko'
 /usr/bin/install -c -m 644  ko/XI18N_OBJS '/usr/share/X11/locale/ko'
 /bin/mkdir -p '/usr/share/X11/locale/georgian-ps'
 /usr/bin/install -c -m 644  georgian-ps/XI18N_OBJS '/usr/share/X11/locale/georgian-ps'
 /bin/mkdir -p '/usr/share/X11/locale/fi_FI.UTF-8'
 /usr/bin/install -c -m 644  fi_FI.UTF-8/XI18N_OBJS '/usr/share/X11/locale/fi_FI.UTF-8'
 /bin/mkdir -p '/usr/share/X11/locale/zh_CN.UTF-8'
 /usr/bin/install -c -m 644  zh_CN.UTF-8/XI18N_OBJS '/usr/share/X11/locale/zh_CN.UTF-8'
 /bin/mkdir -p '/usr/share/X11/locale/en_US.UTF-8'
 /usr/bin/install -c -m 644  en_US.UTF-8/XI18N_OBJS '/usr/share/X11/locale/en_US.UTF-8'
 /bin/mkdir -p '/usr/share/X11/locale/zh_HK.big5hkscs'
 /usr/bin/install -c -m 644  zh_HK.big5hkscs/XI18N_OBJS '/usr/share/X11/locale/zh_HK.big5hkscs'
 /bin/mkdir -p '/usr/share/X11/locale/th_TH.UTF-8'
 /usr/bin/install -c -m 644  th_TH.UTF-8/XI18N_OBJS '/usr/share/X11/locale/th_TH.UTF-8'
 /bin/mkdir -p '/usr/share/X11/locale/zh_TW.big5'
 /usr/bin/install -c -m 644  zh_TW.big5/XI18N_OBJS '/usr/share/X11/locale/zh_TW.big5'
 /bin/mkdir -p '/usr/share/X11/locale/zh_CN.gb18030'
 /usr/bin/install -c -m 644  zh_CN.gb18030/XI18N_OBJS '/usr/share/X11/locale/zh_CN.gb18030'
 /bin/mkdir -p '/usr/share/X11/locale/zh_HK.big5'
 /usr/bin/install -c -m 644  zh_HK.big5/XI18N_OBJS '/usr/share/X11/locale/zh_HK.big5'
 /bin/mkdir -p '/usr/share/X11/locale/ko_KR.UTF-8'
 /usr/bin/install -c -m 644  ko_KR.UTF-8/XI18N_OBJS '/usr/share/X11/locale/ko_KR.UTF-8'
 /bin/mkdir -p '/usr/share/X11/locale/koi8-c'
 /usr/bin/install -c -m 644  koi8-c/XI18N_OBJS '/usr/share/X11/locale/koi8-c'
 /bin/mkdir -p '/usr/share/X11/locale/C'
 /usr/bin/install -c -m 644  C/XI18N_OBJS '/usr/share/X11/locale/C'
 /bin/mkdir -p '/usr/share/X11/locale/iso8859-9e'
 /usr/bin/install -c -m 644  iso8859-9e/XI18N_OBJS '/usr/share/X11/locale/iso8859-9e'
 /bin/mkdir -p '/usr/share/X11/locale/ja_JP.UTF-8'
 /usr/bin/install -c -m 644  ja_JP.UTF-8/XI18N_OBJS '/usr/share/X11/locale/ja_JP.UTF-8'
 /bin/mkdir -p '/usr/share/X11/locale/koi8-r'
 /usr/bin/install -c -m 644  koi8-r/XI18N_OBJS '/usr/share/X11/locale/koi8-r'
 /bin/mkdir -p '/usr/share/X11/locale/vi_VN.viscii'
 /usr/bin/install -c -m 644  vi_VN.viscii/XI18N_OBJS '/usr/share/X11/locale/vi_VN.viscii'
 /bin/mkdir -p '/usr/share/X11/locale/koi8-u'
 /usr/bin/install -c -m 644  koi8-u/XI18N_OBJS '/usr/share/X11/locale/koi8-u'
 /bin/mkdir -p '/usr/share/X11/locale/ja'
 /usr/bin/install -c -m 644  ja/XI18N_OBJS '/usr/share/X11/locale/ja'
 /bin/mkdir -p '/usr/share/X11/locale/isiri-3342'
 /usr/bin/install -c -m 644  isiri-3342/XI18N_OBJS '/usr/share/X11/locale/isiri-3342'
 /bin/mkdir -p '/usr/share/X11/locale/am_ET.UTF-8'
 /usr/bin/install -c -m 644  am_ET.UTF-8/XI18N_OBJS '/usr/share/X11/locale/am_ET.UTF-8'
 /bin/mkdir -p '/usr/share/X11/locale/vi_VN.tcvn'
 /usr/bin/install -c -m 644  vi_VN.tcvn/XI18N_OBJS '/usr/share/X11/locale/vi_VN.tcvn'
 /bin/mkdir -p '/usr/share/X11/locale/ru_RU.UTF-8'
 /usr/bin/install -c -m 644  ru_RU.UTF-8/XI18N_OBJS '/usr/share/X11/locale/ru_RU.UTF-8'
 /bin/mkdir -p '/usr/share/X11/locale/microsoft-cp1251'
 /usr/bin/install -c -m 644  microsoft-cp1251/XI18N_OBJS '/usr/share/X11/locale/microsoft-cp1251'
 /bin/mkdir -p '/usr/share/X11/locale/zh_TW.UTF-8'
 /usr/bin/install -c -m 644  zh_TW.UTF-8/XI18N_OBJS '/usr/share/X11/locale/zh_TW.UTF-8'
 /bin/mkdir -p '/usr/share/X11/locale/iscii-dev'
 /usr/bin/install -c -m 644  iscii-dev/XI18N_OBJS '/usr/share/X11/locale/iscii-dev'
 /bin/mkdir -p '/usr/share/X11/locale/mulelao-1'
 /usr/bin/install -c -m 644  mulelao-1/XI18N_OBJS '/usr/share/X11/locale/mulelao-1'
 /bin/mkdir -p '/usr/share/X11/locale/microsoft-cp1255'
 /usr/bin/install -c -m 644  microsoft-cp1255/XI18N_OBJS '/usr/share/X11/locale/microsoft-cp1255'
 /bin/mkdir -p '/usr/share/X11/locale/microsoft-cp1256'
 /usr/bin/install -c -m 644  microsoft-cp1256/XI18N_OBJS '/usr/share/X11/locale/microsoft-cp1256'
 /bin/mkdir -p '/usr/share/X11/locale/ja.SJIS'
 /usr/bin/install -c -m 644  ja.SJIS/XI18N_OBJS '/usr/share/X11/locale/ja.SJIS'
 /bin/mkdir -p '/usr/share/X11/locale/iso8859-10'
 /usr/bin/install -c -m 644  iso8859-10/XI18N_OBJS '/usr/share/X11/locale/iso8859-10'
 /bin/mkdir -p '/usr/share/X11/locale/iso8859-11'
 /usr/bin/install -c -m 644  iso8859-11/XI18N_OBJS '/usr/share/X11/locale/iso8859-11'
 /bin/mkdir -p '/usr/share/X11/locale/ja.JIS'
 /usr/bin/install -c -m 644  ja.JIS/XI18N_OBJS '/usr/share/X11/locale/ja.JIS'
 /bin/mkdir -p '/usr/share/X11/locale/iso8859-13'
 /usr/bin/install -c -m 644  iso8859-13/XI18N_OBJS '/usr/share/X11/locale/iso8859-13'
 /bin/mkdir -p '/usr/share/X11/locale/iso8859-14'
 /usr/bin/install -c -m 644  iso8859-14/XI18N_OBJS '/usr/share/X11/locale/iso8859-14'
 /bin/mkdir -p '/usr/share/X11/locale/iso8859-15'
 /usr/bin/install -c -m 644  iso8859-15/XI18N_OBJS '/usr/share/X11/locale/iso8859-15'
 /bin/mkdir -p '/usr/share/X11/locale/pt_BR.UTF-8'
 /usr/bin/install -c -m 644  pt_BR.UTF-8/XI18N_OBJS '/usr/share/X11/locale/pt_BR.UTF-8'
 /bin/mkdir -p '/usr/share/X11/locale'
 /bin/mkdir -p '/usr/share/X11/locale/zh_CN.gbk'
 /usr/bin/install -c -m 644  zh_CN.gbk/XLC_LOCALE zh_CN.gbk/Compose '/usr/share/X11/locale/zh_CN.gbk'
 /bin/mkdir -p '/usr/share/X11/locale/el_GR.UTF-8'
 /usr/bin/install -c -m 644  el_GR.UTF-8/XLC_LOCALE el_GR.UTF-8/Compose '/usr/share/X11/locale/el_GR.UTF-8'
 /bin/mkdir -p '/usr/share/X11/locale/zh_CN'
 /usr/bin/install -c -m 644  zh_CN/XLC_LOCALE zh_CN/Compose '/usr/share/X11/locale/zh_CN'
 /bin/mkdir -p '/usr/share/X11/locale/sr_CS.UTF-8'
 /usr/bin/install -c -m 644  sr_CS.UTF-8/XLC_LOCALE sr_CS.UTF-8/Compose '/usr/share/X11/locale/sr_CS.UTF-8'
 /bin/mkdir -p '/usr/share/X11/locale/georgian-academy'
 /usr/bin/install -c -m 644  georgian-academy/XLC_LOCALE georgian-academy/Compose '/usr/share/X11/locale/georgian-academy'
 /bin/mkdir -p '/usr/share/X11/locale/zh_TW'
 /usr/bin/install -c -m 644  zh_TW/XLC_LOCALE zh_TW/Compose '/usr/share/X11/locale/zh_TW'
 /bin/mkdir -p '/usr/share/X11/locale/zh_HK.UTF-8'
 /usr/bin/install -c -m 644  zh_HK.UTF-8/XLC_LOCALE zh_HK.UTF-8/Compose '/usr/share/X11/locale/zh_HK.UTF-8'
 /bin/mkdir -p '/usr/share/X11/locale/cs_CZ.UTF-8'
 /usr/bin/install -c -m 644  cs_CZ.UTF-8/XLC_LOCALE cs_CZ.UTF-8/Compose '/usr/share/X11/locale/cs_CZ.UTF-8'
 /bin/mkdir -p '/usr/share/X11/locale/iso8859-1'
 /usr/bin/install -c -m 644  iso8859-1/XLC_LOCALE iso8859-1/Compose '/usr/share/X11/locale/iso8859-1'
 /bin/mkdir -p '/usr/share/X11/locale/iso8859-2'
 /usr/bin/install -c -m 644  iso8859-2/XLC_LOCALE iso8859-2/Compose '/usr/share/X11/locale/iso8859-2'
 /bin/mkdir -p '/usr/share/X11/locale/armscii-8'
 /usr/bin/install -c -m 644  armscii-8/XLC_LOCALE armscii-8/Compose '/usr/share/X11/locale/armscii-8'
 /bin/mkdir -p '/usr/share/X11/locale/iso8859-3'
 /usr/bin/install -c -m 644  iso8859-3/XLC_LOCALE iso8859-3/Compose '/usr/share/X11/locale/iso8859-3'
 /bin/mkdir -p '/usr/share/X11/locale/tscii-0'
 /usr/bin/install -c -m 644  tscii-0/XLC_LOCALE tscii-0/Compose '/usr/share/X11/locale/tscii-0'
 /bin/mkdir -p '/usr/share/X11/locale/pt_PT.UTF-8'
 /usr/bin/install -c -m 644  pt_PT.UTF-8/XLC_LOCALE pt_PT.UTF-8/Compose '/usr/share/X11/locale/pt_PT.UTF-8'
 /bin/mkdir -p '/usr/share/X11/locale/iso8859-4'
 /usr/bin/install -c -m 644  iso8859-4/XLC_LOCALE iso8859-4/Compose '/usr/share/X11/locale/iso8859-4'
 /bin/mkdir -p '/usr/share/X11/locale/tatar-cyr'
 /usr/bin/install -c -m 644  tatar-cyr/XLC_LOCALE tatar-cyr/Compose '/usr/share/X11/locale/tatar-cyr'
 /bin/mkdir -p '/usr/share/X11/locale/iso8859-5'
 /usr/bin/install -c -m 644  iso8859-5/XLC_LOCALE iso8859-5/Compose '/usr/share/X11/locale/iso8859-5'
 /bin/mkdir -p '/usr/share/X11/locale/iso8859-6'
 /usr/bin/install -c -m 644  iso8859-6/XLC_LOCALE iso8859-6/Compose '/usr/share/X11/locale/iso8859-6'
 /bin/mkdir -p '/usr/share/X11/locale/iso8859-7'
 /usr/bin/install -c -m 644  iso8859-7/XLC_LOCALE iso8859-7/Compose '/usr/share/X11/locale/iso8859-7'
 /bin/mkdir -p '/usr/share/X11/locale/iso8859-8'
 /usr/bin/install -c -m 644  iso8859-8/XLC_LOCALE iso8859-8/Compose '/usr/share/X11/locale/iso8859-8'
 /bin/mkdir -p '/usr/share/X11/locale/iso8859-9'
 /usr/bin/install -c -m 644  iso8859-9/XLC_LOCALE iso8859-9/Compose '/usr/share/X11/locale/iso8859-9'
 /bin/mkdir -p '/usr/share/X11/locale/th_TH'
 /usr/bin/install -c -m 644  th_TH/XLC_LOCALE th_TH/Compose '/usr/share/X11/locale/th_TH'
 /bin/mkdir -p '/usr/share/X11/locale/km_KH.UTF-8'
 /usr/bin/install -c -m 644  km_KH.UTF-8/XLC_LOCALE km_KH.UTF-8/Compose '/usr/share/X11/locale/km_KH.UTF-8'
 /bin/mkdir -p '/usr/share/X11/locale/ibm-cp1133'
 /usr/bin/install -c -m 644  ibm-cp1133/XLC_LOCALE ibm-cp1133/Compose '/usr/share/X11/locale/ibm-cp1133'
 /bin/mkdir -p '/usr/share/X11/locale/nokhchi-1'
 /usr/bin/install -c -m 644  nokhchi-1/XLC_LOCALE nokhchi-1/Compose '/usr/share/X11/locale/nokhchi-1'
 /bin/mkdir -p '/usr/share/X11/locale/ko'
 /usr/bin/install -c -m 644  ko/XLC_LOCALE ko/Compose '/usr/share/X11/locale/ko'
 /bin/mkdir -p '/usr/share/X11/locale/georgian-ps'
 /usr/bin/install -c -m 644  georgian-ps/XLC_LOCALE georgian-ps/Compose '/usr/share/X11/locale/georgian-ps'
 /bin/mkdir -p '/usr/share/X11/locale/fi_FI.UTF-8'
 /usr/bin/install -c -m 644  fi_FI.UTF-8/XLC_LOCALE fi_FI.UTF-8/Compose '/usr/share/X11/locale/fi_FI.UTF-8'
 /bin/mkdir -p '/usr/share/X11/locale/zh_CN.UTF-8'
 /usr/bin/install -c -m 644  zh_CN.UTF-8/XLC_LOCALE zh_CN.UTF-8/Compose '/usr/share/X11/locale/zh_CN.UTF-8'
 /bin/mkdir -p '/usr/share/X11/locale/en_US.UTF-8'
 /usr/bin/install -c -m 644  en_US.UTF-8/XLC_LOCALE en_US.UTF-8/Compose '/usr/share/X11/locale/en_US.UTF-8'
 /bin/mkdir -p '/usr/share/X11/locale/zh_HK.big5hkscs'
 /usr/bin/install -c -m 644  zh_HK.big5hkscs/XLC_LOCALE zh_HK.big5hkscs/Compose '/usr/share/X11/locale/zh_HK.big5hkscs'
 /bin/mkdir -p '/usr/share/X11/locale/th_TH.UTF-8'
 /usr/bin/install -c -m 644  th_TH.UTF-8/XLC_LOCALE th_TH.UTF-8/Compose '/usr/share/X11/locale/th_TH.UTF-8'
 /bin/mkdir -p '/usr/share/X11/locale/zh_TW.big5'
 /usr/bin/install -c -m 644  zh_TW.big5/XLC_LOCALE zh_TW.big5/Compose '/usr/share/X11/locale/zh_TW.big5'
 /bin/mkdir -p '/usr/share/X11/locale/zh_CN.gb18030'
 /usr/bin/install -c -m 644  zh_CN.gb18030/XLC_LOCALE zh_CN.gb18030/Compose '/usr/share/X11/locale/zh_CN.gb18030'
 /bin/mkdir -p '/usr/share/X11/locale/zh_HK.big5'
 /usr/bin/install -c -m 644  zh_HK.big5/XLC_LOCALE zh_HK.big5/Compose '/usr/share/X11/locale/zh_HK.big5'
 /bin/mkdir -p '/usr/share/X11/locale/ko_KR.UTF-8'
 /usr/bin/install -c -m 644  ko_KR.UTF-8/XLC_LOCALE ko_KR.UTF-8/Compose '/usr/share/X11/locale/ko_KR.UTF-8'
 /bin/mkdir -p '/usr/share/X11/locale/koi8-c'
 /usr/bin/install -c -m 644  koi8-c/XLC_LOCALE koi8-c/Compose '/usr/share/X11/locale/koi8-c'
 /bin/mkdir -p '/usr/share/X11/locale/C'
 /usr/bin/install -c -m 644  C/XLC_LOCALE C/Compose '/usr/share/X11/locale/C'
 /bin/mkdir -p '/usr/share/X11/locale/iso8859-9e'
 /usr/bin/install -c -m 644  iso8859-9e/XLC_LOCALE iso8859-9e/Compose '/usr/share/X11/locale/iso8859-9e'
 /bin/mkdir -p '/usr/share/X11/locale/ja_JP.UTF-8'
 /usr/bin/install -c -m 644  ja_JP.UTF-8/XLC_LOCALE ja_JP.UTF-8/Compose '/usr/share/X11/locale/ja_JP.UTF-8'
 /bin/mkdir -p '/usr/share/X11/locale/koi8-r'
 /usr/bin/install -c -m 644  koi8-r/XLC_LOCALE koi8-r/Compose '/usr/share/X11/locale/koi8-r'
 /bin/mkdir -p '/usr/share/X11/locale/vi_VN.viscii'
 /usr/bin/install -c -m 644  vi_VN.viscii/XLC_LOCALE vi_VN.viscii/Compose '/usr/share/X11/locale/vi_VN.viscii'
 /bin/mkdir -p '/usr/share/X11/locale/koi8-u'
 /usr/bin/install -c -m 644  koi8-u/XLC_LOCALE koi8-u/Compose '/usr/share/X11/locale/koi8-u'
 /bin/mkdir -p '/usr/share/X11/locale/ja'
 /usr/bin/install -c -m 644  ja/XLC_LOCALE ja/Compose '/usr/share/X11/locale/ja'
 /bin/mkdir -p '/usr/share/X11/locale/isiri-3342'
 /usr/bin/install -c -m 644  isiri-3342/XLC_LOCALE isiri-3342/Compose '/usr/share/X11/locale/isiri-3342'
 /bin/mkdir -p '/usr/share/X11/locale/am_ET.UTF-8'
 /usr/bin/install -c -m 644  am_ET.UTF-8/XLC_LOCALE am_ET.UTF-8/Compose '/usr/share/X11/locale/am_ET.UTF-8'
 /bin/mkdir -p '/usr/share/X11/locale/vi_VN.tcvn'
 /usr/bin/install -c -m 644  vi_VN.tcvn/XLC_LOCALE vi_VN.tcvn/Compose '/usr/share/X11/locale/vi_VN.tcvn'
 /bin/mkdir -p '/usr/share/X11/locale/ru_RU.UTF-8'
 /usr/bin/install -c -m 644  ru_RU.UTF-8/XLC_LOCALE ru_RU.UTF-8/Compose '/usr/share/X11/locale/ru_RU.UTF-8'
 /bin/mkdir -p '/usr/share/X11/locale/microsoft-cp1251'
 /usr/bin/install -c -m 644  microsoft-cp1251/XLC_LOCALE microsoft-cp1251/Compose '/usr/share/X11/locale/microsoft-cp1251'
 /bin/mkdir -p '/usr/share/X11/locale/zh_TW.UTF-8'
 /usr/bin/install -c -m 644  zh_TW.UTF-8/XLC_LOCALE zh_TW.UTF-8/Compose '/usr/share/X11/locale/zh_TW.UTF-8'
 /bin/mkdir -p '/usr/share/X11/locale/iscii-dev'
 /usr/bin/install -c -m 644  iscii-dev/XLC_LOCALE iscii-dev/Compose '/usr/share/X11/locale/iscii-dev'
 /bin/mkdir -p '/usr/share/X11/locale/mulelao-1'
 /usr/bin/install -c -m 644  mulelao-1/XLC_LOCALE mulelao-1/Compose '/usr/share/X11/locale/mulelao-1'
 /bin/mkdir -p '/usr/share/X11/locale/microsoft-cp1255'
 /usr/bin/install -c -m 644  microsoft-cp1255/XLC_LOCALE microsoft-cp1255/Compose '/usr/share/X11/locale/microsoft-cp1255'
 /bin/mkdir -p '/usr/share/X11/locale/microsoft-cp1256'
 /usr/bin/install -c -m 644  microsoft-cp1256/XLC_LOCALE microsoft-cp1256/Compose '/usr/share/X11/locale/microsoft-cp1256'
 /bin/mkdir -p '/usr/share/X11/locale/ja.SJIS'
 /usr/bin/install -c -m 644  ja.SJIS/XLC_LOCALE ja.SJIS/Compose '/usr/share/X11/locale/ja.SJIS'
 /bin/mkdir -p '/usr/share/X11/locale/iso8859-10'
 /usr/bin/install -c -m 644  iso8859-10/XLC_LOCALE iso8859-10/Compose '/usr/share/X11/locale/iso8859-10'
 /bin/mkdir -p '/usr/share/X11/locale/iso8859-11'
 /usr/bin/install -c -m 644  iso8859-11/XLC_LOCALE iso8859-11/Compose '/usr/share/X11/locale/iso8859-11'
 /bin/mkdir -p '/usr/share/X11/locale/ja.JIS'
 /usr/bin/install -c -m 644  ja.JIS/XLC_LOCALE ja.JIS/Compose '/usr/share/X11/locale/ja.JIS'
 /bin/mkdir -p '/usr/share/X11/locale/iso8859-13'
 /usr/bin/install -c -m 644  iso8859-13/XLC_LOCALE iso8859-13/Compose '/usr/share/X11/locale/iso8859-13'
 /bin/mkdir -p '/usr/share/X11/locale/iso8859-14'
 /usr/bin/install -c -m 644  iso8859-14/XLC_LOCALE iso8859-14/Compose '/usr/share/X11/locale/iso8859-14'
 /bin/mkdir -p '/usr/share/X11/locale/iso8859-15'
 /usr/bin/install -c -m 644  iso8859-15/XLC_LOCALE iso8859-15/Compose '/usr/share/X11/locale/iso8859-15'
 /bin/mkdir -p '/usr/share/X11/locale/pt_BR.UTF-8'
 /usr/bin/install -c -m 644  pt_BR.UTF-8/XLC_LOCALE pt_BR.UTF-8/Compose '/usr/share/X11/locale/pt_BR.UTF-8'
 /bin/mkdir -p '/usr/share/X11/locale'
 /usr/bin/install -c -m 644 locale.alias locale.dir compose.dir '/usr/share/X11/locale'
make[2]: Leaving directory '/lfskernel/sources/boot/X11/libs/libX11-1.6.5/nls'
make[1]: Leaving directory '/lfskernel/sources/boot/X11/libs/libX11-1.6.5/nls'
Making install in man
make[1]: Entering directory '/lfskernel/sources/boot/X11/libs/libX11-1.6.5/man'
Making install in xkb
make[2]: Entering directory '/lfskernel/sources/boot/X11/libs/libX11-1.6.5/man/xkb'
make[3]: Entering directory '/lfskernel/sources/boot/X11/libs/libX11-1.6.5/man/xkb'
make[3]: Nothing to be done for 'install-exec-am'.
 /bin/mkdir -p '/usr/share/man/man3'
 /usr/bin/install -c -m 644 XkbActionCtrls.3 XkbAddDeviceLedInfo.3 XkbAddGeomColor.3 XkbAddGeomDoodad.3 XkbAddGeomKey.3 XkbAddGeomKeyAlias.3 XkbAddGeomOutline.3 XkbAddGeomOverlay.3 XkbAddGeomOverlayKey.3 XkbAddGeomOverlayRow.3 XkbAddGeomProperty.3 XkbAddGeomRow.3 XkbAddGeomSection.3 XkbAddGeomShape.3 XkbAddSymInterpret.3 XkbAllocClientMap.3 XkbAllocCompatMap.3 XkbAllocControls.3 XkbAllocDeviceInfo.3 XkbAllocDeviceLedInfo.3 XkbAllocGeomColors.3 XkbAllocGeomDoodads.3 XkbAllocGeomKeyAliases.3 XkbAllocGeomKeys.3 XkbAllocGeomOutlines.3 XkbAllocGeomOverlayKey.3 XkbAllocGeomOverlayRows.3 XkbAllocGeomOverlays.3 XkbAllocGeomPoints.3 XkbAllocGeomProps.3 XkbAllocGeomRows.3 XkbAllocGeomSectionDoodads.3 XkbAllocGeomSections.3 XkbAllocGeomShapes.3 XkbAllocGeometry.3 XkbAllocIndicatorMaps.3 XkbAllocKeyboard.3 XkbAllocNames.3 XkbAllocServerMap.3 XkbApplyCompatMapToKey.3 '/usr/share/man/man3'
 /usr/bin/install -c -m 644 XkbBell.3 XkbBellEvent.3 XkbChangeControls.3 XkbChangeDeviceInfo.3 XkbChangeEnabledControls.3 XkbChangeIndicators.3 XkbChangeMap.3 XkbChangeNames.3 XkbChangeTypesOfKey.3 XkbComputeRowBounds.3 XkbComputeSectionBounds.3 XkbComputeShapeBounds.3 XkbComputeShapeTop.3 XkbCopyKeyType.3 XkbCopyKeyTypes.3 XkbDeviceBell.3 XkbDeviceBellEvent.3 XkbFindOverlayForKey.3 XkbForceBell.3 XkbForceDeviceBell.3 XkbFreeClientMap.3 XkbFreeCompatMap.3 XkbFreeComponentList.3 XkbFreeControls.3 XkbFreeDeviceInfo.3 XkbFreeGeomColors.3 XkbFreeGeomDoodads.3 XkbFreeGeomKeyAliases.3 XkbFreeGeomKeys.3 XkbFreeGeomOutlines.3 XkbFreeGeomOverlayKeys.3 XkbFreeGeomOverlayRows.3 XkbFreeGeomOverlays.3 XkbFreeGeomPoints.3 XkbFreeGeomProperties.3 XkbFreeGeomRows.3 XkbFreeGeomSections.3 XkbFreeGeomShapes.3 XkbFreeGeometry.3 XkbFreeIndicatorMaps.3 '/usr/share/man/man3'
 /usr/bin/install -c -m 644 XkbFreeKeyboard.3 XkbFreeNames.3 XkbFreeServerMap.3 XkbGetAccessXTimeout.3 XkbGetAutoRepeatRate.3 XkbGetAutoResetControls.3 XkbGetBounceKeysDelay.3 XkbGetCompatMap.3 XkbGetControls.3 XkbGetControlsChanges.3 XkbGetDetectableAutoRepeat.3 XkbGetDeviceButtonActions.3 XkbGetDeviceInfo.3 XkbGetDeviceInfoChanges.3 XkbGetDeviceLedInfo.3 XkbGetGeometry.3 XkbGetIndicatorChanges.3 XkbGetIndicatorMap.3 XkbGetIndicatorState.3 XkbGetKeyActions.3 XkbGetKeyBehaviors.3 XkbGetKeyExplicitComponents.3 XkbGetKeyModifierMap.3 XkbGetKeySyms.3 XkbGetKeyTypes.3 XkbGetKeyVirtualModMap.3 XkbGetKeyboard.3 XkbGetKeyboardByName.3 XkbGetMap.3 XkbGetNameChanges.3 XkbGetNamedGeometry.3 XkbGetNamedIndicator.3 XkbGetNames.3 XkbGetSlowKeysDelay.3 XkbGetState.3 XkbGetStickyKeysOptions.3 XkbGetUpdatedMap.3 XkbGetVirtualMods.3 XkbGetXlibControls.3 XkbIgnoreExtension.3 '/usr/share/man/man3'
 /usr/bin/install -c -m 644 XkbInitCanonicalKeyTypes.3 XkbKeyAction.3 XkbKeyActionEntry.3 XkbKeyActionsPtr.3 XkbKeyGroupInfo.3 XkbKeyGroupWidth.3 XkbKeyGroupsWidth.3 XkbKeyHasActions.3 XkbKeyNumActions.3 XkbKeyNumGroups.3 XkbKeyNumSyms.3 XkbKeySymEntry.3 XkbKeySymsOffset.3 XkbKeySymsPtr.3 XkbKeyType.3 XkbKeyTypeIndex.3 XkbKeyTypesForCoreSymbols.3 XkbKeycodeToKeysym.3 XkbKeysymToModifiers.3 XkbLatchGroup.3 XkbLatchModifiers.3 XkbLibraryVersion.3 XkbListComponents.3 XkbLockGroup.3 XkbLockModifiers.3 XkbLookupKeyBinding.3 XkbLookupKeySym.3 XkbModActionVMods.3 XkbNoteControlsChanges.3 XkbNoteDeviceChanges.3 XkbNoteIndicatorChanges.3 XkbNoteNameChanges.3 XkbOpenDisplay.3 XkbOutOfRangeGroupInfo.3 XkbOutOfRangeGroupNumber.3 XkbPtrActionX.3 XkbPtrActionY.3 XkbQueryExtension.3 XkbRefreshKeyboardMapping.3 XkbResizeDeviceButtonActions.3 '/usr/share/man/man3'
 /usr/bin/install -c -m 644 XkbResizeKeyActions.3 XkbResizeKeySyms.3 XkbResizeKeyType.3 XkbSAActionSetCtrls.3 XkbSAGroup.3 XkbSAPtrDfltValue.3 XkbSARedirectSetVMods.3 XkbSARedirectSetVModsMask.3 XkbSARedirectVMods.3 XkbSARedirectVModsMask.3 XkbSAScreen.3 XkbSASetGroup.3 XkbSASetPtrDfltValue.3 XkbSASetScreen.3 XkbSelectEventDetails.3 XkbSelectEvents.3 XkbSetAccessXTimeout.3 XkbSetAutoRepeatRate.3 XkbSetAutoResetControls.3 XkbSetBounceKeysDelay.3 XkbSetCompatMap.3 XkbSetControls.3 XkbSetDebuggingFlags.3 XkbSetDetectableAutoRepeat.3 XkbSetDeviceButtonActions.3 XkbSetDeviceInfo.3 XkbSetIgnoreLockMods.3 XkbSetIndicatorMap.3 XkbSetMap.3 XkbSetModActionVMods.3 XkbSetNamedIndicator.3 XkbSetNames.3 XkbSetPtrActionX.3 XkbSetPtrActionY.3 XkbSetServerInternalMods.3 XkbSetXlibControls.3 XkbTranslateKeyCode.3 XkbTranslateKeySym.3 XkbUpdateMapFromCore.3 XkbVirtualModsToReal.3 '/usr/share/man/man3'
make[3]: Leaving directory '/lfskernel/sources/boot/X11/libs/libX11-1.6.5/man/xkb'
make[2]: Leaving directory '/lfskernel/sources/boot/X11/libs/libX11-1.6.5/man/xkb'
make[2]: Entering directory '/lfskernel/sources/boot/X11/libs/libX11-1.6.5/man'
make[3]: Entering directory '/lfskernel/sources/boot/X11/libs/libX11-1.6.5/man'
make[3]: Nothing to be done for 'install-exec-am'.
 /bin/mkdir -p '/usr/share/man/man5'
 /usr/bin/install -c -m 644 Compose.5 XCompose.5 '/usr/share/man/man5'
 /bin/mkdir -p '/usr/share/man/man3'
 /usr/bin/install -c -m 644 BlackPixel.3 WhitePixel.3 ConnectionNumber.3 DefaultColormap.3 DefaultDepth.3 XListDepths.3 DefaultGC.3 DefaultRootWindow.3 DefaultScreenOfDisplay.3 DefaultScreen.3 DefaultVisual.3 DisplayCells.3 DisplayPlanes.3 DisplayString.3 XMaxRequestSize.3 XExtendedMaxRequestSize.3 LastKnownRequestProcessed.3 NextRequest.3 ProtocolVersion.3 ProtocolRevision.3 QLength.3 RootWindow.3 ScreenCount.3 ScreenOfDisplay.3 ServerVendor.3 VendorRelease.3 WhitePixelOfScreen.3 CellsOfScreen.3 DefaultColormapOfScreen.3 DefaultDepthOfScreen.3 DefaultGCOfScreen.3 DefaultVisualOfScreen.3 DoesBackingStore.3 DoesSaveUnders.3 DisplayOfScreen.3 XScreenNumberOfScreen.3 EventMaskOfScreen.3 HeightOfScreen.3 HeightMMOfScreen.3 MaxCmapsOfScreen.3 '/usr/share/man/man3'
 /usr/bin/install -c -m 644 MinCmapsOfScreen.3 PlanesOfScreen.3 RootWindowOfScreen.3 WidthOfScreen.3 WidthMMOfScreen.3 VisualOfCCC.3 ScreenNumberOfCCC.3 ScreenWhitePointOfCCC.3 ClientWhitePointOfCCC.3 BitmapBitOrder.3 BitmapPad.3 BitmapUnit.3 DisplayHeight.3 DisplayHeightMM.3 DisplayWidth.3 DisplayWidthMM.3 XListPixmapFormats.3 XPixmapFormatValues.3 IsFunctionKey.3 IsKeypadKey.3 IsMiscFunctionKey.3 IsModifierKey.3 IsPFKey.3 IsPrivateKeypadKey.3 XSetClassHint.3 XGetClassHint.3 XClassHint.3 XSetIconSizes.3 XGetIconSizes.3 XIconSize.3 XSetRGBColormaps.3 XGetRGBColormaps.3 XStandardColormap.3 XSetWMNormalHints.3 XGetWMNormalHints.3 XSetWMSizeHints.3 XGetWMSizeHints.3 XSizeHints.3 XSetWMHints.3 XGetWMHints.3 '/usr/share/man/man3'
 /usr/bin/install -c -m 644 XWMHints.3 XAddHosts.3 XListHosts.3 XRemoveHost.3 XRemoveHosts.3 XSetAccessControl.3 XEnableAccessControl.3 XDisableAccessControl.3 XHostAddress.3 XAllocNamedColor.3 XAllocColorCells.3 XAllocColorPlanes.3 XFreeColors.3 XEvent.3 XKeyEvent.3 XMotionEvent.3 XGetKeyboardControl.3 XAutoRepeatOn.3 XAutoRepeatOff.3 XBell.3 XQueryKeymap.3 XKeyboardControl.3 XGetKeyboardMapping.3 XDisplayKeycodes.3 XSetModifierMapping.3 XGetModifierMapping.3 XNewModifiermap.3 XInsertModifiermapEntry.3 XDeleteModifiermapEntry.3 XFreeModifiermap.3 XModifierKeymap.3 XGetPointerControl.3 XAddToSaveSet.3 XRemoveFromSaveSet.3 XSetWindowBackground.3 XSetWindowBackgroundPixmap.3 XSetWindowBorder.3 XSetWindowBorderPixmap.3 XSetWindowColormap.3 XClearWindow.3 '/usr/share/man/man3'
 /usr/bin/install -c -m 644 XMoveWindow.3 XResizeWindow.3 XMoveResizeWindow.3 XSetWindowBorderWidth.3 XWindowChanges.3 XCopyPlane.3 XCopyColormapAndFree.3 XFreeColormap.3 XColor.3 XCreatePixmapCursor.3 XCreateGlyphCursor.3 XFreeFontSet.3 XCopyGC.3 XChangeGC.3 XGetGCValues.3 XFreeGC.3 XGContextFromGC.3 XGCValues.3 XDestroyIC.3 XIMOfIC.3 XCreateImage.3 XGetPixel.3 XPutPixel.3 XSubImage.3 XAddPixel.3 XDestroyImage.3 XDestroyOC.3 XSetOCValues.3 XGetOCValues.3 XOMOfOC.3 XFreePixmap.3 XSetRegion.3 XDestroyRegion.3 XCreateSimpleWindow.3 XSetWindowAttributes.3 XUndefineCursor.3 XDestroySubwindows.3 XDrawArcs.3 XArc.3 XDrawImageString16.3 '/usr/share/man/man3'
 /usr/bin/install -c -m 644 XDrawLines.3 XDrawSegments.3 XSegment.3 XDrawPoints.3 XPoint.3 XDrawRectangles.3 XRectangle.3 XDrawString16.3 XDrawText16.3 XTextItem.3 XTextItem16.3 XEqualRegion.3 XPointInRegion.3 XRectInRegion.3 XFillRectangles.3 XFillPolygon.3 XFillArc.3 XFillArcs.3 XSync.3 XEventsQueued.3 XPending.3 XBaseFontNameListOfFontSet.3 XLocaleOfFontSet.3 XContextDependentDrawing.3 XContextualDrawing.3 XDirectionalDependentDrawing.3 XNoExposeEvent.3 XrmPutFileDatabase.3 XrmGetStringDatabase.3 XrmLocaleOfDatabase.3 XrmGetDatabase.3 XrmSetDatabase.3 XrmDestroyDatabase.3 XrmQGetResource.3 XrmQGetSearchList.3 XrmQGetSearchResource.3 XFreeEventData.3 XGenericEventCookie.3 XMatchVisualInfo.3 XVisualIDFromVisual.3 '/usr/share/man/man3'
 /usr/bin/install -c -m 644 XVisualInfo.3 XGetGeometry.3 XWindowAttributes.3 XListProperties.3 XChangeProperty.3 XRotateWindowProperties.3 XDeleteProperty.3 XUngrabButton.3 XUngrabKey.3 XUngrabKeyboard.3 XUngrabPointer.3 XChangeActivePointerGrab.3 XUngrabServer.3 XWithdrawWindow.3 XReconfigureWMWindow.3 XCheckIfEvent.3 XPeekIfEvent.3 XrmParseCommand.3 XrmValue.3 XrmOptionKind.3 XrmOptionDescRec.3 XUninstallColormap.3 XListInstalledColormaps.3 XRemoveConnectionWatch.3 XProcessInternalConnection.3 XInternalConnectionNumbers.3 XUnionRegion.3 XUnionRectWithRegion.3 XSubtractRegion.3 XXorRegion.3 XOffsetRegion.3 XShrinkRegion.3 XInternAtoms.3 XGetAtomName.3 XGetAtomNames.3 XFreeFontNames.3 XListFontsWithInfo.3 XFreeFontInfo.3 XQueryFont.3 XLoadQueryFont.3 '/usr/share/man/man3'
 /usr/bin/install -c -m 644 XFreeFont.3 XGetFontProperty.3 XUnloadFont.3 XCharStruct.3 XFontProp.3 XChar2b.3 XFontStruct.3 XRefreshKeyboardMapping.3 XLookupString.3 XRebindKeysym.3 XrmCombineDatabase.3 XrmCombineFileDatabase.3 XMappingEvent.3 XMapRaised.3 XMapSubwindows.3 XPeekEvent.3 XWindowEvent.3 XCheckWindowEvent.3 XMaskEvent.3 XCheckMaskEvent.3 XCheckTypedEvent.3 XCheckTypedWindowEvent.3 XCloseDisplay.3 XCloseIM.3 XSetIMValues.3 XGetIMValues.3 XDisplayOfIM.3 XLocaleOfIM.3 XRegisterIMInstantiateCallback.3 XUnregisterIMInstantiateCallback.3 XCloseOM.3 XSetOMValues.3 XGetOMValues.3 XDisplayOfOM.3 XLocaleOfOM.3 XWMGeometry.3 XClipBox.3 XGetImage.3 XGetSubImage.3 XrmQPutResource.3 '/usr/share/man/man3'
 /usr/bin/install -c -m 644 XrmPutStringResource.3 XrmQPutStringResource.3 XrmPutLineResource.3 XQueryBestTile.3 XQueryBestStipple.3 XQueryColors.3 XLookupColor.3 XParseColor.3 XListExtensions.3 XFreeExtensionList.3 XScreenResourceString.3 XLowerWindow.3 XCirculateSubwindows.3 XCirculateSubwindowsUp.3 XCirculateSubwindowsDown.3 XRestackWindows.3 XReadBitmapFileData.3 XWriteBitmapFile.3 XCreatePixmapFromBitmapData.3 XCreateBitmapFromData.3 XFreeCursor.3 XQueryBestCursor.3 XFindContext.3 XDeleteContext.3 XUniqueContext.3 XUnsetICFocus.3 XGetICValues.3 XTextPropertyToStringList.3 XFreeStringList.3 XTextProperty.3 XSetSubwindowMode.3 XSetGraphicsExposure.3 XSetClipMask.3 XSetClipRectangles.3 XKillClient.3 XGetCommand.3 XGetErrorText.3 XDisplayName.3 XSetIOErrorHandler.3 XGetErrorDatabaseText.3 '/usr/share/man/man3'
 /usr/bin/install -c -m 644 XDisplayMotionBufferSize.3 XGetMotionEvents.3 XTimeCoord.3 XSetFillRule.3 XGetFontPath.3 XFreeFontPath.3 XGetInputFocus.3 XSetDashes.3 XGetPointerMapping.3 XForceScreenSaver.3 XActivateScreenSaver.3 XResetScreenSaver.3 XGetScreenSaver.3 XGetSelectionOwner.3 XConvertSelection.3 XSetFunction.3 XSetPlaneMask.3 XSetForeground.3 XSetBackground.3 XGetTransientForHint.3 XGetTextProperty.3 XSetStipple.3 XSetTSOrigin.3 XGetWMClientMachine.3 XGetWMColormapWindows.3 XGetWMIconName.3 XSetIconName.3 XGetIconName.3 XGetWMName.3 XStoreName.3 XFetchName.3 XmbSetWMProperties.3 Xutf8SetWMProperties.3 XGetWMProtocols.3 XStoreBuffer.3 XFetchBytes.3 XFetchBuffer.3 XRotateBuffers.3 XStoreColor.3 XStoreNamedColor.3 '/usr/share/man/man3'
 /usr/bin/install -c -m 644 XKeysymToString.3 XKeycodeToKeysym.3 XKeysymToKeycode.3 XConvertCase.3 XSetLocaleModifiers.3 XSetAfterFunction.3 XwcTextListToTextProperty.3 Xutf8TextListToTextProperty.3 XmbTextPropertyToTextList.3 XwcTextPropertyToTextList.3 Xutf8TextPropertyToTextList.3 XwcFreeStringList.3 XDefaultString.3 XTextExtents16.3 XQueryTextExtents.3 XQueryTextExtents16.3 XTextWidth16.3 XLockDisplay.3 XUnlockDisplay.3 XrmStringToQuark.3 XrmPermStringToQuark.3 XrmQuarkToString.3 XrmStringToQuarkList.3 XrmStringToBindingQuarkList.3 XUnmapSubwindows.3 XcmsSetCCCOfColormap.3 XcmsAllocNamedColor.3 XcmsRGB.3 XcmsRGBi.3 XcmsCIEXYZ.3 XcmsCIEuvY.3 XcmsCIExyY.3 XcmsCIELab.3 XcmsCIELuv.3 XcmsTekHVC.3 XcmsPad.3 XcmsFreeCCC.3 XcmsCIELabQueryMaxL.3 XcmsCIELabQueryMaxLC.3 XcmsCIELabQueryMinL.3 '/usr/share/man/man3'
 /usr/bin/install -c -m 644 XcmsCIELuvQueryMaxL.3 XcmsCIELuvQueryMaxLC.3 XcmsCIELuvQueryMinL.3 XcmsQueryBlue.3 XcmsQueryGreen.3 XcmsQueryRed.3 XcmsQueryWhite.3 XcmsQueryColors.3 XcmsLookupColor.3 XcmsStoreColors.3 XcmsSetWhiteAdjustProc.3 XcmsTekHVCQueryMaxV.3 XcmsTekHVCQueryMaxVC.3 XcmsTekHVCQueryMaxVSamples.3 XcmsTekHVCQueryMinV.3 XwcDrawImageString.3 Xutf8DrawImageString.3 XwcDrawString.3 Xutf8DrawString.3 XwcDrawText.3 Xutf8DrawText.3 XwcLookupString.3 Xutf8LookupString.3 XwcResetIC.3 Xutf8ResetIC.3 XwcTextEscapement.3 Xutf8TextEscapement.3 XwcTextExtents.3 Xutf8TextExtents.3 XwcTextPerCharExtents.3 Xutf8TextPerCharExtents.3 XCompose.3 AllPlanes.3 BlackPixelOfScreen.3 DisplayOfCCC.3 ImageByteOrder.3 IsCursorKey.3 XAddConnectionWatch.3 XAddHost.3 XAllocClassHint.3 '/usr/share/man/man3'
 /usr/bin/install -c -m 644 XAllocColor.3 XAllocIconSize.3 XAllocSizeHints.3 XAllocStandardColormap.3 XAllocWMHints.3 XAllowEvents.3 XAnyEvent.3 XButtonEvent.3 XChangeKeyboardControl.3 XChangeKeyboardMapping.3 XChangePointerControl.3 XChangeSaveSet.3 XChangeWindowAttributes.3 XCirculateEvent.3 XCirculateRequestEvent.3 XClearArea.3 XClientMessageEvent.3 XcmsAllocColor.3 XcmsCCCOfColormap.3 XcmsCIELabQueryMaxC.3 XcmsCIELuvQueryMaxC.3 XcmsColor.3 XcmsConvertColors.3 XcmsCreateCCC.3 XcmsDefaultCCC.3 XcmsQueryBlack.3 XcmsQueryColor.3 XcmsSetWhitePoint.3 XcmsStoreColor.3 XcmsTekHVCQueryMaxC.3 XColormapEvent.3 XConfigureEvent.3 XConfigureRequestEvent.3 XConfigureWindow.3 XCopyArea.3 XCreateColormap.3 XCreateFontCursor.3 XCreateFontSet.3 XCreateGC.3 XCreateIC.3 '/usr/share/man/man3'
 /usr/bin/install -c -m 644 XCreateOC.3 XCreatePixmap.3 XCreateRegion.3 XCreateWindowEvent.3 XCreateWindow.3 XCrossingEvent.3 XDefineCursor.3 XDestroyWindowEvent.3 XDestroyWindow.3 XDrawArc.3 XDrawImageString.3 XDrawLine.3 XDrawPoint.3 XDrawRectangle.3 XDrawString.3 XDrawText.3 XEmptyRegion.3 XErrorEvent.3 XExposeEvent.3 XExtentsOfFontSet.3 XFillRectangle.3 XFilterEvent.3 XFlush.3 XFocusChangeEvent.3 XFontSetExtents.3 XFontsOfFontSet.3 XFree.3 XGetEventData.3 XGetVisualInfo.3 XGetWindowAttributes.3 XGetWindowProperty.3 XGetXCBConnection.3 XGrabButton.3 XGrabKeyboard.3 XGrabKey.3 XGrabPointer.3 XGrabServer.3 XGraphicsExposeEvent.3 XGravityEvent.3 XIconifyWindow.3 '/usr/share/man/man3'
 /usr/bin/install -c -m 644 XIfEvent.3 XInitImage.3 XInitThreads.3 XInstallColormap.3 XInternAtom.3 XIntersectRegion.3 XKeymapEvent.3 XListFonts.3 XLoadFont.3 XLookupKeysym.3 XMapEvent.3 XMapRequestEvent.3 XMapWindow.3 XmbDrawImageString.3 XmbDrawString.3 XmbDrawText.3 XmbLookupString.3 XmbResetIC.3 XmbTextEscapement.3 XmbTextExtents.3 XmbTextListToTextProperty.3 XmbTextPerCharExtents.3 XNextEvent.3 XNoOp.3 XOpenDisplay.3 XOpenIM.3 XOpenOM.3 XParseGeometry.3 XPolygonRegion.3 XPropertyEvent.3 XPutBackEvent.3 XPutImage.3 XQueryBestSize.3 XQueryColor.3 XQueryExtension.3 XQueryPointer.3 XQueryTree.3 XRaiseWindow.3 XReadBitmapFile.3 XRecolorCursor.3 '/usr/share/man/man3'
 /usr/bin/install -c -m 644 XReparentEvent.3 XReparentWindow.3 XResizeRequestEvent.3 XResourceManagerString.3 XrmEnumerateDatabase.3 XrmGetFileDatabase.3 XrmGetResource.3 XrmInitialize.3 XrmMergeDatabases.3 XrmPutResource.3 XrmUniqueQuark.3 XSaveContext.3 XSelectInput.3 XSelectionClearEvent.3 XSelectionEvent.3 XSelectionRequestEvent.3 XSendEvent.3 XSetArcMode.3 XSetClipOrigin.3 XSetCloseDownMode.3 XSetCommand.3 XSetErrorHandler.3 XSetEventQueueOwner.3 XSetFillStyle.3 XSetFont.3 XSetFontPath.3 XSetICFocus.3 XSetICValues.3 XSetInputFocus.3 XSetLineAttributes.3 XSetPointerMapping.3 XSetScreenSaver.3 XSetSelectionOwner.3 XSetState.3 XSetTextProperty.3 XSetTile.3 XSetTransientForHint.3 XSetWMClientMachine.3 XSetWMColormapWindows.3 XSetWMIconName.3 '/usr/share/man/man3'
 /usr/bin/install -c -m 644 XSetWMName.3 XSetWMProperties.3 XSetWMProtocols.3 XStoreBytes.3 XStoreColors.3 XStringListToTextProperty.3 XStringToKeysym.3 XSupportsLocale.3 XSynchronize.3 XTextExtents.3 XTextWidth.3 XTranslateCoordinates.3 XUnmapEvent.3 XUnmapWindow.3 XVaCreateNestedList.3 XVisibilityEvent.3 XWarpPointer.3 BlackPixel.3 WhitePixel.3 ConnectionNumber.3 DefaultColormap.3 DefaultDepth.3 XListDepths.3 DefaultGC.3 DefaultRootWindow.3 DefaultScreenOfDisplay.3 DefaultScreen.3 DefaultVisual.3 DisplayCells.3 DisplayPlanes.3 DisplayString.3 XMaxRequestSize.3 XExtendedMaxRequestSize.3 LastKnownRequestProcessed.3 NextRequest.3 ProtocolVersion.3 ProtocolRevision.3 QLength.3 RootWindow.3 ScreenCount.3 '/usr/share/man/man3'
 /usr/bin/install -c -m 644 ScreenOfDisplay.3 ServerVendor.3 VendorRelease.3 WhitePixelOfScreen.3 CellsOfScreen.3 DefaultColormapOfScreen.3 DefaultDepthOfScreen.3 DefaultGCOfScreen.3 DefaultVisualOfScreen.3 DoesBackingStore.3 DoesSaveUnders.3 DisplayOfScreen.3 XScreenNumberOfScreen.3 EventMaskOfScreen.3 HeightOfScreen.3 HeightMMOfScreen.3 MaxCmapsOfScreen.3 MinCmapsOfScreen.3 PlanesOfScreen.3 RootWindowOfScreen.3 WidthOfScreen.3 WidthMMOfScreen.3 VisualOfCCC.3 ScreenNumberOfCCC.3 ScreenWhitePointOfCCC.3 ClientWhitePointOfCCC.3 BitmapBitOrder.3 BitmapPad.3 BitmapUnit.3 DisplayHeight.3 DisplayHeightMM.3 DisplayWidth.3 DisplayWidthMM.3 XListPixmapFormats.3 XPixmapFormatValues.3 IsFunctionKey.3 IsKeypadKey.3 IsMiscFunctionKey.3 IsModifierKey.3 IsPFKey.3 '/usr/share/man/man3'
 /usr/bin/install -c -m 644 IsPrivateKeypadKey.3 XSetClassHint.3 XGetClassHint.3 XClassHint.3 XSetIconSizes.3 XGetIconSizes.3 XIconSize.3 XSetRGBColormaps.3 XGetRGBColormaps.3 XStandardColormap.3 XSetWMNormalHints.3 XGetWMNormalHints.3 XSetWMSizeHints.3 XGetWMSizeHints.3 XSizeHints.3 XSetWMHints.3 XGetWMHints.3 XWMHints.3 XAddHosts.3 XListHosts.3 XRemoveHost.3 XRemoveHosts.3 XSetAccessControl.3 XEnableAccessControl.3 XDisableAccessControl.3 XHostAddress.3 XAllocNamedColor.3 XAllocColorCells.3 XAllocColorPlanes.3 XFreeColors.3 XEvent.3 XKeyEvent.3 XMotionEvent.3 XGetKeyboardControl.3 XAutoRepeatOn.3 XAutoRepeatOff.3 XBell.3 XQueryKeymap.3 XKeyboardControl.3 XGetKeyboardMapping.3 '/usr/share/man/man3'
 /usr/bin/install -c -m 644 XDisplayKeycodes.3 XSetModifierMapping.3 XGetModifierMapping.3 XNewModifiermap.3 XInsertModifiermapEntry.3 XDeleteModifiermapEntry.3 XFreeModifiermap.3 XModifierKeymap.3 XGetPointerControl.3 XAddToSaveSet.3 XRemoveFromSaveSet.3 XSetWindowBackground.3 XSetWindowBackgroundPixmap.3 XSetWindowBorder.3 XSetWindowBorderPixmap.3 XSetWindowColormap.3 XClearWindow.3 XMoveWindow.3 XResizeWindow.3 XMoveResizeWindow.3 XSetWindowBorderWidth.3 XWindowChanges.3 XCopyPlane.3 XCopyColormapAndFree.3 XFreeColormap.3 XColor.3 XCreatePixmapCursor.3 XCreateGlyphCursor.3 XFreeFontSet.3 XCopyGC.3 XChangeGC.3 XGetGCValues.3 XFreeGC.3 XGContextFromGC.3 XGCValues.3 XDestroyIC.3 XIMOfIC.3 XCreateImage.3 XGetPixel.3 XPutPixel.3 '/usr/share/man/man3'
 /usr/bin/install -c -m 644 XSubImage.3 XAddPixel.3 XDestroyImage.3 XDestroyOC.3 XSetOCValues.3 XGetOCValues.3 XOMOfOC.3 XFreePixmap.3 XSetRegion.3 XDestroyRegion.3 XCreateSimpleWindow.3 XSetWindowAttributes.3 XUndefineCursor.3 XDestroySubwindows.3 XDrawArcs.3 XArc.3 XDrawImageString16.3 XDrawLines.3 XDrawSegments.3 XSegment.3 XDrawPoints.3 XPoint.3 XDrawRectangles.3 XRectangle.3 XDrawString16.3 XDrawText16.3 XTextItem.3 XTextItem16.3 XEqualRegion.3 XPointInRegion.3 XRectInRegion.3 XFillRectangles.3 XFillPolygon.3 XFillArc.3 XFillArcs.3 XSync.3 XEventsQueued.3 XPending.3 XBaseFontNameListOfFontSet.3 XLocaleOfFontSet.3 '/usr/share/man/man3'
 /usr/bin/install -c -m 644 XContextDependentDrawing.3 XContextualDrawing.3 XDirectionalDependentDrawing.3 XNoExposeEvent.3 XrmPutFileDatabase.3 XrmGetStringDatabase.3 XrmLocaleOfDatabase.3 XrmGetDatabase.3 XrmSetDatabase.3 XrmDestroyDatabase.3 XrmQGetResource.3 XrmQGetSearchList.3 XrmQGetSearchResource.3 XFreeEventData.3 XGenericEventCookie.3 XMatchVisualInfo.3 XVisualIDFromVisual.3 XVisualInfo.3 XGetGeometry.3 XWindowAttributes.3 XListProperties.3 XChangeProperty.3 XRotateWindowProperties.3 XDeleteProperty.3 XUngrabButton.3 XUngrabKey.3 XUngrabKeyboard.3 XUngrabPointer.3 XChangeActivePointerGrab.3 XUngrabServer.3 XWithdrawWindow.3 XReconfigureWMWindow.3 XCheckIfEvent.3 XPeekIfEvent.3 XrmParseCommand.3 XrmValue.3 XrmOptionKind.3 XrmOptionDescRec.3 XUninstallColormap.3 XListInstalledColormaps.3 '/usr/share/man/man3'
 /usr/bin/install -c -m 644 XRemoveConnectionWatch.3 XProcessInternalConnection.3 XInternalConnectionNumbers.3 XUnionRegion.3 XUnionRectWithRegion.3 XSubtractRegion.3 XXorRegion.3 XOffsetRegion.3 XShrinkRegion.3 XInternAtoms.3 XGetAtomName.3 XGetAtomNames.3 XFreeFontNames.3 XListFontsWithInfo.3 XFreeFontInfo.3 XQueryFont.3 XLoadQueryFont.3 XFreeFont.3 XGetFontProperty.3 XUnloadFont.3 XCharStruct.3 XFontProp.3 XChar2b.3 XFontStruct.3 XRefreshKeyboardMapping.3 XLookupString.3 XRebindKeysym.3 XrmCombineDatabase.3 XrmCombineFileDatabase.3 XMappingEvent.3 XMapRaised.3 XMapSubwindows.3 XPeekEvent.3 XWindowEvent.3 XCheckWindowEvent.3 XMaskEvent.3 XCheckMaskEvent.3 XCheckTypedEvent.3 XCheckTypedWindowEvent.3 XCloseDisplay.3 '/usr/share/man/man3'
 /usr/bin/install -c -m 644 XCloseIM.3 XSetIMValues.3 XGetIMValues.3 XDisplayOfIM.3 XLocaleOfIM.3 XRegisterIMInstantiateCallback.3 XUnregisterIMInstantiateCallback.3 XCloseOM.3 XSetOMValues.3 XGetOMValues.3 XDisplayOfOM.3 XLocaleOfOM.3 XWMGeometry.3 XClipBox.3 XGetImage.3 XGetSubImage.3 XrmQPutResource.3 XrmPutStringResource.3 XrmQPutStringResource.3 XrmPutLineResource.3 XQueryBestTile.3 XQueryBestStipple.3 XQueryColors.3 XLookupColor.3 XParseColor.3 XListExtensions.3 XFreeExtensionList.3 XScreenResourceString.3 XLowerWindow.3 XCirculateSubwindows.3 XCirculateSubwindowsUp.3 XCirculateSubwindowsDown.3 XRestackWindows.3 XReadBitmapFileData.3 XWriteBitmapFile.3 XCreatePixmapFromBitmapData.3 XCreateBitmapFromData.3 XFreeCursor.3 XQueryBestCursor.3 XFindContext.3 '/usr/share/man/man3'
 /usr/bin/install -c -m 644 XDeleteContext.3 XUniqueContext.3 XUnsetICFocus.3 XGetICValues.3 XTextPropertyToStringList.3 XFreeStringList.3 XTextProperty.3 XSetSubwindowMode.3 XSetGraphicsExposure.3 XSetClipMask.3 XSetClipRectangles.3 XKillClient.3 XGetCommand.3 XGetErrorText.3 XDisplayName.3 XSetIOErrorHandler.3 XGetErrorDatabaseText.3 XDisplayMotionBufferSize.3 XGetMotionEvents.3 XTimeCoord.3 XSetFillRule.3 XGetFontPath.3 XFreeFontPath.3 XGetInputFocus.3 XSetDashes.3 XGetPointerMapping.3 XForceScreenSaver.3 XActivateScreenSaver.3 XResetScreenSaver.3 XGetScreenSaver.3 XGetSelectionOwner.3 XConvertSelection.3 XSetFunction.3 XSetPlaneMask.3 XSetForeground.3 XSetBackground.3 XGetTransientForHint.3 XGetTextProperty.3 XSetStipple.3 XSetTSOrigin.3 '/usr/share/man/man3'
 /usr/bin/install -c -m 644 XGetWMClientMachine.3 XGetWMColormapWindows.3 XGetWMIconName.3 XSetIconName.3 XGetIconName.3 XGetWMName.3 XStoreName.3 XFetchName.3 XmbSetWMProperties.3 Xutf8SetWMProperties.3 XGetWMProtocols.3 XStoreBuffer.3 XFetchBytes.3 XFetchBuffer.3 XRotateBuffers.3 XStoreColor.3 XStoreNamedColor.3 XKeysymToString.3 XKeycodeToKeysym.3 XKeysymToKeycode.3 XConvertCase.3 XSetLocaleModifiers.3 XSetAfterFunction.3 XwcTextListToTextProperty.3 Xutf8TextListToTextProperty.3 XmbTextPropertyToTextList.3 XwcTextPropertyToTextList.3 Xutf8TextPropertyToTextList.3 XwcFreeStringList.3 XDefaultString.3 XTextExtents16.3 XQueryTextExtents.3 XQueryTextExtents16.3 XTextWidth16.3 XLockDisplay.3 XUnlockDisplay.3 XrmStringToQuark.3 XrmPermStringToQuark.3 XrmQuarkToString.3 XrmStringToQuarkList.3 '/usr/share/man/man3'
 /usr/bin/install -c -m 644 XrmStringToBindingQuarkList.3 XUnmapSubwindows.3 XcmsSetCCCOfColormap.3 XcmsAllocNamedColor.3 XcmsRGB.3 XcmsRGBi.3 XcmsCIEXYZ.3 XcmsCIEuvY.3 XcmsCIExyY.3 XcmsCIELab.3 XcmsCIELuv.3 XcmsTekHVC.3 XcmsPad.3 XcmsFreeCCC.3 XcmsCIELabQueryMaxL.3 XcmsCIELabQueryMaxLC.3 XcmsCIELabQueryMinL.3 XcmsCIELuvQueryMaxL.3 XcmsCIELuvQueryMaxLC.3 XcmsCIELuvQueryMinL.3 XcmsQueryBlue.3 XcmsQueryGreen.3 XcmsQueryRed.3 XcmsQueryWhite.3 XcmsQueryColors.3 XcmsLookupColor.3 XcmsStoreColors.3 XcmsSetWhiteAdjustProc.3 XcmsTekHVCQueryMaxV.3 XcmsTekHVCQueryMaxVC.3 XcmsTekHVCQueryMaxVSamples.3 XcmsTekHVCQueryMinV.3 XwcDrawImageString.3 Xutf8DrawImageString.3 XwcDrawString.3 Xutf8DrawString.3 XwcDrawText.3 Xutf8DrawText.3 XwcLookupString.3 Xutf8LookupString.3 '/usr/share/man/man3'
 /usr/bin/install -c -m 644 XwcResetIC.3 Xutf8ResetIC.3 XwcTextEscapement.3 Xutf8TextEscapement.3 XwcTextExtents.3 Xutf8TextExtents.3 XwcTextPerCharExtents.3 Xutf8TextPerCharExtents.3 '/usr/share/man/man3'
make[3]: Leaving directory '/lfskernel/sources/boot/X11/libs/libX11-1.6.5/man'
make[2]: Leaving directory '/lfskernel/sources/boot/X11/libs/libX11-1.6.5/man'
make[1]: Leaving directory '/lfskernel/sources/boot/X11/libs/libX11-1.6.5/man'
Making install in specs
make[1]: Entering directory '/lfskernel/sources/boot/X11/libs/libX11-1.6.5/specs'
Making install in libX11
make[2]: Entering directory '/lfskernel/sources/boot/X11/libs/libX11-1.6.5/specs/libX11'
make[3]: Entering directory '/lfskernel/sources/boot/X11/libs/libX11-1.6.5/specs/libX11'
make[3]: Nothing to be done for 'install-exec-am'.
 /bin/mkdir -p '/usr/share/doc/libX11/libX11'
 /usr/bin/install -c -m 644 libX11.xml AppA.xml AppB.xml AppC.xml AppD.xml CH01.xml CH02.xml CH03.xml CH04.xml CH05.xml CH06.xml CH07.xml CH08.xml CH09.xml CH10.xml CH11.xml CH12.xml CH13.xml CH14.xml CH15.xml CH16.xml credits.xml glossary.xml '/usr/share/doc/libX11/libX11'
 /bin/mkdir -p '/usr/share/doc/libX11/libX11'
make[3]: Leaving directory '/lfskernel/sources/boot/X11/libs/libX11-1.6.5/specs/libX11'
make[2]: Leaving directory '/lfskernel/sources/boot/X11/libs/libX11-1.6.5/specs/libX11'
Making install in i18n
make[2]: Entering directory '/lfskernel/sources/boot/X11/libs/libX11-1.6.5/specs/i18n'
Making install in compose
make[3]: Entering directory '/lfskernel/sources/boot/X11/libs/libX11-1.6.5/specs/i18n/compose'
make[4]: Entering directory '/lfskernel/sources/boot/X11/libs/libX11-1.6.5/specs/i18n/compose'
make[4]: Nothing to be done for 'install-exec-am'.
 /bin/mkdir -p '/usr/share/doc/libX11/i18n/compose'
 /usr/bin/install -c -m 644 am_ET.UTF-8.xml armscii-8.xml C.xml cs_CZ.UTF-8.xml el_GR.UTF-8.xml en_US.UTF-8.xml fi_FI.UTF-8.xml georgian-academy.xml georgian-ps.xml ibm-cp1133.xml iscii-dev.xml isiri-3342.xml iso8859-1.xml iso8859-10.xml iso8859-11.xml iso8859-13.xml iso8859-14.xml iso8859-15.xml iso8859-2.xml iso8859-3.xml iso8859-4.xml iso8859-5.xml iso8859-6.xml iso8859-7.xml iso8859-8.xml iso8859-9.xml iso8859-9e.xml ja.xml ja.JIS.xml ja_JP.UTF-8.xml ja.SJIS.xml km_KH.UTF-8.xml ko.xml koi8-c.xml koi8-r.xml koi8-u.xml ko_KR.UTF-8.xml microsoft-cp1251.xml microsoft-cp1255.xml microsoft-cp1256.xml '/usr/share/doc/libX11/i18n/compose'
 /usr/bin/install -c -m 644 mulelao-1.xml nokhchi-1.xml pt_BR.UTF-8.xml pt_PT.UTF-8.xml ru_RU.UTF-8.xml sr_CS.UTF-8.xml tatar-cyr.xml th_TH.xml th_TH.UTF-8.xml tscii-0.xml vi_VN.tcvn.xml vi_VN.viscii.xml zh_CN.xml zh_CN.gb18030.xml zh_CN.gbk.xml zh_CN.UTF-8.xml zh_HK.big5.xml zh_HK.big5hkscs.xml zh_HK.UTF-8.xml zh_TW.xml zh_TW.big5.xml zh_TW.UTF-8.xml libX11-keys.xml '/usr/share/doc/libX11/i18n/compose'
make[4]: Leaving directory '/lfskernel/sources/boot/X11/libs/libX11-1.6.5/specs/i18n/compose'
make[3]: Leaving directory '/lfskernel/sources/boot/X11/libs/libX11-1.6.5/specs/i18n/compose'
Making install in framework
make[3]: Entering directory '/lfskernel/sources/boot/X11/libs/libX11-1.6.5/specs/i18n/framework'
make[4]: Entering directory '/lfskernel/sources/boot/X11/libs/libX11-1.6.5/specs/i18n/framework'
make[4]: Nothing to be done for 'install-exec-am'.
 /bin/mkdir -p '/usr/share/doc/libX11/i18n/framework'
 /usr/bin/install -c -m 644 framework.xml framework.svg '/usr/share/doc/libX11/i18n/framework'
 /bin/mkdir -p '/usr/share/doc/libX11/i18n/framework'
make[4]: Leaving directory '/lfskernel/sources/boot/X11/libs/libX11-1.6.5/specs/i18n/framework'
make[3]: Leaving directory '/lfskernel/sources/boot/X11/libs/libX11-1.6.5/specs/i18n/framework'
Making install in localedb
make[3]: Entering directory '/lfskernel/sources/boot/X11/libs/libX11-1.6.5/specs/i18n/localedb'
make[4]: Entering directory '/lfskernel/sources/boot/X11/libs/libX11-1.6.5/specs/i18n/localedb'
make[4]: Nothing to be done for 'install-exec-am'.
 /bin/mkdir -p '/usr/share/doc/libX11/i18n/localedb'
 /usr/bin/install -c -m 644 localedb.xml '/usr/share/doc/libX11/i18n/localedb'
 /bin/mkdir -p '/usr/share/doc/libX11/i18n/localedb'
make[4]: Leaving directory '/lfskernel/sources/boot/X11/libs/libX11-1.6.5/specs/i18n/localedb'
make[3]: Leaving directory '/lfskernel/sources/boot/X11/libs/libX11-1.6.5/specs/i18n/localedb'
Making install in trans
make[3]: Entering directory '/lfskernel/sources/boot/X11/libs/libX11-1.6.5/specs/i18n/trans'
make[4]: Entering directory '/lfskernel/sources/boot/X11/libs/libX11-1.6.5/specs/i18n/trans'
make[4]: Nothing to be done for 'install-exec-am'.
 /bin/mkdir -p '/usr/share/doc/libX11/i18n/trans'
 /usr/bin/install -c -m 644 trans.xml '/usr/share/doc/libX11/i18n/trans'
 /bin/mkdir -p '/usr/share/doc/libX11/i18n/trans'
make[4]: Leaving directory '/lfskernel/sources/boot/X11/libs/libX11-1.6.5/specs/i18n/trans'
make[3]: Leaving directory '/lfskernel/sources/boot/X11/libs/libX11-1.6.5/specs/i18n/trans'
make[3]: Entering directory '/lfskernel/sources/boot/X11/libs/libX11-1.6.5/specs/i18n'
make[4]: Entering directory '/lfskernel/sources/boot/X11/libs/libX11-1.6.5/specs/i18n'
make[4]: Nothing to be done for 'install-exec-am'.
make[4]: Nothing to be done for 'install-data-am'.
make[4]: Leaving directory '/lfskernel/sources/boot/X11/libs/libX11-1.6.5/specs/i18n'
make[3]: Leaving directory '/lfskernel/sources/boot/X11/libs/libX11-1.6.5/specs/i18n'
make[2]: Leaving directory '/lfskernel/sources/boot/X11/libs/libX11-1.6.5/specs/i18n'
Making install in XIM
make[2]: Entering directory '/lfskernel/sources/boot/X11/libs/libX11-1.6.5/specs/XIM'
make[3]: Entering directory '/lfskernel/sources/boot/X11/libs/libX11-1.6.5/specs/XIM'
make[3]: Nothing to be done for 'install-exec-am'.
 /bin/mkdir -p '/usr/share/doc/libX11/XIM'
 /usr/bin/install -c -m 644 xim.xml dynamicflowsampleseq.svg dynamicflow.svg eventflow.svg sampleprotocolflow1.svg sampleprotocolflow2.svg staticflowsampleseq.svg staticflow.svg '/usr/share/doc/libX11/XIM'
 /bin/mkdir -p '/usr/share/doc/libX11/XIM'
make[3]: Leaving directory '/lfskernel/sources/boot/X11/libs/libX11-1.6.5/specs/XIM'
make[2]: Leaving directory '/lfskernel/sources/boot/X11/libs/libX11-1.6.5/specs/XIM'
Making install in XKB
make[2]: Entering directory '/lfskernel/sources/boot/X11/libs/libX11-1.6.5/specs/XKB'
make[3]: Entering directory '/lfskernel/sources/boot/X11/libs/libX11-1.6.5/specs/XKB'
make[3]: Nothing to be done for 'install-exec-am'.
 /bin/mkdir -p '/usr/share/doc/libX11/XKB'
 /usr/bin/install -c -m 644 xkblib.xml acknowledgement.xml ch01.xml ch02.xml ch03.xml ch04.xml ch05.xml ch06.xml ch07.xml ch08.xml ch09.xml ch10.xml ch11.xml ch12.xml ch13.xml ch14.xml ch15.xml ch16.xml ch17.xml ch18.xml ch19.xml ch20.xml ch21.xml ch22.xml glossary.xml XKBlib-1.svg XKBlib-2.svg XKBlib-3.svg XKBlib-4.svg XKBlib-5.svg XKBlib-6.svg XKBlib-7.svg XKBlib-8.svg XKBlib-9.svg XKBlib-10.svg XKBlib-11.svg XKBlib-12.svg XKBlib-13.svg XKBlib-14.svg XKBlib-15.svg '/usr/share/doc/libX11/XKB'
 /usr/bin/install -c -m 644 XKBlib-16.svg XKBlib-17.svg XKBlib-18.svg XKBlib-19.svg XKBlib-20.svg XKBlib-21.svg '/usr/share/doc/libX11/XKB'
 /bin/mkdir -p '/usr/share/doc/libX11/XKB'
make[3]: Leaving directory '/lfskernel/sources/boot/X11/libs/libX11-1.6.5/specs/XKB'
make[2]: Leaving directory '/lfskernel/sources/boot/X11/libs/libX11-1.6.5/specs/XKB'
make[2]: Entering directory '/lfskernel/sources/boot/X11/libs/libX11-1.6.5/specs'
make[3]: Entering directory '/lfskernel/sources/boot/X11/libs/libX11-1.6.5/specs'
make[3]: Nothing to be done for 'install-exec-am'.
make[3]: Nothing to be done for 'install-data-am'.
make[3]: Leaving directory '/lfskernel/sources/boot/X11/libs/libX11-1.6.5/specs'
make[2]: Leaving directory '/lfskernel/sources/boot/X11/libs/libX11-1.6.5/specs'
make[1]: Leaving directory '/lfskernel/sources/boot/X11/libs/libX11-1.6.5/specs'
make[1]: Entering directory '/lfskernel/sources/boot/X11/libs/libX11-1.6.5'
make[2]: Entering directory '/lfskernel/sources/boot/X11/libs/libX11-1.6.5'
make[2]: Nothing to be done for 'install-exec-am'.
 /bin/mkdir -p '/usr/lib/pkgconfig'
 /usr/bin/install -c -m 644 x11.pc x11-xcb.pc '/usr/lib/pkgconfig'
make[2]: Leaving directory '/lfskernel/sources/boot/X11/libs/libX11-1.6.5'
make[1]: Leaving directory '/lfskernel/sources/boot/X11/libs/libX11-1.6.5'
