###############################
# Install libXmu-1.1.2.tar.bz2 #
###############################
Making install in include
make[1]: Entering directory '/lfskernel/sources/boot/X11/libs/libXmu-1.1.2/include'
make[2]: Entering directory '/lfskernel/sources/boot/X11/libs/libXmu-1.1.2/include'
make[2]: Nothing to be done for 'install-exec-am'.
 /bin/mkdir -p '/usr/include/X11/Xmu'
 /usr/bin/install -c -m 644 X11/Xmu/Xmu.h X11/Xmu/Atoms.h X11/Xmu/CharSet.h X11/Xmu/CloseHook.h X11/Xmu/Converters.h X11/Xmu/CurUtil.h X11/Xmu/CvtCache.h X11/Xmu/DisplayQue.h X11/Xmu/Drawing.h X11/Xmu/Editres.h X11/Xmu/EditresP.h X11/Xmu/Error.h X11/Xmu/ExtAgent.h X11/Xmu/Initer.h X11/Xmu/Lookup.h X11/Xmu/Misc.h X11/Xmu/StdSel.h X11/Xmu/StdCmap.h X11/Xmu/SysUtil.h X11/Xmu/WidgetNode.h X11/Xmu/WinUtil.h X11/Xmu/Xct.h X11/Xmu/WhitePoint.h '/usr/include/X11/Xmu'
make[2]: Leaving directory '/lfskernel/sources/boot/X11/libs/libXmu-1.1.2/include'
make[1]: Leaving directory '/lfskernel/sources/boot/X11/libs/libXmu-1.1.2/include'
Making install in src
make[1]: Entering directory '/lfskernel/sources/boot/X11/libs/libXmu-1.1.2/src'
make[2]: Entering directory '/lfskernel/sources/boot/X11/libs/libXmu-1.1.2/src'
 /bin/mkdir -p '/usr/lib'
 /bin/sh ../libtool   --mode=install /usr/bin/install -c   libXmu.la libXmuu.la '/usr/lib'
libtool: install: /usr/bin/install -c .libs/libXmu.so.6.2.0 /usr/lib/libXmu.so.6.2.0
libtool: install: (cd /usr/lib && { ln -s -f libXmu.so.6.2.0 libXmu.so.6 || { rm -f libXmu.so.6 && ln -s libXmu.so.6.2.0 libXmu.so.6; }; })
libtool: install: (cd /usr/lib && { ln -s -f libXmu.so.6.2.0 libXmu.so || { rm -f libXmu.so && ln -s libXmu.so.6.2.0 libXmu.so; }; })
libtool: install: /usr/bin/install -c .libs/libXmu.lai /usr/lib/libXmu.la
libtool: install: /usr/bin/install -c .libs/libXmuu.so.1.0.0 /usr/lib/libXmuu.so.1.0.0
libtool: install: (cd /usr/lib && { ln -s -f libXmuu.so.1.0.0 libXmuu.so.1 || { rm -f libXmuu.so.1 && ln -s libXmuu.so.1.0.0 libXmuu.so.1; }; })
libtool: install: (cd /usr/lib && { ln -s -f libXmuu.so.1.0.0 libXmuu.so || { rm -f libXmuu.so && ln -s libXmuu.so.1.0.0 libXmuu.so; }; })
libtool: install: /usr/bin/install -c .libs/libXmuu.lai /usr/lib/libXmuu.la
libtool: finish: PATH="/bin:/usr/bin:/sbin:/usr/sbin:/sbin" ldconfig -n /usr/lib
----------------------------------------------------------------------
Libraries have been installed in:
   /usr/lib

If you ever happen to want to link against installed libraries
in a given directory, LIBDIR, you must either use libtool, and
specify the full pathname of the library, or use the `-LLIBDIR'
flag during linking and do at least one of the following:
   - add LIBDIR to the `LD_LIBRARY_PATH' environment variable
     during execution
   - add LIBDIR to the `LD_RUN_PATH' environment variable
     during linking
   - use the `-Wl,-rpath -Wl,LIBDIR' linker flag
   - have your system administrator add LIBDIR to `/etc/ld.so.conf'

See any operating system documentation about shared libraries for
more information, such as the ld(1) and ld.so(8) manual pages.
----------------------------------------------------------------------
make[2]: Leaving directory '/lfskernel/sources/boot/X11/libs/libXmu-1.1.2/src'
make[1]: Leaving directory '/lfskernel/sources/boot/X11/libs/libXmu-1.1.2/src'
Making install in doc
make[1]: Entering directory '/lfskernel/sources/boot/X11/libs/libXmu-1.1.2/doc'
make[2]: Entering directory '/lfskernel/sources/boot/X11/libs/libXmu-1.1.2/doc'
make[2]: Nothing to be done for 'install-exec-am'.
 /bin/mkdir -p '/usr/share/doc/libXmu'
 /usr/bin/install -c -m 644 Xmu.xml xlogo.svg '/usr/share/doc/libXmu'
 /bin/mkdir -p '/usr/share/doc/libXmu'
make[2]: Leaving directory '/lfskernel/sources/boot/X11/libs/libXmu-1.1.2/doc'
make[1]: Leaving directory '/lfskernel/sources/boot/X11/libs/libXmu-1.1.2/doc'
make[1]: Entering directory '/lfskernel/sources/boot/X11/libs/libXmu-1.1.2'
make[2]: Entering directory '/lfskernel/sources/boot/X11/libs/libXmu-1.1.2'
make[2]: Nothing to be done for 'install-exec-am'.
 /bin/mkdir -p '/usr/lib/pkgconfig'
 /usr/bin/install -c -m 644 xmu.pc xmuu.pc '/usr/lib/pkgconfig'
make[2]: Leaving directory '/lfskernel/sources/boot/X11/libs/libXmu-1.1.2'
make[1]: Leaving directory '/lfskernel/sources/boot/X11/libs/libXmu-1.1.2'
