This file contains any messages produced by compilers while
running configure, to aid debugging if configure makes a mistake.

It was created by libxkbcommon configure 0.8.0, which was
generated by GNU Autoconf 2.69.  Invocation command line was

  $ ./configure --prefix=/usr --prefix=/usr --sysconfdir=/etc --localstatedir=/var --disable-static --docdir=/usr/share/doc/libxkbcommon-0.8.0

## --------- ##
## Platform. ##
## --------- ##

hostname = localhost.localdomain
uname -m = x86_64
uname -r = 3.10.0-693.11.1.el7.x86_64
uname -s = Linux
uname -v = #1 SMP Mon Dec 4 23:52:40 UTC 2017

/usr/bin/uname -p = unknown
/bin/uname -X     = unknown

/bin/arch              = x86_64
/usr/bin/arch -k       = unknown
/usr/convex/getsysinfo = unknown
/usr/bin/hostinfo      = unknown
/bin/machine           = unknown
/usr/bin/oslevel       = unknown
/bin/universe          = unknown

PATH: /bin
PATH: /usr/bin
PATH: /sbin
PATH: /usr/sbin
PATH: /usr/local/bin


## ----------- ##
## Core tests. ##
## ----------- ##

configure:2449: checking for a BSD-compatible install
configure:2517: result: /usr/bin/install -c
configure:2528: checking whether build environment is sane
configure:2583: result: yes
configure:2734: checking for a thread-safe mkdir -p
configure:2773: result: /bin/mkdir -p
configure:2780: checking for gawk
configure:2796: found /usr/bin/gawk
configure:2807: result: gawk
configure:2818: checking whether make sets $(MAKE)
configure:2840: result: yes
configure:2869: checking whether make supports nested variables
configure:2886: result: yes
configure:3013: checking whether to enable maintainer-specific portions of Makefiles
configure:3022: result: yes
configure:3049: checking for style of include used by make
configure:3077: result: GNU
configure:3148: checking for gcc
configure:3164: found /usr/bin/gcc
configure:3175: result: gcc
configure:3404: checking for C compiler version
configure:3413: gcc --version >&5
gcc (GCC) 7.2.0
Copyright (C) 2017 Free Software Foundation, Inc.
This is free software; see the source for copying conditions.  There is NO
warranty; not even for MERCHANTABILITY or FITNESS FOR A PARTICULAR PURPOSE.

configure:3424: $? = 0
configure:3413: gcc -v >&5
Using built-in specs.
COLLECT_GCC=gcc
COLLECT_LTO_WRAPPER=/usr/libexec/gcc/x86_64-pc-linux-gnu/7.2.0/lto-wrapper
Target: x86_64-pc-linux-gnu
Configured with: ../configure --prefix=/usr --enable-languages=c,c++ --disable-multilib --disable-bootstrap --with-system-zlib
Thread model: posix
gcc version 7.2.0 (GCC) 
configure:3424: $? = 0
configure:3413: gcc -V >&5
gcc: error: unrecognized command line option '-V'
gcc: fatal error: no input files
compilation terminated.
configure:3424: $? = 1
configure:3413: gcc -qversion >&5
gcc: error: unrecognized command line option '-qversion'; did you mean '--version'?
gcc: fatal error: no input files
compilation terminated.
configure:3424: $? = 1
configure:3444: checking whether the C compiler works
configure:3466: gcc    conftest.c  >&5
configure:3470: $? = 0
configure:3518: result: yes
configure:3521: checking for C compiler default output file name
configure:3523: result: a.out
configure:3529: checking for suffix of executables
configure:3536: gcc -o conftest    conftest.c  >&5
configure:3540: $? = 0
configure:3562: result: 
configure:3584: checking whether we are cross compiling
configure:3592: gcc -o conftest    conftest.c  >&5
configure:3596: $? = 0
configure:3603: ./conftest
configure:3607: $? = 0
configure:3622: result: no
configure:3627: checking for suffix of object files
configure:3649: gcc -c   conftest.c >&5
configure:3653: $? = 0
configure:3674: result: o
configure:3678: checking whether we are using the GNU C compiler
configure:3697: gcc -c   conftest.c >&5
configure:3697: $? = 0
configure:3706: result: yes
configure:3715: checking whether gcc accepts -g
configure:3735: gcc -c -g  conftest.c >&5
configure:3735: $? = 0
configure:3776: result: yes
configure:3793: checking for gcc option to accept ISO C89
configure:3856: gcc  -c -g -O2  conftest.c >&5
configure:3856: $? = 0
configure:3869: result: none needed
configure:3894: checking whether gcc understands -c and -o together
configure:3916: gcc -c conftest.c -o conftest2.o
configure:3919: $? = 0
configure:3916: gcc -c conftest.c -o conftest2.o
configure:3919: $? = 0
configure:3931: result: yes
configure:3950: checking dependency style of gcc
configure:4061: result: gcc3
configure:4082: checking how to run the C preprocessor
configure:4113: gcc -E  conftest.c
configure:4113: $? = 0
configure:4127: gcc -E  conftest.c
conftest.c:11:10: fatal error: ac_nonexistent.h: No such file or directory
 #include <ac_nonexistent.h>
          ^~~~~~~~~~~~~~~~~~
compilation terminated.
configure:4127: $? = 1
configure: failed program was:
| /* confdefs.h */
| #define PACKAGE_NAME "libxkbcommon"
| #define PACKAGE_TARNAME "libxkbcommon"
| #define PACKAGE_VERSION "0.8.0"
| #define PACKAGE_STRING "libxkbcommon 0.8.0"
| #define PACKAGE_BUGREPORT "https://bugs.freedesktop.org/enter_bug.cgi?product=libxkbcommon"
| #define PACKAGE_URL "http://xkbcommon.org"
| #define PACKAGE "libxkbcommon"
| #define VERSION "0.8.0"
| /* end confdefs.h.  */
| #include <ac_nonexistent.h>
configure:4152: result: gcc -E
configure:4172: gcc -E  conftest.c
configure:4172: $? = 0
configure:4186: gcc -E  conftest.c
conftest.c:11:10: fatal error: ac_nonexistent.h: No such file or directory
 #include <ac_nonexistent.h>
          ^~~~~~~~~~~~~~~~~~
compilation terminated.
configure:4186: $? = 1
configure: failed program was:
| /* confdefs.h */
| #define PACKAGE_NAME "libxkbcommon"
| #define PACKAGE_TARNAME "libxkbcommon"
| #define PACKAGE_VERSION "0.8.0"
| #define PACKAGE_STRING "libxkbcommon 0.8.0"
| #define PACKAGE_BUGREPORT "https://bugs.freedesktop.org/enter_bug.cgi?product=libxkbcommon"
| #define PACKAGE_URL "http://xkbcommon.org"
| #define PACKAGE "libxkbcommon"
| #define VERSION "0.8.0"
| /* end confdefs.h.  */
| #include <ac_nonexistent.h>
configure:4215: checking for grep that handles long lines and -e
configure:4273: result: /usr/bin/grep
configure:4278: checking for egrep
configure:4340: result: /usr/bin/grep -E
configure:4345: checking for ANSI C header files
configure:4365: gcc -c -g -O2  conftest.c >&5
configure:4365: $? = 0
configure:4438: gcc -o conftest -g -O2   conftest.c  >&5
configure:4438: $? = 0
configure:4438: ./conftest
configure:4438: $? = 0
configure:4449: result: yes
configure:4462: checking for sys/types.h
configure:4462: gcc -c -g -O2  conftest.c >&5
configure:4462: $? = 0
configure:4462: result: yes
configure:4462: checking for sys/stat.h
configure:4462: gcc -c -g -O2  conftest.c >&5
configure:4462: $? = 0
configure:4462: result: yes
configure:4462: checking for stdlib.h
configure:4462: gcc -c -g -O2  conftest.c >&5
configure:4462: $? = 0
configure:4462: result: yes
configure:4462: checking for string.h
configure:4462: gcc -c -g -O2  conftest.c >&5
configure:4462: $? = 0
configure:4462: result: yes
configure:4462: checking for memory.h
configure:4462: gcc -c -g -O2  conftest.c >&5
configure:4462: $? = 0
configure:4462: result: yes
configure:4462: checking for strings.h
configure:4462: gcc -c -g -O2  conftest.c >&5
configure:4462: $? = 0
configure:4462: result: yes
configure:4462: checking for inttypes.h
configure:4462: gcc -c -g -O2  conftest.c >&5
configure:4462: $? = 0
configure:4462: result: yes
configure:4462: checking for stdint.h
configure:4462: gcc -c -g -O2  conftest.c >&5
configure:4462: $? = 0
configure:4462: result: yes
configure:4462: checking for unistd.h
configure:4462: gcc -c -g -O2  conftest.c >&5
configure:4462: $? = 0
configure:4462: result: yes
configure:4475: checking minix/config.h usability
configure:4475: gcc -c -g -O2  conftest.c >&5
conftest.c:54:10: fatal error: minix/config.h: No such file or directory
 #include <minix/config.h>
          ^~~~~~~~~~~~~~~~
compilation terminated.
configure:4475: $? = 1
configure: failed program was:
| /* confdefs.h */
| #define PACKAGE_NAME "libxkbcommon"
| #define PACKAGE_TARNAME "libxkbcommon"
| #define PACKAGE_VERSION "0.8.0"
| #define PACKAGE_STRING "libxkbcommon 0.8.0"
| #define PACKAGE_BUGREPORT "https://bugs.freedesktop.org/enter_bug.cgi?product=libxkbcommon"
| #define PACKAGE_URL "http://xkbcommon.org"
| #define PACKAGE "libxkbcommon"
| #define VERSION "0.8.0"
| #define STDC_HEADERS 1
| #define HAVE_SYS_TYPES_H 1
| #define HAVE_SYS_STAT_H 1
| #define HAVE_STDLIB_H 1
| #define HAVE_STRING_H 1
| #define HAVE_MEMORY_H 1
| #define HAVE_STRINGS_H 1
| #define HAVE_INTTYPES_H 1
| #define HAVE_STDINT_H 1
| #define HAVE_UNISTD_H 1
| /* end confdefs.h.  */
| #include <stdio.h>
| #ifdef HAVE_SYS_TYPES_H
| # include <sys/types.h>
| #endif
| #ifdef HAVE_SYS_STAT_H
| # include <sys/stat.h>
| #endif
| #ifdef STDC_HEADERS
| # include <stdlib.h>
| # include <stddef.h>
| #else
| # ifdef HAVE_STDLIB_H
| #  include <stdlib.h>
| # endif
| #endif
| #ifdef HAVE_STRING_H
| # if !defined STDC_HEADERS && defined HAVE_MEMORY_H
| #  include <memory.h>
| # endif
| # include <string.h>
| #endif
| #ifdef HAVE_STRINGS_H
| # include <strings.h>
| #endif
| #ifdef HAVE_INTTYPES_H
| # include <inttypes.h>
| #endif
| #ifdef HAVE_STDINT_H
| # include <stdint.h>
| #endif
| #ifdef HAVE_UNISTD_H
| # include <unistd.h>
| #endif
| #include <minix/config.h>
configure:4475: result: no
configure:4475: checking minix/config.h presence
configure:4475: gcc -E  conftest.c
conftest.c:21:10: fatal error: minix/config.h: No such file or directory
 #include <minix/config.h>
          ^~~~~~~~~~~~~~~~
compilation terminated.
configure:4475: $? = 1
configure: failed program was:
| /* confdefs.h */
| #define PACKAGE_NAME "libxkbcommon"
| #define PACKAGE_TARNAME "libxkbcommon"
| #define PACKAGE_VERSION "0.8.0"
| #define PACKAGE_STRING "libxkbcommon 0.8.0"
| #define PACKAGE_BUGREPORT "https://bugs.freedesktop.org/enter_bug.cgi?product=libxkbcommon"
| #define PACKAGE_URL "http://xkbcommon.org"
| #define PACKAGE "libxkbcommon"
| #define VERSION "0.8.0"
| #define STDC_HEADERS 1
| #define HAVE_SYS_TYPES_H 1
| #define HAVE_SYS_STAT_H 1
| #define HAVE_STDLIB_H 1
| #define HAVE_STRING_H 1
| #define HAVE_MEMORY_H 1
| #define HAVE_STRINGS_H 1
| #define HAVE_INTTYPES_H 1
| #define HAVE_STDINT_H 1
| #define HAVE_UNISTD_H 1
| /* end confdefs.h.  */
| #include <minix/config.h>
configure:4475: result: no
configure:4475: checking for minix/config.h
configure:4475: result: no
configure:4496: checking whether it is safe to define __EXTENSIONS__
configure:4514: gcc -c -g -O2  conftest.c >&5
configure:4514: $? = 0
configure:4521: result: yes
configure:4566: checking build system type
configure:4580: result: x86_64-pc-linux-gnu
configure:4600: checking host system type
configure:4613: result: x86_64-pc-linux-gnu
configure:4654: checking how to print strings
configure:4681: result: printf
configure:4702: checking for a sed that does not truncate output
configure:4766: result: /bin/sed
configure:4784: checking for fgrep
configure:4846: result: /usr/bin/grep -F
configure:4881: checking for ld used by gcc
configure:4948: result: /usr/bin/ld
configure:4955: checking if the linker (/usr/bin/ld) is GNU ld
configure:4970: result: yes
configure:4982: checking for BSD- or MS-compatible name lister (nm)
configure:5036: result: /usr/bin/nm -B
configure:5166: checking the name lister (/usr/bin/nm -B) interface
configure:5173: gcc -c -g -O2  conftest.c >&5
configure:5176: /usr/bin/nm -B "conftest.o"
configure:5179: output
0000000000000000 B some_variable
configure:5186: result: BSD nm
configure:5189: checking whether ln -s works
configure:5193: result: yes
configure:5201: checking the maximum length of command line arguments
configure:5332: result: 1572864
configure:5380: checking how to convert x86_64-pc-linux-gnu file names to x86_64-pc-linux-gnu format
configure:5420: result: func_convert_file_noop
configure:5427: checking how to convert x86_64-pc-linux-gnu file names to toolchain format
configure:5447: result: func_convert_file_noop
configure:5454: checking for /usr/bin/ld option to reload object files
configure:5461: result: -r
configure:5535: checking for objdump
configure:5551: found /usr/bin/objdump
configure:5562: result: objdump
configure:5594: checking how to recognize dependent libraries
configure:5794: result: pass_all
configure:5879: checking for dlltool
configure:5909: result: no
configure:5939: checking how to associate runtime and link libraries
configure:5966: result: printf %s\n
configure:6026: checking for ar
configure:6042: found /usr/bin/ar
configure:6053: result: ar
configure:6106: checking for archiver @FILE support
configure:6123: gcc -c -g -O2  conftest.c >&5
configure:6123: $? = 0
configure:6126: ar cr libconftest.a @conftest.lst >&5
configure:6129: $? = 0
configure:6134: ar cr libconftest.a @conftest.lst >&5
ar: conftest.o: No such file or directory
configure:6137: $? = 1
configure:6149: result: @
configure:6207: checking for strip
configure:6223: found /usr/bin/strip
configure:6234: result: strip
configure:6306: checking for ranlib
configure:6322: found /usr/bin/ranlib
configure:6333: result: ranlib
configure:6435: checking command to parse /usr/bin/nm -B output from gcc object
configure:6588: gcc -c -g -O2  conftest.c >&5
configure:6591: $? = 0
configure:6595: /usr/bin/nm -B conftest.o \| sed -n -e 's/^.*[ ]\([ABCDGIRSTW][ABCDGIRSTW]*\)[ ][ ]*\([_A-Za-z][_A-Za-z0-9]*\)$/\1 \2 \2/p' | sed '/ __gnu_lto/d' \> conftest.nm
configure:6598: $? = 0
configure:6664: gcc -o conftest -g -O2   conftest.c conftstm.o >&5
configure:6667: $? = 0
configure:6705: result: ok
configure:6752: checking for sysroot
configure:6782: result: no
configure:6789: checking for a working dd
configure:6827: result: /bin/dd
configure:6831: checking how to truncate binary pipes
configure:6846: result: /bin/dd bs=4096 count=1
configure:6982: gcc -c -g -O2  conftest.c >&5
configure:6985: $? = 0
configure:7175: checking for mt
configure:7191: found /bin/mt
configure:7202: result: mt
configure:7225: checking if mt is a manifest tool
configure:7231: mt '-?'
configure:7239: result: no
configure:7913: checking for dlfcn.h
configure:7913: gcc -c -g -O2  conftest.c >&5
configure:7913: $? = 0
configure:7913: result: yes
configure:8169: checking for objdir
configure:8184: result: .libs
configure:8448: checking if gcc supports -fno-rtti -fno-exceptions
configure:8466: gcc -c -g -O2  -fno-rtti -fno-exceptions conftest.c >&5
cc1: warning: command line option '-fno-rtti' is valid for C++/ObjC++ but not for C
configure:8470: $? = 0
configure:8483: result: no
configure:8841: checking for gcc option to produce PIC
configure:8848: result: -fPIC -DPIC
configure:8856: checking if gcc PIC flag -fPIC -DPIC works
configure:8874: gcc -c -g -O2  -fPIC -DPIC -DPIC conftest.c >&5
configure:8878: $? = 0
configure:8891: result: yes
configure:8920: checking if gcc static flag -static works
configure:8948: result: yes
configure:8963: checking if gcc supports -c -o file.o
configure:8984: gcc -c -g -O2  -o out/conftest2.o conftest.c >&5
configure:8988: $? = 0
configure:9010: result: yes
configure:9018: checking if gcc supports -c -o file.o
configure:9065: result: yes
configure:9098: checking whether the gcc linker (/usr/bin/ld -m elf_x86_64) supports shared libraries
configure:10359: result: yes
configure:10396: checking whether -lc should be explicitly linked in
configure:10404: gcc -c -g -O2  conftest.c >&5
configure:10407: $? = 0
configure:10422: gcc -shared  -fPIC -DPIC conftest.o  -v -Wl,-soname -Wl,conftest -o conftest 2\>\&1 \| /usr/bin/grep  -lc  \>/dev/null 2\>\&1
configure:10425: $? = 0
configure:10439: result: no
configure:10599: checking dynamic linker characteristics
configure:11180: gcc -o conftest -g -O2   -Wl,-rpath -Wl,/foo conftest.c  >&5
configure:11180: $? = 0
configure:11417: result: GNU/Linux ld.so
configure:11539: checking how to hardcode library paths into programs
configure:11564: result: immediate
configure:12112: checking whether stripping libraries is possible
configure:12121: result: yes
configure:12163: checking if libtool supports shared libraries
configure:12165: result: yes
configure:12168: checking whether to build shared libraries
configure:12193: result: yes
configure:12196: checking whether to build static libraries
configure:12200: result: no
configure:12250: checking for gcc option to accept ISO C99
configure:12399: gcc  -c -g -O2  conftest.c >&5
configure:12399: $? = 0
configure:12412: result: none needed
configure:12431: checking whether __clang__ is declared
configure:12431: gcc -c -g -O2  conftest.c >&5
conftest.c: In function 'main':
conftest.c:68:10: error: '__clang__' undeclared (first use in this function); did you mean '__clock_t'?
   (void) __clang__;
          ^~~~~~~~~
          __clock_t
conftest.c:68:10: note: each undeclared identifier is reported only once for each function it appears in
configure:12431: $? = 1
configure: failed program was:
| /* confdefs.h */
| #define PACKAGE_NAME "libxkbcommon"
| #define PACKAGE_TARNAME "libxkbcommon"
| #define PACKAGE_VERSION "0.8.0"
| #define PACKAGE_STRING "libxkbcommon 0.8.0"
| #define PACKAGE_BUGREPORT "https://bugs.freedesktop.org/enter_bug.cgi?product=libxkbcommon"
| #define PACKAGE_URL "http://xkbcommon.org"
| #define PACKAGE "libxkbcommon"
| #define VERSION "0.8.0"
| #define STDC_HEADERS 1
| #define HAVE_SYS_TYPES_H 1
| #define HAVE_SYS_STAT_H 1
| #define HAVE_STDLIB_H 1
| #define HAVE_STRING_H 1
| #define HAVE_MEMORY_H 1
| #define HAVE_STRINGS_H 1
| #define HAVE_INTTYPES_H 1
| #define HAVE_STDINT_H 1
| #define HAVE_UNISTD_H 1
| #define __EXTENSIONS__ 1
| #define _ALL_SOURCE 1
| #define _GNU_SOURCE 1
| #define _POSIX_PTHREAD_SEMANTICS 1
| #define _TANDEM_SOURCE 1
| #define HAVE_DLFCN_H 1
| #define LT_OBJDIR ".libs/"
| /* end confdefs.h.  */
| #include <stdio.h>
| #ifdef HAVE_SYS_TYPES_H
| # include <sys/types.h>
| #endif
| #ifdef HAVE_SYS_STAT_H
| # include <sys/stat.h>
| #endif
| #ifdef STDC_HEADERS
| # include <stdlib.h>
| # include <stddef.h>
| #else
| # ifdef HAVE_STDLIB_H
| #  include <stdlib.h>
| # endif
| #endif
| #ifdef HAVE_STRING_H
| # if !defined STDC_HEADERS && defined HAVE_MEMORY_H
| #  include <memory.h>
| # endif
| # include <string.h>
| #endif
| #ifdef HAVE_STRINGS_H
| # include <strings.h>
| #endif
| #ifdef HAVE_INTTYPES_H
| # include <inttypes.h>
| #endif
| #ifdef HAVE_STDINT_H
| # include <stdint.h>
| #endif
| #ifdef HAVE_UNISTD_H
| # include <unistd.h>
| #endif
| int
| main ()
| {
| #ifndef __clang__
| #ifdef __cplusplus
|   (void) __clang__;
| #else
|   (void) __clang__;
| #endif
| #endif
| 
|   ;
|   return 0;
| }
configure:12431: result: no
configure:12438: checking whether __INTEL_COMPILER is declared
configure:12438: gcc -c -g -O2  conftest.c >&5
conftest.c: In function 'main':
conftest.c:68:10: error: '__INTEL_COMPILER' undeclared (first use in this function); did you mean '__BYTE_ORDER'?
   (void) __INTEL_COMPILER;
          ^~~~~~~~~~~~~~~~
          __BYTE_ORDER
conftest.c:68:10: note: each undeclared identifier is reported only once for each function it appears in
configure:12438: $? = 1
configure: failed program was:
| /* confdefs.h */
| #define PACKAGE_NAME "libxkbcommon"
| #define PACKAGE_TARNAME "libxkbcommon"
| #define PACKAGE_VERSION "0.8.0"
| #define PACKAGE_STRING "libxkbcommon 0.8.0"
| #define PACKAGE_BUGREPORT "https://bugs.freedesktop.org/enter_bug.cgi?product=libxkbcommon"
| #define PACKAGE_URL "http://xkbcommon.org"
| #define PACKAGE "libxkbcommon"
| #define VERSION "0.8.0"
| #define STDC_HEADERS 1
| #define HAVE_SYS_TYPES_H 1
| #define HAVE_SYS_STAT_H 1
| #define HAVE_STDLIB_H 1
| #define HAVE_STRING_H 1
| #define HAVE_MEMORY_H 1
| #define HAVE_STRINGS_H 1
| #define HAVE_INTTYPES_H 1
| #define HAVE_STDINT_H 1
| #define HAVE_UNISTD_H 1
| #define __EXTENSIONS__ 1
| #define _ALL_SOURCE 1
| #define _GNU_SOURCE 1
| #define _POSIX_PTHREAD_SEMANTICS 1
| #define _TANDEM_SOURCE 1
| #define HAVE_DLFCN_H 1
| #define LT_OBJDIR ".libs/"
| /* end confdefs.h.  */
| #include <stdio.h>
| #ifdef HAVE_SYS_TYPES_H
| # include <sys/types.h>
| #endif
| #ifdef HAVE_SYS_STAT_H
| # include <sys/stat.h>
| #endif
| #ifdef STDC_HEADERS
| # include <stdlib.h>
| # include <stddef.h>
| #else
| # ifdef HAVE_STDLIB_H
| #  include <stdlib.h>
| # endif
| #endif
| #ifdef HAVE_STRING_H
| # if !defined STDC_HEADERS && defined HAVE_MEMORY_H
| #  include <memory.h>
| # endif
| # include <string.h>
| #endif
| #ifdef HAVE_STRINGS_H
| # include <strings.h>
| #endif
| #ifdef HAVE_INTTYPES_H
| # include <inttypes.h>
| #endif
| #ifdef HAVE_STDINT_H
| # include <stdint.h>
| #endif
| #ifdef HAVE_UNISTD_H
| # include <unistd.h>
| #endif
| int
| main ()
| {
| #ifndef __INTEL_COMPILER
| #ifdef __cplusplus
|   (void) __INTEL_COMPILER;
| #else
|   (void) __INTEL_COMPILER;
| #endif
| #endif
| 
|   ;
|   return 0;
| }
configure:12438: result: no
configure:12445: checking whether __SUNPRO_C is declared
configure:12445: gcc -c -g -O2  conftest.c >&5
conftest.c: In function 'main':
conftest.c:68:10: error: '__SUNPRO_C' undeclared (first use in this function); did you mean '__INT8_C'?
   (void) __SUNPRO_C;
          ^~~~~~~~~~
          __INT8_C
conftest.c:68:10: note: each undeclared identifier is reported only once for each function it appears in
configure:12445: $? = 1
configure: failed program was:
| /* confdefs.h */
| #define PACKAGE_NAME "libxkbcommon"
| #define PACKAGE_TARNAME "libxkbcommon"
| #define PACKAGE_VERSION "0.8.0"
| #define PACKAGE_STRING "libxkbcommon 0.8.0"
| #define PACKAGE_BUGREPORT "https://bugs.freedesktop.org/enter_bug.cgi?product=libxkbcommon"
| #define PACKAGE_URL "http://xkbcommon.org"
| #define PACKAGE "libxkbcommon"
| #define VERSION "0.8.0"
| #define STDC_HEADERS 1
| #define HAVE_SYS_TYPES_H 1
| #define HAVE_SYS_STAT_H 1
| #define HAVE_STDLIB_H 1
| #define HAVE_STRING_H 1
| #define HAVE_MEMORY_H 1
| #define HAVE_STRINGS_H 1
| #define HAVE_INTTYPES_H 1
| #define HAVE_STDINT_H 1
| #define HAVE_UNISTD_H 1
| #define __EXTENSIONS__ 1
| #define _ALL_SOURCE 1
| #define _GNU_SOURCE 1
| #define _POSIX_PTHREAD_SEMANTICS 1
| #define _TANDEM_SOURCE 1
| #define HAVE_DLFCN_H 1
| #define LT_OBJDIR ".libs/"
| /* end confdefs.h.  */
| #include <stdio.h>
| #ifdef HAVE_SYS_TYPES_H
| # include <sys/types.h>
| #endif
| #ifdef HAVE_SYS_STAT_H
| # include <sys/stat.h>
| #endif
| #ifdef STDC_HEADERS
| # include <stdlib.h>
| # include <stddef.h>
| #else
| # ifdef HAVE_STDLIB_H
| #  include <stdlib.h>
| # endif
| #endif
| #ifdef HAVE_STRING_H
| # if !defined STDC_HEADERS && defined HAVE_MEMORY_H
| #  include <memory.h>
| # endif
| # include <string.h>
| #endif
| #ifdef HAVE_STRINGS_H
| # include <strings.h>
| #endif
| #ifdef HAVE_INTTYPES_H
| # include <inttypes.h>
| #endif
| #ifdef HAVE_STDINT_H
| # include <stdint.h>
| #endif
| #ifdef HAVE_UNISTD_H
| # include <unistd.h>
| #endif
| int
| main ()
| {
| #ifndef __SUNPRO_C
| #ifdef __cplusplus
|   (void) __SUNPRO_C;
| #else
|   (void) __SUNPRO_C;
| #endif
| #endif
| 
|   ;
|   return 0;
| }
configure:12445: result: no
configure:12507: checking for pkg-config
configure:12525: found /usr/bin/pkg-config
configure:12537: result: /usr/bin/pkg-config
configure:12562: checking pkg-config is at least version 0.9.0
configure:12565: result: yes
configure:12614: checking if gcc supports -Werror=unknown-warning-option
configure:12623: gcc -c -g -O2 -Werror=unknown-warning-option  conftest.c >&5
cc1: error: -Werror=unknown-warning-option: no option -Wunknown-warning-option
configure:12623: $? = 1
configure: failed program was:
| /* confdefs.h */
| #define PACKAGE_NAME "libxkbcommon"
| #define PACKAGE_TARNAME "libxkbcommon"
| #define PACKAGE_VERSION "0.8.0"
| #define PACKAGE_STRING "libxkbcommon 0.8.0"
| #define PACKAGE_BUGREPORT "https://bugs.freedesktop.org/enter_bug.cgi?product=libxkbcommon"
| #define PACKAGE_URL "http://xkbcommon.org"
| #define PACKAGE "libxkbcommon"
| #define VERSION "0.8.0"
| #define STDC_HEADERS 1
| #define HAVE_SYS_TYPES_H 1
| #define HAVE_SYS_STAT_H 1
| #define HAVE_STDLIB_H 1
| #define HAVE_STRING_H 1
| #define HAVE_MEMORY_H 1
| #define HAVE_STRINGS_H 1
| #define HAVE_INTTYPES_H 1
| #define HAVE_STDINT_H 1
| #define HAVE_UNISTD_H 1
| #define __EXTENSIONS__ 1
| #define _ALL_SOURCE 1
| #define _GNU_SOURCE 1
| #define _POSIX_PTHREAD_SEMANTICS 1
| #define _TANDEM_SOURCE 1
| #define HAVE_DLFCN_H 1
| #define LT_OBJDIR ".libs/"
| /* end confdefs.h.  */
| int i;
configure:12630: result: no
configure:12641: checking if gcc supports -Werror=unused-command-line-argument
configure:12650: gcc -c -g -O2 -Werror=unused-command-line-argument  conftest.c >&5
cc1: error: -Werror=unused-command-line-argument: no option -Wunused-command-line-argument
configure:12650: $? = 1
configure: failed program was:
| /* confdefs.h */
| #define PACKAGE_NAME "libxkbcommon"
| #define PACKAGE_TARNAME "libxkbcommon"
| #define PACKAGE_VERSION "0.8.0"
| #define PACKAGE_STRING "libxkbcommon 0.8.0"
| #define PACKAGE_BUGREPORT "https://bugs.freedesktop.org/enter_bug.cgi?product=libxkbcommon"
| #define PACKAGE_URL "http://xkbcommon.org"
| #define PACKAGE "libxkbcommon"
| #define VERSION "0.8.0"
| #define STDC_HEADERS 1
| #define HAVE_SYS_TYPES_H 1
| #define HAVE_SYS_STAT_H 1
| #define HAVE_STDLIB_H 1
| #define HAVE_STRING_H 1
| #define HAVE_MEMORY_H 1
| #define HAVE_STRINGS_H 1
| #define HAVE_INTTYPES_H 1
| #define HAVE_STDINT_H 1
| #define HAVE_UNISTD_H 1
| #define __EXTENSIONS__ 1
| #define _ALL_SOURCE 1
| #define _GNU_SOURCE 1
| #define _POSIX_PTHREAD_SEMANTICS 1
| #define _TANDEM_SOURCE 1
| #define HAVE_DLFCN_H 1
| #define LT_OBJDIR ".libs/"
| /* end confdefs.h.  */
| int i;
configure:12657: result: no
configure:12676: checking if gcc supports -Wall
configure:12693: gcc -o conftest -g -O2 -Wall   conftest.c  >&5
configure:12693: $? = 0
configure:12706: result: yes
configure:12794: checking if gcc supports -Wpointer-arith
configure:12811: gcc -o conftest -g -O2 -Wpointer-arith   conftest.c  >&5
configure:12811: $? = 0
configure:12824: result: yes
configure:12912: checking if gcc supports -Wmissing-declarations
configure:12929: gcc -o conftest -g -O2 -Wmissing-declarations   conftest.c  >&5
configure:12929: $? = 0
configure:12942: result: yes
configure:13030: checking if gcc supports -Wformat=2
configure:13047: gcc -o conftest -g -O2 -Wformat=2   conftest.c  >&5
configure:13047: $? = 0
configure:13060: result: yes
configure:13199: checking if gcc supports -Wstrict-prototypes
configure:13216: gcc -o conftest -g -O2 -Wstrict-prototypes   conftest.c  >&5
conftest.c:30:1: warning: function declaration isn't a prototype [-Wstrict-prototypes]
 main ()
 ^~~~
configure:13216: $? = 0
configure:13229: result: yes
configure:13317: checking if gcc supports -Wmissing-prototypes
configure:13334: gcc -o conftest -g -O2 -Wmissing-prototypes   conftest.c  >&5
configure:13334: $? = 0
configure:13347: result: yes
configure:13435: checking if gcc supports -Wnested-externs
configure:13452: gcc -o conftest -g -O2 -Wnested-externs   conftest.c  >&5
configure:13452: $? = 0
configure:13465: result: yes
configure:13553: checking if gcc supports -Wbad-function-cast
configure:13570: gcc -o conftest -g -O2 -Wbad-function-cast   conftest.c  >&5
configure:13570: $? = 0
configure:13583: result: yes
configure:13671: checking if gcc supports -Wold-style-definition
configure:13688: gcc -o conftest -g -O2 -Wold-style-definition   conftest.c  >&5
conftest.c: In function 'main':
conftest.c:30:1: warning: old-style function definition [-Wold-style-definition]
 main ()
 ^~~~
configure:13688: $? = 0
configure:13701: result: yes
configure:13838: checking if gcc supports -Wdeclaration-after-statement
configure:13855: gcc -o conftest -g -O2 -Wdeclaration-after-statement   conftest.c  >&5
configure:13855: $? = 0
configure:13868: result: yes
configure:13960: checking if gcc supports -Wunused
configure:13977: gcc -o conftest -g -O2 -Wunused   conftest.c  >&5
configure:13977: $? = 0
configure:13990: result: yes
configure:14078: checking if gcc supports -Wuninitialized
configure:14095: gcc -o conftest -g -O2 -Wuninitialized   conftest.c  >&5
configure:14095: $? = 0
configure:14108: result: yes
configure:14196: checking if gcc supports -Wshadow
configure:14213: gcc -o conftest -g -O2 -Wshadow   conftest.c  >&5
configure:14213: $? = 0
configure:14226: result: yes
configure:14314: checking if gcc supports -Wmissing-noreturn
configure:14331: gcc -o conftest -g -O2 -Wmissing-noreturn   conftest.c  >&5
configure:14331: $? = 0
configure:14344: result: yes
configure:14432: checking if gcc supports -Wmissing-format-attribute
configure:14449: gcc -o conftest -g -O2 -Wmissing-format-attribute   conftest.c  >&5
configure:14449: $? = 0
configure:14462: result: yes
configure:14550: checking if gcc supports -Wredundant-decls
configure:14567: gcc -o conftest -g -O2 -Wredundant-decls   conftest.c  >&5
configure:14567: $? = 0
configure:14580: result: yes
configure:14668: checking if gcc supports -Wlogical-op
configure:14685: gcc -o conftest -g -O2 -Wlogical-op   conftest.c  >&5
configure:14685: $? = 0
configure:14698: result: yes
configure:14798: checking if gcc supports -Werror=implicit
configure:14815: gcc -o conftest -g -O2 -Werror=implicit   conftest.c  >&5
configure:14815: $? = 0
configure:14828: result: yes
configure:14965: checking if gcc supports -Werror=nonnull
configure:14982: gcc -o conftest -g -O2 -Werror=nonnull   conftest.c  >&5
configure:14982: $? = 0
configure:14995: result: yes
configure:15083: checking if gcc supports -Werror=init-self
configure:15100: gcc -o conftest -g -O2 -Werror=init-self   conftest.c  >&5
configure:15100: $? = 0
configure:15113: result: yes
configure:15201: checking if gcc supports -Werror=main
configure:15218: gcc -o conftest -g -O2 -Werror=main   conftest.c  >&5
configure:15218: $? = 0
configure:15231: result: yes
configure:15319: checking if gcc supports -Werror=missing-braces
configure:15336: gcc -o conftest -g -O2 -Werror=missing-braces   conftest.c  >&5
configure:15336: $? = 0
configure:15349: result: yes
configure:15437: checking if gcc supports -Werror=sequence-point
configure:15454: gcc -o conftest -g -O2 -Werror=sequence-point   conftest.c  >&5
configure:15454: $? = 0
configure:15467: result: yes
configure:15555: checking if gcc supports -Werror=return-type
configure:15572: gcc -o conftest -g -O2 -Werror=return-type   conftest.c  >&5
configure:15572: $? = 0
configure:15585: result: yes
configure:15722: checking if gcc supports -Werror=trigraphs
configure:15739: gcc -o conftest -g -O2 -Werror=trigraphs   conftest.c  >&5
configure:15739: $? = 0
configure:15752: result: yes
configure:15840: checking if gcc supports -Werror=array-bounds
configure:15857: gcc -o conftest -g -O2 -Werror=array-bounds   conftest.c  >&5
configure:15857: $? = 0
configure:15870: result: yes
configure:15958: checking if gcc supports -Werror=write-strings
configure:15975: gcc -o conftest -g -O2 -Werror=write-strings   conftest.c  >&5
configure:15975: $? = 0
configure:15988: result: yes
configure:16076: checking if gcc supports -Werror=address
configure:16093: gcc -o conftest -g -O2 -Werror=address   conftest.c  >&5
configure:16093: $? = 0
configure:16106: result: yes
configure:16194: checking if gcc supports -Werror=int-to-pointer-cast
configure:16211: gcc -o conftest -g -O2 -Werror=int-to-pointer-cast   conftest.c  >&5
configure:16211: $? = 0
configure:16224: result: yes
configure:16361: checking if gcc supports -Werror=pointer-to-int-cast
configure:16378: gcc -o conftest -g -O2 -Werror=pointer-to-int-cast   conftest.c  >&5
configure:16378: $? = 0
configure:16391: result: yes
configure:18049: checking if gcc supports -pedantic
configure:18066: gcc -o conftest -g -O2 -pedantic   conftest.c  >&5
configure:18066: $? = 0
configure:18079: result: yes
configure:18167: checking if gcc supports -Werror
configure:18184: gcc -o conftest -g -O2 -Werror   conftest.c  >&5
configure:18184: $? = 0
configure:18197: result: yes
configure:18337: checking if gcc supports -Werror=attributes
configure:18354: gcc -o conftest -g -O2 -Werror=attributes   conftest.c  >&5
configure:18354: $? = 0
configure:18367: result: yes
configure:18531: checking whether make supports nested variables
configure:18548: result: yes
configure:18647: checking whether to build documentation
configure:18649: result: yes
configure:18669: checking for doxygen
configure:18702: result: no
configure:18708: WARNING: doxygen not found - documentation targets will be skipped
configure:18840: checking for inline
configure:18856: gcc -c -g -O2  conftest.c >&5
configure:18856: $? = 0
configure:18864: result: inline
configure:18939: checking for pkg-config
configure:18969: result: /usr/bin/pkg-config
configure:18994: checking pkg-config is at least version 0.9.0
configure:18997: result: yes
configure:19012: checking for bison
configure:19028: found /usr/bin/bison
configure:19039: result: bison -y
configure:19053: checking for bison
configure:19071: found /usr/bin/bison
configure:19083: result: /usr/bin/bison
configure:19101: checking for eaccess
configure:19101: gcc -o conftest -g -O2   conftest.c  >&5
configure:19101: $? = 0
configure:19101: result: yes
configure:19101: checking for euidaccess
configure:19101: gcc -o conftest -g -O2   conftest.c  >&5
configure:19101: $? = 0
configure:19101: result: yes
configure:19101: checking for mmap
configure:19101: gcc -o conftest -g -O2   conftest.c  >&5
configure:19101: $? = 0
configure:19101: result: yes
configure:19101: checking for mkostemp
configure:19101: gcc -o conftest -g -O2   conftest.c  >&5
configure:19101: $? = 0
configure:19101: result: yes
configure:19101: checking for posix_fallocate
configure:19101: gcc -o conftest -g -O2   conftest.c  >&5
configure:19101: $? = 0
configure:19101: result: yes
configure:19114: checking for secure_getenv
configure:19114: gcc -o conftest -g -O2   conftest.c  >&5
configure:19114: $? = 0
configure:19114: result: yes
configure:19114: checking for __secure_getenv
configure:19114: gcc -o conftest -g -O2   conftest.c  >&5
/tmp/ccJdLZo7.o: In function `main':
/lfskernel/sources/boot/libxkbcommon-0.8.0/conftest.c:71: undefined reference to `__secure_getenv'
collect2: error: ld returned 1 exit status
configure:19114: $? = 1
configure: failed program was:
| /* confdefs.h */
| #define PACKAGE_NAME "libxkbcommon"
| #define PACKAGE_TARNAME "libxkbcommon"
| #define PACKAGE_VERSION "0.8.0"
| #define PACKAGE_STRING "libxkbcommon 0.8.0"
| #define PACKAGE_BUGREPORT "https://bugs.freedesktop.org/enter_bug.cgi?product=libxkbcommon"
| #define PACKAGE_URL "http://xkbcommon.org"
| #define PACKAGE "libxkbcommon"
| #define VERSION "0.8.0"
| #define STDC_HEADERS 1
| #define HAVE_SYS_TYPES_H 1
| #define HAVE_SYS_STAT_H 1
| #define HAVE_STDLIB_H 1
| #define HAVE_STRING_H 1
| #define HAVE_MEMORY_H 1
| #define HAVE_STRINGS_H 1
| #define HAVE_INTTYPES_H 1
| #define HAVE_STDINT_H 1
| #define HAVE_UNISTD_H 1
| #define __EXTENSIONS__ 1
| #define _ALL_SOURCE 1
| #define _GNU_SOURCE 1
| #define _POSIX_PTHREAD_SEMANTICS 1
| #define _TANDEM_SOURCE 1
| #define HAVE_DLFCN_H 1
| #define LT_OBJDIR ".libs/"
| #define PACKAGE_VERSION_MAJOR 0
| #define PACKAGE_VERSION_MINOR 8
| #define PACKAGE_VERSION_PATCHLEVEL 0
| #define HAVE_EACCESS 1
| #define HAVE_EUIDACCESS 1
| #define HAVE_MMAP 1
| #define HAVE_MKOSTEMP 1
| #define HAVE_POSIX_FALLOCATE 1
| #define HAVE_SECURE_GETENV 1
| /* end confdefs.h.  */
| /* Define __secure_getenv to an innocuous variant, in case <limits.h> declares __secure_getenv.
|    For example, HP-UX 11i <limits.h> declares gettimeofday.  */
| #define __secure_getenv innocuous___secure_getenv
| 
| /* System header to define __stub macros and hopefully few prototypes,
|     which can conflict with char __secure_getenv (); below.
|     Prefer <limits.h> to <assert.h> if __STDC__ is defined, since
|     <limits.h> exists even on freestanding compilers.  */
| 
| #ifdef __STDC__
| # include <limits.h>
| #else
| # include <assert.h>
| #endif
| 
| #undef __secure_getenv
| 
| /* Override any GCC internal prototype to avoid an error.
|    Use char because int might match the return type of a GCC
|    builtin and then its argument prototype would still apply.  */
| #ifdef __cplusplus
| extern "C"
| #endif
| char __secure_getenv ();
| /* The GNU C library defines this for functions which it implements
|     to always fail with ENOSYS.  Some functions are actually named
|     something starting with __ and the normal name is an alias.  */
| #if defined __stub___secure_getenv || defined __stub_____secure_getenv
| choke me
| #endif
| 
| int
| main ()
| {
| return __secure_getenv ();
|   ;
|   return 0;
| }
configure:19114: result: no
configure:19134: checking for __builtin_expect
configure:19153: gcc -o conftest -g -O2   conftest.c  >&5
configure:19153: $? = 0
configure:19162: result: yes
configure:19178: checking for __builtin_popcount
configure:19197: gcc -o conftest -g -O2   conftest.c  >&5
configure:19197: $? = 0
configure:19206: result: yes
configure:19221: checking linux/input.h usability
configure:19221: gcc -c -g -O2  conftest.c >&5
configure:19221: $? = 0
configure:19221: result: yes
configure:19221: checking linux/input.h presence
configure:19221: gcc -E  conftest.c
configure:19221: $? = 0
configure:19221: result: yes
configure:19221: checking for linux/input.h
configure:19221: result: yes
configure:19315: checking if gcc supports -fvisibility=hidden
configure:19332: gcc -o conftest -g -O2 -fvisibility=hidden   conftest.c  >&5
configure:19332: $? = 0
configure:19345: result: yes
configure:19433: checking if gcc supports -Wextra -Wno-unused-parameter -Wno-missing-field-initializers
configure:19450: gcc -o conftest -g -O2 -Wextra -Wno-unused-parameter -Wno-missing-field-initializers   conftest.c  >&5
configure:19450: $? = 0
configure:19463: result: yes
configure:19551: checking if gcc supports -Wdocumentation -Wno-documentation-deprecated-sync
configure:19568: gcc -o conftest -g -O2 -Wdocumentation -Wno-documentation-deprecated-sync   conftest.c  >&5
gcc: error: unrecognized command line option '-Wdocumentation'
configure:19568: $? = 1
configure: failed program was:
| /* confdefs.h */
| #define PACKAGE_NAME "libxkbcommon"
| #define PACKAGE_TARNAME "libxkbcommon"
| #define PACKAGE_VERSION "0.8.0"
| #define PACKAGE_STRING "libxkbcommon 0.8.0"
| #define PACKAGE_BUGREPORT "https://bugs.freedesktop.org/enter_bug.cgi?product=libxkbcommon"
| #define PACKAGE_URL "http://xkbcommon.org"
| #define PACKAGE "libxkbcommon"
| #define VERSION "0.8.0"
| #define STDC_HEADERS 1
| #define HAVE_SYS_TYPES_H 1
| #define HAVE_SYS_STAT_H 1
| #define HAVE_STDLIB_H 1
| #define HAVE_STRING_H 1
| #define HAVE_MEMORY_H 1
| #define HAVE_STRINGS_H 1
| #define HAVE_INTTYPES_H 1
| #define HAVE_STDINT_H 1
| #define HAVE_UNISTD_H 1
| #define __EXTENSIONS__ 1
| #define _ALL_SOURCE 1
| #define _GNU_SOURCE 1
| #define _POSIX_PTHREAD_SEMANTICS 1
| #define _TANDEM_SOURCE 1
| #define HAVE_DLFCN_H 1
| #define LT_OBJDIR ".libs/"
| #define PACKAGE_VERSION_MAJOR 0
| #define PACKAGE_VERSION_MINOR 8
| #define PACKAGE_VERSION_PATCHLEVEL 0
| #define HAVE_EACCESS 1
| #define HAVE_EUIDACCESS 1
| #define HAVE_MMAP 1
| #define HAVE_MKOSTEMP 1
| #define HAVE_POSIX_FALLOCATE 1
| #define HAVE_SECURE_GETENV 1
| #define HAVE___BUILTIN_EXPECT 1
| #define HAVE___BUILTIN_POPCOUNT 1
| /* end confdefs.h.  */
| int i;
| int
| main ()
| {
| 
|   ;
|   return 0;
| }
configure:19581: result: no
configure:19597: checking whether the linker accepts -Wl,--no-undefined
configure:19616: gcc -o conftest -g -O2  -Wl,--no-undefined conftest.c  >&5
configure:19616: $? = 0
configure:19627: result: yes
configure:19645: checking whether the linker accepts -Wl,--version-script="./xkbcommon.map"
configure:19660: gcc -o conftest -g -O2  -Wl,--version-script=./xkbcommon.map conftest.c  >&5
configure:19660: $? = 0
configure:19669: result: yes
configure:19686: checking for clock_gettime in -lrt
configure:19711: gcc -o conftest -g -O2   conftest.c -lrt -lrt  >&5
configure:19711: $? = 0
configure:19720: result: yes
configure:19732: checking for clock_gettime
configure:19732: gcc -o conftest -g -O2   conftest.c  >&5
configure:19732: $? = 0
configure:19732: result: yes
configure:19859: checking for xcb xcb-xkb >= 1.10
configure:19866: $PKG_CONFIG --exists --print-errors "xcb xcb-xkb >= 1.10"
configure:19869: $? = 0
configure:19883: $PKG_CONFIG --exists --print-errors "xcb xcb-xkb >= 1.10"
configure:19886: $? = 0
configure:19926: result: yes
configure:19954: $PKG_CONFIG --exists --print-errors "$WAYLAND_PKGS"
configure:19957: $? = 0
configure:19968: checking for wayland-client >= 1.2.0 wayland-protocols >= 1.7 wayland-scanner
configure:19975: $PKG_CONFIG --exists --print-errors "$WAYLAND_PKGS"
configure:19978: $? = 0
configure:19992: $PKG_CONFIG --exists --print-errors "$WAYLAND_PKGS"
configure:19995: $? = 0
configure:20035: result: yes
configure:20041: checking for wayland-scanner
configure:20059: found /usr/bin/wayland-scanner
configure:20071: result: /usr/bin/wayland-scanner
configure:20207: checking that generated files are newer than configure
configure:20213: result: done
configure:20272: creating ./config.status

## ---------------------- ##
## Running config.status. ##
## ---------------------- ##

This file was extended by libxkbcommon config.status 0.8.0, which was
generated by GNU Autoconf 2.69.  Invocation command line was

  CONFIG_FILES    = 
  CONFIG_HEADERS  = 
  CONFIG_LINKS    = 
  CONFIG_COMMANDS = 
  $ ./config.status 

on localhost.localdomain

config.status:1177: creating Makefile
config.status:1177: creating xkbcommon.pc
config.status:1177: creating xkbcommon-x11.pc
config.status:1177: creating doc/Doxyfile
config.status:1177: creating src/config.h
config.status:1406: executing depfiles commands
config.status:1406: executing libtool commands
configure:22443: result:
        libxkbcommon 0.8.0

        libxkbcommon:            yes
        libxkbcommon-x11:        yes
        Wayland utilities:       yes
        documentation:           yes

        default XKB rules:       evdev
        default XKB model:       pc105
        default XKB layout:      us
        default XKB variant:     
        default XKB options:     

        prefix:                  /usr
        includedir:              ${prefix}/include
        lib dir:                 ${exec_prefix}/lib
        datarootdir:             ${prefix}/share
        XKB config root:         /usr/share/X11/xkb
        X11 locale root:         ${datarootdir}/X11/locale


## ---------------- ##
## Cache variables. ##
## ---------------- ##

ac_cv_build=x86_64-pc-linux-gnu
ac_cv_c_compiler_gnu=yes
ac_cv_c_inline=inline
ac_cv_env_CC_set=
ac_cv_env_CC_value=
ac_cv_env_CFLAGS_set=
ac_cv_env_CFLAGS_value=
ac_cv_env_CPPFLAGS_set=
ac_cv_env_CPPFLAGS_value=
ac_cv_env_CPP_set=
ac_cv_env_CPP_value=
ac_cv_env_DOT_set=
ac_cv_env_DOT_value=
ac_cv_env_DOXYGEN_set=
ac_cv_env_DOXYGEN_value=
ac_cv_env_LDFLAGS_set=
ac_cv_env_LDFLAGS_value=
ac_cv_env_LIBS_set=
ac_cv_env_LIBS_value=
ac_cv_env_LT_SYS_LIBRARY_PATH_set=
ac_cv_env_LT_SYS_LIBRARY_PATH_value=
ac_cv_env_PKG_CONFIG_LIBDIR_set=
ac_cv_env_PKG_CONFIG_LIBDIR_value=
ac_cv_env_PKG_CONFIG_PATH_set=
ac_cv_env_PKG_CONFIG_PATH_value=
ac_cv_env_PKG_CONFIG_set=
ac_cv_env_PKG_CONFIG_value=
ac_cv_env_WAYLAND_CFLAGS_set=
ac_cv_env_WAYLAND_CFLAGS_value=
ac_cv_env_WAYLAND_LIBS_set=
ac_cv_env_WAYLAND_LIBS_value=
ac_cv_env_XCB_XKB_CFLAGS_set=
ac_cv_env_XCB_XKB_CFLAGS_value=
ac_cv_env_XCB_XKB_LIBS_set=
ac_cv_env_XCB_XKB_LIBS_value=
ac_cv_env_XORG_MALLOC_DEBUG_ENV_set=
ac_cv_env_XORG_MALLOC_DEBUG_ENV_value=
ac_cv_env_YACC_set=
ac_cv_env_YACC_value=
ac_cv_env_YFLAGS_set=
ac_cv_env_YFLAGS_value=
ac_cv_env_build_alias_set=
ac_cv_env_build_alias_value=
ac_cv_env_host_alias_set=
ac_cv_env_host_alias_value=
ac_cv_env_target_alias_set=
ac_cv_env_target_alias_value=
ac_cv_func___secure_getenv=no
ac_cv_func_clock_gettime=yes
ac_cv_func_eaccess=yes
ac_cv_func_euidaccess=yes
ac_cv_func_mkostemp=yes
ac_cv_func_mmap=yes
ac_cv_func_posix_fallocate=yes
ac_cv_func_secure_getenv=yes
ac_cv_have_decl___INTEL_COMPILER=no
ac_cv_have_decl___SUNPRO_C=no
ac_cv_have_decl___clang__=no
ac_cv_header_dlfcn_h=yes
ac_cv_header_inttypes_h=yes
ac_cv_header_linux_input_h=yes
ac_cv_header_memory_h=yes
ac_cv_header_minix_config_h=no
ac_cv_header_stdc=yes
ac_cv_header_stdint_h=yes
ac_cv_header_stdlib_h=yes
ac_cv_header_string_h=yes
ac_cv_header_strings_h=yes
ac_cv_header_sys_stat_h=yes
ac_cv_header_sys_types_h=yes
ac_cv_header_unistd_h=yes
ac_cv_host=x86_64-pc-linux-gnu
ac_cv_lib_rt_clock_gettime=yes
ac_cv_objext=o
ac_cv_path_EGREP='/usr/bin/grep -E'
ac_cv_path_FGREP='/usr/bin/grep -F'
ac_cv_path_GREP=/usr/bin/grep
ac_cv_path_SED=/bin/sed
ac_cv_path_YACC_INST=/usr/bin/bison
ac_cv_path_ac_pt_PKG_CONFIG=/usr/bin/pkg-config
ac_cv_path_install='/usr/bin/install -c'
ac_cv_path_lt_DD=/bin/dd
ac_cv_path_mkdir=/bin/mkdir
ac_cv_path_wayland_scanner=/usr/bin/wayland-scanner
ac_cv_prog_AWK=gawk
ac_cv_prog_CPP='gcc -E'
ac_cv_prog_YACC='bison -y'
ac_cv_prog_ac_ct_AR=ar
ac_cv_prog_ac_ct_CC=gcc
ac_cv_prog_ac_ct_MANIFEST_TOOL=mt
ac_cv_prog_ac_ct_OBJDUMP=objdump
ac_cv_prog_ac_ct_RANLIB=ranlib
ac_cv_prog_ac_ct_STRIP=strip
ac_cv_prog_cc_c89=
ac_cv_prog_cc_c99=
ac_cv_prog_cc_g=yes
ac_cv_prog_make_make_set=yes
ac_cv_safe_to_define___extensions__=yes
am_cv_CC_dependencies_compiler_type=gcc3
am_cv_make_support_nested_variables=yes
am_cv_prog_cc_c_o=yes
ax_cv_have___builtin_expect=yes
ax_cv_have___builtin_popcount=yes
lt_cv_ar_at_file=@
lt_cv_archive_cmds_need_lc=no
lt_cv_deplibs_check_method=pass_all
lt_cv_file_magic_cmd='$MAGIC_CMD'
lt_cv_file_magic_test_file=
lt_cv_ld_reload_flag=-r
lt_cv_nm_interface='BSD nm'
lt_cv_objdir=.libs
lt_cv_path_LD=/usr/bin/ld
lt_cv_path_NM='/usr/bin/nm -B'
lt_cv_path_mainfest_tool=no
lt_cv_prog_compiler_c_o=yes
lt_cv_prog_compiler_pic='-fPIC -DPIC'
lt_cv_prog_compiler_pic_works=yes
lt_cv_prog_compiler_rtti_exceptions=no
lt_cv_prog_compiler_static_works=yes
lt_cv_prog_gnu_ld=yes
lt_cv_sharedlib_from_linklib_cmd='printf %s\n'
lt_cv_shlibpath_overrides_runpath=no
lt_cv_sys_global_symbol_pipe='sed -n -e '\''s/^.*[	 ]\([ABCDGIRSTW][ABCDGIRSTW]*\)[	 ][	 ]*\([_A-Za-z][_A-Za-z0-9]*\)$/\1 \2 \2/p'\'' | sed '\''/ __gnu_lto/d'\'''
lt_cv_sys_global_symbol_to_c_name_address='sed -n -e '\''s/^: \(.*\) .*$/  {"\1", (void *) 0},/p'\'' -e '\''s/^[ABCDGIRSTW][ABCDGIRSTW]* .* \(.*\)$/  {"\1", (void *) \&\1},/p'\'''
lt_cv_sys_global_symbol_to_c_name_address_lib_prefix='sed -n -e '\''s/^: \(.*\) .*$/  {"\1", (void *) 0},/p'\'' -e '\''s/^[ABCDGIRSTW][ABCDGIRSTW]* .* \(lib.*\)$/  {"\1", (void *) \&\1},/p'\'' -e '\''s/^[ABCDGIRSTW][ABCDGIRSTW]* .* \(.*\)$/  {"lib\1", (void *) \&\1},/p'\'''
lt_cv_sys_global_symbol_to_cdecl='sed -n -e '\''s/^T .* \(.*\)$/extern int \1();/p'\'' -e '\''s/^[ABCDGIRSTW][ABCDGIRSTW]* .* \(.*\)$/extern char \1;/p'\'''
lt_cv_sys_global_symbol_to_import=
lt_cv_sys_max_cmd_len=1572864
lt_cv_to_host_file_cmd=func_convert_file_noop
lt_cv_to_tool_file_cmd=func_convert_file_noop
lt_cv_truncate_bin='/bin/dd bs=4096 count=1'
pkg_cv_WAYLAND_CFLAGS=
pkg_cv_WAYLAND_LIBS=-lwayland-client
pkg_cv_XCB_XKB_CFLAGS=
pkg_cv_XCB_XKB_LIBS='-lxcb -lxcb-xkb'
xorg_cv_cc_flag__Wall=yes
xorg_cv_cc_flag__Wbad_function_cast=yes
xorg_cv_cc_flag__Wdeclaration_after_statement=yes
xorg_cv_cc_flag__Wdocumentation__Wno_documentation_deprecated_sync=no
xorg_cv_cc_flag__Werror=yes
xorg_cv_cc_flag__Werror_address=yes
xorg_cv_cc_flag__Werror_array_bounds=yes
xorg_cv_cc_flag__Werror_attributes=yes
xorg_cv_cc_flag__Werror_implicit=yes
xorg_cv_cc_flag__Werror_init_self=yes
xorg_cv_cc_flag__Werror_int_to_pointer_cast=yes
xorg_cv_cc_flag__Werror_main=yes
xorg_cv_cc_flag__Werror_missing_braces=yes
xorg_cv_cc_flag__Werror_nonnull=yes
xorg_cv_cc_flag__Werror_pointer_to_int_cast=yes
xorg_cv_cc_flag__Werror_return_type=yes
xorg_cv_cc_flag__Werror_sequence_point=yes
xorg_cv_cc_flag__Werror_trigraphs=yes
xorg_cv_cc_flag__Werror_write_strings=yes
xorg_cv_cc_flag__Wextra__Wno_unused_parameter__Wno_missing_field_initializers=yes
xorg_cv_cc_flag__Wformat_2=yes
xorg_cv_cc_flag__Wlogical_op=yes
xorg_cv_cc_flag__Wmissing_declarations=yes
xorg_cv_cc_flag__Wmissing_format_attribute=yes
xorg_cv_cc_flag__Wmissing_noreturn=yes
xorg_cv_cc_flag__Wmissing_prototypes=yes
xorg_cv_cc_flag__Wnested_externs=yes
xorg_cv_cc_flag__Wold_style_definition=yes
xorg_cv_cc_flag__Wpointer_arith=yes
xorg_cv_cc_flag__Wredundant_decls=yes
xorg_cv_cc_flag__Wshadow=yes
xorg_cv_cc_flag__Wstrict_prototypes=yes
xorg_cv_cc_flag__Wuninitialized=yes
xorg_cv_cc_flag__Wunused=yes
xorg_cv_cc_flag__fvisibility_hidden=yes
xorg_cv_cc_flag__pedantic=yes
xorg_cv_cc_flag_unknown_warning_option=no
xorg_cv_cc_flag_unused_command_line_argument=no
xorg_cv_linker_flags__Wl___no_undefined=yes
xorg_cv_linker_flags__Wl___version_script___xkbcommon_map=yes

## ----------------- ##
## Output variables. ##
## ----------------- ##

ACLOCAL='${SHELL} /lfskernel/sources/boot/libxkbcommon-0.8.0/build-aux/missing aclocal-1.15'
ADMIN_MAN_DIR='$(mandir)/man$(ADMIN_MAN_SUFFIX)'
ADMIN_MAN_SUFFIX='8'
AMDEPBACKSLASH='\'
AMDEP_FALSE='#'
AMDEP_TRUE=''
AMTAR='$${TAR-tar}'
AM_BACKSLASH='\'
AM_DEFAULT_V='$(AM_DEFAULT_VERBOSITY)'
AM_DEFAULT_VERBOSITY='0'
AM_V='$(V)'
APP_MAN_DIR='$(mandir)/man$(APP_MAN_SUFFIX)'
APP_MAN_SUFFIX='1'
AR='ar'
AUTOCONF='${SHELL} /lfskernel/sources/boot/libxkbcommon-0.8.0/build-aux/missing autoconf'
AUTOHEADER='${SHELL} /lfskernel/sources/boot/libxkbcommon-0.8.0/build-aux/missing autoheader'
AUTOMAKE='${SHELL} /lfskernel/sources/boot/libxkbcommon-0.8.0/build-aux/missing automake-1.15'
AWK='gawk'
BASE_CFLAGS=' -Wall -Wpointer-arith -Wmissing-declarations -Wformat=2 -Wstrict-prototypes -Wmissing-prototypes -Wnested-externs -Wbad-function-cast -Wold-style-definition -Wdeclaration-after-statement -Wunused -Wuninitialized -Wshadow -Wmissing-noreturn -Wmissing-format-attribute -Wredundant-decls -Wlogical-op -Werror=implicit -Werror=nonnull -Werror=init-self -Werror=main -Werror=missing-braces -Werror=sequence-point -Werror=return-type -Werror=trigraphs -Werror=array-bounds -Werror=write-strings -Werror=address -Werror=int-to-pointer-cast -Werror=pointer-to-int-cast -fvisibility=hidden -Wextra -Wno-unused-parameter -Wno-missing-field-initializers'
BUILD_LINUX_TESTS_FALSE='#'
BUILD_LINUX_TESTS_TRUE=''
CC='gcc'
CCDEPMODE='depmode=gcc3'
CFLAGS='-g -O2'
CHANGELOG_CMD='(GIT_DIR=$(top_srcdir)/.git git log > $(top_srcdir)/.changelog.tmp && mv $(top_srcdir)/.changelog.tmp $(top_srcdir)/ChangeLog) || (rm -f $(top_srcdir)/.changelog.tmp; touch $(top_srcdir)/ChangeLog; echo '\''git directory not found: installing possibly empty changelog.'\'' >&2)'
CPP='gcc -E'
CPPFLAGS=''
CWARNFLAGS=' -Wall -Wpointer-arith -Wmissing-declarations -Wformat=2 -Wstrict-prototypes -Wmissing-prototypes -Wnested-externs -Wbad-function-cast -Wold-style-definition -Wdeclaration-after-statement -Wunused -Wuninitialized -Wshadow -Wmissing-noreturn -Wmissing-format-attribute -Wredundant-decls -Wlogical-op -Werror=implicit -Werror=nonnull -Werror=init-self -Werror=main -Werror=missing-braces -Werror=sequence-point -Werror=return-type -Werror=trigraphs -Werror=array-bounds -Werror=write-strings -Werror=address -Werror=int-to-pointer-cast -Werror=pointer-to-int-cast -fno-strict-aliasing'
CYGPATH_W='echo'
DEFS='-DHAVE_CONFIG_H'
DEPDIR='.deps'
DLLTOOL='false'
DOT=''
DOXYGEN=''
DRIVER_MAN_DIR='$(mandir)/man$(DRIVER_MAN_SUFFIX)'
DRIVER_MAN_SUFFIX='4'
DSYMUTIL=''
DUMPBIN=''
ECHO_C=''
ECHO_N='-n'
ECHO_T=''
EGREP='/usr/bin/grep -E'
ENABLE_DOCS_FALSE='#'
ENABLE_DOCS_TRUE=''
ENABLE_WAYLAND_FALSE='#'
ENABLE_WAYLAND_TRUE=''
ENABLE_X11_FALSE='#'
ENABLE_X11_TRUE=''
EXEEXT=''
FGREP='/usr/bin/grep -F'
FILE_MAN_DIR='$(mandir)/man$(FILE_MAN_SUFFIX)'
FILE_MAN_SUFFIX='5'
GREP='/usr/bin/grep'
HAVE_DOT='no'
HAVE_DOT_FALSE=''
HAVE_DOT_TRUE='#'
HAVE_DOXYGEN_FALSE=''
HAVE_DOXYGEN_TRUE='#'
HAVE_NO_UNDEFINED_FALSE='#'
HAVE_NO_UNDEFINED_TRUE=''
HAVE_VERSION_SCRIPT_FALSE='#'
HAVE_VERSION_SCRIPT_TRUE=''
INSTALL_CMD='(cp -f /usr/share/util-macros/INSTALL $(top_srcdir)/.INSTALL.tmp && mv $(top_srcdir)/.INSTALL.tmp $(top_srcdir)/INSTALL) || (rm -f $(top_srcdir)/.INSTALL.tmp; touch $(top_srcdir)/INSTALL; echo '\''util-macros "pkgdatadir" from xorg-macros.pc not found: installing possibly empty INSTALL.'\'' >&2)'
INSTALL_DATA='${INSTALL} -m 644'
INSTALL_PROGRAM='${INSTALL}'
INSTALL_SCRIPT='${INSTALL}'
INSTALL_STRIP_PROGRAM='$(install_sh) -c -s'
LD='/usr/bin/ld -m elf_x86_64'
LDFLAGS=''
LIBOBJS=''
LIBS=''
LIBTOOL='$(SHELL) $(top_builddir)/libtool'
LIB_MAN_DIR='$(mandir)/man$(LIB_MAN_SUFFIX)'
LIB_MAN_SUFFIX='3'
LIPO=''
LN_S='ln -s'
LTLIBOBJS=''
LT_SYS_LIBRARY_PATH=''
MAINT=''
MAINTAINER_MODE_FALSE='#'
MAINTAINER_MODE_TRUE=''
MAKEINFO='${SHELL} /lfskernel/sources/boot/libxkbcommon-0.8.0/build-aux/missing makeinfo'
MANIFEST_TOOL=':'
MAN_SUBSTS='	-e '\''s|__vendorversion__|"$(PACKAGE_STRING)" "$(XORG_MAN_PAGE)"|'\'' 	-e '\''s|__xorgversion__|"$(PACKAGE_STRING)" "$(XORG_MAN_PAGE)"|'\'' 	-e '\''s|__xservername__|Xorg|g'\'' 	-e '\''s|__xconfigfile__|xorg.conf|g'\'' 	-e '\''s|__projectroot__|$(prefix)|g'\'' 	-e '\''s|__apploaddir__|$(appdefaultdir)|g'\'' 	-e '\''s|__appmansuffix__|$(APP_MAN_SUFFIX)|g'\'' 	-e '\''s|__drivermansuffix__|$(DRIVER_MAN_SUFFIX)|g'\'' 	-e '\''s|__adminmansuffix__|$(ADMIN_MAN_SUFFIX)|g'\'' 	-e '\''s|__libmansuffix__|$(LIB_MAN_SUFFIX)|g'\'' 	-e '\''s|__miscmansuffix__|$(MISC_MAN_SUFFIX)|g'\'' 	-e '\''s|__filemansuffix__|$(FILE_MAN_SUFFIX)|g'\'''
MISC_MAN_DIR='$(mandir)/man$(MISC_MAN_SUFFIX)'
MISC_MAN_SUFFIX='7'
MKDIR_P='/bin/mkdir -p'
NM='/usr/bin/nm -B'
NMEDIT=''
OBJDUMP='objdump'
OBJEXT='o'
OTOOL64=''
OTOOL=''
PACKAGE='libxkbcommon'
PACKAGE_BUGREPORT='https://bugs.freedesktop.org/enter_bug.cgi?product=libxkbcommon'
PACKAGE_NAME='libxkbcommon'
PACKAGE_STRING='libxkbcommon 0.8.0'
PACKAGE_TARNAME='libxkbcommon'
PACKAGE_URL='http://xkbcommon.org'
PACKAGE_VERSION='0.8.0'
PATH_SEPARATOR=':'
PKG_CONFIG='/usr/bin/pkg-config'
PKG_CONFIG_LIBDIR=''
PKG_CONFIG_PATH=''
RANLIB='ranlib'
RT_LIBS='-lrt'
SED='/bin/sed'
SET_MAKE=''
SHELL='/bin/sh'
STRICT_CFLAGS=' -pedantic -Werror -Werror=attributes'
STRIP='strip'
VERSION='0.8.0'
WAYLAND_CFLAGS=''
WAYLAND_LIBS='-lwayland-client'
WAYLAND_PROTOCOLS_DATADIR='//usr/share/wayland-protocols'
XCB_XKB_CFLAGS=''
XCB_XKB_LIBS='-lxcb -lxcb-xkb'
XKBCONFIGROOT='/usr/share/X11/xkb'
XLOCALEDIR='${datarootdir}/X11/locale'
XORG_MALLOC_DEBUG_ENV='MALLOC_PERTURB_=15'
XORG_MAN_PAGE='X Version 11'
YACC='bison -y'
YACC_INST='/usr/bin/bison'
YFLAGS=''
ac_ct_AR='ar'
ac_ct_CC='gcc'
ac_ct_DUMPBIN=''
am__EXEEXT_FALSE=''
am__EXEEXT_TRUE='#'
am__fastdepCC_FALSE='#'
am__fastdepCC_TRUE=''
am__include='include'
am__isrc=''
am__leading_dot='.'
am__nodep='_no'
am__quote=''
am__tar='$${TAR-tar} chof - "$$tardir"'
am__untar='$${TAR-tar} xf -'
bindir='${exec_prefix}/bin'
build='x86_64-pc-linux-gnu'
build_alias=''
build_cpu='x86_64'
build_os='linux-gnu'
build_vendor='pc'
datadir='${datarootdir}'
datarootdir='${prefix}/share'
docdir='/usr/share/doc/libxkbcommon-0.8.0'
dvidir='${docdir}'
exec_prefix='${prefix}'
host='x86_64-pc-linux-gnu'
host_alias=''
host_cpu='x86_64'
host_os='linux-gnu'
host_vendor='pc'
htmldir='${docdir}'
includedir='${prefix}/include'
infodir='${datarootdir}/info'
install_sh='${SHELL} /lfskernel/sources/boot/libxkbcommon-0.8.0/build-aux/install-sh'
libdir='${exec_prefix}/lib'
libexecdir='${exec_prefix}/libexec'
localedir='${datarootdir}/locale'
localstatedir='/var'
mandir='${datarootdir}/man'
mkdir_p='$(MKDIR_P)'
oldincludedir='/usr/include'
pdfdir='${docdir}'
prefix='/usr'
program_transform_name='s,x,x,'
psdir='${docdir}'
sbindir='${exec_prefix}/sbin'
sharedstatedir='${prefix}/com'
sysconfdir='/etc'
target_alias=''
wayland_scanner='/usr/bin/wayland-scanner'

## ----------- ##
## confdefs.h. ##
## ----------- ##

/* confdefs.h */
#define PACKAGE_NAME "libxkbcommon"
#define PACKAGE_TARNAME "libxkbcommon"
#define PACKAGE_VERSION "0.8.0"
#define PACKAGE_STRING "libxkbcommon 0.8.0"
#define PACKAGE_BUGREPORT "https://bugs.freedesktop.org/enter_bug.cgi?product=libxkbcommon"
#define PACKAGE_URL "http://xkbcommon.org"
#define PACKAGE "libxkbcommon"
#define VERSION "0.8.0"
#define STDC_HEADERS 1
#define HAVE_SYS_TYPES_H 1
#define HAVE_SYS_STAT_H 1
#define HAVE_STDLIB_H 1
#define HAVE_STRING_H 1
#define HAVE_MEMORY_H 1
#define HAVE_STRINGS_H 1
#define HAVE_INTTYPES_H 1
#define HAVE_STDINT_H 1
#define HAVE_UNISTD_H 1
#define __EXTENSIONS__ 1
#define _ALL_SOURCE 1
#define _GNU_SOURCE 1
#define _POSIX_PTHREAD_SEMANTICS 1
#define _TANDEM_SOURCE 1
#define HAVE_DLFCN_H 1
#define LT_OBJDIR ".libs/"
#define PACKAGE_VERSION_MAJOR 0
#define PACKAGE_VERSION_MINOR 8
#define PACKAGE_VERSION_PATCHLEVEL 0
#define HAVE_EACCESS 1
#define HAVE_EUIDACCESS 1
#define HAVE_MMAP 1
#define HAVE_MKOSTEMP 1
#define HAVE_POSIX_FALLOCATE 1
#define HAVE_SECURE_GETENV 1
#define HAVE___BUILTIN_EXPECT 1
#define HAVE___BUILTIN_POPCOUNT 1
#define HAVE_CLOCK_GETTIME 1
#define DEFAULT_XKB_RULES "evdev"
#define DEFAULT_XKB_MODEL "pc105"
#define DEFAULT_XKB_LAYOUT "us"

configure: exit 0
