###############################
# Install libXdamage-1.1.4.tar.bz2 #
###############################
Making install in src
make[1]: Entering directory '/lfskernel/sources/boot/X11/libs/libXdamage-1.1.4/src'
make[2]: Entering directory '/lfskernel/sources/boot/X11/libs/libXdamage-1.1.4/src'
test -z "/usr/lib" || /bin/mkdir -p "/usr/lib"
 /bin/sh ../libtool   --mode=install /usr/bin/install -c   libXdamage.la '/usr/lib'
libtool: install: /usr/bin/install -c .libs/libXdamage.so.1.1.0 /usr/lib/libXdamage.so.1.1.0
libtool: install: (cd /usr/lib && { ln -s -f libXdamage.so.1.1.0 libXdamage.so.1 || { rm -f libXdamage.so.1 && ln -s libXdamage.so.1.1.0 libXdamage.so.1; }; })
libtool: install: (cd /usr/lib && { ln -s -f libXdamage.so.1.1.0 libXdamage.so || { rm -f libXdamage.so && ln -s libXdamage.so.1.1.0 libXdamage.so; }; })
libtool: install: /usr/bin/install -c .libs/libXdamage.lai /usr/lib/libXdamage.la
libtool: finish: PATH="/bin:/usr/bin:/sbin:/usr/sbin:/sbin" ldconfig -n /usr/lib
----------------------------------------------------------------------
Libraries have been installed in:
   /usr/lib

If you ever happen to want to link against installed libraries
in a given directory, LIBDIR, you must either use libtool, and
specify the full pathname of the library, or use the `-LLIBDIR'
flag during linking and do at least one of the following:
   - add LIBDIR to the `LD_LIBRARY_PATH' environment variable
     during execution
   - add LIBDIR to the `LD_RUN_PATH' environment variable
     during linking
   - use the `-Wl,-rpath -Wl,LIBDIR' linker flag
   - have your system administrator add LIBDIR to `/etc/ld.so.conf'

See any operating system documentation about shared libraries for
more information, such as the ld(1) and ld.so(8) manual pages.
----------------------------------------------------------------------
test -z "/usr/include/X11/extensions" || /bin/mkdir -p "/usr/include/X11/extensions"
 /usr/bin/install -c -m 644 ../include/X11/extensions/Xdamage.h '/usr/include/X11/extensions'
make[2]: Leaving directory '/lfskernel/sources/boot/X11/libs/libXdamage-1.1.4/src'
make[1]: Leaving directory '/lfskernel/sources/boot/X11/libs/libXdamage-1.1.4/src'
make[1]: Entering directory '/lfskernel/sources/boot/X11/libs/libXdamage-1.1.4'
make[2]: Entering directory '/lfskernel/sources/boot/X11/libs/libXdamage-1.1.4'
make[2]: Nothing to be done for 'install-exec-am'.
test -z "/usr/lib/pkgconfig" || /bin/mkdir -p "/usr/lib/pkgconfig"
 /usr/bin/install -c -m 644 xdamage.pc '/usr/lib/pkgconfig'
make[2]: Leaving directory '/lfskernel/sources/boot/X11/libs/libXdamage-1.1.4'
make[1]: Leaving directory '/lfskernel/sources/boot/X11/libs/libXdamage-1.1.4'
