###############################
# Install libXv-1.0.11.tar.bz2 #
###############################
Making install in src
make[1]: Entering directory '/lfskernel/sources/boot/X11/libs/libXv-1.0.11/src'
make[2]: Entering directory '/lfskernel/sources/boot/X11/libs/libXv-1.0.11/src'
 /bin/mkdir -p '/usr/lib'
 /bin/sh ../libtool   --mode=install /usr/bin/install -c   libXv.la '/usr/lib'
libtool: install: /usr/bin/install -c .libs/libXv.so.1.0.0 /usr/lib/libXv.so.1.0.0
libtool: install: (cd /usr/lib && { ln -s -f libXv.so.1.0.0 libXv.so.1 || { rm -f libXv.so.1 && ln -s libXv.so.1.0.0 libXv.so.1; }; })
libtool: install: (cd /usr/lib && { ln -s -f libXv.so.1.0.0 libXv.so || { rm -f libXv.so && ln -s libXv.so.1.0.0 libXv.so; }; })
libtool: install: /usr/bin/install -c .libs/libXv.lai /usr/lib/libXv.la
libtool: finish: PATH="/bin:/usr/bin:/sbin:/usr/sbin:/sbin" ldconfig -n /usr/lib
----------------------------------------------------------------------
Libraries have been installed in:
   /usr/lib

If you ever happen to want to link against installed libraries
in a given directory, LIBDIR, you must either use libtool, and
specify the full pathname of the library, or use the `-LLIBDIR'
flag during linking and do at least one of the following:
   - add LIBDIR to the `LD_LIBRARY_PATH' environment variable
     during execution
   - add LIBDIR to the `LD_RUN_PATH' environment variable
     during linking
   - use the `-Wl,-rpath -Wl,LIBDIR' linker flag
   - have your system administrator add LIBDIR to `/etc/ld.so.conf'

See any operating system documentation about shared libraries for
more information, such as the ld(1) and ld.so(8) manual pages.
----------------------------------------------------------------------
make[2]: Leaving directory '/lfskernel/sources/boot/X11/libs/libXv-1.0.11/src'
make[1]: Leaving directory '/lfskernel/sources/boot/X11/libs/libXv-1.0.11/src'
Making install in man
make[1]: Entering directory '/lfskernel/sources/boot/X11/libs/libXv-1.0.11/man'
make[2]: Entering directory '/lfskernel/sources/boot/X11/libs/libXv-1.0.11/man'
make[2]: Nothing to be done for 'install-exec-am'.
 /bin/mkdir -p '/usr/share/man/man3'
 /usr/bin/install -c -m 644 Xv.3 XvCreateImage.3 XvFreeAdaptorInfo.3 XvFreeEncodingInfo.3 XvGetPortAttribute.3 XvGetStill.3 XvGetVideo.3 XvGrabPort.3 XvListImageFormats.3 XvPortNotify.3 XvPutImage.3 XvPutStill.3 XvPutVideo.3 XvQueryAdaptors.3 XvQueryBestSize.3 XvQueryEncodings.3 XvQueryExtension.3 XvQueryPortAttributes.3 XvSelectPortNotify.3 XvSelectVideoNotify.3 XvSetPortAttribute.3 XvShmCreateImage.3 XvShmPutImage.3 XvStopVideo.3 XvUngrabPort.3 XvVideoNotify.3 '/usr/share/man/man3'
make[2]: Leaving directory '/lfskernel/sources/boot/X11/libs/libXv-1.0.11/man'
make[1]: Leaving directory '/lfskernel/sources/boot/X11/libs/libXv-1.0.11/man'
Making install in include
make[1]: Entering directory '/lfskernel/sources/boot/X11/libs/libXv-1.0.11/include'
Making install in X11
make[2]: Entering directory '/lfskernel/sources/boot/X11/libs/libXv-1.0.11/include/X11'
Making install in extensions
make[3]: Entering directory '/lfskernel/sources/boot/X11/libs/libXv-1.0.11/include/X11/extensions'
make[4]: Entering directory '/lfskernel/sources/boot/X11/libs/libXv-1.0.11/include/X11/extensions'
make[4]: Nothing to be done for 'install-exec-am'.
 /bin/mkdir -p '/usr/include/X11/extensions'
 /usr/bin/install -c -m 644 Xvlib.h '/usr/include/X11/extensions'
make[4]: Leaving directory '/lfskernel/sources/boot/X11/libs/libXv-1.0.11/include/X11/extensions'
make[3]: Leaving directory '/lfskernel/sources/boot/X11/libs/libXv-1.0.11/include/X11/extensions'
make[3]: Entering directory '/lfskernel/sources/boot/X11/libs/libXv-1.0.11/include/X11'
make[4]: Entering directory '/lfskernel/sources/boot/X11/libs/libXv-1.0.11/include/X11'
make[4]: Nothing to be done for 'install-exec-am'.
make[4]: Nothing to be done for 'install-data-am'.
make[4]: Leaving directory '/lfskernel/sources/boot/X11/libs/libXv-1.0.11/include/X11'
make[3]: Leaving directory '/lfskernel/sources/boot/X11/libs/libXv-1.0.11/include/X11'
make[2]: Leaving directory '/lfskernel/sources/boot/X11/libs/libXv-1.0.11/include/X11'
make[2]: Entering directory '/lfskernel/sources/boot/X11/libs/libXv-1.0.11/include'
make[3]: Entering directory '/lfskernel/sources/boot/X11/libs/libXv-1.0.11/include'
make[3]: Nothing to be done for 'install-exec-am'.
make[3]: Nothing to be done for 'install-data-am'.
make[3]: Leaving directory '/lfskernel/sources/boot/X11/libs/libXv-1.0.11/include'
make[2]: Leaving directory '/lfskernel/sources/boot/X11/libs/libXv-1.0.11/include'
make[1]: Leaving directory '/lfskernel/sources/boot/X11/libs/libXv-1.0.11/include'
make[1]: Entering directory '/lfskernel/sources/boot/X11/libs/libXv-1.0.11'
make[2]: Entering directory '/lfskernel/sources/boot/X11/libs/libXv-1.0.11'
make[2]: Nothing to be done for 'install-exec-am'.
 /bin/mkdir -p '/usr/lib/pkgconfig'
 /usr/bin/install -c -m 644 xv.pc '/usr/lib/pkgconfig'
make[2]: Leaving directory '/lfskernel/sources/boot/X11/libs/libXv-1.0.11'
make[1]: Leaving directory '/lfskernel/sources/boot/X11/libs/libXv-1.0.11'
