###############################
# Install libXScrnSaver-1.2.2.tar.bz2 #
###############################
Making install in src
make[1]: Entering directory '/lfskernel/sources/boot/X11/libs/libXScrnSaver-1.2.2/src'
make[2]: Entering directory '/lfskernel/sources/boot/X11/libs/libXScrnSaver-1.2.2/src'
test -z "/usr/lib" || /bin/mkdir -p "/usr/lib"
 /bin/sh ../libtool   --mode=install /usr/bin/install -c   libXss.la '/usr/lib'
libtool: install: /usr/bin/install -c .libs/libXss.so.1.0.0 /usr/lib/libXss.so.1.0.0
libtool: install: (cd /usr/lib && { ln -s -f libXss.so.1.0.0 libXss.so.1 || { rm -f libXss.so.1 && ln -s libXss.so.1.0.0 libXss.so.1; }; })
libtool: install: (cd /usr/lib && { ln -s -f libXss.so.1.0.0 libXss.so || { rm -f libXss.so && ln -s libXss.so.1.0.0 libXss.so; }; })
libtool: install: /usr/bin/install -c .libs/libXss.lai /usr/lib/libXss.la
libtool: finish: PATH="/bin:/usr/bin:/sbin:/usr/sbin:/sbin" ldconfig -n /usr/lib
----------------------------------------------------------------------
Libraries have been installed in:
   /usr/lib

If you ever happen to want to link against installed libraries
in a given directory, LIBDIR, you must either use libtool, and
specify the full pathname of the library, or use the `-LLIBDIR'
flag during linking and do at least one of the following:
   - add LIBDIR to the `LD_LIBRARY_PATH' environment variable
     during execution
   - add LIBDIR to the `LD_RUN_PATH' environment variable
     during linking
   - use the `-Wl,-rpath -Wl,LIBDIR' linker flag
   - have your system administrator add LIBDIR to `/etc/ld.so.conf'

See any operating system documentation about shared libraries for
more information, such as the ld(1) and ld.so(8) manual pages.
----------------------------------------------------------------------
test -z "/usr/include/X11/extensions" || /bin/mkdir -p "/usr/include/X11/extensions"
 /usr/bin/install -c -m 644 ../include/X11/extensions/scrnsaver.h '/usr/include/X11/extensions'
test -z "" || /bin/mkdir -p ""
make[2]: Leaving directory '/lfskernel/sources/boot/X11/libs/libXScrnSaver-1.2.2/src'
make[1]: Leaving directory '/lfskernel/sources/boot/X11/libs/libXScrnSaver-1.2.2/src'
Making install in man
make[1]: Entering directory '/lfskernel/sources/boot/X11/libs/libXScrnSaver-1.2.2/man'
make[2]: Entering directory '/lfskernel/sources/boot/X11/libs/libXScrnSaver-1.2.2/man'
make[2]: Nothing to be done for 'install-exec-am'.
test -z "/usr/share/man/man3" || /bin/mkdir -p "/usr/share/man/man3"
 /usr/bin/install -c -m 644 Xss.3 XScreenSaverQueryExtension.3 XScreenSaverQueryVersion.3 XScreenSaverAllocInfo.3 XScreenSaverQueryInfo.3 XScreenSaverSelectInput.3 XScreenSaverSetAttributes.3 XScreenSaverUnsetAttributes.3 XScreenSaverRegister.3 XScreenSaverUnregister.3 XScreenSaverGetRegistered.3 XScreenSaverSuspend.3 '/usr/share/man/man3'
make[2]: Leaving directory '/lfskernel/sources/boot/X11/libs/libXScrnSaver-1.2.2/man'
make[1]: Leaving directory '/lfskernel/sources/boot/X11/libs/libXScrnSaver-1.2.2/man'
make[1]: Entering directory '/lfskernel/sources/boot/X11/libs/libXScrnSaver-1.2.2'
make[2]: Entering directory '/lfskernel/sources/boot/X11/libs/libXScrnSaver-1.2.2'
make[2]: Nothing to be done for 'install-exec-am'.
test -z "/usr/lib/pkgconfig" || /bin/mkdir -p "/usr/lib/pkgconfig"
 /usr/bin/install -c -m 644 xscrnsaver.pc '/usr/lib/pkgconfig'
make[2]: Leaving directory '/lfskernel/sources/boot/X11/libs/libXScrnSaver-1.2.2'
make[1]: Leaving directory '/lfskernel/sources/boot/X11/libs/libXScrnSaver-1.2.2'
