Making install in man
make[1]: Entering directory '/lfskernel/sources/boot/libXau-1.0.8/man'
make[2]: Entering directory '/lfskernel/sources/boot/libXau-1.0.8/man'
make[2]: Nothing to be done for 'install-exec-am'.
 /bin/mkdir -p '/usr/share/man/man3'
 /usr/bin/install -c -m 644 Xau.3 XauDisposeAuth.3 XauFileName.3 XauGetAuthByAddr.3 XauGetBestAuthByAddr.3 XauLockAuth.3 XauReadAuth.3 XauUnlockAuth.3 XauWriteAuth.3 '/usr/share/man/man3'
make[2]: Leaving directory '/lfskernel/sources/boot/libXau-1.0.8/man'
make[1]: Leaving directory '/lfskernel/sources/boot/libXau-1.0.8/man'
make[1]: Entering directory '/lfskernel/sources/boot/libXau-1.0.8'
make[2]: Entering directory '/lfskernel/sources/boot/libXau-1.0.8'
 /bin/mkdir -p '/usr/lib'
 /bin/sh ./libtool   --mode=install /usr/bin/install -c   libXau.la '/usr/lib'
libtool: install: /usr/bin/install -c .libs/libXau.so.6.0.0 /usr/lib/libXau.so.6.0.0
libtool: install: (cd /usr/lib && { ln -s -f libXau.so.6.0.0 libXau.so.6 || { rm -f libXau.so.6 && ln -s libXau.so.6.0.0 libXau.so.6; }; })
libtool: install: (cd /usr/lib && { ln -s -f libXau.so.6.0.0 libXau.so || { rm -f libXau.so && ln -s libXau.so.6.0.0 libXau.so; }; })
libtool: install: /usr/bin/install -c .libs/libXau.lai /usr/lib/libXau.la
libtool: finish: PATH="/bin:/usr/bin:/sbin:/usr/sbin:/sbin" ldconfig -n /usr/lib
----------------------------------------------------------------------
Libraries have been installed in:
   /usr/lib

If you ever happen to want to link against installed libraries
in a given directory, LIBDIR, you must either use libtool, and
specify the full pathname of the library, or use the `-LLIBDIR'
flag during linking and do at least one of the following:
   - add LIBDIR to the `LD_LIBRARY_PATH' environment variable
     during execution
   - add LIBDIR to the `LD_RUN_PATH' environment variable
     during linking
   - use the `-Wl,-rpath -Wl,LIBDIR' linker flag
   - have your system administrator add LIBDIR to `/etc/ld.so.conf'

See any operating system documentation about shared libraries for
more information, such as the ld(1) and ld.so(8) manual pages.
----------------------------------------------------------------------
 /bin/mkdir -p '/usr/lib/pkgconfig'
 /usr/bin/install -c -m 644 xau.pc '/usr/lib/pkgconfig'
 /bin/mkdir -p '/usr/include/X11'
 /usr/bin/install -c -m 644 include/X11/Xauth.h '/usr/include/X11'
make[2]: Leaving directory '/lfskernel/sources/boot/libXau-1.0.8'
make[1]: Leaving directory '/lfskernel/sources/boot/libXau-1.0.8'
