This file contains any messages produced by compilers while
running configure, to aid debugging if configure makes a mistake.

It was created by libXfont2 configure 2.0.3, which was
generated by GNU Autoconf 2.69.  Invocation command line was

  $ ./configure --prefix=/usr --sysconfdir=/etc --localstatedir=/var --disable-static --disable-devel-docs

## --------- ##
## Platform. ##
## --------- ##

hostname = localhost.localdomain
uname -m = x86_64
uname -r = 3.10.0-693.11.1.el7.x86_64
uname -s = Linux
uname -v = #1 SMP Mon Dec 4 23:52:40 UTC 2017

/usr/bin/uname -p = unknown
/bin/uname -X     = unknown

/bin/arch              = x86_64
/usr/bin/arch -k       = unknown
/usr/convex/getsysinfo = unknown
/usr/bin/hostinfo      = unknown
/bin/machine           = unknown
/usr/bin/oslevel       = unknown
/bin/universe          = unknown

PATH: /bin
PATH: /usr/bin
PATH: /sbin
PATH: /usr/sbin


## ----------- ##
## Core tests. ##
## ----------- ##

configure:2627: checking for a BSD-compatible install
configure:2695: result: /usr/bin/install -c
configure:2706: checking whether build environment is sane
configure:2761: result: yes
configure:2912: checking for a thread-safe mkdir -p
configure:2951: result: /bin/mkdir -p
configure:2958: checking for gawk
configure:2974: found /usr/bin/gawk
configure:2985: result: gawk
configure:2996: checking whether make sets $(MAKE)
configure:3018: result: yes
configure:3047: checking whether make supports nested variables
configure:3064: result: yes
configure:3206: checking for style of include used by make
configure:3234: result: GNU
configure:3305: checking for gcc
configure:3321: found /usr/bin/gcc
configure:3332: result: gcc
configure:3561: checking for C compiler version
configure:3570: gcc --version >&5
gcc (GCC) 7.2.0
Copyright (C) 2017 Free Software Foundation, Inc.
This is free software; see the source for copying conditions.  There is NO
warranty; not even for MERCHANTABILITY or FITNESS FOR A PARTICULAR PURPOSE.

configure:3581: $? = 0
configure:3570: gcc -v >&5
Using built-in specs.
COLLECT_GCC=gcc
COLLECT_LTO_WRAPPER=/usr/libexec/gcc/x86_64-pc-linux-gnu/7.2.0/lto-wrapper
Target: x86_64-pc-linux-gnu
Configured with: ../configure --prefix=/usr --enable-languages=c,c++ --disable-multilib --disable-bootstrap --with-system-zlib
Thread model: posix
gcc version 7.2.0 (GCC) 
configure:3581: $? = 0
configure:3570: gcc -V >&5
gcc: error: unrecognized command line option '-V'
gcc: fatal error: no input files
compilation terminated.
configure:3581: $? = 1
configure:3570: gcc -qversion >&5
gcc: error: unrecognized command line option '-qversion'; did you mean '--version'?
gcc: fatal error: no input files
compilation terminated.
configure:3581: $? = 1
configure:3601: checking whether the C compiler works
configure:3623: gcc    conftest.c  >&5
configure:3627: $? = 0
configure:3675: result: yes
configure:3678: checking for C compiler default output file name
configure:3680: result: a.out
configure:3686: checking for suffix of executables
configure:3693: gcc -o conftest    conftest.c  >&5
configure:3697: $? = 0
configure:3719: result: 
configure:3741: checking whether we are cross compiling
configure:3749: gcc -o conftest    conftest.c  >&5
configure:3753: $? = 0
configure:3760: ./conftest
configure:3764: $? = 0
configure:3779: result: no
configure:3784: checking for suffix of object files
configure:3806: gcc -c   conftest.c >&5
configure:3810: $? = 0
configure:3831: result: o
configure:3835: checking whether we are using the GNU C compiler
configure:3854: gcc -c   conftest.c >&5
configure:3854: $? = 0
configure:3863: result: yes
configure:3872: checking whether gcc accepts -g
configure:3892: gcc -c -g  conftest.c >&5
configure:3892: $? = 0
configure:3933: result: yes
configure:3950: checking for gcc option to accept ISO C89
configure:4013: gcc  -c -g -O2  conftest.c >&5
configure:4013: $? = 0
configure:4026: result: none needed
configure:4051: checking whether gcc understands -c and -o together
configure:4073: gcc -c conftest.c -o conftest2.o
configure:4076: $? = 0
configure:4073: gcc -c conftest.c -o conftest2.o
configure:4076: $? = 0
configure:4088: result: yes
configure:4107: checking dependency style of gcc
configure:4218: result: gcc3
configure:4239: checking how to run the C preprocessor
configure:4270: gcc -E  conftest.c
configure:4270: $? = 0
configure:4284: gcc -E  conftest.c
conftest.c:11:10: fatal error: ac_nonexistent.h: No such file or directory
 #include <ac_nonexistent.h>
          ^~~~~~~~~~~~~~~~~~
compilation terminated.
configure:4284: $? = 1
configure: failed program was:
| /* confdefs.h */
| #define PACKAGE_NAME "libXfont2"
| #define PACKAGE_TARNAME "libXfont2"
| #define PACKAGE_VERSION "2.0.3"
| #define PACKAGE_STRING "libXfont2 2.0.3"
| #define PACKAGE_BUGREPORT "https://bugs.freedesktop.org/enter_bug.cgi?product=xorg"
| #define PACKAGE_URL ""
| #define PACKAGE "libXfont2"
| #define VERSION "2.0.3"
| /* end confdefs.h.  */
| #include <ac_nonexistent.h>
configure:4309: result: gcc -E
configure:4329: gcc -E  conftest.c
configure:4329: $? = 0
configure:4343: gcc -E  conftest.c
conftest.c:11:10: fatal error: ac_nonexistent.h: No such file or directory
 #include <ac_nonexistent.h>
          ^~~~~~~~~~~~~~~~~~
compilation terminated.
configure:4343: $? = 1
configure: failed program was:
| /* confdefs.h */
| #define PACKAGE_NAME "libXfont2"
| #define PACKAGE_TARNAME "libXfont2"
| #define PACKAGE_VERSION "2.0.3"
| #define PACKAGE_STRING "libXfont2 2.0.3"
| #define PACKAGE_BUGREPORT "https://bugs.freedesktop.org/enter_bug.cgi?product=xorg"
| #define PACKAGE_URL ""
| #define PACKAGE "libXfont2"
| #define VERSION "2.0.3"
| /* end confdefs.h.  */
| #include <ac_nonexistent.h>
configure:4372: checking for grep that handles long lines and -e
configure:4430: result: /usr/bin/grep
configure:4435: checking for egrep
configure:4497: result: /usr/bin/grep -E
configure:4502: checking for ANSI C header files
configure:4522: gcc -c -g -O2  conftest.c >&5
configure:4522: $? = 0
configure:4595: gcc -o conftest -g -O2   conftest.c  >&5
configure:4595: $? = 0
configure:4595: ./conftest
configure:4595: $? = 0
configure:4606: result: yes
configure:4619: checking for sys/types.h
configure:4619: gcc -c -g -O2  conftest.c >&5
configure:4619: $? = 0
configure:4619: result: yes
configure:4619: checking for sys/stat.h
configure:4619: gcc -c -g -O2  conftest.c >&5
configure:4619: $? = 0
configure:4619: result: yes
configure:4619: checking for stdlib.h
configure:4619: gcc -c -g -O2  conftest.c >&5
configure:4619: $? = 0
configure:4619: result: yes
configure:4619: checking for string.h
configure:4619: gcc -c -g -O2  conftest.c >&5
configure:4619: $? = 0
configure:4619: result: yes
configure:4619: checking for memory.h
configure:4619: gcc -c -g -O2  conftest.c >&5
configure:4619: $? = 0
configure:4619: result: yes
configure:4619: checking for strings.h
configure:4619: gcc -c -g -O2  conftest.c >&5
configure:4619: $? = 0
configure:4619: result: yes
configure:4619: checking for inttypes.h
configure:4619: gcc -c -g -O2  conftest.c >&5
configure:4619: $? = 0
configure:4619: result: yes
configure:4619: checking for stdint.h
configure:4619: gcc -c -g -O2  conftest.c >&5
configure:4619: $? = 0
configure:4619: result: yes
configure:4619: checking for unistd.h
configure:4619: gcc -c -g -O2  conftest.c >&5
configure:4619: $? = 0
configure:4619: result: yes
configure:4632: checking minix/config.h usability
configure:4632: gcc -c -g -O2  conftest.c >&5
conftest.c:54:10: fatal error: minix/config.h: No such file or directory
 #include <minix/config.h>
          ^~~~~~~~~~~~~~~~
compilation terminated.
configure:4632: $? = 1
configure: failed program was:
| /* confdefs.h */
| #define PACKAGE_NAME "libXfont2"
| #define PACKAGE_TARNAME "libXfont2"
| #define PACKAGE_VERSION "2.0.3"
| #define PACKAGE_STRING "libXfont2 2.0.3"
| #define PACKAGE_BUGREPORT "https://bugs.freedesktop.org/enter_bug.cgi?product=xorg"
| #define PACKAGE_URL ""
| #define PACKAGE "libXfont2"
| #define VERSION "2.0.3"
| #define STDC_HEADERS 1
| #define HAVE_SYS_TYPES_H 1
| #define HAVE_SYS_STAT_H 1
| #define HAVE_STDLIB_H 1
| #define HAVE_STRING_H 1
| #define HAVE_MEMORY_H 1
| #define HAVE_STRINGS_H 1
| #define HAVE_INTTYPES_H 1
| #define HAVE_STDINT_H 1
| #define HAVE_UNISTD_H 1
| /* end confdefs.h.  */
| #include <stdio.h>
| #ifdef HAVE_SYS_TYPES_H
| # include <sys/types.h>
| #endif
| #ifdef HAVE_SYS_STAT_H
| # include <sys/stat.h>
| #endif
| #ifdef STDC_HEADERS
| # include <stdlib.h>
| # include <stddef.h>
| #else
| # ifdef HAVE_STDLIB_H
| #  include <stdlib.h>
| # endif
| #endif
| #ifdef HAVE_STRING_H
| # if !defined STDC_HEADERS && defined HAVE_MEMORY_H
| #  include <memory.h>
| # endif
| # include <string.h>
| #endif
| #ifdef HAVE_STRINGS_H
| # include <strings.h>
| #endif
| #ifdef HAVE_INTTYPES_H
| # include <inttypes.h>
| #endif
| #ifdef HAVE_STDINT_H
| # include <stdint.h>
| #endif
| #ifdef HAVE_UNISTD_H
| # include <unistd.h>
| #endif
| #include <minix/config.h>
configure:4632: result: no
configure:4632: checking minix/config.h presence
configure:4632: gcc -E  conftest.c
conftest.c:21:10: fatal error: minix/config.h: No such file or directory
 #include <minix/config.h>
          ^~~~~~~~~~~~~~~~
compilation terminated.
configure:4632: $? = 1
configure: failed program was:
| /* confdefs.h */
| #define PACKAGE_NAME "libXfont2"
| #define PACKAGE_TARNAME "libXfont2"
| #define PACKAGE_VERSION "2.0.3"
| #define PACKAGE_STRING "libXfont2 2.0.3"
| #define PACKAGE_BUGREPORT "https://bugs.freedesktop.org/enter_bug.cgi?product=xorg"
| #define PACKAGE_URL ""
| #define PACKAGE "libXfont2"
| #define VERSION "2.0.3"
| #define STDC_HEADERS 1
| #define HAVE_SYS_TYPES_H 1
| #define HAVE_SYS_STAT_H 1
| #define HAVE_STDLIB_H 1
| #define HAVE_STRING_H 1
| #define HAVE_MEMORY_H 1
| #define HAVE_STRINGS_H 1
| #define HAVE_INTTYPES_H 1
| #define HAVE_STDINT_H 1
| #define HAVE_UNISTD_H 1
| /* end confdefs.h.  */
| #include <minix/config.h>
configure:4632: result: no
configure:4632: checking for minix/config.h
configure:4632: result: no
configure:4653: checking whether it is safe to define __EXTENSIONS__
configure:4671: gcc -c -g -O2  conftest.c >&5
configure:4671: $? = 0
configure:4678: result: yes
configure:4723: checking build system type
configure:4737: result: x86_64-pc-linux-gnu
configure:4757: checking host system type
configure:4770: result: x86_64-pc-linux-gnu
configure:4811: checking how to print strings
configure:4838: result: printf
configure:4859: checking for a sed that does not truncate output
configure:4923: result: /bin/sed
configure:4941: checking for fgrep
configure:5003: result: /usr/bin/grep -F
configure:5038: checking for ld used by gcc
configure:5105: result: /usr/bin/ld
configure:5112: checking if the linker (/usr/bin/ld) is GNU ld
configure:5127: result: yes
configure:5139: checking for BSD- or MS-compatible name lister (nm)
configure:5193: result: /usr/bin/nm -B
configure:5323: checking the name lister (/usr/bin/nm -B) interface
configure:5330: gcc -c -g -O2  conftest.c >&5
configure:5333: /usr/bin/nm -B "conftest.o"
configure:5336: output
0000000000000000 B some_variable
configure:5343: result: BSD nm
configure:5346: checking whether ln -s works
configure:5350: result: yes
configure:5358: checking the maximum length of command line arguments
configure:5489: result: 1572864
configure:5537: checking how to convert x86_64-pc-linux-gnu file names to x86_64-pc-linux-gnu format
configure:5577: result: func_convert_file_noop
configure:5584: checking how to convert x86_64-pc-linux-gnu file names to toolchain format
configure:5604: result: func_convert_file_noop
configure:5611: checking for /usr/bin/ld option to reload object files
configure:5618: result: -r
configure:5692: checking for objdump
configure:5708: found /usr/bin/objdump
configure:5719: result: objdump
configure:5751: checking how to recognize dependent libraries
configure:5951: result: pass_all
configure:6036: checking for dlltool
configure:6066: result: no
configure:6096: checking how to associate runtime and link libraries
configure:6123: result: printf %s\n
configure:6183: checking for ar
configure:6199: found /usr/bin/ar
configure:6210: result: ar
configure:6247: checking for archiver @FILE support
configure:6264: gcc -c -g -O2  conftest.c >&5
configure:6264: $? = 0
configure:6267: ar cru libconftest.a @conftest.lst >&5
configure:6270: $? = 0
configure:6275: ar cru libconftest.a @conftest.lst >&5
ar: conftest.o: No such file or directory
configure:6278: $? = 1
configure:6290: result: @
configure:6348: checking for strip
configure:6364: found /usr/bin/strip
configure:6375: result: strip
configure:6447: checking for ranlib
configure:6463: found /usr/bin/ranlib
configure:6474: result: ranlib
configure:6576: checking command to parse /usr/bin/nm -B output from gcc object
configure:6729: gcc -c -g -O2  conftest.c >&5
configure:6732: $? = 0
configure:6736: /usr/bin/nm -B conftest.o \| sed -n -e 's/^.*[ ]\([ABCDGIRSTW][ABCDGIRSTW]*\)[ ][ ]*\([_A-Za-z][_A-Za-z0-9]*\)$/\1 \2 \2/p' | sed '/ __gnu_lto/d' \> conftest.nm
configure:6739: $? = 0
configure:6805: gcc -o conftest -g -O2   conftest.c conftstm.o >&5
configure:6808: $? = 0
configure:6846: result: ok
configure:6893: checking for sysroot
configure:6923: result: no
configure:6930: checking for a working dd
configure:6968: result: /bin/dd
configure:6972: checking how to truncate binary pipes
configure:6987: result: /bin/dd bs=4096 count=1
configure:7123: gcc -c -g -O2  conftest.c >&5
configure:7126: $? = 0
configure:7316: checking for mt
configure:7332: found /bin/mt
configure:7343: result: mt
configure:7366: checking if mt is a manifest tool
configure:7372: mt '-?'
configure:7380: result: no
configure:8054: checking for dlfcn.h
configure:8054: gcc -c -g -O2  conftest.c >&5
configure:8054: $? = 0
configure:8054: result: yes
configure:8310: checking for objdir
configure:8325: result: .libs
configure:8585: checking if gcc supports -fno-rtti -fno-exceptions
configure:8603: gcc -c -g -O2  -fno-rtti -fno-exceptions conftest.c >&5
cc1: warning: command line option '-fno-rtti' is valid for C++/ObjC++ but not for C
configure:8607: $? = 0
configure:8620: result: no
configure:8978: checking for gcc option to produce PIC
configure:8985: result: -fPIC -DPIC
configure:8993: checking if gcc PIC flag -fPIC -DPIC works
configure:9011: gcc -c -g -O2  -fPIC -DPIC -DPIC conftest.c >&5
configure:9015: $? = 0
configure:9028: result: yes
configure:9057: checking if gcc static flag -static works
configure:9085: result: yes
configure:9100: checking if gcc supports -c -o file.o
configure:9121: gcc -c -g -O2  -o out/conftest2.o conftest.c >&5
configure:9125: $? = 0
configure:9147: result: yes
configure:9155: checking if gcc supports -c -o file.o
configure:9202: result: yes
configure:9235: checking whether the gcc linker (/usr/bin/ld -m elf_x86_64) supports shared libraries
configure:10498: result: yes
configure:10535: checking whether -lc should be explicitly linked in
configure:10543: gcc -c -g -O2  conftest.c >&5
configure:10546: $? = 0
configure:10561: gcc -shared  -fPIC -DPIC conftest.o  -v -Wl,-soname -Wl,conftest -o conftest 2\>\&1 \| /usr/bin/grep  -lc  \>/dev/null 2\>\&1
configure:10564: $? = 0
configure:10578: result: no
configure:10738: checking dynamic linker characteristics
configure:11319: gcc -o conftest -g -O2   -Wl,-rpath -Wl,/foo conftest.c  >&5
configure:11319: $? = 0
configure:11568: result: GNU/Linux ld.so
configure:11690: checking how to hardcode library paths into programs
configure:11715: result: immediate
configure:12263: checking whether stripping libraries is possible
configure:12268: result: yes
configure:12303: checking if libtool supports shared libraries
configure:12305: result: yes
configure:12308: checking whether to build shared libraries
configure:12333: result: yes
configure:12336: checking whether to build static libraries
configure:12340: result: no
configure:12390: checking for gcc option to accept ISO C99
configure:12539: gcc  -c -g -O2  conftest.c >&5
configure:12539: $? = 0
configure:12552: result: none needed
configure:12571: checking whether __clang__ is declared
configure:12571: gcc -c -g -O2  conftest.c >&5
conftest.c: In function 'main':
conftest.c:68:10: error: '__clang__' undeclared (first use in this function); did you mean '__clock_t'?
   (void) __clang__;
          ^~~~~~~~~
          __clock_t
conftest.c:68:10: note: each undeclared identifier is reported only once for each function it appears in
configure:12571: $? = 1
configure: failed program was:
| /* confdefs.h */
| #define PACKAGE_NAME "libXfont2"
| #define PACKAGE_TARNAME "libXfont2"
| #define PACKAGE_VERSION "2.0.3"
| #define PACKAGE_STRING "libXfont2 2.0.3"
| #define PACKAGE_BUGREPORT "https://bugs.freedesktop.org/enter_bug.cgi?product=xorg"
| #define PACKAGE_URL ""
| #define PACKAGE "libXfont2"
| #define VERSION "2.0.3"
| #define STDC_HEADERS 1
| #define HAVE_SYS_TYPES_H 1
| #define HAVE_SYS_STAT_H 1
| #define HAVE_STDLIB_H 1
| #define HAVE_STRING_H 1
| #define HAVE_MEMORY_H 1
| #define HAVE_STRINGS_H 1
| #define HAVE_INTTYPES_H 1
| #define HAVE_STDINT_H 1
| #define HAVE_UNISTD_H 1
| #define __EXTENSIONS__ 1
| #define _ALL_SOURCE 1
| #define _GNU_SOURCE 1
| #define _POSIX_PTHREAD_SEMANTICS 1
| #define _TANDEM_SOURCE 1
| #define HAVE_DLFCN_H 1
| #define LT_OBJDIR ".libs/"
| /* end confdefs.h.  */
| #include <stdio.h>
| #ifdef HAVE_SYS_TYPES_H
| # include <sys/types.h>
| #endif
| #ifdef HAVE_SYS_STAT_H
| # include <sys/stat.h>
| #endif
| #ifdef STDC_HEADERS
| # include <stdlib.h>
| # include <stddef.h>
| #else
| # ifdef HAVE_STDLIB_H
| #  include <stdlib.h>
| # endif
| #endif
| #ifdef HAVE_STRING_H
| # if !defined STDC_HEADERS && defined HAVE_MEMORY_H
| #  include <memory.h>
| # endif
| # include <string.h>
| #endif
| #ifdef HAVE_STRINGS_H
| # include <strings.h>
| #endif
| #ifdef HAVE_INTTYPES_H
| # include <inttypes.h>
| #endif
| #ifdef HAVE_STDINT_H
| # include <stdint.h>
| #endif
| #ifdef HAVE_UNISTD_H
| # include <unistd.h>
| #endif
| int
| main ()
| {
| #ifndef __clang__
| #ifdef __cplusplus
|   (void) __clang__;
| #else
|   (void) __clang__;
| #endif
| #endif
| 
|   ;
|   return 0;
| }
configure:12571: result: no
configure:12578: checking whether __INTEL_COMPILER is declared
configure:12578: gcc -c -g -O2  conftest.c >&5
conftest.c: In function 'main':
conftest.c:68:10: error: '__INTEL_COMPILER' undeclared (first use in this function); did you mean '__BYTE_ORDER'?
   (void) __INTEL_COMPILER;
          ^~~~~~~~~~~~~~~~
          __BYTE_ORDER
conftest.c:68:10: note: each undeclared identifier is reported only once for each function it appears in
configure:12578: $? = 1
configure: failed program was:
| /* confdefs.h */
| #define PACKAGE_NAME "libXfont2"
| #define PACKAGE_TARNAME "libXfont2"
| #define PACKAGE_VERSION "2.0.3"
| #define PACKAGE_STRING "libXfont2 2.0.3"
| #define PACKAGE_BUGREPORT "https://bugs.freedesktop.org/enter_bug.cgi?product=xorg"
| #define PACKAGE_URL ""
| #define PACKAGE "libXfont2"
| #define VERSION "2.0.3"
| #define STDC_HEADERS 1
| #define HAVE_SYS_TYPES_H 1
| #define HAVE_SYS_STAT_H 1
| #define HAVE_STDLIB_H 1
| #define HAVE_STRING_H 1
| #define HAVE_MEMORY_H 1
| #define HAVE_STRINGS_H 1
| #define HAVE_INTTYPES_H 1
| #define HAVE_STDINT_H 1
| #define HAVE_UNISTD_H 1
| #define __EXTENSIONS__ 1
| #define _ALL_SOURCE 1
| #define _GNU_SOURCE 1
| #define _POSIX_PTHREAD_SEMANTICS 1
| #define _TANDEM_SOURCE 1
| #define HAVE_DLFCN_H 1
| #define LT_OBJDIR ".libs/"
| /* end confdefs.h.  */
| #include <stdio.h>
| #ifdef HAVE_SYS_TYPES_H
| # include <sys/types.h>
| #endif
| #ifdef HAVE_SYS_STAT_H
| # include <sys/stat.h>
| #endif
| #ifdef STDC_HEADERS
| # include <stdlib.h>
| # include <stddef.h>
| #else
| # ifdef HAVE_STDLIB_H
| #  include <stdlib.h>
| # endif
| #endif
| #ifdef HAVE_STRING_H
| # if !defined STDC_HEADERS && defined HAVE_MEMORY_H
| #  include <memory.h>
| # endif
| # include <string.h>
| #endif
| #ifdef HAVE_STRINGS_H
| # include <strings.h>
| #endif
| #ifdef HAVE_INTTYPES_H
| # include <inttypes.h>
| #endif
| #ifdef HAVE_STDINT_H
| # include <stdint.h>
| #endif
| #ifdef HAVE_UNISTD_H
| # include <unistd.h>
| #endif
| int
| main ()
| {
| #ifndef __INTEL_COMPILER
| #ifdef __cplusplus
|   (void) __INTEL_COMPILER;
| #else
|   (void) __INTEL_COMPILER;
| #endif
| #endif
| 
|   ;
|   return 0;
| }
configure:12578: result: no
configure:12585: checking whether __SUNPRO_C is declared
configure:12585: gcc -c -g -O2  conftest.c >&5
conftest.c: In function 'main':
conftest.c:68:10: error: '__SUNPRO_C' undeclared (first use in this function); did you mean '__INT8_C'?
   (void) __SUNPRO_C;
          ^~~~~~~~~~
          __INT8_C
conftest.c:68:10: note: each undeclared identifier is reported only once for each function it appears in
configure:12585: $? = 1
configure: failed program was:
| /* confdefs.h */
| #define PACKAGE_NAME "libXfont2"
| #define PACKAGE_TARNAME "libXfont2"
| #define PACKAGE_VERSION "2.0.3"
| #define PACKAGE_STRING "libXfont2 2.0.3"
| #define PACKAGE_BUGREPORT "https://bugs.freedesktop.org/enter_bug.cgi?product=xorg"
| #define PACKAGE_URL ""
| #define PACKAGE "libXfont2"
| #define VERSION "2.0.3"
| #define STDC_HEADERS 1
| #define HAVE_SYS_TYPES_H 1
| #define HAVE_SYS_STAT_H 1
| #define HAVE_STDLIB_H 1
| #define HAVE_STRING_H 1
| #define HAVE_MEMORY_H 1
| #define HAVE_STRINGS_H 1
| #define HAVE_INTTYPES_H 1
| #define HAVE_STDINT_H 1
| #define HAVE_UNISTD_H 1
| #define __EXTENSIONS__ 1
| #define _ALL_SOURCE 1
| #define _GNU_SOURCE 1
| #define _POSIX_PTHREAD_SEMANTICS 1
| #define _TANDEM_SOURCE 1
| #define HAVE_DLFCN_H 1
| #define LT_OBJDIR ".libs/"
| /* end confdefs.h.  */
| #include <stdio.h>
| #ifdef HAVE_SYS_TYPES_H
| # include <sys/types.h>
| #endif
| #ifdef HAVE_SYS_STAT_H
| # include <sys/stat.h>
| #endif
| #ifdef STDC_HEADERS
| # include <stdlib.h>
| # include <stddef.h>
| #else
| # ifdef HAVE_STDLIB_H
| #  include <stdlib.h>
| # endif
| #endif
| #ifdef HAVE_STRING_H
| # if !defined STDC_HEADERS && defined HAVE_MEMORY_H
| #  include <memory.h>
| # endif
| # include <string.h>
| #endif
| #ifdef HAVE_STRINGS_H
| # include <strings.h>
| #endif
| #ifdef HAVE_INTTYPES_H
| # include <inttypes.h>
| #endif
| #ifdef HAVE_STDINT_H
| # include <stdint.h>
| #endif
| #ifdef HAVE_UNISTD_H
| # include <unistd.h>
| #endif
| int
| main ()
| {
| #ifndef __SUNPRO_C
| #ifdef __cplusplus
|   (void) __SUNPRO_C;
| #else
|   (void) __SUNPRO_C;
| #endif
| #endif
| 
|   ;
|   return 0;
| }
configure:12585: result: no
configure:12647: checking for pkg-config
configure:12665: found /usr/bin/pkg-config
configure:12677: result: /usr/bin/pkg-config
configure:12702: checking pkg-config is at least version 0.9.0
configure:12705: result: yes
configure:12754: checking if gcc supports -Werror=unknown-warning-option
configure:12763: gcc -c -g -O2 -Werror=unknown-warning-option  conftest.c >&5
cc1: error: -Werror=unknown-warning-option: no option -Wunknown-warning-option
configure:12763: $? = 1
configure: failed program was:
| /* confdefs.h */
| #define PACKAGE_NAME "libXfont2"
| #define PACKAGE_TARNAME "libXfont2"
| #define PACKAGE_VERSION "2.0.3"
| #define PACKAGE_STRING "libXfont2 2.0.3"
| #define PACKAGE_BUGREPORT "https://bugs.freedesktop.org/enter_bug.cgi?product=xorg"
| #define PACKAGE_URL ""
| #define PACKAGE "libXfont2"
| #define VERSION "2.0.3"
| #define STDC_HEADERS 1
| #define HAVE_SYS_TYPES_H 1
| #define HAVE_SYS_STAT_H 1
| #define HAVE_STDLIB_H 1
| #define HAVE_STRING_H 1
| #define HAVE_MEMORY_H 1
| #define HAVE_STRINGS_H 1
| #define HAVE_INTTYPES_H 1
| #define HAVE_STDINT_H 1
| #define HAVE_UNISTD_H 1
| #define __EXTENSIONS__ 1
| #define _ALL_SOURCE 1
| #define _GNU_SOURCE 1
| #define _POSIX_PTHREAD_SEMANTICS 1
| #define _TANDEM_SOURCE 1
| #define HAVE_DLFCN_H 1
| #define LT_OBJDIR ".libs/"
| /* end confdefs.h.  */
| int i;
configure:12770: result: no
configure:12781: checking if gcc supports -Werror=unused-command-line-argument
configure:12790: gcc -c -g -O2 -Werror=unused-command-line-argument  conftest.c >&5
cc1: error: -Werror=unused-command-line-argument: no option -Wunused-command-line-argument
configure:12790: $? = 1
configure: failed program was:
| /* confdefs.h */
| #define PACKAGE_NAME "libXfont2"
| #define PACKAGE_TARNAME "libXfont2"
| #define PACKAGE_VERSION "2.0.3"
| #define PACKAGE_STRING "libXfont2 2.0.3"
| #define PACKAGE_BUGREPORT "https://bugs.freedesktop.org/enter_bug.cgi?product=xorg"
| #define PACKAGE_URL ""
| #define PACKAGE "libXfont2"
| #define VERSION "2.0.3"
| #define STDC_HEADERS 1
| #define HAVE_SYS_TYPES_H 1
| #define HAVE_SYS_STAT_H 1
| #define HAVE_STDLIB_H 1
| #define HAVE_STRING_H 1
| #define HAVE_MEMORY_H 1
| #define HAVE_STRINGS_H 1
| #define HAVE_INTTYPES_H 1
| #define HAVE_STDINT_H 1
| #define HAVE_UNISTD_H 1
| #define __EXTENSIONS__ 1
| #define _ALL_SOURCE 1
| #define _GNU_SOURCE 1
| #define _POSIX_PTHREAD_SEMANTICS 1
| #define _TANDEM_SOURCE 1
| #define HAVE_DLFCN_H 1
| #define LT_OBJDIR ".libs/"
| /* end confdefs.h.  */
| int i;
configure:12797: result: no
configure:12816: checking if gcc supports -Wall
configure:12833: gcc -o conftest -g -O2 -Wall   conftest.c  >&5
configure:12833: $? = 0
configure:12846: result: yes
configure:12934: checking if gcc supports -Wpointer-arith
configure:12951: gcc -o conftest -g -O2 -Wpointer-arith   conftest.c  >&5
configure:12951: $? = 0
configure:12964: result: yes
configure:13052: checking if gcc supports -Wmissing-declarations
configure:13069: gcc -o conftest -g -O2 -Wmissing-declarations   conftest.c  >&5
configure:13069: $? = 0
configure:13082: result: yes
configure:13170: checking if gcc supports -Wformat=2
configure:13187: gcc -o conftest -g -O2 -Wformat=2   conftest.c  >&5
configure:13187: $? = 0
configure:13200: result: yes
configure:13339: checking if gcc supports -Wstrict-prototypes
configure:13356: gcc -o conftest -g -O2 -Wstrict-prototypes   conftest.c  >&5
conftest.c:30:1: warning: function declaration isn't a prototype [-Wstrict-prototypes]
 main ()
 ^~~~
configure:13356: $? = 0
configure:13369: result: yes
configure:13457: checking if gcc supports -Wmissing-prototypes
configure:13474: gcc -o conftest -g -O2 -Wmissing-prototypes   conftest.c  >&5
configure:13474: $? = 0
configure:13487: result: yes
configure:13575: checking if gcc supports -Wnested-externs
configure:13592: gcc -o conftest -g -O2 -Wnested-externs   conftest.c  >&5
configure:13592: $? = 0
configure:13605: result: yes
configure:13693: checking if gcc supports -Wbad-function-cast
configure:13710: gcc -o conftest -g -O2 -Wbad-function-cast   conftest.c  >&5
configure:13710: $? = 0
configure:13723: result: yes
configure:13811: checking if gcc supports -Wold-style-definition
configure:13828: gcc -o conftest -g -O2 -Wold-style-definition   conftest.c  >&5
conftest.c: In function 'main':
conftest.c:30:1: warning: old-style function definition [-Wold-style-definition]
 main ()
 ^~~~
configure:13828: $? = 0
configure:13841: result: yes
configure:13978: checking if gcc supports -Wdeclaration-after-statement
configure:13995: gcc -o conftest -g -O2 -Wdeclaration-after-statement   conftest.c  >&5
configure:13995: $? = 0
configure:14008: result: yes
configure:14100: checking if gcc supports -Wunused
configure:14117: gcc -o conftest -g -O2 -Wunused   conftest.c  >&5
configure:14117: $? = 0
configure:14130: result: yes
configure:14218: checking if gcc supports -Wuninitialized
configure:14235: gcc -o conftest -g -O2 -Wuninitialized   conftest.c  >&5
configure:14235: $? = 0
configure:14248: result: yes
configure:14336: checking if gcc supports -Wshadow
configure:14353: gcc -o conftest -g -O2 -Wshadow   conftest.c  >&5
configure:14353: $? = 0
configure:14366: result: yes
configure:14454: checking if gcc supports -Wmissing-noreturn
configure:14471: gcc -o conftest -g -O2 -Wmissing-noreturn   conftest.c  >&5
configure:14471: $? = 0
configure:14484: result: yes
configure:14572: checking if gcc supports -Wmissing-format-attribute
configure:14589: gcc -o conftest -g -O2 -Wmissing-format-attribute   conftest.c  >&5
configure:14589: $? = 0
configure:14602: result: yes
configure:14690: checking if gcc supports -Wredundant-decls
configure:14707: gcc -o conftest -g -O2 -Wredundant-decls   conftest.c  >&5
configure:14707: $? = 0
configure:14720: result: yes
configure:14808: checking if gcc supports -Wlogical-op
configure:14825: gcc -o conftest -g -O2 -Wlogical-op   conftest.c  >&5
configure:14825: $? = 0
configure:14838: result: yes
configure:14938: checking if gcc supports -Werror=implicit
configure:14955: gcc -o conftest -g -O2 -Werror=implicit   conftest.c  >&5
configure:14955: $? = 0
configure:14968: result: yes
configure:15105: checking if gcc supports -Werror=nonnull
configure:15122: gcc -o conftest -g -O2 -Werror=nonnull   conftest.c  >&5
configure:15122: $? = 0
configure:15135: result: yes
configure:15223: checking if gcc supports -Werror=init-self
configure:15240: gcc -o conftest -g -O2 -Werror=init-self   conftest.c  >&5
configure:15240: $? = 0
configure:15253: result: yes
configure:15341: checking if gcc supports -Werror=main
configure:15358: gcc -o conftest -g -O2 -Werror=main   conftest.c  >&5
configure:15358: $? = 0
configure:15371: result: yes
configure:15459: checking if gcc supports -Werror=missing-braces
configure:15476: gcc -o conftest -g -O2 -Werror=missing-braces   conftest.c  >&5
configure:15476: $? = 0
configure:15489: result: yes
configure:15577: checking if gcc supports -Werror=sequence-point
configure:15594: gcc -o conftest -g -O2 -Werror=sequence-point   conftest.c  >&5
configure:15594: $? = 0
configure:15607: result: yes
configure:15695: checking if gcc supports -Werror=return-type
configure:15712: gcc -o conftest -g -O2 -Werror=return-type   conftest.c  >&5
configure:15712: $? = 0
configure:15725: result: yes
configure:15862: checking if gcc supports -Werror=trigraphs
configure:15879: gcc -o conftest -g -O2 -Werror=trigraphs   conftest.c  >&5
configure:15879: $? = 0
configure:15892: result: yes
configure:15980: checking if gcc supports -Werror=array-bounds
configure:15997: gcc -o conftest -g -O2 -Werror=array-bounds   conftest.c  >&5
configure:15997: $? = 0
configure:16010: result: yes
configure:16098: checking if gcc supports -Werror=write-strings
configure:16115: gcc -o conftest -g -O2 -Werror=write-strings   conftest.c  >&5
configure:16115: $? = 0
configure:16128: result: yes
configure:16216: checking if gcc supports -Werror=address
configure:16233: gcc -o conftest -g -O2 -Werror=address   conftest.c  >&5
configure:16233: $? = 0
configure:16246: result: yes
configure:16334: checking if gcc supports -Werror=int-to-pointer-cast
configure:16351: gcc -o conftest -g -O2 -Werror=int-to-pointer-cast   conftest.c  >&5
configure:16351: $? = 0
configure:16364: result: yes
configure:16501: checking if gcc supports -Werror=pointer-to-int-cast
configure:16518: gcc -o conftest -g -O2 -Werror=pointer-to-int-cast   conftest.c  >&5
configure:16518: $? = 0
configure:16531: result: yes
configure:18189: checking if gcc supports -pedantic
configure:18206: gcc -o conftest -g -O2 -pedantic   conftest.c  >&5
configure:18206: $? = 0
configure:18219: result: yes
configure:18307: checking if gcc supports -Werror
configure:18324: gcc -o conftest -g -O2 -Werror   conftest.c  >&5
configure:18324: $? = 0
configure:18337: result: yes
configure:18477: checking if gcc supports -Werror=attributes
configure:18494: gcc -o conftest -g -O2 -Werror=attributes   conftest.c  >&5
configure:18494: $? = 0
configure:18507: result: yes
configure:18667: checking whether make supports nested variables
configure:18684: result: yes
configure:18714: checking whether to build developer documentation
configure:18716: result: no
configure:18735: checking for xmlto
configure:18753: found /usr/bin/xmlto
configure:18765: result: /usr/bin/xmlto
configure:18838: checking the xmlto version
configure:18841: result: 0.0.28
configure:18876: WARNING: xmlto cannot generate text format, this format skipped
configure:18914: checking for fop
configure:18947: result: no
configure:18953: WARNING: fop not found - documentation targets will be skipped
configure:19026: checking for X.Org SGML entities >= 1.7
configure:19030: $PKG_CONFIG --exists --print-errors "xorg-sgml-doctools >= 1.7"
Package xorg-sgml-doctools was not found in the pkg-config search path.
Perhaps you should add the directory containing `xorg-sgml-doctools.pc'
to the PKG_CONFIG_PATH environment variable
No package 'xorg-sgml-doctools' found
configure:19033: $? = 1
configure:19049: result: no
configure:19070: checking endian.h usability
configure:19070: gcc -c -g -O2  conftest.c >&5
configure:19070: $? = 0
configure:19070: result: yes
configure:19070: checking endian.h presence
configure:19070: gcc -E  conftest.c
configure:19070: $? = 0
configure:19070: result: yes
configure:19070: checking for endian.h
configure:19070: result: yes
configure:19070: checking poll.h usability
configure:19070: gcc -c -g -O2  conftest.c >&5
configure:19070: $? = 0
configure:19070: result: yes
configure:19070: checking poll.h presence
configure:19070: gcc -E  conftest.c
configure:19070: $? = 0
configure:19070: result: yes
configure:19070: checking for poll.h
configure:19070: result: yes
configure:19070: checking sys/poll.h usability
configure:19070: gcc -c -g -O2  conftest.c >&5
configure:19070: $? = 0
configure:19070: result: yes
configure:19070: checking sys/poll.h presence
configure:19070: gcc -E  conftest.c
configure:19070: $? = 0
configure:19070: result: yes
configure:19070: checking for sys/poll.h
configure:19070: result: yes
configure:19085: checking for poll
configure:19085: gcc -o conftest -g -O2   conftest.c  >&5
configure:19085: $? = 0
configure:19085: result: yes
configure:19085: checking for readlink
configure:19085: gcc -o conftest -g -O2   conftest.c  >&5
configure:19085: $? = 0
configure:19085: result: yes
configure:19151: checking for pkg-config
configure:19181: result: /usr/bin/pkg-config
configure:19206: checking pkg-config is at least version 0.9.0
configure:19209: result: yes
configure:19259: checking for FREETYPE
configure:19266: $PKG_CONFIG --exists --print-errors "freetype2"
configure:19269: $? = 0
configure:19283: $PKG_CONFIG --exists --print-errors "freetype2"
configure:19286: $? = 0
configure:19324: result: yes
configure:19407: checking for gzopen in -lz
configure:19432: gcc -o conftest -g -O2   conftest.c -lz   >&5
configure:19432: $? = 0
configure:19441: result: yes
configure:19667: checking for hypot in -lm
configure:19692: gcc -o conftest -g -O2   conftest.c -lm   >&5
conftest.c:51:6: warning: conflicting types for built-in function 'hypot' [-Wbuiltin-declaration-mismatch]
 char hypot ();
      ^~~~~
configure:19692: $? = 0
configure:19701: result: yes
configure:19713: checking for XFONT
configure:19720: $PKG_CONFIG --exists --print-errors "xproto xtrans fontsproto >= 2.1.3 fontenc"
configure:19723: $? = 0
configure:19737: $PKG_CONFIG --exists --print-errors "xproto xtrans fontsproto >= 2.1.3 fontenc"
configure:19740: $? = 0
configure:19798: result: yes
configure:19817: checking if Xtrans should support UNIX socket connections
configure:19824: result: yes
configure:19833: checking if Xtrans should support TCP socket connections
configure:19835: result: yes
configure:19843: checking for library containing socket
configure:19874: gcc -o conftest -g -O2   conftest.c  >&5
configure:19874: $? = 0
configure:19891: result: none required
configure:19899: checking for library containing gethostbyname
configure:19930: gcc -o conftest -g -O2   conftest.c  >&5
configure:19930: $? = 0
configure:19947: result: none required
configure:20002: checking for getaddrinfo
configure:20002: gcc -o conftest -g -O2   conftest.c  >&5
configure:20002: $? = 0
configure:20002: result: yes
configure:20011: checking if IPv6 support should be built
configure:20018: result: yes
configure:20022: checking for struct sockaddr_in.sin_len
configure:20022: gcc -c -g -O2  conftest.c >&5
conftest.c: In function 'main':
conftest.c:57:13: error: 'struct sockaddr_in' has no member named 'sin_len'; did you mean 'sin_zero'?
 if (ac_aggr.sin_len)
             ^~~~~~~
             sin_zero
configure:20022: $? = 1
configure: failed program was:
| /* confdefs.h */
| #define PACKAGE_NAME "libXfont2"
| #define PACKAGE_TARNAME "libXfont2"
| #define PACKAGE_VERSION "2.0.3"
| #define PACKAGE_STRING "libXfont2 2.0.3"
| #define PACKAGE_BUGREPORT "https://bugs.freedesktop.org/enter_bug.cgi?product=xorg"
| #define PACKAGE_URL ""
| #define PACKAGE "libXfont2"
| #define VERSION "2.0.3"
| #define STDC_HEADERS 1
| #define HAVE_SYS_TYPES_H 1
| #define HAVE_SYS_STAT_H 1
| #define HAVE_STDLIB_H 1
| #define HAVE_STRING_H 1
| #define HAVE_MEMORY_H 1
| #define HAVE_STRINGS_H 1
| #define HAVE_INTTYPES_H 1
| #define HAVE_STDINT_H 1
| #define HAVE_UNISTD_H 1
| #define __EXTENSIONS__ 1
| #define _ALL_SOURCE 1
| #define _GNU_SOURCE 1
| #define _POSIX_PTHREAD_SEMANTICS 1
| #define _TANDEM_SOURCE 1
| #define HAVE_DLFCN_H 1
| #define LT_OBJDIR ".libs/"
| #define PACKAGE_VERSION_MAJOR 2
| #define PACKAGE_VERSION_MINOR 0
| #define PACKAGE_VERSION_PATCHLEVEL 3
| #define HAVE_ENDIAN_H 1
| #define HAVE_POLL_H 1
| #define HAVE_SYS_POLL_H 1
| #define HAVE_POLL 1
| #define HAVE_READLINK 1
| #define XFONT_FREETYPE 1
| #define X_GZIP_FONT_COMPRESSION 1
| #define XFONT_BUILTINS 1
| #define XFONT_PCFFORMAT 1
| #define XFONT_BDFFORMAT 1
| #define XFONT_BITMAP 1
| #define XFONT_FONTFILE 1
| #define XFONT_FC 1
| #define UNIXCONN 1
| #define TCPCONN 1
| #define IPv6 1
| /* end confdefs.h.  */
| 
| #include <sys/types.h>
| #include <sys/socket.h>
| #include <netinet/in.h>
| 
| 
| int
| main ()
| {
| static struct sockaddr_in ac_aggr;
| if (ac_aggr.sin_len)
| return 0;
|   ;
|   return 0;
| }
configure:20022: gcc -c -g -O2  conftest.c >&5
conftest.c: In function 'main':
conftest.c:57:20: error: 'struct sockaddr_in' has no member named 'sin_len'; did you mean 'sin_zero'?
 if (sizeof ac_aggr.sin_len)
                    ^~~~~~~
                    sin_zero
configure:20022: $? = 1
configure: failed program was:
| /* confdefs.h */
| #define PACKAGE_NAME "libXfont2"
| #define PACKAGE_TARNAME "libXfont2"
| #define PACKAGE_VERSION "2.0.3"
| #define PACKAGE_STRING "libXfont2 2.0.3"
| #define PACKAGE_BUGREPORT "https://bugs.freedesktop.org/enter_bug.cgi?product=xorg"
| #define PACKAGE_URL ""
| #define PACKAGE "libXfont2"
| #define VERSION "2.0.3"
| #define STDC_HEADERS 1
| #define HAVE_SYS_TYPES_H 1
| #define HAVE_SYS_STAT_H 1
| #define HAVE_STDLIB_H 1
| #define HAVE_STRING_H 1
| #define HAVE_MEMORY_H 1
| #define HAVE_STRINGS_H 1
| #define HAVE_INTTYPES_H 1
| #define HAVE_STDINT_H 1
| #define HAVE_UNISTD_H 1
| #define __EXTENSIONS__ 1
| #define _ALL_SOURCE 1
| #define _GNU_SOURCE 1
| #define _POSIX_PTHREAD_SEMANTICS 1
| #define _TANDEM_SOURCE 1
| #define HAVE_DLFCN_H 1
| #define LT_OBJDIR ".libs/"
| #define PACKAGE_VERSION_MAJOR 2
| #define PACKAGE_VERSION_MINOR 0
| #define PACKAGE_VERSION_PATCHLEVEL 3
| #define HAVE_ENDIAN_H 1
| #define HAVE_POLL_H 1
| #define HAVE_SYS_POLL_H 1
| #define HAVE_POLL 1
| #define HAVE_READLINK 1
| #define XFONT_FREETYPE 1
| #define X_GZIP_FONT_COMPRESSION 1
| #define XFONT_BUILTINS 1
| #define XFONT_PCFFORMAT 1
| #define XFONT_BDFFORMAT 1
| #define XFONT_BITMAP 1
| #define XFONT_FONTFILE 1
| #define XFONT_FC 1
| #define UNIXCONN 1
| #define TCPCONN 1
| #define IPv6 1
| /* end confdefs.h.  */
| 
| #include <sys/types.h>
| #include <sys/socket.h>
| #include <netinet/in.h>
| 
| 
| int
| main ()
| {
| static struct sockaddr_in ac_aggr;
| if (sizeof ac_aggr.sin_len)
| return 0;
|   ;
|   return 0;
| }
configure:20022: result: no
configure:20036: checking for socklen_t
configure:20036: gcc -c -g -O2  conftest.c >&5
configure:20036: $? = 0
configure:20036: gcc -c -g -O2  conftest.c >&5
conftest.c: In function 'main':
conftest.c:86:24: error: expected expression before ')' token
 if (sizeof ((socklen_t)))
                        ^
configure:20036: $? = 1
configure: failed program was:
| /* confdefs.h */
| #define PACKAGE_NAME "libXfont2"
| #define PACKAGE_TARNAME "libXfont2"
| #define PACKAGE_VERSION "2.0.3"
| #define PACKAGE_STRING "libXfont2 2.0.3"
| #define PACKAGE_BUGREPORT "https://bugs.freedesktop.org/enter_bug.cgi?product=xorg"
| #define PACKAGE_URL ""
| #define PACKAGE "libXfont2"
| #define VERSION "2.0.3"
| #define STDC_HEADERS 1
| #define HAVE_SYS_TYPES_H 1
| #define HAVE_SYS_STAT_H 1
| #define HAVE_STDLIB_H 1
| #define HAVE_STRING_H 1
| #define HAVE_MEMORY_H 1
| #define HAVE_STRINGS_H 1
| #define HAVE_INTTYPES_H 1
| #define HAVE_STDINT_H 1
| #define HAVE_UNISTD_H 1
| #define __EXTENSIONS__ 1
| #define _ALL_SOURCE 1
| #define _GNU_SOURCE 1
| #define _POSIX_PTHREAD_SEMANTICS 1
| #define _TANDEM_SOURCE 1
| #define HAVE_DLFCN_H 1
| #define LT_OBJDIR ".libs/"
| #define PACKAGE_VERSION_MAJOR 2
| #define PACKAGE_VERSION_MINOR 0
| #define PACKAGE_VERSION_PATCHLEVEL 3
| #define HAVE_ENDIAN_H 1
| #define HAVE_POLL_H 1
| #define HAVE_SYS_POLL_H 1
| #define HAVE_POLL 1
| #define HAVE_READLINK 1
| #define XFONT_FREETYPE 1
| #define X_GZIP_FONT_COMPRESSION 1
| #define XFONT_BUILTINS 1
| #define XFONT_PCFFORMAT 1
| #define XFONT_BDFFORMAT 1
| #define XFONT_BITMAP 1
| #define XFONT_FONTFILE 1
| #define XFONT_FC 1
| #define UNIXCONN 1
| #define TCPCONN 1
| #define IPv6 1
| /* end confdefs.h.  */
| 
| #include <stdio.h>
| #ifdef HAVE_SYS_TYPES_H
| # include <sys/types.h>
| #endif
| #ifdef HAVE_SYS_STAT_H
| # include <sys/stat.h>
| #endif
| #ifdef STDC_HEADERS
| # include <stdlib.h>
| # include <stddef.h>
| #else
| # ifdef HAVE_STDLIB_H
| #  include <stdlib.h>
| # endif
| #endif
| #ifdef HAVE_STRING_H
| # if !defined STDC_HEADERS && defined HAVE_MEMORY_H
| #  include <memory.h>
| # endif
| # include <string.h>
| #endif
| #ifdef HAVE_STRINGS_H
| # include <strings.h>
| #endif
| #ifdef HAVE_INTTYPES_H
| # include <inttypes.h>
| #endif
| #ifdef HAVE_STDINT_H
| # include <stdint.h>
| #endif
| #ifdef HAVE_UNISTD_H
| # include <unistd.h>
| #endif
| #include <sys/socket.h>
| 
| int
| main ()
| {
| if (sizeof ((socklen_t)))
| 	    return 0;
|   ;
|   return 0;
| }
configure:20036: result: yes
configure:20052: checking for struct msghdr.msg_control
configure:20052: gcc -c -g -O2  conftest.c >&5
configure:20052: $? = 0
configure:20052: result: yes
configure:20114: checking if Xtrans should support os-specific local connections
configure:20116: result: no
configure:20147: gcc -c -g -O2 -fvisibility=hidden  conftest.c >&5
configure:20147: $? = 0
configure:20267: checking that generated files are newer than configure
configure:20273: result: done
configure:20356: creating ./config.status

## ---------------------- ##
## Running config.status. ##
## ---------------------- ##

This file was extended by libXfont2 config.status 2.0.3, which was
generated by GNU Autoconf 2.69.  Invocation command line was

  CONFIG_FILES    = 
  CONFIG_HEADERS  = 
  CONFIG_LINKS    = 
  CONFIG_COMMANDS = 
  $ ./config.status 

on localhost.localdomain

config.status:1189: creating Makefile
config.status:1189: creating doc/Makefile
config.status:1189: creating xfont2.pc
config.status:1189: creating config.h
config.status:1418: executing depfiles commands
config.status:1418: executing libtool commands

## ---------------- ##
## Cache variables. ##
## ---------------- ##

ac_cv_build=x86_64-pc-linux-gnu
ac_cv_c_compiler_gnu=yes
ac_cv_env_CC_set=
ac_cv_env_CC_value=
ac_cv_env_CFLAGS_set=
ac_cv_env_CFLAGS_value=
ac_cv_env_CPPFLAGS_set=
ac_cv_env_CPPFLAGS_value=
ac_cv_env_CPP_set=
ac_cv_env_CPP_value=
ac_cv_env_FOP_set=
ac_cv_env_FOP_value=
ac_cv_env_FREETYPE_CFLAGS_set=
ac_cv_env_FREETYPE_CFLAGS_value=
ac_cv_env_FREETYPE_LIBS_set=
ac_cv_env_FREETYPE_LIBS_value=
ac_cv_env_LDFLAGS_set=
ac_cv_env_LDFLAGS_value=
ac_cv_env_LIBS_set=
ac_cv_env_LIBS_value=
ac_cv_env_LT_SYS_LIBRARY_PATH_set=
ac_cv_env_LT_SYS_LIBRARY_PATH_value=
ac_cv_env_PKG_CONFIG_LIBDIR_set=
ac_cv_env_PKG_CONFIG_LIBDIR_value=
ac_cv_env_PKG_CONFIG_PATH_set=
ac_cv_env_PKG_CONFIG_PATH_value=
ac_cv_env_PKG_CONFIG_set=
ac_cv_env_PKG_CONFIG_value=
ac_cv_env_XFONT_CFLAGS_set=
ac_cv_env_XFONT_CFLAGS_value=
ac_cv_env_XFONT_LIBS_set=
ac_cv_env_XFONT_LIBS_value=
ac_cv_env_XMLTO_set=
ac_cv_env_XMLTO_value=
ac_cv_env_build_alias_set=
ac_cv_env_build_alias_value=
ac_cv_env_host_alias_set=
ac_cv_env_host_alias_value=
ac_cv_env_target_alias_set=
ac_cv_env_target_alias_value=
ac_cv_func_getaddrinfo=yes
ac_cv_func_poll=yes
ac_cv_func_readlink=yes
ac_cv_have_decl___INTEL_COMPILER=no
ac_cv_have_decl___SUNPRO_C=no
ac_cv_have_decl___clang__=no
ac_cv_header_dlfcn_h=yes
ac_cv_header_endian_h=yes
ac_cv_header_inttypes_h=yes
ac_cv_header_memory_h=yes
ac_cv_header_minix_config_h=no
ac_cv_header_poll_h=yes
ac_cv_header_stdc=yes
ac_cv_header_stdint_h=yes
ac_cv_header_stdlib_h=yes
ac_cv_header_string_h=yes
ac_cv_header_strings_h=yes
ac_cv_header_sys_poll_h=yes
ac_cv_header_sys_stat_h=yes
ac_cv_header_sys_types_h=yes
ac_cv_header_unistd_h=yes
ac_cv_host=x86_64-pc-linux-gnu
ac_cv_lib_m_hypot=yes
ac_cv_lib_z_gzopen=yes
ac_cv_member_struct_msghdr_msg_control=yes
ac_cv_member_struct_sockaddr_in_sin_len=no
ac_cv_objext=o
ac_cv_path_EGREP='/usr/bin/grep -E'
ac_cv_path_FGREP='/usr/bin/grep -F'
ac_cv_path_GREP=/usr/bin/grep
ac_cv_path_SED=/bin/sed
ac_cv_path_XMLTO=/usr/bin/xmlto
ac_cv_path_ac_pt_PKG_CONFIG=/usr/bin/pkg-config
ac_cv_path_install='/usr/bin/install -c'
ac_cv_path_lt_DD=/bin/dd
ac_cv_path_mkdir=/bin/mkdir
ac_cv_prog_AWK=gawk
ac_cv_prog_CPP='gcc -E'
ac_cv_prog_ac_ct_AR=ar
ac_cv_prog_ac_ct_CC=gcc
ac_cv_prog_ac_ct_MANIFEST_TOOL=mt
ac_cv_prog_ac_ct_OBJDUMP=objdump
ac_cv_prog_ac_ct_RANLIB=ranlib
ac_cv_prog_ac_ct_STRIP=strip
ac_cv_prog_cc_c89=
ac_cv_prog_cc_c99=
ac_cv_prog_cc_g=yes
ac_cv_prog_make_make_set=yes
ac_cv_safe_to_define___extensions__=yes
ac_cv_search_gethostbyname='none required'
ac_cv_search_socket='none required'
ac_cv_type_socklen_t=yes
am_cv_CC_dependencies_compiler_type=gcc3
am_cv_make_support_nested_variables=yes
am_cv_prog_cc_c_o=yes
lt_cv_ar_at_file=@
lt_cv_archive_cmds_need_lc=no
lt_cv_deplibs_check_method=pass_all
lt_cv_file_magic_cmd='$MAGIC_CMD'
lt_cv_file_magic_test_file=
lt_cv_ld_reload_flag=-r
lt_cv_nm_interface='BSD nm'
lt_cv_objdir=.libs
lt_cv_path_LD=/usr/bin/ld
lt_cv_path_NM='/usr/bin/nm -B'
lt_cv_path_mainfest_tool=no
lt_cv_prog_compiler_c_o=yes
lt_cv_prog_compiler_pic='-fPIC -DPIC'
lt_cv_prog_compiler_pic_works=yes
lt_cv_prog_compiler_rtti_exceptions=no
lt_cv_prog_compiler_static_works=yes
lt_cv_prog_gnu_ld=yes
lt_cv_sharedlib_from_linklib_cmd='printf %s\n'
lt_cv_shlibpath_overrides_runpath=no
lt_cv_sys_global_symbol_pipe='sed -n -e '\''s/^.*[	 ]\([ABCDGIRSTW][ABCDGIRSTW]*\)[	 ][	 ]*\([_A-Za-z][_A-Za-z0-9]*\)$/\1 \2 \2/p'\'' | sed '\''/ __gnu_lto/d'\'''
lt_cv_sys_global_symbol_to_c_name_address='sed -n -e '\''s/^: \(.*\) .*$/  {"\1", (void *) 0},/p'\'' -e '\''s/^[ABCDGIRSTW][ABCDGIRSTW]* .* \(.*\)$/  {"\1", (void *) \&\1},/p'\'''
lt_cv_sys_global_symbol_to_c_name_address_lib_prefix='sed -n -e '\''s/^: \(.*\) .*$/  {"\1", (void *) 0},/p'\'' -e '\''s/^[ABCDGIRSTW][ABCDGIRSTW]* .* \(lib.*\)$/  {"\1", (void *) \&\1},/p'\'' -e '\''s/^[ABCDGIRSTW][ABCDGIRSTW]* .* \(.*\)$/  {"lib\1", (void *) \&\1},/p'\'''
lt_cv_sys_global_symbol_to_cdecl='sed -n -e '\''s/^T .* \(.*\)$/extern int \1();/p'\'' -e '\''s/^[ABCDGIRSTW][ABCDGIRSTW]* .* \(.*\)$/extern char \1;/p'\'''
lt_cv_sys_global_symbol_to_import=
lt_cv_sys_max_cmd_len=1572864
lt_cv_to_host_file_cmd=func_convert_file_noop
lt_cv_to_tool_file_cmd=func_convert_file_noop
lt_cv_truncate_bin='/bin/dd bs=4096 count=1'
pkg_cv_FREETYPE_CFLAGS='-I/usr/include/freetype2 -I/usr/include/libpng16 -I/usr/include/harfbuzz -I/usr/include/glib-2.0 -I/usr/lib/glib-2.0/include'
pkg_cv_FREETYPE_LIBS=-lfreetype
pkg_cv_XFONT_CFLAGS='-D_DEFAULT_SOURCE -D_BSD_SOURCE -DHAS_FCHOWN -DHAS_STICKY_DIR_BIT'
pkg_cv_XFONT_LIBS=-lfontenc
xorg_cv_cc_flag__Wall=yes
xorg_cv_cc_flag__Wbad_function_cast=yes
xorg_cv_cc_flag__Wdeclaration_after_statement=yes
xorg_cv_cc_flag__Werror=yes
xorg_cv_cc_flag__Werror_address=yes
xorg_cv_cc_flag__Werror_array_bounds=yes
xorg_cv_cc_flag__Werror_attributes=yes
xorg_cv_cc_flag__Werror_implicit=yes
xorg_cv_cc_flag__Werror_init_self=yes
xorg_cv_cc_flag__Werror_int_to_pointer_cast=yes
xorg_cv_cc_flag__Werror_main=yes
xorg_cv_cc_flag__Werror_missing_braces=yes
xorg_cv_cc_flag__Werror_nonnull=yes
xorg_cv_cc_flag__Werror_pointer_to_int_cast=yes
xorg_cv_cc_flag__Werror_return_type=yes
xorg_cv_cc_flag__Werror_sequence_point=yes
xorg_cv_cc_flag__Werror_trigraphs=yes
xorg_cv_cc_flag__Werror_write_strings=yes
xorg_cv_cc_flag__Wformat_2=yes
xorg_cv_cc_flag__Wlogical_op=yes
xorg_cv_cc_flag__Wmissing_declarations=yes
xorg_cv_cc_flag__Wmissing_format_attribute=yes
xorg_cv_cc_flag__Wmissing_noreturn=yes
xorg_cv_cc_flag__Wmissing_prototypes=yes
xorg_cv_cc_flag__Wnested_externs=yes
xorg_cv_cc_flag__Wold_style_definition=yes
xorg_cv_cc_flag__Wpointer_arith=yes
xorg_cv_cc_flag__Wredundant_decls=yes
xorg_cv_cc_flag__Wshadow=yes
xorg_cv_cc_flag__Wstrict_prototypes=yes
xorg_cv_cc_flag__Wuninitialized=yes
xorg_cv_cc_flag__Wunused=yes
xorg_cv_cc_flag__pedantic=yes
xorg_cv_cc_flag_unknown_warning_option=no
xorg_cv_cc_flag_unused_command_line_argument=no

## ----------------- ##
## Output variables. ##
## ----------------- ##

ACLOCAL='${SHELL} /lfskernel/sources/boot/X11/libs/libXfont2-2.0.3/missing aclocal-1.15'
ADMIN_MAN_DIR='$(mandir)/man$(ADMIN_MAN_SUFFIX)'
ADMIN_MAN_SUFFIX='8'
AMDEPBACKSLASH='\'
AMDEP_FALSE='#'
AMDEP_TRUE=''
AMTAR='$${TAR-tar}'
AM_BACKSLASH='\'
AM_DEFAULT_V='$(AM_DEFAULT_VERBOSITY)'
AM_DEFAULT_VERBOSITY='0'
AM_V='$(V)'
APP_MAN_DIR='$(mandir)/man$(APP_MAN_SUFFIX)'
APP_MAN_SUFFIX='1'
AR='ar'
AUTOCONF='${SHELL} /lfskernel/sources/boot/X11/libs/libXfont2-2.0.3/missing autoconf'
AUTOHEADER='${SHELL} /lfskernel/sources/boot/X11/libs/libXfont2-2.0.3/missing autoheader'
AUTOMAKE='${SHELL} /lfskernel/sources/boot/X11/libs/libXfont2-2.0.3/missing automake-1.15'
AWK='gawk'
BASE_CFLAGS=' -Wall -Wpointer-arith -Wmissing-declarations -Wformat=2 -Wstrict-prototypes -Wmissing-prototypes -Wnested-externs -Wbad-function-cast -Wold-style-definition -Wdeclaration-after-statement -Wunused -Wuninitialized -Wshadow -Wmissing-noreturn -Wmissing-format-attribute -Wredundant-decls -Wlogical-op -Werror=implicit -Werror=nonnull -Werror=init-self -Werror=main -Werror=missing-braces -Werror=sequence-point -Werror=return-type -Werror=trigraphs -Werror=array-bounds -Werror=write-strings -Werror=address -Werror=int-to-pointer-cast -Werror=pointer-to-int-cast'
CC='gcc'
CCDEPMODE='depmode=gcc3'
CFLAGS='-g -O2'
CHANGELOG_CMD='(GIT_DIR=$(top_srcdir)/.git git log > $(top_srcdir)/.changelog.tmp && mv $(top_srcdir)/.changelog.tmp $(top_srcdir)/ChangeLog) || (rm -f $(top_srcdir)/.changelog.tmp; touch $(top_srcdir)/ChangeLog; echo '\''git directory not found: installing possibly empty changelog.'\'' >&2)'
CPP='gcc -E'
CPPFLAGS=''
CWARNFLAGS=' -Wall -Wpointer-arith -Wmissing-declarations -Wformat=2 -Wstrict-prototypes -Wmissing-prototypes -Wnested-externs -Wbad-function-cast -Wold-style-definition -Wdeclaration-after-statement -Wunused -Wuninitialized -Wshadow -Wmissing-noreturn -Wmissing-format-attribute -Wredundant-decls -Wlogical-op -Werror=implicit -Werror=nonnull -Werror=init-self -Werror=main -Werror=missing-braces -Werror=sequence-point -Werror=return-type -Werror=trigraphs -Werror=array-bounds -Werror=write-strings -Werror=address -Werror=int-to-pointer-cast -Werror=pointer-to-int-cast -fno-strict-aliasing'
CYGPATH_W='echo'
DEFS='-DHAVE_CONFIG_H'
DEPDIR='.deps'
DLLTOOL='false'
DRIVER_MAN_DIR='$(mandir)/man$(DRIVER_MAN_SUFFIX)'
DRIVER_MAN_SUFFIX='4'
DSYMUTIL=''
DUMPBIN=''
ECHO_C=''
ECHO_N='-n'
ECHO_T=''
EGREP='/usr/bin/grep -E'
ENABLE_DEVEL_DOCS_FALSE=''
ENABLE_DEVEL_DOCS_TRUE='#'
EXEEXT=''
FGREP='/usr/bin/grep -F'
FILE_MAN_DIR='$(mandir)/man$(FILE_MAN_SUFFIX)'
FILE_MAN_SUFFIX='5'
FOP=''
FREETYPE_CFLAGS='-I/usr/include/freetype2 -I/usr/include/libpng16 -I/usr/include/harfbuzz -I/usr/include/glib-2.0 -I/usr/lib/glib-2.0/include'
FREETYPE_LIBS='-lfreetype'
FREETYPE_REQUIRES='freetype2'
GREP='/usr/bin/grep'
HAVE_FOP_FALSE=''
HAVE_FOP_TRUE='#'
HAVE_STYLESHEETS_FALSE=''
HAVE_STYLESHEETS_TRUE='#'
HAVE_XMLTO_FALSE='#'
HAVE_XMLTO_TEXT_FALSE=''
HAVE_XMLTO_TEXT_TRUE='#'
HAVE_XMLTO_TRUE=''
INSTALL_CMD='(cp -f /usr/share/util-macros/INSTALL $(top_srcdir)/.INSTALL.tmp && mv $(top_srcdir)/.INSTALL.tmp $(top_srcdir)/INSTALL) || (rm -f $(top_srcdir)/.INSTALL.tmp; touch $(top_srcdir)/INSTALL; echo '\''util-macros "pkgdatadir" from xorg-macros.pc not found: installing possibly empty INSTALL.'\'' >&2)'
INSTALL_DATA='${INSTALL} -m 644'
INSTALL_PROGRAM='${INSTALL}'
INSTALL_SCRIPT='${INSTALL}'
INSTALL_STRIP_PROGRAM='$(install_sh) -c -s'
LD='/usr/bin/ld -m elf_x86_64'
LDFLAGS=''
LIBOBJS=''
LIBS=''
LIBTOOL='$(SHELL) $(top_builddir)/libtool'
LIB_MAN_DIR='$(mandir)/man$(LIB_MAN_SUFFIX)'
LIB_MAN_SUFFIX='3'
LIPO=''
LN_S='ln -s'
LTLIBOBJS=''
LT_SYS_LIBRARY_PATH=''
MAKEINFO='${SHELL} /lfskernel/sources/boot/X11/libs/libXfont2-2.0.3/missing makeinfo'
MANIFEST_TOOL=':'
MAN_SUBSTS='	-e '\''s|__vendorversion__|"$(PACKAGE_STRING)" "$(XORG_MAN_PAGE)"|'\'' 	-e '\''s|__xorgversion__|"$(PACKAGE_STRING)" "$(XORG_MAN_PAGE)"|'\'' 	-e '\''s|__xservername__|Xorg|g'\'' 	-e '\''s|__xconfigfile__|xorg.conf|g'\'' 	-e '\''s|__projectroot__|$(prefix)|g'\'' 	-e '\''s|__apploaddir__|$(appdefaultdir)|g'\'' 	-e '\''s|__appmansuffix__|$(APP_MAN_SUFFIX)|g'\'' 	-e '\''s|__drivermansuffix__|$(DRIVER_MAN_SUFFIX)|g'\'' 	-e '\''s|__adminmansuffix__|$(ADMIN_MAN_SUFFIX)|g'\'' 	-e '\''s|__libmansuffix__|$(LIB_MAN_SUFFIX)|g'\'' 	-e '\''s|__miscmansuffix__|$(MISC_MAN_SUFFIX)|g'\'' 	-e '\''s|__filemansuffix__|$(FILE_MAN_SUFFIX)|g'\'''
MATH_LIBS='-lm'
MISC_MAN_DIR='$(mandir)/man$(MISC_MAN_SUFFIX)'
MISC_MAN_SUFFIX='7'
MKDIR_P='/bin/mkdir -p'
NM='/usr/bin/nm -B'
NMEDIT=''
OBJDUMP='objdump'
OBJEXT='o'
OS_CFLAGS='-D_XOPEN_SOURCE -fvisibility=hidden'
OTOOL64=''
OTOOL=''
PACKAGE='libXfont2'
PACKAGE_BUGREPORT='https://bugs.freedesktop.org/enter_bug.cgi?product=xorg'
PACKAGE_NAME='libXfont2'
PACKAGE_STRING='libXfont2 2.0.3'
PACKAGE_TARNAME='libXfont2'
PACKAGE_URL=''
PACKAGE_VERSION='2.0.3'
PATH_SEPARATOR=':'
PKG_CONFIG='/usr/bin/pkg-config'
PKG_CONFIG_LIBDIR=''
PKG_CONFIG_PATH=''
RANLIB='ranlib'
SED='/bin/sed'
SET_MAKE=''
SHELL='/bin/sh'
STRICT_CFLAGS=' -pedantic -Werror -Werror=attributes'
STRIP='strip'
STYLESHEET_SRCDIR=''
VERSION='2.0.3'
XFONT_BDFFORMAT_FALSE='#'
XFONT_BDFFORMAT_TRUE=''
XFONT_BITMAP_FALSE='#'
XFONT_BITMAP_TRUE=''
XFONT_BUILTINS_FALSE='#'
XFONT_BUILTINS_TRUE=''
XFONT_CFLAGS='-D_DEFAULT_SOURCE -D_BSD_SOURCE -DHAS_FCHOWN -DHAS_STICKY_DIR_BIT'
XFONT_FC_FALSE='#'
XFONT_FC_TRUE=''
XFONT_FONTFILE_FALSE='#'
XFONT_FONTFILE_TRUE=''
XFONT_FREETYPE_FALSE='#'
XFONT_FREETYPE_TRUE=''
XFONT_LIBS='-lfontenc'
XFONT_PCFFORMAT_FALSE='#'
XFONT_PCFFORMAT_TRUE=''
XFONT_PCF_OR_BUILTIN_FALSE='#'
XFONT_PCF_OR_BUILTIN_TRUE=''
XFONT_SNFFORMAT_FALSE=''
XFONT_SNFFORMAT_TRUE='#'
XMLTO='/usr/bin/xmlto'
XORG_MAN_PAGE='X Version 11'
XORG_SGML_PATH=''
XSL_STYLESHEET=''
X_BZIP2_FONT_COMPRESSION_FALSE=''
X_BZIP2_FONT_COMPRESSION_TRUE='#'
X_GZIP_FONT_COMPRESSION='1'
Z_LIBS='-lz'
ac_ct_AR='ar'
ac_ct_CC='gcc'
ac_ct_DUMPBIN=''
am__EXEEXT_FALSE=''
am__EXEEXT_TRUE='#'
am__fastdepCC_FALSE='#'
am__fastdepCC_TRUE=''
am__include='include'
am__isrc=''
am__leading_dot='.'
am__nodep='_no'
am__quote=''
am__tar='$${TAR-tar} chof - "$$tardir"'
am__untar='$${TAR-tar} xf -'
bindir='${exec_prefix}/bin'
build='x86_64-pc-linux-gnu'
build_alias=''
build_cpu='x86_64'
build_os='linux-gnu'
build_vendor='pc'
datadir='${datarootdir}'
datarootdir='${prefix}/share'
docdir='${datarootdir}/doc/${PACKAGE_TARNAME}'
dvidir='${docdir}'
exec_prefix='${prefix}'
ft_config='no'
host='x86_64-pc-linux-gnu'
host_alias=''
host_cpu='x86_64'
host_os='linux-gnu'
host_vendor='pc'
htmldir='${docdir}'
includedir='${prefix}/include'
infodir='${datarootdir}/info'
install_sh='${SHELL} /lfskernel/sources/boot/X11/libs/libXfont2-2.0.3/install-sh'
libdir='${exec_prefix}/lib'
libexecdir='${exec_prefix}/libexec'
localedir='${datarootdir}/locale'
localstatedir='/var'
mandir='${datarootdir}/man'
mkdir_p='$(MKDIR_P)'
oldincludedir='/usr/include'
pdfdir='${docdir}'
prefix='/usr'
program_transform_name='s,x,x,'
psdir='${docdir}'
runstatedir='${localstatedir}/run'
sbindir='${exec_prefix}/sbin'
sharedstatedir='${prefix}/com'
sysconfdir='/etc'
target_alias=''

## ----------- ##
## confdefs.h. ##
## ----------- ##

/* confdefs.h */
#define PACKAGE_NAME "libXfont2"
#define PACKAGE_TARNAME "libXfont2"
#define PACKAGE_VERSION "2.0.3"
#define PACKAGE_STRING "libXfont2 2.0.3"
#define PACKAGE_BUGREPORT "https://bugs.freedesktop.org/enter_bug.cgi?product=xorg"
#define PACKAGE_URL ""
#define PACKAGE "libXfont2"
#define VERSION "2.0.3"
#define STDC_HEADERS 1
#define HAVE_SYS_TYPES_H 1
#define HAVE_SYS_STAT_H 1
#define HAVE_STDLIB_H 1
#define HAVE_STRING_H 1
#define HAVE_MEMORY_H 1
#define HAVE_STRINGS_H 1
#define HAVE_INTTYPES_H 1
#define HAVE_STDINT_H 1
#define HAVE_UNISTD_H 1
#define __EXTENSIONS__ 1
#define _ALL_SOURCE 1
#define _GNU_SOURCE 1
#define _POSIX_PTHREAD_SEMANTICS 1
#define _TANDEM_SOURCE 1
#define HAVE_DLFCN_H 1
#define LT_OBJDIR ".libs/"
#define PACKAGE_VERSION_MAJOR 2
#define PACKAGE_VERSION_MINOR 0
#define PACKAGE_VERSION_PATCHLEVEL 3
#define HAVE_ENDIAN_H 1
#define HAVE_POLL_H 1
#define HAVE_SYS_POLL_H 1
#define HAVE_POLL 1
#define HAVE_READLINK 1
#define XFONT_FREETYPE 1
#define X_GZIP_FONT_COMPRESSION 1
#define XFONT_BUILTINS 1
#define XFONT_PCFFORMAT 1
#define XFONT_BDFFORMAT 1
#define XFONT_BITMAP 1
#define XFONT_FONTFILE 1
#define XFONT_FC 1
#define UNIXCONN 1
#define TCPCONN 1
#define IPv6 1
#define HAVE_SOCKLEN_T 1

configure: exit 0
