This file contains any messages produced by compilers while
running configure, to aid debugging if configure makes a mistake.

It was created by libXft configure 2.3.2, which was
generated by GNU Autoconf 2.68.  Invocation command line was

  $ ./configure --prefix=/usr --sysconfdir=/etc --localstatedir=/var --disable-static

## --------- ##
## Platform. ##
## --------- ##

hostname = localhost.localdomain
uname -m = x86_64
uname -r = 3.10.0-693.11.1.el7.x86_64
uname -s = Linux
uname -v = #1 SMP Mon Dec 4 23:52:40 UTC 2017

/usr/bin/uname -p = unknown
/bin/uname -X     = unknown

/bin/arch              = x86_64
/usr/bin/arch -k       = unknown
/usr/convex/getsysinfo = unknown
/usr/bin/hostinfo      = unknown
/bin/machine           = unknown
/usr/bin/oslevel       = unknown
/bin/universe          = unknown

PATH: /bin
PATH: /usr/bin
PATH: /sbin
PATH: /usr/sbin


## ----------- ##
## Core tests. ##
## ----------- ##

configure:2248: checking for a BSD-compatible install
configure:2316: result: /usr/bin/install -c
configure:2327: checking whether build environment is sane
configure:2382: result: yes
configure:2533: checking for a thread-safe mkdir -p
configure:2572: result: /bin/mkdir -p
configure:2579: checking for gawk
configure:2595: found /usr/bin/gawk
configure:2606: result: gawk
configure:2617: checking whether make sets $(MAKE)
configure:2639: result: yes
configure:2668: checking whether make supports nested variables
configure:2685: result: yes
configure:2841: checking build system type
configure:2855: result: x86_64-unknown-linux-gnu
configure:2875: checking host system type
configure:2888: result: x86_64-unknown-linux-gnu
configure:2929: checking how to print strings
configure:2956: result: printf
configure:2989: checking for style of include used by make
configure:3017: result: GNU
configure:3088: checking for gcc
configure:3104: found /usr/bin/gcc
configure:3115: result: gcc
configure:3344: checking for C compiler version
configure:3353: gcc --version >&5
gcc (GCC) 7.2.0
Copyright (C) 2017 Free Software Foundation, Inc.
This is free software; see the source for copying conditions.  There is NO
warranty; not even for MERCHANTABILITY or FITNESS FOR A PARTICULAR PURPOSE.

configure:3364: $? = 0
configure:3353: gcc -v >&5
Using built-in specs.
COLLECT_GCC=gcc
COLLECT_LTO_WRAPPER=/usr/libexec/gcc/x86_64-pc-linux-gnu/7.2.0/lto-wrapper
Target: x86_64-pc-linux-gnu
Configured with: ../configure --prefix=/usr --enable-languages=c,c++ --disable-multilib --disable-bootstrap --with-system-zlib
Thread model: posix
gcc version 7.2.0 (GCC) 
configure:3364: $? = 0
configure:3353: gcc -V >&5
gcc: error: unrecognized command line option '-V'
gcc: fatal error: no input files
compilation terminated.
configure:3364: $? = 1
configure:3353: gcc -qversion >&5
gcc: error: unrecognized command line option '-qversion'; did you mean '--version'?
gcc: fatal error: no input files
compilation terminated.
configure:3364: $? = 1
configure:3384: checking whether the C compiler works
configure:3406: gcc    conftest.c  >&5
configure:3410: $? = 0
configure:3458: result: yes
configure:3461: checking for C compiler default output file name
configure:3463: result: a.out
configure:3469: checking for suffix of executables
configure:3476: gcc -o conftest    conftest.c  >&5
configure:3480: $? = 0
configure:3502: result: 
configure:3524: checking whether we are cross compiling
configure:3532: gcc -o conftest    conftest.c  >&5
configure:3536: $? = 0
configure:3543: ./conftest
configure:3547: $? = 0
configure:3562: result: no
configure:3567: checking for suffix of object files
configure:3589: gcc -c   conftest.c >&5
configure:3593: $? = 0
configure:3614: result: o
configure:3618: checking whether we are using the GNU C compiler
configure:3637: gcc -c   conftest.c >&5
configure:3637: $? = 0
configure:3646: result: yes
configure:3655: checking whether gcc accepts -g
configure:3675: gcc -c -g  conftest.c >&5
configure:3675: $? = 0
configure:3716: result: yes
configure:3733: checking for gcc option to accept ISO C89
configure:3797: gcc  -c -g -O2  conftest.c >&5
configure:3797: $? = 0
configure:3810: result: none needed
configure:3835: checking whether gcc understands -c and -o together
configure:3857: gcc -c conftest.c -o conftest2.o
configure:3860: $? = 0
configure:3857: gcc -c conftest.c -o conftest2.o
configure:3860: $? = 0
configure:3872: result: yes
configure:3891: checking dependency style of gcc
configure:4002: result: gcc3
configure:4017: checking for a sed that does not truncate output
configure:4081: result: /bin/sed
configure:4099: checking for grep that handles long lines and -e
configure:4157: result: /usr/bin/grep
configure:4162: checking for egrep
configure:4224: result: /usr/bin/grep -E
configure:4229: checking for fgrep
configure:4291: result: /usr/bin/grep -F
configure:4326: checking for ld used by gcc
configure:4393: result: /usr/bin/ld
configure:4400: checking if the linker (/usr/bin/ld) is GNU ld
configure:4415: result: yes
configure:4427: checking for BSD- or MS-compatible name lister (nm)
configure:4476: result: /usr/bin/nm -B
configure:4606: checking the name lister (/usr/bin/nm -B) interface
configure:4613: gcc -c -g -O2  conftest.c >&5
configure:4616: /usr/bin/nm -B "conftest.o"
configure:4619: output
0000000000000000 B some_variable
configure:4626: result: BSD nm
configure:4629: checking whether ln -s works
configure:4633: result: yes
configure:4641: checking the maximum length of command line arguments
configure:4771: result: 1572864
configure:4788: checking whether the shell understands some XSI constructs
configure:4798: result: yes
configure:4802: checking whether the shell understands "+="
configure:4808: result: yes
configure:4843: checking how to convert x86_64-unknown-linux-gnu file names to x86_64-unknown-linux-gnu format
configure:4883: result: func_convert_file_noop
configure:4890: checking how to convert x86_64-unknown-linux-gnu file names to toolchain format
configure:4910: result: func_convert_file_noop
configure:4917: checking for /usr/bin/ld option to reload object files
configure:4924: result: -r
configure:4998: checking for objdump
configure:5014: found /usr/bin/objdump
configure:5025: result: objdump
configure:5057: checking how to recognize dependent libraries
configure:5259: result: pass_all
configure:5344: checking for dlltool
configure:5374: result: no
configure:5404: checking how to associate runtime and link libraries
configure:5431: result: printf %s\n
configure:5492: checking for ar
configure:5508: found /usr/bin/ar
configure:5519: result: ar
configure:5556: checking for archiver @FILE support
configure:5573: gcc -c -g -O2  conftest.c >&5
configure:5573: $? = 0
configure:5576: ar cru libconftest.a @conftest.lst >&5
configure:5579: $? = 0
configure:5584: ar cru libconftest.a @conftest.lst >&5
ar: conftest.o: No such file or directory
configure:5587: $? = 1
configure:5599: result: @
configure:5657: checking for strip
configure:5673: found /usr/bin/strip
configure:5684: result: strip
configure:5756: checking for ranlib
configure:5772: found /usr/bin/ranlib
configure:5783: result: ranlib
configure:5885: checking command to parse /usr/bin/nm -B output from gcc object
configure:6005: gcc -c -g -O2  conftest.c >&5
configure:6008: $? = 0
configure:6012: /usr/bin/nm -B conftest.o \| sed -n -e 's/^.*[ ]\([ABCDGIRSTW][ABCDGIRSTW]*\)[ ][ ]*\([_A-Za-z][_A-Za-z0-9]*\)$/\1 \2 \2/p' | sed '/ __gnu_lto/d' \> conftest.nm
configure:6015: $? = 0
configure:6081: gcc -o conftest -g -O2   conftest.c conftstm.o >&5
configure:6084: $? = 0
configure:6122: result: ok
configure:6159: checking for sysroot
configure:6189: result: no
configure:6266: gcc -c -g -O2  conftest.c >&5
configure:6269: $? = 0
configure:6445: checking for mt
configure:6461: found /bin/mt
configure:6472: result: mt
configure:6495: checking if mt is a manifest tool
configure:6501: mt '-?'
configure:6509: result: no
configure:7151: checking how to run the C preprocessor
configure:7182: gcc -E  conftest.c
configure:7182: $? = 0
configure:7196: gcc -E  conftest.c
conftest.c:11:10: fatal error: ac_nonexistent.h: No such file or directory
 #include <ac_nonexistent.h>
          ^~~~~~~~~~~~~~~~~~
compilation terminated.
configure:7196: $? = 1
configure: failed program was:
| /* confdefs.h */
| #define PACKAGE_NAME "libXft"
| #define PACKAGE_TARNAME "libXft"
| #define PACKAGE_VERSION "2.3.2"
| #define PACKAGE_STRING "libXft 2.3.2"
| #define PACKAGE_BUGREPORT "https://bugs.freedesktop.org/enter_bug.cgi?product=xorg"
| #define PACKAGE_URL ""
| #define PACKAGE "libXft"
| #define VERSION "2.3.2"
| /* end confdefs.h.  */
| #include <ac_nonexistent.h>
configure:7221: result: gcc -E
configure:7241: gcc -E  conftest.c
configure:7241: $? = 0
configure:7255: gcc -E  conftest.c
conftest.c:11:10: fatal error: ac_nonexistent.h: No such file or directory
 #include <ac_nonexistent.h>
          ^~~~~~~~~~~~~~~~~~
compilation terminated.
configure:7255: $? = 1
configure: failed program was:
| /* confdefs.h */
| #define PACKAGE_NAME "libXft"
| #define PACKAGE_TARNAME "libXft"
| #define PACKAGE_VERSION "2.3.2"
| #define PACKAGE_STRING "libXft 2.3.2"
| #define PACKAGE_BUGREPORT "https://bugs.freedesktop.org/enter_bug.cgi?product=xorg"
| #define PACKAGE_URL ""
| #define PACKAGE "libXft"
| #define VERSION "2.3.2"
| /* end confdefs.h.  */
| #include <ac_nonexistent.h>
configure:7284: checking for ANSI C header files
configure:7304: gcc -c -g -O2  conftest.c >&5
configure:7304: $? = 0
configure:7377: gcc -o conftest -g -O2   conftest.c  >&5
configure:7377: $? = 0
configure:7377: ./conftest
configure:7377: $? = 0
configure:7388: result: yes
configure:7401: checking for sys/types.h
configure:7401: gcc -c -g -O2  conftest.c >&5
configure:7401: $? = 0
configure:7401: result: yes
configure:7401: checking for sys/stat.h
configure:7401: gcc -c -g -O2  conftest.c >&5
configure:7401: $? = 0
configure:7401: result: yes
configure:7401: checking for stdlib.h
configure:7401: gcc -c -g -O2  conftest.c >&5
configure:7401: $? = 0
configure:7401: result: yes
configure:7401: checking for string.h
configure:7401: gcc -c -g -O2  conftest.c >&5
configure:7401: $? = 0
configure:7401: result: yes
configure:7401: checking for memory.h
configure:7401: gcc -c -g -O2  conftest.c >&5
configure:7401: $? = 0
configure:7401: result: yes
configure:7401: checking for strings.h
configure:7401: gcc -c -g -O2  conftest.c >&5
configure:7401: $? = 0
configure:7401: result: yes
configure:7401: checking for inttypes.h
configure:7401: gcc -c -g -O2  conftest.c >&5
configure:7401: $? = 0
configure:7401: result: yes
configure:7401: checking for stdint.h
configure:7401: gcc -c -g -O2  conftest.c >&5
configure:7401: $? = 0
configure:7401: result: yes
configure:7401: checking for unistd.h
configure:7401: gcc -c -g -O2  conftest.c >&5
configure:7401: $? = 0
configure:7401: result: yes
configure:7415: checking for dlfcn.h
configure:7415: gcc -c -g -O2  conftest.c >&5
configure:7415: $? = 0
configure:7415: result: yes
configure:7621: checking for objdir
configure:7636: result: .libs
configure:7903: checking if gcc supports -fno-rtti -fno-exceptions
configure:7921: gcc -c -g -O2  -fno-rtti -fno-exceptions conftest.c >&5
cc1: warning: command line option '-fno-rtti' is valid for C++/ObjC++ but not for C
configure:7925: $? = 0
configure:7938: result: no
configure:8265: checking for gcc option to produce PIC
configure:8272: result: -fPIC -DPIC
configure:8280: checking if gcc PIC flag -fPIC -DPIC works
configure:8298: gcc -c -g -O2  -fPIC -DPIC -DPIC conftest.c >&5
configure:8302: $? = 0
configure:8315: result: yes
configure:8344: checking if gcc static flag -static works
configure:8372: result: yes
configure:8387: checking if gcc supports -c -o file.o
configure:8408: gcc -c -g -O2  -o out/conftest2.o conftest.c >&5
configure:8412: $? = 0
configure:8434: result: yes
configure:8442: checking if gcc supports -c -o file.o
configure:8489: result: yes
configure:8522: checking whether the gcc linker (/usr/bin/ld -m elf_x86_64) supports shared libraries
configure:9675: result: yes
configure:9712: checking whether -lc should be explicitly linked in
configure:9720: gcc -c -g -O2  conftest.c >&5
configure:9723: $? = 0
configure:9738: gcc -shared  -fPIC -DPIC conftest.o  -v -Wl,-soname -Wl,conftest -o conftest 2\>\&1 \| /usr/bin/grep  -lc  \>/dev/null 2\>\&1
configure:9741: $? = 0
configure:9755: result: no
configure:9915: checking dynamic linker characteristics
configure:10426: gcc -o conftest -g -O2   -Wl,-rpath -Wl,/foo conftest.c  >&5
configure:10426: $? = 0
configure:10648: result: GNU/Linux ld.so
configure:10755: checking how to hardcode library paths into programs
configure:10780: result: immediate
configure:11320: checking whether stripping libraries is possible
configure:11325: result: yes
configure:11360: checking if libtool supports shared libraries
configure:11362: result: yes
configure:11365: checking whether to build shared libraries
configure:11386: result: yes
configure:11389: checking whether to build static libraries
configure:11393: result: no
configure:11443: checking for gcc option to accept ISO C99
configure:11592: gcc  -c -g -O2  conftest.c >&5
configure:11592: $? = 0
configure:11605: result: none needed
configure:11624: checking whether __clang__ is declared
configure:11624: gcc -c -g -O2  conftest.c >&5
conftest.c: In function 'main':
conftest.c:63:10: error: '__clang__' undeclared (first use in this function); did you mean '__clock_t'?
   (void) __clang__;
          ^~~~~~~~~
          __clock_t
conftest.c:63:10: note: each undeclared identifier is reported only once for each function it appears in
configure:11624: $? = 1
configure: failed program was:
| /* confdefs.h */
| #define PACKAGE_NAME "libXft"
| #define PACKAGE_TARNAME "libXft"
| #define PACKAGE_VERSION "2.3.2"
| #define PACKAGE_STRING "libXft 2.3.2"
| #define PACKAGE_BUGREPORT "https://bugs.freedesktop.org/enter_bug.cgi?product=xorg"
| #define PACKAGE_URL ""
| #define PACKAGE "libXft"
| #define VERSION "2.3.2"
| #define STDC_HEADERS 1
| #define HAVE_SYS_TYPES_H 1
| #define HAVE_SYS_STAT_H 1
| #define HAVE_STDLIB_H 1
| #define HAVE_STRING_H 1
| #define HAVE_MEMORY_H 1
| #define HAVE_STRINGS_H 1
| #define HAVE_INTTYPES_H 1
| #define HAVE_STDINT_H 1
| #define HAVE_UNISTD_H 1
| #define HAVE_DLFCN_H 1
| #define LT_OBJDIR ".libs/"
| /* end confdefs.h.  */
| #include <stdio.h>
| #ifdef HAVE_SYS_TYPES_H
| # include <sys/types.h>
| #endif
| #ifdef HAVE_SYS_STAT_H
| # include <sys/stat.h>
| #endif
| #ifdef STDC_HEADERS
| # include <stdlib.h>
| # include <stddef.h>
| #else
| # ifdef HAVE_STDLIB_H
| #  include <stdlib.h>
| # endif
| #endif
| #ifdef HAVE_STRING_H
| # if !defined STDC_HEADERS && defined HAVE_MEMORY_H
| #  include <memory.h>
| # endif
| # include <string.h>
| #endif
| #ifdef HAVE_STRINGS_H
| # include <strings.h>
| #endif
| #ifdef HAVE_INTTYPES_H
| # include <inttypes.h>
| #endif
| #ifdef HAVE_STDINT_H
| # include <stdint.h>
| #endif
| #ifdef HAVE_UNISTD_H
| # include <unistd.h>
| #endif
| int
| main ()
| {
| #ifndef __clang__
| #ifdef __cplusplus
|   (void) __clang__;
| #else
|   (void) __clang__;
| #endif
| #endif
| 
|   ;
|   return 0;
| }
configure:11624: result: no
configure:11631: checking whether __INTEL_COMPILER is declared
configure:11631: gcc -c -g -O2  conftest.c >&5
conftest.c: In function 'main':
conftest.c:63:10: error: '__INTEL_COMPILER' undeclared (first use in this function); did you mean '__BYTE_ORDER'?
   (void) __INTEL_COMPILER;
          ^~~~~~~~~~~~~~~~
          __BYTE_ORDER
conftest.c:63:10: note: each undeclared identifier is reported only once for each function it appears in
configure:11631: $? = 1
configure: failed program was:
| /* confdefs.h */
| #define PACKAGE_NAME "libXft"
| #define PACKAGE_TARNAME "libXft"
| #define PACKAGE_VERSION "2.3.2"
| #define PACKAGE_STRING "libXft 2.3.2"
| #define PACKAGE_BUGREPORT "https://bugs.freedesktop.org/enter_bug.cgi?product=xorg"
| #define PACKAGE_URL ""
| #define PACKAGE "libXft"
| #define VERSION "2.3.2"
| #define STDC_HEADERS 1
| #define HAVE_SYS_TYPES_H 1
| #define HAVE_SYS_STAT_H 1
| #define HAVE_STDLIB_H 1
| #define HAVE_STRING_H 1
| #define HAVE_MEMORY_H 1
| #define HAVE_STRINGS_H 1
| #define HAVE_INTTYPES_H 1
| #define HAVE_STDINT_H 1
| #define HAVE_UNISTD_H 1
| #define HAVE_DLFCN_H 1
| #define LT_OBJDIR ".libs/"
| /* end confdefs.h.  */
| #include <stdio.h>
| #ifdef HAVE_SYS_TYPES_H
| # include <sys/types.h>
| #endif
| #ifdef HAVE_SYS_STAT_H
| # include <sys/stat.h>
| #endif
| #ifdef STDC_HEADERS
| # include <stdlib.h>
| # include <stddef.h>
| #else
| # ifdef HAVE_STDLIB_H
| #  include <stdlib.h>
| # endif
| #endif
| #ifdef HAVE_STRING_H
| # if !defined STDC_HEADERS && defined HAVE_MEMORY_H
| #  include <memory.h>
| # endif
| # include <string.h>
| #endif
| #ifdef HAVE_STRINGS_H
| # include <strings.h>
| #endif
| #ifdef HAVE_INTTYPES_H
| # include <inttypes.h>
| #endif
| #ifdef HAVE_STDINT_H
| # include <stdint.h>
| #endif
| #ifdef HAVE_UNISTD_H
| # include <unistd.h>
| #endif
| int
| main ()
| {
| #ifndef __INTEL_COMPILER
| #ifdef __cplusplus
|   (void) __INTEL_COMPILER;
| #else
|   (void) __INTEL_COMPILER;
| #endif
| #endif
| 
|   ;
|   return 0;
| }
configure:11631: result: no
configure:11638: checking whether __SUNPRO_C is declared
configure:11638: gcc -c -g -O2  conftest.c >&5
conftest.c: In function 'main':
conftest.c:63:10: error: '__SUNPRO_C' undeclared (first use in this function); did you mean '__INT8_C'?
   (void) __SUNPRO_C;
          ^~~~~~~~~~
          __INT8_C
conftest.c:63:10: note: each undeclared identifier is reported only once for each function it appears in
configure:11638: $? = 1
configure: failed program was:
| /* confdefs.h */
| #define PACKAGE_NAME "libXft"
| #define PACKAGE_TARNAME "libXft"
| #define PACKAGE_VERSION "2.3.2"
| #define PACKAGE_STRING "libXft 2.3.2"
| #define PACKAGE_BUGREPORT "https://bugs.freedesktop.org/enter_bug.cgi?product=xorg"
| #define PACKAGE_URL ""
| #define PACKAGE "libXft"
| #define VERSION "2.3.2"
| #define STDC_HEADERS 1
| #define HAVE_SYS_TYPES_H 1
| #define HAVE_SYS_STAT_H 1
| #define HAVE_STDLIB_H 1
| #define HAVE_STRING_H 1
| #define HAVE_MEMORY_H 1
| #define HAVE_STRINGS_H 1
| #define HAVE_INTTYPES_H 1
| #define HAVE_STDINT_H 1
| #define HAVE_UNISTD_H 1
| #define HAVE_DLFCN_H 1
| #define LT_OBJDIR ".libs/"
| /* end confdefs.h.  */
| #include <stdio.h>
| #ifdef HAVE_SYS_TYPES_H
| # include <sys/types.h>
| #endif
| #ifdef HAVE_SYS_STAT_H
| # include <sys/stat.h>
| #endif
| #ifdef STDC_HEADERS
| # include <stdlib.h>
| # include <stddef.h>
| #else
| # ifdef HAVE_STDLIB_H
| #  include <stdlib.h>
| # endif
| #endif
| #ifdef HAVE_STRING_H
| # if !defined STDC_HEADERS && defined HAVE_MEMORY_H
| #  include <memory.h>
| # endif
| # include <string.h>
| #endif
| #ifdef HAVE_STRINGS_H
| # include <strings.h>
| #endif
| #ifdef HAVE_INTTYPES_H
| # include <inttypes.h>
| #endif
| #ifdef HAVE_STDINT_H
| # include <stdint.h>
| #endif
| #ifdef HAVE_UNISTD_H
| # include <unistd.h>
| #endif
| int
| main ()
| {
| #ifndef __SUNPRO_C
| #ifdef __cplusplus
|   (void) __SUNPRO_C;
| #else
|   (void) __SUNPRO_C;
| #endif
| #endif
| 
|   ;
|   return 0;
| }
configure:11638: result: no
configure:11695: checking for pkg-config
configure:11713: found /usr/bin/pkg-config
configure:11725: result: /usr/bin/pkg-config
configure:11750: checking pkg-config is at least version 0.9.0
configure:11753: result: yes
configure:11803: checking if gcc supports -Werror=unknown-warning-option
configure:11812: gcc -c -g -O2 -Werror=unknown-warning-option  conftest.c >&5
cc1: error: -Werror=unknown-warning-option: no option -Wunknown-warning-option
configure:11812: $? = 1
configure: failed program was:
| /* confdefs.h */
| #define PACKAGE_NAME "libXft"
| #define PACKAGE_TARNAME "libXft"
| #define PACKAGE_VERSION "2.3.2"
| #define PACKAGE_STRING "libXft 2.3.2"
| #define PACKAGE_BUGREPORT "https://bugs.freedesktop.org/enter_bug.cgi?product=xorg"
| #define PACKAGE_URL ""
| #define PACKAGE "libXft"
| #define VERSION "2.3.2"
| #define STDC_HEADERS 1
| #define HAVE_SYS_TYPES_H 1
| #define HAVE_SYS_STAT_H 1
| #define HAVE_STDLIB_H 1
| #define HAVE_STRING_H 1
| #define HAVE_MEMORY_H 1
| #define HAVE_STRINGS_H 1
| #define HAVE_INTTYPES_H 1
| #define HAVE_STDINT_H 1
| #define HAVE_UNISTD_H 1
| #define HAVE_DLFCN_H 1
| #define LT_OBJDIR ".libs/"
| /* end confdefs.h.  */
| int i;
configure:11819: result: no
configure:11830: checking if gcc supports -Werror=unused-command-line-argument
configure:11839: gcc -c -g -O2 -Werror=unused-command-line-argument  conftest.c >&5
cc1: error: -Werror=unused-command-line-argument: no option -Wunused-command-line-argument
configure:11839: $? = 1
configure: failed program was:
| /* confdefs.h */
| #define PACKAGE_NAME "libXft"
| #define PACKAGE_TARNAME "libXft"
| #define PACKAGE_VERSION "2.3.2"
| #define PACKAGE_STRING "libXft 2.3.2"
| #define PACKAGE_BUGREPORT "https://bugs.freedesktop.org/enter_bug.cgi?product=xorg"
| #define PACKAGE_URL ""
| #define PACKAGE "libXft"
| #define VERSION "2.3.2"
| #define STDC_HEADERS 1
| #define HAVE_SYS_TYPES_H 1
| #define HAVE_SYS_STAT_H 1
| #define HAVE_STDLIB_H 1
| #define HAVE_STRING_H 1
| #define HAVE_MEMORY_H 1
| #define HAVE_STRINGS_H 1
| #define HAVE_INTTYPES_H 1
| #define HAVE_STDINT_H 1
| #define HAVE_UNISTD_H 1
| #define HAVE_DLFCN_H 1
| #define LT_OBJDIR ".libs/"
| /* end confdefs.h.  */
| int i;
configure:11846: result: no
configure:11865: checking if gcc supports -Wall
configure:11882: gcc -o conftest -g -O2 -Wall   conftest.c  >&5
configure:11882: $? = 0
configure:11895: result: yes
configure:11983: checking if gcc supports -Wpointer-arith
configure:12000: gcc -o conftest -g -O2 -Wpointer-arith   conftest.c  >&5
configure:12000: $? = 0
configure:12013: result: yes
configure:12101: checking if gcc supports -Wmissing-declarations
configure:12118: gcc -o conftest -g -O2 -Wmissing-declarations   conftest.c  >&5
configure:12118: $? = 0
configure:12131: result: yes
configure:12219: checking if gcc supports -Wformat=2
configure:12236: gcc -o conftest -g -O2 -Wformat=2   conftest.c  >&5
configure:12236: $? = 0
configure:12249: result: yes
configure:12388: checking if gcc supports -Wstrict-prototypes
configure:12405: gcc -o conftest -g -O2 -Wstrict-prototypes   conftest.c  >&5
conftest.c:25:1: warning: function declaration isn't a prototype [-Wstrict-prototypes]
 main ()
 ^~~~
configure:12405: $? = 0
configure:12418: result: yes
configure:12506: checking if gcc supports -Wmissing-prototypes
configure:12523: gcc -o conftest -g -O2 -Wmissing-prototypes   conftest.c  >&5
configure:12523: $? = 0
configure:12536: result: yes
configure:12624: checking if gcc supports -Wnested-externs
configure:12641: gcc -o conftest -g -O2 -Wnested-externs   conftest.c  >&5
configure:12641: $? = 0
configure:12654: result: yes
configure:12742: checking if gcc supports -Wbad-function-cast
configure:12759: gcc -o conftest -g -O2 -Wbad-function-cast   conftest.c  >&5
configure:12759: $? = 0
configure:12772: result: yes
configure:12860: checking if gcc supports -Wold-style-definition
configure:12877: gcc -o conftest -g -O2 -Wold-style-definition   conftest.c  >&5
conftest.c: In function 'main':
conftest.c:25:1: warning: old-style function definition [-Wold-style-definition]
 main ()
 ^~~~
configure:12877: $? = 0
configure:12890: result: yes
configure:13027: checking if gcc supports -Wdeclaration-after-statement
configure:13044: gcc -o conftest -g -O2 -Wdeclaration-after-statement   conftest.c  >&5
configure:13044: $? = 0
configure:13057: result: yes
configure:13149: checking if gcc supports -Wunused
configure:13166: gcc -o conftest -g -O2 -Wunused   conftest.c  >&5
configure:13166: $? = 0
configure:13179: result: yes
configure:13267: checking if gcc supports -Wuninitialized
configure:13284: gcc -o conftest -g -O2 -Wuninitialized   conftest.c  >&5
configure:13284: $? = 0
configure:13297: result: yes
configure:13385: checking if gcc supports -Wshadow
configure:13402: gcc -o conftest -g -O2 -Wshadow   conftest.c  >&5
configure:13402: $? = 0
configure:13415: result: yes
configure:13503: checking if gcc supports -Wmissing-noreturn
configure:13520: gcc -o conftest -g -O2 -Wmissing-noreturn   conftest.c  >&5
configure:13520: $? = 0
configure:13533: result: yes
configure:13621: checking if gcc supports -Wmissing-format-attribute
configure:13638: gcc -o conftest -g -O2 -Wmissing-format-attribute   conftest.c  >&5
configure:13638: $? = 0
configure:13651: result: yes
configure:13739: checking if gcc supports -Wredundant-decls
configure:13756: gcc -o conftest -g -O2 -Wredundant-decls   conftest.c  >&5
configure:13756: $? = 0
configure:13769: result: yes
configure:13857: checking if gcc supports -Wlogical-op
configure:13874: gcc -o conftest -g -O2 -Wlogical-op   conftest.c  >&5
configure:13874: $? = 0
configure:13887: result: yes
configure:13987: checking if gcc supports -Werror=implicit
configure:14004: gcc -o conftest -g -O2 -Werror=implicit   conftest.c  >&5
configure:14004: $? = 0
configure:14017: result: yes
configure:14154: checking if gcc supports -Werror=nonnull
configure:14171: gcc -o conftest -g -O2 -Werror=nonnull   conftest.c  >&5
configure:14171: $? = 0
configure:14184: result: yes
configure:14272: checking if gcc supports -Werror=init-self
configure:14289: gcc -o conftest -g -O2 -Werror=init-self   conftest.c  >&5
configure:14289: $? = 0
configure:14302: result: yes
configure:14390: checking if gcc supports -Werror=main
configure:14407: gcc -o conftest -g -O2 -Werror=main   conftest.c  >&5
configure:14407: $? = 0
configure:14420: result: yes
configure:14508: checking if gcc supports -Werror=missing-braces
configure:14525: gcc -o conftest -g -O2 -Werror=missing-braces   conftest.c  >&5
configure:14525: $? = 0
configure:14538: result: yes
configure:14626: checking if gcc supports -Werror=sequence-point
configure:14643: gcc -o conftest -g -O2 -Werror=sequence-point   conftest.c  >&5
configure:14643: $? = 0
configure:14656: result: yes
configure:14744: checking if gcc supports -Werror=return-type
configure:14761: gcc -o conftest -g -O2 -Werror=return-type   conftest.c  >&5
configure:14761: $? = 0
configure:14774: result: yes
configure:14911: checking if gcc supports -Werror=trigraphs
configure:14928: gcc -o conftest -g -O2 -Werror=trigraphs   conftest.c  >&5
configure:14928: $? = 0
configure:14941: result: yes
configure:15029: checking if gcc supports -Werror=array-bounds
configure:15046: gcc -o conftest -g -O2 -Werror=array-bounds   conftest.c  >&5
configure:15046: $? = 0
configure:15059: result: yes
configure:15147: checking if gcc supports -Werror=write-strings
configure:15164: gcc -o conftest -g -O2 -Werror=write-strings   conftest.c  >&5
configure:15164: $? = 0
configure:15177: result: yes
configure:15265: checking if gcc supports -Werror=address
configure:15282: gcc -o conftest -g -O2 -Werror=address   conftest.c  >&5
configure:15282: $? = 0
configure:15295: result: yes
configure:15383: checking if gcc supports -Werror=int-to-pointer-cast
configure:15400: gcc -o conftest -g -O2 -Werror=int-to-pointer-cast   conftest.c  >&5
configure:15400: $? = 0
configure:15413: result: yes
configure:15550: checking if gcc supports -Werror=pointer-to-int-cast
configure:15567: gcc -o conftest -g -O2 -Werror=pointer-to-int-cast   conftest.c  >&5
configure:15567: $? = 0
configure:15580: result: yes
configure:17238: checking if gcc supports -pedantic
configure:17255: gcc -o conftest -g -O2 -pedantic   conftest.c  >&5
configure:17255: $? = 0
configure:17268: result: yes
configure:17356: checking if gcc supports -Werror
configure:17373: gcc -o conftest -g -O2 -Werror   conftest.c  >&5
configure:17373: $? = 0
configure:17386: result: yes
configure:17526: checking if gcc supports -Werror=attributes
configure:17543: gcc -o conftest -g -O2 -Werror=attributes   conftest.c  >&5
configure:17543: $? = 0
configure:17556: result: yes
configure:17716: checking whether make supports nested variables
configure:17733: result: yes
configure:17774: checking for XRENDER
configure:17781: $PKG_CONFIG --exists --print-errors "xrender >= 0.8.2 x11"
configure:17784: $? = 0
configure:17797: $PKG_CONFIG --exists --print-errors "xrender >= 0.8.2 x11"
configure:17800: $? = 0
configure:17854: result: yes
configure:17862: checking for FREETYPE
configure:17869: $PKG_CONFIG --exists --print-errors "freetype2 >= 2.1.6"
configure:17872: $? = 0
configure:17885: $PKG_CONFIG --exists --print-errors "freetype2 >= 2.1.6"
configure:17888: $? = 0
configure:17942: result: yes
configure:17950: checking for FONTCONFIG
configure:17957: $PKG_CONFIG --exists --print-errors "fontconfig >= 2.5.92"
configure:17960: $? = 0
configure:17973: $PKG_CONFIG --exists --print-errors "fontconfig >= 2.5.92"
configure:17976: $? = 0
configure:18030: result: yes
configure:18157: checking that generated files are newer than configure
configure:18163: result: done
configure:18186: creating ./config.status

## ---------------------- ##
## Running config.status. ##
## ---------------------- ##

This file was extended by libXft config.status 2.3.2, which was
generated by GNU Autoconf 2.68.  Invocation command line was

  CONFIG_FILES    = 
  CONFIG_HEADERS  = 
  CONFIG_LINKS    = 
  CONFIG_COMMANDS = 
  $ ./config.status 

on localhost.localdomain

config.status:1141: creating Makefile
config.status:1141: creating xft.pc
config.status:1141: creating src/Makefile
config.status:1141: creating man/Makefile
config.status:1141: creating config.h
config.status:1141: creating include/X11/Xft/Xft.h
config.status:1322: include/X11/Xft/Xft.h is unchanged
config.status:1370: executing depfiles commands
config.status:1370: executing libtool commands

## ---------------- ##
## Cache variables. ##
## ---------------- ##

ac_cv_build=x86_64-unknown-linux-gnu
ac_cv_c_compiler_gnu=yes
ac_cv_env_CC_set=
ac_cv_env_CC_value=
ac_cv_env_CFLAGS_set=
ac_cv_env_CFLAGS_value=
ac_cv_env_CPPFLAGS_set=
ac_cv_env_CPPFLAGS_value=
ac_cv_env_CPP_set=
ac_cv_env_CPP_value=
ac_cv_env_FONTCONFIG_CFLAGS_set=
ac_cv_env_FONTCONFIG_CFLAGS_value=
ac_cv_env_FONTCONFIG_LIBS_set=
ac_cv_env_FONTCONFIG_LIBS_value=
ac_cv_env_FREETYPE_CFLAGS_set=
ac_cv_env_FREETYPE_CFLAGS_value=
ac_cv_env_FREETYPE_LIBS_set=
ac_cv_env_FREETYPE_LIBS_value=
ac_cv_env_LDFLAGS_set=
ac_cv_env_LDFLAGS_value=
ac_cv_env_LIBS_set=
ac_cv_env_LIBS_value=
ac_cv_env_PKG_CONFIG_set=
ac_cv_env_PKG_CONFIG_value=
ac_cv_env_XRENDER_CFLAGS_set=
ac_cv_env_XRENDER_CFLAGS_value=
ac_cv_env_XRENDER_LIBS_set=
ac_cv_env_XRENDER_LIBS_value=
ac_cv_env_build_alias_set=
ac_cv_env_build_alias_value=
ac_cv_env_host_alias_set=
ac_cv_env_host_alias_value=
ac_cv_env_target_alias_set=
ac_cv_env_target_alias_value=
ac_cv_have_decl___INTEL_COMPILER=no
ac_cv_have_decl___SUNPRO_C=no
ac_cv_have_decl___clang__=no
ac_cv_header_dlfcn_h=yes
ac_cv_header_inttypes_h=yes
ac_cv_header_memory_h=yes
ac_cv_header_stdc=yes
ac_cv_header_stdint_h=yes
ac_cv_header_stdlib_h=yes
ac_cv_header_string_h=yes
ac_cv_header_strings_h=yes
ac_cv_header_sys_stat_h=yes
ac_cv_header_sys_types_h=yes
ac_cv_header_unistd_h=yes
ac_cv_host=x86_64-unknown-linux-gnu
ac_cv_objext=o
ac_cv_path_EGREP='/usr/bin/grep -E'
ac_cv_path_FGREP='/usr/bin/grep -F'
ac_cv_path_GREP=/usr/bin/grep
ac_cv_path_SED=/bin/sed
ac_cv_path_ac_pt_PKG_CONFIG=/usr/bin/pkg-config
ac_cv_path_install='/usr/bin/install -c'
ac_cv_path_mkdir=/bin/mkdir
ac_cv_prog_AWK=gawk
ac_cv_prog_CPP='gcc -E'
ac_cv_prog_ac_ct_AR=ar
ac_cv_prog_ac_ct_CC=gcc
ac_cv_prog_ac_ct_MANIFEST_TOOL=mt
ac_cv_prog_ac_ct_OBJDUMP=objdump
ac_cv_prog_ac_ct_RANLIB=ranlib
ac_cv_prog_ac_ct_STRIP=strip
ac_cv_prog_cc_c89=
ac_cv_prog_cc_c99=
ac_cv_prog_cc_g=yes
ac_cv_prog_make_make_set=yes
am_cv_CC_dependencies_compiler_type=gcc3
am_cv_make_support_nested_variables=yes
am_cv_prog_cc_c_o=yes
lt_cv_ar_at_file=@
lt_cv_archive_cmds_need_lc=no
lt_cv_deplibs_check_method=pass_all
lt_cv_file_magic_cmd='$MAGIC_CMD'
lt_cv_file_magic_test_file=
lt_cv_ld_reload_flag=-r
lt_cv_nm_interface='BSD nm'
lt_cv_objdir=.libs
lt_cv_path_LD=/usr/bin/ld
lt_cv_path_NM='/usr/bin/nm -B'
lt_cv_path_mainfest_tool=no
lt_cv_prog_compiler_c_o=yes
lt_cv_prog_compiler_pic='-fPIC -DPIC'
lt_cv_prog_compiler_pic_works=yes
lt_cv_prog_compiler_rtti_exceptions=no
lt_cv_prog_compiler_static_works=yes
lt_cv_prog_gnu_ld=yes
lt_cv_sharedlib_from_linklib_cmd='printf %s\n'
lt_cv_shlibpath_overrides_runpath=no
lt_cv_sys_global_symbol_pipe='sed -n -e '\''s/^.*[	 ]\([ABCDGIRSTW][ABCDGIRSTW]*\)[	 ][	 ]*\([_A-Za-z][_A-Za-z0-9]*\)$/\1 \2 \2/p'\'' | sed '\''/ __gnu_lto/d'\'''
lt_cv_sys_global_symbol_to_c_name_address='sed -n -e '\''s/^: \([^ ]*\)[ ]*$/  {\"\1\", (void *) 0},/p'\'' -e '\''s/^[ABCDGIRSTW]* \([^ ]*\) \([^ ]*\)$/  {"\2", (void *) \&\2},/p'\'''
lt_cv_sys_global_symbol_to_c_name_address_lib_prefix='sed -n -e '\''s/^: \([^ ]*\)[ ]*$/  {\"\1\", (void *) 0},/p'\'' -e '\''s/^[ABCDGIRSTW]* \([^ ]*\) \(lib[^ ]*\)$/  {"\2", (void *) \&\2},/p'\'' -e '\''s/^[ABCDGIRSTW]* \([^ ]*\) \([^ ]*\)$/  {"lib\2", (void *) \&\2},/p'\'''
lt_cv_sys_global_symbol_to_cdecl='sed -n -e '\''s/^T .* \(.*\)$/extern int \1();/p'\'' -e '\''s/^[ABCDGIRSTW]* .* \(.*\)$/extern char \1;/p'\'''
lt_cv_sys_max_cmd_len=1572864
lt_cv_to_host_file_cmd=func_convert_file_noop
lt_cv_to_tool_file_cmd=func_convert_file_noop
pkg_cv_FONTCONFIG_CFLAGS='-I/usr/include/freetype2 -I/usr/include/libpng16 -I/usr/include/harfbuzz -I/usr/include/glib-2.0 -I/usr/lib/glib-2.0/include -I/usr/include/freetype2 -I/usr/include/libpng16 -I/usr/include/harfbuzz -I/usr/include/glib-2.0 -I/usr/lib/glib-2.0/include'
pkg_cv_FONTCONFIG_LIBS='-lfontconfig -lfreetype'
pkg_cv_FREETYPE_CFLAGS='-I/usr/include/freetype2 -I/usr/include/libpng16 -I/usr/include/harfbuzz -I/usr/include/glib-2.0 -I/usr/lib/glib-2.0/include'
pkg_cv_FREETYPE_LIBS=-lfreetype
pkg_cv_XRENDER_CFLAGS=
pkg_cv_XRENDER_LIBS='-lXrender -lX11'
xorg_cv_cc_flag__Wall=yes
xorg_cv_cc_flag__Wbad_function_cast=yes
xorg_cv_cc_flag__Wdeclaration_after_statement=yes
xorg_cv_cc_flag__Werror=yes
xorg_cv_cc_flag__Werror_address=yes
xorg_cv_cc_flag__Werror_array_bounds=yes
xorg_cv_cc_flag__Werror_attributes=yes
xorg_cv_cc_flag__Werror_implicit=yes
xorg_cv_cc_flag__Werror_init_self=yes
xorg_cv_cc_flag__Werror_int_to_pointer_cast=yes
xorg_cv_cc_flag__Werror_main=yes
xorg_cv_cc_flag__Werror_missing_braces=yes
xorg_cv_cc_flag__Werror_nonnull=yes
xorg_cv_cc_flag__Werror_pointer_to_int_cast=yes
xorg_cv_cc_flag__Werror_return_type=yes
xorg_cv_cc_flag__Werror_sequence_point=yes
xorg_cv_cc_flag__Werror_trigraphs=yes
xorg_cv_cc_flag__Werror_write_strings=yes
xorg_cv_cc_flag__Wformat_2=yes
xorg_cv_cc_flag__Wlogical_op=yes
xorg_cv_cc_flag__Wmissing_declarations=yes
xorg_cv_cc_flag__Wmissing_format_attribute=yes
xorg_cv_cc_flag__Wmissing_noreturn=yes
xorg_cv_cc_flag__Wmissing_prototypes=yes
xorg_cv_cc_flag__Wnested_externs=yes
xorg_cv_cc_flag__Wold_style_definition=yes
xorg_cv_cc_flag__Wpointer_arith=yes
xorg_cv_cc_flag__Wredundant_decls=yes
xorg_cv_cc_flag__Wshadow=yes
xorg_cv_cc_flag__Wstrict_prototypes=yes
xorg_cv_cc_flag__Wuninitialized=yes
xorg_cv_cc_flag__Wunused=yes
xorg_cv_cc_flag__pedantic=yes
xorg_cv_cc_flag_unknown_warning_option=no
xorg_cv_cc_flag_unused_command_line_argument=no

## ----------------- ##
## Output variables. ##
## ----------------- ##

ACLOCAL='${SHELL} /lfskernel/sources/boot/X11/libs/libXft-2.3.2/missing aclocal-1.14'
ADMIN_MAN_DIR='$(mandir)/man$(ADMIN_MAN_SUFFIX)'
ADMIN_MAN_SUFFIX='8'
AMDEPBACKSLASH='\'
AMDEP_FALSE='#'
AMDEP_TRUE=''
AMTAR='$${TAR-tar}'
AM_BACKSLASH='\'
AM_DEFAULT_V='$(AM_DEFAULT_VERBOSITY)'
AM_DEFAULT_VERBOSITY='0'
AM_V='$(V)'
APP_MAN_DIR='$(mandir)/man$(APP_MAN_SUFFIX)'
APP_MAN_SUFFIX='1'
AR='ar'
AUTOCONF='${SHELL} /lfskernel/sources/boot/X11/libs/libXft-2.3.2/missing autoconf'
AUTOHEADER='${SHELL} /lfskernel/sources/boot/X11/libs/libXft-2.3.2/missing autoheader'
AUTOMAKE='${SHELL} /lfskernel/sources/boot/X11/libs/libXft-2.3.2/missing automake-1.14'
AWK='gawk'
BASE_CFLAGS=' -Wall -Wpointer-arith -Wmissing-declarations -Wformat=2 -Wstrict-prototypes -Wmissing-prototypes -Wnested-externs -Wbad-function-cast -Wold-style-definition -Wdeclaration-after-statement -Wunused -Wuninitialized -Wshadow -Wmissing-noreturn -Wmissing-format-attribute -Wredundant-decls -Wlogical-op -Werror=implicit -Werror=nonnull -Werror=init-self -Werror=main -Werror=missing-braces -Werror=sequence-point -Werror=return-type -Werror=trigraphs -Werror=array-bounds -Werror=write-strings -Werror=address -Werror=int-to-pointer-cast -Werror=pointer-to-int-cast'
CC='gcc'
CCDEPMODE='depmode=gcc3'
CFLAGS='-g -O2'
CHANGELOG_CMD='(GIT_DIR=$(top_srcdir)/.git git log > $(top_srcdir)/.changelog.tmp && mv $(top_srcdir)/.changelog.tmp $(top_srcdir)/ChangeLog) || (rm -f $(top_srcdir)/.changelog.tmp; touch $(top_srcdir)/ChangeLog; echo '\''git directory not found: installing possibly empty changelog.'\'' >&2)'
CPP='gcc -E'
CPPFLAGS=''
CWARNFLAGS=' -Wall -Wpointer-arith -Wmissing-declarations -Wformat=2 -Wstrict-prototypes -Wmissing-prototypes -Wnested-externs -Wbad-function-cast -Wold-style-definition -Wdeclaration-after-statement -Wunused -Wuninitialized -Wshadow -Wmissing-noreturn -Wmissing-format-attribute -Wredundant-decls -Wlogical-op -Werror=implicit -Werror=nonnull -Werror=init-self -Werror=main -Werror=missing-braces -Werror=sequence-point -Werror=return-type -Werror=trigraphs -Werror=array-bounds -Werror=write-strings -Werror=address -Werror=int-to-pointer-cast -Werror=pointer-to-int-cast -fno-strict-aliasing'
CYGPATH_W='echo'
DEFS='-DHAVE_CONFIG_H'
DEPDIR='.deps'
DLLTOOL='false'
DRIVER_MAN_DIR='$(mandir)/man$(DRIVER_MAN_SUFFIX)'
DRIVER_MAN_SUFFIX='4'
DSYMUTIL=''
DUMPBIN=''
ECHO_C=''
ECHO_N='-n'
ECHO_T=''
EGREP='/usr/bin/grep -E'
EXEEXT=''
FGREP='/usr/bin/grep -F'
FILE_MAN_DIR='$(mandir)/man$(FILE_MAN_SUFFIX)'
FILE_MAN_SUFFIX='5'
FONTCONFIG_CFLAGS='-I/usr/include/freetype2 -I/usr/include/libpng16 -I/usr/include/harfbuzz -I/usr/include/glib-2.0 -I/usr/lib/glib-2.0/include -I/usr/include/freetype2 -I/usr/include/libpng16 -I/usr/include/harfbuzz -I/usr/include/glib-2.0 -I/usr/lib/glib-2.0/include'
FONTCONFIG_LIBS='-lfontconfig -lfreetype'
FREETYPE_CFLAGS='-I/usr/include/freetype2 -I/usr/include/libpng16 -I/usr/include/harfbuzz -I/usr/include/glib-2.0 -I/usr/lib/glib-2.0/include'
FREETYPE_LIBS='-lfreetype'
GREP='/usr/bin/grep'
INSTALL_CMD='(cp -f /usr/share/util-macros/INSTALL $(top_srcdir)/.INSTALL.tmp && mv $(top_srcdir)/.INSTALL.tmp $(top_srcdir)/INSTALL) || (rm -f $(top_srcdir)/.INSTALL.tmp; touch $(top_srcdir)/INSTALL; echo '\''util-macros "pkgdatadir" from xorg-macros.pc not found: installing possibly empty INSTALL.'\'' >&2)'
INSTALL_DATA='${INSTALL} -m 644'
INSTALL_PROGRAM='${INSTALL}'
INSTALL_SCRIPT='${INSTALL}'
INSTALL_STRIP_PROGRAM='$(install_sh) -c -s'
LD='/usr/bin/ld -m elf_x86_64'
LDFLAGS=''
LIBOBJS=''
LIBS=''
LIBTOOL='$(SHELL) $(top_builddir)/libtool'
LIB_MAN_DIR='$(mandir)/man$(LIB_MAN_SUFFIX)'
LIB_MAN_SUFFIX='3'
LIPO=''
LN_S='ln -s'
LTLIBOBJS=''
MAKEINFO='${SHELL} /lfskernel/sources/boot/X11/libs/libXft-2.3.2/missing makeinfo'
MANIFEST_TOOL=':'
MAN_SUBSTS='	-e '\''s|__vendorversion__|"$(PACKAGE_STRING)" "$(XORG_MAN_PAGE)"|'\'' 	-e '\''s|__xorgversion__|"$(PACKAGE_STRING)" "$(XORG_MAN_PAGE)"|'\'' 	-e '\''s|__xservername__|Xorg|g'\'' 	-e '\''s|__xconfigfile__|xorg.conf|g'\'' 	-e '\''s|__projectroot__|$(prefix)|g'\'' 	-e '\''s|__apploaddir__|$(appdefaultdir)|g'\'' 	-e '\''s|__appmansuffix__|$(APP_MAN_SUFFIX)|g'\'' 	-e '\''s|__drivermansuffix__|$(DRIVER_MAN_SUFFIX)|g'\'' 	-e '\''s|__adminmansuffix__|$(ADMIN_MAN_SUFFIX)|g'\'' 	-e '\''s|__libmansuffix__|$(LIB_MAN_SUFFIX)|g'\'' 	-e '\''s|__miscmansuffix__|$(MISC_MAN_SUFFIX)|g'\'' 	-e '\''s|__filemansuffix__|$(FILE_MAN_SUFFIX)|g'\'''
MISC_MAN_DIR='$(mandir)/man$(MISC_MAN_SUFFIX)'
MISC_MAN_SUFFIX='7'
MKDIR_P='/bin/mkdir -p'
NM='/usr/bin/nm -B'
NMEDIT=''
OBJDUMP='objdump'
OBJEXT='o'
OTOOL64=''
OTOOL=''
PACKAGE='libXft'
PACKAGE_BUGREPORT='https://bugs.freedesktop.org/enter_bug.cgi?product=xorg'
PACKAGE_NAME='libXft'
PACKAGE_STRING='libXft 2.3.2'
PACKAGE_TARNAME='libXft'
PACKAGE_URL=''
PACKAGE_VERSION='2.3.2'
PATH_SEPARATOR=':'
PKG_CONFIG='/usr/bin/pkg-config'
RANLIB='ranlib'
SED='/bin/sed'
SET_MAKE=''
SHELL='/bin/sh'
STRICT_CFLAGS=' -pedantic -Werror -Werror=attributes'
STRIP='strip'
VERSION='2.3.2'
XFT_LT_VERSION='2:3:2'
XORG_MAN_PAGE='X Version 11'
XRENDER_CFLAGS=''
XRENDER_LIBS='-lXrender -lX11'
ac_ct_AR='ar'
ac_ct_CC='gcc'
ac_ct_DUMPBIN=''
am__EXEEXT_FALSE=''
am__EXEEXT_TRUE='#'
am__fastdepCC_FALSE='#'
am__fastdepCC_TRUE=''
am__include='include'
am__isrc=''
am__leading_dot='.'
am__nodep='_no'
am__quote=''
am__tar='$${TAR-tar} chof - "$$tardir"'
am__untar='$${TAR-tar} xf -'
bindir='${exec_prefix}/bin'
build='x86_64-unknown-linux-gnu'
build_alias=''
build_cpu='x86_64'
build_os='linux-gnu'
build_vendor='unknown'
datadir='${datarootdir}'
datarootdir='${prefix}/share'
docdir='${datarootdir}/doc/${PACKAGE_TARNAME}'
dvidir='${docdir}'
exec_prefix='${prefix}'
host='x86_64-unknown-linux-gnu'
host_alias=''
host_cpu='x86_64'
host_os='linux-gnu'
host_vendor='unknown'
htmldir='${docdir}'
includedir='${prefix}/include'
infodir='${datarootdir}/info'
install_sh='${SHELL} /lfskernel/sources/boot/X11/libs/libXft-2.3.2/install-sh'
libdir='${exec_prefix}/lib'
libexecdir='${exec_prefix}/libexec'
localedir='${datarootdir}/locale'
localstatedir='/var'
mandir='${datarootdir}/man'
mkdir_p='$(MKDIR_P)'
oldincludedir='/usr/include'
pdfdir='${docdir}'
prefix='/usr'
program_transform_name='s,x,x,'
psdir='${docdir}'
sbindir='${exec_prefix}/sbin'
sharedstatedir='${prefix}/com'
sysconfdir='/etc'
target_alias=''

## ----------- ##
## confdefs.h. ##
## ----------- ##

/* confdefs.h */
#define PACKAGE_NAME "libXft"
#define PACKAGE_TARNAME "libXft"
#define PACKAGE_VERSION "2.3.2"
#define PACKAGE_STRING "libXft 2.3.2"
#define PACKAGE_BUGREPORT "https://bugs.freedesktop.org/enter_bug.cgi?product=xorg"
#define PACKAGE_URL ""
#define PACKAGE "libXft"
#define VERSION "2.3.2"
#define STDC_HEADERS 1
#define HAVE_SYS_TYPES_H 1
#define HAVE_SYS_STAT_H 1
#define HAVE_STDLIB_H 1
#define HAVE_STRING_H 1
#define HAVE_MEMORY_H 1
#define HAVE_STRINGS_H 1
#define HAVE_INTTYPES_H 1
#define HAVE_STDINT_H 1
#define HAVE_UNISTD_H 1
#define HAVE_DLFCN_H 1
#define LT_OBJDIR ".libs/"
#define PACKAGE_VERSION_MAJOR 2
#define PACKAGE_VERSION_MINOR 3
#define PACKAGE_VERSION_PATCHLEVEL 2
#define XFT_MAJOR 2
#define XFT_MINOR 3
#define XFT_REVISION 2

configure: exit 0
