This file contains any messages produced by compilers while
running configure, to aid debugging if configure makes a mistake.

It was created by libXtst configure 1.2.3, which was
generated by GNU Autoconf 2.69.  Invocation command line was

  $ ./configure --prefix=/usr --sysconfdir=/etc --localstatedir=/var --disable-static

## --------- ##
## Platform. ##
## --------- ##

hostname = localhost.localdomain
uname -m = x86_64
uname -r = 3.10.0-693.11.1.el7.x86_64
uname -s = Linux
uname -v = #1 SMP Mon Dec 4 23:52:40 UTC 2017

/usr/bin/uname -p = unknown
/bin/uname -X     = unknown

/bin/arch              = x86_64
/usr/bin/arch -k       = unknown
/usr/convex/getsysinfo = unknown
/usr/bin/hostinfo      = unknown
/bin/machine           = unknown
/usr/bin/oslevel       = unknown
/bin/universe          = unknown

PATH: /bin
PATH: /usr/bin
PATH: /sbin
PATH: /usr/sbin


## ----------- ##
## Core tests. ##
## ----------- ##

configure:2367: checking for a BSD-compatible install
configure:2435: result: /usr/bin/install -c
configure:2446: checking whether build environment is sane
configure:2501: result: yes
configure:2652: checking for a thread-safe mkdir -p
configure:2691: result: /bin/mkdir -p
configure:2698: checking for gawk
configure:2714: found /usr/bin/gawk
configure:2725: result: gawk
configure:2736: checking whether make sets $(MAKE)
configure:2758: result: yes
configure:2787: checking whether make supports nested variables
configure:2804: result: yes
configure:2960: checking build system type
configure:2974: result: x86_64-unknown-linux-gnu
configure:2994: checking host system type
configure:3007: result: x86_64-unknown-linux-gnu
configure:3048: checking how to print strings
configure:3075: result: printf
configure:3108: checking for style of include used by make
configure:3136: result: GNU
configure:3207: checking for gcc
configure:3223: found /usr/bin/gcc
configure:3234: result: gcc
configure:3463: checking for C compiler version
configure:3472: gcc --version >&5
gcc (GCC) 7.2.0
Copyright (C) 2017 Free Software Foundation, Inc.
This is free software; see the source for copying conditions.  There is NO
warranty; not even for MERCHANTABILITY or FITNESS FOR A PARTICULAR PURPOSE.

configure:3483: $? = 0
configure:3472: gcc -v >&5
Using built-in specs.
COLLECT_GCC=gcc
COLLECT_LTO_WRAPPER=/usr/libexec/gcc/x86_64-pc-linux-gnu/7.2.0/lto-wrapper
Target: x86_64-pc-linux-gnu
Configured with: ../configure --prefix=/usr --enable-languages=c,c++ --disable-multilib --disable-bootstrap --with-system-zlib
Thread model: posix
gcc version 7.2.0 (GCC) 
configure:3483: $? = 0
configure:3472: gcc -V >&5
gcc: error: unrecognized command line option '-V'
gcc: fatal error: no input files
compilation terminated.
configure:3483: $? = 1
configure:3472: gcc -qversion >&5
gcc: error: unrecognized command line option '-qversion'; did you mean '--version'?
gcc: fatal error: no input files
compilation terminated.
configure:3483: $? = 1
configure:3503: checking whether the C compiler works
configure:3525: gcc    conftest.c  >&5
configure:3529: $? = 0
configure:3577: result: yes
configure:3580: checking for C compiler default output file name
configure:3582: result: a.out
configure:3588: checking for suffix of executables
configure:3595: gcc -o conftest    conftest.c  >&5
configure:3599: $? = 0
configure:3621: result: 
configure:3643: checking whether we are cross compiling
configure:3651: gcc -o conftest    conftest.c  >&5
configure:3655: $? = 0
configure:3662: ./conftest
configure:3666: $? = 0
configure:3681: result: no
configure:3686: checking for suffix of object files
configure:3708: gcc -c   conftest.c >&5
configure:3712: $? = 0
configure:3733: result: o
configure:3737: checking whether we are using the GNU C compiler
configure:3756: gcc -c   conftest.c >&5
configure:3756: $? = 0
configure:3765: result: yes
configure:3774: checking whether gcc accepts -g
configure:3794: gcc -c -g  conftest.c >&5
configure:3794: $? = 0
configure:3835: result: yes
configure:3852: checking for gcc option to accept ISO C89
configure:3915: gcc  -c -g -O2  conftest.c >&5
configure:3915: $? = 0
configure:3928: result: none needed
configure:3953: checking whether gcc understands -c and -o together
configure:3975: gcc -c conftest.c -o conftest2.o
configure:3978: $? = 0
configure:3975: gcc -c conftest.c -o conftest2.o
configure:3978: $? = 0
configure:3990: result: yes
configure:4009: checking dependency style of gcc
configure:4120: result: gcc3
configure:4135: checking for a sed that does not truncate output
configure:4199: result: /bin/sed
configure:4217: checking for grep that handles long lines and -e
configure:4275: result: /usr/bin/grep
configure:4280: checking for egrep
configure:4342: result: /usr/bin/grep -E
configure:4347: checking for fgrep
configure:4409: result: /usr/bin/grep -F
configure:4444: checking for ld used by gcc
configure:4511: result: /usr/bin/ld
configure:4518: checking if the linker (/usr/bin/ld) is GNU ld
configure:4533: result: yes
configure:4545: checking for BSD- or MS-compatible name lister (nm)
configure:4594: result: /usr/bin/nm -B
configure:4724: checking the name lister (/usr/bin/nm -B) interface
configure:4731: gcc -c -g -O2  conftest.c >&5
configure:4734: /usr/bin/nm -B "conftest.o"
configure:4737: output
0000000000000000 B some_variable
configure:4744: result: BSD nm
configure:4747: checking whether ln -s works
configure:4751: result: yes
configure:4759: checking the maximum length of command line arguments
configure:4890: result: 1572864
configure:4907: checking whether the shell understands some XSI constructs
configure:4917: result: yes
configure:4921: checking whether the shell understands "+="
configure:4927: result: yes
configure:4962: checking how to convert x86_64-unknown-linux-gnu file names to x86_64-unknown-linux-gnu format
configure:5002: result: func_convert_file_noop
configure:5009: checking how to convert x86_64-unknown-linux-gnu file names to toolchain format
configure:5029: result: func_convert_file_noop
configure:5036: checking for /usr/bin/ld option to reload object files
configure:5043: result: -r
configure:5117: checking for objdump
configure:5133: found /usr/bin/objdump
configure:5144: result: objdump
configure:5176: checking how to recognize dependent libraries
configure:5374: result: pass_all
configure:5459: checking for dlltool
configure:5489: result: no
configure:5519: checking how to associate runtime and link libraries
configure:5546: result: printf %s\n
configure:5607: checking for ar
configure:5623: found /usr/bin/ar
configure:5634: result: ar
configure:5671: checking for archiver @FILE support
configure:5688: gcc -c -g -O2  conftest.c >&5
configure:5688: $? = 0
configure:5691: ar cru libconftest.a @conftest.lst >&5
configure:5694: $? = 0
configure:5699: ar cru libconftest.a @conftest.lst >&5
ar: conftest.o: No such file or directory
configure:5702: $? = 1
configure:5714: result: @
configure:5772: checking for strip
configure:5788: found /usr/bin/strip
configure:5799: result: strip
configure:5871: checking for ranlib
configure:5887: found /usr/bin/ranlib
configure:5898: result: ranlib
configure:6000: checking command to parse /usr/bin/nm -B output from gcc object
configure:6120: gcc -c -g -O2  conftest.c >&5
configure:6123: $? = 0
configure:6127: /usr/bin/nm -B conftest.o \| sed -n -e 's/^.*[ ]\([ABCDGIRSTW][ABCDGIRSTW]*\)[ ][ ]*\([_A-Za-z][_A-Za-z0-9]*\)$/\1 \2 \2/p' | sed '/ __gnu_lto/d' \> conftest.nm
configure:6130: $? = 0
configure:6196: gcc -o conftest -g -O2   conftest.c conftstm.o >&5
configure:6199: $? = 0
configure:6237: result: ok
configure:6274: checking for sysroot
configure:6304: result: no
configure:6381: gcc -c -g -O2  conftest.c >&5
configure:6384: $? = 0
configure:6573: checking for mt
configure:6589: found /bin/mt
configure:6600: result: mt
configure:6623: checking if mt is a manifest tool
configure:6629: mt '-?'
configure:6637: result: no
configure:7279: checking how to run the C preprocessor
configure:7310: gcc -E  conftest.c
configure:7310: $? = 0
configure:7324: gcc -E  conftest.c
conftest.c:11:10: fatal error: ac_nonexistent.h: No such file or directory
 #include <ac_nonexistent.h>
          ^~~~~~~~~~~~~~~~~~
compilation terminated.
configure:7324: $? = 1
configure: failed program was:
| /* confdefs.h */
| #define PACKAGE_NAME "libXtst"
| #define PACKAGE_TARNAME "libXtst"
| #define PACKAGE_VERSION "1.2.3"
| #define PACKAGE_STRING "libXtst 1.2.3"
| #define PACKAGE_BUGREPORT "https://bugs.freedesktop.org/enter_bug.cgi?product=xorg"
| #define PACKAGE_URL ""
| #define PACKAGE "libXtst"
| #define VERSION "1.2.3"
| /* end confdefs.h.  */
| #include <ac_nonexistent.h>
configure:7349: result: gcc -E
configure:7369: gcc -E  conftest.c
configure:7369: $? = 0
configure:7383: gcc -E  conftest.c
conftest.c:11:10: fatal error: ac_nonexistent.h: No such file or directory
 #include <ac_nonexistent.h>
          ^~~~~~~~~~~~~~~~~~
compilation terminated.
configure:7383: $? = 1
configure: failed program was:
| /* confdefs.h */
| #define PACKAGE_NAME "libXtst"
| #define PACKAGE_TARNAME "libXtst"
| #define PACKAGE_VERSION "1.2.3"
| #define PACKAGE_STRING "libXtst 1.2.3"
| #define PACKAGE_BUGREPORT "https://bugs.freedesktop.org/enter_bug.cgi?product=xorg"
| #define PACKAGE_URL ""
| #define PACKAGE "libXtst"
| #define VERSION "1.2.3"
| /* end confdefs.h.  */
| #include <ac_nonexistent.h>
configure:7412: checking for ANSI C header files
configure:7432: gcc -c -g -O2  conftest.c >&5
configure:7432: $? = 0
configure:7505: gcc -o conftest -g -O2   conftest.c  >&5
configure:7505: $? = 0
configure:7505: ./conftest
configure:7505: $? = 0
configure:7516: result: yes
configure:7529: checking for sys/types.h
configure:7529: gcc -c -g -O2  conftest.c >&5
configure:7529: $? = 0
configure:7529: result: yes
configure:7529: checking for sys/stat.h
configure:7529: gcc -c -g -O2  conftest.c >&5
configure:7529: $? = 0
configure:7529: result: yes
configure:7529: checking for stdlib.h
configure:7529: gcc -c -g -O2  conftest.c >&5
configure:7529: $? = 0
configure:7529: result: yes
configure:7529: checking for string.h
configure:7529: gcc -c -g -O2  conftest.c >&5
configure:7529: $? = 0
configure:7529: result: yes
configure:7529: checking for memory.h
configure:7529: gcc -c -g -O2  conftest.c >&5
configure:7529: $? = 0
configure:7529: result: yes
configure:7529: checking for strings.h
configure:7529: gcc -c -g -O2  conftest.c >&5
configure:7529: $? = 0
configure:7529: result: yes
configure:7529: checking for inttypes.h
configure:7529: gcc -c -g -O2  conftest.c >&5
configure:7529: $? = 0
configure:7529: result: yes
configure:7529: checking for stdint.h
configure:7529: gcc -c -g -O2  conftest.c >&5
configure:7529: $? = 0
configure:7529: result: yes
configure:7529: checking for unistd.h
configure:7529: gcc -c -g -O2  conftest.c >&5
configure:7529: $? = 0
configure:7529: result: yes
configure:7543: checking for dlfcn.h
configure:7543: gcc -c -g -O2  conftest.c >&5
configure:7543: $? = 0
configure:7543: result: yes
configure:7749: checking for objdir
configure:7764: result: .libs
configure:8031: checking if gcc supports -fno-rtti -fno-exceptions
configure:8049: gcc -c -g -O2  -fno-rtti -fno-exceptions conftest.c >&5
cc1: warning: command line option '-fno-rtti' is valid for C++/ObjC++ but not for C
configure:8053: $? = 0
configure:8066: result: no
configure:8393: checking for gcc option to produce PIC
configure:8400: result: -fPIC -DPIC
configure:8408: checking if gcc PIC flag -fPIC -DPIC works
configure:8426: gcc -c -g -O2  -fPIC -DPIC -DPIC conftest.c >&5
configure:8430: $? = 0
configure:8443: result: yes
configure:8472: checking if gcc static flag -static works
configure:8500: result: yes
configure:8515: checking if gcc supports -c -o file.o
configure:8536: gcc -c -g -O2  -o out/conftest2.o conftest.c >&5
configure:8540: $? = 0
configure:8562: result: yes
configure:8570: checking if gcc supports -c -o file.o
configure:8617: result: yes
configure:8650: checking whether the gcc linker (/usr/bin/ld -m elf_x86_64) supports shared libraries
configure:9807: result: yes
configure:9844: checking whether -lc should be explicitly linked in
configure:9852: gcc -c -g -O2  conftest.c >&5
configure:9855: $? = 0
configure:9870: gcc -shared  -fPIC -DPIC conftest.o  -v -Wl,-soname -Wl,conftest -o conftest 2\>\&1 \| /usr/bin/grep  -lc  \>/dev/null 2\>\&1
configure:9873: $? = 0
configure:9887: result: no
configure:10047: checking dynamic linker characteristics
configure:10547: gcc -o conftest -g -O2   -Wl,-rpath -Wl,/foo conftest.c  >&5
configure:10547: $? = 0
configure:10781: result: GNU/Linux ld.so
configure:10888: checking how to hardcode library paths into programs
configure:10913: result: immediate
configure:11453: checking whether stripping libraries is possible
configure:11458: result: yes
configure:11493: checking if libtool supports shared libraries
configure:11495: result: yes
configure:11498: checking whether to build shared libraries
configure:11519: result: yes
configure:11522: checking whether to build static libraries
configure:11526: result: no
configure:11576: checking for gcc option to accept ISO C99
configure:11725: gcc  -c -g -O2  conftest.c >&5
configure:11725: $? = 0
configure:11738: result: none needed
configure:11757: checking whether __clang__ is declared
configure:11757: gcc -c -g -O2  conftest.c >&5
conftest.c: In function 'main':
conftest.c:63:10: error: '__clang__' undeclared (first use in this function); did you mean '__clock_t'?
   (void) __clang__;
          ^~~~~~~~~
          __clock_t
conftest.c:63:10: note: each undeclared identifier is reported only once for each function it appears in
configure:11757: $? = 1
configure: failed program was:
| /* confdefs.h */
| #define PACKAGE_NAME "libXtst"
| #define PACKAGE_TARNAME "libXtst"
| #define PACKAGE_VERSION "1.2.3"
| #define PACKAGE_STRING "libXtst 1.2.3"
| #define PACKAGE_BUGREPORT "https://bugs.freedesktop.org/enter_bug.cgi?product=xorg"
| #define PACKAGE_URL ""
| #define PACKAGE "libXtst"
| #define VERSION "1.2.3"
| #define STDC_HEADERS 1
| #define HAVE_SYS_TYPES_H 1
| #define HAVE_SYS_STAT_H 1
| #define HAVE_STDLIB_H 1
| #define HAVE_STRING_H 1
| #define HAVE_MEMORY_H 1
| #define HAVE_STRINGS_H 1
| #define HAVE_INTTYPES_H 1
| #define HAVE_STDINT_H 1
| #define HAVE_UNISTD_H 1
| #define HAVE_DLFCN_H 1
| #define LT_OBJDIR ".libs/"
| /* end confdefs.h.  */
| #include <stdio.h>
| #ifdef HAVE_SYS_TYPES_H
| # include <sys/types.h>
| #endif
| #ifdef HAVE_SYS_STAT_H
| # include <sys/stat.h>
| #endif
| #ifdef STDC_HEADERS
| # include <stdlib.h>
| # include <stddef.h>
| #else
| # ifdef HAVE_STDLIB_H
| #  include <stdlib.h>
| # endif
| #endif
| #ifdef HAVE_STRING_H
| # if !defined STDC_HEADERS && defined HAVE_MEMORY_H
| #  include <memory.h>
| # endif
| # include <string.h>
| #endif
| #ifdef HAVE_STRINGS_H
| # include <strings.h>
| #endif
| #ifdef HAVE_INTTYPES_H
| # include <inttypes.h>
| #endif
| #ifdef HAVE_STDINT_H
| # include <stdint.h>
| #endif
| #ifdef HAVE_UNISTD_H
| # include <unistd.h>
| #endif
| int
| main ()
| {
| #ifndef __clang__
| #ifdef __cplusplus
|   (void) __clang__;
| #else
|   (void) __clang__;
| #endif
| #endif
| 
|   ;
|   return 0;
| }
configure:11757: result: no
configure:11764: checking whether __INTEL_COMPILER is declared
configure:11764: gcc -c -g -O2  conftest.c >&5
conftest.c: In function 'main':
conftest.c:63:10: error: '__INTEL_COMPILER' undeclared (first use in this function); did you mean '__BYTE_ORDER'?
   (void) __INTEL_COMPILER;
          ^~~~~~~~~~~~~~~~
          __BYTE_ORDER
conftest.c:63:10: note: each undeclared identifier is reported only once for each function it appears in
configure:11764: $? = 1
configure: failed program was:
| /* confdefs.h */
| #define PACKAGE_NAME "libXtst"
| #define PACKAGE_TARNAME "libXtst"
| #define PACKAGE_VERSION "1.2.3"
| #define PACKAGE_STRING "libXtst 1.2.3"
| #define PACKAGE_BUGREPORT "https://bugs.freedesktop.org/enter_bug.cgi?product=xorg"
| #define PACKAGE_URL ""
| #define PACKAGE "libXtst"
| #define VERSION "1.2.3"
| #define STDC_HEADERS 1
| #define HAVE_SYS_TYPES_H 1
| #define HAVE_SYS_STAT_H 1
| #define HAVE_STDLIB_H 1
| #define HAVE_STRING_H 1
| #define HAVE_MEMORY_H 1
| #define HAVE_STRINGS_H 1
| #define HAVE_INTTYPES_H 1
| #define HAVE_STDINT_H 1
| #define HAVE_UNISTD_H 1
| #define HAVE_DLFCN_H 1
| #define LT_OBJDIR ".libs/"
| /* end confdefs.h.  */
| #include <stdio.h>
| #ifdef HAVE_SYS_TYPES_H
| # include <sys/types.h>
| #endif
| #ifdef HAVE_SYS_STAT_H
| # include <sys/stat.h>
| #endif
| #ifdef STDC_HEADERS
| # include <stdlib.h>
| # include <stddef.h>
| #else
| # ifdef HAVE_STDLIB_H
| #  include <stdlib.h>
| # endif
| #endif
| #ifdef HAVE_STRING_H
| # if !defined STDC_HEADERS && defined HAVE_MEMORY_H
| #  include <memory.h>
| # endif
| # include <string.h>
| #endif
| #ifdef HAVE_STRINGS_H
| # include <strings.h>
| #endif
| #ifdef HAVE_INTTYPES_H
| # include <inttypes.h>
| #endif
| #ifdef HAVE_STDINT_H
| # include <stdint.h>
| #endif
| #ifdef HAVE_UNISTD_H
| # include <unistd.h>
| #endif
| int
| main ()
| {
| #ifndef __INTEL_COMPILER
| #ifdef __cplusplus
|   (void) __INTEL_COMPILER;
| #else
|   (void) __INTEL_COMPILER;
| #endif
| #endif
| 
|   ;
|   return 0;
| }
configure:11764: result: no
configure:11771: checking whether __SUNPRO_C is declared
configure:11771: gcc -c -g -O2  conftest.c >&5
conftest.c: In function 'main':
conftest.c:63:10: error: '__SUNPRO_C' undeclared (first use in this function); did you mean '__INT8_C'?
   (void) __SUNPRO_C;
          ^~~~~~~~~~
          __INT8_C
conftest.c:63:10: note: each undeclared identifier is reported only once for each function it appears in
configure:11771: $? = 1
configure: failed program was:
| /* confdefs.h */
| #define PACKAGE_NAME "libXtst"
| #define PACKAGE_TARNAME "libXtst"
| #define PACKAGE_VERSION "1.2.3"
| #define PACKAGE_STRING "libXtst 1.2.3"
| #define PACKAGE_BUGREPORT "https://bugs.freedesktop.org/enter_bug.cgi?product=xorg"
| #define PACKAGE_URL ""
| #define PACKAGE "libXtst"
| #define VERSION "1.2.3"
| #define STDC_HEADERS 1
| #define HAVE_SYS_TYPES_H 1
| #define HAVE_SYS_STAT_H 1
| #define HAVE_STDLIB_H 1
| #define HAVE_STRING_H 1
| #define HAVE_MEMORY_H 1
| #define HAVE_STRINGS_H 1
| #define HAVE_INTTYPES_H 1
| #define HAVE_STDINT_H 1
| #define HAVE_UNISTD_H 1
| #define HAVE_DLFCN_H 1
| #define LT_OBJDIR ".libs/"
| /* end confdefs.h.  */
| #include <stdio.h>
| #ifdef HAVE_SYS_TYPES_H
| # include <sys/types.h>
| #endif
| #ifdef HAVE_SYS_STAT_H
| # include <sys/stat.h>
| #endif
| #ifdef STDC_HEADERS
| # include <stdlib.h>
| # include <stddef.h>
| #else
| # ifdef HAVE_STDLIB_H
| #  include <stdlib.h>
| # endif
| #endif
| #ifdef HAVE_STRING_H
| # if !defined STDC_HEADERS && defined HAVE_MEMORY_H
| #  include <memory.h>
| # endif
| # include <string.h>
| #endif
| #ifdef HAVE_STRINGS_H
| # include <strings.h>
| #endif
| #ifdef HAVE_INTTYPES_H
| # include <inttypes.h>
| #endif
| #ifdef HAVE_STDINT_H
| # include <stdint.h>
| #endif
| #ifdef HAVE_UNISTD_H
| # include <unistd.h>
| #endif
| int
| main ()
| {
| #ifndef __SUNPRO_C
| #ifdef __cplusplus
|   (void) __SUNPRO_C;
| #else
|   (void) __SUNPRO_C;
| #endif
| #endif
| 
|   ;
|   return 0;
| }
configure:11771: result: no
configure:11833: checking for pkg-config
configure:11851: found /usr/bin/pkg-config
configure:11863: result: /usr/bin/pkg-config
configure:11888: checking pkg-config is at least version 0.9.0
configure:11891: result: yes
configure:11940: checking if gcc supports -Werror=unknown-warning-option
configure:11949: gcc -c -g -O2 -Werror=unknown-warning-option  conftest.c >&5
cc1: error: -Werror=unknown-warning-option: no option -Wunknown-warning-option
configure:11949: $? = 1
configure: failed program was:
| /* confdefs.h */
| #define PACKAGE_NAME "libXtst"
| #define PACKAGE_TARNAME "libXtst"
| #define PACKAGE_VERSION "1.2.3"
| #define PACKAGE_STRING "libXtst 1.2.3"
| #define PACKAGE_BUGREPORT "https://bugs.freedesktop.org/enter_bug.cgi?product=xorg"
| #define PACKAGE_URL ""
| #define PACKAGE "libXtst"
| #define VERSION "1.2.3"
| #define STDC_HEADERS 1
| #define HAVE_SYS_TYPES_H 1
| #define HAVE_SYS_STAT_H 1
| #define HAVE_STDLIB_H 1
| #define HAVE_STRING_H 1
| #define HAVE_MEMORY_H 1
| #define HAVE_STRINGS_H 1
| #define HAVE_INTTYPES_H 1
| #define HAVE_STDINT_H 1
| #define HAVE_UNISTD_H 1
| #define HAVE_DLFCN_H 1
| #define LT_OBJDIR ".libs/"
| /* end confdefs.h.  */
| int i;
configure:11956: result: no
configure:11967: checking if gcc supports -Werror=unused-command-line-argument
configure:11976: gcc -c -g -O2 -Werror=unused-command-line-argument  conftest.c >&5
cc1: error: -Werror=unused-command-line-argument: no option -Wunused-command-line-argument
configure:11976: $? = 1
configure: failed program was:
| /* confdefs.h */
| #define PACKAGE_NAME "libXtst"
| #define PACKAGE_TARNAME "libXtst"
| #define PACKAGE_VERSION "1.2.3"
| #define PACKAGE_STRING "libXtst 1.2.3"
| #define PACKAGE_BUGREPORT "https://bugs.freedesktop.org/enter_bug.cgi?product=xorg"
| #define PACKAGE_URL ""
| #define PACKAGE "libXtst"
| #define VERSION "1.2.3"
| #define STDC_HEADERS 1
| #define HAVE_SYS_TYPES_H 1
| #define HAVE_SYS_STAT_H 1
| #define HAVE_STDLIB_H 1
| #define HAVE_STRING_H 1
| #define HAVE_MEMORY_H 1
| #define HAVE_STRINGS_H 1
| #define HAVE_INTTYPES_H 1
| #define HAVE_STDINT_H 1
| #define HAVE_UNISTD_H 1
| #define HAVE_DLFCN_H 1
| #define LT_OBJDIR ".libs/"
| /* end confdefs.h.  */
| int i;
configure:11983: result: no
configure:12002: checking if gcc supports -Wall
configure:12019: gcc -o conftest -g -O2 -Wall   conftest.c  >&5
configure:12019: $? = 0
configure:12032: result: yes
configure:12120: checking if gcc supports -Wpointer-arith
configure:12137: gcc -o conftest -g -O2 -Wpointer-arith   conftest.c  >&5
configure:12137: $? = 0
configure:12150: result: yes
configure:12238: checking if gcc supports -Wmissing-declarations
configure:12255: gcc -o conftest -g -O2 -Wmissing-declarations   conftest.c  >&5
configure:12255: $? = 0
configure:12268: result: yes
configure:12356: checking if gcc supports -Wformat=2
configure:12373: gcc -o conftest -g -O2 -Wformat=2   conftest.c  >&5
configure:12373: $? = 0
configure:12386: result: yes
configure:12525: checking if gcc supports -Wstrict-prototypes
configure:12542: gcc -o conftest -g -O2 -Wstrict-prototypes   conftest.c  >&5
conftest.c:25:1: warning: function declaration isn't a prototype [-Wstrict-prototypes]
 main ()
 ^~~~
configure:12542: $? = 0
configure:12555: result: yes
configure:12643: checking if gcc supports -Wmissing-prototypes
configure:12660: gcc -o conftest -g -O2 -Wmissing-prototypes   conftest.c  >&5
configure:12660: $? = 0
configure:12673: result: yes
configure:12761: checking if gcc supports -Wnested-externs
configure:12778: gcc -o conftest -g -O2 -Wnested-externs   conftest.c  >&5
configure:12778: $? = 0
configure:12791: result: yes
configure:12879: checking if gcc supports -Wbad-function-cast
configure:12896: gcc -o conftest -g -O2 -Wbad-function-cast   conftest.c  >&5
configure:12896: $? = 0
configure:12909: result: yes
configure:12997: checking if gcc supports -Wold-style-definition
configure:13014: gcc -o conftest -g -O2 -Wold-style-definition   conftest.c  >&5
conftest.c: In function 'main':
conftest.c:25:1: warning: old-style function definition [-Wold-style-definition]
 main ()
 ^~~~
configure:13014: $? = 0
configure:13027: result: yes
configure:13164: checking if gcc supports -Wdeclaration-after-statement
configure:13181: gcc -o conftest -g -O2 -Wdeclaration-after-statement   conftest.c  >&5
configure:13181: $? = 0
configure:13194: result: yes
configure:13286: checking if gcc supports -Wunused
configure:13303: gcc -o conftest -g -O2 -Wunused   conftest.c  >&5
configure:13303: $? = 0
configure:13316: result: yes
configure:13404: checking if gcc supports -Wuninitialized
configure:13421: gcc -o conftest -g -O2 -Wuninitialized   conftest.c  >&5
configure:13421: $? = 0
configure:13434: result: yes
configure:13522: checking if gcc supports -Wshadow
configure:13539: gcc -o conftest -g -O2 -Wshadow   conftest.c  >&5
configure:13539: $? = 0
configure:13552: result: yes
configure:13640: checking if gcc supports -Wmissing-noreturn
configure:13657: gcc -o conftest -g -O2 -Wmissing-noreturn   conftest.c  >&5
configure:13657: $? = 0
configure:13670: result: yes
configure:13758: checking if gcc supports -Wmissing-format-attribute
configure:13775: gcc -o conftest -g -O2 -Wmissing-format-attribute   conftest.c  >&5
configure:13775: $? = 0
configure:13788: result: yes
configure:13876: checking if gcc supports -Wredundant-decls
configure:13893: gcc -o conftest -g -O2 -Wredundant-decls   conftest.c  >&5
configure:13893: $? = 0
configure:13906: result: yes
configure:13994: checking if gcc supports -Wlogical-op
configure:14011: gcc -o conftest -g -O2 -Wlogical-op   conftest.c  >&5
configure:14011: $? = 0
configure:14024: result: yes
configure:14124: checking if gcc supports -Werror=implicit
configure:14141: gcc -o conftest -g -O2 -Werror=implicit   conftest.c  >&5
configure:14141: $? = 0
configure:14154: result: yes
configure:14291: checking if gcc supports -Werror=nonnull
configure:14308: gcc -o conftest -g -O2 -Werror=nonnull   conftest.c  >&5
configure:14308: $? = 0
configure:14321: result: yes
configure:14409: checking if gcc supports -Werror=init-self
configure:14426: gcc -o conftest -g -O2 -Werror=init-self   conftest.c  >&5
configure:14426: $? = 0
configure:14439: result: yes
configure:14527: checking if gcc supports -Werror=main
configure:14544: gcc -o conftest -g -O2 -Werror=main   conftest.c  >&5
configure:14544: $? = 0
configure:14557: result: yes
configure:14645: checking if gcc supports -Werror=missing-braces
configure:14662: gcc -o conftest -g -O2 -Werror=missing-braces   conftest.c  >&5
configure:14662: $? = 0
configure:14675: result: yes
configure:14763: checking if gcc supports -Werror=sequence-point
configure:14780: gcc -o conftest -g -O2 -Werror=sequence-point   conftest.c  >&5
configure:14780: $? = 0
configure:14793: result: yes
configure:14881: checking if gcc supports -Werror=return-type
configure:14898: gcc -o conftest -g -O2 -Werror=return-type   conftest.c  >&5
configure:14898: $? = 0
configure:14911: result: yes
configure:15048: checking if gcc supports -Werror=trigraphs
configure:15065: gcc -o conftest -g -O2 -Werror=trigraphs   conftest.c  >&5
configure:15065: $? = 0
configure:15078: result: yes
configure:15166: checking if gcc supports -Werror=array-bounds
configure:15183: gcc -o conftest -g -O2 -Werror=array-bounds   conftest.c  >&5
configure:15183: $? = 0
configure:15196: result: yes
configure:15284: checking if gcc supports -Werror=write-strings
configure:15301: gcc -o conftest -g -O2 -Werror=write-strings   conftest.c  >&5
configure:15301: $? = 0
configure:15314: result: yes
configure:15402: checking if gcc supports -Werror=address
configure:15419: gcc -o conftest -g -O2 -Werror=address   conftest.c  >&5
configure:15419: $? = 0
configure:15432: result: yes
configure:15520: checking if gcc supports -Werror=int-to-pointer-cast
configure:15537: gcc -o conftest -g -O2 -Werror=int-to-pointer-cast   conftest.c  >&5
configure:15537: $? = 0
configure:15550: result: yes
configure:15687: checking if gcc supports -Werror=pointer-to-int-cast
configure:15704: gcc -o conftest -g -O2 -Werror=pointer-to-int-cast   conftest.c  >&5
configure:15704: $? = 0
configure:15717: result: yes
configure:17375: checking if gcc supports -pedantic
configure:17392: gcc -o conftest -g -O2 -pedantic   conftest.c  >&5
configure:17392: $? = 0
configure:17405: result: yes
configure:17493: checking if gcc supports -Werror
configure:17510: gcc -o conftest -g -O2 -Werror   conftest.c  >&5
configure:17510: $? = 0
configure:17523: result: yes
configure:17663: checking if gcc supports -Werror=attributes
configure:17680: gcc -o conftest -g -O2 -Werror=attributes   conftest.c  >&5
configure:17680: $? = 0
configure:17693: result: yes
configure:17857: checking whether make supports nested variables
configure:17874: result: yes
configure:17904: checking whether to build functional specifications
configure:17906: result: yes
configure:17925: checking for xmlto
configure:17943: found /usr/bin/xmlto
configure:17955: result: /usr/bin/xmlto
configure:18028: checking the xmlto version
configure:18031: result: 0.0.28
configure:18074: WARNING: xmlto cannot generate text format, this format skipped
configure:18113: checking for fop
configure:18146: result: no
configure:18152: WARNING: fop not found - documentation targets will be skipped
configure:18242: checking for xsltproc
configure:18260: found /usr/bin/xsltproc
configure:18272: result: /usr/bin/xsltproc
configure:18352: checking for X.Org SGML entities >= 1.8
configure:18356: $PKG_CONFIG --exists --print-errors "xorg-sgml-doctools >= 1.8"
Package xorg-sgml-doctools was not found in the pkg-config search path.
Perhaps you should add the directory containing `xorg-sgml-doctools.pc'
to the PKG_CONFIG_PATH environment variable
No package 'xorg-sgml-doctools' found
configure:18359: $? = 1
configure:18375: result: no
configure:18395: checking for XTST
configure:18402: $PKG_CONFIG --exists --print-errors "x11 >= 1.6 xext >= 1.0.99.4 xi recordproto >= 1.13.99.1 xextproto >= 7.0.99.3 inputproto"
configure:18405: $? = 0
configure:18419: $PKG_CONFIG --exists --print-errors "x11 >= 1.6 xext >= 1.0.99.4 xi recordproto >= 1.13.99.1 xextproto >= 7.0.99.3 inputproto"
configure:18422: $? = 0
configure:18480: result: yes
configure:18741: checking that generated files are newer than configure
configure:18747: result: done
configure:18806: creating ./config.status

## ---------------------- ##
## Running config.status. ##
## ---------------------- ##

This file was extended by libXtst config.status 1.2.3, which was
generated by GNU Autoconf 2.69.  Invocation command line was

  CONFIG_FILES    = 
  CONFIG_HEADERS  = 
  CONFIG_LINKS    = 
  CONFIG_COMMANDS = 
  $ ./config.status 

on localhost.localdomain

config.status:1149: creating Makefile
config.status:1149: creating man/Makefile
config.status:1149: creating src/Makefile
config.status:1149: creating specs/Makefile
config.status:1149: creating xtst.pc
config.status:1149: creating config.h
config.status:1378: executing depfiles commands
config.status:1378: executing libtool commands

## ---------------- ##
## Cache variables. ##
## ---------------- ##

ac_cv_build=x86_64-unknown-linux-gnu
ac_cv_c_compiler_gnu=yes
ac_cv_env_CC_set=
ac_cv_env_CC_value=
ac_cv_env_CFLAGS_set=
ac_cv_env_CFLAGS_value=
ac_cv_env_CPPFLAGS_set=
ac_cv_env_CPPFLAGS_value=
ac_cv_env_CPP_set=
ac_cv_env_CPP_value=
ac_cv_env_FOP_set=
ac_cv_env_FOP_value=
ac_cv_env_LDFLAGS_set=
ac_cv_env_LDFLAGS_value=
ac_cv_env_LIBS_set=
ac_cv_env_LIBS_value=
ac_cv_env_LINT_FLAGS_set=
ac_cv_env_LINT_FLAGS_value=
ac_cv_env_LINT_set=
ac_cv_env_LINT_value=
ac_cv_env_PKG_CONFIG_LIBDIR_set=
ac_cv_env_PKG_CONFIG_LIBDIR_value=
ac_cv_env_PKG_CONFIG_PATH_set=
ac_cv_env_PKG_CONFIG_PATH_value=
ac_cv_env_PKG_CONFIG_set=
ac_cv_env_PKG_CONFIG_value=
ac_cv_env_XMLTO_set=
ac_cv_env_XMLTO_value=
ac_cv_env_XSLTPROC_set=
ac_cv_env_XSLTPROC_value=
ac_cv_env_XTST_CFLAGS_set=
ac_cv_env_XTST_CFLAGS_value=
ac_cv_env_XTST_LIBS_set=
ac_cv_env_XTST_LIBS_value=
ac_cv_env_build_alias_set=
ac_cv_env_build_alias_value=
ac_cv_env_host_alias_set=
ac_cv_env_host_alias_value=
ac_cv_env_target_alias_set=
ac_cv_env_target_alias_value=
ac_cv_have_decl___INTEL_COMPILER=no
ac_cv_have_decl___SUNPRO_C=no
ac_cv_have_decl___clang__=no
ac_cv_header_dlfcn_h=yes
ac_cv_header_inttypes_h=yes
ac_cv_header_memory_h=yes
ac_cv_header_stdc=yes
ac_cv_header_stdint_h=yes
ac_cv_header_stdlib_h=yes
ac_cv_header_string_h=yes
ac_cv_header_strings_h=yes
ac_cv_header_sys_stat_h=yes
ac_cv_header_sys_types_h=yes
ac_cv_header_unistd_h=yes
ac_cv_host=x86_64-unknown-linux-gnu
ac_cv_objext=o
ac_cv_path_EGREP='/usr/bin/grep -E'
ac_cv_path_FGREP='/usr/bin/grep -F'
ac_cv_path_GREP=/usr/bin/grep
ac_cv_path_SED=/bin/sed
ac_cv_path_XMLTO=/usr/bin/xmlto
ac_cv_path_XSLTPROC=/usr/bin/xsltproc
ac_cv_path_ac_pt_PKG_CONFIG=/usr/bin/pkg-config
ac_cv_path_install='/usr/bin/install -c'
ac_cv_path_mkdir=/bin/mkdir
ac_cv_prog_AWK=gawk
ac_cv_prog_CPP='gcc -E'
ac_cv_prog_ac_ct_AR=ar
ac_cv_prog_ac_ct_CC=gcc
ac_cv_prog_ac_ct_MANIFEST_TOOL=mt
ac_cv_prog_ac_ct_OBJDUMP=objdump
ac_cv_prog_ac_ct_RANLIB=ranlib
ac_cv_prog_ac_ct_STRIP=strip
ac_cv_prog_cc_c89=
ac_cv_prog_cc_c99=
ac_cv_prog_cc_g=yes
ac_cv_prog_make_make_set=yes
am_cv_CC_dependencies_compiler_type=gcc3
am_cv_make_support_nested_variables=yes
am_cv_prog_cc_c_o=yes
lt_cv_ar_at_file=@
lt_cv_archive_cmds_need_lc=no
lt_cv_deplibs_check_method=pass_all
lt_cv_file_magic_cmd='$MAGIC_CMD'
lt_cv_file_magic_test_file=
lt_cv_ld_reload_flag=-r
lt_cv_nm_interface='BSD nm'
lt_cv_objdir=.libs
lt_cv_path_LD=/usr/bin/ld
lt_cv_path_NM='/usr/bin/nm -B'
lt_cv_path_mainfest_tool=no
lt_cv_prog_compiler_c_o=yes
lt_cv_prog_compiler_pic='-fPIC -DPIC'
lt_cv_prog_compiler_pic_works=yes
lt_cv_prog_compiler_rtti_exceptions=no
lt_cv_prog_compiler_static_works=yes
lt_cv_prog_gnu_ld=yes
lt_cv_sharedlib_from_linklib_cmd='printf %s\n'
lt_cv_shlibpath_overrides_runpath=no
lt_cv_sys_global_symbol_pipe='sed -n -e '\''s/^.*[	 ]\([ABCDGIRSTW][ABCDGIRSTW]*\)[	 ][	 ]*\([_A-Za-z][_A-Za-z0-9]*\)$/\1 \2 \2/p'\'' | sed '\''/ __gnu_lto/d'\'''
lt_cv_sys_global_symbol_to_c_name_address='sed -n -e '\''s/^: \([^ ]*\)[ ]*$/  {\"\1\", (void *) 0},/p'\'' -e '\''s/^[ABCDGIRSTW]* \([^ ]*\) \([^ ]*\)$/  {"\2", (void *) \&\2},/p'\'''
lt_cv_sys_global_symbol_to_c_name_address_lib_prefix='sed -n -e '\''s/^: \([^ ]*\)[ ]*$/  {\"\1\", (void *) 0},/p'\'' -e '\''s/^[ABCDGIRSTW]* \([^ ]*\) \(lib[^ ]*\)$/  {"\2", (void *) \&\2},/p'\'' -e '\''s/^[ABCDGIRSTW]* \([^ ]*\) \([^ ]*\)$/  {"lib\2", (void *) \&\2},/p'\'''
lt_cv_sys_global_symbol_to_cdecl='sed -n -e '\''s/^T .* \(.*\)$/extern int \1();/p'\'' -e '\''s/^[ABCDGIRSTW]* .* \(.*\)$/extern char \1;/p'\'''
lt_cv_sys_max_cmd_len=1572864
lt_cv_to_host_file_cmd=func_convert_file_noop
lt_cv_to_tool_file_cmd=func_convert_file_noop
pkg_cv_XTST_CFLAGS=
pkg_cv_XTST_LIBS='-lX11 -lXext -lXi'
xorg_cv_cc_flag__Wall=yes
xorg_cv_cc_flag__Wbad_function_cast=yes
xorg_cv_cc_flag__Wdeclaration_after_statement=yes
xorg_cv_cc_flag__Werror=yes
xorg_cv_cc_flag__Werror_address=yes
xorg_cv_cc_flag__Werror_array_bounds=yes
xorg_cv_cc_flag__Werror_attributes=yes
xorg_cv_cc_flag__Werror_implicit=yes
xorg_cv_cc_flag__Werror_init_self=yes
xorg_cv_cc_flag__Werror_int_to_pointer_cast=yes
xorg_cv_cc_flag__Werror_main=yes
xorg_cv_cc_flag__Werror_missing_braces=yes
xorg_cv_cc_flag__Werror_nonnull=yes
xorg_cv_cc_flag__Werror_pointer_to_int_cast=yes
xorg_cv_cc_flag__Werror_return_type=yes
xorg_cv_cc_flag__Werror_sequence_point=yes
xorg_cv_cc_flag__Werror_trigraphs=yes
xorg_cv_cc_flag__Werror_write_strings=yes
xorg_cv_cc_flag__Wformat_2=yes
xorg_cv_cc_flag__Wlogical_op=yes
xorg_cv_cc_flag__Wmissing_declarations=yes
xorg_cv_cc_flag__Wmissing_format_attribute=yes
xorg_cv_cc_flag__Wmissing_noreturn=yes
xorg_cv_cc_flag__Wmissing_prototypes=yes
xorg_cv_cc_flag__Wnested_externs=yes
xorg_cv_cc_flag__Wold_style_definition=yes
xorg_cv_cc_flag__Wpointer_arith=yes
xorg_cv_cc_flag__Wredundant_decls=yes
xorg_cv_cc_flag__Wshadow=yes
xorg_cv_cc_flag__Wstrict_prototypes=yes
xorg_cv_cc_flag__Wuninitialized=yes
xorg_cv_cc_flag__Wunused=yes
xorg_cv_cc_flag__pedantic=yes
xorg_cv_cc_flag_unknown_warning_option=no
xorg_cv_cc_flag_unused_command_line_argument=no

## ----------------- ##
## Output variables. ##
## ----------------- ##

ACLOCAL='${SHELL} /lfskernel/sources/boot/X11/libs/libXtst-1.2.3/missing aclocal-1.14'
ADMIN_MAN_DIR='$(mandir)/man$(ADMIN_MAN_SUFFIX)'
ADMIN_MAN_SUFFIX='8'
AMDEPBACKSLASH='\'
AMDEP_FALSE='#'
AMDEP_TRUE=''
AMTAR='$${TAR-tar}'
AM_BACKSLASH='\'
AM_DEFAULT_V='$(AM_DEFAULT_VERBOSITY)'
AM_DEFAULT_VERBOSITY='0'
AM_V='$(V)'
APP_MAN_DIR='$(mandir)/man$(APP_MAN_SUFFIX)'
APP_MAN_SUFFIX='1'
AR='ar'
AUTOCONF='${SHELL} /lfskernel/sources/boot/X11/libs/libXtst-1.2.3/missing autoconf'
AUTOHEADER='${SHELL} /lfskernel/sources/boot/X11/libs/libXtst-1.2.3/missing autoheader'
AUTOMAKE='${SHELL} /lfskernel/sources/boot/X11/libs/libXtst-1.2.3/missing automake-1.14'
AWK='gawk'
BASE_CFLAGS=' -Wall -Wpointer-arith -Wmissing-declarations -Wformat=2 -Wstrict-prototypes -Wmissing-prototypes -Wnested-externs -Wbad-function-cast -Wold-style-definition -Wdeclaration-after-statement -Wunused -Wuninitialized -Wshadow -Wmissing-noreturn -Wmissing-format-attribute -Wredundant-decls -Wlogical-op -Werror=implicit -Werror=nonnull -Werror=init-self -Werror=main -Werror=missing-braces -Werror=sequence-point -Werror=return-type -Werror=trigraphs -Werror=array-bounds -Werror=write-strings -Werror=address -Werror=int-to-pointer-cast -Werror=pointer-to-int-cast'
CC='gcc'
CCDEPMODE='depmode=gcc3'
CFLAGS='-g -O2'
CHANGELOG_CMD='(GIT_DIR=$(top_srcdir)/.git git log > $(top_srcdir)/.changelog.tmp && mv $(top_srcdir)/.changelog.tmp $(top_srcdir)/ChangeLog) || (rm -f $(top_srcdir)/.changelog.tmp; touch $(top_srcdir)/ChangeLog; echo '\''git directory not found: installing possibly empty changelog.'\'' >&2)'
CPP='gcc -E'
CPPFLAGS=''
CWARNFLAGS=' -Wall -Wpointer-arith -Wmissing-declarations -Wformat=2 -Wstrict-prototypes -Wmissing-prototypes -Wnested-externs -Wbad-function-cast -Wold-style-definition -Wdeclaration-after-statement -Wunused -Wuninitialized -Wshadow -Wmissing-noreturn -Wmissing-format-attribute -Wredundant-decls -Wlogical-op -Werror=implicit -Werror=nonnull -Werror=init-self -Werror=main -Werror=missing-braces -Werror=sequence-point -Werror=return-type -Werror=trigraphs -Werror=array-bounds -Werror=write-strings -Werror=address -Werror=int-to-pointer-cast -Werror=pointer-to-int-cast -fno-strict-aliasing'
CYGPATH_W='echo'
DEFS='-DHAVE_CONFIG_H'
DEPDIR='.deps'
DLLTOOL='false'
DRIVER_MAN_DIR='$(mandir)/man$(DRIVER_MAN_SUFFIX)'
DRIVER_MAN_SUFFIX='4'
DSYMUTIL=''
DUMPBIN=''
ECHO_C=''
ECHO_N='-n'
ECHO_T=''
EGREP='/usr/bin/grep -E'
ENABLE_SPECS_FALSE='#'
ENABLE_SPECS_TRUE=''
EXEEXT=''
FGREP='/usr/bin/grep -F'
FILE_MAN_DIR='$(mandir)/man$(FILE_MAN_SUFFIX)'
FILE_MAN_SUFFIX='5'
FOP=''
GREP='/usr/bin/grep'
HAVE_FOP_FALSE=''
HAVE_FOP_TRUE='#'
HAVE_STYLESHEETS_FALSE=''
HAVE_STYLESHEETS_TRUE='#'
HAVE_XMLTO_FALSE='#'
HAVE_XMLTO_TEXT_FALSE=''
HAVE_XMLTO_TEXT_TRUE='#'
HAVE_XMLTO_TRUE=''
HAVE_XSLTPROC_FALSE='#'
HAVE_XSLTPROC_TRUE=''
INSTALL_CMD='(cp -f /usr/share/util-macros/INSTALL $(top_srcdir)/.INSTALL.tmp && mv $(top_srcdir)/.INSTALL.tmp $(top_srcdir)/INSTALL) || (rm -f $(top_srcdir)/.INSTALL.tmp; touch $(top_srcdir)/INSTALL; echo '\''util-macros "pkgdatadir" from xorg-macros.pc not found: installing possibly empty INSTALL.'\'' >&2)'
INSTALL_DATA='${INSTALL} -m 644'
INSTALL_MANPAGES_FALSE='#'
INSTALL_MANPAGES_TRUE=''
INSTALL_PROGRAM='${INSTALL}'
INSTALL_SCRIPT='${INSTALL}'
INSTALL_STRIP_PROGRAM='$(install_sh) -c -s'
LD='/usr/bin/ld -m elf_x86_64'
LDFLAGS=''
LIBOBJS=''
LIBS=''
LIBTOOL='$(SHELL) $(top_builddir)/libtool'
LIB_MAN_DIR='$(mandir)/man$(LIB_MAN_SUFFIX)'
LIB_MAN_SUFFIX='3'
LINT=''
LINTLIB=''
LINT_FALSE=''
LINT_FLAGS='-badflag '
LINT_TRUE='#'
LIPO=''
LN_S='ln -s'
LTLIBOBJS=''
MAKEINFO='${SHELL} /lfskernel/sources/boot/X11/libs/libXtst-1.2.3/missing makeinfo'
MAKE_LINT_LIB_FALSE=''
MAKE_LINT_LIB_TRUE='#'
MANIFEST_TOOL=':'
MAN_SUBSTS='	-e '\''s|__vendorversion__|"$(PACKAGE_STRING)" "$(XORG_MAN_PAGE)"|'\'' 	-e '\''s|__xorgversion__|"$(PACKAGE_STRING)" "$(XORG_MAN_PAGE)"|'\'' 	-e '\''s|__xservername__|Xorg|g'\'' 	-e '\''s|__xconfigfile__|xorg.conf|g'\'' 	-e '\''s|__projectroot__|$(prefix)|g'\'' 	-e '\''s|__apploaddir__|$(appdefaultdir)|g'\'' 	-e '\''s|__appmansuffix__|$(APP_MAN_SUFFIX)|g'\'' 	-e '\''s|__drivermansuffix__|$(DRIVER_MAN_SUFFIX)|g'\'' 	-e '\''s|__adminmansuffix__|$(ADMIN_MAN_SUFFIX)|g'\'' 	-e '\''s|__libmansuffix__|$(LIB_MAN_SUFFIX)|g'\'' 	-e '\''s|__miscmansuffix__|$(MISC_MAN_SUFFIX)|g'\'' 	-e '\''s|__filemansuffix__|$(FILE_MAN_SUFFIX)|g'\'''
MISC_MAN_DIR='$(mandir)/man$(MISC_MAN_SUFFIX)'
MISC_MAN_SUFFIX='7'
MKDIR_P='/bin/mkdir -p'
NM='/usr/bin/nm -B'
NMEDIT=''
OBJDUMP='objdump'
OBJEXT='o'
OTOOL64=''
OTOOL=''
PACKAGE='libXtst'
PACKAGE_BUGREPORT='https://bugs.freedesktop.org/enter_bug.cgi?product=xorg'
PACKAGE_NAME='libXtst'
PACKAGE_STRING='libXtst 1.2.3'
PACKAGE_TARNAME='libXtst'
PACKAGE_URL=''
PACKAGE_VERSION='1.2.3'
PATH_SEPARATOR=':'
PKG_CONFIG='/usr/bin/pkg-config'
PKG_CONFIG_LIBDIR=''
PKG_CONFIG_PATH=''
RANLIB='ranlib'
SED='/bin/sed'
SET_MAKE=''
SHELL='/bin/sh'
STRICT_CFLAGS=' -pedantic -Werror -Werror=attributes'
STRIP='strip'
STYLESHEET_SRCDIR=''
VERSION='1.2.3'
XMLTO='/usr/bin/xmlto'
XORG_MAN_PAGE='X Version 11'
XORG_SGML_PATH=''
XSLTPROC='/usr/bin/xsltproc'
XSL_STYLESHEET=''
XTST_CFLAGS=''
XTST_LIBS='-lX11 -lXext -lXi'
ac_ct_AR='ar'
ac_ct_CC='gcc'
ac_ct_DUMPBIN=''
am__EXEEXT_FALSE=''
am__EXEEXT_TRUE='#'
am__fastdepCC_FALSE='#'
am__fastdepCC_TRUE=''
am__include='include'
am__isrc=''
am__leading_dot='.'
am__nodep='_no'
am__quote=''
am__tar='$${TAR-tar} chof - "$$tardir"'
am__untar='$${TAR-tar} xf -'
bindir='${exec_prefix}/bin'
build='x86_64-unknown-linux-gnu'
build_alias=''
build_cpu='x86_64'
build_os='linux-gnu'
build_vendor='unknown'
datadir='${datarootdir}'
datarootdir='${prefix}/share'
docdir='${datarootdir}/doc/${PACKAGE_TARNAME}'
dvidir='${docdir}'
exec_prefix='${prefix}'
host='x86_64-unknown-linux-gnu'
host_alias=''
host_cpu='x86_64'
host_os='linux-gnu'
host_vendor='unknown'
htmldir='${docdir}'
includedir='${prefix}/include'
infodir='${datarootdir}/info'
install_sh='${SHELL} /lfskernel/sources/boot/X11/libs/libXtst-1.2.3/install-sh'
libdir='${exec_prefix}/lib'
libexecdir='${exec_prefix}/libexec'
localedir='${datarootdir}/locale'
localstatedir='/var'
mandir='${datarootdir}/man'
mkdir_p='$(MKDIR_P)'
oldincludedir='/usr/include'
pdfdir='${docdir}'
prefix='/usr'
program_transform_name='s,x,x,'
psdir='${docdir}'
sbindir='${exec_prefix}/sbin'
sharedstatedir='${prefix}/com'
sysconfdir='/etc'
target_alias=''

## ----------- ##
## confdefs.h. ##
## ----------- ##

/* confdefs.h */
#define PACKAGE_NAME "libXtst"
#define PACKAGE_TARNAME "libXtst"
#define PACKAGE_VERSION "1.2.3"
#define PACKAGE_STRING "libXtst 1.2.3"
#define PACKAGE_BUGREPORT "https://bugs.freedesktop.org/enter_bug.cgi?product=xorg"
#define PACKAGE_URL ""
#define PACKAGE "libXtst"
#define VERSION "1.2.3"
#define STDC_HEADERS 1
#define HAVE_SYS_TYPES_H 1
#define HAVE_SYS_STAT_H 1
#define HAVE_STDLIB_H 1
#define HAVE_STRING_H 1
#define HAVE_MEMORY_H 1
#define HAVE_STRINGS_H 1
#define HAVE_INTTYPES_H 1
#define HAVE_STDINT_H 1
#define HAVE_UNISTD_H 1
#define HAVE_DLFCN_H 1
#define LT_OBJDIR ".libs/"
#define PACKAGE_VERSION_MAJOR 1
#define PACKAGE_VERSION_MINOR 2
#define PACKAGE_VERSION_PATCHLEVEL 3

configure: exit 0
