This file contains any messages produced by compilers while
running configure, to aid debugging if configure makes a mistake.

It was created by libXau configure 1.0.8, which was
generated by GNU Autoconf 2.68.  Invocation command line was

  $ ./configure --prefix=/usr --prefix=/usr --sysconfdir=/etc --localstatedir=/var --disable-static

## --------- ##
## Platform. ##
## --------- ##

hostname = localhost.localdomain
uname -m = x86_64
uname -r = 3.10.0-693.11.1.el7.x86_64
uname -s = Linux
uname -v = #1 SMP Mon Dec 4 23:52:40 UTC 2017

/usr/bin/uname -p = unknown
/bin/uname -X     = unknown

/bin/arch              = x86_64
/usr/bin/arch -k       = unknown
/usr/convex/getsysinfo = unknown
/usr/bin/hostinfo      = unknown
/bin/machine           = unknown
/usr/bin/oslevel       = unknown
/bin/universe          = unknown

PATH: /bin
PATH: /usr/bin
PATH: /sbin
PATH: /usr/sbin


## ----------- ##
## Core tests. ##
## ----------- ##

configure:2340: checking for gcc
configure:2356: found /usr/bin/gcc
configure:2367: result: gcc
configure:2596: checking for C compiler version
configure:2605: gcc --version >&5
gcc (GCC) 7.2.0
Copyright (C) 2017 Free Software Foundation, Inc.
This is free software; see the source for copying conditions.  There is NO
warranty; not even for MERCHANTABILITY or FITNESS FOR A PARTICULAR PURPOSE.

configure:2616: $? = 0
configure:2605: gcc -v >&5
Using built-in specs.
COLLECT_GCC=gcc
COLLECT_LTO_WRAPPER=/usr/libexec/gcc/x86_64-pc-linux-gnu/7.2.0/lto-wrapper
Target: x86_64-pc-linux-gnu
Configured with: ../configure --prefix=/usr --enable-languages=c,c++ --disable-multilib --disable-bootstrap --with-system-zlib
Thread model: posix
gcc version 7.2.0 (GCC) 
configure:2616: $? = 0
configure:2605: gcc -V >&5
gcc: error: unrecognized command line option '-V'
gcc: fatal error: no input files
compilation terminated.
configure:2616: $? = 1
configure:2605: gcc -qversion >&5
gcc: error: unrecognized command line option '-qversion'; did you mean '--version'?
gcc: fatal error: no input files
compilation terminated.
configure:2616: $? = 1
configure:2636: checking whether the C compiler works
configure:2658: gcc    conftest.c  >&5
configure:2662: $? = 0
configure:2710: result: yes
configure:2713: checking for C compiler default output file name
configure:2715: result: a.out
configure:2721: checking for suffix of executables
configure:2728: gcc -o conftest    conftest.c  >&5
configure:2732: $? = 0
configure:2754: result: 
configure:2776: checking whether we are cross compiling
configure:2784: gcc -o conftest    conftest.c  >&5
configure:2788: $? = 0
configure:2795: ./conftest
configure:2799: $? = 0
configure:2814: result: no
configure:2819: checking for suffix of object files
configure:2841: gcc -c   conftest.c >&5
configure:2845: $? = 0
configure:2866: result: o
configure:2870: checking whether we are using the GNU C compiler
configure:2889: gcc -c   conftest.c >&5
configure:2889: $? = 0
configure:2898: result: yes
configure:2907: checking whether gcc accepts -g
configure:2927: gcc -c -g  conftest.c >&5
configure:2927: $? = 0
configure:2968: result: yes
configure:2985: checking for gcc option to accept ISO C89
configure:3049: gcc  -c -g -O2  conftest.c >&5
configure:3049: $? = 0
configure:3062: result: none needed
configure:3088: checking how to run the C preprocessor
configure:3119: gcc -E  conftest.c
configure:3119: $? = 0
configure:3133: gcc -E  conftest.c
conftest.c:9:10: fatal error: ac_nonexistent.h: No such file or directory
 #include <ac_nonexistent.h>
          ^~~~~~~~~~~~~~~~~~
compilation terminated.
configure:3133: $? = 1
configure: failed program was:
| /* confdefs.h */
| #define PACKAGE_NAME "libXau"
| #define PACKAGE_TARNAME "libXau"
| #define PACKAGE_VERSION "1.0.8"
| #define PACKAGE_STRING "libXau 1.0.8"
| #define PACKAGE_BUGREPORT "https://bugs.freedesktop.org/enter_bug.cgi?product=xorg"
| #define PACKAGE_URL ""
| /* end confdefs.h.  */
| #include <ac_nonexistent.h>
configure:3158: result: gcc -E
configure:3178: gcc -E  conftest.c
configure:3178: $? = 0
configure:3192: gcc -E  conftest.c
conftest.c:9:10: fatal error: ac_nonexistent.h: No such file or directory
 #include <ac_nonexistent.h>
          ^~~~~~~~~~~~~~~~~~
compilation terminated.
configure:3192: $? = 1
configure: failed program was:
| /* confdefs.h */
| #define PACKAGE_NAME "libXau"
| #define PACKAGE_TARNAME "libXau"
| #define PACKAGE_VERSION "1.0.8"
| #define PACKAGE_STRING "libXau 1.0.8"
| #define PACKAGE_BUGREPORT "https://bugs.freedesktop.org/enter_bug.cgi?product=xorg"
| #define PACKAGE_URL ""
| /* end confdefs.h.  */
| #include <ac_nonexistent.h>
configure:3221: checking for grep that handles long lines and -e
configure:3279: result: /usr/bin/grep
configure:3284: checking for egrep
configure:3346: result: /usr/bin/grep -E
configure:3351: checking for ANSI C header files
configure:3371: gcc -c -g -O2  conftest.c >&5
configure:3371: $? = 0
configure:3444: gcc -o conftest -g -O2   conftest.c  >&5
configure:3444: $? = 0
configure:3444: ./conftest
configure:3444: $? = 0
configure:3455: result: yes
configure:3468: checking for sys/types.h
configure:3468: gcc -c -g -O2  conftest.c >&5
configure:3468: $? = 0
configure:3468: result: yes
configure:3468: checking for sys/stat.h
configure:3468: gcc -c -g -O2  conftest.c >&5
configure:3468: $? = 0
configure:3468: result: yes
configure:3468: checking for stdlib.h
configure:3468: gcc -c -g -O2  conftest.c >&5
configure:3468: $? = 0
configure:3468: result: yes
configure:3468: checking for string.h
configure:3468: gcc -c -g -O2  conftest.c >&5
configure:3468: $? = 0
configure:3468: result: yes
configure:3468: checking for memory.h
configure:3468: gcc -c -g -O2  conftest.c >&5
configure:3468: $? = 0
configure:3468: result: yes
configure:3468: checking for strings.h
configure:3468: gcc -c -g -O2  conftest.c >&5
configure:3468: $? = 0
configure:3468: result: yes
configure:3468: checking for inttypes.h
configure:3468: gcc -c -g -O2  conftest.c >&5
configure:3468: $? = 0
configure:3468: result: yes
configure:3468: checking for stdint.h
configure:3468: gcc -c -g -O2  conftest.c >&5
configure:3468: $? = 0
configure:3468: result: yes
configure:3468: checking for unistd.h
configure:3468: gcc -c -g -O2  conftest.c >&5
configure:3468: $? = 0
configure:3468: result: yes
configure:3481: checking minix/config.h usability
configure:3481: gcc -c -g -O2  conftest.c >&5
conftest.c:52:10: fatal error: minix/config.h: No such file or directory
 #include <minix/config.h>
          ^~~~~~~~~~~~~~~~
compilation terminated.
configure:3481: $? = 1
configure: failed program was:
| /* confdefs.h */
| #define PACKAGE_NAME "libXau"
| #define PACKAGE_TARNAME "libXau"
| #define PACKAGE_VERSION "1.0.8"
| #define PACKAGE_STRING "libXau 1.0.8"
| #define PACKAGE_BUGREPORT "https://bugs.freedesktop.org/enter_bug.cgi?product=xorg"
| #define PACKAGE_URL ""
| #define STDC_HEADERS 1
| #define HAVE_SYS_TYPES_H 1
| #define HAVE_SYS_STAT_H 1
| #define HAVE_STDLIB_H 1
| #define HAVE_STRING_H 1
| #define HAVE_MEMORY_H 1
| #define HAVE_STRINGS_H 1
| #define HAVE_INTTYPES_H 1
| #define HAVE_STDINT_H 1
| #define HAVE_UNISTD_H 1
| /* end confdefs.h.  */
| #include <stdio.h>
| #ifdef HAVE_SYS_TYPES_H
| # include <sys/types.h>
| #endif
| #ifdef HAVE_SYS_STAT_H
| # include <sys/stat.h>
| #endif
| #ifdef STDC_HEADERS
| # include <stdlib.h>
| # include <stddef.h>
| #else
| # ifdef HAVE_STDLIB_H
| #  include <stdlib.h>
| # endif
| #endif
| #ifdef HAVE_STRING_H
| # if !defined STDC_HEADERS && defined HAVE_MEMORY_H
| #  include <memory.h>
| # endif
| # include <string.h>
| #endif
| #ifdef HAVE_STRINGS_H
| # include <strings.h>
| #endif
| #ifdef HAVE_INTTYPES_H
| # include <inttypes.h>
| #endif
| #ifdef HAVE_STDINT_H
| # include <stdint.h>
| #endif
| #ifdef HAVE_UNISTD_H
| # include <unistd.h>
| #endif
| #include <minix/config.h>
configure:3481: result: no
configure:3481: checking minix/config.h presence
configure:3481: gcc -E  conftest.c
conftest.c:19:10: fatal error: minix/config.h: No such file or directory
 #include <minix/config.h>
          ^~~~~~~~~~~~~~~~
compilation terminated.
configure:3481: $? = 1
configure: failed program was:
| /* confdefs.h */
| #define PACKAGE_NAME "libXau"
| #define PACKAGE_TARNAME "libXau"
| #define PACKAGE_VERSION "1.0.8"
| #define PACKAGE_STRING "libXau 1.0.8"
| #define PACKAGE_BUGREPORT "https://bugs.freedesktop.org/enter_bug.cgi?product=xorg"
| #define PACKAGE_URL ""
| #define STDC_HEADERS 1
| #define HAVE_SYS_TYPES_H 1
| #define HAVE_SYS_STAT_H 1
| #define HAVE_STDLIB_H 1
| #define HAVE_STRING_H 1
| #define HAVE_MEMORY_H 1
| #define HAVE_STRINGS_H 1
| #define HAVE_INTTYPES_H 1
| #define HAVE_STDINT_H 1
| #define HAVE_UNISTD_H 1
| /* end confdefs.h.  */
| #include <minix/config.h>
configure:3481: result: no
configure:3481: checking for minix/config.h
configure:3481: result: no
configure:3502: checking whether it is safe to define __EXTENSIONS__
configure:3520: gcc -c -g -O2  conftest.c >&5
configure:3520: $? = 0
configure:3527: result: yes
configure:3588: checking for a BSD-compatible install
configure:3656: result: /usr/bin/install -c
configure:3667: checking whether build environment is sane
configure:3722: result: yes
configure:3873: checking for a thread-safe mkdir -p
configure:3912: result: /bin/mkdir -p
configure:3919: checking for gawk
configure:3935: found /usr/bin/gawk
configure:3946: result: gawk
configure:3957: checking whether make sets $(MAKE)
configure:3979: result: yes
configure:4009: checking for style of include used by make
configure:4037: result: GNU
configure:4071: checking whether make supports nested variables
configure:4088: result: yes
configure:4173: checking dependency style of gcc
configure:4284: result: gcc3
configure:4306: checking build system type
configure:4320: result: x86_64-unknown-linux-gnu
configure:4340: checking host system type
configure:4353: result: x86_64-unknown-linux-gnu
configure:4722: checking how to print strings
configure:4749: result: printf
configure:4770: checking for a sed that does not truncate output
configure:4834: result: /bin/sed
configure:4852: checking for fgrep
configure:4914: result: /usr/bin/grep -F
configure:4949: checking for ld used by gcc
configure:5016: result: /usr/bin/ld
configure:5023: checking if the linker (/usr/bin/ld) is GNU ld
configure:5038: result: yes
configure:5050: checking for BSD- or MS-compatible name lister (nm)
configure:5099: result: /usr/bin/nm -B
configure:5229: checking the name lister (/usr/bin/nm -B) interface
configure:5236: gcc -c -g -O2  conftest.c >&5
configure:5239: /usr/bin/nm -B "conftest.o"
configure:5242: output
0000000000000000 B some_variable
configure:5249: result: BSD nm
configure:5252: checking whether ln -s works
configure:5256: result: yes
configure:5264: checking the maximum length of command line arguments
configure:5394: result: 1572864
configure:5411: checking whether the shell understands some XSI constructs
configure:5421: result: yes
configure:5425: checking whether the shell understands "+="
configure:5431: result: yes
configure:5466: checking how to convert x86_64-unknown-linux-gnu file names to x86_64-unknown-linux-gnu format
configure:5506: result: func_convert_file_noop
configure:5513: checking how to convert x86_64-unknown-linux-gnu file names to toolchain format
configure:5533: result: func_convert_file_noop
configure:5540: checking for /usr/bin/ld option to reload object files
configure:5547: result: -r
configure:5621: checking for objdump
configure:5648: result: objdump
configure:5677: checking how to recognize dependent libraries
configure:5879: result: pass_all
configure:5964: checking for dlltool
configure:5991: result: dlltool
configure:6021: checking how to associate runtime and link libraries
configure:6048: result: printf %s\n
configure:6108: checking for ar
configure:6124: found /usr/bin/ar
configure:6135: result: ar
configure:6172: checking for archiver @FILE support
configure:6189: gcc -c -g -O2  conftest.c >&5
configure:6189: $? = 0
configure:6192: ar cru libconftest.a @conftest.lst >&5
configure:6195: $? = 0
configure:6200: ar cru libconftest.a @conftest.lst >&5
ar: conftest.o: No such file or directory
configure:6203: $? = 1
configure:6215: result: @
configure:6273: checking for strip
configure:6289: found /usr/bin/strip
configure:6300: result: strip
configure:6372: checking for ranlib
configure:6388: found /usr/bin/ranlib
configure:6399: result: ranlib
configure:6501: checking command to parse /usr/bin/nm -B output from gcc object
configure:6621: gcc -c -g -O2  conftest.c >&5
configure:6624: $? = 0
configure:6628: /usr/bin/nm -B conftest.o \| sed -n -e 's/^.*[ ]\([ABCDGIRSTW][ABCDGIRSTW]*\)[ ][ ]*\([_A-Za-z][_A-Za-z0-9]*\)$/\1 \2 \2/p' | sed '/ __gnu_lto/d' \> conftest.nm
configure:6631: $? = 0
configure:6697: gcc -o conftest -g -O2   conftest.c conftstm.o >&5
configure:6700: $? = 0
configure:6738: result: ok
configure:6775: checking for sysroot
configure:6805: result: no
configure:6882: gcc -c -g -O2  conftest.c >&5
configure:6885: $? = 0
configure:7061: checking for mt
configure:7077: found /bin/mt
configure:7088: result: mt
configure:7111: checking if mt is a manifest tool
configure:7117: mt '-?'
configure:7125: result: no
configure:7764: checking for dlfcn.h
configure:7764: gcc -c -g -O2  conftest.c >&5
configure:7764: $? = 0
configure:7764: result: yes
configure:7968: checking for objdir
configure:7983: result: .libs
configure:8250: checking if gcc supports -fno-rtti -fno-exceptions
configure:8268: gcc -c -g -O2  -fno-rtti -fno-exceptions conftest.c >&5
cc1: warning: command line option '-fno-rtti' is valid for C++/ObjC++ but not for C
configure:8272: $? = 0
configure:8285: result: no
configure:8612: checking for gcc option to produce PIC
configure:8619: result: -fPIC -DPIC
configure:8627: checking if gcc PIC flag -fPIC -DPIC works
configure:8645: gcc -c -g -O2  -fPIC -DPIC -DPIC conftest.c >&5
configure:8649: $? = 0
configure:8662: result: yes
configure:8691: checking if gcc static flag -static works
configure:8719: result: yes
configure:8734: checking if gcc supports -c -o file.o
configure:8755: gcc -c -g -O2  -o out/conftest2.o conftest.c >&5
configure:8759: $? = 0
configure:8781: result: yes
configure:8789: checking if gcc supports -c -o file.o
configure:8836: result: yes
configure:8869: checking whether the gcc linker (/usr/bin/ld -m elf_x86_64) supports shared libraries
configure:10022: result: yes
configure:10059: checking whether -lc should be explicitly linked in
configure:10067: gcc -c -g -O2  conftest.c >&5
configure:10070: $? = 0
configure:10085: gcc -shared  -fPIC -DPIC conftest.o  -v -Wl,-soname -Wl,conftest -o conftest 2\>\&1 \| /usr/bin/grep  -lc  \>/dev/null 2\>\&1
configure:10088: $? = 0
configure:10102: result: no
configure:10262: checking dynamic linker characteristics
configure:10773: gcc -o conftest -g -O2   -Wl,-rpath -Wl,/foo conftest.c  >&5
configure:10773: $? = 0
configure:10995: result: GNU/Linux ld.so
configure:11102: checking how to hardcode library paths into programs
configure:11127: result: immediate
configure:11667: checking whether stripping libraries is possible
configure:11672: result: yes
configure:11707: checking if libtool supports shared libraries
configure:11709: result: yes
configure:11712: checking whether to build shared libraries
configure:11733: result: yes
configure:11736: checking whether to build static libraries
configure:11740: result: no
configure:11790: checking for gcc option to accept ISO C99
configure:11939: gcc  -c -g -O2  conftest.c >&5
configure:11939: $? = 0
configure:11952: result: none needed
configure:11971: checking whether __clang__ is declared
configure:11971: gcc -c -g -O2  conftest.c >&5
conftest.c: In function 'main':
conftest.c:68:10: error: '__clang__' undeclared (first use in this function); did you mean '__clock_t'?
   (void) __clang__;
          ^~~~~~~~~
          __clock_t
conftest.c:68:10: note: each undeclared identifier is reported only once for each function it appears in
configure:11971: $? = 1
configure: failed program was:
| /* confdefs.h */
| #define PACKAGE_NAME "libXau"
| #define PACKAGE_TARNAME "libXau"
| #define PACKAGE_VERSION "1.0.8"
| #define PACKAGE_STRING "libXau 1.0.8"
| #define PACKAGE_BUGREPORT "https://bugs.freedesktop.org/enter_bug.cgi?product=xorg"
| #define PACKAGE_URL ""
| #define STDC_HEADERS 1
| #define HAVE_SYS_TYPES_H 1
| #define HAVE_SYS_STAT_H 1
| #define HAVE_STDLIB_H 1
| #define HAVE_STRING_H 1
| #define HAVE_MEMORY_H 1
| #define HAVE_STRINGS_H 1
| #define HAVE_INTTYPES_H 1
| #define HAVE_STDINT_H 1
| #define HAVE_UNISTD_H 1
| #define __EXTENSIONS__ 1
| #define _ALL_SOURCE 1
| #define _GNU_SOURCE 1
| #define _POSIX_PTHREAD_SEMANTICS 1
| #define _TANDEM_SOURCE 1
| #define PACKAGE "libXau"
| #define VERSION "1.0.8"
| #define HAVE_DLFCN_H 1
| #define LT_OBJDIR ".libs/"
| /* end confdefs.h.  */
| #include <stdio.h>
| #ifdef HAVE_SYS_TYPES_H
| # include <sys/types.h>
| #endif
| #ifdef HAVE_SYS_STAT_H
| # include <sys/stat.h>
| #endif
| #ifdef STDC_HEADERS
| # include <stdlib.h>
| # include <stddef.h>
| #else
| # ifdef HAVE_STDLIB_H
| #  include <stdlib.h>
| # endif
| #endif
| #ifdef HAVE_STRING_H
| # if !defined STDC_HEADERS && defined HAVE_MEMORY_H
| #  include <memory.h>
| # endif
| # include <string.h>
| #endif
| #ifdef HAVE_STRINGS_H
| # include <strings.h>
| #endif
| #ifdef HAVE_INTTYPES_H
| # include <inttypes.h>
| #endif
| #ifdef HAVE_STDINT_H
| # include <stdint.h>
| #endif
| #ifdef HAVE_UNISTD_H
| # include <unistd.h>
| #endif
| int
| main ()
| {
| #ifndef __clang__
| #ifdef __cplusplus
|   (void) __clang__;
| #else
|   (void) __clang__;
| #endif
| #endif
| 
|   ;
|   return 0;
| }
configure:11971: result: no
configure:11978: checking whether __INTEL_COMPILER is declared
configure:11978: gcc -c -g -O2  conftest.c >&5
conftest.c: In function 'main':
conftest.c:68:10: error: '__INTEL_COMPILER' undeclared (first use in this function); did you mean '__BYTE_ORDER'?
   (void) __INTEL_COMPILER;
          ^~~~~~~~~~~~~~~~
          __BYTE_ORDER
conftest.c:68:10: note: each undeclared identifier is reported only once for each function it appears in
configure:11978: $? = 1
configure: failed program was:
| /* confdefs.h */
| #define PACKAGE_NAME "libXau"
| #define PACKAGE_TARNAME "libXau"
| #define PACKAGE_VERSION "1.0.8"
| #define PACKAGE_STRING "libXau 1.0.8"
| #define PACKAGE_BUGREPORT "https://bugs.freedesktop.org/enter_bug.cgi?product=xorg"
| #define PACKAGE_URL ""
| #define STDC_HEADERS 1
| #define HAVE_SYS_TYPES_H 1
| #define HAVE_SYS_STAT_H 1
| #define HAVE_STDLIB_H 1
| #define HAVE_STRING_H 1
| #define HAVE_MEMORY_H 1
| #define HAVE_STRINGS_H 1
| #define HAVE_INTTYPES_H 1
| #define HAVE_STDINT_H 1
| #define HAVE_UNISTD_H 1
| #define __EXTENSIONS__ 1
| #define _ALL_SOURCE 1
| #define _GNU_SOURCE 1
| #define _POSIX_PTHREAD_SEMANTICS 1
| #define _TANDEM_SOURCE 1
| #define PACKAGE "libXau"
| #define VERSION "1.0.8"
| #define HAVE_DLFCN_H 1
| #define LT_OBJDIR ".libs/"
| /* end confdefs.h.  */
| #include <stdio.h>
| #ifdef HAVE_SYS_TYPES_H
| # include <sys/types.h>
| #endif
| #ifdef HAVE_SYS_STAT_H
| # include <sys/stat.h>
| #endif
| #ifdef STDC_HEADERS
| # include <stdlib.h>
| # include <stddef.h>
| #else
| # ifdef HAVE_STDLIB_H
| #  include <stdlib.h>
| # endif
| #endif
| #ifdef HAVE_STRING_H
| # if !defined STDC_HEADERS && defined HAVE_MEMORY_H
| #  include <memory.h>
| # endif
| # include <string.h>
| #endif
| #ifdef HAVE_STRINGS_H
| # include <strings.h>
| #endif
| #ifdef HAVE_INTTYPES_H
| # include <inttypes.h>
| #endif
| #ifdef HAVE_STDINT_H
| # include <stdint.h>
| #endif
| #ifdef HAVE_UNISTD_H
| # include <unistd.h>
| #endif
| int
| main ()
| {
| #ifndef __INTEL_COMPILER
| #ifdef __cplusplus
|   (void) __INTEL_COMPILER;
| #else
|   (void) __INTEL_COMPILER;
| #endif
| #endif
| 
|   ;
|   return 0;
| }
configure:11978: result: no
configure:11985: checking whether __SUNPRO_C is declared
configure:11985: gcc -c -g -O2  conftest.c >&5
conftest.c: In function 'main':
conftest.c:68:10: error: '__SUNPRO_C' undeclared (first use in this function); did you mean '__INT8_C'?
   (void) __SUNPRO_C;
          ^~~~~~~~~~
          __INT8_C
conftest.c:68:10: note: each undeclared identifier is reported only once for each function it appears in
configure:11985: $? = 1
configure: failed program was:
| /* confdefs.h */
| #define PACKAGE_NAME "libXau"
| #define PACKAGE_TARNAME "libXau"
| #define PACKAGE_VERSION "1.0.8"
| #define PACKAGE_STRING "libXau 1.0.8"
| #define PACKAGE_BUGREPORT "https://bugs.freedesktop.org/enter_bug.cgi?product=xorg"
| #define PACKAGE_URL ""
| #define STDC_HEADERS 1
| #define HAVE_SYS_TYPES_H 1
| #define HAVE_SYS_STAT_H 1
| #define HAVE_STDLIB_H 1
| #define HAVE_STRING_H 1
| #define HAVE_MEMORY_H 1
| #define HAVE_STRINGS_H 1
| #define HAVE_INTTYPES_H 1
| #define HAVE_STDINT_H 1
| #define HAVE_UNISTD_H 1
| #define __EXTENSIONS__ 1
| #define _ALL_SOURCE 1
| #define _GNU_SOURCE 1
| #define _POSIX_PTHREAD_SEMANTICS 1
| #define _TANDEM_SOURCE 1
| #define PACKAGE "libXau"
| #define VERSION "1.0.8"
| #define HAVE_DLFCN_H 1
| #define LT_OBJDIR ".libs/"
| /* end confdefs.h.  */
| #include <stdio.h>
| #ifdef HAVE_SYS_TYPES_H
| # include <sys/types.h>
| #endif
| #ifdef HAVE_SYS_STAT_H
| # include <sys/stat.h>
| #endif
| #ifdef STDC_HEADERS
| # include <stdlib.h>
| # include <stddef.h>
| #else
| # ifdef HAVE_STDLIB_H
| #  include <stdlib.h>
| # endif
| #endif
| #ifdef HAVE_STRING_H
| # if !defined STDC_HEADERS && defined HAVE_MEMORY_H
| #  include <memory.h>
| # endif
| # include <string.h>
| #endif
| #ifdef HAVE_STRINGS_H
| # include <strings.h>
| #endif
| #ifdef HAVE_INTTYPES_H
| # include <inttypes.h>
| #endif
| #ifdef HAVE_STDINT_H
| # include <stdint.h>
| #endif
| #ifdef HAVE_UNISTD_H
| # include <unistd.h>
| #endif
| int
| main ()
| {
| #ifndef __SUNPRO_C
| #ifdef __cplusplus
|   (void) __SUNPRO_C;
| #else
|   (void) __SUNPRO_C;
| #endif
| #endif
| 
|   ;
|   return 0;
| }
configure:11985: result: no
configure:12042: checking for pkg-config
configure:12060: found /usr/bin/pkg-config
configure:12072: result: /usr/bin/pkg-config
configure:12097: checking pkg-config is at least version 0.9.0
configure:12100: result: yes
configure:12150: checking if gcc supports -Werror=unknown-warning-option
configure:12159: gcc -c -g -O2 -Werror=unknown-warning-option  conftest.c >&5
cc1: error: -Werror=unknown-warning-option: no option -Wunknown-warning-option
configure:12159: $? = 1
configure: failed program was:
| /* confdefs.h */
| #define PACKAGE_NAME "libXau"
| #define PACKAGE_TARNAME "libXau"
| #define PACKAGE_VERSION "1.0.8"
| #define PACKAGE_STRING "libXau 1.0.8"
| #define PACKAGE_BUGREPORT "https://bugs.freedesktop.org/enter_bug.cgi?product=xorg"
| #define PACKAGE_URL ""
| #define STDC_HEADERS 1
| #define HAVE_SYS_TYPES_H 1
| #define HAVE_SYS_STAT_H 1
| #define HAVE_STDLIB_H 1
| #define HAVE_STRING_H 1
| #define HAVE_MEMORY_H 1
| #define HAVE_STRINGS_H 1
| #define HAVE_INTTYPES_H 1
| #define HAVE_STDINT_H 1
| #define HAVE_UNISTD_H 1
| #define __EXTENSIONS__ 1
| #define _ALL_SOURCE 1
| #define _GNU_SOURCE 1
| #define _POSIX_PTHREAD_SEMANTICS 1
| #define _TANDEM_SOURCE 1
| #define PACKAGE "libXau"
| #define VERSION "1.0.8"
| #define HAVE_DLFCN_H 1
| #define LT_OBJDIR ".libs/"
| /* end confdefs.h.  */
| int i;
configure:12166: result: no
configure:12177: checking if gcc supports -Werror=unused-command-line-argument
configure:12186: gcc -c -g -O2 -Werror=unused-command-line-argument  conftest.c >&5
cc1: error: -Werror=unused-command-line-argument: no option -Wunused-command-line-argument
configure:12186: $? = 1
configure: failed program was:
| /* confdefs.h */
| #define PACKAGE_NAME "libXau"
| #define PACKAGE_TARNAME "libXau"
| #define PACKAGE_VERSION "1.0.8"
| #define PACKAGE_STRING "libXau 1.0.8"
| #define PACKAGE_BUGREPORT "https://bugs.freedesktop.org/enter_bug.cgi?product=xorg"
| #define PACKAGE_URL ""
| #define STDC_HEADERS 1
| #define HAVE_SYS_TYPES_H 1
| #define HAVE_SYS_STAT_H 1
| #define HAVE_STDLIB_H 1
| #define HAVE_STRING_H 1
| #define HAVE_MEMORY_H 1
| #define HAVE_STRINGS_H 1
| #define HAVE_INTTYPES_H 1
| #define HAVE_STDINT_H 1
| #define HAVE_UNISTD_H 1
| #define __EXTENSIONS__ 1
| #define _ALL_SOURCE 1
| #define _GNU_SOURCE 1
| #define _POSIX_PTHREAD_SEMANTICS 1
| #define _TANDEM_SOURCE 1
| #define PACKAGE "libXau"
| #define VERSION "1.0.8"
| #define HAVE_DLFCN_H 1
| #define LT_OBJDIR ".libs/"
| /* end confdefs.h.  */
| int i;
configure:12193: result: no
configure:12212: checking if gcc supports -Wall
configure:12229: gcc -o conftest -g -O2 -Wall   conftest.c  >&5
configure:12229: $? = 0
configure:12242: result: yes
configure:12330: checking if gcc supports -Wpointer-arith
configure:12347: gcc -o conftest -g -O2 -Wpointer-arith   conftest.c  >&5
configure:12347: $? = 0
configure:12360: result: yes
configure:12448: checking if gcc supports -Wmissing-declarations
configure:12465: gcc -o conftest -g -O2 -Wmissing-declarations   conftest.c  >&5
configure:12465: $? = 0
configure:12478: result: yes
configure:12566: checking if gcc supports -Wformat=2
configure:12583: gcc -o conftest -g -O2 -Wformat=2   conftest.c  >&5
configure:12583: $? = 0
configure:12596: result: yes
configure:12735: checking if gcc supports -Wstrict-prototypes
configure:12752: gcc -o conftest -g -O2 -Wstrict-prototypes   conftest.c  >&5
conftest.c:30:1: warning: function declaration isn't a prototype [-Wstrict-prototypes]
 main ()
 ^~~~
configure:12752: $? = 0
configure:12765: result: yes
configure:12853: checking if gcc supports -Wmissing-prototypes
configure:12870: gcc -o conftest -g -O2 -Wmissing-prototypes   conftest.c  >&5
configure:12870: $? = 0
configure:12883: result: yes
configure:12971: checking if gcc supports -Wnested-externs
configure:12988: gcc -o conftest -g -O2 -Wnested-externs   conftest.c  >&5
configure:12988: $? = 0
configure:13001: result: yes
configure:13089: checking if gcc supports -Wbad-function-cast
configure:13106: gcc -o conftest -g -O2 -Wbad-function-cast   conftest.c  >&5
configure:13106: $? = 0
configure:13119: result: yes
configure:13207: checking if gcc supports -Wold-style-definition
configure:13224: gcc -o conftest -g -O2 -Wold-style-definition   conftest.c  >&5
conftest.c: In function 'main':
conftest.c:30:1: warning: old-style function definition [-Wold-style-definition]
 main ()
 ^~~~
configure:13224: $? = 0
configure:13237: result: yes
configure:13325: checking if gcc supports -Wdeclaration-after-statement
configure:13342: gcc -o conftest -g -O2 -Wdeclaration-after-statement   conftest.c  >&5
configure:13342: $? = 0
configure:13355: result: yes
configure:13447: checking if gcc supports -Wunused
configure:13464: gcc -o conftest -g -O2 -Wunused   conftest.c  >&5
configure:13464: $? = 0
configure:13477: result: yes
configure:13565: checking if gcc supports -Wuninitialized
configure:13582: gcc -o conftest -g -O2 -Wuninitialized   conftest.c  >&5
configure:13582: $? = 0
configure:13595: result: yes
configure:13683: checking if gcc supports -Wshadow
configure:13700: gcc -o conftest -g -O2 -Wshadow   conftest.c  >&5
configure:13700: $? = 0
configure:13713: result: yes
configure:13801: checking if gcc supports -Wcast-qual
configure:13818: gcc -o conftest -g -O2 -Wcast-qual   conftest.c  >&5
configure:13818: $? = 0
configure:13831: result: yes
configure:13919: checking if gcc supports -Wmissing-noreturn
configure:13936: gcc -o conftest -g -O2 -Wmissing-noreturn   conftest.c  >&5
configure:13936: $? = 0
configure:13949: result: yes
configure:14037: checking if gcc supports -Wmissing-format-attribute
configure:14054: gcc -o conftest -g -O2 -Wmissing-format-attribute   conftest.c  >&5
configure:14054: $? = 0
configure:14067: result: yes
configure:14155: checking if gcc supports -Wredundant-decls
configure:14172: gcc -o conftest -g -O2 -Wredundant-decls   conftest.c  >&5
configure:14172: $? = 0
configure:14185: result: yes
configure:14285: checking if gcc supports -Werror=implicit
configure:14302: gcc -o conftest -g -O2 -Werror=implicit   conftest.c  >&5
configure:14302: $? = 0
configure:14315: result: yes
configure:14452: checking if gcc supports -Werror=nonnull
configure:14469: gcc -o conftest -g -O2 -Werror=nonnull   conftest.c  >&5
configure:14469: $? = 0
configure:14482: result: yes
configure:14570: checking if gcc supports -Werror=init-self
configure:14587: gcc -o conftest -g -O2 -Werror=init-self   conftest.c  >&5
configure:14587: $? = 0
configure:14600: result: yes
configure:14688: checking if gcc supports -Werror=main
configure:14705: gcc -o conftest -g -O2 -Werror=main   conftest.c  >&5
configure:14705: $? = 0
configure:14718: result: yes
configure:14806: checking if gcc supports -Werror=missing-braces
configure:14823: gcc -o conftest -g -O2 -Werror=missing-braces   conftest.c  >&5
configure:14823: $? = 0
configure:14836: result: yes
configure:14924: checking if gcc supports -Werror=sequence-point
configure:14941: gcc -o conftest -g -O2 -Werror=sequence-point   conftest.c  >&5
configure:14941: $? = 0
configure:14954: result: yes
configure:15042: checking if gcc supports -Werror=return-type
configure:15059: gcc -o conftest -g -O2 -Werror=return-type   conftest.c  >&5
configure:15059: $? = 0
configure:15072: result: yes
configure:15209: checking if gcc supports -Werror=trigraphs
configure:15226: gcc -o conftest -g -O2 -Werror=trigraphs   conftest.c  >&5
configure:15226: $? = 0
configure:15239: result: yes
configure:15327: checking if gcc supports -Werror=array-bounds
configure:15344: gcc -o conftest -g -O2 -Werror=array-bounds   conftest.c  >&5
configure:15344: $? = 0
configure:15357: result: yes
configure:15445: checking if gcc supports -Werror=write-strings
configure:15462: gcc -o conftest -g -O2 -Werror=write-strings   conftest.c  >&5
configure:15462: $? = 0
configure:15475: result: yes
configure:15563: checking if gcc supports -Werror=address
configure:15580: gcc -o conftest -g -O2 -Werror=address   conftest.c  >&5
configure:15580: $? = 0
configure:15593: result: yes
configure:15681: checking if gcc supports -Werror=int-to-pointer-cast
configure:15698: gcc -o conftest -g -O2 -Werror=int-to-pointer-cast   conftest.c  >&5
configure:15698: $? = 0
configure:15711: result: yes
configure:15848: checking if gcc supports -Werror=pointer-to-int-cast
configure:15865: gcc -o conftest -g -O2 -Werror=pointer-to-int-cast   conftest.c  >&5
configure:15865: $? = 0
configure:15878: result: yes
configure:17536: checking if gcc supports -pedantic
configure:17553: gcc -o conftest -g -O2 -pedantic   conftest.c  >&5
configure:17553: $? = 0
configure:17566: result: yes
configure:17654: checking if gcc supports -Werror
configure:17671: gcc -o conftest -g -O2 -Werror   conftest.c  >&5
configure:17671: $? = 0
configure:17684: result: yes
configure:17824: checking if gcc supports -Werror=attributes
configure:17841: gcc -o conftest -g -O2 -Werror=attributes   conftest.c  >&5
configure:17841: $? = 0
configure:17854: result: yes
configure:18014: checking whether make supports nested variables
configure:18031: result: yes
configure:18045: checking whether ln -s works
configure:18049: result: yes
configure:18060: checking for pathconf
configure:18060: gcc -o conftest -g -O2   conftest.c  >&5
configure:18060: $? = 0
configure:18060: result: yes
configure:18073: checking for XAU
configure:18080: $PKG_CONFIG --exists --print-errors "xproto"
configure:18083: $? = 0
configure:18096: $PKG_CONFIG --exists --print-errors "xproto"
configure:18099: $? = 0
configure:18153: result: yes
configure:18170: checking for gethostbyname_r in -lc
configure:18195: gcc -o conftest -g -O2   conftest.c -lc   >&5
configure:18195: $? = 0
configure:18204: result: yes
configure:18511: checking that generated files are newer than configure
configure:18517: result: done
configure:18548: creating ./config.status

## ---------------------- ##
## Running config.status. ##
## ---------------------- ##

This file was extended by libXau config.status 1.0.8, which was
generated by GNU Autoconf 2.68.  Invocation command line was

  CONFIG_FILES    = 
  CONFIG_HEADERS  = 
  CONFIG_LINKS    = 
  CONFIG_COMMANDS = 
  $ ./config.status 

on localhost.localdomain

config.status:1147: creating Makefile
config.status:1147: creating man/Makefile
config.status:1147: creating xau.pc
config.status:1147: creating config.h
config.status:1376: executing depfiles commands
config.status:1376: executing libtool commands

## ---------------- ##
## Cache variables. ##
## ---------------- ##

ac_cv_build=x86_64-unknown-linux-gnu
ac_cv_c_compiler_gnu=yes
ac_cv_env_CC_set=
ac_cv_env_CC_value=
ac_cv_env_CFLAGS_set=
ac_cv_env_CFLAGS_value=
ac_cv_env_CPPFLAGS_set=
ac_cv_env_CPPFLAGS_value=
ac_cv_env_CPP_set=
ac_cv_env_CPP_value=
ac_cv_env_LDFLAGS_set=
ac_cv_env_LDFLAGS_value=
ac_cv_env_LIBS_set=
ac_cv_env_LIBS_value=
ac_cv_env_LINT_FLAGS_set=
ac_cv_env_LINT_FLAGS_value=
ac_cv_env_LINT_set=
ac_cv_env_LINT_value=
ac_cv_env_PKG_CONFIG_set=
ac_cv_env_PKG_CONFIG_value=
ac_cv_env_XAU_CFLAGS_set=
ac_cv_env_XAU_CFLAGS_value=
ac_cv_env_XAU_LIBS_set=
ac_cv_env_XAU_LIBS_value=
ac_cv_env_build_alias_set=
ac_cv_env_build_alias_value=
ac_cv_env_host_alias_set=
ac_cv_env_host_alias_value=
ac_cv_env_target_alias_set=
ac_cv_env_target_alias_value=
ac_cv_func_pathconf=yes
ac_cv_have_decl___INTEL_COMPILER=no
ac_cv_have_decl___SUNPRO_C=no
ac_cv_have_decl___clang__=no
ac_cv_header_dlfcn_h=yes
ac_cv_header_inttypes_h=yes
ac_cv_header_memory_h=yes
ac_cv_header_minix_config_h=no
ac_cv_header_stdc=yes
ac_cv_header_stdint_h=yes
ac_cv_header_stdlib_h=yes
ac_cv_header_string_h=yes
ac_cv_header_strings_h=yes
ac_cv_header_sys_stat_h=yes
ac_cv_header_sys_types_h=yes
ac_cv_header_unistd_h=yes
ac_cv_host=x86_64-unknown-linux-gnu
ac_cv_lib_c_gethostbyname_r=yes
ac_cv_objext=o
ac_cv_path_EGREP='/usr/bin/grep -E'
ac_cv_path_FGREP='/usr/bin/grep -F'
ac_cv_path_GREP=/usr/bin/grep
ac_cv_path_SED=/bin/sed
ac_cv_path_ac_pt_PKG_CONFIG=/usr/bin/pkg-config
ac_cv_path_install='/usr/bin/install -c'
ac_cv_path_mkdir=/bin/mkdir
ac_cv_prog_AWK=gawk
ac_cv_prog_CPP='gcc -E'
ac_cv_prog_ac_ct_AR=ar
ac_cv_prog_ac_ct_CC=gcc
ac_cv_prog_ac_ct_DLLTOOL=dlltool
ac_cv_prog_ac_ct_MANIFEST_TOOL=mt
ac_cv_prog_ac_ct_OBJDUMP=objdump
ac_cv_prog_ac_ct_RANLIB=ranlib
ac_cv_prog_ac_ct_STRIP=strip
ac_cv_prog_cc_c89=
ac_cv_prog_cc_c99=
ac_cv_prog_cc_g=yes
ac_cv_prog_make_make_set=yes
ac_cv_safe_to_define___extensions__=yes
am_cv_CC_dependencies_compiler_type=gcc3
am_cv_make_support_nested_variables=yes
lt_cv_ar_at_file=@
lt_cv_archive_cmds_need_lc=no
lt_cv_deplibs_check_method=pass_all
lt_cv_file_magic_cmd='$MAGIC_CMD'
lt_cv_file_magic_test_file=
lt_cv_ld_reload_flag=-r
lt_cv_nm_interface='BSD nm'
lt_cv_objdir=.libs
lt_cv_path_LD=/usr/bin/ld
lt_cv_path_NM='/usr/bin/nm -B'
lt_cv_path_mainfest_tool=no
lt_cv_prog_compiler_c_o=yes
lt_cv_prog_compiler_pic='-fPIC -DPIC'
lt_cv_prog_compiler_pic_works=yes
lt_cv_prog_compiler_rtti_exceptions=no
lt_cv_prog_compiler_static_works=yes
lt_cv_prog_gnu_ld=yes
lt_cv_sharedlib_from_linklib_cmd='printf %s\n'
lt_cv_shlibpath_overrides_runpath=no
lt_cv_sys_global_symbol_pipe='sed -n -e '\''s/^.*[	 ]\([ABCDGIRSTW][ABCDGIRSTW]*\)[	 ][	 ]*\([_A-Za-z][_A-Za-z0-9]*\)$/\1 \2 \2/p'\'' | sed '\''/ __gnu_lto/d'\'''
lt_cv_sys_global_symbol_to_c_name_address='sed -n -e '\''s/^: \([^ ]*\)[ ]*$/  {\"\1\", (void *) 0},/p'\'' -e '\''s/^[ABCDGIRSTW]* \([^ ]*\) \([^ ]*\)$/  {"\2", (void *) \&\2},/p'\'''
lt_cv_sys_global_symbol_to_c_name_address_lib_prefix='sed -n -e '\''s/^: \([^ ]*\)[ ]*$/  {\"\1\", (void *) 0},/p'\'' -e '\''s/^[ABCDGIRSTW]* \([^ ]*\) \(lib[^ ]*\)$/  {"\2", (void *) \&\2},/p'\'' -e '\''s/^[ABCDGIRSTW]* \([^ ]*\) \([^ ]*\)$/  {"lib\2", (void *) \&\2},/p'\'''
lt_cv_sys_global_symbol_to_cdecl='sed -n -e '\''s/^T .* \(.*\)$/extern int \1();/p'\'' -e '\''s/^[ABCDGIRSTW]* .* \(.*\)$/extern char \1;/p'\'''
lt_cv_sys_max_cmd_len=1572864
lt_cv_to_host_file_cmd=func_convert_file_noop
lt_cv_to_tool_file_cmd=func_convert_file_noop
pkg_cv_XAU_CFLAGS=
pkg_cv_XAU_LIBS=
xorg_cv_cc_flag__Wall=yes
xorg_cv_cc_flag__Wbad_function_cast=yes
xorg_cv_cc_flag__Wcast_qual=yes
xorg_cv_cc_flag__Wdeclaration_after_statement=yes
xorg_cv_cc_flag__Werror=yes
xorg_cv_cc_flag__Werror_address=yes
xorg_cv_cc_flag__Werror_array_bounds=yes
xorg_cv_cc_flag__Werror_attributes=yes
xorg_cv_cc_flag__Werror_implicit=yes
xorg_cv_cc_flag__Werror_init_self=yes
xorg_cv_cc_flag__Werror_int_to_pointer_cast=yes
xorg_cv_cc_flag__Werror_main=yes
xorg_cv_cc_flag__Werror_missing_braces=yes
xorg_cv_cc_flag__Werror_nonnull=yes
xorg_cv_cc_flag__Werror_pointer_to_int_cast=yes
xorg_cv_cc_flag__Werror_return_type=yes
xorg_cv_cc_flag__Werror_sequence_point=yes
xorg_cv_cc_flag__Werror_trigraphs=yes
xorg_cv_cc_flag__Werror_write_strings=yes
xorg_cv_cc_flag__Wformat_2=yes
xorg_cv_cc_flag__Wmissing_declarations=yes
xorg_cv_cc_flag__Wmissing_format_attribute=yes
xorg_cv_cc_flag__Wmissing_noreturn=yes
xorg_cv_cc_flag__Wmissing_prototypes=yes
xorg_cv_cc_flag__Wnested_externs=yes
xorg_cv_cc_flag__Wold_style_definition=yes
xorg_cv_cc_flag__Wpointer_arith=yes
xorg_cv_cc_flag__Wredundant_decls=yes
xorg_cv_cc_flag__Wshadow=yes
xorg_cv_cc_flag__Wstrict_prototypes=yes
xorg_cv_cc_flag__Wuninitialized=yes
xorg_cv_cc_flag__Wunused=yes
xorg_cv_cc_flag__pedantic=yes
xorg_cv_cc_flag_unknown_warning_option=no
xorg_cv_cc_flag_unused_command_line_argument=no

## ----------------- ##
## Output variables. ##
## ----------------- ##

ACLOCAL='${SHELL} /sources/boot/libXau-1.0.8/missing aclocal-1.13'
ADMIN_MAN_DIR='$(mandir)/man$(ADMIN_MAN_SUFFIX)'
ADMIN_MAN_SUFFIX='8'
AMDEPBACKSLASH='\'
AMDEP_FALSE='#'
AMDEP_TRUE=''
AMTAR='$${TAR-tar}'
AM_BACKSLASH='\'
AM_DEFAULT_V='$(AM_DEFAULT_VERBOSITY)'
AM_DEFAULT_VERBOSITY='0'
AM_V='$(V)'
APP_MAN_DIR='$(mandir)/man$(APP_MAN_SUFFIX)'
APP_MAN_SUFFIX='1'
AR='ar'
AS='as'
AUTOCONF='${SHELL} /sources/boot/libXau-1.0.8/missing autoconf'
AUTOHEADER='${SHELL} /sources/boot/libXau-1.0.8/missing autoheader'
AUTOMAKE='${SHELL} /sources/boot/libXau-1.0.8/missing automake-1.13'
AWK='gawk'
BASE_CFLAGS=' -Wall -Wpointer-arith -Wmissing-declarations -Wformat=2 -Wstrict-prototypes -Wmissing-prototypes -Wnested-externs -Wbad-function-cast -Wold-style-definition -Wdeclaration-after-statement -Wunused -Wuninitialized -Wshadow -Wcast-qual -Wmissing-noreturn -Wmissing-format-attribute -Wredundant-decls -Werror=implicit -Werror=nonnull -Werror=init-self -Werror=main -Werror=missing-braces -Werror=sequence-point -Werror=return-type -Werror=trigraphs -Werror=array-bounds -Werror=write-strings -Werror=address -Werror=int-to-pointer-cast -Werror=pointer-to-int-cast'
CC='gcc'
CCDEPMODE='depmode=gcc3'
CFLAGS='-g -O2'
CHANGELOG_CMD='(GIT_DIR=$(top_srcdir)/.git git log > $(top_srcdir)/.changelog.tmp && mv $(top_srcdir)/.changelog.tmp $(top_srcdir)/ChangeLog) || (rm -f $(top_srcdir)/.changelog.tmp; touch $(top_srcdir)/ChangeLog; echo '\''git directory not found: installing possibly empty changelog.'\'' >&2)'
CPP='gcc -E'
CPPFLAGS=''
CWARNFLAGS=' -Wall -Wpointer-arith -Wmissing-declarations -Wformat=2 -Wstrict-prototypes -Wmissing-prototypes -Wnested-externs -Wbad-function-cast -Wold-style-definition -Wdeclaration-after-statement -Wunused -Wuninitialized -Wshadow -Wcast-qual -Wmissing-noreturn -Wmissing-format-attribute -Wredundant-decls -Werror=implicit -Werror=nonnull -Werror=init-self -Werror=main -Werror=missing-braces -Werror=sequence-point -Werror=return-type -Werror=trigraphs -Werror=array-bounds -Werror=write-strings -Werror=address -Werror=int-to-pointer-cast -Werror=pointer-to-int-cast -fno-strict-aliasing'
CYGPATH_W='echo'
DEFS='-DHAVE_CONFIG_H'
DEPDIR='.deps'
DLLTOOL='dlltool'
DRIVER_MAN_DIR='$(mandir)/man$(DRIVER_MAN_SUFFIX)'
DRIVER_MAN_SUFFIX='4'
DSYMUTIL=''
DUMPBIN=''
ECHO_C=''
ECHO_N='-n'
ECHO_T=''
EGREP='/usr/bin/grep -E'
EXEEXT=''
FGREP='/usr/bin/grep -F'
FILE_MAN_DIR='$(mandir)/man$(FILE_MAN_SUFFIX)'
FILE_MAN_SUFFIX='5'
GREP='/usr/bin/grep'
INSTALL_CMD='(cp -f /usr/share/util-macros/INSTALL $(top_srcdir)/.INSTALL.tmp && mv $(top_srcdir)/.INSTALL.tmp $(top_srcdir)/INSTALL) || (rm -f $(top_srcdir)/.INSTALL.tmp; touch $(top_srcdir)/INSTALL; echo '\''util-macros "pkgdatadir" from xorg-macros.pc not found: installing possibly empty INSTALL.'\'' >&2)'
INSTALL_DATA='${INSTALL} -m 644'
INSTALL_PROGRAM='${INSTALL}'
INSTALL_SCRIPT='${INSTALL}'
INSTALL_STRIP_PROGRAM='$(install_sh) -c -s'
LD='/usr/bin/ld -m elf_x86_64'
LDFLAGS=''
LIBOBJS=''
LIBS=''
LIBTOOL='$(SHELL) $(top_builddir)/libtool'
LIB_MAN_DIR='$(mandir)/man$(LIB_MAN_SUFFIX)'
LIB_MAN_SUFFIX='3'
LINT=''
LINTLIB=''
LINT_FALSE=''
LINT_FLAGS='-badflag  '
LINT_TRUE='#'
LIPO=''
LN_S='ln -s'
LTLIBOBJS=''
MAKEINFO='${SHELL} /sources/boot/libXau-1.0.8/missing makeinfo'
MAKE_LINT_LIB_FALSE=''
MAKE_LINT_LIB_TRUE='#'
MANIFEST_TOOL=':'
MAN_SUBSTS='	-e '\''s|__vendorversion__|"$(PACKAGE_STRING)" "$(XORG_MAN_PAGE)"|'\'' 	-e '\''s|__xorgversion__|"$(PACKAGE_STRING)" "$(XORG_MAN_PAGE)"|'\'' 	-e '\''s|__xservername__|Xorg|g'\'' 	-e '\''s|__xconfigfile__|xorg.conf|g'\'' 	-e '\''s|__projectroot__|$(prefix)|g'\'' 	-e '\''s|__apploaddir__|$(appdefaultdir)|g'\'' 	-e '\''s|__appmansuffix__|$(APP_MAN_SUFFIX)|g'\'' 	-e '\''s|__drivermansuffix__|$(DRIVER_MAN_SUFFIX)|g'\'' 	-e '\''s|__adminmansuffix__|$(ADMIN_MAN_SUFFIX)|g'\'' 	-e '\''s|__libmansuffix__|$(LIB_MAN_SUFFIX)|g'\'' 	-e '\''s|__miscmansuffix__|$(MISC_MAN_SUFFIX)|g'\'' 	-e '\''s|__filemansuffix__|$(FILE_MAN_SUFFIX)|g'\'''
MISC_MAN_DIR='$(mandir)/man$(MISC_MAN_SUFFIX)'
MISC_MAN_SUFFIX='7'
MKDIR_P='/bin/mkdir -p'
NM='/usr/bin/nm -B'
NMEDIT=''
OBJDUMP='objdump'
OBJEXT='o'
OTOOL64=''
OTOOL=''
PACKAGE='libXau'
PACKAGE_BUGREPORT='https://bugs.freedesktop.org/enter_bug.cgi?product=xorg'
PACKAGE_NAME='libXau'
PACKAGE_STRING='libXau 1.0.8'
PACKAGE_TARNAME='libXau'
PACKAGE_URL=''
PACKAGE_VERSION='1.0.8'
PATH_SEPARATOR=':'
PKG_CONFIG='/usr/bin/pkg-config'
RANLIB='ranlib'
SED='/bin/sed'
SET_MAKE=''
SHELL='/bin/sh'
STRICT_CFLAGS=' -pedantic -Werror -Werror=attributes'
STRIP='strip'
VERSION='1.0.8'
XAU_CFLAGS=' '
XAU_LIBS=''
XORG_MAN_PAGE='X Version 11'
ac_ct_AR='ar'
ac_ct_CC='gcc'
ac_ct_DUMPBIN=''
am__EXEEXT_FALSE=''
am__EXEEXT_TRUE='#'
am__fastdepCC_FALSE='#'
am__fastdepCC_TRUE=''
am__include='include'
am__isrc=''
am__leading_dot='.'
am__nodep='_no'
am__quote=''
am__tar='$${TAR-tar} chof - "$$tardir"'
am__untar='$${TAR-tar} xf -'
bindir='${exec_prefix}/bin'
build='x86_64-unknown-linux-gnu'
build_alias=''
build_cpu='x86_64'
build_os='linux-gnu'
build_vendor='unknown'
datadir='${datarootdir}'
datarootdir='${prefix}/share'
docdir='${datarootdir}/doc/${PACKAGE_TARNAME}'
dvidir='${docdir}'
exec_prefix='${prefix}'
host='x86_64-unknown-linux-gnu'
host_alias=''
host_cpu='x86_64'
host_os='linux-gnu'
host_vendor='unknown'
htmldir='${docdir}'
includedir='${prefix}/include'
infodir='${datarootdir}/info'
install_sh='${SHELL} /sources/boot/libXau-1.0.8/install-sh'
libdir='${exec_prefix}/lib'
libexecdir='${exec_prefix}/libexec'
localedir='${datarootdir}/locale'
localstatedir='/var'
mandir='${datarootdir}/man'
mkdir_p='$(MKDIR_P)'
oldincludedir='/usr/include'
pdfdir='${docdir}'
prefix='/usr'
program_transform_name='s,x,x,'
psdir='${docdir}'
sbindir='${exec_prefix}/sbin'
sharedstatedir='${prefix}/com'
sysconfdir='/etc'
target_alias=''

## ----------- ##
## confdefs.h. ##
## ----------- ##

/* confdefs.h */
#define PACKAGE_NAME "libXau"
#define PACKAGE_TARNAME "libXau"
#define PACKAGE_VERSION "1.0.8"
#define PACKAGE_STRING "libXau 1.0.8"
#define PACKAGE_BUGREPORT "https://bugs.freedesktop.org/enter_bug.cgi?product=xorg"
#define PACKAGE_URL ""
#define STDC_HEADERS 1
#define HAVE_SYS_TYPES_H 1
#define HAVE_SYS_STAT_H 1
#define HAVE_STDLIB_H 1
#define HAVE_STRING_H 1
#define HAVE_MEMORY_H 1
#define HAVE_STRINGS_H 1
#define HAVE_INTTYPES_H 1
#define HAVE_STDINT_H 1
#define HAVE_UNISTD_H 1
#define __EXTENSIONS__ 1
#define _ALL_SOURCE 1
#define _GNU_SOURCE 1
#define _POSIX_PTHREAD_SEMANTICS 1
#define _TANDEM_SOURCE 1
#define PACKAGE "libXau"
#define VERSION "1.0.8"
#define HAVE_DLFCN_H 1
#define LT_OBJDIR ".libs/"
#define PACKAGE_VERSION_MAJOR 1
#define PACKAGE_VERSION_MINOR 0
#define PACKAGE_VERSION_PATCHLEVEL 8
#define HAVE_PATHCONF 1
#define XTHREADS 1
#define XUSE_MTSAFE_API 1

configure: exit 0
