###############################
# Make libXfixes-5.0.3.tar.bz2 #
###############################
make  all-recursive
make[1]: Entering directory '/lfskernel/sources/boot/X11/libs/libXfixes-5.0.3'
Making all in src
make[2]: Entering directory '/lfskernel/sources/boot/X11/libs/libXfixes-5.0.3/src'
  CC       Cursor.lo
  CC       Region.lo
  CC       SaveSet.lo
  CC       Selection.lo
  CC       Xfixes.lo
  CCLD     libXfixes.la
make[2]: Leaving directory '/lfskernel/sources/boot/X11/libs/libXfixes-5.0.3/src'
Making all in man
make[2]: Entering directory '/lfskernel/sources/boot/X11/libs/libXfixes-5.0.3/man'
  GEN      Xfixes.3
make[2]: Leaving directory '/lfskernel/sources/boot/X11/libs/libXfixes-5.0.3/man'
make[2]: Entering directory '/lfskernel/sources/boot/X11/libs/libXfixes-5.0.3'
make[2]: Leaving directory '/lfskernel/sources/boot/X11/libs/libXfixes-5.0.3'
make[1]: Leaving directory '/lfskernel/sources/boot/X11/libs/libXfixes-5.0.3'
