This file contains any messages produced by compilers while
running configure, to aid debugging if configure makes a mistake.

It was created by libXpm configure 3.5.12, which was
generated by GNU Autoconf 2.69.  Invocation command line was

  $ ./configure --prefix=/usr --sysconfdir=/etc --localstatedir=/var --disable-static

## --------- ##
## Platform. ##
## --------- ##

hostname = localhost.localdomain
uname -m = x86_64
uname -r = 3.10.0-693.11.1.el7.x86_64
uname -s = Linux
uname -v = #1 SMP Mon Dec 4 23:52:40 UTC 2017

/usr/bin/uname -p = unknown
/bin/uname -X     = unknown

/bin/arch              = x86_64
/usr/bin/arch -k       = unknown
/usr/convex/getsysinfo = unknown
/usr/bin/hostinfo      = unknown
/bin/machine           = unknown
/usr/bin/oslevel       = unknown
/bin/universe          = unknown

PATH: /bin
PATH: /usr/bin
PATH: /sbin
PATH: /usr/sbin


## ----------- ##
## Core tests. ##
## ----------- ##

configure:2273: checking for a BSD-compatible install
configure:2341: result: /usr/bin/install -c
configure:2352: checking whether build environment is sane
configure:2407: result: yes
configure:2558: checking for a thread-safe mkdir -p
configure:2597: result: /bin/mkdir -p
configure:2604: checking for gawk
configure:2620: found /usr/bin/gawk
configure:2631: result: gawk
configure:2642: checking whether make sets $(MAKE)
configure:2664: result: yes
configure:2693: checking whether make supports nested variables
configure:2710: result: yes
configure:2866: checking build system type
configure:2880: result: x86_64-unknown-linux-gnu
configure:2900: checking host system type
configure:2913: result: x86_64-unknown-linux-gnu
configure:2954: checking how to print strings
configure:2981: result: printf
configure:3014: checking for style of include used by make
configure:3042: result: GNU
configure:3113: checking for gcc
configure:3129: found /usr/bin/gcc
configure:3140: result: gcc
configure:3369: checking for C compiler version
configure:3378: gcc --version >&5
gcc (GCC) 7.2.0
Copyright (C) 2017 Free Software Foundation, Inc.
This is free software; see the source for copying conditions.  There is NO
warranty; not even for MERCHANTABILITY or FITNESS FOR A PARTICULAR PURPOSE.

configure:3389: $? = 0
configure:3378: gcc -v >&5
Using built-in specs.
COLLECT_GCC=gcc
COLLECT_LTO_WRAPPER=/usr/libexec/gcc/x86_64-pc-linux-gnu/7.2.0/lto-wrapper
Target: x86_64-pc-linux-gnu
Configured with: ../configure --prefix=/usr --enable-languages=c,c++ --disable-multilib --disable-bootstrap --with-system-zlib
Thread model: posix
gcc version 7.2.0 (GCC) 
configure:3389: $? = 0
configure:3378: gcc -V >&5
gcc: error: unrecognized command line option '-V'
gcc: fatal error: no input files
compilation terminated.
configure:3389: $? = 1
configure:3378: gcc -qversion >&5
gcc: error: unrecognized command line option '-qversion'; did you mean '--version'?
gcc: fatal error: no input files
compilation terminated.
configure:3389: $? = 1
configure:3409: checking whether the C compiler works
configure:3431: gcc    conftest.c  >&5
configure:3435: $? = 0
configure:3483: result: yes
configure:3486: checking for C compiler default output file name
configure:3488: result: a.out
configure:3494: checking for suffix of executables
configure:3501: gcc -o conftest    conftest.c  >&5
configure:3505: $? = 0
configure:3527: result: 
configure:3549: checking whether we are cross compiling
configure:3557: gcc -o conftest    conftest.c  >&5
configure:3561: $? = 0
configure:3568: ./conftest
configure:3572: $? = 0
configure:3587: result: no
configure:3592: checking for suffix of object files
configure:3614: gcc -c   conftest.c >&5
configure:3618: $? = 0
configure:3639: result: o
configure:3643: checking whether we are using the GNU C compiler
configure:3662: gcc -c   conftest.c >&5
configure:3662: $? = 0
configure:3671: result: yes
configure:3680: checking whether gcc accepts -g
configure:3700: gcc -c -g  conftest.c >&5
configure:3700: $? = 0
configure:3741: result: yes
configure:3758: checking for gcc option to accept ISO C89
configure:3821: gcc  -c -g -O2  conftest.c >&5
configure:3821: $? = 0
configure:3834: result: none needed
configure:3859: checking whether gcc understands -c and -o together
configure:3881: gcc -c conftest.c -o conftest2.o
configure:3884: $? = 0
configure:3881: gcc -c conftest.c -o conftest2.o
configure:3884: $? = 0
configure:3896: result: yes
configure:3915: checking dependency style of gcc
configure:4026: result: gcc3
configure:4041: checking for a sed that does not truncate output
configure:4105: result: /bin/sed
configure:4123: checking for grep that handles long lines and -e
configure:4181: result: /usr/bin/grep
configure:4186: checking for egrep
configure:4248: result: /usr/bin/grep -E
configure:4253: checking for fgrep
configure:4315: result: /usr/bin/grep -F
configure:4350: checking for ld used by gcc
configure:4417: result: /usr/bin/ld
configure:4424: checking if the linker (/usr/bin/ld) is GNU ld
configure:4439: result: yes
configure:4451: checking for BSD- or MS-compatible name lister (nm)
configure:4500: result: /usr/bin/nm -B
configure:4630: checking the name lister (/usr/bin/nm -B) interface
configure:4637: gcc -c -g -O2  conftest.c >&5
configure:4640: /usr/bin/nm -B "conftest.o"
configure:4643: output
0000000000000000 B some_variable
configure:4650: result: BSD nm
configure:4653: checking whether ln -s works
configure:4657: result: yes
configure:4665: checking the maximum length of command line arguments
configure:4796: result: 1572864
configure:4813: checking whether the shell understands some XSI constructs
configure:4823: result: yes
configure:4827: checking whether the shell understands "+="
configure:4833: result: yes
configure:4868: checking how to convert x86_64-unknown-linux-gnu file names to x86_64-unknown-linux-gnu format
configure:4908: result: func_convert_file_noop
configure:4915: checking how to convert x86_64-unknown-linux-gnu file names to toolchain format
configure:4935: result: func_convert_file_noop
configure:4942: checking for /usr/bin/ld option to reload object files
configure:4949: result: -r
configure:5023: checking for objdump
configure:5039: found /usr/bin/objdump
configure:5050: result: objdump
configure:5082: checking how to recognize dependent libraries
configure:5280: result: pass_all
configure:5365: checking for dlltool
configure:5395: result: no
configure:5425: checking how to associate runtime and link libraries
configure:5452: result: printf %s\n
configure:5513: checking for ar
configure:5529: found /usr/bin/ar
configure:5540: result: ar
configure:5577: checking for archiver @FILE support
configure:5594: gcc -c -g -O2  conftest.c >&5
configure:5594: $? = 0
configure:5597: ar cru libconftest.a @conftest.lst >&5
configure:5600: $? = 0
configure:5605: ar cru libconftest.a @conftest.lst >&5
ar: conftest.o: No such file or directory
configure:5608: $? = 1
configure:5620: result: @
configure:5678: checking for strip
configure:5694: found /usr/bin/strip
configure:5705: result: strip
configure:5777: checking for ranlib
configure:5793: found /usr/bin/ranlib
configure:5804: result: ranlib
configure:5906: checking command to parse /usr/bin/nm -B output from gcc object
configure:6026: gcc -c -g -O2  conftest.c >&5
configure:6029: $? = 0
configure:6033: /usr/bin/nm -B conftest.o \| sed -n -e 's/^.*[ ]\([ABCDGIRSTW][ABCDGIRSTW]*\)[ ][ ]*\([_A-Za-z][_A-Za-z0-9]*\)$/\1 \2 \2/p' | sed '/ __gnu_lto/d' \> conftest.nm
configure:6036: $? = 0
configure:6102: gcc -o conftest -g -O2   conftest.c conftstm.o >&5
configure:6105: $? = 0
configure:6143: result: ok
configure:6180: checking for sysroot
configure:6210: result: no
configure:6287: gcc -c -g -O2  conftest.c >&5
configure:6290: $? = 0
configure:6479: checking for mt
configure:6495: found /bin/mt
configure:6506: result: mt
configure:6529: checking if mt is a manifest tool
configure:6535: mt '-?'
configure:6543: result: no
configure:7185: checking how to run the C preprocessor
configure:7216: gcc -E  conftest.c
configure:7216: $? = 0
configure:7230: gcc -E  conftest.c
conftest.c:11:10: fatal error: ac_nonexistent.h: No such file or directory
 #include <ac_nonexistent.h>
          ^~~~~~~~~~~~~~~~~~
compilation terminated.
configure:7230: $? = 1
configure: failed program was:
| /* confdefs.h */
| #define PACKAGE_NAME "libXpm"
| #define PACKAGE_TARNAME "libXpm"
| #define PACKAGE_VERSION "3.5.12"
| #define PACKAGE_STRING "libXpm 3.5.12"
| #define PACKAGE_BUGREPORT "https://bugs.freedesktop.org/enter_bug.cgi?product=xorg"
| #define PACKAGE_URL ""
| #define PACKAGE "libXpm"
| #define VERSION "3.5.12"
| /* end confdefs.h.  */
| #include <ac_nonexistent.h>
configure:7255: result: gcc -E
configure:7275: gcc -E  conftest.c
configure:7275: $? = 0
configure:7289: gcc -E  conftest.c
conftest.c:11:10: fatal error: ac_nonexistent.h: No such file or directory
 #include <ac_nonexistent.h>
          ^~~~~~~~~~~~~~~~~~
compilation terminated.
configure:7289: $? = 1
configure: failed program was:
| /* confdefs.h */
| #define PACKAGE_NAME "libXpm"
| #define PACKAGE_TARNAME "libXpm"
| #define PACKAGE_VERSION "3.5.12"
| #define PACKAGE_STRING "libXpm 3.5.12"
| #define PACKAGE_BUGREPORT "https://bugs.freedesktop.org/enter_bug.cgi?product=xorg"
| #define PACKAGE_URL ""
| #define PACKAGE "libXpm"
| #define VERSION "3.5.12"
| /* end confdefs.h.  */
| #include <ac_nonexistent.h>
configure:7318: checking for ANSI C header files
configure:7338: gcc -c -g -O2  conftest.c >&5
configure:7338: $? = 0
configure:7411: gcc -o conftest -g -O2   conftest.c  >&5
configure:7411: $? = 0
configure:7411: ./conftest
configure:7411: $? = 0
configure:7422: result: yes
configure:7435: checking for sys/types.h
configure:7435: gcc -c -g -O2  conftest.c >&5
configure:7435: $? = 0
configure:7435: result: yes
configure:7435: checking for sys/stat.h
configure:7435: gcc -c -g -O2  conftest.c >&5
configure:7435: $? = 0
configure:7435: result: yes
configure:7435: checking for stdlib.h
configure:7435: gcc -c -g -O2  conftest.c >&5
configure:7435: $? = 0
configure:7435: result: yes
configure:7435: checking for string.h
configure:7435: gcc -c -g -O2  conftest.c >&5
configure:7435: $? = 0
configure:7435: result: yes
configure:7435: checking for memory.h
configure:7435: gcc -c -g -O2  conftest.c >&5
configure:7435: $? = 0
configure:7435: result: yes
configure:7435: checking for strings.h
configure:7435: gcc -c -g -O2  conftest.c >&5
configure:7435: $? = 0
configure:7435: result: yes
configure:7435: checking for inttypes.h
configure:7435: gcc -c -g -O2  conftest.c >&5
configure:7435: $? = 0
configure:7435: result: yes
configure:7435: checking for stdint.h
configure:7435: gcc -c -g -O2  conftest.c >&5
configure:7435: $? = 0
configure:7435: result: yes
configure:7435: checking for unistd.h
configure:7435: gcc -c -g -O2  conftest.c >&5
configure:7435: $? = 0
configure:7435: result: yes
configure:7449: checking for dlfcn.h
configure:7449: gcc -c -g -O2  conftest.c >&5
configure:7449: $? = 0
configure:7449: result: yes
configure:7655: checking for objdir
configure:7670: result: .libs
configure:7941: checking if gcc supports -fno-rtti -fno-exceptions
configure:7959: gcc -c -g -O2  -fno-rtti -fno-exceptions conftest.c >&5
cc1: warning: command line option '-fno-rtti' is valid for C++/ObjC++ but not for C
configure:7963: $? = 0
configure:7976: result: no
configure:8303: checking for gcc option to produce PIC
configure:8310: result: -fPIC -DPIC
configure:8318: checking if gcc PIC flag -fPIC -DPIC works
configure:8336: gcc -c -g -O2  -fPIC -DPIC -DPIC conftest.c >&5
configure:8340: $? = 0
configure:8353: result: yes
configure:8382: checking if gcc static flag -static works
configure:8410: result: yes
configure:8425: checking if gcc supports -c -o file.o
configure:8446: gcc -c -g -O2  -o out/conftest2.o conftest.c >&5
configure:8450: $? = 0
configure:8472: result: yes
configure:8480: checking if gcc supports -c -o file.o
configure:8527: result: yes
configure:8560: checking whether the gcc linker (/usr/bin/ld -m elf_x86_64) supports shared libraries
configure:9717: result: yes
configure:9754: checking whether -lc should be explicitly linked in
configure:9762: gcc -c -g -O2  conftest.c >&5
configure:9765: $? = 0
configure:9780: gcc -shared  -fPIC -DPIC conftest.o  -v -Wl,-soname -Wl,conftest -o conftest 2\>\&1 \| /usr/bin/grep  -lc  \>/dev/null 2\>\&1
configure:9783: $? = 0
configure:9797: result: no
configure:9957: checking dynamic linker characteristics
configure:10457: gcc -o conftest -g -O2   -Wl,-rpath -Wl,/foo conftest.c  >&5
configure:10457: $? = 0
configure:10691: result: GNU/Linux ld.so
configure:10798: checking how to hardcode library paths into programs
configure:10823: result: immediate
configure:11363: checking whether stripping libraries is possible
configure:11368: result: yes
configure:11403: checking if libtool supports shared libraries
configure:11405: result: yes
configure:11408: checking whether to build shared libraries
configure:11429: result: yes
configure:11432: checking whether to build static libraries
configure:11436: result: no
configure:11486: checking for gcc option to accept ISO C99
configure:11635: gcc  -c -g -O2  conftest.c >&5
configure:11635: $? = 0
configure:11648: result: none needed
configure:11667: checking whether __clang__ is declared
configure:11667: gcc -c -g -O2  conftest.c >&5
conftest.c: In function 'main':
conftest.c:63:10: error: '__clang__' undeclared (first use in this function); did you mean '__clock_t'?
   (void) __clang__;
          ^~~~~~~~~
          __clock_t
conftest.c:63:10: note: each undeclared identifier is reported only once for each function it appears in
configure:11667: $? = 1
configure: failed program was:
| /* confdefs.h */
| #define PACKAGE_NAME "libXpm"
| #define PACKAGE_TARNAME "libXpm"
| #define PACKAGE_VERSION "3.5.12"
| #define PACKAGE_STRING "libXpm 3.5.12"
| #define PACKAGE_BUGREPORT "https://bugs.freedesktop.org/enter_bug.cgi?product=xorg"
| #define PACKAGE_URL ""
| #define PACKAGE "libXpm"
| #define VERSION "3.5.12"
| #define STDC_HEADERS 1
| #define HAVE_SYS_TYPES_H 1
| #define HAVE_SYS_STAT_H 1
| #define HAVE_STDLIB_H 1
| #define HAVE_STRING_H 1
| #define HAVE_MEMORY_H 1
| #define HAVE_STRINGS_H 1
| #define HAVE_INTTYPES_H 1
| #define HAVE_STDINT_H 1
| #define HAVE_UNISTD_H 1
| #define HAVE_DLFCN_H 1
| #define LT_OBJDIR ".libs/"
| /* end confdefs.h.  */
| #include <stdio.h>
| #ifdef HAVE_SYS_TYPES_H
| # include <sys/types.h>
| #endif
| #ifdef HAVE_SYS_STAT_H
| # include <sys/stat.h>
| #endif
| #ifdef STDC_HEADERS
| # include <stdlib.h>
| # include <stddef.h>
| #else
| # ifdef HAVE_STDLIB_H
| #  include <stdlib.h>
| # endif
| #endif
| #ifdef HAVE_STRING_H
| # if !defined STDC_HEADERS && defined HAVE_MEMORY_H
| #  include <memory.h>
| # endif
| # include <string.h>
| #endif
| #ifdef HAVE_STRINGS_H
| # include <strings.h>
| #endif
| #ifdef HAVE_INTTYPES_H
| # include <inttypes.h>
| #endif
| #ifdef HAVE_STDINT_H
| # include <stdint.h>
| #endif
| #ifdef HAVE_UNISTD_H
| # include <unistd.h>
| #endif
| int
| main ()
| {
| #ifndef __clang__
| #ifdef __cplusplus
|   (void) __clang__;
| #else
|   (void) __clang__;
| #endif
| #endif
| 
|   ;
|   return 0;
| }
configure:11667: result: no
configure:11674: checking whether __INTEL_COMPILER is declared
configure:11674: gcc -c -g -O2  conftest.c >&5
conftest.c: In function 'main':
conftest.c:63:10: error: '__INTEL_COMPILER' undeclared (first use in this function); did you mean '__BYTE_ORDER'?
   (void) __INTEL_COMPILER;
          ^~~~~~~~~~~~~~~~
          __BYTE_ORDER
conftest.c:63:10: note: each undeclared identifier is reported only once for each function it appears in
configure:11674: $? = 1
configure: failed program was:
| /* confdefs.h */
| #define PACKAGE_NAME "libXpm"
| #define PACKAGE_TARNAME "libXpm"
| #define PACKAGE_VERSION "3.5.12"
| #define PACKAGE_STRING "libXpm 3.5.12"
| #define PACKAGE_BUGREPORT "https://bugs.freedesktop.org/enter_bug.cgi?product=xorg"
| #define PACKAGE_URL ""
| #define PACKAGE "libXpm"
| #define VERSION "3.5.12"
| #define STDC_HEADERS 1
| #define HAVE_SYS_TYPES_H 1
| #define HAVE_SYS_STAT_H 1
| #define HAVE_STDLIB_H 1
| #define HAVE_STRING_H 1
| #define HAVE_MEMORY_H 1
| #define HAVE_STRINGS_H 1
| #define HAVE_INTTYPES_H 1
| #define HAVE_STDINT_H 1
| #define HAVE_UNISTD_H 1
| #define HAVE_DLFCN_H 1
| #define LT_OBJDIR ".libs/"
| /* end confdefs.h.  */
| #include <stdio.h>
| #ifdef HAVE_SYS_TYPES_H
| # include <sys/types.h>
| #endif
| #ifdef HAVE_SYS_STAT_H
| # include <sys/stat.h>
| #endif
| #ifdef STDC_HEADERS
| # include <stdlib.h>
| # include <stddef.h>
| #else
| # ifdef HAVE_STDLIB_H
| #  include <stdlib.h>
| # endif
| #endif
| #ifdef HAVE_STRING_H
| # if !defined STDC_HEADERS && defined HAVE_MEMORY_H
| #  include <memory.h>
| # endif
| # include <string.h>
| #endif
| #ifdef HAVE_STRINGS_H
| # include <strings.h>
| #endif
| #ifdef HAVE_INTTYPES_H
| # include <inttypes.h>
| #endif
| #ifdef HAVE_STDINT_H
| # include <stdint.h>
| #endif
| #ifdef HAVE_UNISTD_H
| # include <unistd.h>
| #endif
| int
| main ()
| {
| #ifndef __INTEL_COMPILER
| #ifdef __cplusplus
|   (void) __INTEL_COMPILER;
| #else
|   (void) __INTEL_COMPILER;
| #endif
| #endif
| 
|   ;
|   return 0;
| }
configure:11674: result: no
configure:11681: checking whether __SUNPRO_C is declared
configure:11681: gcc -c -g -O2  conftest.c >&5
conftest.c: In function 'main':
conftest.c:63:10: error: '__SUNPRO_C' undeclared (first use in this function); did you mean '__INT8_C'?
   (void) __SUNPRO_C;
          ^~~~~~~~~~
          __INT8_C
conftest.c:63:10: note: each undeclared identifier is reported only once for each function it appears in
configure:11681: $? = 1
configure: failed program was:
| /* confdefs.h */
| #define PACKAGE_NAME "libXpm"
| #define PACKAGE_TARNAME "libXpm"
| #define PACKAGE_VERSION "3.5.12"
| #define PACKAGE_STRING "libXpm 3.5.12"
| #define PACKAGE_BUGREPORT "https://bugs.freedesktop.org/enter_bug.cgi?product=xorg"
| #define PACKAGE_URL ""
| #define PACKAGE "libXpm"
| #define VERSION "3.5.12"
| #define STDC_HEADERS 1
| #define HAVE_SYS_TYPES_H 1
| #define HAVE_SYS_STAT_H 1
| #define HAVE_STDLIB_H 1
| #define HAVE_STRING_H 1
| #define HAVE_MEMORY_H 1
| #define HAVE_STRINGS_H 1
| #define HAVE_INTTYPES_H 1
| #define HAVE_STDINT_H 1
| #define HAVE_UNISTD_H 1
| #define HAVE_DLFCN_H 1
| #define LT_OBJDIR ".libs/"
| /* end confdefs.h.  */
| #include <stdio.h>
| #ifdef HAVE_SYS_TYPES_H
| # include <sys/types.h>
| #endif
| #ifdef HAVE_SYS_STAT_H
| # include <sys/stat.h>
| #endif
| #ifdef STDC_HEADERS
| # include <stdlib.h>
| # include <stddef.h>
| #else
| # ifdef HAVE_STDLIB_H
| #  include <stdlib.h>
| # endif
| #endif
| #ifdef HAVE_STRING_H
| # if !defined STDC_HEADERS && defined HAVE_MEMORY_H
| #  include <memory.h>
| # endif
| # include <string.h>
| #endif
| #ifdef HAVE_STRINGS_H
| # include <strings.h>
| #endif
| #ifdef HAVE_INTTYPES_H
| # include <inttypes.h>
| #endif
| #ifdef HAVE_STDINT_H
| # include <stdint.h>
| #endif
| #ifdef HAVE_UNISTD_H
| # include <unistd.h>
| #endif
| int
| main ()
| {
| #ifndef __SUNPRO_C
| #ifdef __cplusplus
|   (void) __SUNPRO_C;
| #else
|   (void) __SUNPRO_C;
| #endif
| #endif
| 
|   ;
|   return 0;
| }
configure:11681: result: no
configure:11743: checking for pkg-config
configure:11761: found /usr/bin/pkg-config
configure:11773: result: /usr/bin/pkg-config
configure:11798: checking pkg-config is at least version 0.9.0
configure:11801: result: yes
configure:11850: checking if gcc supports -Werror=unknown-warning-option
configure:11859: gcc -c -g -O2 -Werror=unknown-warning-option  conftest.c >&5
cc1: error: -Werror=unknown-warning-option: no option -Wunknown-warning-option
configure:11859: $? = 1
configure: failed program was:
| /* confdefs.h */
| #define PACKAGE_NAME "libXpm"
| #define PACKAGE_TARNAME "libXpm"
| #define PACKAGE_VERSION "3.5.12"
| #define PACKAGE_STRING "libXpm 3.5.12"
| #define PACKAGE_BUGREPORT "https://bugs.freedesktop.org/enter_bug.cgi?product=xorg"
| #define PACKAGE_URL ""
| #define PACKAGE "libXpm"
| #define VERSION "3.5.12"
| #define STDC_HEADERS 1
| #define HAVE_SYS_TYPES_H 1
| #define HAVE_SYS_STAT_H 1
| #define HAVE_STDLIB_H 1
| #define HAVE_STRING_H 1
| #define HAVE_MEMORY_H 1
| #define HAVE_STRINGS_H 1
| #define HAVE_INTTYPES_H 1
| #define HAVE_STDINT_H 1
| #define HAVE_UNISTD_H 1
| #define HAVE_DLFCN_H 1
| #define LT_OBJDIR ".libs/"
| /* end confdefs.h.  */
| int i;
configure:11866: result: no
configure:11877: checking if gcc supports -Werror=unused-command-line-argument
configure:11886: gcc -c -g -O2 -Werror=unused-command-line-argument  conftest.c >&5
cc1: error: -Werror=unused-command-line-argument: no option -Wunused-command-line-argument
configure:11886: $? = 1
configure: failed program was:
| /* confdefs.h */
| #define PACKAGE_NAME "libXpm"
| #define PACKAGE_TARNAME "libXpm"
| #define PACKAGE_VERSION "3.5.12"
| #define PACKAGE_STRING "libXpm 3.5.12"
| #define PACKAGE_BUGREPORT "https://bugs.freedesktop.org/enter_bug.cgi?product=xorg"
| #define PACKAGE_URL ""
| #define PACKAGE "libXpm"
| #define VERSION "3.5.12"
| #define STDC_HEADERS 1
| #define HAVE_SYS_TYPES_H 1
| #define HAVE_SYS_STAT_H 1
| #define HAVE_STDLIB_H 1
| #define HAVE_STRING_H 1
| #define HAVE_MEMORY_H 1
| #define HAVE_STRINGS_H 1
| #define HAVE_INTTYPES_H 1
| #define HAVE_STDINT_H 1
| #define HAVE_UNISTD_H 1
| #define HAVE_DLFCN_H 1
| #define LT_OBJDIR ".libs/"
| /* end confdefs.h.  */
| int i;
configure:11893: result: no
configure:11912: checking if gcc supports-Wall
configure:11929: gcc -o conftest -g -O2 -Wall   conftest.c  >&5
configure:11929: $? = 0
configure:11942: result: yes
configure:12030: checking if gcc supports-Wpointer-arith
configure:12047: gcc -o conftest -g -O2 -Wpointer-arith   conftest.c  >&5
configure:12047: $? = 0
configure:12060: result: yes
configure:12148: checking if gcc supports-Wmissing-declarations
configure:12165: gcc -o conftest -g -O2 -Wmissing-declarations   conftest.c  >&5
configure:12165: $? = 0
configure:12178: result: yes
configure:12266: checking if gcc supports-Wformat=2
configure:12283: gcc -o conftest -g -O2 -Wformat=2   conftest.c  >&5
configure:12283: $? = 0
configure:12296: result: yes
configure:12435: checking if gcc supports-Wstrict-prototypes
configure:12452: gcc -o conftest -g -O2 -Wstrict-prototypes   conftest.c  >&5
conftest.c:25:1: warning: function declaration isn't a prototype [-Wstrict-prototypes]
 main ()
 ^~~~
configure:12452: $? = 0
configure:12465: result: yes
configure:12553: checking if gcc supports-Wmissing-prototypes
configure:12570: gcc -o conftest -g -O2 -Wmissing-prototypes   conftest.c  >&5
configure:12570: $? = 0
configure:12583: result: yes
configure:12671: checking if gcc supports-Wnested-externs
configure:12688: gcc -o conftest -g -O2 -Wnested-externs   conftest.c  >&5
configure:12688: $? = 0
configure:12701: result: yes
configure:12789: checking if gcc supports-Wbad-function-cast
configure:12806: gcc -o conftest -g -O2 -Wbad-function-cast   conftest.c  >&5
configure:12806: $? = 0
configure:12819: result: yes
configure:12907: checking if gcc supports-Wold-style-definition
configure:12924: gcc -o conftest -g -O2 -Wold-style-definition   conftest.c  >&5
conftest.c: In function 'main':
conftest.c:25:1: warning: old-style function definition [-Wold-style-definition]
 main ()
 ^~~~
configure:12924: $? = 0
configure:12937: result: yes
configure:13025: checking if gcc supports-Wdeclaration-after-statement
configure:13042: gcc -o conftest -g -O2 -Wdeclaration-after-statement   conftest.c  >&5
configure:13042: $? = 0
configure:13055: result: yes
configure:13147: checking if gcc supports-Wunused
configure:13164: gcc -o conftest -g -O2 -Wunused   conftest.c  >&5
configure:13164: $? = 0
configure:13177: result: yes
configure:13265: checking if gcc supports-Wuninitialized
configure:13282: gcc -o conftest -g -O2 -Wuninitialized   conftest.c  >&5
configure:13282: $? = 0
configure:13295: result: yes
configure:13383: checking if gcc supports-Wshadow
configure:13400: gcc -o conftest -g -O2 -Wshadow   conftest.c  >&5
configure:13400: $? = 0
configure:13413: result: yes
configure:13501: checking if gcc supports-Wcast-qual
configure:13518: gcc -o conftest -g -O2 -Wcast-qual   conftest.c  >&5
configure:13518: $? = 0
configure:13531: result: yes
configure:13619: checking if gcc supports-Wmissing-noreturn
configure:13636: gcc -o conftest -g -O2 -Wmissing-noreturn   conftest.c  >&5
configure:13636: $? = 0
configure:13649: result: yes
configure:13737: checking if gcc supports-Wmissing-format-attribute
configure:13754: gcc -o conftest -g -O2 -Wmissing-format-attribute   conftest.c  >&5
configure:13754: $? = 0
configure:13767: result: yes
configure:13855: checking if gcc supports-Wredundant-decls
configure:13872: gcc -o conftest -g -O2 -Wredundant-decls   conftest.c  >&5
configure:13872: $? = 0
configure:13885: result: yes
configure:13985: checking if gcc supports-Werror=implicit
configure:14002: gcc -o conftest -g -O2 -Werror=implicit   conftest.c  >&5
configure:14002: $? = 0
configure:14015: result: yes
configure:14152: checking if gcc supports-Werror=nonnull
configure:14169: gcc -o conftest -g -O2 -Werror=nonnull   conftest.c  >&5
configure:14169: $? = 0
configure:14182: result: yes
configure:14270: checking if gcc supports-Werror=init-self
configure:14287: gcc -o conftest -g -O2 -Werror=init-self   conftest.c  >&5
configure:14287: $? = 0
configure:14300: result: yes
configure:14388: checking if gcc supports-Werror=main
configure:14405: gcc -o conftest -g -O2 -Werror=main   conftest.c  >&5
configure:14405: $? = 0
configure:14418: result: yes
configure:14506: checking if gcc supports-Werror=missing-braces
configure:14523: gcc -o conftest -g -O2 -Werror=missing-braces   conftest.c  >&5
configure:14523: $? = 0
configure:14536: result: yes
configure:14624: checking if gcc supports-Werror=sequence-point
configure:14641: gcc -o conftest -g -O2 -Werror=sequence-point   conftest.c  >&5
configure:14641: $? = 0
configure:14654: result: yes
configure:14742: checking if gcc supports-Werror=return-type
configure:14759: gcc -o conftest -g -O2 -Werror=return-type   conftest.c  >&5
configure:14759: $? = 0
configure:14772: result: yes
configure:14909: checking if gcc supports-Werror=trigraphs
configure:14926: gcc -o conftest -g -O2 -Werror=trigraphs   conftest.c  >&5
configure:14926: $? = 0
configure:14939: result: yes
configure:15027: checking if gcc supports-Werror=array-bounds
configure:15044: gcc -o conftest -g -O2 -Werror=array-bounds   conftest.c  >&5
configure:15044: $? = 0
configure:15057: result: yes
configure:15145: checking if gcc supports-Werror=write-strings
configure:15162: gcc -o conftest -g -O2 -Werror=write-strings   conftest.c  >&5
configure:15162: $? = 0
configure:15175: result: yes
configure:15263: checking if gcc supports-Werror=address
configure:15280: gcc -o conftest -g -O2 -Werror=address   conftest.c  >&5
configure:15280: $? = 0
configure:15293: result: yes
configure:15381: checking if gcc supports-Werror=int-to-pointer-cast
configure:15398: gcc -o conftest -g -O2 -Werror=int-to-pointer-cast   conftest.c  >&5
configure:15398: $? = 0
configure:15411: result: yes
configure:15548: checking if gcc supports-Werror=pointer-to-int-cast
configure:15565: gcc -o conftest -g -O2 -Werror=pointer-to-int-cast   conftest.c  >&5
configure:15565: $? = 0
configure:15578: result: yes
configure:17236: checking if gcc supports-pedantic
configure:17253: gcc -o conftest -g -O2 -pedantic   conftest.c  >&5
configure:17253: $? = 0
configure:17266: result: yes
configure:17354: checking if gcc supports-Werror
configure:17371: gcc -o conftest -g -O2 -Werror   conftest.c  >&5
configure:17371: $? = 0
configure:17384: result: yes
configure:17524: checking if gcc supports-Werror=attributes
configure:17541: gcc -o conftest -g -O2 -Werror=attributes   conftest.c  >&5
configure:17541: $? = 0
configure:17554: result: yes
configure:17714: checking whether make supports nested variables
configure:17731: result: yes
configure:17747: checking for strlcat
configure:17747: gcc -o conftest -g -O2   conftest.c  >&5
/tmp/ccSwAWAG.o: In function `main':
/lfskernel/sources/boot/X11/libs/libXpm-3.5.12/conftest.c:60: undefined reference to `strlcat'
collect2: error: ld returned 1 exit status
configure:17747: $? = 1
configure: failed program was:
| /* confdefs.h */
| #define PACKAGE_NAME "libXpm"
| #define PACKAGE_TARNAME "libXpm"
| #define PACKAGE_VERSION "3.5.12"
| #define PACKAGE_STRING "libXpm 3.5.12"
| #define PACKAGE_BUGREPORT "https://bugs.freedesktop.org/enter_bug.cgi?product=xorg"
| #define PACKAGE_URL ""
| #define PACKAGE "libXpm"
| #define VERSION "3.5.12"
| #define STDC_HEADERS 1
| #define HAVE_SYS_TYPES_H 1
| #define HAVE_SYS_STAT_H 1
| #define HAVE_STDLIB_H 1
| #define HAVE_STRING_H 1
| #define HAVE_MEMORY_H 1
| #define HAVE_STRINGS_H 1
| #define HAVE_INTTYPES_H 1
| #define HAVE_STDINT_H 1
| #define HAVE_UNISTD_H 1
| #define HAVE_DLFCN_H 1
| #define LT_OBJDIR ".libs/"
| #define PACKAGE_VERSION_MAJOR 3
| #define PACKAGE_VERSION_MINOR 5
| #define PACKAGE_VERSION_PATCHLEVEL 12
| /* end confdefs.h.  */
| /* Define strlcat to an innocuous variant, in case <limits.h> declares strlcat.
|    For example, HP-UX 11i <limits.h> declares gettimeofday.  */
| #define strlcat innocuous_strlcat
| 
| /* System header to define __stub macros and hopefully few prototypes,
|     which can conflict with char strlcat (); below.
|     Prefer <limits.h> to <assert.h> if __STDC__ is defined, since
|     <limits.h> exists even on freestanding compilers.  */
| 
| #ifdef __STDC__
| # include <limits.h>
| #else
| # include <assert.h>
| #endif
| 
| #undef strlcat
| 
| /* Override any GCC internal prototype to avoid an error.
|    Use char because int might match the return type of a GCC
|    builtin and then its argument prototype would still apply.  */
| #ifdef __cplusplus
| extern "C"
| #endif
| char strlcat ();
| /* The GNU C library defines this for functions which it implements
|     to always fail with ENOSYS.  Some functions are actually named
|     something starting with __ and the normal name is an alias.  */
| #if defined __stub_strlcat || defined __stub___strlcat
| choke me
| #endif
| 
| int
| main ()
| {
| return strlcat ();
|   ;
|   return 0;
| }
configure:17747: result: no
configure:17760: checking for XPM
configure:17767: $PKG_CONFIG --exists --print-errors "xproto x11"
configure:17770: $? = 0
configure:17784: $PKG_CONFIG --exists --print-errors "xproto x11"
configure:17787: $? = 0
configure:17845: result: yes
configure:17851: checking for SXPM
configure:17858: $PKG_CONFIG --exists --print-errors "x11 xt xext xextproto xproto >= 7.0.17"
configure:17861: $? = 0
configure:17875: $PKG_CONFIG --exists --print-errors "x11 xt xext xextproto xproto >= 7.0.17"
configure:17878: $? = 0
configure:17916: result: yes
configure:17930: checking for library containing gettext
configure:17961: gcc -o conftest -g -O2   conftest.c  >&5
conftest.c:33:6: warning: conflicting types for built-in function 'gettext' [-Wbuiltin-declaration-mismatch]
 char gettext ();
      ^~~~~~~
configure:17961: $? = 0
configure:17978: result: none required
configure:17988: checking where to install localized messages
configure:18020: result: /usr/share/locale
configure:18175: checking that generated files are newer than configure
configure:18181: result: done
configure:18212: creating ./config.status

## ---------------------- ##
## Running config.status. ##
## ---------------------- ##

This file was extended by libXpm config.status 3.5.12, which was
generated by GNU Autoconf 2.69.  Invocation command line was

  CONFIG_FILES    = 
  CONFIG_HEADERS  = 
  CONFIG_LINKS    = 
  CONFIG_COMMANDS = 
  $ ./config.status 

on localhost.localdomain

config.status:1135: creating Makefile
config.status:1135: creating doc/Makefile
config.status:1135: creating include/Makefile
config.status:1135: creating man/Makefile
config.status:1135: creating src/Makefile
config.status:1135: creating sxpm/Makefile
config.status:1135: creating cxpm/Makefile
config.status:1135: creating xpm.pc
config.status:1135: creating config.h
config.status:1364: executing depfiles commands
config.status:1364: executing libtool commands

## ---------------- ##
## Cache variables. ##
## ---------------- ##

ac_cv_build=x86_64-unknown-linux-gnu
ac_cv_c_compiler_gnu=yes
ac_cv_env_CC_set=
ac_cv_env_CC_value=
ac_cv_env_CFLAGS_set=
ac_cv_env_CFLAGS_value=
ac_cv_env_CPPFLAGS_set=
ac_cv_env_CPPFLAGS_value=
ac_cv_env_CPP_set=
ac_cv_env_CPP_value=
ac_cv_env_LDFLAGS_set=
ac_cv_env_LDFLAGS_value=
ac_cv_env_LIBS_set=
ac_cv_env_LIBS_value=
ac_cv_env_PKG_CONFIG_LIBDIR_set=
ac_cv_env_PKG_CONFIG_LIBDIR_value=
ac_cv_env_PKG_CONFIG_PATH_set=
ac_cv_env_PKG_CONFIG_PATH_value=
ac_cv_env_PKG_CONFIG_set=
ac_cv_env_PKG_CONFIG_value=
ac_cv_env_SXPM_CFLAGS_set=
ac_cv_env_SXPM_CFLAGS_value=
ac_cv_env_SXPM_LIBS_set=
ac_cv_env_SXPM_LIBS_value=
ac_cv_env_XPM_CFLAGS_set=
ac_cv_env_XPM_CFLAGS_value=
ac_cv_env_XPM_LIBS_set=
ac_cv_env_XPM_LIBS_value=
ac_cv_env_build_alias_set=
ac_cv_env_build_alias_value=
ac_cv_env_host_alias_set=
ac_cv_env_host_alias_value=
ac_cv_env_target_alias_set=
ac_cv_env_target_alias_value=
ac_cv_func_strlcat=no
ac_cv_have_decl___INTEL_COMPILER=no
ac_cv_have_decl___SUNPRO_C=no
ac_cv_have_decl___clang__=no
ac_cv_header_dlfcn_h=yes
ac_cv_header_inttypes_h=yes
ac_cv_header_memory_h=yes
ac_cv_header_stdc=yes
ac_cv_header_stdint_h=yes
ac_cv_header_stdlib_h=yes
ac_cv_header_string_h=yes
ac_cv_header_strings_h=yes
ac_cv_header_sys_stat_h=yes
ac_cv_header_sys_types_h=yes
ac_cv_header_unistd_h=yes
ac_cv_host=x86_64-unknown-linux-gnu
ac_cv_objext=o
ac_cv_path_EGREP='/usr/bin/grep -E'
ac_cv_path_FGREP='/usr/bin/grep -F'
ac_cv_path_GREP=/usr/bin/grep
ac_cv_path_SED=/bin/sed
ac_cv_path_ac_pt_PKG_CONFIG=/usr/bin/pkg-config
ac_cv_path_install='/usr/bin/install -c'
ac_cv_path_mkdir=/bin/mkdir
ac_cv_prog_AWK=gawk
ac_cv_prog_CPP='gcc -E'
ac_cv_prog_ac_ct_AR=ar
ac_cv_prog_ac_ct_CC=gcc
ac_cv_prog_ac_ct_MANIFEST_TOOL=mt
ac_cv_prog_ac_ct_OBJDUMP=objdump
ac_cv_prog_ac_ct_RANLIB=ranlib
ac_cv_prog_ac_ct_STRIP=strip
ac_cv_prog_cc_c89=
ac_cv_prog_cc_c99=
ac_cv_prog_cc_g=yes
ac_cv_prog_make_make_set=yes
ac_cv_search_gettext='none required'
am_cv_CC_dependencies_compiler_type=gcc3
am_cv_make_support_nested_variables=yes
am_cv_prog_cc_c_o=yes
lt_cv_ar_at_file=@
lt_cv_archive_cmds_need_lc=no
lt_cv_deplibs_check_method=pass_all
lt_cv_file_magic_cmd='$MAGIC_CMD'
lt_cv_file_magic_test_file=
lt_cv_ld_reload_flag=-r
lt_cv_nm_interface='BSD nm'
lt_cv_objdir=.libs
lt_cv_path_LD=/usr/bin/ld
lt_cv_path_NM='/usr/bin/nm -B'
lt_cv_path_mainfest_tool=no
lt_cv_prog_compiler_c_o=yes
lt_cv_prog_compiler_pic='-fPIC -DPIC'
lt_cv_prog_compiler_pic_works=yes
lt_cv_prog_compiler_rtti_exceptions=no
lt_cv_prog_compiler_static_works=yes
lt_cv_prog_gnu_ld=yes
lt_cv_sharedlib_from_linklib_cmd='printf %s\n'
lt_cv_shlibpath_overrides_runpath=no
lt_cv_sys_global_symbol_pipe='sed -n -e '\''s/^.*[	 ]\([ABCDGIRSTW][ABCDGIRSTW]*\)[	 ][	 ]*\([_A-Za-z][_A-Za-z0-9]*\)$/\1 \2 \2/p'\'' | sed '\''/ __gnu_lto/d'\'''
lt_cv_sys_global_symbol_to_c_name_address='sed -n -e '\''s/^: \([^ ]*\)[ ]*$/  {\"\1\", (void *) 0},/p'\'' -e '\''s/^[ABCDGIRSTW]* \([^ ]*\) \([^ ]*\)$/  {"\2", (void *) \&\2},/p'\'''
lt_cv_sys_global_symbol_to_c_name_address_lib_prefix='sed -n -e '\''s/^: \([^ ]*\)[ ]*$/  {\"\1\", (void *) 0},/p'\'' -e '\''s/^[ABCDGIRSTW]* \([^ ]*\) \(lib[^ ]*\)$/  {"\2", (void *) \&\2},/p'\'' -e '\''s/^[ABCDGIRSTW]* \([^ ]*\) \([^ ]*\)$/  {"lib\2", (void *) \&\2},/p'\'''
lt_cv_sys_global_symbol_to_cdecl='sed -n -e '\''s/^T .* \(.*\)$/extern int \1();/p'\'' -e '\''s/^[ABCDGIRSTW]* .* \(.*\)$/extern char \1;/p'\'''
lt_cv_sys_max_cmd_len=1572864
lt_cv_to_host_file_cmd=func_convert_file_noop
lt_cv_to_tool_file_cmd=func_convert_file_noop
pkg_cv_SXPM_CFLAGS=
pkg_cv_SXPM_LIBS='-lXt -lX11 -lXext'
pkg_cv_XPM_CFLAGS=
pkg_cv_XPM_LIBS=-lX11
xorg_cv_cc_flag__Wall=yes
xorg_cv_cc_flag__Wbad_function_cast=yes
xorg_cv_cc_flag__Wcast_qual=yes
xorg_cv_cc_flag__Wdeclaration_after_statement=yes
xorg_cv_cc_flag__Werror=yes
xorg_cv_cc_flag__Werror_address=yes
xorg_cv_cc_flag__Werror_array_bounds=yes
xorg_cv_cc_flag__Werror_attributes=yes
xorg_cv_cc_flag__Werror_implicit=yes
xorg_cv_cc_flag__Werror_init_self=yes
xorg_cv_cc_flag__Werror_int_to_pointer_cast=yes
xorg_cv_cc_flag__Werror_main=yes
xorg_cv_cc_flag__Werror_missing_braces=yes
xorg_cv_cc_flag__Werror_nonnull=yes
xorg_cv_cc_flag__Werror_pointer_to_int_cast=yes
xorg_cv_cc_flag__Werror_return_type=yes
xorg_cv_cc_flag__Werror_sequence_point=yes
xorg_cv_cc_flag__Werror_trigraphs=yes
xorg_cv_cc_flag__Werror_write_strings=yes
xorg_cv_cc_flag__Wformat_2=yes
xorg_cv_cc_flag__Wmissing_declarations=yes
xorg_cv_cc_flag__Wmissing_format_attribute=yes
xorg_cv_cc_flag__Wmissing_noreturn=yes
xorg_cv_cc_flag__Wmissing_prototypes=yes
xorg_cv_cc_flag__Wnested_externs=yes
xorg_cv_cc_flag__Wold_style_definition=yes
xorg_cv_cc_flag__Wpointer_arith=yes
xorg_cv_cc_flag__Wredundant_decls=yes
xorg_cv_cc_flag__Wshadow=yes
xorg_cv_cc_flag__Wstrict_prototypes=yes
xorg_cv_cc_flag__Wuninitialized=yes
xorg_cv_cc_flag__Wunused=yes
xorg_cv_cc_flag__pedantic=yes
xorg_cv_cc_flag_unknown_warning_option=no
xorg_cv_cc_flag_unused_command_line_argument=no

## ----------------- ##
## Output variables. ##
## ----------------- ##

ACLOCAL='${SHELL} /lfskernel/sources/boot/X11/libs/libXpm-3.5.12/missing aclocal-1.14'
ADMIN_MAN_DIR='$(mandir)/man$(ADMIN_MAN_SUFFIX)'
ADMIN_MAN_SUFFIX='8'
AMDEPBACKSLASH='\'
AMDEP_FALSE='#'
AMDEP_TRUE=''
AMTAR='$${TAR-tar}'
AM_BACKSLASH='\'
AM_DEFAULT_V='$(AM_DEFAULT_VERBOSITY)'
AM_DEFAULT_VERBOSITY='0'
AM_V='$(V)'
APP_MAN_DIR='$(mandir)/man$(APP_MAN_SUFFIX)'
APP_MAN_SUFFIX='1'
AR='ar'
AUTOCONF='${SHELL} /lfskernel/sources/boot/X11/libs/libXpm-3.5.12/missing autoconf'
AUTOHEADER='${SHELL} /lfskernel/sources/boot/X11/libs/libXpm-3.5.12/missing autoheader'
AUTOMAKE='${SHELL} /lfskernel/sources/boot/X11/libs/libXpm-3.5.12/missing automake-1.14'
AWK='gawk'
BASE_CFLAGS=' -Wall -Wpointer-arith -Wmissing-declarations -Wformat=2 -Wstrict-prototypes -Wmissing-prototypes -Wnested-externs -Wbad-function-cast -Wold-style-definition -Wdeclaration-after-statement -Wunused -Wuninitialized -Wshadow -Wcast-qual -Wmissing-noreturn -Wmissing-format-attribute -Wredundant-decls -Werror=implicit -Werror=nonnull -Werror=init-self -Werror=main -Werror=missing-braces -Werror=sequence-point -Werror=return-type -Werror=trigraphs -Werror=array-bounds -Werror=write-strings -Werror=address -Werror=int-to-pointer-cast -Werror=pointer-to-int-cast'
BUILD_SXPM_FALSE='#'
BUILD_SXPM_TRUE=''
CC='gcc'
CCDEPMODE='depmode=gcc3'
CFLAGS='-g -O2'
CHANGELOG_CMD='(GIT_DIR=$(top_srcdir)/.git git log > $(top_srcdir)/.changelog.tmp && mv $(top_srcdir)/.changelog.tmp $(top_srcdir)/ChangeLog) || (rm -f $(top_srcdir)/.changelog.tmp; touch $(top_srcdir)/ChangeLog; echo '\''git directory not found: installing possibly empty changelog.'\'' >&2)'
CPP='gcc -E'
CPPFLAGS=''
CWARNFLAGS=' -Wall -Wpointer-arith -Wmissing-declarations -Wformat=2 -Wstrict-prototypes -Wmissing-prototypes -Wnested-externs -Wbad-function-cast -Wold-style-definition -Wdeclaration-after-statement -Wunused -Wuninitialized -Wshadow -Wcast-qual -Wmissing-noreturn -Wmissing-format-attribute -Wredundant-decls -Werror=implicit -Werror=nonnull -Werror=init-self -Werror=main -Werror=missing-braces -Werror=sequence-point -Werror=return-type -Werror=trigraphs -Werror=array-bounds -Werror=write-strings -Werror=address -Werror=int-to-pointer-cast -Werror=pointer-to-int-cast -fno-strict-aliasing'
CYGPATH_W='echo'
DEFS='-DHAVE_CONFIG_H'
DEPDIR='.deps'
DLLTOOL='false'
DRIVER_MAN_DIR='$(mandir)/man$(DRIVER_MAN_SUFFIX)'
DRIVER_MAN_SUFFIX='4'
DSYMUTIL=''
DUMPBIN=''
ECHO_C=''
ECHO_N='-n'
ECHO_T=''
EGREP='/usr/bin/grep -E'
EXEEXT=''
FGREP='/usr/bin/grep -F'
FILE_MAN_DIR='$(mandir)/man$(FILE_MAN_SUFFIX)'
FILE_MAN_SUFFIX='5'
GREP='/usr/bin/grep'
INSTALL_CMD='(cp -f /usr/share/util-macros/INSTALL $(top_srcdir)/.INSTALL.tmp && mv $(top_srcdir)/.INSTALL.tmp $(top_srcdir)/INSTALL) || (rm -f $(top_srcdir)/.INSTALL.tmp; touch $(top_srcdir)/INSTALL; echo '\''util-macros "pkgdatadir" from xorg-macros.pc not found: installing possibly empty INSTALL.'\'' >&2)'
INSTALL_DATA='${INSTALL} -m 644'
INSTALL_PROGRAM='${INSTALL}'
INSTALL_SCRIPT='${INSTALL}'
INSTALL_STRIP_PROGRAM='$(install_sh) -c -s'
LD='/usr/bin/ld -m elf_x86_64'
LDFLAGS=''
LIBOBJS=''
LIBS=''
LIBTOOL='$(SHELL) $(top_builddir)/libtool'
LIB_MAN_DIR='$(mandir)/man$(LIB_MAN_SUFFIX)'
LIB_MAN_SUFFIX='3'
LIPO=''
LN_S='ln -s'
LOCALEDIR='/usr/share/locale'
LTLIBOBJS=''
MAKEINFO='${SHELL} /lfskernel/sources/boot/X11/libs/libXpm-3.5.12/missing makeinfo'
MANIFEST_TOOL=':'
MAN_SUBSTS='	-e '\''s|__vendorversion__|"$(PACKAGE_STRING)" "$(XORG_MAN_PAGE)"|'\'' 	-e '\''s|__xorgversion__|"$(PACKAGE_STRING)" "$(XORG_MAN_PAGE)"|'\'' 	-e '\''s|__xservername__|Xorg|g'\'' 	-e '\''s|__xconfigfile__|xorg.conf|g'\'' 	-e '\''s|__projectroot__|$(prefix)|g'\'' 	-e '\''s|__apploaddir__|$(appdefaultdir)|g'\'' 	-e '\''s|__appmansuffix__|$(APP_MAN_SUFFIX)|g'\'' 	-e '\''s|__drivermansuffix__|$(DRIVER_MAN_SUFFIX)|g'\'' 	-e '\''s|__adminmansuffix__|$(ADMIN_MAN_SUFFIX)|g'\'' 	-e '\''s|__libmansuffix__|$(LIB_MAN_SUFFIX)|g'\'' 	-e '\''s|__miscmansuffix__|$(MISC_MAN_SUFFIX)|g'\'' 	-e '\''s|__filemansuffix__|$(FILE_MAN_SUFFIX)|g'\'''
MISC_MAN_DIR='$(mandir)/man$(MISC_MAN_SUFFIX)'
MISC_MAN_SUFFIX='7'
MKDIR_P='/bin/mkdir -p'
NM='/usr/bin/nm -B'
NMEDIT=''
OBJDUMP='objdump'
OBJEXT='o'
OTOOL64=''
OTOOL=''
PACKAGE='libXpm'
PACKAGE_BUGREPORT='https://bugs.freedesktop.org/enter_bug.cgi?product=xorg'
PACKAGE_NAME='libXpm'
PACKAGE_STRING='libXpm 3.5.12'
PACKAGE_TARNAME='libXpm'
PACKAGE_URL=''
PACKAGE_VERSION='3.5.12'
PATH_SEPARATOR=':'
PKG_CONFIG='/usr/bin/pkg-config'
PKG_CONFIG_LIBDIR=''
PKG_CONFIG_PATH=''
RANLIB='ranlib'
SED='/bin/sed'
SET_MAKE=''
SHELL='/bin/sh'
STRICT_CFLAGS=' -pedantic -Werror -Werror=attributes'
STRIP='strip'
SXPM_CFLAGS=''
SXPM_LIBS='-lXt -lX11 -lXext'
USE_GETTEXT_FALSE='#'
USE_GETTEXT_TRUE=''
VERSION='3.5.12'
XORG_MAN_PAGE='X Version 11'
XPM_CFLAGS=''
XPM_LIBS='-lX11'
ac_ct_AR='ar'
ac_ct_CC='gcc'
ac_ct_DUMPBIN=''
am__EXEEXT_FALSE=''
am__EXEEXT_TRUE='#'
am__fastdepCC_FALSE='#'
am__fastdepCC_TRUE=''
am__include='include'
am__isrc=''
am__leading_dot='.'
am__nodep='_no'
am__quote=''
am__tar='$${TAR-tar} chof - "$$tardir"'
am__untar='$${TAR-tar} xf -'
bindir='${exec_prefix}/bin'
build='x86_64-unknown-linux-gnu'
build_alias=''
build_cpu='x86_64'
build_os='linux-gnu'
build_vendor='unknown'
datadir='${datarootdir}'
datarootdir='${prefix}/share'
docdir='${datarootdir}/doc/${PACKAGE_TARNAME}'
dvidir='${docdir}'
exec_prefix='${prefix}'
host='x86_64-unknown-linux-gnu'
host_alias=''
host_cpu='x86_64'
host_os='linux-gnu'
host_vendor='unknown'
htmldir='${docdir}'
includedir='${prefix}/include'
infodir='${datarootdir}/info'
install_sh='${SHELL} /lfskernel/sources/boot/X11/libs/libXpm-3.5.12/install-sh'
libdir='${exec_prefix}/lib'
libexecdir='${exec_prefix}/libexec'
localedir='${datarootdir}/locale'
localstatedir='/var'
mandir='${datarootdir}/man'
mkdir_p='$(MKDIR_P)'
oldincludedir='/usr/include'
pdfdir='${docdir}'
prefix='/usr'
program_transform_name='s,x,x,'
psdir='${docdir}'
sbindir='${exec_prefix}/sbin'
sharedstatedir='${prefix}/com'
sysconfdir='/etc'
target_alias=''

## ----------- ##
## confdefs.h. ##
## ----------- ##

/* confdefs.h */
#define PACKAGE_NAME "libXpm"
#define PACKAGE_TARNAME "libXpm"
#define PACKAGE_VERSION "3.5.12"
#define PACKAGE_STRING "libXpm 3.5.12"
#define PACKAGE_BUGREPORT "https://bugs.freedesktop.org/enter_bug.cgi?product=xorg"
#define PACKAGE_URL ""
#define PACKAGE "libXpm"
#define VERSION "3.5.12"
#define STDC_HEADERS 1
#define HAVE_SYS_TYPES_H 1
#define HAVE_SYS_STAT_H 1
#define HAVE_STDLIB_H 1
#define HAVE_STRING_H 1
#define HAVE_MEMORY_H 1
#define HAVE_STRINGS_H 1
#define HAVE_INTTYPES_H 1
#define HAVE_STDINT_H 1
#define HAVE_UNISTD_H 1
#define HAVE_DLFCN_H 1
#define LT_OBJDIR ".libs/"
#define PACKAGE_VERSION_MAJOR 3
#define PACKAGE_VERSION_MINOR 5
#define PACKAGE_VERSION_PATCHLEVEL 12
#define LOCALEDIR "/usr/share/locale"
#define USE_GETTEXT 1
#define STAT_ZFILE 1

configure: exit 0
