###############################
# Install libXxf86dga-1.1.4.tar.bz2 #
###############################
Making install in src
make[1]: Entering directory '/lfskernel/sources/boot/X11/libs/libXxf86dga-1.1.4/src'
make[2]: Entering directory '/lfskernel/sources/boot/X11/libs/libXxf86dga-1.1.4/src'
 /bin/mkdir -p '/usr/lib'
 /bin/sh ../libtool   --mode=install /usr/bin/install -c   libXxf86dga.la '/usr/lib'
libtool: install: /usr/bin/install -c .libs/libXxf86dga.so.1.0.0 /usr/lib/libXxf86dga.so.1.0.0
libtool: install: (cd /usr/lib && { ln -s -f libXxf86dga.so.1.0.0 libXxf86dga.so.1 || { rm -f libXxf86dga.so.1 && ln -s libXxf86dga.so.1.0.0 libXxf86dga.so.1; }; })
libtool: install: (cd /usr/lib && { ln -s -f libXxf86dga.so.1.0.0 libXxf86dga.so || { rm -f libXxf86dga.so && ln -s libXxf86dga.so.1.0.0 libXxf86dga.so; }; })
libtool: install: /usr/bin/install -c .libs/libXxf86dga.lai /usr/lib/libXxf86dga.la
libtool: finish: PATH="/bin:/usr/bin:/sbin:/usr/sbin:/sbin" ldconfig -n /usr/lib
----------------------------------------------------------------------
Libraries have been installed in:
   /usr/lib

If you ever happen to want to link against installed libraries
in a given directory, LIBDIR, you must either use libtool, and
specify the full pathname of the library, or use the `-LLIBDIR'
flag during linking and do at least one of the following:
   - add LIBDIR to the `LD_LIBRARY_PATH' environment variable
     during execution
   - add LIBDIR to the `LD_RUN_PATH' environment variable
     during linking
   - use the `-Wl,-rpath -Wl,LIBDIR' linker flag
   - have your system administrator add LIBDIR to `/etc/ld.so.conf'

See any operating system documentation about shared libraries for
more information, such as the ld(1) and ld.so(8) manual pages.
----------------------------------------------------------------------
 /bin/mkdir -p '/usr/include/X11/extensions'
 /usr/bin/install -c -m 644 ../include/X11/extensions/Xxf86dga.h ../include/X11/extensions/xf86dga1.h '/usr/include/X11/extensions'
make[2]: Leaving directory '/lfskernel/sources/boot/X11/libs/libXxf86dga-1.1.4/src'
make[1]: Leaving directory '/lfskernel/sources/boot/X11/libs/libXxf86dga-1.1.4/src'
Making install in man
make[1]: Entering directory '/lfskernel/sources/boot/X11/libs/libXxf86dga-1.1.4/man'
make[2]: Entering directory '/lfskernel/sources/boot/X11/libs/libXxf86dga-1.1.4/man'
make[2]: Nothing to be done for 'install-exec-am'.
 /bin/mkdir -p '/usr/share/man/man3'
 /usr/bin/install -c -m 644 XDGA.3 XF86DGA.3 XFree86-DGA.3 XDGAQueryExtension.3 XDGAQueryVersion.3 XDGAQueryModes.3 XDGASetMode.3 XDGAOpenFramebuffer.3 XDGACloseFramebuffer.3 XDGASetViewport.3 XDGAInstallColormap.3 XDGACreateColormap.3 XDGASelectInput.3 XDGAFillRectangle.3 XDGACopyArea.3 XDGACopyTransparentArea.3 XDGAGetViewportStatus.3 XDGASync.3 XDGASetClientVersion.3 XDGAChangePixmapMode.3 XDGAKeyEventToXKeyEvent.3 '/usr/share/man/man3'
make[2]: Leaving directory '/lfskernel/sources/boot/X11/libs/libXxf86dga-1.1.4/man'
make[1]: Leaving directory '/lfskernel/sources/boot/X11/libs/libXxf86dga-1.1.4/man'
make[1]: Entering directory '/lfskernel/sources/boot/X11/libs/libXxf86dga-1.1.4'
make[2]: Entering directory '/lfskernel/sources/boot/X11/libs/libXxf86dga-1.1.4'
make[2]: Nothing to be done for 'install-exec-am'.
 /bin/mkdir -p '/usr/lib/pkgconfig'
 /usr/bin/install -c -m 644 xxf86dga.pc '/usr/lib/pkgconfig'
make[2]: Leaving directory '/lfskernel/sources/boot/X11/libs/libXxf86dga-1.1.4'
make[1]: Leaving directory '/lfskernel/sources/boot/X11/libs/libXxf86dga-1.1.4'
