This file contains any messages produced by compilers while
running configure, to aid debugging if configure makes a mistake.

It was created by libXres configure 1.2.0, which was
generated by GNU Autoconf 2.69.  Invocation command line was

  $ ./configure --prefix=/usr --sysconfdir=/etc --localstatedir=/var --disable-static

## --------- ##
## Platform. ##
## --------- ##

hostname = localhost.localdomain
uname -m = x86_64
uname -r = 3.10.0-693.11.1.el7.x86_64
uname -s = Linux
uname -v = #1 SMP Mon Dec 4 23:52:40 UTC 2017

/usr/bin/uname -p = unknown
/bin/uname -X     = unknown

/bin/arch              = x86_64
/usr/bin/arch -k       = unknown
/usr/convex/getsysinfo = unknown
/usr/bin/hostinfo      = unknown
/bin/machine           = unknown
/usr/bin/oslevel       = unknown
/bin/universe          = unknown

PATH: /bin
PATH: /usr/bin
PATH: /sbin
PATH: /usr/sbin


## ----------- ##
## Core tests. ##
## ----------- ##

configure:2269: checking for a BSD-compatible install
configure:2337: result: /usr/bin/install -c
configure:2348: checking whether build environment is sane
configure:2403: result: yes
configure:2554: checking for a thread-safe mkdir -p
configure:2593: result: /bin/mkdir -p
configure:2600: checking for gawk
configure:2616: found /usr/bin/gawk
configure:2627: result: gawk
configure:2638: checking whether make sets $(MAKE)
configure:2660: result: yes
configure:2689: checking whether make supports nested variables
configure:2706: result: yes
configure:2863: checking build system type
configure:2877: result: x86_64-pc-linux-gnu
configure:2897: checking host system type
configure:2910: result: x86_64-pc-linux-gnu
configure:2951: checking how to print strings
configure:2978: result: printf
configure:3011: checking for style of include used by make
configure:3039: result: GNU
configure:3110: checking for gcc
configure:3126: found /usr/bin/gcc
configure:3137: result: gcc
configure:3366: checking for C compiler version
configure:3375: gcc --version >&5
gcc (GCC) 7.2.0
Copyright (C) 2017 Free Software Foundation, Inc.
This is free software; see the source for copying conditions.  There is NO
warranty; not even for MERCHANTABILITY or FITNESS FOR A PARTICULAR PURPOSE.

configure:3386: $? = 0
configure:3375: gcc -v >&5
Using built-in specs.
COLLECT_GCC=gcc
COLLECT_LTO_WRAPPER=/usr/libexec/gcc/x86_64-pc-linux-gnu/7.2.0/lto-wrapper
Target: x86_64-pc-linux-gnu
Configured with: ../configure --prefix=/usr --enable-languages=c,c++ --disable-multilib --disable-bootstrap --with-system-zlib
Thread model: posix
gcc version 7.2.0 (GCC) 
configure:3386: $? = 0
configure:3375: gcc -V >&5
gcc: error: unrecognized command line option '-V'
gcc: fatal error: no input files
compilation terminated.
configure:3386: $? = 1
configure:3375: gcc -qversion >&5
gcc: error: unrecognized command line option '-qversion'; did you mean '--version'?
gcc: fatal error: no input files
compilation terminated.
configure:3386: $? = 1
configure:3406: checking whether the C compiler works
configure:3428: gcc    conftest.c  >&5
configure:3432: $? = 0
configure:3480: result: yes
configure:3483: checking for C compiler default output file name
configure:3485: result: a.out
configure:3491: checking for suffix of executables
configure:3498: gcc -o conftest    conftest.c  >&5
configure:3502: $? = 0
configure:3524: result: 
configure:3546: checking whether we are cross compiling
configure:3554: gcc -o conftest    conftest.c  >&5
configure:3558: $? = 0
configure:3565: ./conftest
configure:3569: $? = 0
configure:3584: result: no
configure:3589: checking for suffix of object files
configure:3611: gcc -c   conftest.c >&5
configure:3615: $? = 0
configure:3636: result: o
configure:3640: checking whether we are using the GNU C compiler
configure:3659: gcc -c   conftest.c >&5
configure:3659: $? = 0
configure:3668: result: yes
configure:3677: checking whether gcc accepts -g
configure:3697: gcc -c -g  conftest.c >&5
configure:3697: $? = 0
configure:3738: result: yes
configure:3755: checking for gcc option to accept ISO C89
configure:3818: gcc  -c -g -O2  conftest.c >&5
configure:3818: $? = 0
configure:3831: result: none needed
configure:3856: checking whether gcc understands -c and -o together
configure:3878: gcc -c conftest.c -o conftest2.o
configure:3881: $? = 0
configure:3878: gcc -c conftest.c -o conftest2.o
configure:3881: $? = 0
configure:3893: result: yes
configure:3912: checking dependency style of gcc
configure:4023: result: gcc3
configure:4038: checking for a sed that does not truncate output
configure:4102: result: /bin/sed
configure:4120: checking for grep that handles long lines and -e
configure:4178: result: /usr/bin/grep
configure:4183: checking for egrep
configure:4245: result: /usr/bin/grep -E
configure:4250: checking for fgrep
configure:4312: result: /usr/bin/grep -F
configure:4347: checking for ld used by gcc
configure:4414: result: /usr/bin/ld
configure:4421: checking if the linker (/usr/bin/ld) is GNU ld
configure:4436: result: yes
configure:4448: checking for BSD- or MS-compatible name lister (nm)
configure:4502: result: /usr/bin/nm -B
configure:4632: checking the name lister (/usr/bin/nm -B) interface
configure:4639: gcc -c -g -O2  conftest.c >&5
configure:4642: /usr/bin/nm -B "conftest.o"
configure:4645: output
0000000000000000 B some_variable
configure:4652: result: BSD nm
configure:4655: checking whether ln -s works
configure:4659: result: yes
configure:4667: checking the maximum length of command line arguments
configure:4798: result: 1572864
configure:4846: checking how to convert x86_64-pc-linux-gnu file names to x86_64-pc-linux-gnu format
configure:4886: result: func_convert_file_noop
configure:4893: checking how to convert x86_64-pc-linux-gnu file names to toolchain format
configure:4913: result: func_convert_file_noop
configure:4920: checking for /usr/bin/ld option to reload object files
configure:4927: result: -r
configure:5001: checking for objdump
configure:5017: found /usr/bin/objdump
configure:5028: result: objdump
configure:5060: checking how to recognize dependent libraries
configure:5260: result: pass_all
configure:5345: checking for dlltool
configure:5375: result: no
configure:5405: checking how to associate runtime and link libraries
configure:5432: result: printf %s\n
configure:5493: checking for ar
configure:5509: found /usr/bin/ar
configure:5520: result: ar
configure:5557: checking for archiver @FILE support
configure:5574: gcc -c -g -O2  conftest.c >&5
configure:5574: $? = 0
configure:5577: ar cru libconftest.a @conftest.lst >&5
configure:5580: $? = 0
configure:5585: ar cru libconftest.a @conftest.lst >&5
ar: conftest.o: No such file or directory
configure:5588: $? = 1
configure:5600: result: @
configure:5658: checking for strip
configure:5674: found /usr/bin/strip
configure:5685: result: strip
configure:5757: checking for ranlib
configure:5773: found /usr/bin/ranlib
configure:5784: result: ranlib
configure:5886: checking command to parse /usr/bin/nm -B output from gcc object
configure:6039: gcc -c -g -O2  conftest.c >&5
configure:6042: $? = 0
configure:6046: /usr/bin/nm -B conftest.o \| sed -n -e 's/^.*[ ]\([ABCDGIRSTW][ABCDGIRSTW]*\)[ ][ ]*\([_A-Za-z][_A-Za-z0-9]*\)$/\1 \2 \2/p' | sed '/ __gnu_lto/d' \> conftest.nm
configure:6049: $? = 0
configure:6115: gcc -o conftest -g -O2   conftest.c conftstm.o >&5
configure:6118: $? = 0
configure:6156: result: ok
configure:6203: checking for sysroot
configure:6233: result: no
configure:6240: checking for a working dd
configure:6278: result: /bin/dd
configure:6282: checking how to truncate binary pipes
configure:6297: result: /bin/dd bs=4096 count=1
configure:6433: gcc -c -g -O2  conftest.c >&5
configure:6436: $? = 0
configure:6626: checking for mt
configure:6642: found /bin/mt
configure:6653: result: mt
configure:6676: checking if mt is a manifest tool
configure:6682: mt '-?'
configure:6690: result: no
configure:7367: checking how to run the C preprocessor
configure:7398: gcc -E  conftest.c
configure:7398: $? = 0
configure:7412: gcc -E  conftest.c
conftest.c:11:10: fatal error: ac_nonexistent.h: No such file or directory
 #include <ac_nonexistent.h>
          ^~~~~~~~~~~~~~~~~~
compilation terminated.
configure:7412: $? = 1
configure: failed program was:
| /* confdefs.h */
| #define PACKAGE_NAME "libXres"
| #define PACKAGE_TARNAME "libXres"
| #define PACKAGE_VERSION "1.2.0"
| #define PACKAGE_STRING "libXres 1.2.0"
| #define PACKAGE_BUGREPORT "https://bugs.freedesktop.org/enter_bug.cgi?product=xorg"
| #define PACKAGE_URL ""
| #define PACKAGE "libXres"
| #define VERSION "1.2.0"
| /* end confdefs.h.  */
| #include <ac_nonexistent.h>
configure:7437: result: gcc -E
configure:7457: gcc -E  conftest.c
configure:7457: $? = 0
configure:7471: gcc -E  conftest.c
conftest.c:11:10: fatal error: ac_nonexistent.h: No such file or directory
 #include <ac_nonexistent.h>
          ^~~~~~~~~~~~~~~~~~
compilation terminated.
configure:7471: $? = 1
configure: failed program was:
| /* confdefs.h */
| #define PACKAGE_NAME "libXres"
| #define PACKAGE_TARNAME "libXres"
| #define PACKAGE_VERSION "1.2.0"
| #define PACKAGE_STRING "libXres 1.2.0"
| #define PACKAGE_BUGREPORT "https://bugs.freedesktop.org/enter_bug.cgi?product=xorg"
| #define PACKAGE_URL ""
| #define PACKAGE "libXres"
| #define VERSION "1.2.0"
| /* end confdefs.h.  */
| #include <ac_nonexistent.h>
configure:7500: checking for ANSI C header files
configure:7520: gcc -c -g -O2  conftest.c >&5
configure:7520: $? = 0
configure:7593: gcc -o conftest -g -O2   conftest.c  >&5
configure:7593: $? = 0
configure:7593: ./conftest
configure:7593: $? = 0
configure:7604: result: yes
configure:7617: checking for sys/types.h
configure:7617: gcc -c -g -O2  conftest.c >&5
configure:7617: $? = 0
configure:7617: result: yes
configure:7617: checking for sys/stat.h
configure:7617: gcc -c -g -O2  conftest.c >&5
configure:7617: $? = 0
configure:7617: result: yes
configure:7617: checking for stdlib.h
configure:7617: gcc -c -g -O2  conftest.c >&5
configure:7617: $? = 0
configure:7617: result: yes
configure:7617: checking for string.h
configure:7617: gcc -c -g -O2  conftest.c >&5
configure:7617: $? = 0
configure:7617: result: yes
configure:7617: checking for memory.h
configure:7617: gcc -c -g -O2  conftest.c >&5
configure:7617: $? = 0
configure:7617: result: yes
configure:7617: checking for strings.h
configure:7617: gcc -c -g -O2  conftest.c >&5
configure:7617: $? = 0
configure:7617: result: yes
configure:7617: checking for inttypes.h
configure:7617: gcc -c -g -O2  conftest.c >&5
configure:7617: $? = 0
configure:7617: result: yes
configure:7617: checking for stdint.h
configure:7617: gcc -c -g -O2  conftest.c >&5
configure:7617: $? = 0
configure:7617: result: yes
configure:7617: checking for unistd.h
configure:7617: gcc -c -g -O2  conftest.c >&5
configure:7617: $? = 0
configure:7617: result: yes
configure:7631: checking for dlfcn.h
configure:7631: gcc -c -g -O2  conftest.c >&5
configure:7631: $? = 0
configure:7631: result: yes
configure:7887: checking for objdir
configure:7902: result: .libs
configure:8162: checking if gcc supports -fno-rtti -fno-exceptions
configure:8180: gcc -c -g -O2  -fno-rtti -fno-exceptions conftest.c >&5
cc1: warning: command line option '-fno-rtti' is valid for C++/ObjC++ but not for C
configure:8184: $? = 0
configure:8197: result: no
configure:8555: checking for gcc option to produce PIC
configure:8562: result: -fPIC -DPIC
configure:8570: checking if gcc PIC flag -fPIC -DPIC works
configure:8588: gcc -c -g -O2  -fPIC -DPIC -DPIC conftest.c >&5
configure:8592: $? = 0
configure:8605: result: yes
configure:8634: checking if gcc static flag -static works
configure:8662: result: yes
configure:8677: checking if gcc supports -c -o file.o
configure:8698: gcc -c -g -O2  -o out/conftest2.o conftest.c >&5
configure:8702: $? = 0
configure:8724: result: yes
configure:8732: checking if gcc supports -c -o file.o
configure:8779: result: yes
configure:8812: checking whether the gcc linker (/usr/bin/ld -m elf_x86_64) supports shared libraries
configure:10071: result: yes
configure:10108: checking whether -lc should be explicitly linked in
configure:10116: gcc -c -g -O2  conftest.c >&5
configure:10119: $? = 0
configure:10134: gcc -shared  -fPIC -DPIC conftest.o  -v -Wl,-soname -Wl,conftest -o conftest 2\>\&1 \| /usr/bin/grep  -lc  \>/dev/null 2\>\&1
configure:10137: $? = 0
configure:10151: result: no
configure:10311: checking dynamic linker characteristics
configure:10892: gcc -o conftest -g -O2   -Wl,-rpath -Wl,/foo conftest.c  >&5
configure:10892: $? = 0
configure:11132: result: GNU/Linux ld.so
configure:11254: checking how to hardcode library paths into programs
configure:11279: result: immediate
configure:11827: checking whether stripping libraries is possible
configure:11832: result: yes
configure:11867: checking if libtool supports shared libraries
configure:11869: result: yes
configure:11872: checking whether to build shared libraries
configure:11897: result: yes
configure:11900: checking whether to build static libraries
configure:11904: result: no
configure:11954: checking for gcc option to accept ISO C99
configure:12103: gcc  -c -g -O2  conftest.c >&5
configure:12103: $? = 0
configure:12116: result: none needed
configure:12135: checking whether __clang__ is declared
configure:12135: gcc -c -g -O2  conftest.c >&5
conftest.c: In function 'main':
conftest.c:63:10: error: '__clang__' undeclared (first use in this function); did you mean '__clock_t'?
   (void) __clang__;
          ^~~~~~~~~
          __clock_t
conftest.c:63:10: note: each undeclared identifier is reported only once for each function it appears in
configure:12135: $? = 1
configure: failed program was:
| /* confdefs.h */
| #define PACKAGE_NAME "libXres"
| #define PACKAGE_TARNAME "libXres"
| #define PACKAGE_VERSION "1.2.0"
| #define PACKAGE_STRING "libXres 1.2.0"
| #define PACKAGE_BUGREPORT "https://bugs.freedesktop.org/enter_bug.cgi?product=xorg"
| #define PACKAGE_URL ""
| #define PACKAGE "libXres"
| #define VERSION "1.2.0"
| #define STDC_HEADERS 1
| #define HAVE_SYS_TYPES_H 1
| #define HAVE_SYS_STAT_H 1
| #define HAVE_STDLIB_H 1
| #define HAVE_STRING_H 1
| #define HAVE_MEMORY_H 1
| #define HAVE_STRINGS_H 1
| #define HAVE_INTTYPES_H 1
| #define HAVE_STDINT_H 1
| #define HAVE_UNISTD_H 1
| #define HAVE_DLFCN_H 1
| #define LT_OBJDIR ".libs/"
| /* end confdefs.h.  */
| #include <stdio.h>
| #ifdef HAVE_SYS_TYPES_H
| # include <sys/types.h>
| #endif
| #ifdef HAVE_SYS_STAT_H
| # include <sys/stat.h>
| #endif
| #ifdef STDC_HEADERS
| # include <stdlib.h>
| # include <stddef.h>
| #else
| # ifdef HAVE_STDLIB_H
| #  include <stdlib.h>
| # endif
| #endif
| #ifdef HAVE_STRING_H
| # if !defined STDC_HEADERS && defined HAVE_MEMORY_H
| #  include <memory.h>
| # endif
| # include <string.h>
| #endif
| #ifdef HAVE_STRINGS_H
| # include <strings.h>
| #endif
| #ifdef HAVE_INTTYPES_H
| # include <inttypes.h>
| #endif
| #ifdef HAVE_STDINT_H
| # include <stdint.h>
| #endif
| #ifdef HAVE_UNISTD_H
| # include <unistd.h>
| #endif
| int
| main ()
| {
| #ifndef __clang__
| #ifdef __cplusplus
|   (void) __clang__;
| #else
|   (void) __clang__;
| #endif
| #endif
| 
|   ;
|   return 0;
| }
configure:12135: result: no
configure:12142: checking whether __INTEL_COMPILER is declared
configure:12142: gcc -c -g -O2  conftest.c >&5
conftest.c: In function 'main':
conftest.c:63:10: error: '__INTEL_COMPILER' undeclared (first use in this function); did you mean '__BYTE_ORDER'?
   (void) __INTEL_COMPILER;
          ^~~~~~~~~~~~~~~~
          __BYTE_ORDER
conftest.c:63:10: note: each undeclared identifier is reported only once for each function it appears in
configure:12142: $? = 1
configure: failed program was:
| /* confdefs.h */
| #define PACKAGE_NAME "libXres"
| #define PACKAGE_TARNAME "libXres"
| #define PACKAGE_VERSION "1.2.0"
| #define PACKAGE_STRING "libXres 1.2.0"
| #define PACKAGE_BUGREPORT "https://bugs.freedesktop.org/enter_bug.cgi?product=xorg"
| #define PACKAGE_URL ""
| #define PACKAGE "libXres"
| #define VERSION "1.2.0"
| #define STDC_HEADERS 1
| #define HAVE_SYS_TYPES_H 1
| #define HAVE_SYS_STAT_H 1
| #define HAVE_STDLIB_H 1
| #define HAVE_STRING_H 1
| #define HAVE_MEMORY_H 1
| #define HAVE_STRINGS_H 1
| #define HAVE_INTTYPES_H 1
| #define HAVE_STDINT_H 1
| #define HAVE_UNISTD_H 1
| #define HAVE_DLFCN_H 1
| #define LT_OBJDIR ".libs/"
| /* end confdefs.h.  */
| #include <stdio.h>
| #ifdef HAVE_SYS_TYPES_H
| # include <sys/types.h>
| #endif
| #ifdef HAVE_SYS_STAT_H
| # include <sys/stat.h>
| #endif
| #ifdef STDC_HEADERS
| # include <stdlib.h>
| # include <stddef.h>
| #else
| # ifdef HAVE_STDLIB_H
| #  include <stdlib.h>
| # endif
| #endif
| #ifdef HAVE_STRING_H
| # if !defined STDC_HEADERS && defined HAVE_MEMORY_H
| #  include <memory.h>
| # endif
| # include <string.h>
| #endif
| #ifdef HAVE_STRINGS_H
| # include <strings.h>
| #endif
| #ifdef HAVE_INTTYPES_H
| # include <inttypes.h>
| #endif
| #ifdef HAVE_STDINT_H
| # include <stdint.h>
| #endif
| #ifdef HAVE_UNISTD_H
| # include <unistd.h>
| #endif
| int
| main ()
| {
| #ifndef __INTEL_COMPILER
| #ifdef __cplusplus
|   (void) __INTEL_COMPILER;
| #else
|   (void) __INTEL_COMPILER;
| #endif
| #endif
| 
|   ;
|   return 0;
| }
configure:12142: result: no
configure:12149: checking whether __SUNPRO_C is declared
configure:12149: gcc -c -g -O2  conftest.c >&5
conftest.c: In function 'main':
conftest.c:63:10: error: '__SUNPRO_C' undeclared (first use in this function); did you mean '__INT8_C'?
   (void) __SUNPRO_C;
          ^~~~~~~~~~
          __INT8_C
conftest.c:63:10: note: each undeclared identifier is reported only once for each function it appears in
configure:12149: $? = 1
configure: failed program was:
| /* confdefs.h */
| #define PACKAGE_NAME "libXres"
| #define PACKAGE_TARNAME "libXres"
| #define PACKAGE_VERSION "1.2.0"
| #define PACKAGE_STRING "libXres 1.2.0"
| #define PACKAGE_BUGREPORT "https://bugs.freedesktop.org/enter_bug.cgi?product=xorg"
| #define PACKAGE_URL ""
| #define PACKAGE "libXres"
| #define VERSION "1.2.0"
| #define STDC_HEADERS 1
| #define HAVE_SYS_TYPES_H 1
| #define HAVE_SYS_STAT_H 1
| #define HAVE_STDLIB_H 1
| #define HAVE_STRING_H 1
| #define HAVE_MEMORY_H 1
| #define HAVE_STRINGS_H 1
| #define HAVE_INTTYPES_H 1
| #define HAVE_STDINT_H 1
| #define HAVE_UNISTD_H 1
| #define HAVE_DLFCN_H 1
| #define LT_OBJDIR ".libs/"
| /* end confdefs.h.  */
| #include <stdio.h>
| #ifdef HAVE_SYS_TYPES_H
| # include <sys/types.h>
| #endif
| #ifdef HAVE_SYS_STAT_H
| # include <sys/stat.h>
| #endif
| #ifdef STDC_HEADERS
| # include <stdlib.h>
| # include <stddef.h>
| #else
| # ifdef HAVE_STDLIB_H
| #  include <stdlib.h>
| # endif
| #endif
| #ifdef HAVE_STRING_H
| # if !defined STDC_HEADERS && defined HAVE_MEMORY_H
| #  include <memory.h>
| # endif
| # include <string.h>
| #endif
| #ifdef HAVE_STRINGS_H
| # include <strings.h>
| #endif
| #ifdef HAVE_INTTYPES_H
| # include <inttypes.h>
| #endif
| #ifdef HAVE_STDINT_H
| # include <stdint.h>
| #endif
| #ifdef HAVE_UNISTD_H
| # include <unistd.h>
| #endif
| int
| main ()
| {
| #ifndef __SUNPRO_C
| #ifdef __cplusplus
|   (void) __SUNPRO_C;
| #else
|   (void) __SUNPRO_C;
| #endif
| #endif
| 
|   ;
|   return 0;
| }
configure:12149: result: no
configure:12211: checking for pkg-config
configure:12229: found /usr/bin/pkg-config
configure:12241: result: /usr/bin/pkg-config
configure:12266: checking pkg-config is at least version 0.9.0
configure:12269: result: yes
configure:12318: checking if gcc supports -Werror=unknown-warning-option
configure:12327: gcc -c -g -O2 -Werror=unknown-warning-option  conftest.c >&5
cc1: error: -Werror=unknown-warning-option: no option -Wunknown-warning-option
configure:12327: $? = 1
configure: failed program was:
| /* confdefs.h */
| #define PACKAGE_NAME "libXres"
| #define PACKAGE_TARNAME "libXres"
| #define PACKAGE_VERSION "1.2.0"
| #define PACKAGE_STRING "libXres 1.2.0"
| #define PACKAGE_BUGREPORT "https://bugs.freedesktop.org/enter_bug.cgi?product=xorg"
| #define PACKAGE_URL ""
| #define PACKAGE "libXres"
| #define VERSION "1.2.0"
| #define STDC_HEADERS 1
| #define HAVE_SYS_TYPES_H 1
| #define HAVE_SYS_STAT_H 1
| #define HAVE_STDLIB_H 1
| #define HAVE_STRING_H 1
| #define HAVE_MEMORY_H 1
| #define HAVE_STRINGS_H 1
| #define HAVE_INTTYPES_H 1
| #define HAVE_STDINT_H 1
| #define HAVE_UNISTD_H 1
| #define HAVE_DLFCN_H 1
| #define LT_OBJDIR ".libs/"
| /* end confdefs.h.  */
| int i;
configure:12334: result: no
configure:12345: checking if gcc supports -Werror=unused-command-line-argument
configure:12354: gcc -c -g -O2 -Werror=unused-command-line-argument  conftest.c >&5
cc1: error: -Werror=unused-command-line-argument: no option -Wunused-command-line-argument
configure:12354: $? = 1
configure: failed program was:
| /* confdefs.h */
| #define PACKAGE_NAME "libXres"
| #define PACKAGE_TARNAME "libXres"
| #define PACKAGE_VERSION "1.2.0"
| #define PACKAGE_STRING "libXres 1.2.0"
| #define PACKAGE_BUGREPORT "https://bugs.freedesktop.org/enter_bug.cgi?product=xorg"
| #define PACKAGE_URL ""
| #define PACKAGE "libXres"
| #define VERSION "1.2.0"
| #define STDC_HEADERS 1
| #define HAVE_SYS_TYPES_H 1
| #define HAVE_SYS_STAT_H 1
| #define HAVE_STDLIB_H 1
| #define HAVE_STRING_H 1
| #define HAVE_MEMORY_H 1
| #define HAVE_STRINGS_H 1
| #define HAVE_INTTYPES_H 1
| #define HAVE_STDINT_H 1
| #define HAVE_UNISTD_H 1
| #define HAVE_DLFCN_H 1
| #define LT_OBJDIR ".libs/"
| /* end confdefs.h.  */
| int i;
configure:12361: result: no
configure:12380: checking if gcc supports -Wall
configure:12397: gcc -o conftest -g -O2 -Wall   conftest.c  >&5
configure:12397: $? = 0
configure:12410: result: yes
configure:12498: checking if gcc supports -Wpointer-arith
configure:12515: gcc -o conftest -g -O2 -Wpointer-arith   conftest.c  >&5
configure:12515: $? = 0
configure:12528: result: yes
configure:12616: checking if gcc supports -Wmissing-declarations
configure:12633: gcc -o conftest -g -O2 -Wmissing-declarations   conftest.c  >&5
configure:12633: $? = 0
configure:12646: result: yes
configure:12734: checking if gcc supports -Wformat=2
configure:12751: gcc -o conftest -g -O2 -Wformat=2   conftest.c  >&5
configure:12751: $? = 0
configure:12764: result: yes
configure:12903: checking if gcc supports -Wstrict-prototypes
configure:12920: gcc -o conftest -g -O2 -Wstrict-prototypes   conftest.c  >&5
conftest.c:25:1: warning: function declaration isn't a prototype [-Wstrict-prototypes]
 main ()
 ^~~~
configure:12920: $? = 0
configure:12933: result: yes
configure:13021: checking if gcc supports -Wmissing-prototypes
configure:13038: gcc -o conftest -g -O2 -Wmissing-prototypes   conftest.c  >&5
configure:13038: $? = 0
configure:13051: result: yes
configure:13139: checking if gcc supports -Wnested-externs
configure:13156: gcc -o conftest -g -O2 -Wnested-externs   conftest.c  >&5
configure:13156: $? = 0
configure:13169: result: yes
configure:13257: checking if gcc supports -Wbad-function-cast
configure:13274: gcc -o conftest -g -O2 -Wbad-function-cast   conftest.c  >&5
configure:13274: $? = 0
configure:13287: result: yes
configure:13375: checking if gcc supports -Wold-style-definition
configure:13392: gcc -o conftest -g -O2 -Wold-style-definition   conftest.c  >&5
conftest.c: In function 'main':
conftest.c:25:1: warning: old-style function definition [-Wold-style-definition]
 main ()
 ^~~~
configure:13392: $? = 0
configure:13405: result: yes
configure:13542: checking if gcc supports -Wdeclaration-after-statement
configure:13559: gcc -o conftest -g -O2 -Wdeclaration-after-statement   conftest.c  >&5
configure:13559: $? = 0
configure:13572: result: yes
configure:13664: checking if gcc supports -Wunused
configure:13681: gcc -o conftest -g -O2 -Wunused   conftest.c  >&5
configure:13681: $? = 0
configure:13694: result: yes
configure:13782: checking if gcc supports -Wuninitialized
configure:13799: gcc -o conftest -g -O2 -Wuninitialized   conftest.c  >&5
configure:13799: $? = 0
configure:13812: result: yes
configure:13900: checking if gcc supports -Wshadow
configure:13917: gcc -o conftest -g -O2 -Wshadow   conftest.c  >&5
configure:13917: $? = 0
configure:13930: result: yes
configure:14018: checking if gcc supports -Wmissing-noreturn
configure:14035: gcc -o conftest -g -O2 -Wmissing-noreturn   conftest.c  >&5
configure:14035: $? = 0
configure:14048: result: yes
configure:14136: checking if gcc supports -Wmissing-format-attribute
configure:14153: gcc -o conftest -g -O2 -Wmissing-format-attribute   conftest.c  >&5
configure:14153: $? = 0
configure:14166: result: yes
configure:14254: checking if gcc supports -Wredundant-decls
configure:14271: gcc -o conftest -g -O2 -Wredundant-decls   conftest.c  >&5
configure:14271: $? = 0
configure:14284: result: yes
configure:14372: checking if gcc supports -Wlogical-op
configure:14389: gcc -o conftest -g -O2 -Wlogical-op   conftest.c  >&5
configure:14389: $? = 0
configure:14402: result: yes
configure:14502: checking if gcc supports -Werror=implicit
configure:14519: gcc -o conftest -g -O2 -Werror=implicit   conftest.c  >&5
configure:14519: $? = 0
configure:14532: result: yes
configure:14669: checking if gcc supports -Werror=nonnull
configure:14686: gcc -o conftest -g -O2 -Werror=nonnull   conftest.c  >&5
configure:14686: $? = 0
configure:14699: result: yes
configure:14787: checking if gcc supports -Werror=init-self
configure:14804: gcc -o conftest -g -O2 -Werror=init-self   conftest.c  >&5
configure:14804: $? = 0
configure:14817: result: yes
configure:14905: checking if gcc supports -Werror=main
configure:14922: gcc -o conftest -g -O2 -Werror=main   conftest.c  >&5
configure:14922: $? = 0
configure:14935: result: yes
configure:15023: checking if gcc supports -Werror=missing-braces
configure:15040: gcc -o conftest -g -O2 -Werror=missing-braces   conftest.c  >&5
configure:15040: $? = 0
configure:15053: result: yes
configure:15141: checking if gcc supports -Werror=sequence-point
configure:15158: gcc -o conftest -g -O2 -Werror=sequence-point   conftest.c  >&5
configure:15158: $? = 0
configure:15171: result: yes
configure:15259: checking if gcc supports -Werror=return-type
configure:15276: gcc -o conftest -g -O2 -Werror=return-type   conftest.c  >&5
configure:15276: $? = 0
configure:15289: result: yes
configure:15426: checking if gcc supports -Werror=trigraphs
configure:15443: gcc -o conftest -g -O2 -Werror=trigraphs   conftest.c  >&5
configure:15443: $? = 0
configure:15456: result: yes
configure:15544: checking if gcc supports -Werror=array-bounds
configure:15561: gcc -o conftest -g -O2 -Werror=array-bounds   conftest.c  >&5
configure:15561: $? = 0
configure:15574: result: yes
configure:15662: checking if gcc supports -Werror=write-strings
configure:15679: gcc -o conftest -g -O2 -Werror=write-strings   conftest.c  >&5
configure:15679: $? = 0
configure:15692: result: yes
configure:15780: checking if gcc supports -Werror=address
configure:15797: gcc -o conftest -g -O2 -Werror=address   conftest.c  >&5
configure:15797: $? = 0
configure:15810: result: yes
configure:15898: checking if gcc supports -Werror=int-to-pointer-cast
configure:15915: gcc -o conftest -g -O2 -Werror=int-to-pointer-cast   conftest.c  >&5
configure:15915: $? = 0
configure:15928: result: yes
configure:16065: checking if gcc supports -Werror=pointer-to-int-cast
configure:16082: gcc -o conftest -g -O2 -Werror=pointer-to-int-cast   conftest.c  >&5
configure:16082: $? = 0
configure:16095: result: yes
configure:17753: checking if gcc supports -pedantic
configure:17770: gcc -o conftest -g -O2 -pedantic   conftest.c  >&5
configure:17770: $? = 0
configure:17783: result: yes
configure:17871: checking if gcc supports -Werror
configure:17888: gcc -o conftest -g -O2 -Werror   conftest.c  >&5
configure:17888: $? = 0
configure:17901: result: yes
configure:18041: checking if gcc supports -Werror=attributes
configure:18058: gcc -o conftest -g -O2 -Werror=attributes   conftest.c  >&5
configure:18058: $? = 0
configure:18071: result: yes
configure:18231: checking whether make supports nested variables
configure:18248: result: yes
configure:18269: checking whether malloc(0) returns NULL
configure:18301: gcc -o conftest -g -O2   conftest.c  >&5
configure:18301: $? = 0
configure:18301: ./conftest
configure:18301: $? = 0
configure:18314: result: yes
configure:18335: checking for XRES
configure:18342: $PKG_CONFIG --exists --print-errors "x11 >= 1.6 xext xextproto resourceproto >= 1.2.0"
configure:18345: $? = 0
configure:18359: $PKG_CONFIG --exists --print-errors "x11 >= 1.6 xext xextproto resourceproto >= 1.2.0"
configure:18362: $? = 0
configure:18420: result: yes
configure:18536: checking that generated files are newer than configure
configure:18542: result: done
configure:18565: creating ./config.status

## ---------------------- ##
## Running config.status. ##
## ---------------------- ##

This file was extended by libXres config.status 1.2.0, which was
generated by GNU Autoconf 2.69.  Invocation command line was

  CONFIG_FILES    = 
  CONFIG_HEADERS  = 
  CONFIG_LINKS    = 
  CONFIG_COMMANDS = 
  $ ./config.status 

on localhost.localdomain

config.status:1127: creating Makefile
config.status:1127: creating src/Makefile
config.status:1127: creating man/Makefile
config.status:1127: creating xres.pc
config.status:1127: creating config.h
config.status:1356: executing depfiles commands
config.status:1356: executing libtool commands

## ---------------- ##
## Cache variables. ##
## ---------------- ##

ac_cv_build=x86_64-pc-linux-gnu
ac_cv_c_compiler_gnu=yes
ac_cv_env_CC_set=
ac_cv_env_CC_value=
ac_cv_env_CFLAGS_set=
ac_cv_env_CFLAGS_value=
ac_cv_env_CPPFLAGS_set=
ac_cv_env_CPPFLAGS_value=
ac_cv_env_CPP_set=
ac_cv_env_CPP_value=
ac_cv_env_LDFLAGS_set=
ac_cv_env_LDFLAGS_value=
ac_cv_env_LIBS_set=
ac_cv_env_LIBS_value=
ac_cv_env_LT_SYS_LIBRARY_PATH_set=
ac_cv_env_LT_SYS_LIBRARY_PATH_value=
ac_cv_env_PKG_CONFIG_LIBDIR_set=
ac_cv_env_PKG_CONFIG_LIBDIR_value=
ac_cv_env_PKG_CONFIG_PATH_set=
ac_cv_env_PKG_CONFIG_PATH_value=
ac_cv_env_PKG_CONFIG_set=
ac_cv_env_PKG_CONFIG_value=
ac_cv_env_XRES_CFLAGS_set=
ac_cv_env_XRES_CFLAGS_value=
ac_cv_env_XRES_LIBS_set=
ac_cv_env_XRES_LIBS_value=
ac_cv_env_build_alias_set=
ac_cv_env_build_alias_value=
ac_cv_env_host_alias_set=
ac_cv_env_host_alias_value=
ac_cv_env_target_alias_set=
ac_cv_env_target_alias_value=
ac_cv_have_decl___INTEL_COMPILER=no
ac_cv_have_decl___SUNPRO_C=no
ac_cv_have_decl___clang__=no
ac_cv_header_dlfcn_h=yes
ac_cv_header_inttypes_h=yes
ac_cv_header_memory_h=yes
ac_cv_header_stdc=yes
ac_cv_header_stdint_h=yes
ac_cv_header_stdlib_h=yes
ac_cv_header_string_h=yes
ac_cv_header_strings_h=yes
ac_cv_header_sys_stat_h=yes
ac_cv_header_sys_types_h=yes
ac_cv_header_unistd_h=yes
ac_cv_host=x86_64-pc-linux-gnu
ac_cv_objext=o
ac_cv_path_EGREP='/usr/bin/grep -E'
ac_cv_path_FGREP='/usr/bin/grep -F'
ac_cv_path_GREP=/usr/bin/grep
ac_cv_path_SED=/bin/sed
ac_cv_path_ac_pt_PKG_CONFIG=/usr/bin/pkg-config
ac_cv_path_install='/usr/bin/install -c'
ac_cv_path_lt_DD=/bin/dd
ac_cv_path_mkdir=/bin/mkdir
ac_cv_prog_AWK=gawk
ac_cv_prog_CPP='gcc -E'
ac_cv_prog_ac_ct_AR=ar
ac_cv_prog_ac_ct_CC=gcc
ac_cv_prog_ac_ct_MANIFEST_TOOL=mt
ac_cv_prog_ac_ct_OBJDUMP=objdump
ac_cv_prog_ac_ct_RANLIB=ranlib
ac_cv_prog_ac_ct_STRIP=strip
ac_cv_prog_cc_c89=
ac_cv_prog_cc_c99=
ac_cv_prog_cc_g=yes
ac_cv_prog_make_make_set=yes
am_cv_CC_dependencies_compiler_type=gcc3
am_cv_make_support_nested_variables=yes
am_cv_prog_cc_c_o=yes
lt_cv_ar_at_file=@
lt_cv_archive_cmds_need_lc=no
lt_cv_deplibs_check_method=pass_all
lt_cv_file_magic_cmd='$MAGIC_CMD'
lt_cv_file_magic_test_file=
lt_cv_ld_reload_flag=-r
lt_cv_nm_interface='BSD nm'
lt_cv_objdir=.libs
lt_cv_path_LD=/usr/bin/ld
lt_cv_path_NM='/usr/bin/nm -B'
lt_cv_path_mainfest_tool=no
lt_cv_prog_compiler_c_o=yes
lt_cv_prog_compiler_pic='-fPIC -DPIC'
lt_cv_prog_compiler_pic_works=yes
lt_cv_prog_compiler_rtti_exceptions=no
lt_cv_prog_compiler_static_works=yes
lt_cv_prog_gnu_ld=yes
lt_cv_sharedlib_from_linklib_cmd='printf %s\n'
lt_cv_shlibpath_overrides_runpath=no
lt_cv_sys_global_symbol_pipe='sed -n -e '\''s/^.*[	 ]\([ABCDGIRSTW][ABCDGIRSTW]*\)[	 ][	 ]*\([_A-Za-z][_A-Za-z0-9]*\)$/\1 \2 \2/p'\'' | sed '\''/ __gnu_lto/d'\'''
lt_cv_sys_global_symbol_to_c_name_address='sed -n -e '\''s/^: \(.*\) .*$/  {"\1", (void *) 0},/p'\'' -e '\''s/^[ABCDGIRSTW][ABCDGIRSTW]* .* \(.*\)$/  {"\1", (void *) \&\1},/p'\'''
lt_cv_sys_global_symbol_to_c_name_address_lib_prefix='sed -n -e '\''s/^: \(.*\) .*$/  {"\1", (void *) 0},/p'\'' -e '\''s/^[ABCDGIRSTW][ABCDGIRSTW]* .* \(lib.*\)$/  {"\1", (void *) \&\1},/p'\'' -e '\''s/^[ABCDGIRSTW][ABCDGIRSTW]* .* \(.*\)$/  {"lib\1", (void *) \&\1},/p'\'''
lt_cv_sys_global_symbol_to_cdecl='sed -n -e '\''s/^T .* \(.*\)$/extern int \1();/p'\'' -e '\''s/^[ABCDGIRSTW][ABCDGIRSTW]* .* \(.*\)$/extern char \1;/p'\'''
lt_cv_sys_global_symbol_to_import=
lt_cv_sys_max_cmd_len=1572864
lt_cv_to_host_file_cmd=func_convert_file_noop
lt_cv_to_tool_file_cmd=func_convert_file_noop
lt_cv_truncate_bin='/bin/dd bs=4096 count=1'
pkg_cv_XRES_CFLAGS=
pkg_cv_XRES_LIBS='-lX11 -lXext'
xorg_cv_cc_flag__Wall=yes
xorg_cv_cc_flag__Wbad_function_cast=yes
xorg_cv_cc_flag__Wdeclaration_after_statement=yes
xorg_cv_cc_flag__Werror=yes
xorg_cv_cc_flag__Werror_address=yes
xorg_cv_cc_flag__Werror_array_bounds=yes
xorg_cv_cc_flag__Werror_attributes=yes
xorg_cv_cc_flag__Werror_implicit=yes
xorg_cv_cc_flag__Werror_init_self=yes
xorg_cv_cc_flag__Werror_int_to_pointer_cast=yes
xorg_cv_cc_flag__Werror_main=yes
xorg_cv_cc_flag__Werror_missing_braces=yes
xorg_cv_cc_flag__Werror_nonnull=yes
xorg_cv_cc_flag__Werror_pointer_to_int_cast=yes
xorg_cv_cc_flag__Werror_return_type=yes
xorg_cv_cc_flag__Werror_sequence_point=yes
xorg_cv_cc_flag__Werror_trigraphs=yes
xorg_cv_cc_flag__Werror_write_strings=yes
xorg_cv_cc_flag__Wformat_2=yes
xorg_cv_cc_flag__Wlogical_op=yes
xorg_cv_cc_flag__Wmissing_declarations=yes
xorg_cv_cc_flag__Wmissing_format_attribute=yes
xorg_cv_cc_flag__Wmissing_noreturn=yes
xorg_cv_cc_flag__Wmissing_prototypes=yes
xorg_cv_cc_flag__Wnested_externs=yes
xorg_cv_cc_flag__Wold_style_definition=yes
xorg_cv_cc_flag__Wpointer_arith=yes
xorg_cv_cc_flag__Wredundant_decls=yes
xorg_cv_cc_flag__Wshadow=yes
xorg_cv_cc_flag__Wstrict_prototypes=yes
xorg_cv_cc_flag__Wuninitialized=yes
xorg_cv_cc_flag__Wunused=yes
xorg_cv_cc_flag__pedantic=yes
xorg_cv_cc_flag_unknown_warning_option=no
xorg_cv_cc_flag_unused_command_line_argument=no
xorg_cv_malloc0_returns_null=yes

## ----------------- ##
## Output variables. ##
## ----------------- ##

ACLOCAL='${SHELL} /lfskernel/sources/boot/X11/libs/libXres-1.2.0/missing aclocal-1.15'
ADMIN_MAN_DIR='$(mandir)/man$(ADMIN_MAN_SUFFIX)'
ADMIN_MAN_SUFFIX='8'
AMDEPBACKSLASH='\'
AMDEP_FALSE='#'
AMDEP_TRUE=''
AMTAR='$${TAR-tar}'
AM_BACKSLASH='\'
AM_DEFAULT_V='$(AM_DEFAULT_VERBOSITY)'
AM_DEFAULT_VERBOSITY='0'
AM_V='$(V)'
APP_MAN_DIR='$(mandir)/man$(APP_MAN_SUFFIX)'
APP_MAN_SUFFIX='1'
AR='ar'
AUTOCONF='${SHELL} /lfskernel/sources/boot/X11/libs/libXres-1.2.0/missing autoconf'
AUTOHEADER='${SHELL} /lfskernel/sources/boot/X11/libs/libXres-1.2.0/missing autoheader'
AUTOMAKE='${SHELL} /lfskernel/sources/boot/X11/libs/libXres-1.2.0/missing automake-1.15'
AWK='gawk'
BASE_CFLAGS=' -Wall -Wpointer-arith -Wmissing-declarations -Wformat=2 -Wstrict-prototypes -Wmissing-prototypes -Wnested-externs -Wbad-function-cast -Wold-style-definition -Wdeclaration-after-statement -Wunused -Wuninitialized -Wshadow -Wmissing-noreturn -Wmissing-format-attribute -Wredundant-decls -Wlogical-op -Werror=implicit -Werror=nonnull -Werror=init-self -Werror=main -Werror=missing-braces -Werror=sequence-point -Werror=return-type -Werror=trigraphs -Werror=array-bounds -Werror=write-strings -Werror=address -Werror=int-to-pointer-cast -Werror=pointer-to-int-cast'
CC='gcc'
CCDEPMODE='depmode=gcc3'
CFLAGS='-g -O2'
CHANGELOG_CMD='(GIT_DIR=$(top_srcdir)/.git git log > $(top_srcdir)/.changelog.tmp && mv $(top_srcdir)/.changelog.tmp $(top_srcdir)/ChangeLog) || (rm -f $(top_srcdir)/.changelog.tmp; touch $(top_srcdir)/ChangeLog; echo '\''git directory not found: installing possibly empty changelog.'\'' >&2)'
CPP='gcc -E'
CPPFLAGS=''
CWARNFLAGS=' -Wall -Wpointer-arith -Wmissing-declarations -Wformat=2 -Wstrict-prototypes -Wmissing-prototypes -Wnested-externs -Wbad-function-cast -Wold-style-definition -Wdeclaration-after-statement -Wunused -Wuninitialized -Wshadow -Wmissing-noreturn -Wmissing-format-attribute -Wredundant-decls -Wlogical-op -Werror=implicit -Werror=nonnull -Werror=init-self -Werror=main -Werror=missing-braces -Werror=sequence-point -Werror=return-type -Werror=trigraphs -Werror=array-bounds -Werror=write-strings -Werror=address -Werror=int-to-pointer-cast -Werror=pointer-to-int-cast -fno-strict-aliasing'
CYGPATH_W='echo'
DEFS='-DHAVE_CONFIG_H'
DEPDIR='.deps'
DLLTOOL='false'
DRIVER_MAN_DIR='$(mandir)/man$(DRIVER_MAN_SUFFIX)'
DRIVER_MAN_SUFFIX='4'
DSYMUTIL=''
DUMPBIN=''
ECHO_C=''
ECHO_N='-n'
ECHO_T=''
EGREP='/usr/bin/grep -E'
EXEEXT=''
FGREP='/usr/bin/grep -F'
FILE_MAN_DIR='$(mandir)/man$(FILE_MAN_SUFFIX)'
FILE_MAN_SUFFIX='5'
GREP='/usr/bin/grep'
INSTALL_CMD='(cp -f /usr/share/util-macros/INSTALL $(top_srcdir)/.INSTALL.tmp && mv $(top_srcdir)/.INSTALL.tmp $(top_srcdir)/INSTALL) || (rm -f $(top_srcdir)/.INSTALL.tmp; touch $(top_srcdir)/INSTALL; echo '\''util-macros "pkgdatadir" from xorg-macros.pc not found: installing possibly empty INSTALL.'\'' >&2)'
INSTALL_DATA='${INSTALL} -m 644'
INSTALL_PROGRAM='${INSTALL}'
INSTALL_SCRIPT='${INSTALL}'
INSTALL_STRIP_PROGRAM='$(install_sh) -c -s'
LD='/usr/bin/ld -m elf_x86_64'
LDFLAGS=''
LIBOBJS=''
LIBS=''
LIBTOOL='$(SHELL) $(top_builddir)/libtool'
LIB_MAN_DIR='$(mandir)/man$(LIB_MAN_SUFFIX)'
LIB_MAN_SUFFIX='3'
LIPO=''
LN_S='ln -s'
LTLIBOBJS=''
LT_SYS_LIBRARY_PATH=''
MAKEINFO='${SHELL} /lfskernel/sources/boot/X11/libs/libXres-1.2.0/missing makeinfo'
MALLOC_ZERO_CFLAGS='-DMALLOC_0_RETURNS_NULL'
MANIFEST_TOOL=':'
MAN_SUBSTS='	-e '\''s|__vendorversion__|"$(PACKAGE_STRING)" "$(XORG_MAN_PAGE)"|'\'' 	-e '\''s|__xorgversion__|"$(PACKAGE_STRING)" "$(XORG_MAN_PAGE)"|'\'' 	-e '\''s|__xservername__|Xorg|g'\'' 	-e '\''s|__xconfigfile__|xorg.conf|g'\'' 	-e '\''s|__projectroot__|$(prefix)|g'\'' 	-e '\''s|__apploaddir__|$(appdefaultdir)|g'\'' 	-e '\''s|__appmansuffix__|$(APP_MAN_SUFFIX)|g'\'' 	-e '\''s|__drivermansuffix__|$(DRIVER_MAN_SUFFIX)|g'\'' 	-e '\''s|__adminmansuffix__|$(ADMIN_MAN_SUFFIX)|g'\'' 	-e '\''s|__libmansuffix__|$(LIB_MAN_SUFFIX)|g'\'' 	-e '\''s|__miscmansuffix__|$(MISC_MAN_SUFFIX)|g'\'' 	-e '\''s|__filemansuffix__|$(FILE_MAN_SUFFIX)|g'\'''
MISC_MAN_DIR='$(mandir)/man$(MISC_MAN_SUFFIX)'
MISC_MAN_SUFFIX='7'
MKDIR_P='/bin/mkdir -p'
NM='/usr/bin/nm -B'
NMEDIT=''
OBJDUMP='objdump'
OBJEXT='o'
OTOOL64=''
OTOOL=''
PACKAGE='libXres'
PACKAGE_BUGREPORT='https://bugs.freedesktop.org/enter_bug.cgi?product=xorg'
PACKAGE_NAME='libXres'
PACKAGE_STRING='libXres 1.2.0'
PACKAGE_TARNAME='libXres'
PACKAGE_URL=''
PACKAGE_VERSION='1.2.0'
PATH_SEPARATOR=':'
PKG_CONFIG='/usr/bin/pkg-config'
PKG_CONFIG_LIBDIR=''
PKG_CONFIG_PATH=''
RANLIB='ranlib'
SED='/bin/sed'
SET_MAKE=''
SHELL='/bin/sh'
STRICT_CFLAGS=' -pedantic -Werror -Werror=attributes'
STRIP='strip'
VERSION='1.2.0'
XMALLOC_ZERO_CFLAGS='-DMALLOC_0_RETURNS_NULL'
XORG_MAN_PAGE='X Version 11'
XRES_CFLAGS=''
XRES_LIBS='-lX11 -lXext'
XTMALLOC_ZERO_CFLAGS='-DMALLOC_0_RETURNS_NULL -DXTMALLOC_BC'
ac_ct_AR='ar'
ac_ct_CC='gcc'
ac_ct_DUMPBIN=''
am__EXEEXT_FALSE=''
am__EXEEXT_TRUE='#'
am__fastdepCC_FALSE='#'
am__fastdepCC_TRUE=''
am__include='include'
am__isrc=''
am__leading_dot='.'
am__nodep='_no'
am__quote=''
am__tar='$${TAR-tar} chof - "$$tardir"'
am__untar='$${TAR-tar} xf -'
bindir='${exec_prefix}/bin'
build='x86_64-pc-linux-gnu'
build_alias=''
build_cpu='x86_64'
build_os='linux-gnu'
build_vendor='pc'
datadir='${datarootdir}'
datarootdir='${prefix}/share'
docdir='${datarootdir}/doc/${PACKAGE_TARNAME}'
dvidir='${docdir}'
exec_prefix='${prefix}'
host='x86_64-pc-linux-gnu'
host_alias=''
host_cpu='x86_64'
host_os='linux-gnu'
host_vendor='pc'
htmldir='${docdir}'
includedir='${prefix}/include'
infodir='${datarootdir}/info'
install_sh='${SHELL} /lfskernel/sources/boot/X11/libs/libXres-1.2.0/install-sh'
libdir='${exec_prefix}/lib'
libexecdir='${exec_prefix}/libexec'
localedir='${datarootdir}/locale'
localstatedir='/var'
mandir='${datarootdir}/man'
mkdir_p='$(MKDIR_P)'
oldincludedir='/usr/include'
pdfdir='${docdir}'
prefix='/usr'
program_transform_name='s,x,x,'
psdir='${docdir}'
sbindir='${exec_prefix}/sbin'
sharedstatedir='${prefix}/com'
sysconfdir='/etc'
target_alias=''

## ----------- ##
## confdefs.h. ##
## ----------- ##

/* confdefs.h */
#define PACKAGE_NAME "libXres"
#define PACKAGE_TARNAME "libXres"
#define PACKAGE_VERSION "1.2.0"
#define PACKAGE_STRING "libXres 1.2.0"
#define PACKAGE_BUGREPORT "https://bugs.freedesktop.org/enter_bug.cgi?product=xorg"
#define PACKAGE_URL ""
#define PACKAGE "libXres"
#define VERSION "1.2.0"
#define STDC_HEADERS 1
#define HAVE_SYS_TYPES_H 1
#define HAVE_SYS_STAT_H 1
#define HAVE_STDLIB_H 1
#define HAVE_STRING_H 1
#define HAVE_MEMORY_H 1
#define HAVE_STRINGS_H 1
#define HAVE_INTTYPES_H 1
#define HAVE_STDINT_H 1
#define HAVE_UNISTD_H 1
#define HAVE_DLFCN_H 1
#define LT_OBJDIR ".libs/"
#define PACKAGE_VERSION_MAJOR 1
#define PACKAGE_VERSION_MINOR 2
#define PACKAGE_VERSION_PATCHLEVEL 0

configure: exit 0
