###############################
# Install libXvMC-1.0.10.tar.bz2 #
###############################
Making install in src
make[1]: Entering directory '/lfskernel/sources/boot/X11/libs/libXvMC-1.0.10/src'
make[2]: Entering directory '/lfskernel/sources/boot/X11/libs/libXvMC-1.0.10/src'
 /bin/mkdir -p '/usr/lib'
 /bin/sh ../libtool   --mode=install /usr/bin/install -c   libXvMC.la '/usr/lib'
libtool: install: /usr/bin/install -c .libs/libXvMC.so.1.0.0 /usr/lib/libXvMC.so.1.0.0
libtool: install: (cd /usr/lib && { ln -s -f libXvMC.so.1.0.0 libXvMC.so.1 || { rm -f libXvMC.so.1 && ln -s libXvMC.so.1.0.0 libXvMC.so.1; }; })
libtool: install: (cd /usr/lib && { ln -s -f libXvMC.so.1.0.0 libXvMC.so || { rm -f libXvMC.so && ln -s libXvMC.so.1.0.0 libXvMC.so; }; })
libtool: install: /usr/bin/install -c .libs/libXvMC.lai /usr/lib/libXvMC.la
libtool: finish: PATH="/bin:/usr/bin:/sbin:/usr/sbin:/sbin" ldconfig -n /usr/lib
----------------------------------------------------------------------
Libraries have been installed in:
   /usr/lib

If you ever happen to want to link against installed libraries
in a given directory, LIBDIR, you must either use libtool, and
specify the full pathname of the library, or use the `-LLIBDIR'
flag during linking and do at least one of the following:
   - add LIBDIR to the `LD_LIBRARY_PATH' environment variable
     during execution
   - add LIBDIR to the `LD_RUN_PATH' environment variable
     during linking
   - use the `-Wl,-rpath -Wl,LIBDIR' linker flag
   - have your system administrator add LIBDIR to `/etc/ld.so.conf'

See any operating system documentation about shared libraries for
more information, such as the ld(1) and ld.so(8) manual pages.
----------------------------------------------------------------------
make[2]: Nothing to be done for 'install-data-am'.
make[2]: Leaving directory '/lfskernel/sources/boot/X11/libs/libXvMC-1.0.10/src'
make[1]: Leaving directory '/lfskernel/sources/boot/X11/libs/libXvMC-1.0.10/src'
Making install in include
make[1]: Entering directory '/lfskernel/sources/boot/X11/libs/libXvMC-1.0.10/include'
Making install in X11
make[2]: Entering directory '/lfskernel/sources/boot/X11/libs/libXvMC-1.0.10/include/X11'
Making install in extensions
make[3]: Entering directory '/lfskernel/sources/boot/X11/libs/libXvMC-1.0.10/include/X11/extensions'
make[4]: Entering directory '/lfskernel/sources/boot/X11/libs/libXvMC-1.0.10/include/X11/extensions'
make[4]: Nothing to be done for 'install-exec-am'.
 /bin/mkdir -p '/usr/include/X11/extensions'
 /usr/bin/install -c -m 644 XvMClib.h '/usr/include/X11/extensions'
make[4]: Leaving directory '/lfskernel/sources/boot/X11/libs/libXvMC-1.0.10/include/X11/extensions'
make[3]: Leaving directory '/lfskernel/sources/boot/X11/libs/libXvMC-1.0.10/include/X11/extensions'
make[3]: Entering directory '/lfskernel/sources/boot/X11/libs/libXvMC-1.0.10/include/X11'
make[4]: Entering directory '/lfskernel/sources/boot/X11/libs/libXvMC-1.0.10/include/X11'
make[4]: Nothing to be done for 'install-exec-am'.
make[4]: Nothing to be done for 'install-data-am'.
make[4]: Leaving directory '/lfskernel/sources/boot/X11/libs/libXvMC-1.0.10/include/X11'
make[3]: Leaving directory '/lfskernel/sources/boot/X11/libs/libXvMC-1.0.10/include/X11'
make[2]: Leaving directory '/lfskernel/sources/boot/X11/libs/libXvMC-1.0.10/include/X11'
make[2]: Entering directory '/lfskernel/sources/boot/X11/libs/libXvMC-1.0.10/include'
make[3]: Entering directory '/lfskernel/sources/boot/X11/libs/libXvMC-1.0.10/include'
make[3]: Nothing to be done for 'install-exec-am'.
make[3]: Nothing to be done for 'install-data-am'.
make[3]: Leaving directory '/lfskernel/sources/boot/X11/libs/libXvMC-1.0.10/include'
make[2]: Leaving directory '/lfskernel/sources/boot/X11/libs/libXvMC-1.0.10/include'
make[1]: Leaving directory '/lfskernel/sources/boot/X11/libs/libXvMC-1.0.10/include'
Making install in wrapper
make[1]: Entering directory '/lfskernel/sources/boot/X11/libs/libXvMC-1.0.10/wrapper'
make[2]: Entering directory '/lfskernel/sources/boot/X11/libs/libXvMC-1.0.10/wrapper'
 /bin/mkdir -p '/usr/lib'
 /bin/sh ../libtool   --mode=install /usr/bin/install -c   libXvMCW.la '/usr/lib'
libtool: install: /usr/bin/install -c .libs/libXvMCW.so.1.0.0 /usr/lib/libXvMCW.so.1.0.0
libtool: install: (cd /usr/lib && { ln -s -f libXvMCW.so.1.0.0 libXvMCW.so.1 || { rm -f libXvMCW.so.1 && ln -s libXvMCW.so.1.0.0 libXvMCW.so.1; }; })
libtool: install: (cd /usr/lib && { ln -s -f libXvMCW.so.1.0.0 libXvMCW.so || { rm -f libXvMCW.so && ln -s libXvMCW.so.1.0.0 libXvMCW.so; }; })
libtool: install: /usr/bin/install -c .libs/libXvMCW.lai /usr/lib/libXvMCW.la
libtool: finish: PATH="/bin:/usr/bin:/sbin:/usr/sbin:/sbin" ldconfig -n /usr/lib
----------------------------------------------------------------------
Libraries have been installed in:
   /usr/lib

If you ever happen to want to link against installed libraries
in a given directory, LIBDIR, you must either use libtool, and
specify the full pathname of the library, or use the `-LLIBDIR'
flag during linking and do at least one of the following:
   - add LIBDIR to the `LD_LIBRARY_PATH' environment variable
     during execution
   - add LIBDIR to the `LD_RUN_PATH' environment variable
     during linking
   - use the `-Wl,-rpath -Wl,LIBDIR' linker flag
   - have your system administrator add LIBDIR to `/etc/ld.so.conf'

See any operating system documentation about shared libraries for
more information, such as the ld(1) and ld.so(8) manual pages.
----------------------------------------------------------------------
make[2]: Nothing to be done for 'install-data-am'.
make[2]: Leaving directory '/lfskernel/sources/boot/X11/libs/libXvMC-1.0.10/wrapper'
make[1]: Leaving directory '/lfskernel/sources/boot/X11/libs/libXvMC-1.0.10/wrapper'
make[1]: Entering directory '/lfskernel/sources/boot/X11/libs/libXvMC-1.0.10'
make[2]: Entering directory '/lfskernel/sources/boot/X11/libs/libXvMC-1.0.10'
make[2]: Nothing to be done for 'install-exec-am'.
 /bin/mkdir -p '/usr/share/doc/libXvMC'
 /usr/bin/install -c -m 644 XvMC_API.txt '/usr/share/doc/libXvMC'
 /bin/mkdir -p '/usr/lib/pkgconfig'
 /usr/bin/install -c -m 644 xvmc.pc '/usr/lib/pkgconfig'
make[2]: Leaving directory '/lfskernel/sources/boot/X11/libs/libXvMC-1.0.10'
make[1]: Leaving directory '/lfskernel/sources/boot/X11/libs/libXvMC-1.0.10'
