This file contains any messages produced by compilers while
running configure, to aid debugging if configure makes a mistake.

It was created by libXt configure 1.1.5, which was
generated by GNU Autoconf 2.69.  Invocation command line was

  $ ./configure --prefix=/usr --sysconfdir=/etc --localstatedir=/var --disable-static --with-appdefaultdir=/etc/X11/app-defaults

## --------- ##
## Platform. ##
## --------- ##

hostname = localhost.localdomain
uname -m = x86_64
uname -r = 3.10.0-693.11.1.el7.x86_64
uname -s = Linux
uname -v = #1 SMP Mon Dec 4 23:52:40 UTC 2017

/usr/bin/uname -p = unknown
/bin/uname -X     = unknown

/bin/arch              = x86_64
/usr/bin/arch -k       = unknown
/usr/convex/getsysinfo = unknown
/usr/bin/hostinfo      = unknown
/bin/machine           = unknown
/usr/bin/oslevel       = unknown
/bin/universe          = unknown

PATH: /bin
PATH: /usr/bin
PATH: /sbin
PATH: /usr/sbin


## ----------- ##
## Core tests. ##
## ----------- ##

configure:2486: checking for a BSD-compatible install
configure:2554: result: /usr/bin/install -c
configure:2565: checking whether build environment is sane
configure:2620: result: yes
configure:2771: checking for a thread-safe mkdir -p
configure:2810: result: /bin/mkdir -p
configure:2817: checking for gawk
configure:2833: found /usr/bin/gawk
configure:2844: result: gawk
configure:2855: checking whether make sets $(MAKE)
configure:2877: result: yes
configure:2906: checking whether make supports nested variables
configure:2923: result: yes
configure:3080: checking build system type
configure:3094: result: x86_64-unknown-linux-gnu
configure:3114: checking host system type
configure:3127: result: x86_64-unknown-linux-gnu
configure:3168: checking how to print strings
configure:3195: result: printf
configure:3228: checking for style of include used by make
configure:3256: result: GNU
configure:3327: checking for gcc
configure:3343: found /usr/bin/gcc
configure:3354: result: gcc
configure:3583: checking for C compiler version
configure:3592: gcc --version >&5
gcc (GCC) 7.2.0
Copyright (C) 2017 Free Software Foundation, Inc.
This is free software; see the source for copying conditions.  There is NO
warranty; not even for MERCHANTABILITY or FITNESS FOR A PARTICULAR PURPOSE.

configure:3603: $? = 0
configure:3592: gcc -v >&5
Using built-in specs.
COLLECT_GCC=gcc
COLLECT_LTO_WRAPPER=/usr/libexec/gcc/x86_64-pc-linux-gnu/7.2.0/lto-wrapper
Target: x86_64-pc-linux-gnu
Configured with: ../configure --prefix=/usr --enable-languages=c,c++ --disable-multilib --disable-bootstrap --with-system-zlib
Thread model: posix
gcc version 7.2.0 (GCC) 
configure:3603: $? = 0
configure:3592: gcc -V >&5
gcc: error: unrecognized command line option '-V'
gcc: fatal error: no input files
compilation terminated.
configure:3603: $? = 1
configure:3592: gcc -qversion >&5
gcc: error: unrecognized command line option '-qversion'; did you mean '--version'?
gcc: fatal error: no input files
compilation terminated.
configure:3603: $? = 1
configure:3623: checking whether the C compiler works
configure:3645: gcc    conftest.c  >&5
configure:3649: $? = 0
configure:3697: result: yes
configure:3700: checking for C compiler default output file name
configure:3702: result: a.out
configure:3708: checking for suffix of executables
configure:3715: gcc -o conftest    conftest.c  >&5
configure:3719: $? = 0
configure:3741: result: 
configure:3763: checking whether we are cross compiling
configure:3771: gcc -o conftest    conftest.c  >&5
configure:3775: $? = 0
configure:3782: ./conftest
configure:3786: $? = 0
configure:3801: result: no
configure:3806: checking for suffix of object files
configure:3828: gcc -c   conftest.c >&5
configure:3832: $? = 0
configure:3853: result: o
configure:3857: checking whether we are using the GNU C compiler
configure:3876: gcc -c   conftest.c >&5
configure:3876: $? = 0
configure:3885: result: yes
configure:3894: checking whether gcc accepts -g
configure:3914: gcc -c -g  conftest.c >&5
configure:3914: $? = 0
configure:3955: result: yes
configure:3972: checking for gcc option to accept ISO C89
configure:4035: gcc  -c -g -O2  conftest.c >&5
configure:4035: $? = 0
configure:4048: result: none needed
configure:4073: checking whether gcc understands -c and -o together
configure:4095: gcc -c conftest.c -o conftest2.o
configure:4098: $? = 0
configure:4095: gcc -c conftest.c -o conftest2.o
configure:4098: $? = 0
configure:4110: result: yes
configure:4129: checking dependency style of gcc
configure:4240: result: gcc3
configure:4255: checking for a sed that does not truncate output
configure:4319: result: /bin/sed
configure:4337: checking for grep that handles long lines and -e
configure:4395: result: /usr/bin/grep
configure:4400: checking for egrep
configure:4462: result: /usr/bin/grep -E
configure:4467: checking for fgrep
configure:4529: result: /usr/bin/grep -F
configure:4564: checking for ld used by gcc
configure:4631: result: /usr/bin/ld
configure:4638: checking if the linker (/usr/bin/ld) is GNU ld
configure:4653: result: yes
configure:4665: checking for BSD- or MS-compatible name lister (nm)
configure:4714: result: /usr/bin/nm -B
configure:4844: checking the name lister (/usr/bin/nm -B) interface
configure:4851: gcc -c -g -O2  conftest.c >&5
configure:4854: /usr/bin/nm -B "conftest.o"
configure:4857: output
0000000000000000 B some_variable
configure:4864: result: BSD nm
configure:4867: checking whether ln -s works
configure:4871: result: yes
configure:4879: checking the maximum length of command line arguments
configure:5009: result: 1572864
configure:5026: checking whether the shell understands some XSI constructs
configure:5036: result: yes
configure:5040: checking whether the shell understands "+="
configure:5046: result: yes
configure:5081: checking how to convert x86_64-unknown-linux-gnu file names to x86_64-unknown-linux-gnu format
configure:5121: result: func_convert_file_noop
configure:5128: checking how to convert x86_64-unknown-linux-gnu file names to toolchain format
configure:5148: result: func_convert_file_noop
configure:5155: checking for /usr/bin/ld option to reload object files
configure:5162: result: -r
configure:5236: checking for objdump
configure:5252: found /usr/bin/objdump
configure:5263: result: objdump
configure:5295: checking how to recognize dependent libraries
configure:5497: result: pass_all
configure:5582: checking for dlltool
configure:5612: result: no
configure:5642: checking how to associate runtime and link libraries
configure:5669: result: printf %s\n
configure:5730: checking for ar
configure:5746: found /usr/bin/ar
configure:5757: result: ar
configure:5794: checking for archiver @FILE support
configure:5811: gcc -c -g -O2  conftest.c >&5
configure:5811: $? = 0
configure:5814: ar cru libconftest.a @conftest.lst >&5
configure:5817: $? = 0
configure:5822: ar cru libconftest.a @conftest.lst >&5
ar: conftest.o: No such file or directory
configure:5825: $? = 1
configure:5837: result: @
configure:5895: checking for strip
configure:5911: found /usr/bin/strip
configure:5922: result: strip
configure:5994: checking for ranlib
configure:6010: found /usr/bin/ranlib
configure:6021: result: ranlib
configure:6123: checking command to parse /usr/bin/nm -B output from gcc object
configure:6243: gcc -c -g -O2  conftest.c >&5
configure:6246: $? = 0
configure:6250: /usr/bin/nm -B conftest.o \| sed -n -e 's/^.*[ ]\([ABCDGIRSTW][ABCDGIRSTW]*\)[ ][ ]*\([_A-Za-z][_A-Za-z0-9]*\)$/\1 \2 \2/p' | sed '/ __gnu_lto/d' \> conftest.nm
configure:6253: $? = 0
configure:6319: gcc -o conftest -g -O2   conftest.c conftstm.o >&5
configure:6322: $? = 0
configure:6360: result: ok
configure:6397: checking for sysroot
configure:6427: result: no
configure:6504: gcc -c -g -O2  conftest.c >&5
configure:6507: $? = 0
configure:6683: checking for mt
configure:6699: found /bin/mt
configure:6710: result: mt
configure:6733: checking if mt is a manifest tool
configure:6739: mt '-?'
configure:6747: result: no
configure:7389: checking how to run the C preprocessor
configure:7420: gcc -E  conftest.c
configure:7420: $? = 0
configure:7434: gcc -E  conftest.c
conftest.c:11:10: fatal error: ac_nonexistent.h: No such file or directory
 #include <ac_nonexistent.h>
          ^~~~~~~~~~~~~~~~~~
compilation terminated.
configure:7434: $? = 1
configure: failed program was:
| /* confdefs.h */
| #define PACKAGE_NAME "libXt"
| #define PACKAGE_TARNAME "libXt"
| #define PACKAGE_VERSION "1.1.5"
| #define PACKAGE_STRING "libXt 1.1.5"
| #define PACKAGE_BUGREPORT "https://bugs.freedesktop.org/enter_bug.cgi?product=xorg"
| #define PACKAGE_URL ""
| #define PACKAGE "libXt"
| #define VERSION "1.1.5"
| /* end confdefs.h.  */
| #include <ac_nonexistent.h>
configure:7459: result: gcc -E
configure:7479: gcc -E  conftest.c
configure:7479: $? = 0
configure:7493: gcc -E  conftest.c
conftest.c:11:10: fatal error: ac_nonexistent.h: No such file or directory
 #include <ac_nonexistent.h>
          ^~~~~~~~~~~~~~~~~~
compilation terminated.
configure:7493: $? = 1
configure: failed program was:
| /* confdefs.h */
| #define PACKAGE_NAME "libXt"
| #define PACKAGE_TARNAME "libXt"
| #define PACKAGE_VERSION "1.1.5"
| #define PACKAGE_STRING "libXt 1.1.5"
| #define PACKAGE_BUGREPORT "https://bugs.freedesktop.org/enter_bug.cgi?product=xorg"
| #define PACKAGE_URL ""
| #define PACKAGE "libXt"
| #define VERSION "1.1.5"
| /* end confdefs.h.  */
| #include <ac_nonexistent.h>
configure:7522: checking for ANSI C header files
configure:7542: gcc -c -g -O2  conftest.c >&5
configure:7542: $? = 0
configure:7615: gcc -o conftest -g -O2   conftest.c  >&5
configure:7615: $? = 0
configure:7615: ./conftest
configure:7615: $? = 0
configure:7626: result: yes
configure:7639: checking for sys/types.h
configure:7639: gcc -c -g -O2  conftest.c >&5
configure:7639: $? = 0
configure:7639: result: yes
configure:7639: checking for sys/stat.h
configure:7639: gcc -c -g -O2  conftest.c >&5
configure:7639: $? = 0
configure:7639: result: yes
configure:7639: checking for stdlib.h
configure:7639: gcc -c -g -O2  conftest.c >&5
configure:7639: $? = 0
configure:7639: result: yes
configure:7639: checking for string.h
configure:7639: gcc -c -g -O2  conftest.c >&5
configure:7639: $? = 0
configure:7639: result: yes
configure:7639: checking for memory.h
configure:7639: gcc -c -g -O2  conftest.c >&5
configure:7639: $? = 0
configure:7639: result: yes
configure:7639: checking for strings.h
configure:7639: gcc -c -g -O2  conftest.c >&5
configure:7639: $? = 0
configure:7639: result: yes
configure:7639: checking for inttypes.h
configure:7639: gcc -c -g -O2  conftest.c >&5
configure:7639: $? = 0
configure:7639: result: yes
configure:7639: checking for stdint.h
configure:7639: gcc -c -g -O2  conftest.c >&5
configure:7639: $? = 0
configure:7639: result: yes
configure:7639: checking for unistd.h
configure:7639: gcc -c -g -O2  conftest.c >&5
configure:7639: $? = 0
configure:7639: result: yes
configure:7653: checking for dlfcn.h
configure:7653: gcc -c -g -O2  conftest.c >&5
configure:7653: $? = 0
configure:7653: result: yes
configure:7859: checking for objdir
configure:7874: result: .libs
configure:8141: checking if gcc supports -fno-rtti -fno-exceptions
configure:8159: gcc -c -g -O2  -fno-rtti -fno-exceptions conftest.c >&5
cc1: warning: command line option '-fno-rtti' is valid for C++/ObjC++ but not for C
configure:8163: $? = 0
configure:8176: result: no
configure:8503: checking for gcc option to produce PIC
configure:8510: result: -fPIC -DPIC
configure:8518: checking if gcc PIC flag -fPIC -DPIC works
configure:8536: gcc -c -g -O2  -fPIC -DPIC -DPIC conftest.c >&5
configure:8540: $? = 0
configure:8553: result: yes
configure:8582: checking if gcc static flag -static works
configure:8610: result: yes
configure:8625: checking if gcc supports -c -o file.o
configure:8646: gcc -c -g -O2  -o out/conftest2.o conftest.c >&5
configure:8650: $? = 0
configure:8672: result: yes
configure:8680: checking if gcc supports -c -o file.o
configure:8727: result: yes
configure:8760: checking whether the gcc linker (/usr/bin/ld -m elf_x86_64) supports shared libraries
configure:9913: result: yes
configure:9950: checking whether -lc should be explicitly linked in
configure:9958: gcc -c -g -O2  conftest.c >&5
configure:9961: $? = 0
configure:9976: gcc -shared  -fPIC -DPIC conftest.o  -v -Wl,-soname -Wl,conftest -o conftest 2\>\&1 \| /usr/bin/grep  -lc  \>/dev/null 2\>\&1
configure:9979: $? = 0
configure:9993: result: no
configure:10153: checking dynamic linker characteristics
configure:10664: gcc -o conftest -g -O2   -Wl,-rpath -Wl,/foo conftest.c  >&5
configure:10664: $? = 0
configure:10886: result: GNU/Linux ld.so
configure:10993: checking how to hardcode library paths into programs
configure:11018: result: immediate
configure:11558: checking whether stripping libraries is possible
configure:11563: result: yes
configure:11598: checking if libtool supports shared libraries
configure:11600: result: yes
configure:11603: checking whether to build shared libraries
configure:11624: result: yes
configure:11627: checking whether to build static libraries
configure:11631: result: no
configure:11681: checking for gcc option to accept ISO C99
configure:11830: gcc  -c -g -O2  conftest.c >&5
configure:11830: $? = 0
configure:11843: result: none needed
configure:11862: checking whether __clang__ is declared
configure:11862: gcc -c -g -O2  conftest.c >&5
conftest.c: In function 'main':
conftest.c:63:10: error: '__clang__' undeclared (first use in this function); did you mean '__clock_t'?
   (void) __clang__;
          ^~~~~~~~~
          __clock_t
conftest.c:63:10: note: each undeclared identifier is reported only once for each function it appears in
configure:11862: $? = 1
configure: failed program was:
| /* confdefs.h */
| #define PACKAGE_NAME "libXt"
| #define PACKAGE_TARNAME "libXt"
| #define PACKAGE_VERSION "1.1.5"
| #define PACKAGE_STRING "libXt 1.1.5"
| #define PACKAGE_BUGREPORT "https://bugs.freedesktop.org/enter_bug.cgi?product=xorg"
| #define PACKAGE_URL ""
| #define PACKAGE "libXt"
| #define VERSION "1.1.5"
| #define STDC_HEADERS 1
| #define HAVE_SYS_TYPES_H 1
| #define HAVE_SYS_STAT_H 1
| #define HAVE_STDLIB_H 1
| #define HAVE_STRING_H 1
| #define HAVE_MEMORY_H 1
| #define HAVE_STRINGS_H 1
| #define HAVE_INTTYPES_H 1
| #define HAVE_STDINT_H 1
| #define HAVE_UNISTD_H 1
| #define HAVE_DLFCN_H 1
| #define LT_OBJDIR ".libs/"
| /* end confdefs.h.  */
| #include <stdio.h>
| #ifdef HAVE_SYS_TYPES_H
| # include <sys/types.h>
| #endif
| #ifdef HAVE_SYS_STAT_H
| # include <sys/stat.h>
| #endif
| #ifdef STDC_HEADERS
| # include <stdlib.h>
| # include <stddef.h>
| #else
| # ifdef HAVE_STDLIB_H
| #  include <stdlib.h>
| # endif
| #endif
| #ifdef HAVE_STRING_H
| # if !defined STDC_HEADERS && defined HAVE_MEMORY_H
| #  include <memory.h>
| # endif
| # include <string.h>
| #endif
| #ifdef HAVE_STRINGS_H
| # include <strings.h>
| #endif
| #ifdef HAVE_INTTYPES_H
| # include <inttypes.h>
| #endif
| #ifdef HAVE_STDINT_H
| # include <stdint.h>
| #endif
| #ifdef HAVE_UNISTD_H
| # include <unistd.h>
| #endif
| int
| main ()
| {
| #ifndef __clang__
| #ifdef __cplusplus
|   (void) __clang__;
| #else
|   (void) __clang__;
| #endif
| #endif
| 
|   ;
|   return 0;
| }
configure:11862: result: no
configure:11869: checking whether __INTEL_COMPILER is declared
configure:11869: gcc -c -g -O2  conftest.c >&5
conftest.c: In function 'main':
conftest.c:63:10: error: '__INTEL_COMPILER' undeclared (first use in this function); did you mean '__BYTE_ORDER'?
   (void) __INTEL_COMPILER;
          ^~~~~~~~~~~~~~~~
          __BYTE_ORDER
conftest.c:63:10: note: each undeclared identifier is reported only once for each function it appears in
configure:11869: $? = 1
configure: failed program was:
| /* confdefs.h */
| #define PACKAGE_NAME "libXt"
| #define PACKAGE_TARNAME "libXt"
| #define PACKAGE_VERSION "1.1.5"
| #define PACKAGE_STRING "libXt 1.1.5"
| #define PACKAGE_BUGREPORT "https://bugs.freedesktop.org/enter_bug.cgi?product=xorg"
| #define PACKAGE_URL ""
| #define PACKAGE "libXt"
| #define VERSION "1.1.5"
| #define STDC_HEADERS 1
| #define HAVE_SYS_TYPES_H 1
| #define HAVE_SYS_STAT_H 1
| #define HAVE_STDLIB_H 1
| #define HAVE_STRING_H 1
| #define HAVE_MEMORY_H 1
| #define HAVE_STRINGS_H 1
| #define HAVE_INTTYPES_H 1
| #define HAVE_STDINT_H 1
| #define HAVE_UNISTD_H 1
| #define HAVE_DLFCN_H 1
| #define LT_OBJDIR ".libs/"
| /* end confdefs.h.  */
| #include <stdio.h>
| #ifdef HAVE_SYS_TYPES_H
| # include <sys/types.h>
| #endif
| #ifdef HAVE_SYS_STAT_H
| # include <sys/stat.h>
| #endif
| #ifdef STDC_HEADERS
| # include <stdlib.h>
| # include <stddef.h>
| #else
| # ifdef HAVE_STDLIB_H
| #  include <stdlib.h>
| # endif
| #endif
| #ifdef HAVE_STRING_H
| # if !defined STDC_HEADERS && defined HAVE_MEMORY_H
| #  include <memory.h>
| # endif
| # include <string.h>
| #endif
| #ifdef HAVE_STRINGS_H
| # include <strings.h>
| #endif
| #ifdef HAVE_INTTYPES_H
| # include <inttypes.h>
| #endif
| #ifdef HAVE_STDINT_H
| # include <stdint.h>
| #endif
| #ifdef HAVE_UNISTD_H
| # include <unistd.h>
| #endif
| int
| main ()
| {
| #ifndef __INTEL_COMPILER
| #ifdef __cplusplus
|   (void) __INTEL_COMPILER;
| #else
|   (void) __INTEL_COMPILER;
| #endif
| #endif
| 
|   ;
|   return 0;
| }
configure:11869: result: no
configure:11876: checking whether __SUNPRO_C is declared
configure:11876: gcc -c -g -O2  conftest.c >&5
conftest.c: In function 'main':
conftest.c:63:10: error: '__SUNPRO_C' undeclared (first use in this function); did you mean '__INT8_C'?
   (void) __SUNPRO_C;
          ^~~~~~~~~~
          __INT8_C
conftest.c:63:10: note: each undeclared identifier is reported only once for each function it appears in
configure:11876: $? = 1
configure: failed program was:
| /* confdefs.h */
| #define PACKAGE_NAME "libXt"
| #define PACKAGE_TARNAME "libXt"
| #define PACKAGE_VERSION "1.1.5"
| #define PACKAGE_STRING "libXt 1.1.5"
| #define PACKAGE_BUGREPORT "https://bugs.freedesktop.org/enter_bug.cgi?product=xorg"
| #define PACKAGE_URL ""
| #define PACKAGE "libXt"
| #define VERSION "1.1.5"
| #define STDC_HEADERS 1
| #define HAVE_SYS_TYPES_H 1
| #define HAVE_SYS_STAT_H 1
| #define HAVE_STDLIB_H 1
| #define HAVE_STRING_H 1
| #define HAVE_MEMORY_H 1
| #define HAVE_STRINGS_H 1
| #define HAVE_INTTYPES_H 1
| #define HAVE_STDINT_H 1
| #define HAVE_UNISTD_H 1
| #define HAVE_DLFCN_H 1
| #define LT_OBJDIR ".libs/"
| /* end confdefs.h.  */
| #include <stdio.h>
| #ifdef HAVE_SYS_TYPES_H
| # include <sys/types.h>
| #endif
| #ifdef HAVE_SYS_STAT_H
| # include <sys/stat.h>
| #endif
| #ifdef STDC_HEADERS
| # include <stdlib.h>
| # include <stddef.h>
| #else
| # ifdef HAVE_STDLIB_H
| #  include <stdlib.h>
| # endif
| #endif
| #ifdef HAVE_STRING_H
| # if !defined STDC_HEADERS && defined HAVE_MEMORY_H
| #  include <memory.h>
| # endif
| # include <string.h>
| #endif
| #ifdef HAVE_STRINGS_H
| # include <strings.h>
| #endif
| #ifdef HAVE_INTTYPES_H
| # include <inttypes.h>
| #endif
| #ifdef HAVE_STDINT_H
| # include <stdint.h>
| #endif
| #ifdef HAVE_UNISTD_H
| # include <unistd.h>
| #endif
| int
| main ()
| {
| #ifndef __SUNPRO_C
| #ifdef __cplusplus
|   (void) __SUNPRO_C;
| #else
|   (void) __SUNPRO_C;
| #endif
| #endif
| 
|   ;
|   return 0;
| }
configure:11876: result: no
configure:11933: checking for pkg-config
configure:11951: found /usr/bin/pkg-config
configure:11963: result: /usr/bin/pkg-config
configure:11988: checking pkg-config is at least version 0.9.0
configure:11991: result: yes
configure:12041: checking if gcc supports -Werror=unknown-warning-option
configure:12050: gcc -c -g -O2 -Werror=unknown-warning-option  conftest.c >&5
cc1: error: -Werror=unknown-warning-option: no option -Wunknown-warning-option
configure:12050: $? = 1
configure: failed program was:
| /* confdefs.h */
| #define PACKAGE_NAME "libXt"
| #define PACKAGE_TARNAME "libXt"
| #define PACKAGE_VERSION "1.1.5"
| #define PACKAGE_STRING "libXt 1.1.5"
| #define PACKAGE_BUGREPORT "https://bugs.freedesktop.org/enter_bug.cgi?product=xorg"
| #define PACKAGE_URL ""
| #define PACKAGE "libXt"
| #define VERSION "1.1.5"
| #define STDC_HEADERS 1
| #define HAVE_SYS_TYPES_H 1
| #define HAVE_SYS_STAT_H 1
| #define HAVE_STDLIB_H 1
| #define HAVE_STRING_H 1
| #define HAVE_MEMORY_H 1
| #define HAVE_STRINGS_H 1
| #define HAVE_INTTYPES_H 1
| #define HAVE_STDINT_H 1
| #define HAVE_UNISTD_H 1
| #define HAVE_DLFCN_H 1
| #define LT_OBJDIR ".libs/"
| /* end confdefs.h.  */
| int i;
configure:12057: result: no
configure:12068: checking if gcc supports -Werror=unused-command-line-argument
configure:12077: gcc -c -g -O2 -Werror=unused-command-line-argument  conftest.c >&5
cc1: error: -Werror=unused-command-line-argument: no option -Wunused-command-line-argument
configure:12077: $? = 1
configure: failed program was:
| /* confdefs.h */
| #define PACKAGE_NAME "libXt"
| #define PACKAGE_TARNAME "libXt"
| #define PACKAGE_VERSION "1.1.5"
| #define PACKAGE_STRING "libXt 1.1.5"
| #define PACKAGE_BUGREPORT "https://bugs.freedesktop.org/enter_bug.cgi?product=xorg"
| #define PACKAGE_URL ""
| #define PACKAGE "libXt"
| #define VERSION "1.1.5"
| #define STDC_HEADERS 1
| #define HAVE_SYS_TYPES_H 1
| #define HAVE_SYS_STAT_H 1
| #define HAVE_STDLIB_H 1
| #define HAVE_STRING_H 1
| #define HAVE_MEMORY_H 1
| #define HAVE_STRINGS_H 1
| #define HAVE_INTTYPES_H 1
| #define HAVE_STDINT_H 1
| #define HAVE_UNISTD_H 1
| #define HAVE_DLFCN_H 1
| #define LT_OBJDIR ".libs/"
| /* end confdefs.h.  */
| int i;
configure:12084: result: no
configure:12103: checking if gcc supports -Wall
configure:12120: gcc -o conftest -g -O2 -Wall   conftest.c  >&5
configure:12120: $? = 0
configure:12133: result: yes
configure:12221: checking if gcc supports -Wpointer-arith
configure:12238: gcc -o conftest -g -O2 -Wpointer-arith   conftest.c  >&5
configure:12238: $? = 0
configure:12251: result: yes
configure:12339: checking if gcc supports -Wmissing-declarations
configure:12356: gcc -o conftest -g -O2 -Wmissing-declarations   conftest.c  >&5
configure:12356: $? = 0
configure:12369: result: yes
configure:12457: checking if gcc supports -Wformat=2
configure:12474: gcc -o conftest -g -O2 -Wformat=2   conftest.c  >&5
configure:12474: $? = 0
configure:12487: result: yes
configure:12626: checking if gcc supports -Wstrict-prototypes
configure:12643: gcc -o conftest -g -O2 -Wstrict-prototypes   conftest.c  >&5
conftest.c:25:1: warning: function declaration isn't a prototype [-Wstrict-prototypes]
 main ()
 ^~~~
configure:12643: $? = 0
configure:12656: result: yes
configure:12744: checking if gcc supports -Wmissing-prototypes
configure:12761: gcc -o conftest -g -O2 -Wmissing-prototypes   conftest.c  >&5
configure:12761: $? = 0
configure:12774: result: yes
configure:12862: checking if gcc supports -Wnested-externs
configure:12879: gcc -o conftest -g -O2 -Wnested-externs   conftest.c  >&5
configure:12879: $? = 0
configure:12892: result: yes
configure:12980: checking if gcc supports -Wbad-function-cast
configure:12997: gcc -o conftest -g -O2 -Wbad-function-cast   conftest.c  >&5
configure:12997: $? = 0
configure:13010: result: yes
configure:13098: checking if gcc supports -Wold-style-definition
configure:13115: gcc -o conftest -g -O2 -Wold-style-definition   conftest.c  >&5
conftest.c: In function 'main':
conftest.c:25:1: warning: old-style function definition [-Wold-style-definition]
 main ()
 ^~~~
configure:13115: $? = 0
configure:13128: result: yes
configure:13265: checking if gcc supports -Wdeclaration-after-statement
configure:13282: gcc -o conftest -g -O2 -Wdeclaration-after-statement   conftest.c  >&5
configure:13282: $? = 0
configure:13295: result: yes
configure:13387: checking if gcc supports -Wunused
configure:13404: gcc -o conftest -g -O2 -Wunused   conftest.c  >&5
configure:13404: $? = 0
configure:13417: result: yes
configure:13505: checking if gcc supports -Wuninitialized
configure:13522: gcc -o conftest -g -O2 -Wuninitialized   conftest.c  >&5
configure:13522: $? = 0
configure:13535: result: yes
configure:13623: checking if gcc supports -Wshadow
configure:13640: gcc -o conftest -g -O2 -Wshadow   conftest.c  >&5
configure:13640: $? = 0
configure:13653: result: yes
configure:13741: checking if gcc supports -Wmissing-noreturn
configure:13758: gcc -o conftest -g -O2 -Wmissing-noreturn   conftest.c  >&5
configure:13758: $? = 0
configure:13771: result: yes
configure:13859: checking if gcc supports -Wmissing-format-attribute
configure:13876: gcc -o conftest -g -O2 -Wmissing-format-attribute   conftest.c  >&5
configure:13876: $? = 0
configure:13889: result: yes
configure:13977: checking if gcc supports -Wredundant-decls
configure:13994: gcc -o conftest -g -O2 -Wredundant-decls   conftest.c  >&5
configure:13994: $? = 0
configure:14007: result: yes
configure:14095: checking if gcc supports -Wlogical-op
configure:14112: gcc -o conftest -g -O2 -Wlogical-op   conftest.c  >&5
configure:14112: $? = 0
configure:14125: result: yes
configure:14225: checking if gcc supports -Werror=implicit
configure:14242: gcc -o conftest -g -O2 -Werror=implicit   conftest.c  >&5
configure:14242: $? = 0
configure:14255: result: yes
configure:14392: checking if gcc supports -Werror=nonnull
configure:14409: gcc -o conftest -g -O2 -Werror=nonnull   conftest.c  >&5
configure:14409: $? = 0
configure:14422: result: yes
configure:14510: checking if gcc supports -Werror=init-self
configure:14527: gcc -o conftest -g -O2 -Werror=init-self   conftest.c  >&5
configure:14527: $? = 0
configure:14540: result: yes
configure:14628: checking if gcc supports -Werror=main
configure:14645: gcc -o conftest -g -O2 -Werror=main   conftest.c  >&5
configure:14645: $? = 0
configure:14658: result: yes
configure:14746: checking if gcc supports -Werror=missing-braces
configure:14763: gcc -o conftest -g -O2 -Werror=missing-braces   conftest.c  >&5
configure:14763: $? = 0
configure:14776: result: yes
configure:14864: checking if gcc supports -Werror=sequence-point
configure:14881: gcc -o conftest -g -O2 -Werror=sequence-point   conftest.c  >&5
configure:14881: $? = 0
configure:14894: result: yes
configure:14982: checking if gcc supports -Werror=return-type
configure:14999: gcc -o conftest -g -O2 -Werror=return-type   conftest.c  >&5
configure:14999: $? = 0
configure:15012: result: yes
configure:15149: checking if gcc supports -Werror=trigraphs
configure:15166: gcc -o conftest -g -O2 -Werror=trigraphs   conftest.c  >&5
configure:15166: $? = 0
configure:15179: result: yes
configure:15267: checking if gcc supports -Werror=array-bounds
configure:15284: gcc -o conftest -g -O2 -Werror=array-bounds   conftest.c  >&5
configure:15284: $? = 0
configure:15297: result: yes
configure:15385: checking if gcc supports -Werror=write-strings
configure:15402: gcc -o conftest -g -O2 -Werror=write-strings   conftest.c  >&5
configure:15402: $? = 0
configure:15415: result: yes
configure:15503: checking if gcc supports -Werror=address
configure:15520: gcc -o conftest -g -O2 -Werror=address   conftest.c  >&5
configure:15520: $? = 0
configure:15533: result: yes
configure:15621: checking if gcc supports -Werror=int-to-pointer-cast
configure:15638: gcc -o conftest -g -O2 -Werror=int-to-pointer-cast   conftest.c  >&5
configure:15638: $? = 0
configure:15651: result: yes
configure:15788: checking if gcc supports -Werror=pointer-to-int-cast
configure:15805: gcc -o conftest -g -O2 -Werror=pointer-to-int-cast   conftest.c  >&5
configure:15805: $? = 0
configure:15818: result: yes
configure:17476: checking if gcc supports -pedantic
configure:17493: gcc -o conftest -g -O2 -pedantic   conftest.c  >&5
configure:17493: $? = 0
configure:17506: result: yes
configure:17594: checking if gcc supports -Werror
configure:17611: gcc -o conftest -g -O2 -Werror   conftest.c  >&5
configure:17611: $? = 0
configure:17624: result: yes
configure:17764: checking if gcc supports -Werror=attributes
configure:17781: gcc -o conftest -g -O2 -Werror=attributes   conftest.c  >&5
configure:17781: $? = 0
configure:17794: result: yes
configure:17954: checking whether make supports nested variables
configure:17971: result: yes
configure:17992: checking whether malloc(0) returns NULL
configure:18024: gcc -o conftest -g -O2   conftest.c  >&5
configure:18024: $? = 0
configure:18024: ./conftest
configure:18024: $? = 0
configure:18037: result: yes
configure:18072: checking whether to build functional specifications
configure:18074: result: yes
configure:18093: checking for xmlto
configure:18111: found /usr/bin/xmlto
configure:18123: result: /usr/bin/xmlto
configure:18196: checking the xmlto version
configure:18199: result: 0.0.28
configure:18230: WARNING: xmlto cannot generate text format, this format skipped
configure:18268: checking for fop
configure:18301: result: no
configure:18307: WARNING: fop not found - documentation targets will be skipped
configure:18397: checking for xsltproc
configure:18415: found /usr/bin/xsltproc
configure:18427: result: /usr/bin/xsltproc
configure:18507: checking for X.Org SGML entities >= 1.01
configure:18511: $PKG_CONFIG --exists --print-errors "xorg-sgml-doctools >= 1.01"
Package xorg-sgml-doctools was not found in the pkg-config search path.
Perhaps you should add the directory containing `xorg-sgml-doctools.pc'
to the PKG_CONFIG_PATH environment variable
No package 'xorg-sgml-doctools' found
configure:18514: $? = 1
configure:18530: result: no
configure:18552: checking for cpp
configure:18571: found /usr/bin/cpp
configure:18583: result: /usr/bin/cpp
configure:18599: checking if /usr/bin/cpp requires -undef
configure:18611: result: yes
configure:18624: checking if /usr/bin/cpp requires -traditional
configure:18637: result: yes
configure:18665: checking for perl
configure:18683: found /usr/bin/perl
configure:18695: result: /usr/bin/perl
configure:18777: checking alloca.h usability
configure:18777: gcc -c -g -O2  conftest.c >&5
configure:18777: $? = 0
configure:18777: result: yes
configure:18777: checking alloca.h presence
configure:18777: gcc -E  conftest.c
configure:18777: $? = 0
configure:18777: result: yes
configure:18777: checking for alloca.h
configure:18777: result: yes
configure:18789: checking for XT
configure:18796: $PKG_CONFIG --exists --print-errors "sm ice x11 xproto kbproto"
configure:18799: $? = 0
configure:18812: $PKG_CONFIG --exists --print-errors "sm ice x11 xproto kbproto"
configure:18815: $? = 0
configure:18869: result: yes
configure:18925: checking for asprintf
configure:18925: gcc -o conftest -g -O2   conftest.c  >&5
configure:18925: $? = 0
configure:18925: result: yes
configure:18964: checking for poll
configure:18964: gcc -o conftest -g -O2   conftest.c  >&5
configure:18964: $? = 0
configure:18964: result: yes
configure:19127: checking whether to build unit test cases
configure:19129: result: auto
configure:19152: checking for GLIB
configure:19159: $PKG_CONFIG --exists --print-errors "glib-2.0 >= 2.16"
configure:19162: $? = 0
configure:19175: $PKG_CONFIG --exists --print-errors "glib-2.0 >= 2.16"
configure:19178: $? = 0
configure:19213: result: yes
configure:19483: checking that generated files are newer than configure
configure:19489: result: done
configure:19548: creating ./config.status

## ---------------------- ##
## Running config.status. ##
## ---------------------- ##

This file was extended by libXt config.status 1.1.5, which was
generated by GNU Autoconf 2.69.  Invocation command line was

  CONFIG_FILES    = 
  CONFIG_HEADERS  = 
  CONFIG_LINKS    = 
  CONFIG_COMMANDS = 
  $ ./config.status 

on localhost.localdomain

config.status:1176: creating Makefile
config.status:1176: creating src/Makefile
config.status:1176: creating util/Makefile
config.status:1176: creating include/Makefile
config.status:1176: creating man/Makefile
config.status:1176: creating specs/Makefile
config.status:1176: creating test/Makefile
config.status:1176: creating xt.pc
config.status:1176: creating config.h
config.status:1405: executing depfiles commands
config.status:1405: executing libtool commands

## ---------------- ##
## Cache variables. ##
## ---------------- ##

ac_cv_build=x86_64-unknown-linux-gnu
ac_cv_c_compiler_gnu=yes
ac_cv_env_CC_set=
ac_cv_env_CC_value=
ac_cv_env_CFLAGS_set=
ac_cv_env_CFLAGS_value=
ac_cv_env_CPPFLAGS_set=
ac_cv_env_CPPFLAGS_value=
ac_cv_env_CPP_set=
ac_cv_env_CPP_value=
ac_cv_env_FOP_set=
ac_cv_env_FOP_value=
ac_cv_env_GLIB_CFLAGS_set=
ac_cv_env_GLIB_CFLAGS_value=
ac_cv_env_GLIB_LIBS_set=
ac_cv_env_GLIB_LIBS_value=
ac_cv_env_LDFLAGS_set=
ac_cv_env_LDFLAGS_value=
ac_cv_env_LIBS_set=
ac_cv_env_LIBS_value=
ac_cv_env_PERL_set=
ac_cv_env_PERL_value=
ac_cv_env_PKG_CONFIG_set=
ac_cv_env_PKG_CONFIG_value=
ac_cv_env_XMLTO_set=
ac_cv_env_XMLTO_value=
ac_cv_env_XORG_MALLOC_DEBUG_ENV_set=
ac_cv_env_XORG_MALLOC_DEBUG_ENV_value=
ac_cv_env_XSLTPROC_set=
ac_cv_env_XSLTPROC_value=
ac_cv_env_XT_CFLAGS_set=
ac_cv_env_XT_CFLAGS_value=
ac_cv_env_XT_LIBS_set=
ac_cv_env_XT_LIBS_value=
ac_cv_env_build_alias_set=
ac_cv_env_build_alias_value=
ac_cv_env_host_alias_set=
ac_cv_env_host_alias_value=
ac_cv_env_target_alias_set=
ac_cv_env_target_alias_value=
ac_cv_func_asprintf=yes
ac_cv_func_poll=yes
ac_cv_have_decl___INTEL_COMPILER=no
ac_cv_have_decl___SUNPRO_C=no
ac_cv_have_decl___clang__=no
ac_cv_header_alloca_h=yes
ac_cv_header_dlfcn_h=yes
ac_cv_header_inttypes_h=yes
ac_cv_header_memory_h=yes
ac_cv_header_stdc=yes
ac_cv_header_stdint_h=yes
ac_cv_header_stdlib_h=yes
ac_cv_header_string_h=yes
ac_cv_header_strings_h=yes
ac_cv_header_sys_stat_h=yes
ac_cv_header_sys_types_h=yes
ac_cv_header_unistd_h=yes
ac_cv_host=x86_64-unknown-linux-gnu
ac_cv_objext=o
ac_cv_path_EGREP='/usr/bin/grep -E'
ac_cv_path_FGREP='/usr/bin/grep -F'
ac_cv_path_GREP=/usr/bin/grep
ac_cv_path_PERL=/usr/bin/perl
ac_cv_path_RAWCPP=/usr/bin/cpp
ac_cv_path_SED=/bin/sed
ac_cv_path_XMLTO=/usr/bin/xmlto
ac_cv_path_XSLTPROC=/usr/bin/xsltproc
ac_cv_path_ac_pt_PKG_CONFIG=/usr/bin/pkg-config
ac_cv_path_install='/usr/bin/install -c'
ac_cv_path_mkdir=/bin/mkdir
ac_cv_prog_AWK=gawk
ac_cv_prog_CPP='gcc -E'
ac_cv_prog_ac_ct_AR=ar
ac_cv_prog_ac_ct_CC=gcc
ac_cv_prog_ac_ct_MANIFEST_TOOL=mt
ac_cv_prog_ac_ct_OBJDUMP=objdump
ac_cv_prog_ac_ct_RANLIB=ranlib
ac_cv_prog_ac_ct_STRIP=strip
ac_cv_prog_cc_c89=
ac_cv_prog_cc_c99=
ac_cv_prog_cc_g=yes
ac_cv_prog_make_make_set=yes
am_cv_CC_dependencies_compiler_type=gcc3
am_cv_make_support_nested_variables=yes
am_cv_prog_cc_c_o=yes
lt_cv_ar_at_file=@
lt_cv_archive_cmds_need_lc=no
lt_cv_deplibs_check_method=pass_all
lt_cv_file_magic_cmd='$MAGIC_CMD'
lt_cv_file_magic_test_file=
lt_cv_ld_reload_flag=-r
lt_cv_nm_interface='BSD nm'
lt_cv_objdir=.libs
lt_cv_path_LD=/usr/bin/ld
lt_cv_path_NM='/usr/bin/nm -B'
lt_cv_path_mainfest_tool=no
lt_cv_prog_compiler_c_o=yes
lt_cv_prog_compiler_pic='-fPIC -DPIC'
lt_cv_prog_compiler_pic_works=yes
lt_cv_prog_compiler_rtti_exceptions=no
lt_cv_prog_compiler_static_works=yes
lt_cv_prog_gnu_ld=yes
lt_cv_sharedlib_from_linklib_cmd='printf %s\n'
lt_cv_shlibpath_overrides_runpath=no
lt_cv_sys_global_symbol_pipe='sed -n -e '\''s/^.*[	 ]\([ABCDGIRSTW][ABCDGIRSTW]*\)[	 ][	 ]*\([_A-Za-z][_A-Za-z0-9]*\)$/\1 \2 \2/p'\'' | sed '\''/ __gnu_lto/d'\'''
lt_cv_sys_global_symbol_to_c_name_address='sed -n -e '\''s/^: \([^ ]*\)[ ]*$/  {\"\1\", (void *) 0},/p'\'' -e '\''s/^[ABCDGIRSTW]* \([^ ]*\) \([^ ]*\)$/  {"\2", (void *) \&\2},/p'\'''
lt_cv_sys_global_symbol_to_c_name_address_lib_prefix='sed -n -e '\''s/^: \([^ ]*\)[ ]*$/  {\"\1\", (void *) 0},/p'\'' -e '\''s/^[ABCDGIRSTW]* \([^ ]*\) \(lib[^ ]*\)$/  {"\2", (void *) \&\2},/p'\'' -e '\''s/^[ABCDGIRSTW]* \([^ ]*\) \([^ ]*\)$/  {"lib\2", (void *) \&\2},/p'\'''
lt_cv_sys_global_symbol_to_cdecl='sed -n -e '\''s/^T .* \(.*\)$/extern int \1();/p'\'' -e '\''s/^[ABCDGIRSTW]* .* \(.*\)$/extern char \1;/p'\'''
lt_cv_sys_max_cmd_len=1572864
lt_cv_to_host_file_cmd=func_convert_file_noop
lt_cv_to_tool_file_cmd=func_convert_file_noop
pkg_cv_GLIB_CFLAGS='-I/usr/include/glib-2.0 -I/usr/lib/glib-2.0/include'
pkg_cv_GLIB_LIBS=-lglib-2.0
pkg_cv_XT_CFLAGS=
pkg_cv_XT_LIBS='-lSM -lICE -lX11'
xorg_cv_cc_flag__Wall=yes
xorg_cv_cc_flag__Wbad_function_cast=yes
xorg_cv_cc_flag__Wdeclaration_after_statement=yes
xorg_cv_cc_flag__Werror=yes
xorg_cv_cc_flag__Werror_address=yes
xorg_cv_cc_flag__Werror_array_bounds=yes
xorg_cv_cc_flag__Werror_attributes=yes
xorg_cv_cc_flag__Werror_implicit=yes
xorg_cv_cc_flag__Werror_init_self=yes
xorg_cv_cc_flag__Werror_int_to_pointer_cast=yes
xorg_cv_cc_flag__Werror_main=yes
xorg_cv_cc_flag__Werror_missing_braces=yes
xorg_cv_cc_flag__Werror_nonnull=yes
xorg_cv_cc_flag__Werror_pointer_to_int_cast=yes
xorg_cv_cc_flag__Werror_return_type=yes
xorg_cv_cc_flag__Werror_sequence_point=yes
xorg_cv_cc_flag__Werror_trigraphs=yes
xorg_cv_cc_flag__Werror_write_strings=yes
xorg_cv_cc_flag__Wformat_2=yes
xorg_cv_cc_flag__Wlogical_op=yes
xorg_cv_cc_flag__Wmissing_declarations=yes
xorg_cv_cc_flag__Wmissing_format_attribute=yes
xorg_cv_cc_flag__Wmissing_noreturn=yes
xorg_cv_cc_flag__Wmissing_prototypes=yes
xorg_cv_cc_flag__Wnested_externs=yes
xorg_cv_cc_flag__Wold_style_definition=yes
xorg_cv_cc_flag__Wpointer_arith=yes
xorg_cv_cc_flag__Wredundant_decls=yes
xorg_cv_cc_flag__Wshadow=yes
xorg_cv_cc_flag__Wstrict_prototypes=yes
xorg_cv_cc_flag__Wuninitialized=yes
xorg_cv_cc_flag__Wunused=yes
xorg_cv_cc_flag__pedantic=yes
xorg_cv_cc_flag_unknown_warning_option=no
xorg_cv_cc_flag_unused_command_line_argument=no
xorg_cv_malloc0_returns_null=yes

## ----------------- ##
## Output variables. ##
## ----------------- ##

ACLOCAL='${SHELL} /lfskernel/sources/boot/X11/libs/libXt-1.1.5/missing aclocal-1.15'
ADMIN_MAN_DIR='$(mandir)/man$(ADMIN_MAN_SUFFIX)'
ADMIN_MAN_SUFFIX='8'
AMDEPBACKSLASH='\'
AMDEP_FALSE='#'
AMDEP_TRUE=''
AMTAR='$${TAR-tar}'
AM_BACKSLASH='\'
AM_DEFAULT_V='$(AM_DEFAULT_VERBOSITY)'
AM_DEFAULT_VERBOSITY='0'
AM_V='$(V)'
APP_MAN_DIR='$(mandir)/man$(APP_MAN_SUFFIX)'
APP_MAN_SUFFIX='1'
AR='ar'
AUTOCONF='${SHELL} /lfskernel/sources/boot/X11/libs/libXt-1.1.5/missing autoconf'
AUTOHEADER='${SHELL} /lfskernel/sources/boot/X11/libs/libXt-1.1.5/missing autoheader'
AUTOMAKE='${SHELL} /lfskernel/sources/boot/X11/libs/libXt-1.1.5/missing automake-1.15'
AWK='gawk'
BASE_CFLAGS=' -Wall -Wpointer-arith -Wmissing-declarations -Wformat=2 -Wstrict-prototypes -Wmissing-prototypes -Wnested-externs -Wbad-function-cast -Wold-style-definition -Wdeclaration-after-statement -Wunused -Wuninitialized -Wshadow -Wmissing-noreturn -Wmissing-format-attribute -Wredundant-decls -Wlogical-op -Werror=implicit -Werror=nonnull -Werror=init-self -Werror=main -Werror=missing-braces -Werror=sequence-point -Werror=return-type -Werror=trigraphs -Werror=array-bounds -Werror=write-strings -Werror=address -Werror=int-to-pointer-cast -Werror=pointer-to-int-cast'
CC='gcc'
CCDEPMODE='depmode=gcc3'
CC_FOR_BUILD='gcc'
CFLAGS='-g -O2'
CFLAGS_FOR_BUILD='-g -O2  -Wall -Wpointer-arith -Wmissing-declarations -Wformat=2 -Wstrict-prototypes -Wmissing-prototypes -Wnested-externs -Wbad-function-cast -Wold-style-definition -Wdeclaration-after-statement -Wunused -Wuninitialized -Wshadow -Wmissing-noreturn -Wmissing-format-attribute -Wredundant-decls -Wlogical-op -Werror=implicit -Werror=nonnull -Werror=init-self -Werror=main -Werror=missing-braces -Werror=sequence-point -Werror=return-type -Werror=trigraphs -Werror=array-bounds -Werror=write-strings -Werror=address -Werror=int-to-pointer-cast -Werror=pointer-to-int-cast -fno-strict-aliasing'
CHANGELOG_CMD='(GIT_DIR=$(top_srcdir)/.git git log > $(top_srcdir)/.changelog.tmp && mv $(top_srcdir)/.changelog.tmp $(top_srcdir)/ChangeLog) || (rm -f $(top_srcdir)/.changelog.tmp; touch $(top_srcdir)/ChangeLog; echo '\''git directory not found: installing possibly empty changelog.'\'' >&2)'
CPP='gcc -E'
CPPFLAGS=''
CPPFLAGS_FOR_BUILD=' -DHAVE_ASPRINTF -D_GNU_SOURCE'
CWARNFLAGS=' -Wall -Wpointer-arith -Wmissing-declarations -Wformat=2 -Wstrict-prototypes -Wmissing-prototypes -Wnested-externs -Wbad-function-cast -Wold-style-definition -Wdeclaration-after-statement -Wunused -Wuninitialized -Wshadow -Wmissing-noreturn -Wmissing-format-attribute -Wredundant-decls -Wlogical-op -Werror=implicit -Werror=nonnull -Werror=init-self -Werror=main -Werror=missing-braces -Werror=sequence-point -Werror=return-type -Werror=trigraphs -Werror=array-bounds -Werror=write-strings -Werror=address -Werror=int-to-pointer-cast -Werror=pointer-to-int-cast -fno-strict-aliasing'
CYGPATH_W='echo'
DEFS='-DHAVE_CONFIG_H'
DEPDIR='.deps'
DLLTOOL='false'
DRIVER_MAN_DIR='$(mandir)/man$(DRIVER_MAN_SUFFIX)'
DRIVER_MAN_SUFFIX='4'
DSYMUTIL=''
DUMPBIN=''
ECHO_C=''
ECHO_N='-n'
ECHO_T=''
EGREP='/usr/bin/grep -E'
ENABLE_SPECS_FALSE='#'
ENABLE_SPECS_TRUE=''
ENABLE_UNIT_TESTS_FALSE='#'
ENABLE_UNIT_TESTS_TRUE=''
ERRORDBDIR='${datarootdir}/X11'
EXEEXT=''
FGREP='/usr/bin/grep -F'
FILE_MAN_DIR='$(mandir)/man$(FILE_MAN_SUFFIX)'
FILE_MAN_SUFFIX='5'
FOP=''
GLIB_CFLAGS='-I/usr/include/glib-2.0 -I/usr/lib/glib-2.0/include'
GLIB_LIBS='-lglib-2.0'
GREP='/usr/bin/grep'
HAVE_FOP_FALSE=''
HAVE_FOP_TRUE='#'
HAVE_GLIB_FALSE='#'
HAVE_GLIB_TRUE=''
HAVE_PERL_FALSE='#'
HAVE_PERL_TRUE=''
HAVE_STYLESHEETS_FALSE=''
HAVE_STYLESHEETS_TRUE='#'
HAVE_XMLTO_FALSE='#'
HAVE_XMLTO_TEXT_FALSE=''
HAVE_XMLTO_TEXT_TRUE='#'
HAVE_XMLTO_TRUE=''
HAVE_XSLTPROC_FALSE='#'
HAVE_XSLTPROC_TRUE=''
INSTALL_CMD='(cp -f /usr/share/util-macros/INSTALL $(top_srcdir)/.INSTALL.tmp && mv $(top_srcdir)/.INSTALL.tmp $(top_srcdir)/INSTALL) || (rm -f $(top_srcdir)/.INSTALL.tmp; touch $(top_srcdir)/INSTALL; echo '\''util-macros "pkgdatadir" from xorg-macros.pc not found: installing possibly empty INSTALL.'\'' >&2)'
INSTALL_DATA='${INSTALL} -m 644'
INSTALL_PROGRAM='${INSTALL}'
INSTALL_SCRIPT='${INSTALL}'
INSTALL_STRIP_PROGRAM='$(install_sh) -c -s'
LD='/usr/bin/ld -m elf_x86_64'
LDFLAGS=''
LDFLAGS_FOR_BUILD=''
LIBOBJS=''
LIBS=''
LIBTOOL='$(SHELL) $(top_builddir)/libtool'
LIB_MAN_DIR='$(mandir)/man$(LIB_MAN_SUFFIX)'
LIB_MAN_SUFFIX='3'
LIPO=''
LN_S='ln -s'
LTLIBOBJS=''
MAKEINFO='${SHELL} /lfskernel/sources/boot/X11/libs/libXt-1.1.5/missing makeinfo'
MALLOC_DEBUG_ENV='MALLOC_PERTURB_=15'
MALLOC_ZERO_CFLAGS='-DMALLOC_0_RETURNS_NULL'
MANIFEST_TOOL=':'
MAN_SUBSTS='	-e '\''s|__vendorversion__|"$(PACKAGE_STRING)" "$(XORG_MAN_PAGE)"|'\'' 	-e '\''s|__xorgversion__|"$(PACKAGE_STRING)" "$(XORG_MAN_PAGE)"|'\'' 	-e '\''s|__xservername__|Xorg|g'\'' 	-e '\''s|__xconfigfile__|xorg.conf|g'\'' 	-e '\''s|__projectroot__|$(prefix)|g'\'' 	-e '\''s|__apploaddir__|$(appdefaultdir)|g'\'' 	-e '\''s|__appmansuffix__|$(APP_MAN_SUFFIX)|g'\'' 	-e '\''s|__drivermansuffix__|$(DRIVER_MAN_SUFFIX)|g'\'' 	-e '\''s|__adminmansuffix__|$(ADMIN_MAN_SUFFIX)|g'\'' 	-e '\''s|__libmansuffix__|$(LIB_MAN_SUFFIX)|g'\'' 	-e '\''s|__miscmansuffix__|$(MISC_MAN_SUFFIX)|g'\'' 	-e '\''s|__filemansuffix__|$(FILE_MAN_SUFFIX)|g'\'''
MISC_MAN_DIR='$(mandir)/man$(MISC_MAN_SUFFIX)'
MISC_MAN_SUFFIX='7'
MKDIR_P='/bin/mkdir -p'
NM='/usr/bin/nm -B'
NMEDIT=''
OBJDUMP='objdump'
OBJEXT='o'
OTOOL64=''
OTOOL=''
PACKAGE='libXt'
PACKAGE_BUGREPORT='https://bugs.freedesktop.org/enter_bug.cgi?product=xorg'
PACKAGE_NAME='libXt'
PACKAGE_STRING='libXt 1.1.5'
PACKAGE_TARNAME='libXt'
PACKAGE_URL=''
PACKAGE_VERSION='1.1.5'
PATH_SEPARATOR=':'
PERL='/usr/bin/perl'
PKG_CONFIG='/usr/bin/pkg-config'
RANLIB='ranlib'
RAWCPP='/usr/bin/cpp'
RAWCPPFLAGS='-undef -traditional'
SED='/bin/sed'
SET_MAKE=''
SHELL='/bin/sh'
STRICT_CFLAGS=' -pedantic -Werror -Werror=attributes'
STRINGSABIOPTIONS=''
STRIP='strip'
STYLESHEET_SRCDIR=''
TRADITIONALCPPFLAGS='-traditional'
VERSION='1.1.5'
XFILESEARCHPATHDEFAULT='$(sysconfdir)/X11/%L/%T/%N%C%S:$(sysconfdir)/X11/%l/%T/%N%C%S:$(sysconfdir)/X11/%T/%N%C%S:$(sysconfdir)/X11/%L/%T/%N%S:$(sysconfdir)/X11/%l/%T/%N%S:$(sysconfdir)/X11/%T/%N%S:$(datadir)/X11/%L/%T/%N%C%S:$(datadir)/X11/%l/%T/%N%C%S:$(datadir)/X11/%T/%N%C%S:$(datadir)/X11/%L/%T/%N%S:$(datadir)/X11/%l/%T/%N%S:$(datadir)/X11/%T/%N%S:$(libdir)/X11/%L/%T/%N%C%S:$(libdir)/X11/%l/%T/%N%C%S:$(libdir)/X11/%T/%N%C%S:$(libdir)/X11/%L/%T/%N%S:$(libdir)/X11/%l/%T/%N%S:$(libdir)/X11/%T/%N%S'
XMALLOC_ZERO_CFLAGS='-DMALLOC_0_RETURNS_NULL'
XMLTO='/usr/bin/xmlto'
XORG_MALLOC_DEBUG_ENV='MALLOC_PERTURB_=15'
XORG_MAN_PAGE='X Version 11'
XORG_SGML_PATH=''
XSLTPROC='/usr/bin/xsltproc'
XSL_STYLESHEET=''
XTMALLOC_ZERO_CFLAGS='-DMALLOC_0_RETURNS_NULL -DXTMALLOC_BC'
XT_CFLAGS=' '
XT_LIBS='-lSM -lICE -lX11'
ac_ct_AR='ar'
ac_ct_CC='gcc'
ac_ct_DUMPBIN=''
am__EXEEXT_FALSE=''
am__EXEEXT_TRUE='#'
am__fastdepCC_FALSE='#'
am__fastdepCC_TRUE=''
am__include='include'
am__isrc=''
am__leading_dot='.'
am__nodep='_no'
am__quote=''
am__tar='$${TAR-tar} chof - "$$tardir"'
am__untar='$${TAR-tar} xf -'
appdefaultdir='/etc/X11/app-defaults'
bindir='${exec_prefix}/bin'
build='x86_64-unknown-linux-gnu'
build_alias=''
build_cpu='x86_64'
build_os='linux-gnu'
build_vendor='unknown'
datadir='${datarootdir}'
datarootdir='${prefix}/share'
docdir='${datarootdir}/doc/${PACKAGE_TARNAME}'
dvidir='${docdir}'
exec_prefix='${prefix}'
host='x86_64-unknown-linux-gnu'
host_alias=''
host_cpu='x86_64'
host_os='linux-gnu'
host_vendor='unknown'
htmldir='${docdir}'
includedir='${prefix}/include'
infodir='${datarootdir}/info'
install_sh='${SHELL} /lfskernel/sources/boot/X11/libs/libXt-1.1.5/install-sh'
libdir='${exec_prefix}/lib'
libexecdir='${exec_prefix}/libexec'
localedir='${datarootdir}/locale'
localstatedir='/var'
mandir='${datarootdir}/man'
mkdir_p='$(MKDIR_P)'
oldincludedir='/usr/include'
pdfdir='${docdir}'
prefix='/usr'
program_transform_name='s,x,x,'
psdir='${docdir}'
sbindir='${exec_prefix}/sbin'
sharedstatedir='${prefix}/com'
sysconfdir='/etc'
target_alias=''

## ----------- ##
## confdefs.h. ##
## ----------- ##

/* confdefs.h */
#define PACKAGE_NAME "libXt"
#define PACKAGE_TARNAME "libXt"
#define PACKAGE_VERSION "1.1.5"
#define PACKAGE_STRING "libXt 1.1.5"
#define PACKAGE_BUGREPORT "https://bugs.freedesktop.org/enter_bug.cgi?product=xorg"
#define PACKAGE_URL ""
#define PACKAGE "libXt"
#define VERSION "1.1.5"
#define STDC_HEADERS 1
#define HAVE_SYS_TYPES_H 1
#define HAVE_SYS_STAT_H 1
#define HAVE_STDLIB_H 1
#define HAVE_STRING_H 1
#define HAVE_MEMORY_H 1
#define HAVE_STRINGS_H 1
#define HAVE_INTTYPES_H 1
#define HAVE_STDINT_H 1
#define HAVE_UNISTD_H 1
#define HAVE_DLFCN_H 1
#define LT_OBJDIR ".libs/"
#define PACKAGE_VERSION_MAJOR 1
#define PACKAGE_VERSION_MINOR 1
#define PACKAGE_VERSION_PATCHLEVEL 5
#define INCLUDE_ALLOCA_H 1
#define USE_POLL 1
#define XKB 1
#define appdefaultdir "/etc/X11/app-defaults"

configure: exit 0
