This file contains any messages produced by compilers while
running configure, to aid debugging if configure makes a mistake.

It was created by libXxf86vm configure 1.1.4, which was
generated by GNU Autoconf 2.69.  Invocation command line was

  $ ./configure --prefix=/usr --sysconfdir=/etc --localstatedir=/var --disable-static

## --------- ##
## Platform. ##
## --------- ##

hostname = localhost.localdomain
uname -m = x86_64
uname -r = 3.10.0-693.11.1.el7.x86_64
uname -s = Linux
uname -v = #1 SMP Mon Dec 4 23:52:40 UTC 2017

/usr/bin/uname -p = unknown
/bin/uname -X     = unknown

/bin/arch              = x86_64
/usr/bin/arch -k       = unknown
/usr/convex/getsysinfo = unknown
/usr/bin/hostinfo      = unknown
/bin/machine           = unknown
/usr/bin/oslevel       = unknown
/bin/universe          = unknown

PATH: /bin
PATH: /usr/bin
PATH: /sbin
PATH: /usr/sbin


## ----------- ##
## Core tests. ##
## ----------- ##

configure:2255: checking for a BSD-compatible install
configure:2323: result: /usr/bin/install -c
configure:2334: checking whether build environment is sane
configure:2389: result: yes
configure:2540: checking for a thread-safe mkdir -p
configure:2579: result: /bin/mkdir -p
configure:2586: checking for gawk
configure:2602: found /usr/bin/gawk
configure:2613: result: gawk
configure:2624: checking whether make sets $(MAKE)
configure:2646: result: yes
configure:2675: checking whether make supports nested variables
configure:2692: result: yes
configure:2849: checking build system type
configure:2863: result: x86_64-unknown-linux-gnu
configure:2883: checking host system type
configure:2896: result: x86_64-unknown-linux-gnu
configure:2937: checking how to print strings
configure:2964: result: printf
configure:2997: checking for style of include used by make
configure:3025: result: GNU
configure:3096: checking for gcc
configure:3112: found /usr/bin/gcc
configure:3123: result: gcc
configure:3352: checking for C compiler version
configure:3361: gcc --version >&5
gcc (GCC) 7.2.0
Copyright (C) 2017 Free Software Foundation, Inc.
This is free software; see the source for copying conditions.  There is NO
warranty; not even for MERCHANTABILITY or FITNESS FOR A PARTICULAR PURPOSE.

configure:3372: $? = 0
configure:3361: gcc -v >&5
Using built-in specs.
COLLECT_GCC=gcc
COLLECT_LTO_WRAPPER=/usr/libexec/gcc/x86_64-pc-linux-gnu/7.2.0/lto-wrapper
Target: x86_64-pc-linux-gnu
Configured with: ../configure --prefix=/usr --enable-languages=c,c++ --disable-multilib --disable-bootstrap --with-system-zlib
Thread model: posix
gcc version 7.2.0 (GCC) 
configure:3372: $? = 0
configure:3361: gcc -V >&5
gcc: error: unrecognized command line option '-V'
gcc: fatal error: no input files
compilation terminated.
configure:3372: $? = 1
configure:3361: gcc -qversion >&5
gcc: error: unrecognized command line option '-qversion'; did you mean '--version'?
gcc: fatal error: no input files
compilation terminated.
configure:3372: $? = 1
configure:3392: checking whether the C compiler works
configure:3414: gcc    conftest.c  >&5
configure:3418: $? = 0
configure:3466: result: yes
configure:3469: checking for C compiler default output file name
configure:3471: result: a.out
configure:3477: checking for suffix of executables
configure:3484: gcc -o conftest    conftest.c  >&5
configure:3488: $? = 0
configure:3510: result: 
configure:3532: checking whether we are cross compiling
configure:3540: gcc -o conftest    conftest.c  >&5
configure:3544: $? = 0
configure:3551: ./conftest
configure:3555: $? = 0
configure:3570: result: no
configure:3575: checking for suffix of object files
configure:3597: gcc -c   conftest.c >&5
configure:3601: $? = 0
configure:3622: result: o
configure:3626: checking whether we are using the GNU C compiler
configure:3645: gcc -c   conftest.c >&5
configure:3645: $? = 0
configure:3654: result: yes
configure:3663: checking whether gcc accepts -g
configure:3683: gcc -c -g  conftest.c >&5
configure:3683: $? = 0
configure:3724: result: yes
configure:3741: checking for gcc option to accept ISO C89
configure:3804: gcc  -c -g -O2  conftest.c >&5
configure:3804: $? = 0
configure:3817: result: none needed
configure:3842: checking whether gcc understands -c and -o together
configure:3864: gcc -c conftest.c -o conftest2.o
configure:3867: $? = 0
configure:3864: gcc -c conftest.c -o conftest2.o
configure:3867: $? = 0
configure:3879: result: yes
configure:3898: checking dependency style of gcc
configure:4009: result: gcc3
configure:4024: checking for a sed that does not truncate output
configure:4088: result: /bin/sed
configure:4106: checking for grep that handles long lines and -e
configure:4164: result: /usr/bin/grep
configure:4169: checking for egrep
configure:4231: result: /usr/bin/grep -E
configure:4236: checking for fgrep
configure:4298: result: /usr/bin/grep -F
configure:4333: checking for ld used by gcc
configure:4400: result: /usr/bin/ld
configure:4407: checking if the linker (/usr/bin/ld) is GNU ld
configure:4422: result: yes
configure:4434: checking for BSD- or MS-compatible name lister (nm)
configure:4483: result: /usr/bin/nm -B
configure:4613: checking the name lister (/usr/bin/nm -B) interface
configure:4620: gcc -c -g -O2  conftest.c >&5
configure:4623: /usr/bin/nm -B "conftest.o"
configure:4626: output
0000000000000000 B some_variable
configure:4633: result: BSD nm
configure:4636: checking whether ln -s works
configure:4640: result: yes
configure:4648: checking the maximum length of command line arguments
configure:4778: result: 1572864
configure:4795: checking whether the shell understands some XSI constructs
configure:4805: result: yes
configure:4809: checking whether the shell understands "+="
configure:4815: result: yes
configure:4850: checking how to convert x86_64-unknown-linux-gnu file names to x86_64-unknown-linux-gnu format
configure:4890: result: func_convert_file_noop
configure:4897: checking how to convert x86_64-unknown-linux-gnu file names to toolchain format
configure:4917: result: func_convert_file_noop
configure:4924: checking for /usr/bin/ld option to reload object files
configure:4931: result: -r
configure:5005: checking for objdump
configure:5021: found /usr/bin/objdump
configure:5032: result: objdump
configure:5064: checking how to recognize dependent libraries
configure:5266: result: pass_all
configure:5351: checking for dlltool
configure:5381: result: no
configure:5411: checking how to associate runtime and link libraries
configure:5438: result: printf %s\n
configure:5499: checking for ar
configure:5515: found /usr/bin/ar
configure:5526: result: ar
configure:5563: checking for archiver @FILE support
configure:5580: gcc -c -g -O2  conftest.c >&5
configure:5580: $? = 0
configure:5583: ar cru libconftest.a @conftest.lst >&5
configure:5586: $? = 0
configure:5591: ar cru libconftest.a @conftest.lst >&5
ar: conftest.o: No such file or directory
configure:5594: $? = 1
configure:5606: result: @
configure:5664: checking for strip
configure:5680: found /usr/bin/strip
configure:5691: result: strip
configure:5763: checking for ranlib
configure:5779: found /usr/bin/ranlib
configure:5790: result: ranlib
configure:5892: checking command to parse /usr/bin/nm -B output from gcc object
configure:6012: gcc -c -g -O2  conftest.c >&5
configure:6015: $? = 0
configure:6019: /usr/bin/nm -B conftest.o \| sed -n -e 's/^.*[ ]\([ABCDGIRSTW][ABCDGIRSTW]*\)[ ][ ]*\([_A-Za-z][_A-Za-z0-9]*\)$/\1 \2 \2/p' | sed '/ __gnu_lto/d' \> conftest.nm
configure:6022: $? = 0
configure:6088: gcc -o conftest -g -O2   conftest.c conftstm.o >&5
configure:6091: $? = 0
configure:6129: result: ok
configure:6166: checking for sysroot
configure:6196: result: no
configure:6273: gcc -c -g -O2  conftest.c >&5
configure:6276: $? = 0
configure:6452: checking for mt
configure:6468: found /bin/mt
configure:6479: result: mt
configure:6502: checking if mt is a manifest tool
configure:6508: mt '-?'
configure:6516: result: no
configure:7158: checking how to run the C preprocessor
configure:7189: gcc -E  conftest.c
configure:7189: $? = 0
configure:7203: gcc -E  conftest.c
conftest.c:11:10: fatal error: ac_nonexistent.h: No such file or directory
 #include <ac_nonexistent.h>
          ^~~~~~~~~~~~~~~~~~
compilation terminated.
configure:7203: $? = 1
configure: failed program was:
| /* confdefs.h */
| #define PACKAGE_NAME "libXxf86vm"
| #define PACKAGE_TARNAME "libXxf86vm"
| #define PACKAGE_VERSION "1.1.4"
| #define PACKAGE_STRING "libXxf86vm 1.1.4"
| #define PACKAGE_BUGREPORT "https://bugs.freedesktop.org/enter_bug.cgi?product=xorg"
| #define PACKAGE_URL ""
| #define PACKAGE "libXxf86vm"
| #define VERSION "1.1.4"
| /* end confdefs.h.  */
| #include <ac_nonexistent.h>
configure:7228: result: gcc -E
configure:7248: gcc -E  conftest.c
configure:7248: $? = 0
configure:7262: gcc -E  conftest.c
conftest.c:11:10: fatal error: ac_nonexistent.h: No such file or directory
 #include <ac_nonexistent.h>
          ^~~~~~~~~~~~~~~~~~
compilation terminated.
configure:7262: $? = 1
configure: failed program was:
| /* confdefs.h */
| #define PACKAGE_NAME "libXxf86vm"
| #define PACKAGE_TARNAME "libXxf86vm"
| #define PACKAGE_VERSION "1.1.4"
| #define PACKAGE_STRING "libXxf86vm 1.1.4"
| #define PACKAGE_BUGREPORT "https://bugs.freedesktop.org/enter_bug.cgi?product=xorg"
| #define PACKAGE_URL ""
| #define PACKAGE "libXxf86vm"
| #define VERSION "1.1.4"
| /* end confdefs.h.  */
| #include <ac_nonexistent.h>
configure:7291: checking for ANSI C header files
configure:7311: gcc -c -g -O2  conftest.c >&5
configure:7311: $? = 0
configure:7384: gcc -o conftest -g -O2   conftest.c  >&5
configure:7384: $? = 0
configure:7384: ./conftest
configure:7384: $? = 0
configure:7395: result: yes
configure:7408: checking for sys/types.h
configure:7408: gcc -c -g -O2  conftest.c >&5
configure:7408: $? = 0
configure:7408: result: yes
configure:7408: checking for sys/stat.h
configure:7408: gcc -c -g -O2  conftest.c >&5
configure:7408: $? = 0
configure:7408: result: yes
configure:7408: checking for stdlib.h
configure:7408: gcc -c -g -O2  conftest.c >&5
configure:7408: $? = 0
configure:7408: result: yes
configure:7408: checking for string.h
configure:7408: gcc -c -g -O2  conftest.c >&5
configure:7408: $? = 0
configure:7408: result: yes
configure:7408: checking for memory.h
configure:7408: gcc -c -g -O2  conftest.c >&5
configure:7408: $? = 0
configure:7408: result: yes
configure:7408: checking for strings.h
configure:7408: gcc -c -g -O2  conftest.c >&5
configure:7408: $? = 0
configure:7408: result: yes
configure:7408: checking for inttypes.h
configure:7408: gcc -c -g -O2  conftest.c >&5
configure:7408: $? = 0
configure:7408: result: yes
configure:7408: checking for stdint.h
configure:7408: gcc -c -g -O2  conftest.c >&5
configure:7408: $? = 0
configure:7408: result: yes
configure:7408: checking for unistd.h
configure:7408: gcc -c -g -O2  conftest.c >&5
configure:7408: $? = 0
configure:7408: result: yes
configure:7422: checking for dlfcn.h
configure:7422: gcc -c -g -O2  conftest.c >&5
configure:7422: $? = 0
configure:7422: result: yes
configure:7628: checking for objdir
configure:7643: result: .libs
configure:7910: checking if gcc supports -fno-rtti -fno-exceptions
configure:7928: gcc -c -g -O2  -fno-rtti -fno-exceptions conftest.c >&5
cc1: warning: command line option '-fno-rtti' is valid for C++/ObjC++ but not for C
configure:7932: $? = 0
configure:7945: result: no
configure:8272: checking for gcc option to produce PIC
configure:8279: result: -fPIC -DPIC
configure:8287: checking if gcc PIC flag -fPIC -DPIC works
configure:8305: gcc -c -g -O2  -fPIC -DPIC -DPIC conftest.c >&5
configure:8309: $? = 0
configure:8322: result: yes
configure:8351: checking if gcc static flag -static works
configure:8379: result: yes
configure:8394: checking if gcc supports -c -o file.o
configure:8415: gcc -c -g -O2  -o out/conftest2.o conftest.c >&5
configure:8419: $? = 0
configure:8441: result: yes
configure:8449: checking if gcc supports -c -o file.o
configure:8496: result: yes
configure:8529: checking whether the gcc linker (/usr/bin/ld -m elf_x86_64) supports shared libraries
configure:9682: result: yes
configure:9719: checking whether -lc should be explicitly linked in
configure:9727: gcc -c -g -O2  conftest.c >&5
configure:9730: $? = 0
configure:9745: gcc -shared  -fPIC -DPIC conftest.o  -v -Wl,-soname -Wl,conftest -o conftest 2\>\&1 \| /usr/bin/grep  -lc  \>/dev/null 2\>\&1
configure:9748: $? = 0
configure:9762: result: no
configure:9922: checking dynamic linker characteristics
configure:10433: gcc -o conftest -g -O2   -Wl,-rpath -Wl,/foo conftest.c  >&5
configure:10433: $? = 0
configure:10655: result: GNU/Linux ld.so
configure:10762: checking how to hardcode library paths into programs
configure:10787: result: immediate
configure:11327: checking whether stripping libraries is possible
configure:11332: result: yes
configure:11367: checking if libtool supports shared libraries
configure:11369: result: yes
configure:11372: checking whether to build shared libraries
configure:11393: result: yes
configure:11396: checking whether to build static libraries
configure:11400: result: no
configure:11450: checking for gcc option to accept ISO C99
configure:11599: gcc  -c -g -O2  conftest.c >&5
configure:11599: $? = 0
configure:11612: result: none needed
configure:11631: checking whether __clang__ is declared
configure:11631: gcc -c -g -O2  conftest.c >&5
conftest.c: In function 'main':
conftest.c:63:10: error: '__clang__' undeclared (first use in this function); did you mean '__clock_t'?
   (void) __clang__;
          ^~~~~~~~~
          __clock_t
conftest.c:63:10: note: each undeclared identifier is reported only once for each function it appears in
configure:11631: $? = 1
configure: failed program was:
| /* confdefs.h */
| #define PACKAGE_NAME "libXxf86vm"
| #define PACKAGE_TARNAME "libXxf86vm"
| #define PACKAGE_VERSION "1.1.4"
| #define PACKAGE_STRING "libXxf86vm 1.1.4"
| #define PACKAGE_BUGREPORT "https://bugs.freedesktop.org/enter_bug.cgi?product=xorg"
| #define PACKAGE_URL ""
| #define PACKAGE "libXxf86vm"
| #define VERSION "1.1.4"
| #define STDC_HEADERS 1
| #define HAVE_SYS_TYPES_H 1
| #define HAVE_SYS_STAT_H 1
| #define HAVE_STDLIB_H 1
| #define HAVE_STRING_H 1
| #define HAVE_MEMORY_H 1
| #define HAVE_STRINGS_H 1
| #define HAVE_INTTYPES_H 1
| #define HAVE_STDINT_H 1
| #define HAVE_UNISTD_H 1
| #define HAVE_DLFCN_H 1
| #define LT_OBJDIR ".libs/"
| /* end confdefs.h.  */
| #include <stdio.h>
| #ifdef HAVE_SYS_TYPES_H
| # include <sys/types.h>
| #endif
| #ifdef HAVE_SYS_STAT_H
| # include <sys/stat.h>
| #endif
| #ifdef STDC_HEADERS
| # include <stdlib.h>
| # include <stddef.h>
| #else
| # ifdef HAVE_STDLIB_H
| #  include <stdlib.h>
| # endif
| #endif
| #ifdef HAVE_STRING_H
| # if !defined STDC_HEADERS && defined HAVE_MEMORY_H
| #  include <memory.h>
| # endif
| # include <string.h>
| #endif
| #ifdef HAVE_STRINGS_H
| # include <strings.h>
| #endif
| #ifdef HAVE_INTTYPES_H
| # include <inttypes.h>
| #endif
| #ifdef HAVE_STDINT_H
| # include <stdint.h>
| #endif
| #ifdef HAVE_UNISTD_H
| # include <unistd.h>
| #endif
| int
| main ()
| {
| #ifndef __clang__
| #ifdef __cplusplus
|   (void) __clang__;
| #else
|   (void) __clang__;
| #endif
| #endif
| 
|   ;
|   return 0;
| }
configure:11631: result: no
configure:11638: checking whether __INTEL_COMPILER is declared
configure:11638: gcc -c -g -O2  conftest.c >&5
conftest.c: In function 'main':
conftest.c:63:10: error: '__INTEL_COMPILER' undeclared (first use in this function); did you mean '__BYTE_ORDER'?
   (void) __INTEL_COMPILER;
          ^~~~~~~~~~~~~~~~
          __BYTE_ORDER
conftest.c:63:10: note: each undeclared identifier is reported only once for each function it appears in
configure:11638: $? = 1
configure: failed program was:
| /* confdefs.h */
| #define PACKAGE_NAME "libXxf86vm"
| #define PACKAGE_TARNAME "libXxf86vm"
| #define PACKAGE_VERSION "1.1.4"
| #define PACKAGE_STRING "libXxf86vm 1.1.4"
| #define PACKAGE_BUGREPORT "https://bugs.freedesktop.org/enter_bug.cgi?product=xorg"
| #define PACKAGE_URL ""
| #define PACKAGE "libXxf86vm"
| #define VERSION "1.1.4"
| #define STDC_HEADERS 1
| #define HAVE_SYS_TYPES_H 1
| #define HAVE_SYS_STAT_H 1
| #define HAVE_STDLIB_H 1
| #define HAVE_STRING_H 1
| #define HAVE_MEMORY_H 1
| #define HAVE_STRINGS_H 1
| #define HAVE_INTTYPES_H 1
| #define HAVE_STDINT_H 1
| #define HAVE_UNISTD_H 1
| #define HAVE_DLFCN_H 1
| #define LT_OBJDIR ".libs/"
| /* end confdefs.h.  */
| #include <stdio.h>
| #ifdef HAVE_SYS_TYPES_H
| # include <sys/types.h>
| #endif
| #ifdef HAVE_SYS_STAT_H
| # include <sys/stat.h>
| #endif
| #ifdef STDC_HEADERS
| # include <stdlib.h>
| # include <stddef.h>
| #else
| # ifdef HAVE_STDLIB_H
| #  include <stdlib.h>
| # endif
| #endif
| #ifdef HAVE_STRING_H
| # if !defined STDC_HEADERS && defined HAVE_MEMORY_H
| #  include <memory.h>
| # endif
| # include <string.h>
| #endif
| #ifdef HAVE_STRINGS_H
| # include <strings.h>
| #endif
| #ifdef HAVE_INTTYPES_H
| # include <inttypes.h>
| #endif
| #ifdef HAVE_STDINT_H
| # include <stdint.h>
| #endif
| #ifdef HAVE_UNISTD_H
| # include <unistd.h>
| #endif
| int
| main ()
| {
| #ifndef __INTEL_COMPILER
| #ifdef __cplusplus
|   (void) __INTEL_COMPILER;
| #else
|   (void) __INTEL_COMPILER;
| #endif
| #endif
| 
|   ;
|   return 0;
| }
configure:11638: result: no
configure:11645: checking whether __SUNPRO_C is declared
configure:11645: gcc -c -g -O2  conftest.c >&5
conftest.c: In function 'main':
conftest.c:63:10: error: '__SUNPRO_C' undeclared (first use in this function); did you mean '__INT8_C'?
   (void) __SUNPRO_C;
          ^~~~~~~~~~
          __INT8_C
conftest.c:63:10: note: each undeclared identifier is reported only once for each function it appears in
configure:11645: $? = 1
configure: failed program was:
| /* confdefs.h */
| #define PACKAGE_NAME "libXxf86vm"
| #define PACKAGE_TARNAME "libXxf86vm"
| #define PACKAGE_VERSION "1.1.4"
| #define PACKAGE_STRING "libXxf86vm 1.1.4"
| #define PACKAGE_BUGREPORT "https://bugs.freedesktop.org/enter_bug.cgi?product=xorg"
| #define PACKAGE_URL ""
| #define PACKAGE "libXxf86vm"
| #define VERSION "1.1.4"
| #define STDC_HEADERS 1
| #define HAVE_SYS_TYPES_H 1
| #define HAVE_SYS_STAT_H 1
| #define HAVE_STDLIB_H 1
| #define HAVE_STRING_H 1
| #define HAVE_MEMORY_H 1
| #define HAVE_STRINGS_H 1
| #define HAVE_INTTYPES_H 1
| #define HAVE_STDINT_H 1
| #define HAVE_UNISTD_H 1
| #define HAVE_DLFCN_H 1
| #define LT_OBJDIR ".libs/"
| /* end confdefs.h.  */
| #include <stdio.h>
| #ifdef HAVE_SYS_TYPES_H
| # include <sys/types.h>
| #endif
| #ifdef HAVE_SYS_STAT_H
| # include <sys/stat.h>
| #endif
| #ifdef STDC_HEADERS
| # include <stdlib.h>
| # include <stddef.h>
| #else
| # ifdef HAVE_STDLIB_H
| #  include <stdlib.h>
| # endif
| #endif
| #ifdef HAVE_STRING_H
| # if !defined STDC_HEADERS && defined HAVE_MEMORY_H
| #  include <memory.h>
| # endif
| # include <string.h>
| #endif
| #ifdef HAVE_STRINGS_H
| # include <strings.h>
| #endif
| #ifdef HAVE_INTTYPES_H
| # include <inttypes.h>
| #endif
| #ifdef HAVE_STDINT_H
| # include <stdint.h>
| #endif
| #ifdef HAVE_UNISTD_H
| # include <unistd.h>
| #endif
| int
| main ()
| {
| #ifndef __SUNPRO_C
| #ifdef __cplusplus
|   (void) __SUNPRO_C;
| #else
|   (void) __SUNPRO_C;
| #endif
| #endif
| 
|   ;
|   return 0;
| }
configure:11645: result: no
configure:11702: checking for pkg-config
configure:11720: found /usr/bin/pkg-config
configure:11732: result: /usr/bin/pkg-config
configure:11757: checking pkg-config is at least version 0.9.0
configure:11760: result: yes
configure:11810: checking if gcc supports -Werror=unknown-warning-option
configure:11819: gcc -c -g -O2 -Werror=unknown-warning-option  conftest.c >&5
cc1: error: -Werror=unknown-warning-option: no option -Wunknown-warning-option
configure:11819: $? = 1
configure: failed program was:
| /* confdefs.h */
| #define PACKAGE_NAME "libXxf86vm"
| #define PACKAGE_TARNAME "libXxf86vm"
| #define PACKAGE_VERSION "1.1.4"
| #define PACKAGE_STRING "libXxf86vm 1.1.4"
| #define PACKAGE_BUGREPORT "https://bugs.freedesktop.org/enter_bug.cgi?product=xorg"
| #define PACKAGE_URL ""
| #define PACKAGE "libXxf86vm"
| #define VERSION "1.1.4"
| #define STDC_HEADERS 1
| #define HAVE_SYS_TYPES_H 1
| #define HAVE_SYS_STAT_H 1
| #define HAVE_STDLIB_H 1
| #define HAVE_STRING_H 1
| #define HAVE_MEMORY_H 1
| #define HAVE_STRINGS_H 1
| #define HAVE_INTTYPES_H 1
| #define HAVE_STDINT_H 1
| #define HAVE_UNISTD_H 1
| #define HAVE_DLFCN_H 1
| #define LT_OBJDIR ".libs/"
| /* end confdefs.h.  */
| int i;
configure:11826: result: no
configure:11837: checking if gcc supports -Werror=unused-command-line-argument
configure:11846: gcc -c -g -O2 -Werror=unused-command-line-argument  conftest.c >&5
cc1: error: -Werror=unused-command-line-argument: no option -Wunused-command-line-argument
configure:11846: $? = 1
configure: failed program was:
| /* confdefs.h */
| #define PACKAGE_NAME "libXxf86vm"
| #define PACKAGE_TARNAME "libXxf86vm"
| #define PACKAGE_VERSION "1.1.4"
| #define PACKAGE_STRING "libXxf86vm 1.1.4"
| #define PACKAGE_BUGREPORT "https://bugs.freedesktop.org/enter_bug.cgi?product=xorg"
| #define PACKAGE_URL ""
| #define PACKAGE "libXxf86vm"
| #define VERSION "1.1.4"
| #define STDC_HEADERS 1
| #define HAVE_SYS_TYPES_H 1
| #define HAVE_SYS_STAT_H 1
| #define HAVE_STDLIB_H 1
| #define HAVE_STRING_H 1
| #define HAVE_MEMORY_H 1
| #define HAVE_STRINGS_H 1
| #define HAVE_INTTYPES_H 1
| #define HAVE_STDINT_H 1
| #define HAVE_UNISTD_H 1
| #define HAVE_DLFCN_H 1
| #define LT_OBJDIR ".libs/"
| /* end confdefs.h.  */
| int i;
configure:11853: result: no
configure:11872: checking if gcc supports -Wall
configure:11889: gcc -o conftest -g -O2 -Wall   conftest.c  >&5
configure:11889: $? = 0
configure:11902: result: yes
configure:11990: checking if gcc supports -Wpointer-arith
configure:12007: gcc -o conftest -g -O2 -Wpointer-arith   conftest.c  >&5
configure:12007: $? = 0
configure:12020: result: yes
configure:12108: checking if gcc supports -Wmissing-declarations
configure:12125: gcc -o conftest -g -O2 -Wmissing-declarations   conftest.c  >&5
configure:12125: $? = 0
configure:12138: result: yes
configure:12226: checking if gcc supports -Wformat=2
configure:12243: gcc -o conftest -g -O2 -Wformat=2   conftest.c  >&5
configure:12243: $? = 0
configure:12256: result: yes
configure:12395: checking if gcc supports -Wstrict-prototypes
configure:12412: gcc -o conftest -g -O2 -Wstrict-prototypes   conftest.c  >&5
conftest.c:25:1: warning: function declaration isn't a prototype [-Wstrict-prototypes]
 main ()
 ^~~~
configure:12412: $? = 0
configure:12425: result: yes
configure:12513: checking if gcc supports -Wmissing-prototypes
configure:12530: gcc -o conftest -g -O2 -Wmissing-prototypes   conftest.c  >&5
configure:12530: $? = 0
configure:12543: result: yes
configure:12631: checking if gcc supports -Wnested-externs
configure:12648: gcc -o conftest -g -O2 -Wnested-externs   conftest.c  >&5
configure:12648: $? = 0
configure:12661: result: yes
configure:12749: checking if gcc supports -Wbad-function-cast
configure:12766: gcc -o conftest -g -O2 -Wbad-function-cast   conftest.c  >&5
configure:12766: $? = 0
configure:12779: result: yes
configure:12867: checking if gcc supports -Wold-style-definition
configure:12884: gcc -o conftest -g -O2 -Wold-style-definition   conftest.c  >&5
conftest.c: In function 'main':
conftest.c:25:1: warning: old-style function definition [-Wold-style-definition]
 main ()
 ^~~~
configure:12884: $? = 0
configure:12897: result: yes
configure:13034: checking if gcc supports -Wdeclaration-after-statement
configure:13051: gcc -o conftest -g -O2 -Wdeclaration-after-statement   conftest.c  >&5
configure:13051: $? = 0
configure:13064: result: yes
configure:13156: checking if gcc supports -Wunused
configure:13173: gcc -o conftest -g -O2 -Wunused   conftest.c  >&5
configure:13173: $? = 0
configure:13186: result: yes
configure:13274: checking if gcc supports -Wuninitialized
configure:13291: gcc -o conftest -g -O2 -Wuninitialized   conftest.c  >&5
configure:13291: $? = 0
configure:13304: result: yes
configure:13392: checking if gcc supports -Wshadow
configure:13409: gcc -o conftest -g -O2 -Wshadow   conftest.c  >&5
configure:13409: $? = 0
configure:13422: result: yes
configure:13510: checking if gcc supports -Wmissing-noreturn
configure:13527: gcc -o conftest -g -O2 -Wmissing-noreturn   conftest.c  >&5
configure:13527: $? = 0
configure:13540: result: yes
configure:13628: checking if gcc supports -Wmissing-format-attribute
configure:13645: gcc -o conftest -g -O2 -Wmissing-format-attribute   conftest.c  >&5
configure:13645: $? = 0
configure:13658: result: yes
configure:13746: checking if gcc supports -Wredundant-decls
configure:13763: gcc -o conftest -g -O2 -Wredundant-decls   conftest.c  >&5
configure:13763: $? = 0
configure:13776: result: yes
configure:13864: checking if gcc supports -Wlogical-op
configure:13881: gcc -o conftest -g -O2 -Wlogical-op   conftest.c  >&5
configure:13881: $? = 0
configure:13894: result: yes
configure:13994: checking if gcc supports -Werror=implicit
configure:14011: gcc -o conftest -g -O2 -Werror=implicit   conftest.c  >&5
configure:14011: $? = 0
configure:14024: result: yes
configure:14161: checking if gcc supports -Werror=nonnull
configure:14178: gcc -o conftest -g -O2 -Werror=nonnull   conftest.c  >&5
configure:14178: $? = 0
configure:14191: result: yes
configure:14279: checking if gcc supports -Werror=init-self
configure:14296: gcc -o conftest -g -O2 -Werror=init-self   conftest.c  >&5
configure:14296: $? = 0
configure:14309: result: yes
configure:14397: checking if gcc supports -Werror=main
configure:14414: gcc -o conftest -g -O2 -Werror=main   conftest.c  >&5
configure:14414: $? = 0
configure:14427: result: yes
configure:14515: checking if gcc supports -Werror=missing-braces
configure:14532: gcc -o conftest -g -O2 -Werror=missing-braces   conftest.c  >&5
configure:14532: $? = 0
configure:14545: result: yes
configure:14633: checking if gcc supports -Werror=sequence-point
configure:14650: gcc -o conftest -g -O2 -Werror=sequence-point   conftest.c  >&5
configure:14650: $? = 0
configure:14663: result: yes
configure:14751: checking if gcc supports -Werror=return-type
configure:14768: gcc -o conftest -g -O2 -Werror=return-type   conftest.c  >&5
configure:14768: $? = 0
configure:14781: result: yes
configure:14918: checking if gcc supports -Werror=trigraphs
configure:14935: gcc -o conftest -g -O2 -Werror=trigraphs   conftest.c  >&5
configure:14935: $? = 0
configure:14948: result: yes
configure:15036: checking if gcc supports -Werror=array-bounds
configure:15053: gcc -o conftest -g -O2 -Werror=array-bounds   conftest.c  >&5
configure:15053: $? = 0
configure:15066: result: yes
configure:15154: checking if gcc supports -Werror=write-strings
configure:15171: gcc -o conftest -g -O2 -Werror=write-strings   conftest.c  >&5
configure:15171: $? = 0
configure:15184: result: yes
configure:15272: checking if gcc supports -Werror=address
configure:15289: gcc -o conftest -g -O2 -Werror=address   conftest.c  >&5
configure:15289: $? = 0
configure:15302: result: yes
configure:15390: checking if gcc supports -Werror=int-to-pointer-cast
configure:15407: gcc -o conftest -g -O2 -Werror=int-to-pointer-cast   conftest.c  >&5
configure:15407: $? = 0
configure:15420: result: yes
configure:15557: checking if gcc supports -Werror=pointer-to-int-cast
configure:15574: gcc -o conftest -g -O2 -Werror=pointer-to-int-cast   conftest.c  >&5
configure:15574: $? = 0
configure:15587: result: yes
configure:17245: checking if gcc supports -pedantic
configure:17262: gcc -o conftest -g -O2 -pedantic   conftest.c  >&5
configure:17262: $? = 0
configure:17275: result: yes
configure:17363: checking if gcc supports -Werror
configure:17380: gcc -o conftest -g -O2 -Werror   conftest.c  >&5
configure:17380: $? = 0
configure:17393: result: yes
configure:17533: checking if gcc supports -Werror=attributes
configure:17550: gcc -o conftest -g -O2 -Werror=attributes   conftest.c  >&5
configure:17550: $? = 0
configure:17563: result: yes
configure:17723: checking whether make supports nested variables
configure:17740: result: yes
configure:17761: checking whether malloc(0) returns NULL
configure:17793: gcc -o conftest -g -O2   conftest.c  >&5
configure:17793: $? = 0
configure:17793: ./conftest
configure:17793: $? = 0
configure:17806: result: yes
configure:17827: checking for XXF86VM
configure:17834: $PKG_CONFIG --exists --print-errors "xproto x11 >= 1.6 xextproto xext xf86vidmodeproto >= 2.2.99.1"
configure:17837: $? = 0
configure:17850: $PKG_CONFIG --exists --print-errors "xproto x11 >= 1.6 xextproto xext xf86vidmodeproto >= 2.2.99.1"
configure:17853: $? = 0
configure:17907: result: yes
configure:18023: checking that generated files are newer than configure
configure:18029: result: done
configure:18052: creating ./config.status

## ---------------------- ##
## Running config.status. ##
## ---------------------- ##

This file was extended by libXxf86vm config.status 1.1.4, which was
generated by GNU Autoconf 2.69.  Invocation command line was

  CONFIG_FILES    = 
  CONFIG_HEADERS  = 
  CONFIG_LINKS    = 
  CONFIG_COMMANDS = 
  $ ./config.status 

on localhost.localdomain

config.status:1122: creating Makefile
config.status:1122: creating src/Makefile
config.status:1122: creating man/Makefile
config.status:1122: creating xxf86vm.pc
config.status:1122: creating src/config.h
config.status:1351: executing depfiles commands
config.status:1351: executing libtool commands

## ---------------- ##
## Cache variables. ##
## ---------------- ##

ac_cv_build=x86_64-unknown-linux-gnu
ac_cv_c_compiler_gnu=yes
ac_cv_env_CC_set=
ac_cv_env_CC_value=
ac_cv_env_CFLAGS_set=
ac_cv_env_CFLAGS_value=
ac_cv_env_CPPFLAGS_set=
ac_cv_env_CPPFLAGS_value=
ac_cv_env_CPP_set=
ac_cv_env_CPP_value=
ac_cv_env_LDFLAGS_set=
ac_cv_env_LDFLAGS_value=
ac_cv_env_LIBS_set=
ac_cv_env_LIBS_value=
ac_cv_env_PKG_CONFIG_set=
ac_cv_env_PKG_CONFIG_value=
ac_cv_env_XXF86VM_CFLAGS_set=
ac_cv_env_XXF86VM_CFLAGS_value=
ac_cv_env_XXF86VM_LIBS_set=
ac_cv_env_XXF86VM_LIBS_value=
ac_cv_env_build_alias_set=
ac_cv_env_build_alias_value=
ac_cv_env_host_alias_set=
ac_cv_env_host_alias_value=
ac_cv_env_target_alias_set=
ac_cv_env_target_alias_value=
ac_cv_have_decl___INTEL_COMPILER=no
ac_cv_have_decl___SUNPRO_C=no
ac_cv_have_decl___clang__=no
ac_cv_header_dlfcn_h=yes
ac_cv_header_inttypes_h=yes
ac_cv_header_memory_h=yes
ac_cv_header_stdc=yes
ac_cv_header_stdint_h=yes
ac_cv_header_stdlib_h=yes
ac_cv_header_string_h=yes
ac_cv_header_strings_h=yes
ac_cv_header_sys_stat_h=yes
ac_cv_header_sys_types_h=yes
ac_cv_header_unistd_h=yes
ac_cv_host=x86_64-unknown-linux-gnu
ac_cv_objext=o
ac_cv_path_EGREP='/usr/bin/grep -E'
ac_cv_path_FGREP='/usr/bin/grep -F'
ac_cv_path_GREP=/usr/bin/grep
ac_cv_path_SED=/bin/sed
ac_cv_path_ac_pt_PKG_CONFIG=/usr/bin/pkg-config
ac_cv_path_install='/usr/bin/install -c'
ac_cv_path_mkdir=/bin/mkdir
ac_cv_prog_AWK=gawk
ac_cv_prog_CPP='gcc -E'
ac_cv_prog_ac_ct_AR=ar
ac_cv_prog_ac_ct_CC=gcc
ac_cv_prog_ac_ct_MANIFEST_TOOL=mt
ac_cv_prog_ac_ct_OBJDUMP=objdump
ac_cv_prog_ac_ct_RANLIB=ranlib
ac_cv_prog_ac_ct_STRIP=strip
ac_cv_prog_cc_c89=
ac_cv_prog_cc_c99=
ac_cv_prog_cc_g=yes
ac_cv_prog_make_make_set=yes
am_cv_CC_dependencies_compiler_type=gcc3
am_cv_make_support_nested_variables=yes
am_cv_prog_cc_c_o=yes
lt_cv_ar_at_file=@
lt_cv_archive_cmds_need_lc=no
lt_cv_deplibs_check_method=pass_all
lt_cv_file_magic_cmd='$MAGIC_CMD'
lt_cv_file_magic_test_file=
lt_cv_ld_reload_flag=-r
lt_cv_nm_interface='BSD nm'
lt_cv_objdir=.libs
lt_cv_path_LD=/usr/bin/ld
lt_cv_path_NM='/usr/bin/nm -B'
lt_cv_path_mainfest_tool=no
lt_cv_prog_compiler_c_o=yes
lt_cv_prog_compiler_pic='-fPIC -DPIC'
lt_cv_prog_compiler_pic_works=yes
lt_cv_prog_compiler_rtti_exceptions=no
lt_cv_prog_compiler_static_works=yes
lt_cv_prog_gnu_ld=yes
lt_cv_sharedlib_from_linklib_cmd='printf %s\n'
lt_cv_shlibpath_overrides_runpath=no
lt_cv_sys_global_symbol_pipe='sed -n -e '\''s/^.*[	 ]\([ABCDGIRSTW][ABCDGIRSTW]*\)[	 ][	 ]*\([_A-Za-z][_A-Za-z0-9]*\)$/\1 \2 \2/p'\'' | sed '\''/ __gnu_lto/d'\'''
lt_cv_sys_global_symbol_to_c_name_address='sed -n -e '\''s/^: \([^ ]*\)[ ]*$/  {\"\1\", (void *) 0},/p'\'' -e '\''s/^[ABCDGIRSTW]* \([^ ]*\) \([^ ]*\)$/  {"\2", (void *) \&\2},/p'\'''
lt_cv_sys_global_symbol_to_c_name_address_lib_prefix='sed -n -e '\''s/^: \([^ ]*\)[ ]*$/  {\"\1\", (void *) 0},/p'\'' -e '\''s/^[ABCDGIRSTW]* \([^ ]*\) \(lib[^ ]*\)$/  {"\2", (void *) \&\2},/p'\'' -e '\''s/^[ABCDGIRSTW]* \([^ ]*\) \([^ ]*\)$/  {"lib\2", (void *) \&\2},/p'\'''
lt_cv_sys_global_symbol_to_cdecl='sed -n -e '\''s/^T .* \(.*\)$/extern int \1();/p'\'' -e '\''s/^[ABCDGIRSTW]* .* \(.*\)$/extern char \1;/p'\'''
lt_cv_sys_max_cmd_len=1572864
lt_cv_to_host_file_cmd=func_convert_file_noop
lt_cv_to_tool_file_cmd=func_convert_file_noop
pkg_cv_XXF86VM_CFLAGS=
pkg_cv_XXF86VM_LIBS='-lX11 -lXext'
xorg_cv_cc_flag__Wall=yes
xorg_cv_cc_flag__Wbad_function_cast=yes
xorg_cv_cc_flag__Wdeclaration_after_statement=yes
xorg_cv_cc_flag__Werror=yes
xorg_cv_cc_flag__Werror_address=yes
xorg_cv_cc_flag__Werror_array_bounds=yes
xorg_cv_cc_flag__Werror_attributes=yes
xorg_cv_cc_flag__Werror_implicit=yes
xorg_cv_cc_flag__Werror_init_self=yes
xorg_cv_cc_flag__Werror_int_to_pointer_cast=yes
xorg_cv_cc_flag__Werror_main=yes
xorg_cv_cc_flag__Werror_missing_braces=yes
xorg_cv_cc_flag__Werror_nonnull=yes
xorg_cv_cc_flag__Werror_pointer_to_int_cast=yes
xorg_cv_cc_flag__Werror_return_type=yes
xorg_cv_cc_flag__Werror_sequence_point=yes
xorg_cv_cc_flag__Werror_trigraphs=yes
xorg_cv_cc_flag__Werror_write_strings=yes
xorg_cv_cc_flag__Wformat_2=yes
xorg_cv_cc_flag__Wlogical_op=yes
xorg_cv_cc_flag__Wmissing_declarations=yes
xorg_cv_cc_flag__Wmissing_format_attribute=yes
xorg_cv_cc_flag__Wmissing_noreturn=yes
xorg_cv_cc_flag__Wmissing_prototypes=yes
xorg_cv_cc_flag__Wnested_externs=yes
xorg_cv_cc_flag__Wold_style_definition=yes
xorg_cv_cc_flag__Wpointer_arith=yes
xorg_cv_cc_flag__Wredundant_decls=yes
xorg_cv_cc_flag__Wshadow=yes
xorg_cv_cc_flag__Wstrict_prototypes=yes
xorg_cv_cc_flag__Wuninitialized=yes
xorg_cv_cc_flag__Wunused=yes
xorg_cv_cc_flag__pedantic=yes
xorg_cv_cc_flag_unknown_warning_option=no
xorg_cv_cc_flag_unused_command_line_argument=no
xorg_cv_malloc0_returns_null=yes

## ----------------- ##
## Output variables. ##
## ----------------- ##

ACLOCAL='${SHELL} /lfskernel/sources/boot/X11/libs/libXxf86vm-1.1.4/missing aclocal-1.15'
ADMIN_MAN_DIR='$(mandir)/man$(ADMIN_MAN_SUFFIX)'
ADMIN_MAN_SUFFIX='8'
AMDEPBACKSLASH='\'
AMDEP_FALSE='#'
AMDEP_TRUE=''
AMTAR='$${TAR-tar}'
AM_BACKSLASH='\'
AM_DEFAULT_V='$(AM_DEFAULT_VERBOSITY)'
AM_DEFAULT_VERBOSITY='0'
AM_V='$(V)'
APP_MAN_DIR='$(mandir)/man$(APP_MAN_SUFFIX)'
APP_MAN_SUFFIX='1'
AR='ar'
AUTOCONF='${SHELL} /lfskernel/sources/boot/X11/libs/libXxf86vm-1.1.4/missing autoconf'
AUTOHEADER='${SHELL} /lfskernel/sources/boot/X11/libs/libXxf86vm-1.1.4/missing autoheader'
AUTOMAKE='${SHELL} /lfskernel/sources/boot/X11/libs/libXxf86vm-1.1.4/missing automake-1.15'
AWK='gawk'
BASE_CFLAGS=' -Wall -Wpointer-arith -Wmissing-declarations -Wformat=2 -Wstrict-prototypes -Wmissing-prototypes -Wnested-externs -Wbad-function-cast -Wold-style-definition -Wdeclaration-after-statement -Wunused -Wuninitialized -Wshadow -Wmissing-noreturn -Wmissing-format-attribute -Wredundant-decls -Wlogical-op -Werror=implicit -Werror=nonnull -Werror=init-self -Werror=main -Werror=missing-braces -Werror=sequence-point -Werror=return-type -Werror=trigraphs -Werror=array-bounds -Werror=write-strings -Werror=address -Werror=int-to-pointer-cast -Werror=pointer-to-int-cast'
CC='gcc'
CCDEPMODE='depmode=gcc3'
CFLAGS='-g -O2'
CHANGELOG_CMD='(GIT_DIR=$(top_srcdir)/.git git log > $(top_srcdir)/.changelog.tmp && mv $(top_srcdir)/.changelog.tmp $(top_srcdir)/ChangeLog) || (rm -f $(top_srcdir)/.changelog.tmp; touch $(top_srcdir)/ChangeLog; echo '\''git directory not found: installing possibly empty changelog.'\'' >&2)'
CPP='gcc -E'
CPPFLAGS=''
CWARNFLAGS=' -Wall -Wpointer-arith -Wmissing-declarations -Wformat=2 -Wstrict-prototypes -Wmissing-prototypes -Wnested-externs -Wbad-function-cast -Wold-style-definition -Wdeclaration-after-statement -Wunused -Wuninitialized -Wshadow -Wmissing-noreturn -Wmissing-format-attribute -Wredundant-decls -Wlogical-op -Werror=implicit -Werror=nonnull -Werror=init-self -Werror=main -Werror=missing-braces -Werror=sequence-point -Werror=return-type -Werror=trigraphs -Werror=array-bounds -Werror=write-strings -Werror=address -Werror=int-to-pointer-cast -Werror=pointer-to-int-cast -fno-strict-aliasing'
CYGPATH_W='echo'
DEFS='-DHAVE_CONFIG_H'
DEPDIR='.deps'
DLLTOOL='false'
DRIVER_MAN_DIR='$(mandir)/man$(DRIVER_MAN_SUFFIX)'
DRIVER_MAN_SUFFIX='4'
DSYMUTIL=''
DUMPBIN=''
ECHO_C=''
ECHO_N='-n'
ECHO_T=''
EGREP='/usr/bin/grep -E'
EXEEXT=''
FGREP='/usr/bin/grep -F'
FILE_MAN_DIR='$(mandir)/man$(FILE_MAN_SUFFIX)'
FILE_MAN_SUFFIX='5'
GREP='/usr/bin/grep'
INSTALL_CMD='(cp -f /usr/share/util-macros/INSTALL $(top_srcdir)/.INSTALL.tmp && mv $(top_srcdir)/.INSTALL.tmp $(top_srcdir)/INSTALL) || (rm -f $(top_srcdir)/.INSTALL.tmp; touch $(top_srcdir)/INSTALL; echo '\''util-macros "pkgdatadir" from xorg-macros.pc not found: installing possibly empty INSTALL.'\'' >&2)'
INSTALL_DATA='${INSTALL} -m 644'
INSTALL_PROGRAM='${INSTALL}'
INSTALL_SCRIPT='${INSTALL}'
INSTALL_STRIP_PROGRAM='$(install_sh) -c -s'
LD='/usr/bin/ld -m elf_x86_64'
LDFLAGS=''
LIBOBJS=''
LIBS=''
LIBTOOL='$(SHELL) $(top_builddir)/libtool'
LIB_MAN_DIR='$(mandir)/man$(LIB_MAN_SUFFIX)'
LIB_MAN_SUFFIX='3'
LIPO=''
LN_S='ln -s'
LTLIBOBJS=''
MAKEINFO='${SHELL} /lfskernel/sources/boot/X11/libs/libXxf86vm-1.1.4/missing makeinfo'
MALLOC_ZERO_CFLAGS='-DMALLOC_0_RETURNS_NULL'
MANIFEST_TOOL=':'
MAN_SUBSTS='	-e '\''s|__vendorversion__|"$(PACKAGE_STRING)" "$(XORG_MAN_PAGE)"|'\'' 	-e '\''s|__xorgversion__|"$(PACKAGE_STRING)" "$(XORG_MAN_PAGE)"|'\'' 	-e '\''s|__xservername__|Xorg|g'\'' 	-e '\''s|__xconfigfile__|xorg.conf|g'\'' 	-e '\''s|__projectroot__|$(prefix)|g'\'' 	-e '\''s|__apploaddir__|$(appdefaultdir)|g'\'' 	-e '\''s|__appmansuffix__|$(APP_MAN_SUFFIX)|g'\'' 	-e '\''s|__drivermansuffix__|$(DRIVER_MAN_SUFFIX)|g'\'' 	-e '\''s|__adminmansuffix__|$(ADMIN_MAN_SUFFIX)|g'\'' 	-e '\''s|__libmansuffix__|$(LIB_MAN_SUFFIX)|g'\'' 	-e '\''s|__miscmansuffix__|$(MISC_MAN_SUFFIX)|g'\'' 	-e '\''s|__filemansuffix__|$(FILE_MAN_SUFFIX)|g'\'''
MISC_MAN_DIR='$(mandir)/man$(MISC_MAN_SUFFIX)'
MISC_MAN_SUFFIX='7'
MKDIR_P='/bin/mkdir -p'
NM='/usr/bin/nm -B'
NMEDIT=''
OBJDUMP='objdump'
OBJEXT='o'
OTOOL64=''
OTOOL=''
PACKAGE='libXxf86vm'
PACKAGE_BUGREPORT='https://bugs.freedesktop.org/enter_bug.cgi?product=xorg'
PACKAGE_NAME='libXxf86vm'
PACKAGE_STRING='libXxf86vm 1.1.4'
PACKAGE_TARNAME='libXxf86vm'
PACKAGE_URL=''
PACKAGE_VERSION='1.1.4'
PATH_SEPARATOR=':'
PKG_CONFIG='/usr/bin/pkg-config'
RANLIB='ranlib'
SED='/bin/sed'
SET_MAKE=''
SHELL='/bin/sh'
STRICT_CFLAGS=' -pedantic -Werror -Werror=attributes'
STRIP='strip'
VERSION='1.1.4'
XMALLOC_ZERO_CFLAGS='-DMALLOC_0_RETURNS_NULL'
XORG_MAN_PAGE='X Version 11'
XTMALLOC_ZERO_CFLAGS='-DMALLOC_0_RETURNS_NULL -DXTMALLOC_BC'
XXF86VM_CFLAGS=''
XXF86VM_LIBS='-lX11 -lXext'
ac_ct_AR='ar'
ac_ct_CC='gcc'
ac_ct_DUMPBIN=''
am__EXEEXT_FALSE=''
am__EXEEXT_TRUE='#'
am__fastdepCC_FALSE='#'
am__fastdepCC_TRUE=''
am__include='include'
am__isrc=''
am__leading_dot='.'
am__nodep='_no'
am__quote=''
am__tar='$${TAR-tar} chof - "$$tardir"'
am__untar='$${TAR-tar} xf -'
bindir='${exec_prefix}/bin'
build='x86_64-unknown-linux-gnu'
build_alias=''
build_cpu='x86_64'
build_os='linux-gnu'
build_vendor='unknown'
datadir='${datarootdir}'
datarootdir='${prefix}/share'
docdir='${datarootdir}/doc/${PACKAGE_TARNAME}'
dvidir='${docdir}'
exec_prefix='${prefix}'
host='x86_64-unknown-linux-gnu'
host_alias=''
host_cpu='x86_64'
host_os='linux-gnu'
host_vendor='unknown'
htmldir='${docdir}'
includedir='${prefix}/include'
infodir='${datarootdir}/info'
install_sh='${SHELL} /lfskernel/sources/boot/X11/libs/libXxf86vm-1.1.4/install-sh'
libdir='${exec_prefix}/lib'
libexecdir='${exec_prefix}/libexec'
localedir='${datarootdir}/locale'
localstatedir='/var'
mandir='${datarootdir}/man'
mkdir_p='$(MKDIR_P)'
oldincludedir='/usr/include'
pdfdir='${docdir}'
prefix='/usr'
program_transform_name='s,x,x,'
psdir='${docdir}'
sbindir='${exec_prefix}/sbin'
sharedstatedir='${prefix}/com'
sysconfdir='/etc'
target_alias=''

## ----------- ##
## confdefs.h. ##
## ----------- ##

/* confdefs.h */
#define PACKAGE_NAME "libXxf86vm"
#define PACKAGE_TARNAME "libXxf86vm"
#define PACKAGE_VERSION "1.1.4"
#define PACKAGE_STRING "libXxf86vm 1.1.4"
#define PACKAGE_BUGREPORT "https://bugs.freedesktop.org/enter_bug.cgi?product=xorg"
#define PACKAGE_URL ""
#define PACKAGE "libXxf86vm"
#define VERSION "1.1.4"
#define STDC_HEADERS 1
#define HAVE_SYS_TYPES_H 1
#define HAVE_SYS_STAT_H 1
#define HAVE_STDLIB_H 1
#define HAVE_STRING_H 1
#define HAVE_MEMORY_H 1
#define HAVE_STRINGS_H 1
#define HAVE_INTTYPES_H 1
#define HAVE_STDINT_H 1
#define HAVE_UNISTD_H 1
#define HAVE_DLFCN_H 1
#define LT_OBJDIR ".libs/"
#define PACKAGE_VERSION_MAJOR 1
#define PACKAGE_VERSION_MINOR 1
#define PACKAGE_VERSION_PATCHLEVEL 4

configure: exit 0
