###############################
# Install libXi-1.7.9.tar.bz2 #
###############################
Making install in src
make[1]: Entering directory '/lfskernel/sources/boot/X11/libs/libXi-1.7.9/src'
make[2]: Entering directory '/lfskernel/sources/boot/X11/libs/libXi-1.7.9/src'
 /bin/mkdir -p '/usr/lib'
 /bin/sh ../libtool   --mode=install /usr/bin/install -c   libXi.la '/usr/lib'
libtool: install: /usr/bin/install -c .libs/libXi.so.6.1.0 /usr/lib/libXi.so.6.1.0
libtool: install: (cd /usr/lib && { ln -s -f libXi.so.6.1.0 libXi.so.6 || { rm -f libXi.so.6 && ln -s libXi.so.6.1.0 libXi.so.6; }; })
libtool: install: (cd /usr/lib && { ln -s -f libXi.so.6.1.0 libXi.so || { rm -f libXi.so && ln -s libXi.so.6.1.0 libXi.so; }; })
libtool: install: /usr/bin/install -c .libs/libXi.lai /usr/lib/libXi.la
libtool: finish: PATH="/bin:/usr/bin:/sbin:/usr/sbin:/sbin" ldconfig -n /usr/lib
----------------------------------------------------------------------
Libraries have been installed in:
   /usr/lib

If you ever happen to want to link against installed libraries
in a given directory, LIBDIR, you must either use libtool, and
specify the full pathname of the library, or use the '-LLIBDIR'
flag during linking and do at least one of the following:
   - add LIBDIR to the 'LD_LIBRARY_PATH' environment variable
     during execution
   - add LIBDIR to the 'LD_RUN_PATH' environment variable
     during linking
   - use the '-Wl,-rpath -Wl,LIBDIR' linker flag
   - have your system administrator add LIBDIR to '/etc/ld.so.conf'

See any operating system documentation about shared libraries for
more information, such as the ld(1) and ld.so(8) manual pages.
----------------------------------------------------------------------
 /bin/mkdir -p '/usr/include/X11/extensions'
 /usr/bin/install -c -m 644 ../include/X11/extensions/XInput.h ../include/X11/extensions/XInput2.h '/usr/include/X11/extensions'
make[2]: Leaving directory '/lfskernel/sources/boot/X11/libs/libXi-1.7.9/src'
make[1]: Leaving directory '/lfskernel/sources/boot/X11/libs/libXi-1.7.9/src'
Making install in man
make[1]: Entering directory '/lfskernel/sources/boot/X11/libs/libXi-1.7.9/man'
make[2]: Entering directory '/lfskernel/sources/boot/X11/libs/libXi-1.7.9/man'
make[2]: Nothing to be done for 'install-exec-am'.
 /bin/mkdir -p '/usr/share/man/man3'
 /usr/bin/install -c -m 644 XAllowDeviceEvents.3 XChangeDeviceDontPropagateList.3 XChangeKeyboardDevice.3 XChangePointerDevice.3 XDeviceBell.3 XGetDeviceControl.3 XGetDeviceKeyMapping.3 XGetDeviceModifierMapping.3 XGetDeviceMotionEvents.3 XGetDeviceProperty.3 XGetExtensionVersion.3 XGetFeedbackControl.3 XGrabDeviceButton.3 XGrabDeviceKey.3 XGrabDevice.3 XListDeviceProperties.3 XListInputDevices.3 XOpenDevice.3 XQueryDeviceState.3 XSelectExtensionEvent.3 XSendExtensionEvent.3 XSetDeviceButtonMapping.3 XSetDeviceFocus.3 XSetDeviceMode.3 XSetDeviceValuators.3 XIBarrierReleasePointer.3 XIChangeHierarchy.3 XIDefineCursor.3 XIGrabButton.3 XIGrabDevice.3 XIGrabEnter.3 XIQueryDevice.3 XIQueryPointer.3 XIQueryVersion.3 XISelectEvents.3 XISetClientPointer.3 XISetFocus.3 XIWarpPointer.3 XIListProperties.3 XIChangeProperty.3 '/usr/share/man/man3'
 /usr/bin/install -c -m 644 XGetDeviceDontPropagateList.3 XChangeDeviceControl.3 XChangeDeviceKeyMapping.3 XSetDeviceModifierMapping.3 XChangeFeedbackControl.3 XUngrabDeviceButton.3 XUngrabDeviceKey.3 XUngrabDevice.3 XDeviceTimeCoord.3 XFreeDeviceList.3 XCloseDevice.3 XGetSelectedExtensionEvents.3 XGetDeviceButtonMapping.3 XGetDeviceFocus.3 XChangeDeviceProperty.3 XDeleteDeviceProperty.3 XIBarrierReleasePointers.3 XIUndefineCursor.3 XIUngrabButton.3 XIGrabKeycode.3 XIUngrabKeycode.3 XIUngrabDevice.3 XIUngrabEnter.3 XIGrabFocusIn.3 XIUngrabFocusIn.3 XIGetClientPointer.3 XIGetFocus.3 XIGetSelectedEvents.3 XIDeleteProperty.3 XIGetProperty.3 XIFreeDeviceInfo.3 XIGrabTouchBegin.3 XIUngrabTouchBegin.3 '/usr/share/man/man3'
make[2]: Leaving directory '/lfskernel/sources/boot/X11/libs/libXi-1.7.9/man'
make[1]: Leaving directory '/lfskernel/sources/boot/X11/libs/libXi-1.7.9/man'
Making install in specs
make[1]: Entering directory '/lfskernel/sources/boot/X11/libs/libXi-1.7.9/specs'
make[2]: Entering directory '/lfskernel/sources/boot/X11/libs/libXi-1.7.9/specs'
make[2]: Nothing to be done for 'install-exec-am'.
 /bin/mkdir -p '/usr/share/doc/libXi'
 /usr/bin/install -c -m 644 inputlib.xml library.xml encoding.xml '/usr/share/doc/libXi'
 /bin/mkdir -p '/usr/share/doc/libXi'
make[2]: Leaving directory '/lfskernel/sources/boot/X11/libs/libXi-1.7.9/specs'
make[1]: Leaving directory '/lfskernel/sources/boot/X11/libs/libXi-1.7.9/specs'
make[1]: Entering directory '/lfskernel/sources/boot/X11/libs/libXi-1.7.9'
make[2]: Entering directory '/lfskernel/sources/boot/X11/libs/libXi-1.7.9'
make[2]: Nothing to be done for 'install-exec-am'.
 /bin/mkdir -p '/usr/lib/pkgconfig'
 /usr/bin/install -c -m 644 xi.pc '/usr/lib/pkgconfig'
make[2]: Leaving directory '/lfskernel/sources/boot/X11/libs/libXi-1.7.9'
make[1]: Leaving directory '/lfskernel/sources/boot/X11/libs/libXi-1.7.9'
