This file contains any messages produced by compilers while
running configure, to aid debugging if configure makes a mistake.

It was created by libXdamage configure 1.1.4, which was
generated by GNU Autoconf 2.68.  Invocation command line was

  $ ./configure --prefix=/usr --sysconfdir=/etc --localstatedir=/var --disable-static

## --------- ##
## Platform. ##
## --------- ##

hostname = localhost.localdomain
uname -m = x86_64
uname -r = 3.10.0-693.11.1.el7.x86_64
uname -s = Linux
uname -v = #1 SMP Mon Dec 4 23:52:40 UTC 2017

/usr/bin/uname -p = unknown
/bin/uname -X     = unknown

/bin/arch              = x86_64
/usr/bin/arch -k       = unknown
/usr/convex/getsysinfo = unknown
/usr/bin/hostinfo      = unknown
/bin/machine           = unknown
/usr/bin/oslevel       = unknown
/bin/universe          = unknown

PATH: /bin
PATH: /usr/bin
PATH: /sbin
PATH: /usr/sbin


## ----------- ##
## Core tests. ##
## ----------- ##

configure:2234: checking for a BSD-compatible install
configure:2302: result: /usr/bin/install -c
configure:2313: checking whether build environment is sane
configure:2363: result: yes
configure:2504: checking for a thread-safe mkdir -p
configure:2543: result: /bin/mkdir -p
configure:2556: checking for gawk
configure:2572: found /usr/bin/gawk
configure:2583: result: gawk
configure:2594: checking whether make sets $(MAKE)
configure:2616: result: yes
configure:2697: checking whether to enable maintainer-specific portions of Makefiles
configure:2706: result: no
configure:2750: checking build system type
configure:2764: result: x86_64-unknown-linux-gnu
configure:2784: checking host system type
configure:2797: result: x86_64-unknown-linux-gnu
configure:2838: checking how to print strings
configure:2865: result: printf
configure:2898: checking for style of include used by make
configure:2926: result: GNU
configure:2997: checking for gcc
configure:3013: found /usr/bin/gcc
configure:3024: result: gcc
configure:3253: checking for C compiler version
configure:3262: gcc --version >&5
gcc (GCC) 7.2.0
Copyright (C) 2017 Free Software Foundation, Inc.
This is free software; see the source for copying conditions.  There is NO
warranty; not even for MERCHANTABILITY or FITNESS FOR A PARTICULAR PURPOSE.

configure:3273: $? = 0
configure:3262: gcc -v >&5
Using built-in specs.
COLLECT_GCC=gcc
COLLECT_LTO_WRAPPER=/usr/libexec/gcc/x86_64-pc-linux-gnu/7.2.0/lto-wrapper
Target: x86_64-pc-linux-gnu
Configured with: ../configure --prefix=/usr --enable-languages=c,c++ --disable-multilib --disable-bootstrap --with-system-zlib
Thread model: posix
gcc version 7.2.0 (GCC) 
configure:3273: $? = 0
configure:3262: gcc -V >&5
gcc: error: unrecognized command line option '-V'
gcc: fatal error: no input files
compilation terminated.
configure:3273: $? = 1
configure:3262: gcc -qversion >&5
gcc: error: unrecognized command line option '-qversion'; did you mean '--version'?
gcc: fatal error: no input files
compilation terminated.
configure:3273: $? = 1
configure:3293: checking whether the C compiler works
configure:3315: gcc    conftest.c  >&5
configure:3319: $? = 0
configure:3367: result: yes
configure:3370: checking for C compiler default output file name
configure:3372: result: a.out
configure:3378: checking for suffix of executables
configure:3385: gcc -o conftest    conftest.c  >&5
configure:3389: $? = 0
configure:3411: result: 
configure:3433: checking whether we are cross compiling
configure:3441: gcc -o conftest    conftest.c  >&5
configure:3445: $? = 0
configure:3452: ./conftest
configure:3456: $? = 0
configure:3471: result: no
configure:3476: checking for suffix of object files
configure:3498: gcc -c   conftest.c >&5
configure:3502: $? = 0
configure:3523: result: o
configure:3527: checking whether we are using the GNU C compiler
configure:3546: gcc -c   conftest.c >&5
configure:3546: $? = 0
configure:3555: result: yes
configure:3564: checking whether gcc accepts -g
configure:3584: gcc -c -g  conftest.c >&5
configure:3584: $? = 0
configure:3625: result: yes
configure:3642: checking for gcc option to accept ISO C89
configure:3706: gcc  -c -g -O2  conftest.c >&5
configure:3706: $? = 0
configure:3719: result: none needed
configure:3741: checking dependency style of gcc
configure:3852: result: gcc3
configure:3867: checking for a sed that does not truncate output
configure:3931: result: /bin/sed
configure:3949: checking for grep that handles long lines and -e
configure:4007: result: /usr/bin/grep
configure:4012: checking for egrep
configure:4074: result: /usr/bin/grep -E
configure:4079: checking for fgrep
configure:4141: result: /usr/bin/grep -F
configure:4176: checking for ld used by gcc
configure:4243: result: /usr/bin/ld
configure:4250: checking if the linker (/usr/bin/ld) is GNU ld
configure:4265: result: yes
configure:4277: checking for BSD- or MS-compatible name lister (nm)
configure:4326: result: /usr/bin/nm -B
configure:4456: checking the name lister (/usr/bin/nm -B) interface
configure:4463: gcc -c -g -O2  conftest.c >&5
configure:4466: /usr/bin/nm -B "conftest.o"
configure:4469: output
0000000000000000 B some_variable
configure:4476: result: BSD nm
configure:4479: checking whether ln -s works
configure:4483: result: yes
configure:4491: checking the maximum length of command line arguments
configure:4621: result: 1572864
configure:4638: checking whether the shell understands some XSI constructs
configure:4648: result: yes
configure:4652: checking whether the shell understands "+="
configure:4658: result: yes
configure:4693: checking how to convert x86_64-unknown-linux-gnu file names to x86_64-unknown-linux-gnu format
configure:4733: result: func_convert_file_noop
configure:4740: checking how to convert x86_64-unknown-linux-gnu file names to toolchain format
configure:4760: result: func_convert_file_noop
configure:4767: checking for /usr/bin/ld option to reload object files
configure:4774: result: -r
configure:4848: checking for objdump
configure:4864: found /usr/bin/objdump
configure:4875: result: objdump
configure:4907: checking how to recognize dependent libraries
configure:5109: result: pass_all
configure:5194: checking for dlltool
configure:5224: result: no
configure:5254: checking how to associate runtime and link libraries
configure:5281: result: printf %s\n
configure:5342: checking for ar
configure:5358: found /usr/bin/ar
configure:5369: result: ar
configure:5406: checking for archiver @FILE support
configure:5423: gcc -c -g -O2  conftest.c >&5
configure:5423: $? = 0
configure:5426: ar cru libconftest.a @conftest.lst >&5
configure:5429: $? = 0
configure:5434: ar cru libconftest.a @conftest.lst >&5
ar: conftest.o: No such file or directory
configure:5437: $? = 1
configure:5449: result: @
configure:5507: checking for strip
configure:5523: found /usr/bin/strip
configure:5534: result: strip
configure:5606: checking for ranlib
configure:5622: found /usr/bin/ranlib
configure:5633: result: ranlib
configure:5735: checking command to parse /usr/bin/nm -B output from gcc object
configure:5855: gcc -c -g -O2  conftest.c >&5
configure:5858: $? = 0
configure:5862: /usr/bin/nm -B conftest.o \| sed -n -e 's/^.*[ ]\([ABCDGIRSTW][ABCDGIRSTW]*\)[ ][ ]*\([_A-Za-z][_A-Za-z0-9]*\)$/\1 \2 \2/p' | sed '/ __gnu_lto/d' \> conftest.nm
configure:5865: $? = 0
configure:5931: gcc -o conftest -g -O2   conftest.c conftstm.o >&5
configure:5934: $? = 0
configure:5972: result: ok
configure:6009: checking for sysroot
configure:6039: result: no
configure:6116: gcc -c -g -O2  conftest.c >&5
configure:6119: $? = 0
configure:6295: checking for mt
configure:6311: found /bin/mt
configure:6322: result: mt
configure:6345: checking if mt is a manifest tool
configure:6351: mt '-?'
configure:6359: result: no
configure:7001: checking how to run the C preprocessor
configure:7032: gcc -E  conftest.c
configure:7032: $? = 0
configure:7046: gcc -E  conftest.c
conftest.c:11:10: fatal error: ac_nonexistent.h: No such file or directory
 #include <ac_nonexistent.h>
          ^~~~~~~~~~~~~~~~~~
compilation terminated.
configure:7046: $? = 1
configure: failed program was:
| /* confdefs.h */
| #define PACKAGE_NAME "libXdamage"
| #define PACKAGE_TARNAME "libXdamage"
| #define PACKAGE_VERSION "1.1.4"
| #define PACKAGE_STRING "libXdamage 1.1.4"
| #define PACKAGE_BUGREPORT "https://bugs.freedesktop.org/enter_bug.cgi?product=xorg"
| #define PACKAGE_URL ""
| #define PACKAGE "libXdamage"
| #define VERSION "1.1.4"
| /* end confdefs.h.  */
| #include <ac_nonexistent.h>
configure:7071: result: gcc -E
configure:7091: gcc -E  conftest.c
configure:7091: $? = 0
configure:7105: gcc -E  conftest.c
conftest.c:11:10: fatal error: ac_nonexistent.h: No such file or directory
 #include <ac_nonexistent.h>
          ^~~~~~~~~~~~~~~~~~
compilation terminated.
configure:7105: $? = 1
configure: failed program was:
| /* confdefs.h */
| #define PACKAGE_NAME "libXdamage"
| #define PACKAGE_TARNAME "libXdamage"
| #define PACKAGE_VERSION "1.1.4"
| #define PACKAGE_STRING "libXdamage 1.1.4"
| #define PACKAGE_BUGREPORT "https://bugs.freedesktop.org/enter_bug.cgi?product=xorg"
| #define PACKAGE_URL ""
| #define PACKAGE "libXdamage"
| #define VERSION "1.1.4"
| /* end confdefs.h.  */
| #include <ac_nonexistent.h>
configure:7134: checking for ANSI C header files
configure:7154: gcc -c -g -O2  conftest.c >&5
configure:7154: $? = 0
configure:7227: gcc -o conftest -g -O2   conftest.c  >&5
configure:7227: $? = 0
configure:7227: ./conftest
configure:7227: $? = 0
configure:7238: result: yes
configure:7251: checking for sys/types.h
configure:7251: gcc -c -g -O2  conftest.c >&5
configure:7251: $? = 0
configure:7251: result: yes
configure:7251: checking for sys/stat.h
configure:7251: gcc -c -g -O2  conftest.c >&5
configure:7251: $? = 0
configure:7251: result: yes
configure:7251: checking for stdlib.h
configure:7251: gcc -c -g -O2  conftest.c >&5
configure:7251: $? = 0
configure:7251: result: yes
configure:7251: checking for string.h
configure:7251: gcc -c -g -O2  conftest.c >&5
configure:7251: $? = 0
configure:7251: result: yes
configure:7251: checking for memory.h
configure:7251: gcc -c -g -O2  conftest.c >&5
configure:7251: $? = 0
configure:7251: result: yes
configure:7251: checking for strings.h
configure:7251: gcc -c -g -O2  conftest.c >&5
configure:7251: $? = 0
configure:7251: result: yes
configure:7251: checking for inttypes.h
configure:7251: gcc -c -g -O2  conftest.c >&5
configure:7251: $? = 0
configure:7251: result: yes
configure:7251: checking for stdint.h
configure:7251: gcc -c -g -O2  conftest.c >&5
configure:7251: $? = 0
configure:7251: result: yes
configure:7251: checking for unistd.h
configure:7251: gcc -c -g -O2  conftest.c >&5
configure:7251: $? = 0
configure:7251: result: yes
configure:7265: checking for dlfcn.h
configure:7265: gcc -c -g -O2  conftest.c >&5
configure:7265: $? = 0
configure:7265: result: yes
configure:7471: checking for objdir
configure:7486: result: .libs
configure:7753: checking if gcc supports -fno-rtti -fno-exceptions
configure:7771: gcc -c -g -O2  -fno-rtti -fno-exceptions conftest.c >&5
cc1: warning: command line option '-fno-rtti' is valid for C++/ObjC++ but not for C
configure:7775: $? = 0
configure:7788: result: no
configure:8115: checking for gcc option to produce PIC
configure:8122: result: -fPIC -DPIC
configure:8130: checking if gcc PIC flag -fPIC -DPIC works
configure:8148: gcc -c -g -O2  -fPIC -DPIC -DPIC conftest.c >&5
configure:8152: $? = 0
configure:8165: result: yes
configure:8194: checking if gcc static flag -static works
configure:8222: result: yes
configure:8237: checking if gcc supports -c -o file.o
configure:8258: gcc -c -g -O2  -o out/conftest2.o conftest.c >&5
configure:8262: $? = 0
configure:8284: result: yes
configure:8292: checking if gcc supports -c -o file.o
configure:8339: result: yes
configure:8372: checking whether the gcc linker (/usr/bin/ld -m elf_x86_64) supports shared libraries
configure:9525: result: yes
configure:9562: checking whether -lc should be explicitly linked in
configure:9570: gcc -c -g -O2  conftest.c >&5
configure:9573: $? = 0
configure:9588: gcc -shared  -fPIC -DPIC conftest.o  -v -Wl,-soname -Wl,conftest -o conftest 2\>\&1 \| /usr/bin/grep  -lc  \>/dev/null 2\>\&1
configure:9591: $? = 0
configure:9605: result: no
configure:9765: checking dynamic linker characteristics
configure:10276: gcc -o conftest -g -O2   -Wl,-rpath -Wl,/foo conftest.c  >&5
configure:10276: $? = 0
configure:10498: result: GNU/Linux ld.so
configure:10605: checking how to hardcode library paths into programs
configure:10630: result: immediate
configure:11170: checking whether stripping libraries is possible
configure:11175: result: yes
configure:11210: checking if libtool supports shared libraries
configure:11212: result: yes
configure:11215: checking whether to build shared libraries
configure:11236: result: yes
configure:11239: checking whether to build static libraries
configure:11243: result: no
configure:11293: checking for gcc option to accept ISO C99
configure:11442: gcc  -c -g -O2  conftest.c >&5
configure:11442: $? = 0
configure:11455: result: none needed
configure:11474: checking whether __clang__ is declared
configure:11474: gcc -c -g -O2  conftest.c >&5
conftest.c: In function 'main':
conftest.c:63:10: error: '__clang__' undeclared (first use in this function); did you mean '__clock_t'?
   (void) __clang__;
          ^~~~~~~~~
          __clock_t
conftest.c:63:10: note: each undeclared identifier is reported only once for each function it appears in
configure:11474: $? = 1
configure: failed program was:
| /* confdefs.h */
| #define PACKAGE_NAME "libXdamage"
| #define PACKAGE_TARNAME "libXdamage"
| #define PACKAGE_VERSION "1.1.4"
| #define PACKAGE_STRING "libXdamage 1.1.4"
| #define PACKAGE_BUGREPORT "https://bugs.freedesktop.org/enter_bug.cgi?product=xorg"
| #define PACKAGE_URL ""
| #define PACKAGE "libXdamage"
| #define VERSION "1.1.4"
| #define STDC_HEADERS 1
| #define HAVE_SYS_TYPES_H 1
| #define HAVE_SYS_STAT_H 1
| #define HAVE_STDLIB_H 1
| #define HAVE_STRING_H 1
| #define HAVE_MEMORY_H 1
| #define HAVE_STRINGS_H 1
| #define HAVE_INTTYPES_H 1
| #define HAVE_STDINT_H 1
| #define HAVE_UNISTD_H 1
| #define HAVE_DLFCN_H 1
| #define LT_OBJDIR ".libs/"
| /* end confdefs.h.  */
| #include <stdio.h>
| #ifdef HAVE_SYS_TYPES_H
| # include <sys/types.h>
| #endif
| #ifdef HAVE_SYS_STAT_H
| # include <sys/stat.h>
| #endif
| #ifdef STDC_HEADERS
| # include <stdlib.h>
| # include <stddef.h>
| #else
| # ifdef HAVE_STDLIB_H
| #  include <stdlib.h>
| # endif
| #endif
| #ifdef HAVE_STRING_H
| # if !defined STDC_HEADERS && defined HAVE_MEMORY_H
| #  include <memory.h>
| # endif
| # include <string.h>
| #endif
| #ifdef HAVE_STRINGS_H
| # include <strings.h>
| #endif
| #ifdef HAVE_INTTYPES_H
| # include <inttypes.h>
| #endif
| #ifdef HAVE_STDINT_H
| # include <stdint.h>
| #endif
| #ifdef HAVE_UNISTD_H
| # include <unistd.h>
| #endif
| int
| main ()
| {
| #ifndef __clang__
| #ifdef __cplusplus
|   (void) __clang__;
| #else
|   (void) __clang__;
| #endif
| #endif
| 
|   ;
|   return 0;
| }
configure:11474: result: no
configure:11481: checking whether __INTEL_COMPILER is declared
configure:11481: gcc -c -g -O2  conftest.c >&5
conftest.c: In function 'main':
conftest.c:63:10: error: '__INTEL_COMPILER' undeclared (first use in this function); did you mean '__BYTE_ORDER'?
   (void) __INTEL_COMPILER;
          ^~~~~~~~~~~~~~~~
          __BYTE_ORDER
conftest.c:63:10: note: each undeclared identifier is reported only once for each function it appears in
configure:11481: $? = 1
configure: failed program was:
| /* confdefs.h */
| #define PACKAGE_NAME "libXdamage"
| #define PACKAGE_TARNAME "libXdamage"
| #define PACKAGE_VERSION "1.1.4"
| #define PACKAGE_STRING "libXdamage 1.1.4"
| #define PACKAGE_BUGREPORT "https://bugs.freedesktop.org/enter_bug.cgi?product=xorg"
| #define PACKAGE_URL ""
| #define PACKAGE "libXdamage"
| #define VERSION "1.1.4"
| #define STDC_HEADERS 1
| #define HAVE_SYS_TYPES_H 1
| #define HAVE_SYS_STAT_H 1
| #define HAVE_STDLIB_H 1
| #define HAVE_STRING_H 1
| #define HAVE_MEMORY_H 1
| #define HAVE_STRINGS_H 1
| #define HAVE_INTTYPES_H 1
| #define HAVE_STDINT_H 1
| #define HAVE_UNISTD_H 1
| #define HAVE_DLFCN_H 1
| #define LT_OBJDIR ".libs/"
| /* end confdefs.h.  */
| #include <stdio.h>
| #ifdef HAVE_SYS_TYPES_H
| # include <sys/types.h>
| #endif
| #ifdef HAVE_SYS_STAT_H
| # include <sys/stat.h>
| #endif
| #ifdef STDC_HEADERS
| # include <stdlib.h>
| # include <stddef.h>
| #else
| # ifdef HAVE_STDLIB_H
| #  include <stdlib.h>
| # endif
| #endif
| #ifdef HAVE_STRING_H
| # if !defined STDC_HEADERS && defined HAVE_MEMORY_H
| #  include <memory.h>
| # endif
| # include <string.h>
| #endif
| #ifdef HAVE_STRINGS_H
| # include <strings.h>
| #endif
| #ifdef HAVE_INTTYPES_H
| # include <inttypes.h>
| #endif
| #ifdef HAVE_STDINT_H
| # include <stdint.h>
| #endif
| #ifdef HAVE_UNISTD_H
| # include <unistd.h>
| #endif
| int
| main ()
| {
| #ifndef __INTEL_COMPILER
| #ifdef __cplusplus
|   (void) __INTEL_COMPILER;
| #else
|   (void) __INTEL_COMPILER;
| #endif
| #endif
| 
|   ;
|   return 0;
| }
configure:11481: result: no
configure:11488: checking whether __SUNPRO_C is declared
configure:11488: gcc -c -g -O2  conftest.c >&5
conftest.c: In function 'main':
conftest.c:63:10: error: '__SUNPRO_C' undeclared (first use in this function); did you mean '__INT8_C'?
   (void) __SUNPRO_C;
          ^~~~~~~~~~
          __INT8_C
conftest.c:63:10: note: each undeclared identifier is reported only once for each function it appears in
configure:11488: $? = 1
configure: failed program was:
| /* confdefs.h */
| #define PACKAGE_NAME "libXdamage"
| #define PACKAGE_TARNAME "libXdamage"
| #define PACKAGE_VERSION "1.1.4"
| #define PACKAGE_STRING "libXdamage 1.1.4"
| #define PACKAGE_BUGREPORT "https://bugs.freedesktop.org/enter_bug.cgi?product=xorg"
| #define PACKAGE_URL ""
| #define PACKAGE "libXdamage"
| #define VERSION "1.1.4"
| #define STDC_HEADERS 1
| #define HAVE_SYS_TYPES_H 1
| #define HAVE_SYS_STAT_H 1
| #define HAVE_STDLIB_H 1
| #define HAVE_STRING_H 1
| #define HAVE_MEMORY_H 1
| #define HAVE_STRINGS_H 1
| #define HAVE_INTTYPES_H 1
| #define HAVE_STDINT_H 1
| #define HAVE_UNISTD_H 1
| #define HAVE_DLFCN_H 1
| #define LT_OBJDIR ".libs/"
| /* end confdefs.h.  */
| #include <stdio.h>
| #ifdef HAVE_SYS_TYPES_H
| # include <sys/types.h>
| #endif
| #ifdef HAVE_SYS_STAT_H
| # include <sys/stat.h>
| #endif
| #ifdef STDC_HEADERS
| # include <stdlib.h>
| # include <stddef.h>
| #else
| # ifdef HAVE_STDLIB_H
| #  include <stdlib.h>
| # endif
| #endif
| #ifdef HAVE_STRING_H
| # if !defined STDC_HEADERS && defined HAVE_MEMORY_H
| #  include <memory.h>
| # endif
| # include <string.h>
| #endif
| #ifdef HAVE_STRINGS_H
| # include <strings.h>
| #endif
| #ifdef HAVE_INTTYPES_H
| # include <inttypes.h>
| #endif
| #ifdef HAVE_STDINT_H
| # include <stdint.h>
| #endif
| #ifdef HAVE_UNISTD_H
| # include <unistd.h>
| #endif
| int
| main ()
| {
| #ifndef __SUNPRO_C
| #ifdef __cplusplus
|   (void) __SUNPRO_C;
| #else
|   (void) __SUNPRO_C;
| #endif
| #endif
| 
|   ;
|   return 0;
| }
configure:11488: result: no
configure:11545: checking for pkg-config
configure:11563: found /usr/bin/pkg-config
configure:11575: result: /usr/bin/pkg-config
configure:11600: checking pkg-config is at least version 0.9.0
configure:11603: result: yes
configure:11653: checking if gcc supports -Werror=unknown-warning-option
configure:11662: gcc -c -g -O2 -Werror=unknown-warning-option  conftest.c >&5
cc1: error: -Werror=unknown-warning-option: no option -Wunknown-warning-option
configure:11662: $? = 1
configure: failed program was:
| /* confdefs.h */
| #define PACKAGE_NAME "libXdamage"
| #define PACKAGE_TARNAME "libXdamage"
| #define PACKAGE_VERSION "1.1.4"
| #define PACKAGE_STRING "libXdamage 1.1.4"
| #define PACKAGE_BUGREPORT "https://bugs.freedesktop.org/enter_bug.cgi?product=xorg"
| #define PACKAGE_URL ""
| #define PACKAGE "libXdamage"
| #define VERSION "1.1.4"
| #define STDC_HEADERS 1
| #define HAVE_SYS_TYPES_H 1
| #define HAVE_SYS_STAT_H 1
| #define HAVE_STDLIB_H 1
| #define HAVE_STRING_H 1
| #define HAVE_MEMORY_H 1
| #define HAVE_STRINGS_H 1
| #define HAVE_INTTYPES_H 1
| #define HAVE_STDINT_H 1
| #define HAVE_UNISTD_H 1
| #define HAVE_DLFCN_H 1
| #define LT_OBJDIR ".libs/"
| /* end confdefs.h.  */
| int i;
configure:11669: result: no
configure:11680: checking if gcc supports -Werror=unused-command-line-argument
configure:11689: gcc -c -g -O2 -Werror=unused-command-line-argument  conftest.c >&5
cc1: error: -Werror=unused-command-line-argument: no option -Wunused-command-line-argument
configure:11689: $? = 1
configure: failed program was:
| /* confdefs.h */
| #define PACKAGE_NAME "libXdamage"
| #define PACKAGE_TARNAME "libXdamage"
| #define PACKAGE_VERSION "1.1.4"
| #define PACKAGE_STRING "libXdamage 1.1.4"
| #define PACKAGE_BUGREPORT "https://bugs.freedesktop.org/enter_bug.cgi?product=xorg"
| #define PACKAGE_URL ""
| #define PACKAGE "libXdamage"
| #define VERSION "1.1.4"
| #define STDC_HEADERS 1
| #define HAVE_SYS_TYPES_H 1
| #define HAVE_SYS_STAT_H 1
| #define HAVE_STDLIB_H 1
| #define HAVE_STRING_H 1
| #define HAVE_MEMORY_H 1
| #define HAVE_STRINGS_H 1
| #define HAVE_INTTYPES_H 1
| #define HAVE_STDINT_H 1
| #define HAVE_UNISTD_H 1
| #define HAVE_DLFCN_H 1
| #define LT_OBJDIR ".libs/"
| /* end confdefs.h.  */
| int i;
configure:11696: result: no
configure:11715: checking if gcc supports -Wall
configure:11732: gcc -o conftest -g -O2 -Wall   conftest.c  >&5
configure:11732: $? = 0
configure:11745: result: yes
configure:11833: checking if gcc supports -Wpointer-arith
configure:11850: gcc -o conftest -g -O2 -Wpointer-arith   conftest.c  >&5
configure:11850: $? = 0
configure:11863: result: yes
configure:11951: checking if gcc supports -Wmissing-declarations
configure:11968: gcc -o conftest -g -O2 -Wmissing-declarations   conftest.c  >&5
configure:11968: $? = 0
configure:11981: result: yes
configure:12069: checking if gcc supports -Wformat=2
configure:12086: gcc -o conftest -g -O2 -Wformat=2   conftest.c  >&5
configure:12086: $? = 0
configure:12099: result: yes
configure:12238: checking if gcc supports -Wstrict-prototypes
configure:12255: gcc -o conftest -g -O2 -Wstrict-prototypes   conftest.c  >&5
conftest.c:25:1: warning: function declaration isn't a prototype [-Wstrict-prototypes]
 main ()
 ^~~~
configure:12255: $? = 0
configure:12268: result: yes
configure:12356: checking if gcc supports -Wmissing-prototypes
configure:12373: gcc -o conftest -g -O2 -Wmissing-prototypes   conftest.c  >&5
configure:12373: $? = 0
configure:12386: result: yes
configure:12474: checking if gcc supports -Wnested-externs
configure:12491: gcc -o conftest -g -O2 -Wnested-externs   conftest.c  >&5
configure:12491: $? = 0
configure:12504: result: yes
configure:12592: checking if gcc supports -Wbad-function-cast
configure:12609: gcc -o conftest -g -O2 -Wbad-function-cast   conftest.c  >&5
configure:12609: $? = 0
configure:12622: result: yes
configure:12710: checking if gcc supports -Wold-style-definition
configure:12727: gcc -o conftest -g -O2 -Wold-style-definition   conftest.c  >&5
conftest.c: In function 'main':
conftest.c:25:1: warning: old-style function definition [-Wold-style-definition]
 main ()
 ^~~~
configure:12727: $? = 0
configure:12740: result: yes
configure:12828: checking if gcc supports -Wdeclaration-after-statement
configure:12845: gcc -o conftest -g -O2 -Wdeclaration-after-statement   conftest.c  >&5
configure:12845: $? = 0
configure:12858: result: yes
configure:12950: checking if gcc supports -Wunused
configure:12967: gcc -o conftest -g -O2 -Wunused   conftest.c  >&5
configure:12967: $? = 0
configure:12980: result: yes
configure:13068: checking if gcc supports -Wuninitialized
configure:13085: gcc -o conftest -g -O2 -Wuninitialized   conftest.c  >&5
configure:13085: $? = 0
configure:13098: result: yes
configure:13186: checking if gcc supports -Wshadow
configure:13203: gcc -o conftest -g -O2 -Wshadow   conftest.c  >&5
configure:13203: $? = 0
configure:13216: result: yes
configure:13304: checking if gcc supports -Wcast-qual
configure:13321: gcc -o conftest -g -O2 -Wcast-qual   conftest.c  >&5
configure:13321: $? = 0
configure:13334: result: yes
configure:13422: checking if gcc supports -Wmissing-noreturn
configure:13439: gcc -o conftest -g -O2 -Wmissing-noreturn   conftest.c  >&5
configure:13439: $? = 0
configure:13452: result: yes
configure:13540: checking if gcc supports -Wmissing-format-attribute
configure:13557: gcc -o conftest -g -O2 -Wmissing-format-attribute   conftest.c  >&5
configure:13557: $? = 0
configure:13570: result: yes
configure:13658: checking if gcc supports -Wredundant-decls
configure:13675: gcc -o conftest -g -O2 -Wredundant-decls   conftest.c  >&5
configure:13675: $? = 0
configure:13688: result: yes
configure:13788: checking if gcc supports -Werror=implicit
configure:13805: gcc -o conftest -g -O2 -Werror=implicit   conftest.c  >&5
configure:13805: $? = 0
configure:13818: result: yes
configure:13955: checking if gcc supports -Werror=nonnull
configure:13972: gcc -o conftest -g -O2 -Werror=nonnull   conftest.c  >&5
configure:13972: $? = 0
configure:13985: result: yes
configure:14073: checking if gcc supports -Werror=init-self
configure:14090: gcc -o conftest -g -O2 -Werror=init-self   conftest.c  >&5
configure:14090: $? = 0
configure:14103: result: yes
configure:14191: checking if gcc supports -Werror=main
configure:14208: gcc -o conftest -g -O2 -Werror=main   conftest.c  >&5
configure:14208: $? = 0
configure:14221: result: yes
configure:14309: checking if gcc supports -Werror=missing-braces
configure:14326: gcc -o conftest -g -O2 -Werror=missing-braces   conftest.c  >&5
configure:14326: $? = 0
configure:14339: result: yes
configure:14427: checking if gcc supports -Werror=sequence-point
configure:14444: gcc -o conftest -g -O2 -Werror=sequence-point   conftest.c  >&5
configure:14444: $? = 0
configure:14457: result: yes
configure:14545: checking if gcc supports -Werror=return-type
configure:14562: gcc -o conftest -g -O2 -Werror=return-type   conftest.c  >&5
configure:14562: $? = 0
configure:14575: result: yes
configure:14712: checking if gcc supports -Werror=trigraphs
configure:14729: gcc -o conftest -g -O2 -Werror=trigraphs   conftest.c  >&5
configure:14729: $? = 0
configure:14742: result: yes
configure:14830: checking if gcc supports -Werror=array-bounds
configure:14847: gcc -o conftest -g -O2 -Werror=array-bounds   conftest.c  >&5
configure:14847: $? = 0
configure:14860: result: yes
configure:14948: checking if gcc supports -Werror=write-strings
configure:14965: gcc -o conftest -g -O2 -Werror=write-strings   conftest.c  >&5
configure:14965: $? = 0
configure:14978: result: yes
configure:15066: checking if gcc supports -Werror=address
configure:15083: gcc -o conftest -g -O2 -Werror=address   conftest.c  >&5
configure:15083: $? = 0
configure:15096: result: yes
configure:15184: checking if gcc supports -Werror=int-to-pointer-cast
configure:15201: gcc -o conftest -g -O2 -Werror=int-to-pointer-cast   conftest.c  >&5
configure:15201: $? = 0
configure:15214: result: yes
configure:15351: checking if gcc supports -Werror=pointer-to-int-cast
configure:15368: gcc -o conftest -g -O2 -Werror=pointer-to-int-cast   conftest.c  >&5
configure:15368: $? = 0
configure:15381: result: yes
configure:17039: checking if gcc supports -pedantic
configure:17056: gcc -o conftest -g -O2 -pedantic   conftest.c  >&5
configure:17056: $? = 0
configure:17069: result: yes
configure:17157: checking if gcc supports -Werror
configure:17174: gcc -o conftest -g -O2 -Werror   conftest.c  >&5
configure:17174: $? = 0
configure:17187: result: yes
configure:17327: checking if gcc supports -Werror=attributes
configure:17344: gcc -o conftest -g -O2 -Werror=attributes   conftest.c  >&5
configure:17344: $? = 0
configure:17357: result: yes
configure:17528: checking for XDAMAGE
configure:17535: $PKG_CONFIG --exists --print-errors "damageproto >= $DAMAGEEXT_VERSION xfixes fixesproto xextproto x11"
configure:17538: $? = 0
configure:17551: $PKG_CONFIG --exists --print-errors "damageproto >= $DAMAGEEXT_VERSION xfixes fixesproto xextproto x11"
configure:17554: $? = 0
configure:17608: result: yes
configure:17749: creating ./config.status

## ---------------------- ##
## Running config.status. ##
## ---------------------- ##

This file was extended by libXdamage config.status 1.1.4, which was
generated by GNU Autoconf 2.68.  Invocation command line was

  CONFIG_FILES    = 
  CONFIG_HEADERS  = 
  CONFIG_LINKS    = 
  CONFIG_COMMANDS = 
  $ ./config.status 

on localhost.localdomain

config.status:1132: creating Makefile
config.status:1132: creating src/Makefile
config.status:1132: creating xdamage.pc
config.status:1132: creating config.h
config.status:1361: executing depfiles commands
config.status:1361: executing libtool commands

## ---------------- ##
## Cache variables. ##
## ---------------- ##

ac_cv_build=x86_64-unknown-linux-gnu
ac_cv_c_compiler_gnu=yes
ac_cv_env_CC_set=
ac_cv_env_CC_value=
ac_cv_env_CFLAGS_set=
ac_cv_env_CFLAGS_value=
ac_cv_env_CPPFLAGS_set=
ac_cv_env_CPPFLAGS_value=
ac_cv_env_CPP_set=
ac_cv_env_CPP_value=
ac_cv_env_LDFLAGS_set=
ac_cv_env_LDFLAGS_value=
ac_cv_env_LIBS_set=
ac_cv_env_LIBS_value=
ac_cv_env_PKG_CONFIG_set=
ac_cv_env_PKG_CONFIG_value=
ac_cv_env_XDAMAGE_CFLAGS_set=
ac_cv_env_XDAMAGE_CFLAGS_value=
ac_cv_env_XDAMAGE_LIBS_set=
ac_cv_env_XDAMAGE_LIBS_value=
ac_cv_env_build_alias_set=
ac_cv_env_build_alias_value=
ac_cv_env_host_alias_set=
ac_cv_env_host_alias_value=
ac_cv_env_target_alias_set=
ac_cv_env_target_alias_value=
ac_cv_have_decl___INTEL_COMPILER=no
ac_cv_have_decl___SUNPRO_C=no
ac_cv_have_decl___clang__=no
ac_cv_header_dlfcn_h=yes
ac_cv_header_inttypes_h=yes
ac_cv_header_memory_h=yes
ac_cv_header_stdc=yes
ac_cv_header_stdint_h=yes
ac_cv_header_stdlib_h=yes
ac_cv_header_string_h=yes
ac_cv_header_strings_h=yes
ac_cv_header_sys_stat_h=yes
ac_cv_header_sys_types_h=yes
ac_cv_header_unistd_h=yes
ac_cv_host=x86_64-unknown-linux-gnu
ac_cv_objext=o
ac_cv_path_EGREP='/usr/bin/grep -E'
ac_cv_path_FGREP='/usr/bin/grep -F'
ac_cv_path_GREP=/usr/bin/grep
ac_cv_path_SED=/bin/sed
ac_cv_path_ac_pt_PKG_CONFIG=/usr/bin/pkg-config
ac_cv_path_install='/usr/bin/install -c'
ac_cv_path_mkdir=/bin/mkdir
ac_cv_prog_AWK=gawk
ac_cv_prog_CPP='gcc -E'
ac_cv_prog_ac_ct_AR=ar
ac_cv_prog_ac_ct_CC=gcc
ac_cv_prog_ac_ct_MANIFEST_TOOL=mt
ac_cv_prog_ac_ct_OBJDUMP=objdump
ac_cv_prog_ac_ct_RANLIB=ranlib
ac_cv_prog_ac_ct_STRIP=strip
ac_cv_prog_cc_c89=
ac_cv_prog_cc_c99=
ac_cv_prog_cc_g=yes
ac_cv_prog_make_make_set=yes
am_cv_CC_dependencies_compiler_type=gcc3
lt_cv_ar_at_file=@
lt_cv_archive_cmds_need_lc=no
lt_cv_deplibs_check_method=pass_all
lt_cv_file_magic_cmd='$MAGIC_CMD'
lt_cv_file_magic_test_file=
lt_cv_ld_reload_flag=-r
lt_cv_nm_interface='BSD nm'
lt_cv_objdir=.libs
lt_cv_path_LD=/usr/bin/ld
lt_cv_path_NM='/usr/bin/nm -B'
lt_cv_path_mainfest_tool=no
lt_cv_prog_compiler_c_o=yes
lt_cv_prog_compiler_pic='-fPIC -DPIC'
lt_cv_prog_compiler_pic_works=yes
lt_cv_prog_compiler_rtti_exceptions=no
lt_cv_prog_compiler_static_works=yes
lt_cv_prog_gnu_ld=yes
lt_cv_sharedlib_from_linklib_cmd='printf %s\n'
lt_cv_shlibpath_overrides_runpath=no
lt_cv_sys_global_symbol_pipe='sed -n -e '\''s/^.*[	 ]\([ABCDGIRSTW][ABCDGIRSTW]*\)[	 ][	 ]*\([_A-Za-z][_A-Za-z0-9]*\)$/\1 \2 \2/p'\'' | sed '\''/ __gnu_lto/d'\'''
lt_cv_sys_global_symbol_to_c_name_address='sed -n -e '\''s/^: \([^ ]*\)[ ]*$/  {\"\1\", (void *) 0},/p'\'' -e '\''s/^[ABCDGIRSTW]* \([^ ]*\) \([^ ]*\)$/  {"\2", (void *) \&\2},/p'\'''
lt_cv_sys_global_symbol_to_c_name_address_lib_prefix='sed -n -e '\''s/^: \([^ ]*\)[ ]*$/  {\"\1\", (void *) 0},/p'\'' -e '\''s/^[ABCDGIRSTW]* \([^ ]*\) \(lib[^ ]*\)$/  {"\2", (void *) \&\2},/p'\'' -e '\''s/^[ABCDGIRSTW]* \([^ ]*\) \([^ ]*\)$/  {"lib\2", (void *) \&\2},/p'\'''
lt_cv_sys_global_symbol_to_cdecl='sed -n -e '\''s/^T .* \(.*\)$/extern int \1();/p'\'' -e '\''s/^[ABCDGIRSTW]* .* \(.*\)$/extern char \1;/p'\'''
lt_cv_sys_max_cmd_len=1572864
lt_cv_to_host_file_cmd=func_convert_file_noop
lt_cv_to_tool_file_cmd=func_convert_file_noop
pkg_cv_XDAMAGE_CFLAGS=
pkg_cv_XDAMAGE_LIBS='-lXfixes -lX11'
xorg_cv_cc_flag__Wall=yes
xorg_cv_cc_flag__Wbad_function_cast=yes
xorg_cv_cc_flag__Wcast_qual=yes
xorg_cv_cc_flag__Wdeclaration_after_statement=yes
xorg_cv_cc_flag__Werror=yes
xorg_cv_cc_flag__Werror_address=yes
xorg_cv_cc_flag__Werror_array_bounds=yes
xorg_cv_cc_flag__Werror_attributes=yes
xorg_cv_cc_flag__Werror_implicit=yes
xorg_cv_cc_flag__Werror_init_self=yes
xorg_cv_cc_flag__Werror_int_to_pointer_cast=yes
xorg_cv_cc_flag__Werror_main=yes
xorg_cv_cc_flag__Werror_missing_braces=yes
xorg_cv_cc_flag__Werror_nonnull=yes
xorg_cv_cc_flag__Werror_pointer_to_int_cast=yes
xorg_cv_cc_flag__Werror_return_type=yes
xorg_cv_cc_flag__Werror_sequence_point=yes
xorg_cv_cc_flag__Werror_trigraphs=yes
xorg_cv_cc_flag__Werror_write_strings=yes
xorg_cv_cc_flag__Wformat_2=yes
xorg_cv_cc_flag__Wmissing_declarations=yes
xorg_cv_cc_flag__Wmissing_format_attribute=yes
xorg_cv_cc_flag__Wmissing_noreturn=yes
xorg_cv_cc_flag__Wmissing_prototypes=yes
xorg_cv_cc_flag__Wnested_externs=yes
xorg_cv_cc_flag__Wold_style_definition=yes
xorg_cv_cc_flag__Wpointer_arith=yes
xorg_cv_cc_flag__Wredundant_decls=yes
xorg_cv_cc_flag__Wshadow=yes
xorg_cv_cc_flag__Wstrict_prototypes=yes
xorg_cv_cc_flag__Wuninitialized=yes
xorg_cv_cc_flag__Wunused=yes
xorg_cv_cc_flag__pedantic=yes
xorg_cv_cc_flag_unknown_warning_option=no
xorg_cv_cc_flag_unused_command_line_argument=no

## ----------------- ##
## Output variables. ##
## ----------------- ##

ACLOCAL='${SHELL} /lfskernel/sources/boot/X11/libs/libXdamage-1.1.4/missing --run aclocal-1.11'
ADMIN_MAN_DIR='$(mandir)/man$(ADMIN_MAN_SUFFIX)'
ADMIN_MAN_SUFFIX='8'
AMDEPBACKSLASH='\'
AMDEP_FALSE='#'
AMDEP_TRUE=''
AMTAR='${SHELL} /lfskernel/sources/boot/X11/libs/libXdamage-1.1.4/missing --run tar'
AM_BACKSLASH='\'
AM_DEFAULT_VERBOSITY='0'
APP_MAN_DIR='$(mandir)/man$(APP_MAN_SUFFIX)'
APP_MAN_SUFFIX='1'
AR='ar'
AUTOCONF='${SHELL} /lfskernel/sources/boot/X11/libs/libXdamage-1.1.4/missing --run autoconf'
AUTOHEADER='${SHELL} /lfskernel/sources/boot/X11/libs/libXdamage-1.1.4/missing --run autoheader'
AUTOMAKE='${SHELL} /lfskernel/sources/boot/X11/libs/libXdamage-1.1.4/missing --run automake-1.11'
AWK='gawk'
BASE_CFLAGS=' -Wall -Wpointer-arith -Wmissing-declarations -Wformat=2 -Wstrict-prototypes -Wmissing-prototypes -Wnested-externs -Wbad-function-cast -Wold-style-definition -Wdeclaration-after-statement -Wunused -Wuninitialized -Wshadow -Wcast-qual -Wmissing-noreturn -Wmissing-format-attribute -Wredundant-decls -Werror=implicit -Werror=nonnull -Werror=init-self -Werror=main -Werror=missing-braces -Werror=sequence-point -Werror=return-type -Werror=trigraphs -Werror=array-bounds -Werror=write-strings -Werror=address -Werror=int-to-pointer-cast -Werror=pointer-to-int-cast'
CC='gcc'
CCDEPMODE='depmode=gcc3'
CFLAGS='-g -O2'
CHANGELOG_CMD='(GIT_DIR=$(top_srcdir)/.git git log > $(top_srcdir)/.changelog.tmp && mv $(top_srcdir)/.changelog.tmp $(top_srcdir)/ChangeLog) || (rm -f $(top_srcdir)/.changelog.tmp; touch $(top_srcdir)/ChangeLog; echo '\''git directory not found: installing possibly empty changelog.'\'' >&2)'
CPP='gcc -E'
CPPFLAGS=''
CWARNFLAGS=' -Wall -Wpointer-arith -Wmissing-declarations -Wformat=2 -Wstrict-prototypes -Wmissing-prototypes -Wnested-externs -Wbad-function-cast -Wold-style-definition -Wdeclaration-after-statement -Wunused -Wuninitialized -Wshadow -Wcast-qual -Wmissing-noreturn -Wmissing-format-attribute -Wredundant-decls -Werror=implicit -Werror=nonnull -Werror=init-self -Werror=main -Werror=missing-braces -Werror=sequence-point -Werror=return-type -Werror=trigraphs -Werror=array-bounds -Werror=write-strings -Werror=address -Werror=int-to-pointer-cast -Werror=pointer-to-int-cast -fno-strict-aliasing'
CYGPATH_W='echo'
DAMAGEEXT_VERSION='1.1'
DEFS='-DHAVE_CONFIG_H'
DEPDIR='.deps'
DLLTOOL='false'
DRIVER_MAN_DIR='$(mandir)/man$(DRIVER_MAN_SUFFIX)'
DRIVER_MAN_SUFFIX='4'
DSYMUTIL=''
DUMPBIN=''
ECHO_C=''
ECHO_N='-n'
ECHO_T=''
EGREP='/usr/bin/grep -E'
EXEEXT=''
FGREP='/usr/bin/grep -F'
FILE_MAN_DIR='$(mandir)/man$(FILE_MAN_SUFFIX)'
FILE_MAN_SUFFIX='5'
GREP='/usr/bin/grep'
INSTALL_CMD='(cp -f /usr/share/util-macros/INSTALL $(top_srcdir)/.INSTALL.tmp && mv $(top_srcdir)/.INSTALL.tmp $(top_srcdir)/INSTALL) || (rm -f $(top_srcdir)/.INSTALL.tmp; touch $(top_srcdir)/INSTALL; echo '\''util-macros "pkgdatadir" from xorg-macros.pc not found: installing possibly empty INSTALL.'\'' >&2)'
INSTALL_DATA='${INSTALL} -m 644'
INSTALL_PROGRAM='${INSTALL}'
INSTALL_SCRIPT='${INSTALL}'
INSTALL_STRIP_PROGRAM='$(install_sh) -c -s'
LD='/usr/bin/ld -m elf_x86_64'
LDFLAGS=''
LIBOBJS=''
LIBS=''
LIBTOOL='$(SHELL) $(top_builddir)/libtool'
LIB_MAN_DIR='$(mandir)/man$(LIB_MAN_SUFFIX)'
LIB_MAN_SUFFIX='3'
LIPO=''
LN_S='ln -s'
LTLIBOBJS=''
MAINT='#'
MAINTAINER_MODE_FALSE=''
MAINTAINER_MODE_TRUE='#'
MAKEINFO='${SHELL} /lfskernel/sources/boot/X11/libs/libXdamage-1.1.4/missing --run makeinfo'
MANIFEST_TOOL=':'
MAN_SUBSTS='	-e '\''s|__vendorversion__|"$(PACKAGE_STRING)" "$(XORG_MAN_PAGE)"|'\'' 	-e '\''s|__xorgversion__|"$(PACKAGE_STRING)" "$(XORG_MAN_PAGE)"|'\'' 	-e '\''s|__xservername__|Xorg|g'\'' 	-e '\''s|__xconfigfile__|xorg.conf|g'\'' 	-e '\''s|__projectroot__|$(prefix)|g'\'' 	-e '\''s|__apploaddir__|$(appdefaultdir)|g'\'' 	-e '\''s|__appmansuffix__|$(APP_MAN_SUFFIX)|g'\'' 	-e '\''s|__drivermansuffix__|$(DRIVER_MAN_SUFFIX)|g'\'' 	-e '\''s|__adminmansuffix__|$(ADMIN_MAN_SUFFIX)|g'\'' 	-e '\''s|__libmansuffix__|$(LIB_MAN_SUFFIX)|g'\'' 	-e '\''s|__miscmansuffix__|$(MISC_MAN_SUFFIX)|g'\'' 	-e '\''s|__filemansuffix__|$(FILE_MAN_SUFFIX)|g'\'''
MISC_MAN_DIR='$(mandir)/man$(MISC_MAN_SUFFIX)'
MISC_MAN_SUFFIX='7'
MKDIR_P='/bin/mkdir -p'
NM='/usr/bin/nm -B'
NMEDIT=''
OBJDUMP='objdump'
OBJEXT='o'
OTOOL64=''
OTOOL=''
PACKAGE='libXdamage'
PACKAGE_BUGREPORT='https://bugs.freedesktop.org/enter_bug.cgi?product=xorg'
PACKAGE_NAME='libXdamage'
PACKAGE_STRING='libXdamage 1.1.4'
PACKAGE_TARNAME='libXdamage'
PACKAGE_URL=''
PACKAGE_VERSION='1.1.4'
PATH_SEPARATOR=':'
PKG_CONFIG='/usr/bin/pkg-config'
RANLIB='ranlib'
SED='/bin/sed'
SET_MAKE=''
SHELL='/bin/sh'
STRICT_CFLAGS=' -pedantic -Werror -Werror=attributes'
STRIP='strip'
VERSION='1.1.4'
XDAMAGE_CFLAGS=''
XDAMAGE_LIBS='-lXfixes -lX11'
XORG_MAN_PAGE='X Version 11'
ac_ct_AR='ar'
ac_ct_CC='gcc'
ac_ct_DUMPBIN=''
am__EXEEXT_FALSE=''
am__EXEEXT_TRUE='#'
am__fastdepCC_FALSE='#'
am__fastdepCC_TRUE=''
am__include='include'
am__isrc=''
am__leading_dot='.'
am__nodep='_no'
am__quote=''
am__tar='${AMTAR} chof - "$$tardir"'
am__untar='${AMTAR} xf -'
bindir='${exec_prefix}/bin'
build='x86_64-unknown-linux-gnu'
build_alias=''
build_cpu='x86_64'
build_os='linux-gnu'
build_vendor='unknown'
datadir='${datarootdir}'
datarootdir='${prefix}/share'
docdir='${datarootdir}/doc/${PACKAGE_TARNAME}'
dvidir='${docdir}'
exec_prefix='${prefix}'
host='x86_64-unknown-linux-gnu'
host_alias=''
host_cpu='x86_64'
host_os='linux-gnu'
host_vendor='unknown'
htmldir='${docdir}'
includedir='${prefix}/include'
infodir='${datarootdir}/info'
install_sh='${SHELL} /lfskernel/sources/boot/X11/libs/libXdamage-1.1.4/install-sh'
libdir='${exec_prefix}/lib'
libexecdir='${exec_prefix}/libexec'
localedir='${datarootdir}/locale'
localstatedir='/var'
mandir='${datarootdir}/man'
mkdir_p='/bin/mkdir -p'
oldincludedir='/usr/include'
pdfdir='${docdir}'
prefix='/usr'
program_transform_name='s,x,x,'
psdir='${docdir}'
sbindir='${exec_prefix}/sbin'
sharedstatedir='${prefix}/com'
sysconfdir='/etc'
target_alias=''

## ----------- ##
## confdefs.h. ##
## ----------- ##

/* confdefs.h */
#define PACKAGE_NAME "libXdamage"
#define PACKAGE_TARNAME "libXdamage"
#define PACKAGE_VERSION "1.1.4"
#define PACKAGE_STRING "libXdamage 1.1.4"
#define PACKAGE_BUGREPORT "https://bugs.freedesktop.org/enter_bug.cgi?product=xorg"
#define PACKAGE_URL ""
#define PACKAGE "libXdamage"
#define VERSION "1.1.4"
#define STDC_HEADERS 1
#define HAVE_SYS_TYPES_H 1
#define HAVE_SYS_STAT_H 1
#define HAVE_STDLIB_H 1
#define HAVE_STRING_H 1
#define HAVE_MEMORY_H 1
#define HAVE_STRINGS_H 1
#define HAVE_INTTYPES_H 1
#define HAVE_STDINT_H 1
#define HAVE_UNISTD_H 1
#define HAVE_DLFCN_H 1
#define LT_OBJDIR ".libs/"
#define PACKAGE_VERSION_MAJOR 1
#define PACKAGE_VERSION_MINOR 1
#define PACKAGE_VERSION_PATCHLEVEL 4

configure: exit 0
