This file contains any messages produced by compilers while
running configure, to aid debugging if configure makes a mistake.

It was created by libXaw configure 1.0.13, which was
generated by GNU Autoconf 2.69.  Invocation command line was

  $ ./configure --prefix=/usr --sysconfdir=/etc --localstatedir=/var --disable-static

## --------- ##
## Platform. ##
## --------- ##

hostname = localhost.localdomain
uname -m = x86_64
uname -r = 3.10.0-693.11.1.el7.x86_64
uname -s = Linux
uname -v = #1 SMP Mon Dec 4 23:52:40 UTC 2017

/usr/bin/uname -p = unknown
/bin/uname -X     = unknown

/bin/arch              = x86_64
/usr/bin/arch -k       = unknown
/usr/convex/getsysinfo = unknown
/usr/bin/hostinfo      = unknown
/bin/machine           = unknown
/usr/bin/oslevel       = unknown
/bin/universe          = unknown

PATH: /bin
PATH: /usr/bin
PATH: /sbin
PATH: /usr/sbin


## ----------- ##
## Core tests. ##
## ----------- ##

configure:2451: checking for a BSD-compatible install
configure:2519: result: /usr/bin/install -c
configure:2530: checking whether build environment is sane
configure:2585: result: yes
configure:2736: checking for a thread-safe mkdir -p
configure:2775: result: /bin/mkdir -p
configure:2782: checking for gawk
configure:2798: found /usr/bin/gawk
configure:2809: result: gawk
configure:2820: checking whether make sets $(MAKE)
configure:2842: result: yes
configure:2871: checking whether make supports nested variables
configure:2888: result: yes
configure:3045: checking build system type
configure:3059: result: x86_64-unknown-linux-gnu
configure:3079: checking host system type
configure:3092: result: x86_64-unknown-linux-gnu
configure:3133: checking how to print strings
configure:3160: result: printf
configure:3193: checking for style of include used by make
configure:3221: result: GNU
configure:3292: checking for gcc
configure:3308: found /usr/bin/gcc
configure:3319: result: gcc
configure:3548: checking for C compiler version
configure:3557: gcc --version >&5
gcc (GCC) 7.2.0
Copyright (C) 2017 Free Software Foundation, Inc.
This is free software; see the source for copying conditions.  There is NO
warranty; not even for MERCHANTABILITY or FITNESS FOR A PARTICULAR PURPOSE.

configure:3568: $? = 0
configure:3557: gcc -v >&5
Using built-in specs.
COLLECT_GCC=gcc
COLLECT_LTO_WRAPPER=/usr/libexec/gcc/x86_64-pc-linux-gnu/7.2.0/lto-wrapper
Target: x86_64-pc-linux-gnu
Configured with: ../configure --prefix=/usr --enable-languages=c,c++ --disable-multilib --disable-bootstrap --with-system-zlib
Thread model: posix
gcc version 7.2.0 (GCC) 
configure:3568: $? = 0
configure:3557: gcc -V >&5
gcc: error: unrecognized command line option '-V'
gcc: fatal error: no input files
compilation terminated.
configure:3568: $? = 1
configure:3557: gcc -qversion >&5
gcc: error: unrecognized command line option '-qversion'; did you mean '--version'?
gcc: fatal error: no input files
compilation terminated.
configure:3568: $? = 1
configure:3588: checking whether the C compiler works
configure:3610: gcc    conftest.c  >&5
configure:3614: $? = 0
configure:3662: result: yes
configure:3665: checking for C compiler default output file name
configure:3667: result: a.out
configure:3673: checking for suffix of executables
configure:3680: gcc -o conftest    conftest.c  >&5
configure:3684: $? = 0
configure:3706: result: 
configure:3728: checking whether we are cross compiling
configure:3736: gcc -o conftest    conftest.c  >&5
configure:3740: $? = 0
configure:3747: ./conftest
configure:3751: $? = 0
configure:3766: result: no
configure:3771: checking for suffix of object files
configure:3793: gcc -c   conftest.c >&5
configure:3797: $? = 0
configure:3818: result: o
configure:3822: checking whether we are using the GNU C compiler
configure:3841: gcc -c   conftest.c >&5
configure:3841: $? = 0
configure:3850: result: yes
configure:3859: checking whether gcc accepts -g
configure:3879: gcc -c -g  conftest.c >&5
configure:3879: $? = 0
configure:3920: result: yes
configure:3937: checking for gcc option to accept ISO C89
configure:4000: gcc  -c -g -O2  conftest.c >&5
configure:4000: $? = 0
configure:4013: result: none needed
configure:4038: checking whether gcc understands -c and -o together
configure:4060: gcc -c conftest.c -o conftest2.o
configure:4063: $? = 0
configure:4060: gcc -c conftest.c -o conftest2.o
configure:4063: $? = 0
configure:4075: result: yes
configure:4094: checking dependency style of gcc
configure:4205: result: gcc3
configure:4220: checking for a sed that does not truncate output
configure:4284: result: /bin/sed
configure:4302: checking for grep that handles long lines and -e
configure:4360: result: /usr/bin/grep
configure:4365: checking for egrep
configure:4427: result: /usr/bin/grep -E
configure:4432: checking for fgrep
configure:4494: result: /usr/bin/grep -F
configure:4529: checking for ld used by gcc
configure:4596: result: /usr/bin/ld
configure:4603: checking if the linker (/usr/bin/ld) is GNU ld
configure:4618: result: yes
configure:4630: checking for BSD- or MS-compatible name lister (nm)
configure:4679: result: /usr/bin/nm -B
configure:4809: checking the name lister (/usr/bin/nm -B) interface
configure:4816: gcc -c -g -O2  conftest.c >&5
configure:4819: /usr/bin/nm -B "conftest.o"
configure:4822: output
0000000000000000 B some_variable
configure:4829: result: BSD nm
configure:4832: checking whether ln -s works
configure:4836: result: yes
configure:4844: checking the maximum length of command line arguments
configure:4974: result: 1572864
configure:4991: checking whether the shell understands some XSI constructs
configure:5001: result: yes
configure:5005: checking whether the shell understands "+="
configure:5011: result: yes
configure:5046: checking how to convert x86_64-unknown-linux-gnu file names to x86_64-unknown-linux-gnu format
configure:5086: result: func_convert_file_noop
configure:5093: checking how to convert x86_64-unknown-linux-gnu file names to toolchain format
configure:5113: result: func_convert_file_noop
configure:5120: checking for /usr/bin/ld option to reload object files
configure:5127: result: -r
configure:5201: checking for objdump
configure:5217: found /usr/bin/objdump
configure:5228: result: objdump
configure:5260: checking how to recognize dependent libraries
configure:5462: result: pass_all
configure:5547: checking for dlltool
configure:5577: result: no
configure:5607: checking how to associate runtime and link libraries
configure:5634: result: printf %s\n
configure:5695: checking for ar
configure:5711: found /usr/bin/ar
configure:5722: result: ar
configure:5759: checking for archiver @FILE support
configure:5776: gcc -c -g -O2  conftest.c >&5
configure:5776: $? = 0
configure:5779: ar cru libconftest.a @conftest.lst >&5
configure:5782: $? = 0
configure:5787: ar cru libconftest.a @conftest.lst >&5
ar: conftest.o: No such file or directory
configure:5790: $? = 1
configure:5802: result: @
configure:5860: checking for strip
configure:5876: found /usr/bin/strip
configure:5887: result: strip
configure:5959: checking for ranlib
configure:5975: found /usr/bin/ranlib
configure:5986: result: ranlib
configure:6088: checking command to parse /usr/bin/nm -B output from gcc object
configure:6208: gcc -c -g -O2  conftest.c >&5
configure:6211: $? = 0
configure:6215: /usr/bin/nm -B conftest.o \| sed -n -e 's/^.*[ ]\([ABCDGIRSTW][ABCDGIRSTW]*\)[ ][ ]*\([_A-Za-z][_A-Za-z0-9]*\)$/\1 \2 \2/p' | sed '/ __gnu_lto/d' \> conftest.nm
configure:6218: $? = 0
configure:6284: gcc -o conftest -g -O2   conftest.c conftstm.o >&5
configure:6287: $? = 0
configure:6325: result: ok
configure:6362: checking for sysroot
configure:6392: result: no
configure:6469: gcc -c -g -O2  conftest.c >&5
configure:6472: $? = 0
configure:6648: checking for mt
configure:6664: found /bin/mt
configure:6675: result: mt
configure:6698: checking if mt is a manifest tool
configure:6704: mt '-?'
configure:6712: result: no
configure:7354: checking how to run the C preprocessor
configure:7385: gcc -E  conftest.c
configure:7385: $? = 0
configure:7399: gcc -E  conftest.c
conftest.c:11:10: fatal error: ac_nonexistent.h: No such file or directory
 #include <ac_nonexistent.h>
          ^~~~~~~~~~~~~~~~~~
compilation terminated.
configure:7399: $? = 1
configure: failed program was:
| /* confdefs.h */
| #define PACKAGE_NAME "libXaw"
| #define PACKAGE_TARNAME "libXaw"
| #define PACKAGE_VERSION "1.0.13"
| #define PACKAGE_STRING "libXaw 1.0.13"
| #define PACKAGE_BUGREPORT "https://bugs.freedesktop.org/enter_bug.cgi?product=xorg"
| #define PACKAGE_URL ""
| #define PACKAGE "libXaw"
| #define VERSION "1.0.13"
| /* end confdefs.h.  */
| #include <ac_nonexistent.h>
configure:7424: result: gcc -E
configure:7444: gcc -E  conftest.c
configure:7444: $? = 0
configure:7458: gcc -E  conftest.c
conftest.c:11:10: fatal error: ac_nonexistent.h: No such file or directory
 #include <ac_nonexistent.h>
          ^~~~~~~~~~~~~~~~~~
compilation terminated.
configure:7458: $? = 1
configure: failed program was:
| /* confdefs.h */
| #define PACKAGE_NAME "libXaw"
| #define PACKAGE_TARNAME "libXaw"
| #define PACKAGE_VERSION "1.0.13"
| #define PACKAGE_STRING "libXaw 1.0.13"
| #define PACKAGE_BUGREPORT "https://bugs.freedesktop.org/enter_bug.cgi?product=xorg"
| #define PACKAGE_URL ""
| #define PACKAGE "libXaw"
| #define VERSION "1.0.13"
| /* end confdefs.h.  */
| #include <ac_nonexistent.h>
configure:7487: checking for ANSI C header files
configure:7507: gcc -c -g -O2  conftest.c >&5
configure:7507: $? = 0
configure:7580: gcc -o conftest -g -O2   conftest.c  >&5
configure:7580: $? = 0
configure:7580: ./conftest
configure:7580: $? = 0
configure:7591: result: yes
configure:7604: checking for sys/types.h
configure:7604: gcc -c -g -O2  conftest.c >&5
configure:7604: $? = 0
configure:7604: result: yes
configure:7604: checking for sys/stat.h
configure:7604: gcc -c -g -O2  conftest.c >&5
configure:7604: $? = 0
configure:7604: result: yes
configure:7604: checking for stdlib.h
configure:7604: gcc -c -g -O2  conftest.c >&5
configure:7604: $? = 0
configure:7604: result: yes
configure:7604: checking for string.h
configure:7604: gcc -c -g -O2  conftest.c >&5
configure:7604: $? = 0
configure:7604: result: yes
configure:7604: checking for memory.h
configure:7604: gcc -c -g -O2  conftest.c >&5
configure:7604: $? = 0
configure:7604: result: yes
configure:7604: checking for strings.h
configure:7604: gcc -c -g -O2  conftest.c >&5
configure:7604: $? = 0
configure:7604: result: yes
configure:7604: checking for inttypes.h
configure:7604: gcc -c -g -O2  conftest.c >&5
configure:7604: $? = 0
configure:7604: result: yes
configure:7604: checking for stdint.h
configure:7604: gcc -c -g -O2  conftest.c >&5
configure:7604: $? = 0
configure:7604: result: yes
configure:7604: checking for unistd.h
configure:7604: gcc -c -g -O2  conftest.c >&5
configure:7604: $? = 0
configure:7604: result: yes
configure:7618: checking for dlfcn.h
configure:7618: gcc -c -g -O2  conftest.c >&5
configure:7618: $? = 0
configure:7618: result: yes
configure:7824: checking for objdir
configure:7839: result: .libs
configure:8106: checking if gcc supports -fno-rtti -fno-exceptions
configure:8124: gcc -c -g -O2  -fno-rtti -fno-exceptions conftest.c >&5
cc1: warning: command line option '-fno-rtti' is valid for C++/ObjC++ but not for C
configure:8128: $? = 0
configure:8141: result: no
configure:8468: checking for gcc option to produce PIC
configure:8475: result: -fPIC -DPIC
configure:8483: checking if gcc PIC flag -fPIC -DPIC works
configure:8501: gcc -c -g -O2  -fPIC -DPIC -DPIC conftest.c >&5
configure:8505: $? = 0
configure:8518: result: yes
configure:8547: checking if gcc static flag -static works
configure:8575: result: yes
configure:8590: checking if gcc supports -c -o file.o
configure:8611: gcc -c -g -O2  -o out/conftest2.o conftest.c >&5
configure:8615: $? = 0
configure:8637: result: yes
configure:8645: checking if gcc supports -c -o file.o
configure:8692: result: yes
configure:8725: checking whether the gcc linker (/usr/bin/ld -m elf_x86_64) supports shared libraries
configure:9878: result: yes
configure:9915: checking whether -lc should be explicitly linked in
configure:9923: gcc -c -g -O2  conftest.c >&5
configure:9926: $? = 0
configure:9941: gcc -shared  -fPIC -DPIC conftest.o  -v -Wl,-soname -Wl,conftest -o conftest 2\>\&1 \| /usr/bin/grep  -lc  \>/dev/null 2\>\&1
configure:9944: $? = 0
configure:9958: result: no
configure:10118: checking dynamic linker characteristics
configure:10629: gcc -o conftest -g -O2   -Wl,-rpath -Wl,/foo conftest.c  >&5
configure:10629: $? = 0
configure:10851: result: GNU/Linux ld.so
configure:10958: checking how to hardcode library paths into programs
configure:10983: result: immediate
configure:11523: checking whether stripping libraries is possible
configure:11528: result: yes
configure:11563: checking if libtool supports shared libraries
configure:11565: result: yes
configure:11568: checking whether to build shared libraries
configure:11589: result: yes
configure:11592: checking whether to build static libraries
configure:11596: result: no
configure:11646: checking for gcc option to accept ISO C99
configure:11795: gcc  -c -g -O2  conftest.c >&5
configure:11795: $? = 0
configure:11808: result: none needed
configure:11827: checking whether __clang__ is declared
configure:11827: gcc -c -g -O2  conftest.c >&5
conftest.c: In function 'main':
conftest.c:63:10: error: '__clang__' undeclared (first use in this function); did you mean '__clock_t'?
   (void) __clang__;
          ^~~~~~~~~
          __clock_t
conftest.c:63:10: note: each undeclared identifier is reported only once for each function it appears in
configure:11827: $? = 1
configure: failed program was:
| /* confdefs.h */
| #define PACKAGE_NAME "libXaw"
| #define PACKAGE_TARNAME "libXaw"
| #define PACKAGE_VERSION "1.0.13"
| #define PACKAGE_STRING "libXaw 1.0.13"
| #define PACKAGE_BUGREPORT "https://bugs.freedesktop.org/enter_bug.cgi?product=xorg"
| #define PACKAGE_URL ""
| #define PACKAGE "libXaw"
| #define VERSION "1.0.13"
| #define STDC_HEADERS 1
| #define HAVE_SYS_TYPES_H 1
| #define HAVE_SYS_STAT_H 1
| #define HAVE_STDLIB_H 1
| #define HAVE_STRING_H 1
| #define HAVE_MEMORY_H 1
| #define HAVE_STRINGS_H 1
| #define HAVE_INTTYPES_H 1
| #define HAVE_STDINT_H 1
| #define HAVE_UNISTD_H 1
| #define HAVE_DLFCN_H 1
| #define LT_OBJDIR ".libs/"
| /* end confdefs.h.  */
| #include <stdio.h>
| #ifdef HAVE_SYS_TYPES_H
| # include <sys/types.h>
| #endif
| #ifdef HAVE_SYS_STAT_H
| # include <sys/stat.h>
| #endif
| #ifdef STDC_HEADERS
| # include <stdlib.h>
| # include <stddef.h>
| #else
| # ifdef HAVE_STDLIB_H
| #  include <stdlib.h>
| # endif
| #endif
| #ifdef HAVE_STRING_H
| # if !defined STDC_HEADERS && defined HAVE_MEMORY_H
| #  include <memory.h>
| # endif
| # include <string.h>
| #endif
| #ifdef HAVE_STRINGS_H
| # include <strings.h>
| #endif
| #ifdef HAVE_INTTYPES_H
| # include <inttypes.h>
| #endif
| #ifdef HAVE_STDINT_H
| # include <stdint.h>
| #endif
| #ifdef HAVE_UNISTD_H
| # include <unistd.h>
| #endif
| int
| main ()
| {
| #ifndef __clang__
| #ifdef __cplusplus
|   (void) __clang__;
| #else
|   (void) __clang__;
| #endif
| #endif
| 
|   ;
|   return 0;
| }
configure:11827: result: no
configure:11834: checking whether __INTEL_COMPILER is declared
configure:11834: gcc -c -g -O2  conftest.c >&5
conftest.c: In function 'main':
conftest.c:63:10: error: '__INTEL_COMPILER' undeclared (first use in this function); did you mean '__BYTE_ORDER'?
   (void) __INTEL_COMPILER;
          ^~~~~~~~~~~~~~~~
          __BYTE_ORDER
conftest.c:63:10: note: each undeclared identifier is reported only once for each function it appears in
configure:11834: $? = 1
configure: failed program was:
| /* confdefs.h */
| #define PACKAGE_NAME "libXaw"
| #define PACKAGE_TARNAME "libXaw"
| #define PACKAGE_VERSION "1.0.13"
| #define PACKAGE_STRING "libXaw 1.0.13"
| #define PACKAGE_BUGREPORT "https://bugs.freedesktop.org/enter_bug.cgi?product=xorg"
| #define PACKAGE_URL ""
| #define PACKAGE "libXaw"
| #define VERSION "1.0.13"
| #define STDC_HEADERS 1
| #define HAVE_SYS_TYPES_H 1
| #define HAVE_SYS_STAT_H 1
| #define HAVE_STDLIB_H 1
| #define HAVE_STRING_H 1
| #define HAVE_MEMORY_H 1
| #define HAVE_STRINGS_H 1
| #define HAVE_INTTYPES_H 1
| #define HAVE_STDINT_H 1
| #define HAVE_UNISTD_H 1
| #define HAVE_DLFCN_H 1
| #define LT_OBJDIR ".libs/"
| /* end confdefs.h.  */
| #include <stdio.h>
| #ifdef HAVE_SYS_TYPES_H
| # include <sys/types.h>
| #endif
| #ifdef HAVE_SYS_STAT_H
| # include <sys/stat.h>
| #endif
| #ifdef STDC_HEADERS
| # include <stdlib.h>
| # include <stddef.h>
| #else
| # ifdef HAVE_STDLIB_H
| #  include <stdlib.h>
| # endif
| #endif
| #ifdef HAVE_STRING_H
| # if !defined STDC_HEADERS && defined HAVE_MEMORY_H
| #  include <memory.h>
| # endif
| # include <string.h>
| #endif
| #ifdef HAVE_STRINGS_H
| # include <strings.h>
| #endif
| #ifdef HAVE_INTTYPES_H
| # include <inttypes.h>
| #endif
| #ifdef HAVE_STDINT_H
| # include <stdint.h>
| #endif
| #ifdef HAVE_UNISTD_H
| # include <unistd.h>
| #endif
| int
| main ()
| {
| #ifndef __INTEL_COMPILER
| #ifdef __cplusplus
|   (void) __INTEL_COMPILER;
| #else
|   (void) __INTEL_COMPILER;
| #endif
| #endif
| 
|   ;
|   return 0;
| }
configure:11834: result: no
configure:11841: checking whether __SUNPRO_C is declared
configure:11841: gcc -c -g -O2  conftest.c >&5
conftest.c: In function 'main':
conftest.c:63:10: error: '__SUNPRO_C' undeclared (first use in this function); did you mean '__INT8_C'?
   (void) __SUNPRO_C;
          ^~~~~~~~~~
          __INT8_C
conftest.c:63:10: note: each undeclared identifier is reported only once for each function it appears in
configure:11841: $? = 1
configure: failed program was:
| /* confdefs.h */
| #define PACKAGE_NAME "libXaw"
| #define PACKAGE_TARNAME "libXaw"
| #define PACKAGE_VERSION "1.0.13"
| #define PACKAGE_STRING "libXaw 1.0.13"
| #define PACKAGE_BUGREPORT "https://bugs.freedesktop.org/enter_bug.cgi?product=xorg"
| #define PACKAGE_URL ""
| #define PACKAGE "libXaw"
| #define VERSION "1.0.13"
| #define STDC_HEADERS 1
| #define HAVE_SYS_TYPES_H 1
| #define HAVE_SYS_STAT_H 1
| #define HAVE_STDLIB_H 1
| #define HAVE_STRING_H 1
| #define HAVE_MEMORY_H 1
| #define HAVE_STRINGS_H 1
| #define HAVE_INTTYPES_H 1
| #define HAVE_STDINT_H 1
| #define HAVE_UNISTD_H 1
| #define HAVE_DLFCN_H 1
| #define LT_OBJDIR ".libs/"
| /* end confdefs.h.  */
| #include <stdio.h>
| #ifdef HAVE_SYS_TYPES_H
| # include <sys/types.h>
| #endif
| #ifdef HAVE_SYS_STAT_H
| # include <sys/stat.h>
| #endif
| #ifdef STDC_HEADERS
| # include <stdlib.h>
| # include <stddef.h>
| #else
| # ifdef HAVE_STDLIB_H
| #  include <stdlib.h>
| # endif
| #endif
| #ifdef HAVE_STRING_H
| # if !defined STDC_HEADERS && defined HAVE_MEMORY_H
| #  include <memory.h>
| # endif
| # include <string.h>
| #endif
| #ifdef HAVE_STRINGS_H
| # include <strings.h>
| #endif
| #ifdef HAVE_INTTYPES_H
| # include <inttypes.h>
| #endif
| #ifdef HAVE_STDINT_H
| # include <stdint.h>
| #endif
| #ifdef HAVE_UNISTD_H
| # include <unistd.h>
| #endif
| int
| main ()
| {
| #ifndef __SUNPRO_C
| #ifdef __cplusplus
|   (void) __SUNPRO_C;
| #else
|   (void) __SUNPRO_C;
| #endif
| #endif
| 
|   ;
|   return 0;
| }
configure:11841: result: no
configure:11898: checking for pkg-config
configure:11916: found /usr/bin/pkg-config
configure:11928: result: /usr/bin/pkg-config
configure:11953: checking pkg-config is at least version 0.9.0
configure:11956: result: yes
configure:12006: checking if gcc supports -Werror=unknown-warning-option
configure:12015: gcc -c -g -O2 -Werror=unknown-warning-option  conftest.c >&5
cc1: error: -Werror=unknown-warning-option: no option -Wunknown-warning-option
configure:12015: $? = 1
configure: failed program was:
| /* confdefs.h */
| #define PACKAGE_NAME "libXaw"
| #define PACKAGE_TARNAME "libXaw"
| #define PACKAGE_VERSION "1.0.13"
| #define PACKAGE_STRING "libXaw 1.0.13"
| #define PACKAGE_BUGREPORT "https://bugs.freedesktop.org/enter_bug.cgi?product=xorg"
| #define PACKAGE_URL ""
| #define PACKAGE "libXaw"
| #define VERSION "1.0.13"
| #define STDC_HEADERS 1
| #define HAVE_SYS_TYPES_H 1
| #define HAVE_SYS_STAT_H 1
| #define HAVE_STDLIB_H 1
| #define HAVE_STRING_H 1
| #define HAVE_MEMORY_H 1
| #define HAVE_STRINGS_H 1
| #define HAVE_INTTYPES_H 1
| #define HAVE_STDINT_H 1
| #define HAVE_UNISTD_H 1
| #define HAVE_DLFCN_H 1
| #define LT_OBJDIR ".libs/"
| /* end confdefs.h.  */
| int i;
configure:12022: result: no
configure:12033: checking if gcc supports -Werror=unused-command-line-argument
configure:12042: gcc -c -g -O2 -Werror=unused-command-line-argument  conftest.c >&5
cc1: error: -Werror=unused-command-line-argument: no option -Wunused-command-line-argument
configure:12042: $? = 1
configure: failed program was:
| /* confdefs.h */
| #define PACKAGE_NAME "libXaw"
| #define PACKAGE_TARNAME "libXaw"
| #define PACKAGE_VERSION "1.0.13"
| #define PACKAGE_STRING "libXaw 1.0.13"
| #define PACKAGE_BUGREPORT "https://bugs.freedesktop.org/enter_bug.cgi?product=xorg"
| #define PACKAGE_URL ""
| #define PACKAGE "libXaw"
| #define VERSION "1.0.13"
| #define STDC_HEADERS 1
| #define HAVE_SYS_TYPES_H 1
| #define HAVE_SYS_STAT_H 1
| #define HAVE_STDLIB_H 1
| #define HAVE_STRING_H 1
| #define HAVE_MEMORY_H 1
| #define HAVE_STRINGS_H 1
| #define HAVE_INTTYPES_H 1
| #define HAVE_STDINT_H 1
| #define HAVE_UNISTD_H 1
| #define HAVE_DLFCN_H 1
| #define LT_OBJDIR ".libs/"
| /* end confdefs.h.  */
| int i;
configure:12049: result: no
configure:12068: checking if gcc supports -Wall
configure:12085: gcc -o conftest -g -O2 -Wall   conftest.c  >&5
configure:12085: $? = 0
configure:12098: result: yes
configure:12186: checking if gcc supports -Wpointer-arith
configure:12203: gcc -o conftest -g -O2 -Wpointer-arith   conftest.c  >&5
configure:12203: $? = 0
configure:12216: result: yes
configure:12304: checking if gcc supports -Wmissing-declarations
configure:12321: gcc -o conftest -g -O2 -Wmissing-declarations   conftest.c  >&5
configure:12321: $? = 0
configure:12334: result: yes
configure:12422: checking if gcc supports -Wformat=2
configure:12439: gcc -o conftest -g -O2 -Wformat=2   conftest.c  >&5
configure:12439: $? = 0
configure:12452: result: yes
configure:12591: checking if gcc supports -Wstrict-prototypes
configure:12608: gcc -o conftest -g -O2 -Wstrict-prototypes   conftest.c  >&5
conftest.c:25:1: warning: function declaration isn't a prototype [-Wstrict-prototypes]
 main ()
 ^~~~
configure:12608: $? = 0
configure:12621: result: yes
configure:12709: checking if gcc supports -Wmissing-prototypes
configure:12726: gcc -o conftest -g -O2 -Wmissing-prototypes   conftest.c  >&5
configure:12726: $? = 0
configure:12739: result: yes
configure:12827: checking if gcc supports -Wnested-externs
configure:12844: gcc -o conftest -g -O2 -Wnested-externs   conftest.c  >&5
configure:12844: $? = 0
configure:12857: result: yes
configure:12945: checking if gcc supports -Wbad-function-cast
configure:12962: gcc -o conftest -g -O2 -Wbad-function-cast   conftest.c  >&5
configure:12962: $? = 0
configure:12975: result: yes
configure:13063: checking if gcc supports -Wold-style-definition
configure:13080: gcc -o conftest -g -O2 -Wold-style-definition   conftest.c  >&5
conftest.c: In function 'main':
conftest.c:25:1: warning: old-style function definition [-Wold-style-definition]
 main ()
 ^~~~
configure:13080: $? = 0
configure:13093: result: yes
configure:13230: checking if gcc supports -Wdeclaration-after-statement
configure:13247: gcc -o conftest -g -O2 -Wdeclaration-after-statement   conftest.c  >&5
configure:13247: $? = 0
configure:13260: result: yes
configure:13352: checking if gcc supports -Wunused
configure:13369: gcc -o conftest -g -O2 -Wunused   conftest.c  >&5
configure:13369: $? = 0
configure:13382: result: yes
configure:13470: checking if gcc supports -Wuninitialized
configure:13487: gcc -o conftest -g -O2 -Wuninitialized   conftest.c  >&5
configure:13487: $? = 0
configure:13500: result: yes
configure:13588: checking if gcc supports -Wshadow
configure:13605: gcc -o conftest -g -O2 -Wshadow   conftest.c  >&5
configure:13605: $? = 0
configure:13618: result: yes
configure:13706: checking if gcc supports -Wmissing-noreturn
configure:13723: gcc -o conftest -g -O2 -Wmissing-noreturn   conftest.c  >&5
configure:13723: $? = 0
configure:13736: result: yes
configure:13824: checking if gcc supports -Wmissing-format-attribute
configure:13841: gcc -o conftest -g -O2 -Wmissing-format-attribute   conftest.c  >&5
configure:13841: $? = 0
configure:13854: result: yes
configure:13942: checking if gcc supports -Wredundant-decls
configure:13959: gcc -o conftest -g -O2 -Wredundant-decls   conftest.c  >&5
configure:13959: $? = 0
configure:13972: result: yes
configure:14060: checking if gcc supports -Wlogical-op
configure:14077: gcc -o conftest -g -O2 -Wlogical-op   conftest.c  >&5
configure:14077: $? = 0
configure:14090: result: yes
configure:14190: checking if gcc supports -Werror=implicit
configure:14207: gcc -o conftest -g -O2 -Werror=implicit   conftest.c  >&5
configure:14207: $? = 0
configure:14220: result: yes
configure:14357: checking if gcc supports -Werror=nonnull
configure:14374: gcc -o conftest -g -O2 -Werror=nonnull   conftest.c  >&5
configure:14374: $? = 0
configure:14387: result: yes
configure:14475: checking if gcc supports -Werror=init-self
configure:14492: gcc -o conftest -g -O2 -Werror=init-self   conftest.c  >&5
configure:14492: $? = 0
configure:14505: result: yes
configure:14593: checking if gcc supports -Werror=main
configure:14610: gcc -o conftest -g -O2 -Werror=main   conftest.c  >&5
configure:14610: $? = 0
configure:14623: result: yes
configure:14711: checking if gcc supports -Werror=missing-braces
configure:14728: gcc -o conftest -g -O2 -Werror=missing-braces   conftest.c  >&5
configure:14728: $? = 0
configure:14741: result: yes
configure:14829: checking if gcc supports -Werror=sequence-point
configure:14846: gcc -o conftest -g -O2 -Werror=sequence-point   conftest.c  >&5
configure:14846: $? = 0
configure:14859: result: yes
configure:14947: checking if gcc supports -Werror=return-type
configure:14964: gcc -o conftest -g -O2 -Werror=return-type   conftest.c  >&5
configure:14964: $? = 0
configure:14977: result: yes
configure:15114: checking if gcc supports -Werror=trigraphs
configure:15131: gcc -o conftest -g -O2 -Werror=trigraphs   conftest.c  >&5
configure:15131: $? = 0
configure:15144: result: yes
configure:15232: checking if gcc supports -Werror=array-bounds
configure:15249: gcc -o conftest -g -O2 -Werror=array-bounds   conftest.c  >&5
configure:15249: $? = 0
configure:15262: result: yes
configure:15350: checking if gcc supports -Werror=write-strings
configure:15367: gcc -o conftest -g -O2 -Werror=write-strings   conftest.c  >&5
configure:15367: $? = 0
configure:15380: result: yes
configure:15468: checking if gcc supports -Werror=address
configure:15485: gcc -o conftest -g -O2 -Werror=address   conftest.c  >&5
configure:15485: $? = 0
configure:15498: result: yes
configure:15586: checking if gcc supports -Werror=int-to-pointer-cast
configure:15603: gcc -o conftest -g -O2 -Werror=int-to-pointer-cast   conftest.c  >&5
configure:15603: $? = 0
configure:15616: result: yes
configure:15753: checking if gcc supports -Werror=pointer-to-int-cast
configure:15770: gcc -o conftest -g -O2 -Werror=pointer-to-int-cast   conftest.c  >&5
configure:15770: $? = 0
configure:15783: result: yes
configure:17441: checking if gcc supports -pedantic
configure:17458: gcc -o conftest -g -O2 -pedantic   conftest.c  >&5
configure:17458: $? = 0
configure:17471: result: yes
configure:17559: checking if gcc supports -Werror
configure:17576: gcc -o conftest -g -O2 -Werror   conftest.c  >&5
configure:17576: $? = 0
configure:17589: result: yes
configure:17729: checking if gcc supports -Werror=attributes
configure:17746: gcc -o conftest -g -O2 -Werror=attributes   conftest.c  >&5
configure:17746: $? = 0
configure:17759: result: yes
configure:17919: checking whether make supports nested variables
configure:17936: result: yes
configure:17966: checking whether to build functional specifications
configure:17968: result: yes
configure:17987: checking for xmlto
configure:18005: found /usr/bin/xmlto
configure:18017: result: /usr/bin/xmlto
configure:18090: checking the xmlto version
configure:18093: result: 0.0.28
configure:18124: WARNING: xmlto cannot generate text format, this format skipped
configure:18162: checking for fop
configure:18195: result: no
configure:18201: WARNING: fop not found - documentation targets will be skipped
configure:18291: checking for xsltproc
configure:18309: found /usr/bin/xsltproc
configure:18321: result: /usr/bin/xsltproc
configure:18401: checking for X.Org SGML entities >= 1.8
configure:18405: $PKG_CONFIG --exists --print-errors "xorg-sgml-doctools >= 1.8"
Package xorg-sgml-doctools was not found in the pkg-config search path.
Perhaps you should add the directory containing `xorg-sgml-doctools.pc'
to the PKG_CONFIG_PATH environment variable
No package 'xorg-sgml-doctools' found
configure:18408: $? = 1
configure:18424: result: no
configure:18449: checking for gawk
configure:18476: result: gawk
configure:18539: checking for pkg-config
configure:18569: result: /usr/bin/pkg-config
configure:18594: checking pkg-config is at least version 0.9.0
configure:18597: result: yes
configure:18658: checking for XAW6
configure:18665: $PKG_CONFIG --exists --print-errors "xproto x11 xext xextproto xt xmu"
configure:18668: $? = 0
configure:18681: $PKG_CONFIG --exists --print-errors "xproto x11 xext xextproto xt xmu"
configure:18684: $? = 0
configure:18738: result: yes
configure:18758: checking for XAW7
configure:18765: $PKG_CONFIG --exists --print-errors "xproto x11 xext xextproto xt xmu xpm"
configure:18768: $? = 0
configure:18781: $PKG_CONFIG --exists --print-errors "xproto x11 xext xextproto xt xmu xpm"
configure:18784: $? = 0
configure:18838: result: yes
configure:18866: checking wctype.h usability
configure:18866: gcc -c -g -O2  conftest.c >&5
configure:18866: $? = 0
configure:18866: result: yes
configure:18866: checking wctype.h presence
configure:18866: gcc -E  conftest.c
configure:18866: $? = 0
configure:18866: result: yes
configure:18866: checking for wctype.h
configure:18866: result: yes
configure:18866: checking wchar.h usability
configure:18866: gcc -c -g -O2  conftest.c >&5
configure:18866: $? = 0
configure:18866: result: yes
configure:18866: checking wchar.h presence
configure:18866: gcc -E  conftest.c
configure:18866: $? = 0
configure:18866: result: yes
configure:18866: checking for wchar.h
configure:18866: result: yes
configure:18866: checking widec.h usability
configure:18866: gcc -c -g -O2  conftest.c >&5
conftest.c:61:10: fatal error: widec.h: No such file or directory
 #include <widec.h>
          ^~~~~~~~~
compilation terminated.
configure:18866: $? = 1
configure: failed program was:
| /* confdefs.h */
| #define PACKAGE_NAME "libXaw"
| #define PACKAGE_TARNAME "libXaw"
| #define PACKAGE_VERSION "1.0.13"
| #define PACKAGE_STRING "libXaw 1.0.13"
| #define PACKAGE_BUGREPORT "https://bugs.freedesktop.org/enter_bug.cgi?product=xorg"
| #define PACKAGE_URL ""
| #define PACKAGE "libXaw"
| #define VERSION "1.0.13"
| #define STDC_HEADERS 1
| #define HAVE_SYS_TYPES_H 1
| #define HAVE_SYS_STAT_H 1
| #define HAVE_STDLIB_H 1
| #define HAVE_STRING_H 1
| #define HAVE_MEMORY_H 1
| #define HAVE_STRINGS_H 1
| #define HAVE_INTTYPES_H 1
| #define HAVE_STDINT_H 1
| #define HAVE_UNISTD_H 1
| #define HAVE_DLFCN_H 1
| #define LT_OBJDIR ".libs/"
| #define PACKAGE_VERSION_MAJOR 1
| #define PACKAGE_VERSION_MINOR 0
| #define PACKAGE_VERSION_PATCHLEVEL 13
| #define HAVE_WCTYPE_H 1
| #define HAVE_WCHAR_H 1
| /* end confdefs.h.  */
| #include <stdio.h>
| #ifdef HAVE_SYS_TYPES_H
| # include <sys/types.h>
| #endif
| #ifdef HAVE_SYS_STAT_H
| # include <sys/stat.h>
| #endif
| #ifdef STDC_HEADERS
| # include <stdlib.h>
| # include <stddef.h>
| #else
| # ifdef HAVE_STDLIB_H
| #  include <stdlib.h>
| # endif
| #endif
| #ifdef HAVE_STRING_H
| # if !defined STDC_HEADERS && defined HAVE_MEMORY_H
| #  include <memory.h>
| # endif
| # include <string.h>
| #endif
| #ifdef HAVE_STRINGS_H
| # include <strings.h>
| #endif
| #ifdef HAVE_INTTYPES_H
| # include <inttypes.h>
| #endif
| #ifdef HAVE_STDINT_H
| # include <stdint.h>
| #endif
| #ifdef HAVE_UNISTD_H
| # include <unistd.h>
| #endif
| #include <widec.h>
configure:18866: result: no
configure:18866: checking widec.h presence
configure:18866: gcc -E  conftest.c
conftest.c:28:10: fatal error: widec.h: No such file or directory
 #include <widec.h>
          ^~~~~~~~~
compilation terminated.
configure:18866: $? = 1
configure: failed program was:
| /* confdefs.h */
| #define PACKAGE_NAME "libXaw"
| #define PACKAGE_TARNAME "libXaw"
| #define PACKAGE_VERSION "1.0.13"
| #define PACKAGE_STRING "libXaw 1.0.13"
| #define PACKAGE_BUGREPORT "https://bugs.freedesktop.org/enter_bug.cgi?product=xorg"
| #define PACKAGE_URL ""
| #define PACKAGE "libXaw"
| #define VERSION "1.0.13"
| #define STDC_HEADERS 1
| #define HAVE_SYS_TYPES_H 1
| #define HAVE_SYS_STAT_H 1
| #define HAVE_STDLIB_H 1
| #define HAVE_STRING_H 1
| #define HAVE_MEMORY_H 1
| #define HAVE_STRINGS_H 1
| #define HAVE_INTTYPES_H 1
| #define HAVE_STDINT_H 1
| #define HAVE_UNISTD_H 1
| #define HAVE_DLFCN_H 1
| #define LT_OBJDIR ".libs/"
| #define PACKAGE_VERSION_MAJOR 1
| #define PACKAGE_VERSION_MINOR 0
| #define PACKAGE_VERSION_PATCHLEVEL 13
| #define HAVE_WCTYPE_H 1
| #define HAVE_WCHAR_H 1
| /* end confdefs.h.  */
| #include <widec.h>
configure:18866: result: no
configure:18866: checking for widec.h
configure:18866: result: no
configure:18881: checking for iswalnum
configure:18881: gcc -o conftest -g -O2   conftest.c  >&5
conftest.c:51:6: warning: conflicting types for built-in function 'iswalnum' [-Wbuiltin-declaration-mismatch]
 char iswalnum ();
      ^~~~~~~~
configure:18881: $? = 0
configure:18881: result: yes
configure:18881: checking for getpagesize
configure:18881: gcc -o conftest -g -O2   conftest.c  >&5
configure:18881: $? = 0
configure:18881: result: yes
configure:19060: checking that generated files are newer than configure
configure:19066: result: done
configure:19129: creating ./config.status

## ---------------------- ##
## Running config.status. ##
## ---------------------- ##

This file was extended by libXaw config.status 1.0.13, which was
generated by GNU Autoconf 2.69.  Invocation command line was

  CONFIG_FILES    = 
  CONFIG_HEADERS  = 
  CONFIG_LINKS    = 
  CONFIG_COMMANDS = 
  $ ./config.status 

on localhost.localdomain

config.status:1156: creating Makefile
config.status:1156: creating include/Makefile
config.status:1156: creating man/Makefile
config.status:1156: creating specs/Makefile
config.status:1156: creating src/Makefile
config.status:1156: creating xaw6.pc
config.status:1156: creating xaw7.pc
config.status:1156: creating config.h
config.status:1385: executing depfiles commands
config.status:1385: executing libtool commands
config.status:1385: executing libtool_hack commands

## ---------------- ##
## Cache variables. ##
## ---------------- ##

ac_cv_build=x86_64-unknown-linux-gnu
ac_cv_c_compiler_gnu=yes
ac_cv_env_CC_set=
ac_cv_env_CC_value=
ac_cv_env_CFLAGS_set=
ac_cv_env_CFLAGS_value=
ac_cv_env_CPPFLAGS_set=
ac_cv_env_CPPFLAGS_value=
ac_cv_env_CPP_set=
ac_cv_env_CPP_value=
ac_cv_env_FOP_set=
ac_cv_env_FOP_value=
ac_cv_env_LDFLAGS_set=
ac_cv_env_LDFLAGS_value=
ac_cv_env_LIBS_set=
ac_cv_env_LIBS_value=
ac_cv_env_PKG_CONFIG_set=
ac_cv_env_PKG_CONFIG_value=
ac_cv_env_XAW6_CFLAGS_set=
ac_cv_env_XAW6_CFLAGS_value=
ac_cv_env_XAW6_LIBS_set=
ac_cv_env_XAW6_LIBS_value=
ac_cv_env_XAW7_CFLAGS_set=
ac_cv_env_XAW7_CFLAGS_value=
ac_cv_env_XAW7_LIBS_set=
ac_cv_env_XAW7_LIBS_value=
ac_cv_env_XMLTO_set=
ac_cv_env_XMLTO_value=
ac_cv_env_XSLTPROC_set=
ac_cv_env_XSLTPROC_value=
ac_cv_env_build_alias_set=
ac_cv_env_build_alias_value=
ac_cv_env_host_alias_set=
ac_cv_env_host_alias_value=
ac_cv_env_target_alias_set=
ac_cv_env_target_alias_value=
ac_cv_func_getpagesize=yes
ac_cv_func_iswalnum=yes
ac_cv_have_decl___INTEL_COMPILER=no
ac_cv_have_decl___SUNPRO_C=no
ac_cv_have_decl___clang__=no
ac_cv_header_dlfcn_h=yes
ac_cv_header_inttypes_h=yes
ac_cv_header_memory_h=yes
ac_cv_header_stdc=yes
ac_cv_header_stdint_h=yes
ac_cv_header_stdlib_h=yes
ac_cv_header_string_h=yes
ac_cv_header_strings_h=yes
ac_cv_header_sys_stat_h=yes
ac_cv_header_sys_types_h=yes
ac_cv_header_unistd_h=yes
ac_cv_header_wchar_h=yes
ac_cv_header_wctype_h=yes
ac_cv_header_widec_h=no
ac_cv_host=x86_64-unknown-linux-gnu
ac_cv_objext=o
ac_cv_path_EGREP='/usr/bin/grep -E'
ac_cv_path_FGREP='/usr/bin/grep -F'
ac_cv_path_GREP=/usr/bin/grep
ac_cv_path_SED=/bin/sed
ac_cv_path_XMLTO=/usr/bin/xmlto
ac_cv_path_XSLTPROC=/usr/bin/xsltproc
ac_cv_path_ac_pt_PKG_CONFIG=/usr/bin/pkg-config
ac_cv_path_install='/usr/bin/install -c'
ac_cv_path_mkdir=/bin/mkdir
ac_cv_prog_AWK=gawk
ac_cv_prog_CPP='gcc -E'
ac_cv_prog_ac_ct_AR=ar
ac_cv_prog_ac_ct_CC=gcc
ac_cv_prog_ac_ct_MANIFEST_TOOL=mt
ac_cv_prog_ac_ct_OBJDUMP=objdump
ac_cv_prog_ac_ct_RANLIB=ranlib
ac_cv_prog_ac_ct_STRIP=strip
ac_cv_prog_cc_c89=
ac_cv_prog_cc_c99=
ac_cv_prog_cc_g=yes
ac_cv_prog_make_make_set=yes
am_cv_CC_dependencies_compiler_type=gcc3
am_cv_make_support_nested_variables=yes
am_cv_prog_cc_c_o=yes
lt_cv_ar_at_file=@
lt_cv_archive_cmds_need_lc=no
lt_cv_deplibs_check_method=pass_all
lt_cv_file_magic_cmd='$MAGIC_CMD'
lt_cv_file_magic_test_file=
lt_cv_ld_reload_flag=-r
lt_cv_nm_interface='BSD nm'
lt_cv_objdir=.libs
lt_cv_path_LD=/usr/bin/ld
lt_cv_path_NM='/usr/bin/nm -B'
lt_cv_path_mainfest_tool=no
lt_cv_prog_compiler_c_o=yes
lt_cv_prog_compiler_pic='-fPIC -DPIC'
lt_cv_prog_compiler_pic_works=yes
lt_cv_prog_compiler_rtti_exceptions=no
lt_cv_prog_compiler_static_works=yes
lt_cv_prog_gnu_ld=yes
lt_cv_sharedlib_from_linklib_cmd='printf %s\n'
lt_cv_shlibpath_overrides_runpath=no
lt_cv_sys_global_symbol_pipe='sed -n -e '\''s/^.*[	 ]\([ABCDGIRSTW][ABCDGIRSTW]*\)[	 ][	 ]*\([_A-Za-z][_A-Za-z0-9]*\)$/\1 \2 \2/p'\'' | sed '\''/ __gnu_lto/d'\'''
lt_cv_sys_global_symbol_to_c_name_address='sed -n -e '\''s/^: \([^ ]*\)[ ]*$/  {\"\1\", (void *) 0},/p'\'' -e '\''s/^[ABCDGIRSTW]* \([^ ]*\) \([^ ]*\)$/  {"\2", (void *) \&\2},/p'\'''
lt_cv_sys_global_symbol_to_c_name_address_lib_prefix='sed -n -e '\''s/^: \([^ ]*\)[ ]*$/  {\"\1\", (void *) 0},/p'\'' -e '\''s/^[ABCDGIRSTW]* \([^ ]*\) \(lib[^ ]*\)$/  {"\2", (void *) \&\2},/p'\'' -e '\''s/^[ABCDGIRSTW]* \([^ ]*\) \([^ ]*\)$/  {"lib\2", (void *) \&\2},/p'\'''
lt_cv_sys_global_symbol_to_cdecl='sed -n -e '\''s/^T .* \(.*\)$/extern int \1();/p'\'' -e '\''s/^[ABCDGIRSTW]* .* \(.*\)$/extern char \1;/p'\'''
lt_cv_sys_max_cmd_len=1572864
lt_cv_to_host_file_cmd=func_convert_file_noop
lt_cv_to_tool_file_cmd=func_convert_file_noop
pkg_cv_XAW6_CFLAGS=
pkg_cv_XAW6_LIBS='-lXext -lXmu -lXt -lX11'
pkg_cv_XAW7_CFLAGS=
pkg_cv_XAW7_LIBS='-lXext -lXmu -lXt -lXpm -lX11'
xorg_cv_cc_flag__Wall=yes
xorg_cv_cc_flag__Wbad_function_cast=yes
xorg_cv_cc_flag__Wdeclaration_after_statement=yes
xorg_cv_cc_flag__Werror=yes
xorg_cv_cc_flag__Werror_address=yes
xorg_cv_cc_flag__Werror_array_bounds=yes
xorg_cv_cc_flag__Werror_attributes=yes
xorg_cv_cc_flag__Werror_implicit=yes
xorg_cv_cc_flag__Werror_init_self=yes
xorg_cv_cc_flag__Werror_int_to_pointer_cast=yes
xorg_cv_cc_flag__Werror_main=yes
xorg_cv_cc_flag__Werror_missing_braces=yes
xorg_cv_cc_flag__Werror_nonnull=yes
xorg_cv_cc_flag__Werror_pointer_to_int_cast=yes
xorg_cv_cc_flag__Werror_return_type=yes
xorg_cv_cc_flag__Werror_sequence_point=yes
xorg_cv_cc_flag__Werror_trigraphs=yes
xorg_cv_cc_flag__Werror_write_strings=yes
xorg_cv_cc_flag__Wformat_2=yes
xorg_cv_cc_flag__Wlogical_op=yes
xorg_cv_cc_flag__Wmissing_declarations=yes
xorg_cv_cc_flag__Wmissing_format_attribute=yes
xorg_cv_cc_flag__Wmissing_noreturn=yes
xorg_cv_cc_flag__Wmissing_prototypes=yes
xorg_cv_cc_flag__Wnested_externs=yes
xorg_cv_cc_flag__Wold_style_definition=yes
xorg_cv_cc_flag__Wpointer_arith=yes
xorg_cv_cc_flag__Wredundant_decls=yes
xorg_cv_cc_flag__Wshadow=yes
xorg_cv_cc_flag__Wstrict_prototypes=yes
xorg_cv_cc_flag__Wuninitialized=yes
xorg_cv_cc_flag__Wunused=yes
xorg_cv_cc_flag__pedantic=yes
xorg_cv_cc_flag_unknown_warning_option=no
xorg_cv_cc_flag_unused_command_line_argument=no

## ----------------- ##
## Output variables. ##
## ----------------- ##

ACLOCAL='${SHELL} /lfskernel/sources/boot/X11/libs/libXaw-1.0.13/missing aclocal-1.15'
ADMIN_MAN_DIR='$(mandir)/man$(ADMIN_MAN_SUFFIX)'
ADMIN_MAN_SUFFIX='8'
AMDEPBACKSLASH='\'
AMDEP_FALSE='#'
AMDEP_TRUE=''
AMTAR='$${TAR-tar}'
AM_BACKSLASH='\'
AM_DEFAULT_V='$(AM_DEFAULT_VERBOSITY)'
AM_DEFAULT_VERBOSITY='0'
AM_V='$(V)'
APP_MAN_DIR='$(mandir)/man$(APP_MAN_SUFFIX)'
APP_MAN_SUFFIX='1'
AR='ar'
AUTOCONF='${SHELL} /lfskernel/sources/boot/X11/libs/libXaw-1.0.13/missing autoconf'
AUTOHEADER='${SHELL} /lfskernel/sources/boot/X11/libs/libXaw-1.0.13/missing autoheader'
AUTOMAKE='${SHELL} /lfskernel/sources/boot/X11/libs/libXaw-1.0.13/missing automake-1.15'
AWK='gawk'
BASE_CFLAGS=' -Wall -Wpointer-arith -Wmissing-declarations -Wformat=2 -Wstrict-prototypes -Wmissing-prototypes -Wnested-externs -Wbad-function-cast -Wold-style-definition -Wdeclaration-after-statement -Wunused -Wuninitialized -Wshadow -Wmissing-noreturn -Wmissing-format-attribute -Wredundant-decls -Wlogical-op -Werror=implicit -Werror=nonnull -Werror=init-self -Werror=main -Werror=missing-braces -Werror=sequence-point -Werror=return-type -Werror=trigraphs -Werror=array-bounds -Werror=write-strings -Werror=address -Werror=int-to-pointer-cast -Werror=pointer-to-int-cast'
BUILD_XAW6_FALSE='#'
BUILD_XAW6_TRUE=''
BUILD_XAW7_FALSE='#'
BUILD_XAW7_TRUE=''
CC='gcc'
CCDEPMODE='depmode=gcc3'
CFLAGS='-g -O2'
CHANGELOG_CMD='(GIT_DIR=$(top_srcdir)/.git git log > $(top_srcdir)/.changelog.tmp && mv $(top_srcdir)/.changelog.tmp $(top_srcdir)/ChangeLog) || (rm -f $(top_srcdir)/.changelog.tmp; touch $(top_srcdir)/ChangeLog; echo '\''git directory not found: installing possibly empty changelog.'\'' >&2)'
CPP='gcc -E'
CPPFLAGS=''
CWARNFLAGS=' -Wall -Wpointer-arith -Wmissing-declarations -Wformat=2 -Wstrict-prototypes -Wmissing-prototypes -Wnested-externs -Wbad-function-cast -Wold-style-definition -Wdeclaration-after-statement -Wunused -Wuninitialized -Wshadow -Wmissing-noreturn -Wmissing-format-attribute -Wredundant-decls -Wlogical-op -Werror=implicit -Werror=nonnull -Werror=init-self -Werror=main -Werror=missing-braces -Werror=sequence-point -Werror=return-type -Werror=trigraphs -Werror=array-bounds -Werror=write-strings -Werror=address -Werror=int-to-pointer-cast -Werror=pointer-to-int-cast -fno-strict-aliasing'
CYGPATH_W='echo'
DEFS='-DHAVE_CONFIG_H'
DEPDIR='.deps'
DLLTOOL='false'
DRIVER_MAN_DIR='$(mandir)/man$(DRIVER_MAN_SUFFIX)'
DRIVER_MAN_SUFFIX='4'
DSYMUTIL=''
DUMPBIN=''
ECHO_C=''
ECHO_N='-n'
ECHO_T=''
EGREP='/usr/bin/grep -E'
ENABLE_SPECS_FALSE='#'
ENABLE_SPECS_TRUE=''
EXEEXT=''
FGREP='/usr/bin/grep -F'
FILE_MAN_DIR='$(mandir)/man$(FILE_MAN_SUFFIX)'
FILE_MAN_SUFFIX='5'
FOP=''
GREP='/usr/bin/grep'
HAVE_FOP_FALSE=''
HAVE_FOP_TRUE='#'
HAVE_STYLESHEETS_FALSE=''
HAVE_STYLESHEETS_TRUE='#'
HAVE_XMLTO_FALSE='#'
HAVE_XMLTO_TEXT_FALSE=''
HAVE_XMLTO_TEXT_TRUE='#'
HAVE_XMLTO_TRUE=''
HAVE_XSLTPROC_FALSE='#'
HAVE_XSLTPROC_TRUE=''
INSTALL_CMD='(cp -f /usr/share/util-macros/INSTALL $(top_srcdir)/.INSTALL.tmp && mv $(top_srcdir)/.INSTALL.tmp $(top_srcdir)/INSTALL) || (rm -f $(top_srcdir)/.INSTALL.tmp; touch $(top_srcdir)/INSTALL; echo '\''util-macros "pkgdatadir" from xorg-macros.pc not found: installing possibly empty INSTALL.'\'' >&2)'
INSTALL_DATA='${INSTALL} -m 644'
INSTALL_PROGRAM='${INSTALL}'
INSTALL_SCRIPT='${INSTALL}'
INSTALL_STRIP_PROGRAM='$(install_sh) -c -s'
LD='/usr/bin/ld -m elf_x86_64'
LDFLAGS=''
LIBEXT='so'
LIBOBJS=''
LIBS=''
LIBTOOL='$(SHELL) $(top_builddir)/libtool'
LIB_MAN_DIR='$(mandir)/man$(LIB_MAN_SUFFIX)'
LIB_MAN_SUFFIX='3'
LIPO=''
LN_S='ln -s'
LTLIBOBJS=''
MAKEINFO='${SHELL} /lfskernel/sources/boot/X11/libs/libXaw-1.0.13/missing makeinfo'
MANIFEST_TOOL=':'
MAN_SUBSTS='	-e '\''s|__vendorversion__|"$(PACKAGE_STRING)" "$(XORG_MAN_PAGE)"|'\'' 	-e '\''s|__xorgversion__|"$(PACKAGE_STRING)" "$(XORG_MAN_PAGE)"|'\'' 	-e '\''s|__xservername__|Xorg|g'\'' 	-e '\''s|__xconfigfile__|xorg.conf|g'\'' 	-e '\''s|__projectroot__|$(prefix)|g'\'' 	-e '\''s|__apploaddir__|$(appdefaultdir)|g'\'' 	-e '\''s|__appmansuffix__|$(APP_MAN_SUFFIX)|g'\'' 	-e '\''s|__drivermansuffix__|$(DRIVER_MAN_SUFFIX)|g'\'' 	-e '\''s|__adminmansuffix__|$(ADMIN_MAN_SUFFIX)|g'\'' 	-e '\''s|__libmansuffix__|$(LIB_MAN_SUFFIX)|g'\'' 	-e '\''s|__miscmansuffix__|$(MISC_MAN_SUFFIX)|g'\'' 	-e '\''s|__filemansuffix__|$(FILE_MAN_SUFFIX)|g'\'''
MISC_MAN_DIR='$(mandir)/man$(MISC_MAN_SUFFIX)'
MISC_MAN_SUFFIX='7'
MKDIR_P='/bin/mkdir -p'
NM='/usr/bin/nm -B'
NMEDIT=''
OBJDUMP='objdump'
OBJEXT='o'
OTOOL64=''
OTOOL=''
PACKAGE='libXaw'
PACKAGE_BUGREPORT='https://bugs.freedesktop.org/enter_bug.cgi?product=xorg'
PACKAGE_NAME='libXaw'
PACKAGE_STRING='libXaw 1.0.13'
PACKAGE_TARNAME='libXaw'
PACKAGE_URL=''
PACKAGE_VERSION='1.0.13'
PATH_SEPARATOR=':'
PKG_CONFIG='/usr/bin/pkg-config'
PLATFORM_DARWIN_FALSE=''
PLATFORM_DARWIN_TRUE='#'
PLATFORM_WIN32_FALSE=''
PLATFORM_WIN32_TRUE='#'
RANLIB='ranlib'
SED='/bin/sed'
SET_MAKE=''
SHELL='/bin/sh'
STRICT_CFLAGS=' -pedantic -Werror -Werror=attributes'
STRIP='strip'
STYLESHEET_SRCDIR=''
VERSION='1.0.13'
XAW6_CFLAGS=''
XAW6_LIBS='-lXext -lXmu -lXt -lX11'
XAW7_CFLAGS=''
XAW7_LIBS='-lXext -lXmu -lXt -lXpm -lX11'
XMLTO='/usr/bin/xmlto'
XORG_MAN_PAGE='X Version 11'
XORG_SGML_PATH=''
XSLTPROC='/usr/bin/xsltproc'
XSL_STYLESHEET=''
ac_ct_AR='ar'
ac_ct_CC='gcc'
ac_ct_DUMPBIN=''
am__EXEEXT_FALSE=''
am__EXEEXT_TRUE='#'
am__fastdepCC_FALSE='#'
am__fastdepCC_TRUE=''
am__include='include'
am__isrc=''
am__leading_dot='.'
am__nodep='_no'
am__quote=''
am__tar='$${TAR-tar} chof - "$$tardir"'
am__untar='$${TAR-tar} xf -'
bindir='${exec_prefix}/bin'
build='x86_64-unknown-linux-gnu'
build_alias=''
build_cpu='x86_64'
build_os='linux-gnu'
build_vendor='unknown'
datadir='${datarootdir}'
datarootdir='${prefix}/share'
docdir='${datarootdir}/doc/${PACKAGE_TARNAME}'
dvidir='${docdir}'
exec_prefix='${prefix}'
host='x86_64-unknown-linux-gnu'
host_alias=''
host_cpu='x86_64'
host_os='linux-gnu'
host_vendor='unknown'
htmldir='${docdir}'
includedir='${prefix}/include'
infodir='${datarootdir}/info'
install_sh='${SHELL} /lfskernel/sources/boot/X11/libs/libXaw-1.0.13/install-sh'
libdir='${exec_prefix}/lib'
libexecdir='${exec_prefix}/libexec'
localedir='${datarootdir}/locale'
localstatedir='/var'
mandir='${datarootdir}/man'
mkdir_p='$(MKDIR_P)'
oldincludedir='/usr/include'
pdfdir='${docdir}'
prefix='/usr'
program_transform_name='s,x,x,'
psdir='${docdir}'
sbindir='${exec_prefix}/sbin'
sharedstatedir='${prefix}/com'
sysconfdir='/etc'
target_alias=''

## ----------- ##
## confdefs.h. ##
## ----------- ##

/* confdefs.h */
#define PACKAGE_NAME "libXaw"
#define PACKAGE_TARNAME "libXaw"
#define PACKAGE_VERSION "1.0.13"
#define PACKAGE_STRING "libXaw 1.0.13"
#define PACKAGE_BUGREPORT "https://bugs.freedesktop.org/enter_bug.cgi?product=xorg"
#define PACKAGE_URL ""
#define PACKAGE "libXaw"
#define VERSION "1.0.13"
#define STDC_HEADERS 1
#define HAVE_SYS_TYPES_H 1
#define HAVE_SYS_STAT_H 1
#define HAVE_STDLIB_H 1
#define HAVE_STRING_H 1
#define HAVE_MEMORY_H 1
#define HAVE_STRINGS_H 1
#define HAVE_INTTYPES_H 1
#define HAVE_STDINT_H 1
#define HAVE_UNISTD_H 1
#define HAVE_DLFCN_H 1
#define LT_OBJDIR ".libs/"
#define PACKAGE_VERSION_MAJOR 1
#define PACKAGE_VERSION_MINOR 0
#define PACKAGE_VERSION_PATCHLEVEL 13
#define HAVE_WCTYPE_H 1
#define HAVE_WCHAR_H 1
#define HAVE_ISWALNUM 1
#define HAVE_GETPAGESIZE 1

configure: exit 0
