  CHK     include/generated/uapi/linux/version.h
  UPD     include/generated/uapi/linux/version.h
  HOSTCC  scripts/basic/fixdep
  SYSTBL  arch/x86/include/generated/asm/syscalls_32.h
  SYSHDR  arch/x86/include/generated/uapi/asm/unistd_32.h
  SYSHDR  arch/x86/include/generated/uapi/asm/unistd_64.h
  SYSHDR  arch/x86/include/generated/uapi/asm/unistd_x32.h
  HOSTCC  arch/x86/tools/relocs_32.o
  HOSTCC  arch/x86/tools/relocs_64.o
  HOSTCC  arch/x86/tools/relocs_common.o
  HOSTLD  arch/x86/tools/relocs
  HOSTCC  scripts/unifdef
  INSTALL include/asm-generic (36 files)
  INSTALL include/drm (25 files)
  INSTALL include/linux (486 files)
  INSTALL include/linux/android (1 file)
  INSTALL include/linux/byteorder (2 files)
  INSTALL include/linux/caif (2 files)
  INSTALL include/linux/can (6 files)
  INSTALL include/linux/cifs (1 file)
  INSTALL include/linux/dvb (8 files)
  INSTALL include/linux/genwqe (1 file)
  INSTALL include/linux/hdlc (1 file)
  INSTALL include/linux/hsi (2 files)
  INSTALL include/linux/iio (2 files)
  INSTALL include/linux/isdn (1 file)
  INSTALL include/linux/mmc (1 file)
  INSTALL include/linux/netfilter (87 files)
  INSTALL include/linux/netfilter/ipset (4 files)
  INSTALL include/linux/netfilter_arp (2 files)
  INSTALL include/linux/netfilter_bridge (17 files)
  INSTALL include/linux/netfilter_ipv4 (9 files)
  INSTALL include/linux/netfilter_ipv6 (12 files)
  INSTALL include/linux/nfsd (5 files)
  INSTALL include/linux/raid (2 files)
  INSTALL include/linux/sched (1 file)
  INSTALL include/linux/spi (1 file)
  INSTALL include/linux/sunrpc (1 file)
  INSTALL include/linux/tc_act (15 files)
  INSTALL include/linux/tc_ematch (4 files)
  INSTALL include/linux/usb (12 files)
  INSTALL include/linux/wimax (1 file)
  INSTALL include/misc (1 file)
  INSTALL include/mtd (5 files)
  INSTALL include/rdma (20 files)
  INSTALL include/rdma/hfi (2 files)
  INSTALL include/scsi (4 files)
  INSTALL include/scsi/fc (4 files)
  INSTALL include/sound (15 files)
  INSTALL include/video (3 files)
  INSTALL include/xen (4 files)
  INSTALL include/asm (62 files)
'dest/include/asm' -> '/usr/include/asm'
'dest/include/asm/ldt.h' -> '/usr/include/asm/ldt.h'
'dest/include/asm/posix_types_x32.h' -> '/usr/include/asm/posix_types_x32.h'
'dest/include/asm/sembuf.h' -> '/usr/include/asm/sembuf.h'
'dest/include/asm/e820.h' -> '/usr/include/asm/e820.h'
'dest/include/asm/fcntl.h' -> '/usr/include/asm/fcntl.h'
'dest/include/asm/errno.h' -> '/usr/include/asm/errno.h'
'dest/include/asm/ucontext.h' -> '/usr/include/asm/ucontext.h'
'dest/include/asm/hyperv.h' -> '/usr/include/asm/hyperv.h'
'dest/include/asm/resource.h' -> '/usr/include/asm/resource.h'
'dest/include/asm/termios.h' -> '/usr/include/asm/termios.h'
'dest/include/asm/auxvec.h' -> '/usr/include/asm/auxvec.h'
'dest/include/asm/ist.h' -> '/usr/include/asm/ist.h'
'dest/include/asm/mce.h' -> '/usr/include/asm/mce.h'
'dest/include/asm/sigcontext32.h' -> '/usr/include/asm/sigcontext32.h'
'dest/include/asm/poll.h' -> '/usr/include/asm/poll.h'
'dest/include/asm/socket.h' -> '/usr/include/asm/socket.h'
'dest/include/asm/ptrace-abi.h' -> '/usr/include/asm/ptrace-abi.h'
'dest/include/asm/termbits.h' -> '/usr/include/asm/termbits.h'
'dest/include/asm/boot.h' -> '/usr/include/asm/boot.h'
'dest/include/asm/ipcbuf.h' -> '/usr/include/asm/ipcbuf.h'
'dest/include/asm/swab.h' -> '/usr/include/asm/swab.h'
'dest/include/asm/sockios.h' -> '/usr/include/asm/sockios.h'
'dest/include/asm/kvm.h' -> '/usr/include/asm/kvm.h'
'dest/include/asm/mtrr.h' -> '/usr/include/asm/mtrr.h'
'dest/include/asm/kvm_para.h' -> '/usr/include/asm/kvm_para.h'
'dest/include/asm/processor-flags.h' -> '/usr/include/asm/processor-flags.h'
'dest/include/asm/perf_regs.h' -> '/usr/include/asm/perf_regs.h'
'dest/include/asm/signal.h' -> '/usr/include/asm/signal.h'
'dest/include/asm/byteorder.h' -> '/usr/include/asm/byteorder.h'
'dest/include/asm/mman.h' -> '/usr/include/asm/mman.h'
'dest/include/asm/hw_breakpoint.h' -> '/usr/include/asm/hw_breakpoint.h'
'dest/include/asm/statfs.h' -> '/usr/include/asm/statfs.h'
'dest/include/asm/prctl.h' -> '/usr/include/asm/prctl.h'
'dest/include/asm/vsyscall.h' -> '/usr/include/asm/vsyscall.h'
'dest/include/asm/hwcap2.h' -> '/usr/include/asm/hwcap2.h'
'dest/include/asm/vm86.h' -> '/usr/include/asm/vm86.h'
'dest/include/asm/posix_types_32.h' -> '/usr/include/asm/posix_types_32.h'
'dest/include/asm/siginfo.h' -> '/usr/include/asm/siginfo.h'
'dest/include/asm/msr.h' -> '/usr/include/asm/msr.h'
'dest/include/asm/param.h' -> '/usr/include/asm/param.h'
'dest/include/asm/vmx.h' -> '/usr/include/asm/vmx.h'
'dest/include/asm/svm.h' -> '/usr/include/asm/svm.h'
'dest/include/asm/a.out.h' -> '/usr/include/asm/a.out.h'
'dest/include/asm/unistd.h' -> '/usr/include/asm/unistd.h'
'dest/include/asm/bitsperlong.h' -> '/usr/include/asm/bitsperlong.h'
'dest/include/asm/shmbuf.h' -> '/usr/include/asm/shmbuf.h'
'dest/include/asm/kvm_perf.h' -> '/usr/include/asm/kvm_perf.h'
'dest/include/asm/debugreg.h' -> '/usr/include/asm/debugreg.h'
'dest/include/asm/bootparam.h' -> '/usr/include/asm/bootparam.h'
'dest/include/asm/posix_types_64.h' -> '/usr/include/asm/posix_types_64.h'
'dest/include/asm/ioctl.h' -> '/usr/include/asm/ioctl.h'
'dest/include/asm/ioctls.h' -> '/usr/include/asm/ioctls.h'
'dest/include/asm/stat.h' -> '/usr/include/asm/stat.h'
'dest/include/asm/setup.h' -> '/usr/include/asm/setup.h'
'dest/include/asm/types.h' -> '/usr/include/asm/types.h'
'dest/include/asm/posix_types.h' -> '/usr/include/asm/posix_types.h'
'dest/include/asm/msgbuf.h' -> '/usr/include/asm/msgbuf.h'
'dest/include/asm/ptrace.h' -> '/usr/include/asm/ptrace.h'
'dest/include/asm/sigcontext.h' -> '/usr/include/asm/sigcontext.h'
'dest/include/asm/unistd_32.h' -> '/usr/include/asm/unistd_32.h'
'dest/include/asm/unistd_64.h' -> '/usr/include/asm/unistd_64.h'
'dest/include/asm/unistd_x32.h' -> '/usr/include/asm/unistd_x32.h'
'dest/include/asm-generic' -> '/usr/include/asm-generic'
'dest/include/asm-generic/sembuf.h' -> '/usr/include/asm-generic/sembuf.h'
'dest/include/asm-generic/fcntl.h' -> '/usr/include/asm-generic/fcntl.h'
'dest/include/asm-generic/errno.h' -> '/usr/include/asm-generic/errno.h'
'dest/include/asm-generic/int-ll64.h' -> '/usr/include/asm-generic/int-ll64.h'
'dest/include/asm-generic/resource.h' -> '/usr/include/asm-generic/resource.h'
'dest/include/asm-generic/termios.h' -> '/usr/include/asm-generic/termios.h'
'dest/include/asm-generic/auxvec.h' -> '/usr/include/asm-generic/auxvec.h'
'dest/include/asm-generic/msgbuf.h' -> '/usr/include/asm-generic/msgbuf.h'
'dest/include/asm-generic/poll.h' -> '/usr/include/asm-generic/poll.h'
'dest/include/asm-generic/socket.h' -> '/usr/include/asm-generic/socket.h'
'dest/include/asm-generic/termbits.h' -> '/usr/include/asm-generic/termbits.h'
'dest/include/asm-generic/ipcbuf.h' -> '/usr/include/asm-generic/ipcbuf.h'
'dest/include/asm-generic/swab.h' -> '/usr/include/asm-generic/swab.h'
'dest/include/asm-generic/sockios.h' -> '/usr/include/asm-generic/sockios.h'
'dest/include/asm-generic/kvm_para.h' -> '/usr/include/asm-generic/kvm_para.h'
'dest/include/asm-generic/signal.h' -> '/usr/include/asm-generic/signal.h'
'dest/include/asm-generic/mman.h' -> '/usr/include/asm-generic/mman.h'
'dest/include/asm-generic/statfs.h' -> '/usr/include/asm-generic/statfs.h'
'dest/include/asm-generic/ucontext.h' -> '/usr/include/asm-generic/ucontext.h'
'dest/include/asm-generic/posix_types.h' -> '/usr/include/asm-generic/posix_types.h'
'dest/include/asm-generic/siginfo.h' -> '/usr/include/asm-generic/siginfo.h'
'dest/include/asm-generic/param.h' -> '/usr/include/asm-generic/param.h'
'dest/include/asm-generic/mman-common.h' -> '/usr/include/asm-generic/mman-common.h'
'dest/include/asm-generic/int-l64.h' -> '/usr/include/asm-generic/int-l64.h'
'dest/include/asm-generic/errno-base.h' -> '/usr/include/asm-generic/errno-base.h'
'dest/include/asm-generic/unistd.h' -> '/usr/include/asm-generic/unistd.h'
'dest/include/asm-generic/bitsperlong.h' -> '/usr/include/asm-generic/bitsperlong.h'
'dest/include/asm-generic/shmparam.h' -> '/usr/include/asm-generic/shmparam.h'
'dest/include/asm-generic/shmbuf.h' -> '/usr/include/asm-generic/shmbuf.h'
'dest/include/asm-generic/ioctl.h' -> '/usr/include/asm-generic/ioctl.h'
'dest/include/asm-generic/ioctls.h' -> '/usr/include/asm-generic/ioctls.h'
'dest/include/asm-generic/stat.h' -> '/usr/include/asm-generic/stat.h'
'dest/include/asm-generic/setup.h' -> '/usr/include/asm-generic/setup.h'
'dest/include/asm-generic/types.h' -> '/usr/include/asm-generic/types.h'
'dest/include/asm-generic/hugetlb_encode.h' -> '/usr/include/asm-generic/hugetlb_encode.h'
'dest/include/asm-generic/signal-defs.h' -> '/usr/include/asm-generic/signal-defs.h'
'dest/include/drm' -> '/usr/include/drm'
'dest/include/drm/i915_drm.h' -> '/usr/include/drm/i915_drm.h'
'dest/include/drm/drm.h' -> '/usr/include/drm/drm.h'
'dest/include/drm/qxl_drm.h' -> '/usr/include/drm/qxl_drm.h'
'dest/include/drm/tegra_drm.h' -> '/usr/include/drm/tegra_drm.h'
'dest/include/drm/drm_sarea.h' -> '/usr/include/drm/drm_sarea.h'
'dest/include/drm/exynos_drm.h' -> '/usr/include/drm/exynos_drm.h'
'dest/include/drm/drm_mode.h' -> '/usr/include/drm/drm_mode.h'
'dest/include/drm/radeon_drm.h' -> '/usr/include/drm/radeon_drm.h'
'dest/include/drm/savage_drm.h' -> '/usr/include/drm/savage_drm.h'
'dest/include/drm/msm_drm.h' -> '/usr/include/drm/msm_drm.h'
'dest/include/drm/vgem_drm.h' -> '/usr/include/drm/vgem_drm.h'
'dest/include/drm/etnaviv_drm.h' -> '/usr/include/drm/etnaviv_drm.h'
'dest/include/drm/vc4_drm.h' -> '/usr/include/drm/vc4_drm.h'
'dest/include/drm/via_drm.h' -> '/usr/include/drm/via_drm.h'
'dest/include/drm/mga_drm.h' -> '/usr/include/drm/mga_drm.h'
'dest/include/drm/nouveau_drm.h' -> '/usr/include/drm/nouveau_drm.h'
'dest/include/drm/sis_drm.h' -> '/usr/include/drm/sis_drm.h'
'dest/include/drm/vmwgfx_drm.h' -> '/usr/include/drm/vmwgfx_drm.h'
'dest/include/drm/omap_drm.h' -> '/usr/include/drm/omap_drm.h'
'dest/include/drm/amdgpu_drm.h' -> '/usr/include/drm/amdgpu_drm.h'
'dest/include/drm/armada_drm.h' -> '/usr/include/drm/armada_drm.h'
'dest/include/drm/drm_fourcc.h' -> '/usr/include/drm/drm_fourcc.h'
'dest/include/drm/virtgpu_drm.h' -> '/usr/include/drm/virtgpu_drm.h'
'dest/include/drm/r128_drm.h' -> '/usr/include/drm/r128_drm.h'
'dest/include/drm/i810_drm.h' -> '/usr/include/drm/i810_drm.h'
'dest/include/linux' -> '/usr/include/linux'
'dest/include/linux/wireless.h' -> '/usr/include/linux/wireless.h'
'dest/include/linux/meye.h' -> '/usr/include/linux/meye.h'
'dest/include/linux/hdlcdrv.h' -> '/usr/include/linux/hdlcdrv.h'
'dest/include/linux/ultrasound.h' -> '/usr/include/linux/ultrasound.h'
'dest/include/linux/reiserfs_fs.h' -> '/usr/include/linux/reiserfs_fs.h'
'dest/include/linux/coresight-stm.h' -> '/usr/include/linux/coresight-stm.h'
'dest/include/linux/if_hippi.h' -> '/usr/include/linux/if_hippi.h'
'dest/include/linux/membarrier.h' -> '/usr/include/linux/membarrier.h'
'dest/include/linux/nfs_fs.h' -> '/usr/include/linux/nfs_fs.h'
'dest/include/linux/timerfd.h' -> '/usr/include/linux/timerfd.h'
'dest/include/linux/tipc.h' -> '/usr/include/linux/tipc.h'
'dest/include/linux/isdnif.h' -> '/usr/include/linux/isdnif.h'
'dest/include/linux/atm_nicstar.h' -> '/usr/include/linux/atm_nicstar.h'
'dest/include/linux/serial.h' -> '/usr/include/linux/serial.h'
'dest/include/linux/posix_types.h' -> '/usr/include/linux/posix_types.h'
'dest/include/linux/fib_rules.h' -> '/usr/include/linux/fib_rules.h'
'dest/include/linux/isdn.h' -> '/usr/include/linux/isdn.h'
'dest/include/linux/capi.h' -> '/usr/include/linux/capi.h'
'dest/include/linux/inet_diag.h' -> '/usr/include/linux/inet_diag.h'
'dest/include/linux/pfkeyv2.h' -> '/usr/include/linux/pfkeyv2.h'
'dest/include/linux/uio.h' -> '/usr/include/linux/uio.h'
'dest/include/linux/sed-opal.h' -> '/usr/include/linux/sed-opal.h'
'dest/include/linux/atmmpc.h' -> '/usr/include/linux/atmmpc.h'
'dest/include/linux/fanotify.h' -> '/usr/include/linux/fanotify.h'
'dest/include/linux/quota.h' -> '/usr/include/linux/quota.h'
'dest/include/linux/kcmp.h' -> '/usr/include/linux/kcmp.h'
'dest/include/linux/personality.h' -> '/usr/include/linux/personality.h'
'dest/include/linux/sysinfo.h' -> '/usr/include/linux/sysinfo.h'
'dest/include/linux/atm_eni.h' -> '/usr/include/linux/atm_eni.h'
'dest/include/linux/blktrace_api.h' -> '/usr/include/linux/blktrace_api.h'
'dest/include/linux/ipv6.h' -> '/usr/include/linux/ipv6.h'
'dest/include/linux/atmsvc.h' -> '/usr/include/linux/atmsvc.h'
'dest/include/linux/phonet.h' -> '/usr/include/linux/phonet.h'
'dest/include/linux/nfs_mount.h' -> '/usr/include/linux/nfs_mount.h'
'dest/include/linux/ptp_clock.h' -> '/usr/include/linux/ptp_clock.h'
'dest/include/linux/atmclip.h' -> '/usr/include/linux/atmclip.h'
'dest/include/linux/hdlc.h' -> '/usr/include/linux/hdlc.h'
'dest/include/linux/usbip.h' -> '/usr/include/linux/usbip.h'
'dest/include/linux/ixjuser.h' -> '/usr/include/linux/ixjuser.h'
'dest/include/linux/gsmmux.h' -> '/usr/include/linux/gsmmux.h'
'dest/include/linux/irqnr.h' -> '/usr/include/linux/irqnr.h'
'dest/include/linux/socket.h' -> '/usr/include/linux/socket.h'
'dest/include/linux/virtio_ring.h' -> '/usr/include/linux/virtio_ring.h'
'dest/include/linux/elf.h' -> '/usr/include/linux/elf.h'
'dest/include/linux/fadvise.h' -> '/usr/include/linux/fadvise.h'
'dest/include/linux/adb.h' -> '/usr/include/linux/adb.h'
'dest/include/linux/affs_hardblocks.h' -> '/usr/include/linux/affs_hardblocks.h'
'dest/include/linux/map_to_7segment.h' -> '/usr/include/linux/map_to_7segment.h'
'dest/include/linux/pr.h' -> '/usr/include/linux/pr.h'
'dest/include/linux/aspeed-lpc-ctrl.h' -> '/usr/include/linux/aspeed-lpc-ctrl.h'
'dest/include/linux/nl80211.h' -> '/usr/include/linux/nl80211.h'
'dest/include/linux/ivtvfb.h' -> '/usr/include/linux/ivtvfb.h'
'dest/include/linux/net.h' -> '/usr/include/linux/net.h'
'dest/include/linux/firewire-cdev.h' -> '/usr/include/linux/firewire-cdev.h'
'dest/include/linux/lwtunnel.h' -> '/usr/include/linux/lwtunnel.h'
'dest/include/linux/netfilter_ipv4.h' -> '/usr/include/linux/netfilter_ipv4.h'
'dest/include/linux/ioctl.h' -> '/usr/include/linux/ioctl.h'
'dest/include/linux/kfd_ioctl.h' -> '/usr/include/linux/kfd_ioctl.h'
'dest/include/linux/if_slip.h' -> '/usr/include/linux/if_slip.h'
'dest/include/linux/time.h' -> '/usr/include/linux/time.h'
'dest/include/linux/mroute.h' -> '/usr/include/linux/mroute.h'
'dest/include/linux/if_bonding.h' -> '/usr/include/linux/if_bonding.h'
'dest/include/linux/if_phonet.h' -> '/usr/include/linux/if_phonet.h'
'dest/include/linux/videodev2.h' -> '/usr/include/linux/videodev2.h'
'dest/include/linux/sockios.h' -> '/usr/include/linux/sockios.h'
'dest/include/linux/unistd.h' -> '/usr/include/linux/unistd.h'
'dest/include/linux/virtio_9p.h' -> '/usr/include/linux/virtio_9p.h'
'dest/include/linux/qnxtypes.h' -> '/usr/include/linux/qnxtypes.h'
'dest/include/linux/tee.h' -> '/usr/include/linux/tee.h'
'dest/include/linux/l2tp.h' -> '/usr/include/linux/l2tp.h'
'dest/include/linux/rtc.h' -> '/usr/include/linux/rtc.h'
'dest/include/linux/kcov.h' -> '/usr/include/linux/kcov.h'
'dest/include/linux/pmu.h' -> '/usr/include/linux/pmu.h'
'dest/include/linux/ipv6_route.h' -> '/usr/include/linux/ipv6_route.h'
'dest/include/linux/baycom.h' -> '/usr/include/linux/baycom.h'
'dest/include/linux/taskstats.h' -> '/usr/include/linux/taskstats.h'
'dest/include/linux/dma-buf.h' -> '/usr/include/linux/dma-buf.h'
'dest/include/linux/bcache.h' -> '/usr/include/linux/bcache.h'
'dest/include/linux/if_plip.h' -> '/usr/include/linux/if_plip.h'
'dest/include/linux/hpet.h' -> '/usr/include/linux/hpet.h'
'dest/include/linux/ppp_defs.h' -> '/usr/include/linux/ppp_defs.h'
'dest/include/linux/virtio_balloon.h' -> '/usr/include/linux/virtio_balloon.h'
'dest/include/linux/serial_reg.h' -> '/usr/include/linux/serial_reg.h'
'dest/include/linux/ife.h' -> '/usr/include/linux/ife.h'
'dest/include/linux/cycx_cfm.h' -> '/usr/include/linux/cycx_cfm.h'
'dest/include/linux/cyclades.h' -> '/usr/include/linux/cyclades.h'
'dest/include/linux/atm_zatm.h' -> '/usr/include/linux/atm_zatm.h'
'dest/include/linux/atalk.h' -> '/usr/include/linux/atalk.h'
'dest/include/linux/sonet.h' -> '/usr/include/linux/sonet.h'
'dest/include/linux/pci_regs.h' -> '/usr/include/linux/pci_regs.h'
'dest/include/linux/kernel-page-flags.h' -> '/usr/include/linux/kernel-page-flags.h'
'dest/include/linux/uleds.h' -> '/usr/include/linux/uleds.h'
'dest/include/linux/sound.h' -> '/usr/include/linux/sound.h'
'dest/include/linux/if_eql.h' -> '/usr/include/linux/if_eql.h'
'dest/include/linux/flat.h' -> '/usr/include/linux/flat.h'
'dest/include/linux/kcm.h' -> '/usr/include/linux/kcm.h'
'dest/include/linux/sem.h' -> '/usr/include/linux/sem.h'
'dest/include/linux/gtp.h' -> '/usr/include/linux/gtp.h'
'dest/include/linux/tipc_config.h' -> '/usr/include/linux/tipc_config.h'
'dest/include/linux/atm.h' -> '/usr/include/linux/atm.h'
'dest/include/linux/auxvec.h' -> '/usr/include/linux/auxvec.h'
'dest/include/linux/packet_diag.h' -> '/usr/include/linux/packet_diag.h'
'dest/include/linux/toshiba.h' -> '/usr/include/linux/toshiba.h'
'dest/include/linux/if_vlan.h' -> '/usr/include/linux/if_vlan.h'
'dest/include/linux/msdos_fs.h' -> '/usr/include/linux/msdos_fs.h'
'dest/include/linux/filter.h' -> '/usr/include/linux/filter.h'
'dest/include/linux/omapfb.h' -> '/usr/include/linux/omapfb.h'
'dest/include/linux/v4l2-subdev.h' -> '/usr/include/linux/v4l2-subdev.h'
'dest/include/linux/mdio.h' -> '/usr/include/linux/mdio.h'
'dest/include/linux/sched.h' -> '/usr/include/linux/sched.h'
'dest/include/linux/auto_dev-ioctl.h' -> '/usr/include/linux/auto_dev-ioctl.h'
'dest/include/linux/keyboard.h' -> '/usr/include/linux/keyboard.h'
'dest/include/linux/scc.h' -> '/usr/include/linux/scc.h'
'dest/include/linux/virtio_mmio.h' -> '/usr/include/linux/virtio_mmio.h'
'dest/include/linux/ncp_fs.h' -> '/usr/include/linux/ncp_fs.h'
'dest/include/linux/if_macsec.h' -> '/usr/include/linux/if_macsec.h'
'dest/include/linux/kvm.h' -> '/usr/include/linux/kvm.h'
'dest/include/linux/atmsap.h' -> '/usr/include/linux/atmsap.h'
'dest/include/linux/nfc.h' -> '/usr/include/linux/nfc.h'
'dest/include/linux/ncp_no.h' -> '/usr/include/linux/ncp_no.h'
'dest/include/linux/sock_diag.h' -> '/usr/include/linux/sock_diag.h'
'dest/include/linux/cgroupstats.h' -> '/usr/include/linux/cgroupstats.h'
'dest/include/linux/atmlec.h' -> '/usr/include/linux/atmlec.h'
'dest/include/linux/nfs.h' -> '/usr/include/linux/nfs.h'
'dest/include/linux/gigaset_dev.h' -> '/usr/include/linux/gigaset_dev.h'
'dest/include/linux/ppp-comp.h' -> '/usr/include/linux/ppp-comp.h'
'dest/include/linux/qrtr.h' -> '/usr/include/linux/qrtr.h'
'dest/include/linux/virtio_console.h' -> '/usr/include/linux/virtio_console.h'
'dest/include/linux/ipmi_msgdefs.h' -> '/usr/include/linux/ipmi_msgdefs.h'
'dest/include/linux/if_tun.h' -> '/usr/include/linux/if_tun.h'
'dest/include/linux/vm_sockets.h' -> '/usr/include/linux/vm_sockets.h'
'dest/include/linux/un.h' -> '/usr/include/linux/un.h'
'dest/include/linux/virtio_gpu.h' -> '/usr/include/linux/virtio_gpu.h'
'dest/include/linux/smc_diag.h' -> '/usr/include/linux/smc_diag.h'
'dest/include/linux/mroute6.h' -> '/usr/include/linux/mroute6.h'
'dest/include/linux/virtio_pci.h' -> '/usr/include/linux/virtio_pci.h'
'dest/include/linux/magic.h' -> '/usr/include/linux/magic.h'
'dest/include/linux/firewire-constants.h' -> '/usr/include/linux/firewire-constants.h'
'dest/include/linux/timex.h' -> '/usr/include/linux/timex.h'
'dest/include/linux/nfsacl.h' -> '/usr/include/linux/nfsacl.h'
'dest/include/linux/dccp.h' -> '/usr/include/linux/dccp.h'
'dest/include/linux/atm_he.h' -> '/usr/include/linux/atm_he.h'
'dest/include/linux/ip6_tunnel.h' -> '/usr/include/linux/ip6_tunnel.h'
'dest/include/linux/netfilter_arp.h' -> '/usr/include/linux/netfilter_arp.h'
'dest/include/linux/if.h' -> '/usr/include/linux/if.h'
'dest/include/linux/major.h' -> '/usr/include/linux/major.h'
'dest/include/linux/minix_fs.h' -> '/usr/include/linux/minix_fs.h'
'dest/include/linux/if_ether.h' -> '/usr/include/linux/if_ether.h'
'dest/include/linux/uuid.h' -> '/usr/include/linux/uuid.h'
'dest/include/linux/hiddev.h' -> '/usr/include/linux/hiddev.h'
'dest/include/linux/errno.h' -> '/usr/include/linux/errno.h'
'dest/include/linux/if_frad.h' -> '/usr/include/linux/if_frad.h'
'dest/include/linux/limits.h' -> '/usr/include/linux/limits.h'
'dest/include/linux/v4l2-controls.h' -> '/usr/include/linux/v4l2-controls.h'
'dest/include/linux/if_tunnel.h' -> '/usr/include/linux/if_tunnel.h'
'dest/include/linux/cryptouser.h' -> '/usr/include/linux/cryptouser.h'
'dest/include/linux/rfkill.h' -> '/usr/include/linux/rfkill.h'
'dest/include/linux/if_pppox.h' -> '/usr/include/linux/if_pppox.h'
'dest/include/linux/if_addrlabel.h' -> '/usr/include/linux/if_addrlabel.h'
'dest/include/linux/v4l2-common.h' -> '/usr/include/linux/v4l2-common.h'
'dest/include/linux/hash_info.h' -> '/usr/include/linux/hash_info.h'
'dest/include/linux/omap3isp.h' -> '/usr/include/linux/omap3isp.h'
'dest/include/linux/stddef.h' -> '/usr/include/linux/stddef.h'
'dest/include/linux/net_namespace.h' -> '/usr/include/linux/net_namespace.h'
'dest/include/linux/ipmi.h' -> '/usr/include/linux/ipmi.h'
'dest/include/linux/kvm_para.h' -> '/usr/include/linux/kvm_para.h'
'dest/include/linux/suspend_ioctls.h' -> '/usr/include/linux/suspend_ioctls.h'
'dest/include/linux/fd.h' -> '/usr/include/linux/fd.h'
'dest/include/linux/audit.h' -> '/usr/include/linux/audit.h'
'dest/include/linux/xattr.h' -> '/usr/include/linux/xattr.h'
'dest/include/linux/fiemap.h' -> '/usr/include/linux/fiemap.h'
'dest/include/linux/agpgart.h' -> '/usr/include/linux/agpgart.h'
'dest/include/linux/nilfs2_api.h' -> '/usr/include/linux/nilfs2_api.h'
'dest/include/linux/in.h' -> '/usr/include/linux/in.h'
'dest/include/linux/seg6_local.h' -> '/usr/include/linux/seg6_local.h'
'dest/include/linux/openvswitch.h' -> '/usr/include/linux/openvswitch.h'
'dest/include/linux/ppdev.h' -> '/usr/include/linux/ppdev.h'
'dest/include/linux/netfilter_decnet.h' -> '/usr/include/linux/netfilter_decnet.h'
'dest/include/linux/nfs3.h' -> '/usr/include/linux/nfs3.h'
'dest/include/linux/atmioc.h' -> '/usr/include/linux/atmioc.h'
'dest/include/linux/btrfs_tree.h' -> '/usr/include/linux/btrfs_tree.h'
'dest/include/linux/input-event-codes.h' -> '/usr/include/linux/input-event-codes.h'
'dest/include/linux/nvram.h' -> '/usr/include/linux/nvram.h'
'dest/include/linux/iso_fs.h' -> '/usr/include/linux/iso_fs.h'
'dest/include/linux/if_packet.h' -> '/usr/include/linux/if_packet.h'
'dest/include/linux/scif_ioctl.h' -> '/usr/include/linux/scif_ioctl.h'
'dest/include/linux/i2o-dev.h' -> '/usr/include/linux/i2o-dev.h'
'dest/include/linux/hidraw.h' -> '/usr/include/linux/hidraw.h'
'dest/include/linux/memfd.h' -> '/usr/include/linux/memfd.h'
'dest/include/linux/elfcore.h' -> '/usr/include/linux/elfcore.h'
'dest/include/linux/stat.h' -> '/usr/include/linux/stat.h'
'dest/include/linux/capability.h' -> '/usr/include/linux/capability.h'
'dest/include/linux/vfio_ccw.h' -> '/usr/include/linux/vfio_ccw.h'
'dest/include/linux/udf_fs_i.h' -> '/usr/include/linux/udf_fs_i.h'
'dest/include/linux/netlink.h' -> '/usr/include/linux/netlink.h'
'dest/include/linux/adfs_fs.h' -> '/usr/include/linux/adfs_fs.h'
'dest/include/linux/rio_mport_cdev.h' -> '/usr/include/linux/rio_mport_cdev.h'
'dest/include/linux/kernelcapi.h' -> '/usr/include/linux/kernelcapi.h'
'dest/include/linux/sync_file.h' -> '/usr/include/linux/sync_file.h'
'dest/include/linux/oom.h' -> '/usr/include/linux/oom.h'
'dest/include/linux/icmpv6.h' -> '/usr/include/linux/icmpv6.h'
'dest/include/linux/lirc.h' -> '/usr/include/linux/lirc.h'
'dest/include/linux/if_fc.h' -> '/usr/include/linux/if_fc.h'
'dest/include/linux/target_core_user.h' -> '/usr/include/linux/target_core_user.h'
'dest/include/linux/in_route.h' -> '/usr/include/linux/in_route.h'
'dest/include/linux/unix_diag.h' -> '/usr/include/linux/unix_diag.h'
'dest/include/linux/pkt_cls.h' -> '/usr/include/linux/pkt_cls.h'
'dest/include/linux/virtio_types.h' -> '/usr/include/linux/virtio_types.h'
'dest/include/linux/ax25.h' -> '/usr/include/linux/ax25.h'
'dest/include/linux/hsr_netlink.h' -> '/usr/include/linux/hsr_netlink.h'
'dest/include/linux/futex.h' -> '/usr/include/linux/futex.h'
'dest/include/linux/psci.h' -> '/usr/include/linux/psci.h'
'dest/include/linux/dn.h' -> '/usr/include/linux/dn.h'
'dest/include/linux/virtio_rng.h' -> '/usr/include/linux/virtio_rng.h'
'dest/include/linux/atmbr2684.h' -> '/usr/include/linux/atmbr2684.h'
'dest/include/linux/veth.h' -> '/usr/include/linux/veth.h'
'dest/include/linux/sctp.h' -> '/usr/include/linux/sctp.h'
'dest/include/linux/atmdev.h' -> '/usr/include/linux/atmdev.h'
'dest/include/linux/seccomp.h' -> '/usr/include/linux/seccomp.h'
'dest/include/linux/resource.h' -> '/usr/include/linux/resource.h'
'dest/include/linux/netlink_diag.h' -> '/usr/include/linux/netlink_diag.h'
'dest/include/linux/chio.h' -> '/usr/include/linux/chio.h'
'dest/include/linux/if_infiniband.h' -> '/usr/include/linux/if_infiniband.h'
'dest/include/linux/dm-log-userspace.h' -> '/usr/include/linux/dm-log-userspace.h'
'dest/include/linux/nvme_ioctl.h' -> '/usr/include/linux/nvme_ioctl.h'
'dest/include/linux/i8k.h' -> '/usr/include/linux/i8k.h'
'dest/include/linux/atm_idt77105.h' -> '/usr/include/linux/atm_idt77105.h'
'dest/include/linux/if_alg.h' -> '/usr/include/linux/if_alg.h'
'dest/include/linux/jffs2.h' -> '/usr/include/linux/jffs2.h'
'dest/include/linux/uhid.h' -> '/usr/include/linux/uhid.h'
'dest/include/linux/ppp-ioctl.h' -> '/usr/include/linux/ppp-ioctl.h'
'dest/include/linux/if_x25.h' -> '/usr/include/linux/if_x25.h'
'dest/include/linux/if_arp.h' -> '/usr/include/linux/if_arp.h'
'dest/include/linux/vtpm_proxy.h' -> '/usr/include/linux/vtpm_proxy.h'
'dest/include/linux/utime.h' -> '/usr/include/linux/utime.h'
'dest/include/linux/times.h' -> '/usr/include/linux/times.h'
'dest/include/linux/igmp.h' -> '/usr/include/linux/igmp.h'
'dest/include/linux/pcitest.h' -> '/usr/include/linux/pcitest.h'
'dest/include/linux/psample.h' -> '/usr/include/linux/psample.h'
'dest/include/linux/gfs2_ondisk.h' -> '/usr/include/linux/gfs2_ondisk.h'
'dest/include/linux/mei.h' -> '/usr/include/linux/mei.h'
'dest/include/linux/pktcdvd.h' -> '/usr/include/linux/pktcdvd.h'
'dest/include/linux/if_addr.h' -> '/usr/include/linux/if_addr.h'
'dest/include/linux/sysctl.h' -> '/usr/include/linux/sysctl.h'
'dest/include/linux/mman.h' -> '/usr/include/linux/mman.h'
'dest/include/linux/ila.h' -> '/usr/include/linux/ila.h'
'dest/include/linux/gen_stats.h' -> '/usr/include/linux/gen_stats.h'
'dest/include/linux/lightnvm.h' -> '/usr/include/linux/lightnvm.h'
'dest/include/linux/connector.h' -> '/usr/include/linux/connector.h'
'dest/include/linux/virtio_net.h' -> '/usr/include/linux/virtio_net.h'
'dest/include/linux/ethtool.h' -> '/usr/include/linux/ethtool.h'
'dest/include/linux/nfs4.h' -> '/usr/include/linux/nfs4.h'
'dest/include/linux/netfilter_ipv6.h' -> '/usr/include/linux/netfilter_ipv6.h'
'dest/include/linux/bcm933xx_hcs.h' -> '/usr/include/linux/bcm933xx_hcs.h'
'dest/include/linux/mmtimer.h' -> '/usr/include/linux/mmtimer.h'
'dest/include/linux/can.h' -> '/usr/include/linux/can.h'
'dest/include/linux/if_ltalk.h' -> '/usr/include/linux/if_ltalk.h'
'dest/include/linux/b1lli.h' -> '/usr/include/linux/b1lli.h'
'dest/include/linux/if_pppol2tp.h' -> '/usr/include/linux/if_pppol2tp.h'
'dest/include/linux/media.h' -> '/usr/include/linux/media.h'
'dest/include/linux/virtio_crypto.h' -> '/usr/include/linux/virtio_crypto.h'
'dest/include/linux/uvcvideo.h' -> '/usr/include/linux/uvcvideo.h'
'dest/include/linux/devlink.h' -> '/usr/include/linux/devlink.h'
'dest/include/linux/signalfd.h' -> '/usr/include/linux/signalfd.h'
'dest/include/linux/netdevice.h' -> '/usr/include/linux/netdevice.h'
'dest/include/linux/seg6_genl.h' -> '/usr/include/linux/seg6_genl.h'
'dest/include/linux/net_tstamp.h' -> '/usr/include/linux/net_tstamp.h'
'dest/include/linux/kernel.h' -> '/usr/include/linux/kernel.h'
'dest/include/linux/atmarp.h' -> '/usr/include/linux/atmarp.h'
'dest/include/linux/fdreg.h' -> '/usr/include/linux/fdreg.h'
'dest/include/linux/nbd-netlink.h' -> '/usr/include/linux/nbd-netlink.h'
'dest/include/linux/dcbnl.h' -> '/usr/include/linux/dcbnl.h'
'dest/include/linux/vhost.h' -> '/usr/include/linux/vhost.h'
'dest/include/linux/vfio.h' -> '/usr/include/linux/vfio.h'
'dest/include/linux/elf-em.h' -> '/usr/include/linux/elf-em.h'
'dest/include/linux/btrfs.h' -> '/usr/include/linux/btrfs.h'
'dest/include/linux/neighbour.h' -> '/usr/include/linux/neighbour.h'
'dest/include/linux/ncp_mount.h' -> '/usr/include/linux/ncp_mount.h'
'dest/include/linux/posix_acl.h' -> '/usr/include/linux/posix_acl.h'
'dest/include/linux/edd.h' -> '/usr/include/linux/edd.h'
'dest/include/linux/bt-bmc.h' -> '/usr/include/linux/bt-bmc.h'
'dest/include/linux/hyperv.h' -> '/usr/include/linux/hyperv.h'
'dest/include/linux/radeonfb.h' -> '/usr/include/linux/radeonfb.h'
'dest/include/linux/kexec.h' -> '/usr/include/linux/kexec.h'
'dest/include/linux/coda_psdev.h' -> '/usr/include/linux/coda_psdev.h'
'dest/include/linux/mii.h' -> '/usr/include/linux/mii.h'
'dest/include/linux/virtio_input.h' -> '/usr/include/linux/virtio_input.h'
'dest/include/linux/switchtec_ioctl.h' -> '/usr/include/linux/switchtec_ioctl.h'
'dest/include/linux/rtnetlink.h' -> '/usr/include/linux/rtnetlink.h'
'dest/include/linux/nfs2.h' -> '/usr/include/linux/nfs2.h'
'dest/include/linux/nfs_idmap.h' -> '/usr/include/linux/nfs_idmap.h'
'dest/include/linux/sonypi.h' -> '/usr/include/linux/sonypi.h'
'dest/include/linux/cuda.h' -> '/usr/include/linux/cuda.h'
'dest/include/linux/nfs4_mount.h' -> '/usr/include/linux/nfs4_mount.h'
'dest/include/linux/virtio_ids.h' -> '/usr/include/linux/virtio_ids.h'
'dest/include/linux/if_cablemodem.h' -> '/usr/include/linux/if_cablemodem.h'
'dest/include/linux/qnx4_fs.h' -> '/usr/include/linux/qnx4_fs.h'
'dest/include/linux/loop.h' -> '/usr/include/linux/loop.h'
'dest/include/linux/errqueue.h' -> '/usr/include/linux/errqueue.h'
'dest/include/linux/snmp.h' -> '/usr/include/linux/snmp.h'
'dest/include/linux/virtio_scsi.h' -> '/usr/include/linux/virtio_scsi.h'
'dest/include/linux/blkpg.h' -> '/usr/include/linux/blkpg.h'
'dest/include/linux/ip.h' -> '/usr/include/linux/ip.h'
'dest/include/linux/gpio.h' -> '/usr/include/linux/gpio.h'
'dest/include/linux/telephony.h' -> '/usr/include/linux/telephony.h'
'dest/include/linux/bpf.h' -> '/usr/include/linux/bpf.h'
'dest/include/linux/isdn_divertif.h' -> '/usr/include/linux/isdn_divertif.h'
'dest/include/linux/netfilter_bridge.h' -> '/usr/include/linux/netfilter_bridge.h'
'dest/include/linux/vt.h' -> '/usr/include/linux/vt.h'
'dest/include/linux/n_r3964.h' -> '/usr/include/linux/n_r3964.h'
'dest/include/linux/acct.h' -> '/usr/include/linux/acct.h'
'dest/include/linux/nubus.h' -> '/usr/include/linux/nubus.h'
'dest/include/linux/elf-fdpic.h' -> '/usr/include/linux/elf-fdpic.h'
'dest/include/linux/seg6_iptunnel.h' -> '/usr/include/linux/seg6_iptunnel.h'
'dest/include/linux/fb.h' -> '/usr/include/linux/fb.h'
'dest/include/linux/bpqether.h' -> '/usr/include/linux/bpqether.h'
'dest/include/linux/falloc.h' -> '/usr/include/linux/falloc.h'
'dest/include/linux/aio_abi.h' -> '/usr/include/linux/aio_abi.h'
'dest/include/linux/joystick.h' -> '/usr/include/linux/joystick.h'
'dest/include/linux/genetlink.h' -> '/usr/include/linux/genetlink.h'
'dest/include/linux/fs.h' -> '/usr/include/linux/fs.h'
'dest/include/linux/reiserfs_xattr.h' -> '/usr/include/linux/reiserfs_xattr.h'
'dest/include/linux/mic_common.h' -> '/usr/include/linux/mic_common.h'
'dest/include/linux/ndctl.h' -> '/usr/include/linux/ndctl.h'
'dest/include/linux/inotify.h' -> '/usr/include/linux/inotify.h'
'dest/include/linux/perf_event.h' -> '/usr/include/linux/perf_event.h'
'dest/include/linux/msg.h' -> '/usr/include/linux/msg.h'
'dest/include/linux/efs_fs_sb.h' -> '/usr/include/linux/efs_fs_sb.h'
'dest/include/linux/tcp_metrics.h' -> '/usr/include/linux/tcp_metrics.h'
'dest/include/linux/if_arcnet.h' -> '/usr/include/linux/if_arcnet.h'
'dest/include/linux/x25.h' -> '/usr/include/linux/x25.h'
'dest/include/linux/cec-funcs.h' -> '/usr/include/linux/cec-funcs.h'
'dest/include/linux/selinux_netlink.h' -> '/usr/include/linux/selinux_netlink.h'
'dest/include/linux/const.h' -> '/usr/include/linux/const.h'
'dest/include/linux/blkzoned.h' -> '/usr/include/linux/blkzoned.h'
'dest/include/linux/ptrace.h' -> '/usr/include/linux/ptrace.h'
'dest/include/linux/seg6.h' -> '/usr/include/linux/seg6.h'
'dest/include/linux/sdla.h' -> '/usr/include/linux/sdla.h'
'dest/include/linux/binfmts.h' -> '/usr/include/linux/binfmts.h'
'dest/include/linux/tcp.h' -> '/usr/include/linux/tcp.h'
'dest/include/linux/pg.h' -> '/usr/include/linux/pg.h'
'dest/include/linux/net_dropmon.h' -> '/usr/include/linux/net_dropmon.h'
'dest/include/linux/zorro_ids.h' -> '/usr/include/linux/zorro_ids.h'
'dest/include/linux/tipc_netlink.h' -> '/usr/include/linux/tipc_netlink.h'
'dest/include/linux/hdreg.h' -> '/usr/include/linux/hdreg.h'
'dest/include/linux/serio.h' -> '/usr/include/linux/serio.h'
'dest/include/linux/swab.h' -> '/usr/include/linux/swab.h'
'dest/include/linux/pps.h' -> '/usr/include/linux/pps.h'
'dest/include/linux/irda.h' -> '/usr/include/linux/irda.h'
'dest/include/linux/usbdevice_fs.h' -> '/usr/include/linux/usbdevice_fs.h'
'dest/include/linux/wanrouter.h' -> '/usr/include/linux/wanrouter.h'
'dest/include/linux/ipc.h' -> '/usr/include/linux/ipc.h'
'dest/include/linux/v4l2-dv-timings.h' -> '/usr/include/linux/v4l2-dv-timings.h'
'dest/include/linux/netfilter.h' -> '/usr/include/linux/netfilter.h'
'dest/include/linux/if_fddi.h' -> '/usr/include/linux/if_fddi.h'
'dest/include/linux/wimax.h' -> '/usr/include/linux/wimax.h'
'dest/include/linux/ip_vs.h' -> '/usr/include/linux/ip_vs.h'
'dest/include/linux/nbd.h' -> '/usr/include/linux/nbd.h'
'dest/include/linux/dlm_plock.h' -> '/usr/include/linux/dlm_plock.h'
'dest/include/linux/ncp.h' -> '/usr/include/linux/ncp.h'
'dest/include/linux/rxrpc.h' -> '/usr/include/linux/rxrpc.h'
'dest/include/linux/cramfs_fs.h' -> '/usr/include/linux/cramfs_fs.h'
'dest/include/linux/mpls.h' -> '/usr/include/linux/mpls.h'
'dest/include/linux/fsmap.h' -> '/usr/include/linux/fsmap.h'
'dest/include/linux/xilinx-v4l2-controls.h' -> '/usr/include/linux/xilinx-v4l2-controls.h'
'dest/include/linux/phantom.h' -> '/usr/include/linux/phantom.h'
'dest/include/linux/coff.h' -> '/usr/include/linux/coff.h'
'dest/include/linux/i2c-dev.h' -> '/usr/include/linux/i2c-dev.h'
'dest/include/linux/fsl_hypervisor.h' -> '/usr/include/linux/fsl_hypervisor.h'
'dest/include/linux/cdrom.h' -> '/usr/include/linux/cdrom.h'
'dest/include/linux/uinput.h' -> '/usr/include/linux/uinput.h'
'dest/include/linux/virtio_config.h' -> '/usr/include/linux/virtio_config.h'
'dest/include/linux/serial_core.h' -> '/usr/include/linux/serial_core.h'
'dest/include/linux/coda.h' -> '/usr/include/linux/coda.h'
'dest/include/linux/isdn_ppp.h' -> '/usr/include/linux/isdn_ppp.h'
'dest/include/linux/icmp.h' -> '/usr/include/linux/icmp.h'
'dest/include/linux/udp.h' -> '/usr/include/linux/udp.h'
'dest/include/linux/parport.h' -> '/usr/include/linux/parport.h'
'dest/include/linux/route.h' -> '/usr/include/linux/route.h'
'dest/include/linux/gameport.h' -> '/usr/include/linux/gameport.h'
'dest/include/linux/mic_ioctl.h' -> '/usr/include/linux/mic_ioctl.h'
'dest/include/linux/virtio_vsock.h' -> '/usr/include/linux/virtio_vsock.h'
'dest/include/linux/nilfs2_ondisk.h' -> '/usr/include/linux/nilfs2_ondisk.h'
'dest/include/linux/dm-ioctl.h' -> '/usr/include/linux/dm-ioctl.h'
'dest/include/linux/netrom.h' -> '/usr/include/linux/netrom.h'
'dest/include/linux/smiapp.h' -> '/usr/include/linux/smiapp.h'
'dest/include/linux/cciss_ioctl.h' -> '/usr/include/linux/cciss_ioctl.h'
'dest/include/linux/reboot.h' -> '/usr/include/linux/reboot.h'
'dest/include/linux/watchdog.h' -> '/usr/include/linux/watchdog.h'
'dest/include/linux/userio.h' -> '/usr/include/linux/userio.h'
'dest/include/linux/pkt_sched.h' -> '/usr/include/linux/pkt_sched.h'
'dest/include/linux/xfrm.h' -> '/usr/include/linux/xfrm.h'
'dest/include/linux/dlm.h' -> '/usr/include/linux/dlm.h'
'dest/include/linux/bpf_perf_event.h' -> '/usr/include/linux/bpf_perf_event.h'
'dest/include/linux/if_bridge.h' -> '/usr/include/linux/if_bridge.h'
'dest/include/linux/tty_flags.h' -> '/usr/include/linux/tty_flags.h'
'dest/include/linux/mqueue.h' -> '/usr/include/linux/mqueue.h'
'dest/include/linux/cec.h' -> '/usr/include/linux/cec.h'
'dest/include/linux/hid.h' -> '/usr/include/linux/hid.h'
'dest/include/linux/kd.h' -> '/usr/include/linux/kd.h'
'dest/include/linux/zorro.h' -> '/usr/include/linux/zorro.h'
'dest/include/linux/prctl.h' -> '/usr/include/linux/prctl.h'
'dest/include/linux/if_ppp.h' -> '/usr/include/linux/if_ppp.h'
'dest/include/linux/max2175.h' -> '/usr/include/linux/max2175.h'
'dest/include/linux/batman_adv.h' -> '/usr/include/linux/batman_adv.h'
'dest/include/linux/if_team.h' -> '/usr/include/linux/if_team.h'
'dest/include/linux/tiocl.h' -> '/usr/include/linux/tiocl.h'
'dest/include/linux/bsg.h' -> '/usr/include/linux/bsg.h'
'dest/include/linux/arcfb.h' -> '/usr/include/linux/arcfb.h'
'dest/include/linux/smc.h' -> '/usr/include/linux/smc.h'
'dest/include/linux/fuse.h' -> '/usr/include/linux/fuse.h'
'dest/include/linux/a.out.h' -> '/usr/include/linux/a.out.h'
'dest/include/linux/llc.h' -> '/usr/include/linux/llc.h'
'dest/include/linux/mtio.h' -> '/usr/include/linux/mtio.h'
'dest/include/linux/atmppp.h' -> '/usr/include/linux/atmppp.h'
'dest/include/linux/signal.h' -> '/usr/include/linux/signal.h'
'dest/include/linux/bpf_common.h' -> '/usr/include/linux/bpf_common.h'
'dest/include/linux/hw_breakpoint.h' -> '/usr/include/linux/hw_breakpoint.h'
'dest/include/linux/dlm_device.h' -> '/usr/include/linux/dlm_device.h'
'dest/include/linux/ivtv.h' -> '/usr/include/linux/ivtv.h'
'dest/include/linux/patchkey.h' -> '/usr/include/linux/patchkey.h'
'dest/include/linux/mempolicy.h' -> '/usr/include/linux/mempolicy.h'
'dest/include/linux/eventpoll.h' -> '/usr/include/linux/eventpoll.h'
'dest/include/linux/input.h' -> '/usr/include/linux/input.h'
'dest/include/linux/matroxfb.h' -> '/usr/include/linux/matroxfb.h'
'dest/include/linux/if_link.h' -> '/usr/include/linux/if_link.h'
'dest/include/linux/fou.h' -> '/usr/include/linux/fou.h'
'dest/include/linux/cciss_defs.h' -> '/usr/include/linux/cciss_defs.h'
'dest/include/linux/atmapi.h' -> '/usr/include/linux/atmapi.h'
'dest/include/linux/param.h' -> '/usr/include/linux/param.h'
'dest/include/linux/ipx.h' -> '/usr/include/linux/ipx.h'
'dest/include/linux/userfaultfd.h' -> '/usr/include/linux/userfaultfd.h'
'dest/include/linux/tls.h' -> '/usr/include/linux/tls.h'
'dest/include/linux/tty.h' -> '/usr/include/linux/tty.h'
'dest/include/linux/dlm_netlink.h' -> '/usr/include/linux/dlm_netlink.h'
'dest/include/linux/v4l2-mediabus.h' -> '/usr/include/linux/v4l2-mediabus.h'
'dest/include/linux/auto_fs.h' -> '/usr/include/linux/auto_fs.h'
'dest/include/linux/random.h' -> '/usr/include/linux/random.h'
'dest/include/linux/hysdn_if.h' -> '/usr/include/linux/hysdn_if.h'
'dest/include/linux/thermal.h' -> '/usr/include/linux/thermal.h'
'dest/include/linux/rose.h' -> '/usr/include/linux/rose.h'
'dest/include/linux/atm_tcp.h' -> '/usr/include/linux/atm_tcp.h'
'dest/include/linux/i2c.h' -> '/usr/include/linux/i2c.h'
'dest/include/linux/netconf.h' -> '/usr/include/linux/netconf.h'
'dest/include/linux/in6.h' -> '/usr/include/linux/in6.h'
'dest/include/linux/dqblk_xfs.h' -> '/usr/include/linux/dqblk_xfs.h'
'dest/include/linux/virtio_blk.h' -> '/usr/include/linux/virtio_blk.h'
'dest/include/linux/vsockmon.h' -> '/usr/include/linux/vsockmon.h'
'dest/include/linux/cn_proc.h' -> '/usr/include/linux/cn_proc.h'
'dest/include/linux/shm.h' -> '/usr/include/linux/shm.h'
'dest/include/linux/auto_fs4.h' -> '/usr/include/linux/auto_fs4.h'
'dest/include/linux/bfs_fs.h' -> '/usr/include/linux/bfs_fs.h'
'dest/include/linux/termios.h' -> '/usr/include/linux/termios.h'
'dest/include/linux/module.h' -> '/usr/include/linux/module.h'
'dest/include/linux/nsfs.h' -> '/usr/include/linux/nsfs.h'
'dest/include/linux/screen_info.h' -> '/usr/include/linux/screen_info.h'
'dest/include/linux/seg6_hmac.h' -> '/usr/include/linux/seg6_hmac.h'
'dest/include/linux/pci.h' -> '/usr/include/linux/pci.h'
'dest/include/linux/wait.h' -> '/usr/include/linux/wait.h'
'dest/include/linux/string.h' -> '/usr/include/linux/string.h'
'dest/include/linux/libc-compat.h' -> '/usr/include/linux/libc-compat.h'
'dest/include/linux/dlmconstants.h' -> '/usr/include/linux/dlmconstants.h'
'dest/include/linux/mpls_iptunnel.h' -> '/usr/include/linux/mpls_iptunnel.h'
'dest/include/linux/cm4000_cs.h' -> '/usr/include/linux/cm4000_cs.h'
'dest/include/linux/ipsec.h' -> '/usr/include/linux/ipsec.h'
'dest/include/linux/synclink.h' -> '/usr/include/linux/synclink.h'
'dest/include/linux/lp.h' -> '/usr/include/linux/lp.h'
'dest/include/linux/rds.h' -> '/usr/include/linux/rds.h'
'dest/include/linux/utsname.h' -> '/usr/include/linux/utsname.h'
'dest/include/linux/am437x-vpfe.h' -> '/usr/include/linux/am437x-vpfe.h'
'dest/include/linux/raw.h' -> '/usr/include/linux/raw.h'
'dest/include/linux/romfs_fs.h' -> '/usr/include/linux/romfs_fs.h'
'dest/include/linux/types.h' -> '/usr/include/linux/types.h'
'dest/include/linux/fcntl.h' -> '/usr/include/linux/fcntl.h'
'dest/include/linux/rpmsg.h' -> '/usr/include/linux/rpmsg.h'
'dest/include/linux/keyctl.h' -> '/usr/include/linux/keyctl.h'
'dest/include/linux/kdev_t.h' -> '/usr/include/linux/kdev_t.h'
'dest/include/linux/rio_cm_cdev.h' -> '/usr/include/linux/rio_cm_cdev.h'
'dest/include/linux/apm_bios.h' -> '/usr/include/linux/apm_bios.h'
'dest/include/linux/securebits.h' -> '/usr/include/linux/securebits.h'
'dest/include/linux/posix_acl_xattr.h' -> '/usr/include/linux/posix_acl_xattr.h'
'dest/include/linux/stm.h' -> '/usr/include/linux/stm.h'
'dest/include/linux/soundcard.h' -> '/usr/include/linux/soundcard.h'
'dest/include/linux/poll.h' -> '/usr/include/linux/poll.h'
'dest/include/linux/media-bus-format.h' -> '/usr/include/linux/media-bus-format.h'
'dest/include/linux/version.h' -> '/usr/include/linux/version.h'
'dest/include/linux/android' -> '/usr/include/linux/android'
'dest/include/linux/android/binder.h' -> '/usr/include/linux/android/binder.h'
'dest/include/linux/byteorder' -> '/usr/include/linux/byteorder'
'dest/include/linux/byteorder/big_endian.h' -> '/usr/include/linux/byteorder/big_endian.h'
'dest/include/linux/byteorder/little_endian.h' -> '/usr/include/linux/byteorder/little_endian.h'
'dest/include/linux/caif' -> '/usr/include/linux/caif'
'dest/include/linux/caif/if_caif.h' -> '/usr/include/linux/caif/if_caif.h'
'dest/include/linux/caif/caif_socket.h' -> '/usr/include/linux/caif/caif_socket.h'
'dest/include/linux/can' -> '/usr/include/linux/can'
'dest/include/linux/can/netlink.h' -> '/usr/include/linux/can/netlink.h'
'dest/include/linux/can/vxcan.h' -> '/usr/include/linux/can/vxcan.h'
'dest/include/linux/can/gw.h' -> '/usr/include/linux/can/gw.h'
'dest/include/linux/can/raw.h' -> '/usr/include/linux/can/raw.h'
'dest/include/linux/can/bcm.h' -> '/usr/include/linux/can/bcm.h'
'dest/include/linux/can/error.h' -> '/usr/include/linux/can/error.h'
'dest/include/linux/cifs' -> '/usr/include/linux/cifs'
'dest/include/linux/cifs/cifs_mount.h' -> '/usr/include/linux/cifs/cifs_mount.h'
'dest/include/linux/dvb' -> '/usr/include/linux/dvb'
'dest/include/linux/dvb/video.h' -> '/usr/include/linux/dvb/video.h'
'dest/include/linux/dvb/dmx.h' -> '/usr/include/linux/dvb/dmx.h'
'dest/include/linux/dvb/audio.h' -> '/usr/include/linux/dvb/audio.h'
'dest/include/linux/dvb/version.h' -> '/usr/include/linux/dvb/version.h'
'dest/include/linux/dvb/ca.h' -> '/usr/include/linux/dvb/ca.h'
'dest/include/linux/dvb/frontend.h' -> '/usr/include/linux/dvb/frontend.h'
'dest/include/linux/dvb/net.h' -> '/usr/include/linux/dvb/net.h'
'dest/include/linux/dvb/osd.h' -> '/usr/include/linux/dvb/osd.h'
'dest/include/linux/genwqe' -> '/usr/include/linux/genwqe'
'dest/include/linux/genwqe/genwqe_card.h' -> '/usr/include/linux/genwqe/genwqe_card.h'
'dest/include/linux/hdlc' -> '/usr/include/linux/hdlc'
'dest/include/linux/hdlc/ioctl.h' -> '/usr/include/linux/hdlc/ioctl.h'
'dest/include/linux/hsi' -> '/usr/include/linux/hsi'
'dest/include/linux/hsi/hsi_char.h' -> '/usr/include/linux/hsi/hsi_char.h'
'dest/include/linux/hsi/cs-protocol.h' -> '/usr/include/linux/hsi/cs-protocol.h'
'dest/include/linux/iio' -> '/usr/include/linux/iio'
'dest/include/linux/iio/events.h' -> '/usr/include/linux/iio/events.h'
'dest/include/linux/iio/types.h' -> '/usr/include/linux/iio/types.h'
'dest/include/linux/isdn' -> '/usr/include/linux/isdn'
'dest/include/linux/isdn/capicmd.h' -> '/usr/include/linux/isdn/capicmd.h'
'dest/include/linux/mmc' -> '/usr/include/linux/mmc'
'dest/include/linux/mmc/ioctl.h' -> '/usr/include/linux/mmc/ioctl.h'
'dest/include/linux/netfilter' -> '/usr/include/linux/netfilter'
'dest/include/linux/netfilter/xt_multiport.h' -> '/usr/include/linux/netfilter/xt_multiport.h'
'dest/include/linux/netfilter/xt_TEE.h' -> '/usr/include/linux/netfilter/xt_TEE.h'
'dest/include/linux/netfilter/x_tables.h' -> '/usr/include/linux/netfilter/x_tables.h'
'dest/include/linux/netfilter/xt_osf.h' -> '/usr/include/linux/netfilter/xt_osf.h'
'dest/include/linux/netfilter/xt_tcpmss.h' -> '/usr/include/linux/netfilter/xt_tcpmss.h'
'dest/include/linux/netfilter/xt_length.h' -> '/usr/include/linux/netfilter/xt_length.h'
'dest/include/linux/netfilter/nf_conntrack_tuple_common.h' -> '/usr/include/linux/netfilter/nf_conntrack_tuple_common.h'
'dest/include/linux/netfilter/xt_CLASSIFY.h' -> '/usr/include/linux/netfilter/xt_CLASSIFY.h'
'dest/include/linux/netfilter/xt_socket.h' -> '/usr/include/linux/netfilter/xt_socket.h'
'dest/include/linux/netfilter/nfnetlink.h' -> '/usr/include/linux/netfilter/nfnetlink.h'
'dest/include/linux/netfilter/xt_iprange.h' -> '/usr/include/linux/netfilter/xt_iprange.h'
'dest/include/linux/netfilter/nf_nat.h' -> '/usr/include/linux/netfilter/nf_nat.h'
'dest/include/linux/netfilter/xt_DSCP.h' -> '/usr/include/linux/netfilter/xt_DSCP.h'
'dest/include/linux/netfilter/xt_cgroup.h' -> '/usr/include/linux/netfilter/xt_cgroup.h'
'dest/include/linux/netfilter/xt_rateest.h' -> '/usr/include/linux/netfilter/xt_rateest.h'
'dest/include/linux/netfilter/xt_RATEEST.h' -> '/usr/include/linux/netfilter/xt_RATEEST.h'
'dest/include/linux/netfilter/nfnetlink_compat.h' -> '/usr/include/linux/netfilter/nfnetlink_compat.h'
'dest/include/linux/netfilter/xt_tcpudp.h' -> '/usr/include/linux/netfilter/xt_tcpudp.h'
'dest/include/linux/netfilter/xt_mac.h' -> '/usr/include/linux/netfilter/xt_mac.h'
'dest/include/linux/netfilter/xt_ipcomp.h' -> '/usr/include/linux/netfilter/xt_ipcomp.h'
'dest/include/linux/netfilter/xt_statistic.h' -> '/usr/include/linux/netfilter/xt_statistic.h'
'dest/include/linux/netfilter/xt_bpf.h' -> '/usr/include/linux/netfilter/xt_bpf.h'
'dest/include/linux/netfilter/xt_comment.h' -> '/usr/include/linux/netfilter/xt_comment.h'
'dest/include/linux/netfilter/xt_cpu.h' -> '/usr/include/linux/netfilter/xt_cpu.h'
'dest/include/linux/netfilter/nf_tables_compat.h' -> '/usr/include/linux/netfilter/nf_tables_compat.h'
'dest/include/linux/netfilter/xt_CHECKSUM.h' -> '/usr/include/linux/netfilter/xt_CHECKSUM.h'
'dest/include/linux/netfilter/xt_conntrack.h' -> '/usr/include/linux/netfilter/xt_conntrack.h'
'dest/include/linux/netfilter/nf_conntrack_ftp.h' -> '/usr/include/linux/netfilter/nf_conntrack_ftp.h'
'dest/include/linux/netfilter/xt_LOG.h' -> '/usr/include/linux/netfilter/xt_LOG.h'
'dest/include/linux/netfilter/xt_u32.h' -> '/usr/include/linux/netfilter/xt_u32.h'
'dest/include/linux/netfilter/xt_NFQUEUE.h' -> '/usr/include/linux/netfilter/xt_NFQUEUE.h'
'dest/include/linux/netfilter/xt_string.h' -> '/usr/include/linux/netfilter/xt_string.h'
'dest/include/linux/netfilter/xt_TCPOPTSTRIP.h' -> '/usr/include/linux/netfilter/xt_TCPOPTSTRIP.h'
'dest/include/linux/netfilter/xt_pkttype.h' -> '/usr/include/linux/netfilter/xt_pkttype.h'
'dest/include/linux/netfilter/nfnetlink_queue.h' -> '/usr/include/linux/netfilter/nfnetlink_queue.h'
'dest/include/linux/netfilter/xt_mark.h' -> '/usr/include/linux/netfilter/xt_mark.h'
'dest/include/linux/netfilter/xt_time.h' -> '/usr/include/linux/netfilter/xt_time.h'
'dest/include/linux/netfilter/nfnetlink_cttimeout.h' -> '/usr/include/linux/netfilter/nfnetlink_cttimeout.h'
'dest/include/linux/netfilter/nf_log.h' -> '/usr/include/linux/netfilter/nf_log.h'
'dest/include/linux/netfilter/xt_helper.h' -> '/usr/include/linux/netfilter/xt_helper.h'
'dest/include/linux/netfilter/xt_l2tp.h' -> '/usr/include/linux/netfilter/xt_l2tp.h'
'dest/include/linux/netfilter/xt_rpfilter.h' -> '/usr/include/linux/netfilter/xt_rpfilter.h'
'dest/include/linux/netfilter/nfnetlink_conntrack.h' -> '/usr/include/linux/netfilter/nfnetlink_conntrack.h'
'dest/include/linux/netfilter/xt_AUDIT.h' -> '/usr/include/linux/netfilter/xt_AUDIT.h'
'dest/include/linux/netfilter/xt_realm.h' -> '/usr/include/linux/netfilter/xt_realm.h'
'dest/include/linux/netfilter/nfnetlink_cthelper.h' -> '/usr/include/linux/netfilter/nfnetlink_cthelper.h'
'dest/include/linux/netfilter/xt_addrtype.h' -> '/usr/include/linux/netfilter/xt_addrtype.h'
'dest/include/linux/netfilter/xt_quota.h' -> '/usr/include/linux/netfilter/xt_quota.h'
'dest/include/linux/netfilter/xt_sctp.h' -> '/usr/include/linux/netfilter/xt_sctp.h'
'dest/include/linux/netfilter/nfnetlink_log.h' -> '/usr/include/linux/netfilter/nfnetlink_log.h'
'dest/include/linux/netfilter/xt_hashlimit.h' -> '/usr/include/linux/netfilter/xt_hashlimit.h'
'dest/include/linux/netfilter/xt_dccp.h' -> '/usr/include/linux/netfilter/xt_dccp.h'
'dest/include/linux/netfilter/xt_connbytes.h' -> '/usr/include/linux/netfilter/xt_connbytes.h'
'dest/include/linux/netfilter/xt_connlimit.h' -> '/usr/include/linux/netfilter/xt_connlimit.h'
'dest/include/linux/netfilter/xt_set.h' -> '/usr/include/linux/netfilter/xt_set.h'
'dest/include/linux/netfilter/xt_policy.h' -> '/usr/include/linux/netfilter/xt_policy.h'
'dest/include/linux/netfilter/xt_CT.h' -> '/usr/include/linux/netfilter/xt_CT.h'
'dest/include/linux/netfilter/xt_recent.h' -> '/usr/include/linux/netfilter/xt_recent.h'
'dest/include/linux/netfilter/xt_devgroup.h' -> '/usr/include/linux/netfilter/xt_devgroup.h'
'dest/include/linux/netfilter/xt_state.h' -> '/usr/include/linux/netfilter/xt_state.h'
'dest/include/linux/netfilter/xt_MARK.h' -> '/usr/include/linux/netfilter/xt_MARK.h'
'dest/include/linux/netfilter/xt_nfacct.h' -> '/usr/include/linux/netfilter/xt_nfacct.h'
'dest/include/linux/netfilter/nfnetlink_acct.h' -> '/usr/include/linux/netfilter/nfnetlink_acct.h'
'dest/include/linux/netfilter/xt_ipvs.h' -> '/usr/include/linux/netfilter/xt_ipvs.h'
'dest/include/linux/netfilter/xt_physdev.h' -> '/usr/include/linux/netfilter/xt_physdev.h'
'dest/include/linux/netfilter/xt_CONNMARK.h' -> '/usr/include/linux/netfilter/xt_CONNMARK.h'
'dest/include/linux/netfilter/xt_connlabel.h' -> '/usr/include/linux/netfilter/xt_connlabel.h'
'dest/include/linux/netfilter/xt_connmark.h' -> '/usr/include/linux/netfilter/xt_connmark.h'
'dest/include/linux/netfilter/nf_conntrack_sctp.h' -> '/usr/include/linux/netfilter/nf_conntrack_sctp.h'
'dest/include/linux/netfilter/xt_limit.h' -> '/usr/include/linux/netfilter/xt_limit.h'
'dest/include/linux/netfilter/xt_cluster.h' -> '/usr/include/linux/netfilter/xt_cluster.h'
'dest/include/linux/netfilter/xt_CONNSECMARK.h' -> '/usr/include/linux/netfilter/xt_CONNSECMARK.h'
'dest/include/linux/netfilter/nf_conntrack_common.h' -> '/usr/include/linux/netfilter/nf_conntrack_common.h'
'dest/include/linux/netfilter/xt_dscp.h' -> '/usr/include/linux/netfilter/xt_dscp.h'
'dest/include/linux/netfilter/xt_ecn.h' -> '/usr/include/linux/netfilter/xt_ecn.h'
'dest/include/linux/netfilter/nf_conntrack_tcp.h' -> '/usr/include/linux/netfilter/nf_conntrack_tcp.h'
'dest/include/linux/netfilter/xt_SYNPROXY.h' -> '/usr/include/linux/netfilter/xt_SYNPROXY.h'
'dest/include/linux/netfilter/xt_IDLETIMER.h' -> '/usr/include/linux/netfilter/xt_IDLETIMER.h'
'dest/include/linux/netfilter/xt_TPROXY.h' -> '/usr/include/linux/netfilter/xt_TPROXY.h'
'dest/include/linux/netfilter/xt_SECMARK.h' -> '/usr/include/linux/netfilter/xt_SECMARK.h'
'dest/include/linux/netfilter/xt_HMARK.h' -> '/usr/include/linux/netfilter/xt_HMARK.h'
'dest/include/linux/netfilter/xt_NFLOG.h' -> '/usr/include/linux/netfilter/xt_NFLOG.h'
'dest/include/linux/netfilter/xt_owner.h' -> '/usr/include/linux/netfilter/xt_owner.h'
'dest/include/linux/netfilter/xt_LED.h' -> '/usr/include/linux/netfilter/xt_LED.h'
'dest/include/linux/netfilter/xt_TCPMSS.h' -> '/usr/include/linux/netfilter/xt_TCPMSS.h'
'dest/include/linux/netfilter/xt_esp.h' -> '/usr/include/linux/netfilter/xt_esp.h'
'dest/include/linux/netfilter/nf_tables.h' -> '/usr/include/linux/netfilter/nf_tables.h'
'dest/include/linux/netfilter/ipset' -> '/usr/include/linux/netfilter/ipset'
'dest/include/linux/netfilter/ipset/ip_set.h' -> '/usr/include/linux/netfilter/ipset/ip_set.h'
'dest/include/linux/netfilter/ipset/ip_set_list.h' -> '/usr/include/linux/netfilter/ipset/ip_set_list.h'
'dest/include/linux/netfilter/ipset/ip_set_hash.h' -> '/usr/include/linux/netfilter/ipset/ip_set_hash.h'
'dest/include/linux/netfilter/ipset/ip_set_bitmap.h' -> '/usr/include/linux/netfilter/ipset/ip_set_bitmap.h'
'dest/include/linux/netfilter_arp' -> '/usr/include/linux/netfilter_arp'
'dest/include/linux/netfilter_arp/arp_tables.h' -> '/usr/include/linux/netfilter_arp/arp_tables.h'
'dest/include/linux/netfilter_arp/arpt_mangle.h' -> '/usr/include/linux/netfilter_arp/arpt_mangle.h'
'dest/include/linux/netfilter_bridge' -> '/usr/include/linux/netfilter_bridge'
'dest/include/linux/netfilter_bridge/ebt_mark_m.h' -> '/usr/include/linux/netfilter_bridge/ebt_mark_m.h'
'dest/include/linux/netfilter_bridge/ebt_ip.h' -> '/usr/include/linux/netfilter_bridge/ebt_ip.h'
'dest/include/linux/netfilter_bridge/ebt_mark_t.h' -> '/usr/include/linux/netfilter_bridge/ebt_mark_t.h'
'dest/include/linux/netfilter_bridge/ebt_pkttype.h' -> '/usr/include/linux/netfilter_bridge/ebt_pkttype.h'
'dest/include/linux/netfilter_bridge/ebt_among.h' -> '/usr/include/linux/netfilter_bridge/ebt_among.h'
'dest/include/linux/netfilter_bridge/ebt_arp.h' -> '/usr/include/linux/netfilter_bridge/ebt_arp.h'
'dest/include/linux/netfilter_bridge/ebt_nflog.h' -> '/usr/include/linux/netfilter_bridge/ebt_nflog.h'
'dest/include/linux/netfilter_bridge/ebt_redirect.h' -> '/usr/include/linux/netfilter_bridge/ebt_redirect.h'
'dest/include/linux/netfilter_bridge/ebt_stp.h' -> '/usr/include/linux/netfilter_bridge/ebt_stp.h'
'dest/include/linux/netfilter_bridge/ebt_arpreply.h' -> '/usr/include/linux/netfilter_bridge/ebt_arpreply.h'
'dest/include/linux/netfilter_bridge/ebt_vlan.h' -> '/usr/include/linux/netfilter_bridge/ebt_vlan.h'
'dest/include/linux/netfilter_bridge/ebtables.h' -> '/usr/include/linux/netfilter_bridge/ebtables.h'
'dest/include/linux/netfilter_bridge/ebt_limit.h' -> '/usr/include/linux/netfilter_bridge/ebt_limit.h'
'dest/include/linux/netfilter_bridge/ebt_log.h' -> '/usr/include/linux/netfilter_bridge/ebt_log.h'
'dest/include/linux/netfilter_bridge/ebt_802_3.h' -> '/usr/include/linux/netfilter_bridge/ebt_802_3.h'
'dest/include/linux/netfilter_bridge/ebt_nat.h' -> '/usr/include/linux/netfilter_bridge/ebt_nat.h'
'dest/include/linux/netfilter_bridge/ebt_ip6.h' -> '/usr/include/linux/netfilter_bridge/ebt_ip6.h'
'dest/include/linux/netfilter_ipv4' -> '/usr/include/linux/netfilter_ipv4'
'dest/include/linux/netfilter_ipv4/ipt_CLUSTERIP.h' -> '/usr/include/linux/netfilter_ipv4/ipt_CLUSTERIP.h'
'dest/include/linux/netfilter_ipv4/ipt_ttl.h' -> '/usr/include/linux/netfilter_ipv4/ipt_ttl.h'
'dest/include/linux/netfilter_ipv4/ipt_ecn.h' -> '/usr/include/linux/netfilter_ipv4/ipt_ecn.h'
'dest/include/linux/netfilter_ipv4/ip_tables.h' -> '/usr/include/linux/netfilter_ipv4/ip_tables.h'
'dest/include/linux/netfilter_ipv4/ipt_LOG.h' -> '/usr/include/linux/netfilter_ipv4/ipt_LOG.h'
'dest/include/linux/netfilter_ipv4/ipt_REJECT.h' -> '/usr/include/linux/netfilter_ipv4/ipt_REJECT.h'
'dest/include/linux/netfilter_ipv4/ipt_ECN.h' -> '/usr/include/linux/netfilter_ipv4/ipt_ECN.h'
'dest/include/linux/netfilter_ipv4/ipt_ah.h' -> '/usr/include/linux/netfilter_ipv4/ipt_ah.h'
'dest/include/linux/netfilter_ipv4/ipt_TTL.h' -> '/usr/include/linux/netfilter_ipv4/ipt_TTL.h'
'dest/include/linux/netfilter_ipv6' -> '/usr/include/linux/netfilter_ipv6'
'dest/include/linux/netfilter_ipv6/ip6t_NPT.h' -> '/usr/include/linux/netfilter_ipv6/ip6t_NPT.h'
'dest/include/linux/netfilter_ipv6/ip6t_HL.h' -> '/usr/include/linux/netfilter_ipv6/ip6t_HL.h'
'dest/include/linux/netfilter_ipv6/ip6t_ah.h' -> '/usr/include/linux/netfilter_ipv6/ip6t_ah.h'
'dest/include/linux/netfilter_ipv6/ip6t_frag.h' -> '/usr/include/linux/netfilter_ipv6/ip6t_frag.h'
'dest/include/linux/netfilter_ipv6/ip6t_mh.h' -> '/usr/include/linux/netfilter_ipv6/ip6t_mh.h'
'dest/include/linux/netfilter_ipv6/ip6_tables.h' -> '/usr/include/linux/netfilter_ipv6/ip6_tables.h'
'dest/include/linux/netfilter_ipv6/ip6t_rt.h' -> '/usr/include/linux/netfilter_ipv6/ip6t_rt.h'
'dest/include/linux/netfilter_ipv6/ip6t_opts.h' -> '/usr/include/linux/netfilter_ipv6/ip6t_opts.h'
'dest/include/linux/netfilter_ipv6/ip6t_LOG.h' -> '/usr/include/linux/netfilter_ipv6/ip6t_LOG.h'
'dest/include/linux/netfilter_ipv6/ip6t_hl.h' -> '/usr/include/linux/netfilter_ipv6/ip6t_hl.h'
'dest/include/linux/netfilter_ipv6/ip6t_ipv6header.h' -> '/usr/include/linux/netfilter_ipv6/ip6t_ipv6header.h'
'dest/include/linux/netfilter_ipv6/ip6t_REJECT.h' -> '/usr/include/linux/netfilter_ipv6/ip6t_REJECT.h'
'dest/include/linux/nfsd' -> '/usr/include/linux/nfsd'
'dest/include/linux/nfsd/debug.h' -> '/usr/include/linux/nfsd/debug.h'
'dest/include/linux/nfsd/nfsfh.h' -> '/usr/include/linux/nfsd/nfsfh.h'
'dest/include/linux/nfsd/export.h' -> '/usr/include/linux/nfsd/export.h'
'dest/include/linux/nfsd/stats.h' -> '/usr/include/linux/nfsd/stats.h'
'dest/include/linux/nfsd/cld.h' -> '/usr/include/linux/nfsd/cld.h'
'dest/include/linux/raid' -> '/usr/include/linux/raid'
'dest/include/linux/raid/md_u.h' -> '/usr/include/linux/raid/md_u.h'
'dest/include/linux/raid/md_p.h' -> '/usr/include/linux/raid/md_p.h'
'dest/include/linux/sched' -> '/usr/include/linux/sched'
'dest/include/linux/sched/types.h' -> '/usr/include/linux/sched/types.h'
'dest/include/linux/spi' -> '/usr/include/linux/spi'
'dest/include/linux/spi/spidev.h' -> '/usr/include/linux/spi/spidev.h'
'dest/include/linux/sunrpc' -> '/usr/include/linux/sunrpc'
'dest/include/linux/sunrpc/debug.h' -> '/usr/include/linux/sunrpc/debug.h'
'dest/include/linux/tc_act' -> '/usr/include/linux/tc_act'
'dest/include/linux/tc_act/tc_csum.h' -> '/usr/include/linux/tc_act/tc_csum.h'
'dest/include/linux/tc_act/tc_nat.h' -> '/usr/include/linux/tc_act/tc_nat.h'
'dest/include/linux/tc_act/tc_ipt.h' -> '/usr/include/linux/tc_act/tc_ipt.h'
'dest/include/linux/tc_act/tc_bpf.h' -> '/usr/include/linux/tc_act/tc_bpf.h'
'dest/include/linux/tc_act/tc_connmark.h' -> '/usr/include/linux/tc_act/tc_connmark.h'
'dest/include/linux/tc_act/tc_sample.h' -> '/usr/include/linux/tc_act/tc_sample.h'
'dest/include/linux/tc_act/tc_skbedit.h' -> '/usr/include/linux/tc_act/tc_skbedit.h'
'dest/include/linux/tc_act/tc_pedit.h' -> '/usr/include/linux/tc_act/tc_pedit.h'
'dest/include/linux/tc_act/tc_defact.h' -> '/usr/include/linux/tc_act/tc_defact.h'
'dest/include/linux/tc_act/tc_vlan.h' -> '/usr/include/linux/tc_act/tc_vlan.h'
'dest/include/linux/tc_act/tc_skbmod.h' -> '/usr/include/linux/tc_act/tc_skbmod.h'
'dest/include/linux/tc_act/tc_tunnel_key.h' -> '/usr/include/linux/tc_act/tc_tunnel_key.h'
'dest/include/linux/tc_act/tc_gact.h' -> '/usr/include/linux/tc_act/tc_gact.h'
'dest/include/linux/tc_act/tc_ife.h' -> '/usr/include/linux/tc_act/tc_ife.h'
'dest/include/linux/tc_act/tc_mirred.h' -> '/usr/include/linux/tc_act/tc_mirred.h'
'dest/include/linux/tc_ematch' -> '/usr/include/linux/tc_ematch'
'dest/include/linux/tc_ematch/tc_em_text.h' -> '/usr/include/linux/tc_ematch/tc_em_text.h'
'dest/include/linux/tc_ematch/tc_em_cmp.h' -> '/usr/include/linux/tc_ematch/tc_em_cmp.h'
'dest/include/linux/tc_ematch/tc_em_meta.h' -> '/usr/include/linux/tc_ematch/tc_em_meta.h'
'dest/include/linux/tc_ematch/tc_em_nbyte.h' -> '/usr/include/linux/tc_ematch/tc_em_nbyte.h'
'dest/include/linux/usb' -> '/usr/include/linux/usb'
'dest/include/linux/usb/g_printer.h' -> '/usr/include/linux/usb/g_printer.h'
'dest/include/linux/usb/functionfs.h' -> '/usr/include/linux/usb/functionfs.h'
'dest/include/linux/usb/ch9.h' -> '/usr/include/linux/usb/ch9.h'
'dest/include/linux/usb/audio.h' -> '/usr/include/linux/usb/audio.h'
'dest/include/linux/usb/tmc.h' -> '/usr/include/linux/usb/tmc.h'
'dest/include/linux/usb/video.h' -> '/usr/include/linux/usb/video.h'
'dest/include/linux/usb/cdc.h' -> '/usr/include/linux/usb/cdc.h'
'dest/include/linux/usb/charger.h' -> '/usr/include/linux/usb/charger.h'
'dest/include/linux/usb/cdc-wdm.h' -> '/usr/include/linux/usb/cdc-wdm.h'
'dest/include/linux/usb/gadgetfs.h' -> '/usr/include/linux/usb/gadgetfs.h'
'dest/include/linux/usb/ch11.h' -> '/usr/include/linux/usb/ch11.h'
'dest/include/linux/usb/midi.h' -> '/usr/include/linux/usb/midi.h'
'dest/include/linux/wimax' -> '/usr/include/linux/wimax'
'dest/include/linux/wimax/i2400m.h' -> '/usr/include/linux/wimax/i2400m.h'
'dest/include/misc' -> '/usr/include/misc'
'dest/include/misc/cxl.h' -> '/usr/include/misc/cxl.h'
'dest/include/mtd' -> '/usr/include/mtd'
'dest/include/mtd/ubi-user.h' -> '/usr/include/mtd/ubi-user.h'
'dest/include/mtd/mtd-abi.h' -> '/usr/include/mtd/mtd-abi.h'
'dest/include/mtd/inftl-user.h' -> '/usr/include/mtd/inftl-user.h'
'dest/include/mtd/mtd-user.h' -> '/usr/include/mtd/mtd-user.h'
'dest/include/mtd/nftl-user.h' -> '/usr/include/mtd/nftl-user.h'
'dest/include/rdma' -> '/usr/include/rdma'
'dest/include/rdma/mlx4-abi.h' -> '/usr/include/rdma/mlx4-abi.h'
'dest/include/rdma/vmw_pvrdma-abi.h' -> '/usr/include/rdma/vmw_pvrdma-abi.h'
'dest/include/rdma/ib_user_verbs.h' -> '/usr/include/rdma/ib_user_verbs.h'
'dest/include/rdma/ib_user_mad.h' -> '/usr/include/rdma/ib_user_mad.h'
'dest/include/rdma/rdma_netlink.h' -> '/usr/include/rdma/rdma_netlink.h'
'dest/include/rdma/nes-abi.h' -> '/usr/include/rdma/nes-abi.h'
'dest/include/rdma/ib_user_sa.h' -> '/usr/include/rdma/ib_user_sa.h'
'dest/include/rdma/rdma_user_rxe.h' -> '/usr/include/rdma/rdma_user_rxe.h'
'dest/include/rdma/cxgb3-abi.h' -> '/usr/include/rdma/cxgb3-abi.h'
'dest/include/rdma/rdma_user_cm.h' -> '/usr/include/rdma/rdma_user_cm.h'
'dest/include/rdma/qedr-abi.h' -> '/usr/include/rdma/qedr-abi.h'
'dest/include/rdma/ocrdma-abi.h' -> '/usr/include/rdma/ocrdma-abi.h'
'dest/include/rdma/hns-abi.h' -> '/usr/include/rdma/hns-abi.h'
'dest/include/rdma/ib_user_ioctl_verbs.h' -> '/usr/include/rdma/ib_user_ioctl_verbs.h'
'dest/include/rdma/mthca-abi.h' -> '/usr/include/rdma/mthca-abi.h'
'dest/include/rdma/mlx5-abi.h' -> '/usr/include/rdma/mlx5-abi.h'
'dest/include/rdma/cxgb4-abi.h' -> '/usr/include/rdma/cxgb4-abi.h'
'dest/include/rdma/rdma_user_ioctl.h' -> '/usr/include/rdma/rdma_user_ioctl.h'
'dest/include/rdma/bnxt_re-abi.h' -> '/usr/include/rdma/bnxt_re-abi.h'
'dest/include/rdma/ib_user_cm.h' -> '/usr/include/rdma/ib_user_cm.h'
'dest/include/rdma/hfi' -> '/usr/include/rdma/hfi'
'dest/include/rdma/hfi/hfi1_ioctl.h' -> '/usr/include/rdma/hfi/hfi1_ioctl.h'
'dest/include/rdma/hfi/hfi1_user.h' -> '/usr/include/rdma/hfi/hfi1_user.h'
'dest/include/scsi' -> '/usr/include/scsi'
'dest/include/scsi/cxlflash_ioctl.h' -> '/usr/include/scsi/cxlflash_ioctl.h'
'dest/include/scsi/scsi_netlink.h' -> '/usr/include/scsi/scsi_netlink.h'
'dest/include/scsi/scsi_netlink_fc.h' -> '/usr/include/scsi/scsi_netlink_fc.h'
'dest/include/scsi/scsi_bsg_fc.h' -> '/usr/include/scsi/scsi_bsg_fc.h'
'dest/include/scsi/fc' -> '/usr/include/scsi/fc'
'dest/include/scsi/fc/fc_fs.h' -> '/usr/include/scsi/fc/fc_fs.h'
'dest/include/scsi/fc/fc_els.h' -> '/usr/include/scsi/fc/fc_els.h'
'dest/include/scsi/fc/fc_gs.h' -> '/usr/include/scsi/fc/fc_gs.h'
'dest/include/scsi/fc/fc_ns.h' -> '/usr/include/scsi/fc/fc_ns.h'
'dest/include/sound' -> '/usr/include/sound'
'dest/include/sound/hdsp.h' -> '/usr/include/sound/hdsp.h'
'dest/include/sound/emu10k1.h' -> '/usr/include/sound/emu10k1.h'
'dest/include/sound/asound_fm.h' -> '/usr/include/sound/asound_fm.h'
'dest/include/sound/tlv.h' -> '/usr/include/sound/tlv.h'
'dest/include/sound/hdspm.h' -> '/usr/include/sound/hdspm.h'
'dest/include/sound/usb_stream.h' -> '/usr/include/sound/usb_stream.h'
'dest/include/sound/snd_sst_tokens.h' -> '/usr/include/sound/snd_sst_tokens.h'
'dest/include/sound/compress_offload.h' -> '/usr/include/sound/compress_offload.h'
'dest/include/sound/asoc.h' -> '/usr/include/sound/asoc.h'
'dest/include/sound/asequencer.h' -> '/usr/include/sound/asequencer.h'
'dest/include/sound/sb16_csp.h' -> '/usr/include/sound/sb16_csp.h'
'dest/include/sound/asound.h' -> '/usr/include/sound/asound.h'
'dest/include/sound/compress_params.h' -> '/usr/include/sound/compress_params.h'
'dest/include/sound/firewire.h' -> '/usr/include/sound/firewire.h'
'dest/include/sound/sfnt_info.h' -> '/usr/include/sound/sfnt_info.h'
'dest/include/video' -> '/usr/include/video'
'dest/include/video/uvesafb.h' -> '/usr/include/video/uvesafb.h'
'dest/include/video/edid.h' -> '/usr/include/video/edid.h'
'dest/include/video/sisfb.h' -> '/usr/include/video/sisfb.h'
'dest/include/xen' -> '/usr/include/xen'
'dest/include/xen/privcmd.h' -> '/usr/include/xen/privcmd.h'
'dest/include/xen/gntalloc.h' -> '/usr/include/xen/gntalloc.h'
'dest/include/xen/gntdev.h' -> '/usr/include/xen/gntdev.h'
'dest/include/xen/evtchn.h' -> '/usr/include/xen/evtchn.h'
