This file contains any messages produced by compilers while
running configure, to aid debugging if configure makes a mistake.

It was created by luit configure 1.1.1, which was
generated by GNU Autoconf 2.68.  Invocation command line was

  $ ./configure --prefix=/usr --sysconfdir=/etc --localstatedir=/var --disable-static

## --------- ##
## Platform. ##
## --------- ##

hostname = localhost.localdomain
uname -m = x86_64
uname -r = 3.10.0-693.11.1.el7.x86_64
uname -s = Linux
uname -v = #1 SMP Mon Dec 4 23:52:40 UTC 2017

/usr/bin/uname -p = unknown
/bin/uname -X     = unknown

/bin/arch              = x86_64
/usr/bin/arch -k       = unknown
/usr/convex/getsysinfo = unknown
/usr/bin/hostinfo      = unknown
/bin/machine           = unknown
/usr/bin/oslevel       = unknown
/bin/universe          = unknown

PATH: /bin
PATH: /usr/bin
PATH: /sbin
PATH: /usr/sbin
PATH: /usr/local/bin


## ----------- ##
## Core tests. ##
## ----------- ##

configure:2276: checking for a BSD-compatible install
configure:2344: result: /usr/bin/install -c
configure:2355: checking whether build environment is sane
configure:2405: result: yes
configure:2546: checking for a thread-safe mkdir -p
configure:2585: result: /bin/mkdir -p
configure:2598: checking for gawk
configure:2614: found /usr/bin/gawk
configure:2625: result: gawk
configure:2636: checking whether make sets $(MAKE)
configure:2658: result: yes
configure:2739: checking whether to enable maintainer-specific portions of Makefiles
configure:2748: result: no
configure:2786: checking for style of include used by make
configure:2814: result: GNU
configure:2884: checking for gcc
configure:2900: found /usr/bin/gcc
configure:2911: result: gcc
configure:3140: checking for C compiler version
configure:3149: gcc --version >&5
gcc (GCC) 7.2.0
Copyright (C) 2017 Free Software Foundation, Inc.
This is free software; see the source for copying conditions.  There is NO
warranty; not even for MERCHANTABILITY or FITNESS FOR A PARTICULAR PURPOSE.

configure:3160: $? = 0
configure:3149: gcc -v >&5
Using built-in specs.
COLLECT_GCC=gcc
COLLECT_LTO_WRAPPER=/usr/libexec/gcc/x86_64-pc-linux-gnu/7.2.0/lto-wrapper
Target: x86_64-pc-linux-gnu
Configured with: ../configure --prefix=/usr --enable-languages=c,c++ --disable-multilib --disable-bootstrap --with-system-zlib
Thread model: posix
gcc version 7.2.0 (GCC) 
configure:3160: $? = 0
configure:3149: gcc -V >&5
gcc: error: unrecognized command line option '-V'
gcc: fatal error: no input files
compilation terminated.
configure:3160: $? = 1
configure:3149: gcc -qversion >&5
gcc: error: unrecognized command line option '-qversion'; did you mean '--version'?
gcc: fatal error: no input files
compilation terminated.
configure:3160: $? = 1
configure:3180: checking whether the C compiler works
configure:3202: gcc    conftest.c  >&5
configure:3206: $? = 0
configure:3254: result: yes
configure:3257: checking for C compiler default output file name
configure:3259: result: a.out
configure:3265: checking for suffix of executables
configure:3272: gcc -o conftest    conftest.c  >&5
configure:3276: $? = 0
configure:3298: result: 
configure:3320: checking whether we are cross compiling
configure:3328: gcc -o conftest    conftest.c  >&5
configure:3332: $? = 0
configure:3339: ./conftest
configure:3343: $? = 0
configure:3358: result: no
configure:3363: checking for suffix of object files
configure:3385: gcc -c   conftest.c >&5
configure:3389: $? = 0
configure:3410: result: o
configure:3414: checking whether we are using the GNU C compiler
configure:3433: gcc -c   conftest.c >&5
configure:3433: $? = 0
configure:3442: result: yes
configure:3451: checking whether gcc accepts -g
configure:3471: gcc -c -g  conftest.c >&5
configure:3471: $? = 0
configure:3512: result: yes
configure:3529: checking for gcc option to accept ISO C89
configure:3593: gcc  -c -g -O2  conftest.c >&5
configure:3593: $? = 0
configure:3606: result: none needed
configure:3628: checking dependency style of gcc
configure:3738: result: gcc3
configure:3753: checking for gcc option to accept ISO C99
configure:3902: gcc  -c -g -O2  conftest.c >&5
configure:3902: $? = 0
configure:3915: result: none needed
configure:3936: checking how to run the C preprocessor
configure:3967: gcc -E  conftest.c
configure:3967: $? = 0
configure:3981: gcc -E  conftest.c
conftest.c:11:10: fatal error: ac_nonexistent.h: No such file or directory
 #include <ac_nonexistent.h>
          ^~~~~~~~~~~~~~~~~~
compilation terminated.
configure:3981: $? = 1
configure: failed program was:
| /* confdefs.h */
| #define PACKAGE_NAME "luit"
| #define PACKAGE_TARNAME "luit"
| #define PACKAGE_VERSION "1.1.1"
| #define PACKAGE_STRING "luit 1.1.1"
| #define PACKAGE_BUGREPORT "https://bugs.freedesktop.org/enter_bug.cgi?product=xorg"
| #define PACKAGE_URL ""
| #define PACKAGE "luit"
| #define VERSION "1.1.1"
| /* end confdefs.h.  */
| #include <ac_nonexistent.h>
configure:4006: result: gcc -E
configure:4026: gcc -E  conftest.c
configure:4026: $? = 0
configure:4040: gcc -E  conftest.c
conftest.c:11:10: fatal error: ac_nonexistent.h: No such file or directory
 #include <ac_nonexistent.h>
          ^~~~~~~~~~~~~~~~~~
compilation terminated.
configure:4040: $? = 1
configure: failed program was:
| /* confdefs.h */
| #define PACKAGE_NAME "luit"
| #define PACKAGE_TARNAME "luit"
| #define PACKAGE_VERSION "1.1.1"
| #define PACKAGE_STRING "luit 1.1.1"
| #define PACKAGE_BUGREPORT "https://bugs.freedesktop.org/enter_bug.cgi?product=xorg"
| #define PACKAGE_URL ""
| #define PACKAGE "luit"
| #define VERSION "1.1.1"
| /* end confdefs.h.  */
| #include <ac_nonexistent.h>
configure:4069: checking for grep that handles long lines and -e
configure:4127: result: /usr/bin/grep
configure:4132: checking for egrep
configure:4194: result: /usr/bin/grep -E
configure:4199: checking for ANSI C header files
configure:4219: gcc -c -g -O2  conftest.c >&5
configure:4219: $? = 0
configure:4292: gcc -o conftest -g -O2   conftest.c  >&5
configure:4292: $? = 0
configure:4292: ./conftest
configure:4292: $? = 0
configure:4303: result: yes
configure:4316: checking for sys/types.h
configure:4316: gcc -c -g -O2  conftest.c >&5
configure:4316: $? = 0
configure:4316: result: yes
configure:4316: checking for sys/stat.h
configure:4316: gcc -c -g -O2  conftest.c >&5
configure:4316: $? = 0
configure:4316: result: yes
configure:4316: checking for stdlib.h
configure:4316: gcc -c -g -O2  conftest.c >&5
configure:4316: $? = 0
configure:4316: result: yes
configure:4316: checking for string.h
configure:4316: gcc -c -g -O2  conftest.c >&5
configure:4316: $? = 0
configure:4316: result: yes
configure:4316: checking for memory.h
configure:4316: gcc -c -g -O2  conftest.c >&5
configure:4316: $? = 0
configure:4316: result: yes
configure:4316: checking for strings.h
configure:4316: gcc -c -g -O2  conftest.c >&5
configure:4316: $? = 0
configure:4316: result: yes
configure:4316: checking for inttypes.h
configure:4316: gcc -c -g -O2  conftest.c >&5
configure:4316: $? = 0
configure:4316: result: yes
configure:4316: checking for stdint.h
configure:4316: gcc -c -g -O2  conftest.c >&5
configure:4316: $? = 0
configure:4316: result: yes
configure:4316: checking for unistd.h
configure:4316: gcc -c -g -O2  conftest.c >&5
configure:4316: $? = 0
configure:4316: result: yes
configure:4332: checking whether __clang__ is declared
configure:4332: gcc -c -g -O2  conftest.c >&5
conftest.c: In function 'main':
conftest.c:61:10: error: '__clang__' undeclared (first use in this function); did you mean '__clock_t'?
   (void) __clang__;
          ^~~~~~~~~
          __clock_t
conftest.c:61:10: note: each undeclared identifier is reported only once for each function it appears in
configure:4332: $? = 1
configure: failed program was:
| /* confdefs.h */
| #define PACKAGE_NAME "luit"
| #define PACKAGE_TARNAME "luit"
| #define PACKAGE_VERSION "1.1.1"
| #define PACKAGE_STRING "luit 1.1.1"
| #define PACKAGE_BUGREPORT "https://bugs.freedesktop.org/enter_bug.cgi?product=xorg"
| #define PACKAGE_URL ""
| #define PACKAGE "luit"
| #define VERSION "1.1.1"
| #define STDC_HEADERS 1
| #define HAVE_SYS_TYPES_H 1
| #define HAVE_SYS_STAT_H 1
| #define HAVE_STDLIB_H 1
| #define HAVE_STRING_H 1
| #define HAVE_MEMORY_H 1
| #define HAVE_STRINGS_H 1
| #define HAVE_INTTYPES_H 1
| #define HAVE_STDINT_H 1
| #define HAVE_UNISTD_H 1
| /* end confdefs.h.  */
| #include <stdio.h>
| #ifdef HAVE_SYS_TYPES_H
| # include <sys/types.h>
| #endif
| #ifdef HAVE_SYS_STAT_H
| # include <sys/stat.h>
| #endif
| #ifdef STDC_HEADERS
| # include <stdlib.h>
| # include <stddef.h>
| #else
| # ifdef HAVE_STDLIB_H
| #  include <stdlib.h>
| # endif
| #endif
| #ifdef HAVE_STRING_H
| # if !defined STDC_HEADERS && defined HAVE_MEMORY_H
| #  include <memory.h>
| # endif
| # include <string.h>
| #endif
| #ifdef HAVE_STRINGS_H
| # include <strings.h>
| #endif
| #ifdef HAVE_INTTYPES_H
| # include <inttypes.h>
| #endif
| #ifdef HAVE_STDINT_H
| # include <stdint.h>
| #endif
| #ifdef HAVE_UNISTD_H
| # include <unistd.h>
| #endif
| int
| main ()
| {
| #ifndef __clang__
| #ifdef __cplusplus
|   (void) __clang__;
| #else
|   (void) __clang__;
| #endif
| #endif
| 
|   ;
|   return 0;
| }
configure:4332: result: no
configure:4339: checking whether __INTEL_COMPILER is declared
configure:4339: gcc -c -g -O2  conftest.c >&5
conftest.c: In function 'main':
conftest.c:61:10: error: '__INTEL_COMPILER' undeclared (first use in this function); did you mean '__BYTE_ORDER'?
   (void) __INTEL_COMPILER;
          ^~~~~~~~~~~~~~~~
          __BYTE_ORDER
conftest.c:61:10: note: each undeclared identifier is reported only once for each function it appears in
configure:4339: $? = 1
configure: failed program was:
| /* confdefs.h */
| #define PACKAGE_NAME "luit"
| #define PACKAGE_TARNAME "luit"
| #define PACKAGE_VERSION "1.1.1"
| #define PACKAGE_STRING "luit 1.1.1"
| #define PACKAGE_BUGREPORT "https://bugs.freedesktop.org/enter_bug.cgi?product=xorg"
| #define PACKAGE_URL ""
| #define PACKAGE "luit"
| #define VERSION "1.1.1"
| #define STDC_HEADERS 1
| #define HAVE_SYS_TYPES_H 1
| #define HAVE_SYS_STAT_H 1
| #define HAVE_STDLIB_H 1
| #define HAVE_STRING_H 1
| #define HAVE_MEMORY_H 1
| #define HAVE_STRINGS_H 1
| #define HAVE_INTTYPES_H 1
| #define HAVE_STDINT_H 1
| #define HAVE_UNISTD_H 1
| /* end confdefs.h.  */
| #include <stdio.h>
| #ifdef HAVE_SYS_TYPES_H
| # include <sys/types.h>
| #endif
| #ifdef HAVE_SYS_STAT_H
| # include <sys/stat.h>
| #endif
| #ifdef STDC_HEADERS
| # include <stdlib.h>
| # include <stddef.h>
| #else
| # ifdef HAVE_STDLIB_H
| #  include <stdlib.h>
| # endif
| #endif
| #ifdef HAVE_STRING_H
| # if !defined STDC_HEADERS && defined HAVE_MEMORY_H
| #  include <memory.h>
| # endif
| # include <string.h>
| #endif
| #ifdef HAVE_STRINGS_H
| # include <strings.h>
| #endif
| #ifdef HAVE_INTTYPES_H
| # include <inttypes.h>
| #endif
| #ifdef HAVE_STDINT_H
| # include <stdint.h>
| #endif
| #ifdef HAVE_UNISTD_H
| # include <unistd.h>
| #endif
| int
| main ()
| {
| #ifndef __INTEL_COMPILER
| #ifdef __cplusplus
|   (void) __INTEL_COMPILER;
| #else
|   (void) __INTEL_COMPILER;
| #endif
| #endif
| 
|   ;
|   return 0;
| }
configure:4339: result: no
configure:4346: checking whether __SUNPRO_C is declared
configure:4346: gcc -c -g -O2  conftest.c >&5
conftest.c: In function 'main':
conftest.c:61:10: error: '__SUNPRO_C' undeclared (first use in this function); did you mean '__INT8_C'?
   (void) __SUNPRO_C;
          ^~~~~~~~~~
          __INT8_C
conftest.c:61:10: note: each undeclared identifier is reported only once for each function it appears in
configure:4346: $? = 1
configure: failed program was:
| /* confdefs.h */
| #define PACKAGE_NAME "luit"
| #define PACKAGE_TARNAME "luit"
| #define PACKAGE_VERSION "1.1.1"
| #define PACKAGE_STRING "luit 1.1.1"
| #define PACKAGE_BUGREPORT "https://bugs.freedesktop.org/enter_bug.cgi?product=xorg"
| #define PACKAGE_URL ""
| #define PACKAGE "luit"
| #define VERSION "1.1.1"
| #define STDC_HEADERS 1
| #define HAVE_SYS_TYPES_H 1
| #define HAVE_SYS_STAT_H 1
| #define HAVE_STDLIB_H 1
| #define HAVE_STRING_H 1
| #define HAVE_MEMORY_H 1
| #define HAVE_STRINGS_H 1
| #define HAVE_INTTYPES_H 1
| #define HAVE_STDINT_H 1
| #define HAVE_UNISTD_H 1
| /* end confdefs.h.  */
| #include <stdio.h>
| #ifdef HAVE_SYS_TYPES_H
| # include <sys/types.h>
| #endif
| #ifdef HAVE_SYS_STAT_H
| # include <sys/stat.h>
| #endif
| #ifdef STDC_HEADERS
| # include <stdlib.h>
| # include <stddef.h>
| #else
| # ifdef HAVE_STDLIB_H
| #  include <stdlib.h>
| # endif
| #endif
| #ifdef HAVE_STRING_H
| # if !defined STDC_HEADERS && defined HAVE_MEMORY_H
| #  include <memory.h>
| # endif
| # include <string.h>
| #endif
| #ifdef HAVE_STRINGS_H
| # include <strings.h>
| #endif
| #ifdef HAVE_INTTYPES_H
| # include <inttypes.h>
| #endif
| #ifdef HAVE_STDINT_H
| # include <stdint.h>
| #endif
| #ifdef HAVE_UNISTD_H
| # include <unistd.h>
| #endif
| int
| main ()
| {
| #ifndef __SUNPRO_C
| #ifdef __cplusplus
|   (void) __SUNPRO_C;
| #else
|   (void) __SUNPRO_C;
| #endif
| #endif
| 
|   ;
|   return 0;
| }
configure:4346: result: no
configure:4403: checking for pkg-config
configure:4421: found /usr/bin/pkg-config
configure:4433: result: /usr/bin/pkg-config
configure:4458: checking pkg-config is at least version 0.9.0
configure:4461: result: yes
configure:4474: checking build system type
configure:4488: result: x86_64-unknown-linux-gnu
configure:4508: checking host system type
configure:4521: result: x86_64-unknown-linux-gnu
configure:4541: checking for a sed that does not truncate output
configure:4605: result: /bin/sed
configure:4651: checking if gcc supports -Werror=unknown-warning-option
configure:4660: gcc -c -g -O2 -Werror=unknown-warning-option  conftest.c >&5
cc1: error: -Werror=unknown-warning-option: no option -Wunknown-warning-option
configure:4660: $? = 1
configure: failed program was:
| /* confdefs.h */
| #define PACKAGE_NAME "luit"
| #define PACKAGE_TARNAME "luit"
| #define PACKAGE_VERSION "1.1.1"
| #define PACKAGE_STRING "luit 1.1.1"
| #define PACKAGE_BUGREPORT "https://bugs.freedesktop.org/enter_bug.cgi?product=xorg"
| #define PACKAGE_URL ""
| #define PACKAGE "luit"
| #define VERSION "1.1.1"
| #define STDC_HEADERS 1
| #define HAVE_SYS_TYPES_H 1
| #define HAVE_SYS_STAT_H 1
| #define HAVE_STDLIB_H 1
| #define HAVE_STRING_H 1
| #define HAVE_MEMORY_H 1
| #define HAVE_STRINGS_H 1
| #define HAVE_INTTYPES_H 1
| #define HAVE_STDINT_H 1
| #define HAVE_UNISTD_H 1
| /* end confdefs.h.  */
| int i;
configure:4667: result: no
configure:4678: checking if gcc supports -Werror=unused-command-line-argument
configure:4687: gcc -c -g -O2 -Werror=unused-command-line-argument  conftest.c >&5
cc1: error: -Werror=unused-command-line-argument: no option -Wunused-command-line-argument
configure:4687: $? = 1
configure: failed program was:
| /* confdefs.h */
| #define PACKAGE_NAME "luit"
| #define PACKAGE_TARNAME "luit"
| #define PACKAGE_VERSION "1.1.1"
| #define PACKAGE_STRING "luit 1.1.1"
| #define PACKAGE_BUGREPORT "https://bugs.freedesktop.org/enter_bug.cgi?product=xorg"
| #define PACKAGE_URL ""
| #define PACKAGE "luit"
| #define VERSION "1.1.1"
| #define STDC_HEADERS 1
| #define HAVE_SYS_TYPES_H 1
| #define HAVE_SYS_STAT_H 1
| #define HAVE_STDLIB_H 1
| #define HAVE_STRING_H 1
| #define HAVE_MEMORY_H 1
| #define HAVE_STRINGS_H 1
| #define HAVE_INTTYPES_H 1
| #define HAVE_STDINT_H 1
| #define HAVE_UNISTD_H 1
| /* end confdefs.h.  */
| int i;
configure:4694: result: no
configure:4713: checking if gcc supports-Wall
configure:4730: gcc -o conftest -g -O2 -Wall   conftest.c  >&5
configure:4730: $? = 0
configure:4743: result: yes
configure:4831: checking if gcc supports-Wpointer-arith
configure:4848: gcc -o conftest -g -O2 -Wpointer-arith   conftest.c  >&5
configure:4848: $? = 0
configure:4861: result: yes
configure:4949: checking if gcc supports-Wmissing-declarations
configure:4966: gcc -o conftest -g -O2 -Wmissing-declarations   conftest.c  >&5
configure:4966: $? = 0
configure:4979: result: yes
configure:5067: checking if gcc supports-Wformat=2
configure:5084: gcc -o conftest -g -O2 -Wformat=2   conftest.c  >&5
configure:5084: $? = 0
configure:5097: result: yes
configure:5236: checking if gcc supports-Wstrict-prototypes
configure:5253: gcc -o conftest -g -O2 -Wstrict-prototypes   conftest.c  >&5
conftest.c:23:1: warning: function declaration isn't a prototype [-Wstrict-prototypes]
 main ()
 ^~~~
configure:5253: $? = 0
configure:5266: result: yes
configure:5354: checking if gcc supports-Wmissing-prototypes
configure:5371: gcc -o conftest -g -O2 -Wmissing-prototypes   conftest.c  >&5
configure:5371: $? = 0
configure:5384: result: yes
configure:5472: checking if gcc supports-Wnested-externs
configure:5489: gcc -o conftest -g -O2 -Wnested-externs   conftest.c  >&5
configure:5489: $? = 0
configure:5502: result: yes
configure:5590: checking if gcc supports-Wbad-function-cast
configure:5607: gcc -o conftest -g -O2 -Wbad-function-cast   conftest.c  >&5
configure:5607: $? = 0
configure:5620: result: yes
configure:5708: checking if gcc supports-Wold-style-definition
configure:5725: gcc -o conftest -g -O2 -Wold-style-definition   conftest.c  >&5
conftest.c: In function 'main':
conftest.c:23:1: warning: old-style function definition [-Wold-style-definition]
 main ()
 ^~~~
configure:5725: $? = 0
configure:5738: result: yes
configure:5826: checking if gcc supports-Wdeclaration-after-statement
configure:5843: gcc -o conftest -g -O2 -Wdeclaration-after-statement   conftest.c  >&5
configure:5843: $? = 0
configure:5856: result: yes
configure:5948: checking if gcc supports-Wunused
configure:5965: gcc -o conftest -g -O2 -Wunused   conftest.c  >&5
configure:5965: $? = 0
configure:5978: result: yes
configure:6066: checking if gcc supports-Wuninitialized
configure:6083: gcc -o conftest -g -O2 -Wuninitialized   conftest.c  >&5
configure:6083: $? = 0
configure:6096: result: yes
configure:6184: checking if gcc supports-Wshadow
configure:6201: gcc -o conftest -g -O2 -Wshadow   conftest.c  >&5
configure:6201: $? = 0
configure:6214: result: yes
configure:6302: checking if gcc supports-Wcast-qual
configure:6319: gcc -o conftest -g -O2 -Wcast-qual   conftest.c  >&5
configure:6319: $? = 0
configure:6332: result: yes
configure:6420: checking if gcc supports-Wmissing-noreturn
configure:6437: gcc -o conftest -g -O2 -Wmissing-noreturn   conftest.c  >&5
configure:6437: $? = 0
configure:6450: result: yes
configure:6538: checking if gcc supports-Wmissing-format-attribute
configure:6555: gcc -o conftest -g -O2 -Wmissing-format-attribute   conftest.c  >&5
configure:6555: $? = 0
configure:6568: result: yes
configure:6656: checking if gcc supports-Wredundant-decls
configure:6673: gcc -o conftest -g -O2 -Wredundant-decls   conftest.c  >&5
configure:6673: $? = 0
configure:6686: result: yes
configure:6786: checking if gcc supports-Werror=implicit
configure:6803: gcc -o conftest -g -O2 -Werror=implicit   conftest.c  >&5
configure:6803: $? = 0
configure:6816: result: yes
configure:6953: checking if gcc supports-Werror=nonnull
configure:6970: gcc -o conftest -g -O2 -Werror=nonnull   conftest.c  >&5
configure:6970: $? = 0
configure:6983: result: yes
configure:7071: checking if gcc supports-Werror=init-self
configure:7088: gcc -o conftest -g -O2 -Werror=init-self   conftest.c  >&5
configure:7088: $? = 0
configure:7101: result: yes
configure:7189: checking if gcc supports-Werror=main
configure:7206: gcc -o conftest -g -O2 -Werror=main   conftest.c  >&5
configure:7206: $? = 0
configure:7219: result: yes
configure:7307: checking if gcc supports-Werror=missing-braces
configure:7324: gcc -o conftest -g -O2 -Werror=missing-braces   conftest.c  >&5
configure:7324: $? = 0
configure:7337: result: yes
configure:7425: checking if gcc supports-Werror=sequence-point
configure:7442: gcc -o conftest -g -O2 -Werror=sequence-point   conftest.c  >&5
configure:7442: $? = 0
configure:7455: result: yes
configure:7543: checking if gcc supports-Werror=return-type
configure:7560: gcc -o conftest -g -O2 -Werror=return-type   conftest.c  >&5
configure:7560: $? = 0
configure:7573: result: yes
configure:7710: checking if gcc supports-Werror=trigraphs
configure:7727: gcc -o conftest -g -O2 -Werror=trigraphs   conftest.c  >&5
configure:7727: $? = 0
configure:7740: result: yes
configure:7828: checking if gcc supports-Werror=array-bounds
configure:7845: gcc -o conftest -g -O2 -Werror=array-bounds   conftest.c  >&5
configure:7845: $? = 0
configure:7858: result: yes
configure:7946: checking if gcc supports-Werror=write-strings
configure:7963: gcc -o conftest -g -O2 -Werror=write-strings   conftest.c  >&5
configure:7963: $? = 0
configure:7976: result: yes
configure:8064: checking if gcc supports-Werror=address
configure:8081: gcc -o conftest -g -O2 -Werror=address   conftest.c  >&5
configure:8081: $? = 0
configure:8094: result: yes
configure:8182: checking if gcc supports-Werror=int-to-pointer-cast
configure:8199: gcc -o conftest -g -O2 -Werror=int-to-pointer-cast   conftest.c  >&5
configure:8199: $? = 0
configure:8212: result: yes
configure:8349: checking if gcc supports-Werror=pointer-to-int-cast
configure:8366: gcc -o conftest -g -O2 -Werror=pointer-to-int-cast   conftest.c  >&5
configure:8366: $? = 0
configure:8379: result: yes
configure:10037: checking if gcc supports-pedantic
configure:10054: gcc -o conftest -g -O2 -pedantic   conftest.c  >&5
configure:10054: $? = 0
configure:10067: result: yes
configure:10155: checking if gcc supports-Werror
configure:10172: gcc -o conftest -g -O2 -Werror   conftest.c  >&5
configure:10172: $? = 0
configure:10185: result: yes
configure:10325: checking if gcc supports-Werror=attributes
configure:10342: gcc -o conftest -g -O2 -Werror=attributes   conftest.c  >&5
configure:10342: $? = 0
configure:10355: result: yes
configure:10527: checking pty.h usability
configure:10527: gcc -c -g -O2  conftest.c >&5
configure:10527: $? = 0
configure:10527: result: yes
configure:10527: checking pty.h presence
configure:10527: gcc -E  conftest.c
configure:10527: $? = 0
configure:10527: result: yes
configure:10527: checking for pty.h
configure:10527: result: yes
configure:10527: checking stropts.h usability
configure:10527: gcc -c -g -O2  conftest.c >&5
configure:10527: $? = 0
configure:10527: result: yes
configure:10527: checking stropts.h presence
configure:10527: gcc -E  conftest.c
configure:10527: $? = 0
configure:10527: result: yes
configure:10527: checking for stropts.h
configure:10527: result: yes
configure:10527: checking sys/param.h usability
configure:10527: gcc -c -g -O2  conftest.c >&5
configure:10527: $? = 0
configure:10527: result: yes
configure:10527: checking sys/param.h presence
configure:10527: gcc -E  conftest.c
configure:10527: $? = 0
configure:10527: result: yes
configure:10527: checking for sys/param.h
configure:10527: result: yes
configure:10527: checking sys/select.h usability
configure:10527: gcc -c -g -O2  conftest.c >&5
configure:10527: $? = 0
configure:10527: result: yes
configure:10527: checking sys/select.h presence
configure:10527: gcc -E  conftest.c
configure:10527: $? = 0
configure:10527: result: yes
configure:10527: checking for sys/select.h
configure:10527: result: yes
configure:10540: checking for select
configure:10540: gcc -o conftest -g -O2   conftest.c  >&5
configure:10540: $? = 0
configure:10540: result: yes
configure:10540: checking for grantpt
configure:10540: gcc -o conftest -g -O2   conftest.c  >&5
configure:10540: $? = 0
configure:10540: result: yes
configure:10540: checking for posix_openpt
configure:10540: gcc -o conftest -g -O2   conftest.c  >&5
configure:10540: $? = 0
configure:10540: result: yes
configure:10563: checking for LUIT
configure:10570: $PKG_CONFIG --exists --print-errors "fontenc"
configure:10573: $? = 0
configure:10586: $PKG_CONFIG --exists --print-errors "fontenc"
configure:10589: $? = 0
configure:10643: result: yes
configure:10650: $PKG_CONFIG --exists --print-errors "x11"
configure:10653: $? = 0
configure:10669: checking poll.h usability
configure:10669: gcc -c -g -O2  conftest.c >&5
configure:10669: $? = 0
configure:10669: result: yes
configure:10669: checking poll.h presence
configure:10669: gcc -E  conftest.c
configure:10669: $? = 0
configure:10669: result: yes
configure:10669: checking for poll.h
configure:10669: result: yes
configure:10681: checking for poll
configure:10681: gcc -o conftest -g -O2   conftest.c  >&5
configure:10681: $? = 0
configure:10681: result: yes
configure:10724: checking for pty.h
configure:10724: result: yes
configure:10724: checking for stropts.h
configure:10724: result: yes
configure:10724: checking sys/ioctl.h usability
configure:10724: gcc -c -g -O2  conftest.c >&5
configure:10724: $? = 0
configure:10724: result: yes
configure:10724: checking sys/ioctl.h presence
configure:10724: gcc -E  conftest.c
configure:10724: $? = 0
configure:10724: result: yes
configure:10724: checking for sys/ioctl.h
configure:10724: result: yes
configure:10724: checking for sys/param.h
configure:10724: result: yes
configure:10724: checking sys/poll.h usability
configure:10724: gcc -c -g -O2  conftest.c >&5
configure:10724: $? = 0
configure:10724: result: yes
configure:10724: checking sys/poll.h presence
configure:10724: gcc -E  conftest.c
configure:10724: $? = 0
configure:10724: result: yes
configure:10724: checking for sys/poll.h
configure:10724: result: yes
configure:10724: checking for sys/select.h
configure:10724: result: yes
configure:10724: checking sys/time.h usability
configure:10724: gcc -c -g -O2  conftest.c >&5
configure:10724: $? = 0
configure:10724: result: yes
configure:10724: checking sys/time.h presence
configure:10724: gcc -E  conftest.c
configure:10724: $? = 0
configure:10724: result: yes
configure:10724: checking for sys/time.h
configure:10724: result: yes
configure:10724: checking termios.h usability
configure:10724: gcc -c -g -O2  conftest.c >&5
configure:10724: $? = 0
configure:10724: result: yes
configure:10724: checking termios.h presence
configure:10724: gcc -E  conftest.c
configure:10724: $? = 0
configure:10724: result: yes
configure:10724: checking for termios.h
configure:10724: result: yes
configure:10737: checking for grantpt
configure:10737: result: yes
configure:10737: checking for putenv
configure:10737: gcc -o conftest -g -O2   conftest.c  >&5
configure:10737: $? = 0
configure:10737: result: yes
configure:10737: checking for select
configure:10737: result: yes
configure:10737: checking for strdup
configure:10737: gcc -o conftest -g -O2   conftest.c  >&5
conftest.c:67:6: warning: conflicting types for built-in function 'strdup' [-Wbuiltin-declaration-mismatch]
 char strdup ();
      ^~~~~~
configure:10737: $? = 0
configure:10737: result: yes
configure:10816: checking if poll really works
configure:10845: gcc -o conftest -g -O2   conftest.c  >&5
configure:10845: $? = 0
configure:10845: ./conftest
configure:10845: $? = 1
configure: program exited with status 1
configure: failed program was:
| /* confdefs.h */
| #define PACKAGE_NAME "luit"
| #define PACKAGE_TARNAME "luit"
| #define PACKAGE_VERSION "1.1.1"
| #define PACKAGE_STRING "luit 1.1.1"
| #define PACKAGE_BUGREPORT "https://bugs.freedesktop.org/enter_bug.cgi?product=xorg"
| #define PACKAGE_URL ""
| #define PACKAGE "luit"
| #define VERSION "1.1.1"
| #define STDC_HEADERS 1
| #define HAVE_SYS_TYPES_H 1
| #define HAVE_SYS_STAT_H 1
| #define HAVE_STDLIB_H 1
| #define HAVE_STRING_H 1
| #define HAVE_MEMORY_H 1
| #define HAVE_STRINGS_H 1
| #define HAVE_INTTYPES_H 1
| #define HAVE_STDINT_H 1
| #define HAVE_UNISTD_H 1
| #define PACKAGE_VERSION_MAJOR 1
| #define PACKAGE_VERSION_MINOR 1
| #define PACKAGE_VERSION_PATCHLEVEL 1
| #define HAVE_PTY_H 1
| #define HAVE_STROPTS_H 1
| #define HAVE_SYS_PARAM_H 1
| #define HAVE_SYS_SELECT_H 1
| #define HAVE_SELECT 1
| #define HAVE_GRANTPT 1
| #define HAVE_POSIX_OPENPT 1
| #define HAVE_POLL_H 1
| #define HAVE_POLL 1
| #define HAVE_PTY_H 1
| #define HAVE_STROPTS_H 1
| #define HAVE_SYS_IOCTL_H 1
| #define HAVE_SYS_PARAM_H 1
| #define HAVE_SYS_POLL_H 1
| #define HAVE_SYS_SELECT_H 1
| #define HAVE_SYS_TIME_H 1
| #define HAVE_TERMIOS_H 1
| #define HAVE_GRANTPT 1
| #define HAVE_PUTENV 1
| #define HAVE_SELECT 1
| #define HAVE_STRDUP 1
| /* end confdefs.h.  */
| 
| #include <stdio.h>
| #ifdef HAVE_POLL_H
| #include <poll.h>
| #else
| #include <sys/poll.h>
| #endif
| int main() {
| 	struct pollfd myfds;
| 	int ret;
| 
| 	myfds.fd = 0;
| 	myfds.events = POLLIN;
| 
| 	ret = poll(&myfds, 1, 100);
| 	return(ret != 0);
| }
configure:10855: result: no
configure:10862: checking if SIGWINCH is defined
configure:10882: gcc -c -g -O2  conftest.c >&5
configure:10882: $? = 0
configure:10913: result: yes
configure:11104: creating ./config.status

## ---------------------- ##
## Running config.status. ##
## ---------------------- ##

This file was extended by luit config.status 1.1.1, which was
generated by GNU Autoconf 2.68.  Invocation command line was

  CONFIG_FILES    = 
  CONFIG_HEADERS  = 
  CONFIG_LINKS    = 
  CONFIG_COMMANDS = 
  $ ./config.status 

on localhost.localdomain

config.status:933: creating Makefile
config.status:933: creating man/Makefile
config.status:933: creating config.h
config.status:1162: executing depfiles commands
configure:12431: WARNING: unrecognized options: --disable-static

## ---------------- ##
## Cache variables. ##
## ---------------- ##

ac_cv_build=x86_64-unknown-linux-gnu
ac_cv_c_compiler_gnu=yes
ac_cv_env_CC_set=
ac_cv_env_CC_value=
ac_cv_env_CFLAGS_set=
ac_cv_env_CFLAGS_value=
ac_cv_env_CPPFLAGS_set=
ac_cv_env_CPPFLAGS_value=
ac_cv_env_CPP_set=
ac_cv_env_CPP_value=
ac_cv_env_LDFLAGS_set=
ac_cv_env_LDFLAGS_value=
ac_cv_env_LIBS_set=
ac_cv_env_LIBS_value=
ac_cv_env_LUIT_CFLAGS_set=
ac_cv_env_LUIT_CFLAGS_value=
ac_cv_env_LUIT_LIBS_set=
ac_cv_env_LUIT_LIBS_value=
ac_cv_env_PKG_CONFIG_set=
ac_cv_env_PKG_CONFIG_value=
ac_cv_env_build_alias_set=
ac_cv_env_build_alias_value=
ac_cv_env_host_alias_set=
ac_cv_env_host_alias_value=
ac_cv_env_target_alias_set=
ac_cv_env_target_alias_value=
ac_cv_func_grantpt=yes
ac_cv_func_poll=yes
ac_cv_func_posix_openpt=yes
ac_cv_func_putenv=yes
ac_cv_func_select=yes
ac_cv_func_strdup=yes
ac_cv_have_decl___INTEL_COMPILER=no
ac_cv_have_decl___SUNPRO_C=no
ac_cv_have_decl___clang__=no
ac_cv_header_inttypes_h=yes
ac_cv_header_memory_h=yes
ac_cv_header_poll_h=yes
ac_cv_header_pty_h=yes
ac_cv_header_stdc=yes
ac_cv_header_stdint_h=yes
ac_cv_header_stdlib_h=yes
ac_cv_header_string_h=yes
ac_cv_header_strings_h=yes
ac_cv_header_stropts_h=yes
ac_cv_header_sys_ioctl_h=yes
ac_cv_header_sys_param_h=yes
ac_cv_header_sys_poll_h=yes
ac_cv_header_sys_select_h=yes
ac_cv_header_sys_stat_h=yes
ac_cv_header_sys_time_h=yes
ac_cv_header_sys_types_h=yes
ac_cv_header_termios_h=yes
ac_cv_header_unistd_h=yes
ac_cv_host=x86_64-unknown-linux-gnu
ac_cv_objext=o
ac_cv_path_EGREP='/usr/bin/grep -E'
ac_cv_path_GREP=/usr/bin/grep
ac_cv_path_SED=/bin/sed
ac_cv_path_ac_pt_PKG_CONFIG=/usr/bin/pkg-config
ac_cv_path_install='/usr/bin/install -c'
ac_cv_path_mkdir=/bin/mkdir
ac_cv_prog_AWK=gawk
ac_cv_prog_CPP='gcc -E'
ac_cv_prog_ac_ct_CC=gcc
ac_cv_prog_cc_c89=
ac_cv_prog_cc_c99=
ac_cv_prog_cc_g=yes
ac_cv_prog_make_make_set=yes
am_cv_CC_dependencies_compiler_type=gcc3
cf_cv_define_sigwinch=yes
cf_cv_working_poll=no
pkg_cv_LUIT_CFLAGS=
pkg_cv_LUIT_LIBS=-lfontenc
xorg_cv_cc_flag__Wall=yes
xorg_cv_cc_flag__Wbad_function_cast=yes
xorg_cv_cc_flag__Wcast_qual=yes
xorg_cv_cc_flag__Wdeclaration_after_statement=yes
xorg_cv_cc_flag__Werror=yes
xorg_cv_cc_flag__Werror_address=yes
xorg_cv_cc_flag__Werror_array_bounds=yes
xorg_cv_cc_flag__Werror_attributes=yes
xorg_cv_cc_flag__Werror_implicit=yes
xorg_cv_cc_flag__Werror_init_self=yes
xorg_cv_cc_flag__Werror_int_to_pointer_cast=yes
xorg_cv_cc_flag__Werror_main=yes
xorg_cv_cc_flag__Werror_missing_braces=yes
xorg_cv_cc_flag__Werror_nonnull=yes
xorg_cv_cc_flag__Werror_pointer_to_int_cast=yes
xorg_cv_cc_flag__Werror_return_type=yes
xorg_cv_cc_flag__Werror_sequence_point=yes
xorg_cv_cc_flag__Werror_trigraphs=yes
xorg_cv_cc_flag__Werror_write_strings=yes
xorg_cv_cc_flag__Wformat_2=yes
xorg_cv_cc_flag__Wmissing_declarations=yes
xorg_cv_cc_flag__Wmissing_format_attribute=yes
xorg_cv_cc_flag__Wmissing_noreturn=yes
xorg_cv_cc_flag__Wmissing_prototypes=yes
xorg_cv_cc_flag__Wnested_externs=yes
xorg_cv_cc_flag__Wold_style_definition=yes
xorg_cv_cc_flag__Wpointer_arith=yes
xorg_cv_cc_flag__Wredundant_decls=yes
xorg_cv_cc_flag__Wshadow=yes
xorg_cv_cc_flag__Wstrict_prototypes=yes
xorg_cv_cc_flag__Wuninitialized=yes
xorg_cv_cc_flag__Wunused=yes
xorg_cv_cc_flag__pedantic=yes
xorg_cv_cc_flag_unknown_warning_option=no
xorg_cv_cc_flag_unused_command_line_argument=no

## ----------------- ##
## Output variables. ##
## ----------------- ##

ACLOCAL='${SHELL} /lfskernel/sources/boot/X11/app/luit-1.1.1/missing --run aclocal-1.11'
ADMIN_MAN_DIR='$(mandir)/man$(ADMIN_MAN_SUFFIX)'
ADMIN_MAN_SUFFIX='8'
AMDEPBACKSLASH='\'
AMDEP_FALSE='#'
AMDEP_TRUE=''
AMTAR='${SHELL} /lfskernel/sources/boot/X11/app/luit-1.1.1/missing --run tar'
AM_BACKSLASH='\'
AM_DEFAULT_VERBOSITY='0'
APP_MAN_DIR='$(mandir)/man$(APP_MAN_SUFFIX)'
APP_MAN_SUFFIX='1'
AUTOCONF='${SHELL} /lfskernel/sources/boot/X11/app/luit-1.1.1/missing --run autoconf'
AUTOHEADER='${SHELL} /lfskernel/sources/boot/X11/app/luit-1.1.1/missing --run autoheader'
AUTOMAKE='${SHELL} /lfskernel/sources/boot/X11/app/luit-1.1.1/missing --run automake-1.11'
AWK='gawk'
BASE_CFLAGS=' -Wall -Wpointer-arith -Wmissing-declarations -Wformat=2 -Wstrict-prototypes -Wmissing-prototypes -Wnested-externs -Wbad-function-cast -Wold-style-definition -Wdeclaration-after-statement -Wunused -Wuninitialized -Wshadow -Wcast-qual -Wmissing-noreturn -Wmissing-format-attribute -Wredundant-decls -Werror=implicit -Werror=nonnull -Werror=init-self -Werror=main -Werror=missing-braces -Werror=sequence-point -Werror=return-type -Werror=trigraphs -Werror=array-bounds -Werror=write-strings -Werror=address -Werror=int-to-pointer-cast -Werror=pointer-to-int-cast'
CC='gcc'
CCDEPMODE='depmode=gcc3'
CFLAGS='-g -O2'
CHANGELOG_CMD='(GIT_DIR=$(top_srcdir)/.git git log > $(top_srcdir)/.changelog.tmp && mv $(top_srcdir)/.changelog.tmp $(top_srcdir)/ChangeLog) || (rm -f $(top_srcdir)/.changelog.tmp; touch $(top_srcdir)/ChangeLog; echo '\''git directory not found: installing possibly empty changelog.'\'' >&2)'
CPP='gcc -E'
CPPFLAGS=''
CWARNFLAGS=' -Wall -Wpointer-arith -Wmissing-declarations -Wformat=2 -Wstrict-prototypes -Wmissing-prototypes -Wnested-externs -Wbad-function-cast -Wold-style-definition -Wdeclaration-after-statement -Wunused -Wuninitialized -Wshadow -Wcast-qual -Wmissing-noreturn -Wmissing-format-attribute -Wredundant-decls -Werror=implicit -Werror=nonnull -Werror=init-self -Werror=main -Werror=missing-braces -Werror=sequence-point -Werror=return-type -Werror=trigraphs -Werror=array-bounds -Werror=write-strings -Werror=address -Werror=int-to-pointer-cast -Werror=pointer-to-int-cast -fno-strict-aliasing'
CYGPATH_W='echo'
DEFS='-DHAVE_CONFIG_H'
DEPDIR='.deps'
DRIVER_MAN_DIR='$(mandir)/man$(DRIVER_MAN_SUFFIX)'
DRIVER_MAN_SUFFIX='4'
ECHO_C=''
ECHO_N='-n'
ECHO_T=''
EGREP='/usr/bin/grep -E'
EXEEXT=''
FILE_MAN_DIR='$(mandir)/man$(FILE_MAN_SUFFIX)'
FILE_MAN_SUFFIX='5'
GREP='/usr/bin/grep'
INSTALL_CMD='(cp -f /usr/share/util-macros/INSTALL $(top_srcdir)/.INSTALL.tmp && mv $(top_srcdir)/.INSTALL.tmp $(top_srcdir)/INSTALL) || (rm -f $(top_srcdir)/.INSTALL.tmp; touch $(top_srcdir)/INSTALL; echo '\''util-macros "pkgdatadir" from xorg-macros.pc not found: installing possibly empty INSTALL.'\'' >&2)'
INSTALL_DATA='${INSTALL} -m 644'
INSTALL_PROGRAM='${INSTALL}'
INSTALL_SCRIPT='${INSTALL}'
INSTALL_STRIP_PROGRAM='$(install_sh) -c -s'
LDFLAGS=''
LIBOBJS=''
LIBS=''
LIB_MAN_DIR='$(mandir)/man$(LIB_MAN_SUFFIX)'
LIB_MAN_SUFFIX='3'
LOCALEALIASFILE='${datarootdir}/X11/locale/locale.alias'
LTLIBOBJS=''
LUIT_CFLAGS=''
LUIT_LIBS='-lfontenc'
MAINT='#'
MAINTAINER_MODE_FALSE=''
MAINTAINER_MODE_TRUE='#'
MAKEINFO='${SHELL} /lfskernel/sources/boot/X11/app/luit-1.1.1/missing --run makeinfo'
MAN_SUBSTS='	-e '\''s|__vendorversion__|"$(PACKAGE_STRING)" "$(XORG_MAN_PAGE)"|'\'' 	-e '\''s|__xorgversion__|"$(PACKAGE_STRING)" "$(XORG_MAN_PAGE)"|'\'' 	-e '\''s|__xservername__|Xorg|g'\'' 	-e '\''s|__xconfigfile__|xorg.conf|g'\'' 	-e '\''s|__projectroot__|$(prefix)|g'\'' 	-e '\''s|__apploaddir__|$(appdefaultdir)|g'\'' 	-e '\''s|__appmansuffix__|$(APP_MAN_SUFFIX)|g'\'' 	-e '\''s|__drivermansuffix__|$(DRIVER_MAN_SUFFIX)|g'\'' 	-e '\''s|__adminmansuffix__|$(ADMIN_MAN_SUFFIX)|g'\'' 	-e '\''s|__libmansuffix__|$(LIB_MAN_SUFFIX)|g'\'' 	-e '\''s|__miscmansuffix__|$(MISC_MAN_SUFFIX)|g'\'' 	-e '\''s|__filemansuffix__|$(FILE_MAN_SUFFIX)|g'\'''
MISC_MAN_DIR='$(mandir)/man$(MISC_MAN_SUFFIX)'
MISC_MAN_SUFFIX='7'
MKDIR_P='/bin/mkdir -p'
OBJEXT='o'
OS_CFLAGS='-D_XOPEN_SOURCE=500'
PACKAGE='luit'
PACKAGE_BUGREPORT='https://bugs.freedesktop.org/enter_bug.cgi?product=xorg'
PACKAGE_NAME='luit'
PACKAGE_STRING='luit 1.1.1'
PACKAGE_TARNAME='luit'
PACKAGE_URL=''
PACKAGE_VERSION='1.1.1'
PATH_SEPARATOR=':'
PKG_CONFIG='/usr/bin/pkg-config'
SED='/bin/sed'
SET_MAKE=''
SHELL='/bin/sh'
STRICT_CFLAGS=' -pedantic -Werror -Werror=attributes'
STRIP=''
VERSION='1.1.1'
XORG_MAN_PAGE='X Version 11'
ac_ct_CC='gcc'
am__EXEEXT_FALSE=''
am__EXEEXT_TRUE='#'
am__fastdepCC_FALSE='#'
am__fastdepCC_TRUE=''
am__include='include'
am__isrc=''
am__leading_dot='.'
am__quote=''
am__tar='${AMTAR} chof - "$$tardir"'
am__untar='${AMTAR} xf -'
bindir='${exec_prefix}/bin'
build='x86_64-unknown-linux-gnu'
build_alias=''
build_cpu='x86_64'
build_os='linux-gnu'
build_vendor='unknown'
datadir='${datarootdir}'
datarootdir='${prefix}/share'
docdir='${datarootdir}/doc/${PACKAGE_TARNAME}'
dvidir='${docdir}'
exec_prefix='${prefix}'
host='x86_64-unknown-linux-gnu'
host_alias=''
host_cpu='x86_64'
host_os='linux-gnu'
host_vendor='unknown'
htmldir='${docdir}'
includedir='${prefix}/include'
infodir='${datarootdir}/info'
install_sh='${SHELL} /lfskernel/sources/boot/X11/app/luit-1.1.1/install-sh'
libdir='${exec_prefix}/lib'
libexecdir='${exec_prefix}/libexec'
localedir='${datarootdir}/locale'
localstatedir='/var'
mandir='${datarootdir}/man'
mkdir_p='/bin/mkdir -p'
oldincludedir='/usr/include'
pdfdir='${docdir}'
prefix='/usr'
program_transform_name='s,x,x,'
psdir='${docdir}'
sbindir='${exec_prefix}/sbin'
sharedstatedir='${prefix}/com'
sysconfdir='/etc'
target_alias=''

## ----------- ##
## confdefs.h. ##
## ----------- ##

/* confdefs.h */
#define PACKAGE_NAME "luit"
#define PACKAGE_TARNAME "luit"
#define PACKAGE_VERSION "1.1.1"
#define PACKAGE_STRING "luit 1.1.1"
#define PACKAGE_BUGREPORT "https://bugs.freedesktop.org/enter_bug.cgi?product=xorg"
#define PACKAGE_URL ""
#define PACKAGE "luit"
#define VERSION "1.1.1"
#define STDC_HEADERS 1
#define HAVE_SYS_TYPES_H 1
#define HAVE_SYS_STAT_H 1
#define HAVE_STDLIB_H 1
#define HAVE_STRING_H 1
#define HAVE_MEMORY_H 1
#define HAVE_STRINGS_H 1
#define HAVE_INTTYPES_H 1
#define HAVE_STDINT_H 1
#define HAVE_UNISTD_H 1
#define PACKAGE_VERSION_MAJOR 1
#define PACKAGE_VERSION_MINOR 1
#define PACKAGE_VERSION_PATCHLEVEL 1
#define HAVE_PTY_H 1
#define HAVE_STROPTS_H 1
#define HAVE_SYS_PARAM_H 1
#define HAVE_SYS_SELECT_H 1
#define HAVE_SELECT 1
#define HAVE_GRANTPT 1
#define HAVE_POSIX_OPENPT 1
#define HAVE_POLL_H 1
#define HAVE_POLL 1
#define HAVE_PTY_H 1
#define HAVE_STROPTS_H 1
#define HAVE_SYS_IOCTL_H 1
#define HAVE_SYS_PARAM_H 1
#define HAVE_SYS_POLL_H 1
#define HAVE_SYS_SELECT_H 1
#define HAVE_SYS_TIME_H 1
#define HAVE_TERMIOS_H 1
#define HAVE_GRANTPT 1
#define HAVE_PUTENV 1
#define HAVE_SELECT 1
#define HAVE_STRDUP 1

configure: exit 0
