cd man && make DESTDIR="" RPATH_LIST="/usr/lib" install
make[1]: Entering directory '/sources/ncurses-6.0/build/man'
/bin/sh ../edit_man.sh normal installing /usr/share/man ../../man terminfo.5 *-config.1 ../../man/*.[0-9]*
...made /sources/ncurses-6.0/build/man_alias.sed
installing /usr/share/man/man5/terminfo.5
installing /usr/share/man/man1/ncursesw6-config.1
installing /usr/share/man/man1/captoinfo.1m
installing /usr/share/man/man1/clear.1
installing /usr/share/man/man3/curs_add_wch.3x
.. installing alias add_wch.3x
.. installing alias echo_wchar.3x
.. installing alias mvadd_wch.3x
.. installing alias mvwadd_wch.3x
.. installing alias wadd_wch.3x
.. installing alias wecho_wchar.3x
installing /usr/share/man/man3/curs_add_wchstr.3x
.. installing alias add_wchnstr.3x
.. installing alias add_wchstr.3x
.. installing alias mvadd_wchnstr.3x
.. installing alias mvadd_wchstr.3x
.. installing alias mvwadd_wchnstr.3x
.. installing alias mvwadd_wchstr.3x
.. installing alias wadd_wchnstr.3x
.. installing alias wadd_wchstr.3x
installing /usr/share/man/man3/curs_addch.3x
.. installing alias addch.3x
.. installing alias echochar.3x
.. installing alias mvaddch.3x
.. installing alias mvwaddch.3x
.. installing alias waddch.3x
.. installing alias wechochar.3x
installing /usr/share/man/man3/curs_addchstr.3x
.. installing alias addchnstr.3x
.. installing alias addchstr.3x
.. installing alias mvaddchnstr.3x
.. installing alias mvaddchstr.3x
.. installing alias mvwaddchnstr.3x
.. installing alias mvwaddchstr.3x
.. installing alias waddchnstr.3x
.. installing alias waddchstr.3x
installing /usr/share/man/man3/curs_addstr.3x
.. installing alias addnstr.3x
.. installing alias addstr.3x
.. installing alias mvaddnstr.3x
.. installing alias mvaddstr.3x
.. installing alias mvwaddnstr.3x
.. installing alias mvwaddstr.3x
.. installing alias waddnstr.3x
.. installing alias waddstr.3x
installing /usr/share/man/man3/curs_addwstr.3x
.. installing alias addnwstr.3x
.. installing alias addwstr.3x
.. installing alias mvaddnwstr.3x
.. installing alias mvaddwstr.3x
.. installing alias mvwaddnwstr.3x
.. installing alias mvwaddwstr.3x
.. installing alias waddnwstr.3x
.. installing alias waddwstr.3x
installing /usr/share/man/man3/curs_attr.3x
.. installing alias PAIR_NUMBER.3x
.. installing alias attr_get.3x
.. installing alias attr_off.3x
.. installing alias attr_on.3x
.. installing alias attr_set.3x
.. installing alias attroff.3x
.. installing alias attron.3x
.. installing alias attrset.3x
.. installing alias chgat.3x
.. installing alias color_set.3x
.. installing alias mvchgat.3x
.. installing alias mvwchgat.3x
.. installing alias standend.3x
.. installing alias standout.3x
.. installing alias wattr_get.3x
.. installing alias wattr_off.3x
.. installing alias wattr_on.3x
.. installing alias wattr_set.3x
.. installing alias wattroff.3x
.. installing alias wattron.3x
.. installing alias wattrset.3x
.. installing alias wchgat.3x
.. installing alias wcolor_set.3x
.. installing alias wstandend.3x
.. installing alias wstandout.3x
installing /usr/share/man/man3/curs_beep.3x
.. installing alias beep.3x
.. installing alias flash.3x
installing /usr/share/man/man3/curs_bkgd.3x
.. installing alias bkgd.3x
.. installing alias bkgdset.3x
.. installing alias getbkgd.3x
.. installing alias wbkgd.3x
.. installing alias wbkgdset.3x
installing /usr/share/man/man3/curs_bkgrnd.3x
.. installing alias bkgrnd.3x
.. installing alias bkgrndset.3x
.. installing alias getbkgrnd.3x
.. installing alias wbkgrnd.3x
.. installing alias wbkgrndset.3x
.. installing alias wgetbkgrnd.3x
installing /usr/share/man/man3/curs_border.3x
.. installing alias border.3x
.. installing alias box.3x
.. installing alias hline.3x
.. installing alias mvhline.3x
.. installing alias mvvline.3x
.. installing alias mvwhline.3x
.. installing alias mvwvline.3x
.. installing alias vline.3x
.. installing alias wborder.3x
.. installing alias whline.3x
.. installing alias wvline.3x
installing /usr/share/man/man3/curs_border_set.3x
.. installing alias border_set.3x
.. installing alias box_set.3x
.. installing alias hline_set.3x
.. installing alias mvhline_set.3x
.. installing alias mvvline_set.3x
.. installing alias mvwhline_set.3x
.. installing alias mvwvline_set.3x
.. installing alias vline_set.3x
.. installing alias wborder_set.3x
.. installing alias whline_set.3x
.. installing alias wvline_set.3x
installing /usr/share/man/man3/curs_clear.3x
.. installing alias clear.3x
.. installing alias clrtobot.3x
.. installing alias clrtoeol.3x
.. installing alias erase.3x
.. installing alias wclear.3x
.. installing alias wclrtobot.3x
.. installing alias wclrtoeol.3x
.. installing alias werase.3x
installing /usr/share/man/man3/curs_color.3x
.. installing alias COLOR_PAIR.3x
.. installing alias can_change_color.3x
.. installing alias color_content.3x
.. installing alias has_colors.3x
.. installing alias init_color.3x
.. installing alias init_pair.3x
.. installing alias pair_content.3x
.. installing alias start_color.3x
installing /usr/share/man/man3/curs_delch.3x
.. installing alias delch.3x
.. installing alias mvdelch.3x
.. installing alias mvwdelch.3x
.. installing alias wdelch.3x
installing /usr/share/man/man3/curs_deleteln.3x
.. installing alias deleteln.3x
.. installing alias insdelln.3x
.. installing alias insertln.3x
.. installing alias wdeleteln.3x
.. installing alias winsdelln.3x
.. installing alias winsertln.3x
installing /usr/share/man/man3/curs_extend.3x
.. installing alias curses_version.3x
.. installing alias use_extended_names.3x
installing /usr/share/man/man3/curs_get_wch.3x
.. installing alias get_wch.3x
.. installing alias mvget_wch.3x
.. installing alias mvwget_wch.3x
.. installing alias unget_wch.3x
.. installing alias wget_wch.3x
installing /usr/share/man/man3/curs_get_wstr.3x
.. installing alias get_wstr.3x
.. installing alias getn_wstr.3x
.. installing alias mvget_wstr.3x
.. installing alias mvgetn_wstr.3x
.. installing alias mvwget_wstr.3x
.. installing alias mvwgetn_wstr.3x
.. installing alias wget_wstr.3x
.. installing alias wgetn_wstr.3x
installing /usr/share/man/man3/curs_getcchar.3x
.. installing alias getcchar.3x
.. installing alias setcchar.3x
installing /usr/share/man/man3/curs_getch.3x
.. installing alias getch.3x
.. installing alias has_key.3x
.. installing alias mvgetch.3x
.. installing alias mvwgetch.3x
.. installing alias ungetch.3x
.. installing alias wgetch.3x
installing /usr/share/man/man3/curs_getstr.3x
.. installing alias getnstr.3x
.. installing alias getstr.3x
.. installing alias mvgetnstr.3x
.. installing alias mvgetstr.3x
.. installing alias mvwgetnstr.3x
.. installing alias mvwgetstr.3x
.. installing alias wgetnstr.3x
.. installing alias wgetstr.3x
installing /usr/share/man/man3/curs_getyx.3x
.. installing alias getbegyx.3x
.. installing alias getmaxyx.3x
.. installing alias getparyx.3x
.. installing alias getyx.3x
installing /usr/share/man/man3/curs_in_wch.3x
.. installing alias in_wch.3x
.. installing alias mvin_wch.3x
.. installing alias mvwin_wch.3x
.. installing alias win_wch.3x
installing /usr/share/man/man3/curs_in_wchstr.3x
.. installing alias in_wchnstr.3x
.. installing alias in_wchstr.3x
.. installing alias mvin_wchnstr.3x
.. installing alias mvin_wchstr.3x
.. installing alias mvwin_wchnstr.3x
.. installing alias mvwin_wchstr.3x
.. installing alias win_wchnstr.3x
.. installing alias win_wchstr.3x
installing /usr/share/man/man3/curs_inch.3x
.. installing alias inch.3x
.. installing alias mvinch.3x
.. installing alias mvwinch.3x
.. installing alias winch.3x
installing /usr/share/man/man3/curs_inchstr.3x
.. installing alias inchnstr.3x
.. installing alias inchstr.3x
.. installing alias mvinchnstr.3x
.. installing alias mvinchstr.3x
.. installing alias mvwinchnstr.3x
.. installing alias mvwinchstr.3x
.. installing alias winchnstr.3x
.. installing alias winchstr.3x
installing /usr/share/man/man3/curs_initscr.3x
.. installing alias delscreen.3x
.. installing alias endwin.3x
.. installing alias initscr.3x
.. installing alias isendwin.3x
.. installing alias newterm.3x
.. installing alias set_term.3x
installing /usr/share/man/man3/curs_inopts.3x
.. installing alias cbreak.3x
.. installing alias echo.3x
.. installing alias halfdelay.3x
.. installing alias intrflush.3x
.. installing alias keypad.3x
.. installing alias meta.3x
.. installing alias nocbreak.3x
.. installing alias nodelay.3x
.. installing alias noecho.3x
.. installing alias noqiflush.3x
.. installing alias noraw.3x
.. installing alias notimeout.3x
.. installing alias qiflush.3x
.. installing alias raw.3x
.. installing alias timeout.3x
.. installing alias typeahead.3x
.. installing alias wtimeout.3x
installing /usr/share/man/man3/curs_ins_wch.3x
.. installing alias ins_wch.3x
.. installing alias mvins_wch.3x
.. installing alias mvwins_wch.3x
.. installing alias wins_wch.3x
installing /usr/share/man/man3/curs_ins_wstr.3x
.. installing alias ins_nwstr.3x
.. installing alias ins_wstr.3x
.. installing alias mvins_nwstr.3x
.. installing alias mvins_wstr.3x
.. installing alias mvwins_nwstr.3x
.. installing alias mvwins_wstr.3x
.. installing alias wins_nwstr.3x
.. installing alias wins_wstr.3x
installing /usr/share/man/man3/curs_insch.3x
.. installing alias insch.3x
.. installing alias mvinsch.3x
.. installing alias mvwinsch.3x
.. installing alias winsch.3x
installing /usr/share/man/man3/curs_insstr.3x
.. installing alias insnstr.3x
.. installing alias insstr.3x
.. installing alias mvinsnstr.3x
.. installing alias mvinsstr.3x
.. installing alias mvwinsnstr.3x
.. installing alias mvwinsstr.3x
.. installing alias winsnstr.3x
.. installing alias winsstr.3x
installing /usr/share/man/man3/curs_instr.3x
.. installing alias innstr.3x
.. installing alias instr.3x
.. installing alias mvinnstr.3x
.. installing alias mvinstr.3x
.. installing alias mvwinnstr.3x
.. installing alias mvwinstr.3x
.. installing alias winnstr.3x
.. installing alias winstr.3x
installing /usr/share/man/man3/curs_inwstr.3x
.. installing alias innwstr.3x
.. installing alias inwstr.3x
.. installing alias mvinnwstr.3x
.. installing alias mvinwstr.3x
.. installing alias mvwinnwstr.3x
.. installing alias mvwinwstr.3x
.. installing alias winnwstr.3x
.. installing alias winwstr.3x
installing /usr/share/man/man3/curs_kernel.3x
.. installing alias curs_set.3x
.. installing alias def_prog_mode.3x
.. installing alias def_shell_mode.3x
.. installing alias getsyx.3x
.. installing alias napms.3x
.. installing alias reset_prog_mode.3x
.. installing alias reset_shell_mode.3x
.. installing alias resetty.3x
.. installing alias ripoffline.3x
.. installing alias savetty.3x
.. installing alias setsyx.3x
installing /usr/share/man/man3/curs_legacy.3x
.. installing alias getattrs.3x
.. installing alias getbegx.3x
.. installing alias getbegy.3x
.. installing alias getcurx.3x
.. installing alias getcury.3x
.. installing alias getmaxx.3x
.. installing alias getmaxy.3x
.. installing alias getparx.3x
.. installing alias getpary.3x
installing /usr/share/man/man3/curs_memleaks.3x
.. installing alias _nc_free_and_exit.3x
.. installing alias _nc_freeall.3x
installing /usr/share/man/man3/curs_mouse.3x
.. installing alias getmouse.3x
.. installing alias has_mouse.3x
.. installing alias mouse_trafo.3x
.. installing alias mouseinterval.3x
.. installing alias mousemask.3x
.. installing alias ungetmouse.3x
.. installing alias wenclose.3x
.. installing alias wmouse_trafo.3x
installing /usr/share/man/man3/curs_move.3x
.. installing alias move.3x
.. installing alias wmove.3x
installing /usr/share/man/man3/curs_opaque.3x
.. installing alias is_cleared.3x
.. installing alias is_idcok.3x
.. installing alias is_idlok.3x
.. installing alias is_immedok.3x
.. installing alias is_keypad.3x
.. installing alias is_leaveok.3x
.. installing alias is_nodelay.3x
.. installing alias is_notimeout.3x
.. installing alias is_pad.3x
.. installing alias is_scrollok.3x
.. installing alias is_subwin.3x
.. installing alias is_syncok.3x
.. installing alias wgetdelay.3x
.. installing alias wgetparent.3x
.. installing alias wgetscrreg.3x
installing /usr/share/man/man3/curs_outopts.3x
.. installing alias clearok.3x
.. installing alias idcok.3x
.. installing alias idlok.3x
.. installing alias immedok.3x
.. installing alias leaveok.3x
.. installing alias nl.3x
.. installing alias nonl.3x
.. installing alias scrollok.3x
.. installing alias setscrreg.3x
.. installing alias wsetscrreg.3x
installing /usr/share/man/man3/curs_overlay.3x
.. installing alias copywin.3x
.. installing alias overlay.3x
.. installing alias overwrite.3x
installing /usr/share/man/man3/curs_pad.3x
.. installing alias newpad.3x
.. installing alias pecho_wchar.3x
.. installing alias pechochar.3x
.. installing alias pnoutrefresh.3x
.. installing alias prefresh.3x
.. installing alias subpad.3x
installing /usr/share/man/man3/curs_print.3x
.. installing alias mcprint.3x
installing /usr/share/man/man3/curs_printw.3x
.. installing alias mvprintw.3x
.. installing alias mvwprintw.3x
.. installing alias printw.3x
.. installing alias vw_printw.3x
.. installing alias vwprintw.3x
.. installing alias wprintw.3x
installing /usr/share/man/man3/curs_refresh.3x
.. installing alias doupdate.3x
.. installing alias redrawwin.3x
.. installing alias refresh.3x
.. installing alias wnoutrefresh.3x
.. installing alias wredrawln.3x
.. installing alias wrefresh.3x
installing /usr/share/man/man3/curs_scanw.3x
.. installing alias mvscanw.3x
.. installing alias mvwscanw.3x
.. installing alias scanw.3x
.. installing alias vw_scanw.3x
.. installing alias vwscanw.3x
.. installing alias wscanw.3x
installing /usr/share/man/man3/curs_scr_dump.3x
.. installing alias scr_dump.3x
.. installing alias scr_init.3x
.. installing alias scr_restore.3x
.. installing alias scr_set.3x
installing /usr/share/man/man3/curs_scroll.3x
.. installing alias scrl.3x
.. installing alias scroll.3x
.. installing alias wscrl.3x
installing /usr/share/man/man3/curs_slk.3x
.. installing alias slk_attr.3x
.. installing alias slk_attr_off.3x
.. installing alias slk_attr_on.3x
.. installing alias slk_attr_set.3x
.. installing alias slk_attroff.3x
.. installing alias slk_attron.3x
.. installing alias slk_attrset.3x
.. installing alias slk_clear.3x
.. installing alias slk_color.3x
.. installing alias slk_init.3x
.. installing alias slk_label.3x
.. installing alias slk_noutrefresh.3x
.. installing alias slk_refresh.3x
.. installing alias slk_restore.3x
.. installing alias slk_set.3x
.. installing alias slk_touch.3x
.. installing alias slk_wset.3x
installing /usr/share/man/man3/curs_sp_funcs.3x
.. installing alias assume_default_colors_sp.3x
.. installing alias baudrate_sp.3x
.. installing alias beep_sp.3x
.. installing alias can_change_color_sp.3x
.. installing alias cbreak_sp.3x
.. installing alias ceiling_panel.3x
.. installing alias color_content_sp.3x
.. installing alias curs_set_sp.3x
.. installing alias def_prog_mode_sp.3x
.. installing alias def_shell_mode_sp.3x
.. installing alias define_key_sp.3x
.. installing alias del_curterm_sp.3x
.. installing alias delay_output_sp.3x
.. installing alias doupdate_sp.3x
.. installing alias echo_sp.3x
.. installing alias endwin_sp.3x
.. installing alias erasechar_sp.3x
.. installing alias filter_sp.3x
.. installing alias flash_sp.3x
.. installing alias flushinp_sp.3x
.. installing alias get_escdelay_sp.3x
.. installing alias getmouse_sp.3x
.. installing alias getwin_sp.3x
.. installing alias ground_panel.3x
.. installing alias halfdelay_sp.3x
.. installing alias has_colors_sp.3x
.. installing alias has_ic_sp.3x
.. installing alias has_il_sp.3x
.. installing alias has_key_sp.3x
.. installing alias has_mouse_sp.3x
.. installing alias init_color_sp.3x
.. installing alias init_pair_sp.3x
.. installing alias intrflush_sp.3x
.. installing alias is_term_resized_sp.3x
.. installing alias isendwin_sp.3x
.. installing alias key_defined_sp.3x
.. installing alias keybound_sp.3x
.. installing alias keyname_sp.3x
.. installing alias keyok_sp.3x
.. installing alias killchar_sp.3x
.. installing alias mcprint_sp.3x
.. installing alias mouseinterval_sp.3x
.. installing alias mousemask_sp.3x
.. installing alias mvcur_sp.3x
.. installing alias napms_sp.3x
.. installing alias new_form_sp.3x
.. installing alias new_menu_sp.3x
.. installing alias new_prescr.3x
.. installing alias newpad_sp.3x
.. installing alias newterm_sp.3x
.. installing alias newwin_sp.3x
.. installing alias nl_sp.3x
.. installing alias nocbreak_sp.3x
.. installing alias noecho_sp.3x
.. installing alias nofilter_sp.3x
.. installing alias nonl_sp.3x
.. installing alias noqiflush_sp.3x
.. installing alias noraw_sp.3x
.. installing alias pair_content_sp.3x
.. installing alias putp_sp.3x
.. installing alias qiflush_sp.3x
.. installing alias raw_sp.3x
.. installing alias reset_prog_mode_sp.3x
.. installing alias reset_shell_mode_sp.3x
.. installing alias resetty_sp.3x
.. installing alias resize_term_sp.3x
.. installing alias resizeterm_sp.3x
.. installing alias restartterm_sp.3x
.. installing alias ripoffline_sp.3x
.. installing alias savetty_sp.3x
.. installing alias scr_init_sp.3x
.. installing alias scr_restore_sp.3x
.. installing alias scr_set_sp.3x
.. installing alias set_curterm_sp.3x
.. installing alias set_escdelay_sp.3x
.. installing alias set_tabsize_sp.3x
.. installing alias slk_attr_set_sp.3x
.. installing alias slk_attr_sp.3x
.. installing alias slk_attroff_sp.3x
.. installing alias slk_attron_sp.3x
.. installing alias slk_attrset_sp.3x
.. installing alias slk_clear_sp.3x
.. installing alias slk_color_sp.3x
.. installing alias slk_init_sp.3x
.. installing alias slk_label_sp.3x
.. installing alias slk_noutrefresh_sp.3x
.. installing alias slk_refresh_sp.3x
.. installing alias slk_restore_sp.3x
.. installing alias slk_set_sp.3x
.. installing alias slk_touch_sp.3x
.. installing alias start_color_sp.3x
.. installing alias term_attrs_sp.3x
.. installing alias termattrs_sp.3x
.. installing alias termname_sp.3x
.. installing alias tgetent_sp.3x
.. installing alias tgetflag_sp.3x
.. installing alias tgetnum_sp.3x
.. installing alias tgetstr_sp.3x
.. installing alias tigetflag_sp.3x
.. installing alias tigetnum_sp.3x
.. installing alias tigetstr_sp.3x
.. installing alias tputs_sp.3x
.. installing alias typeahead_sp.3x
.. installing alias unctrl_sp.3x
.. installing alias unget_wch_sp.3x
.. installing alias ungetch_sp.3x
.. installing alias ungetmouse_sp.3x
.. installing alias update_panels_sp.3x
.. installing alias use_default_colors_sp.3x
.. installing alias use_env_sp.3x
.. installing alias use_legacy_coding_sp.3x
.. installing alias vid_attr_sp.3x
.. installing alias vid_puts_sp.3x
.. installing alias vidattr_sp.3x
.. installing alias vidputs_sp.3x
.. installing alias wunctrl_sp.3x
installing /usr/share/man/man3/curs_termattrs.3x
.. installing alias baudrate.3x
.. installing alias erasechar.3x
.. installing alias erasewchar.3x
.. installing alias has_ic.3x
.. installing alias has_il.3x
.. installing alias killchar.3x
.. installing alias killwchar.3x
.. installing alias longname.3x
.. installing alias term_attrs.3x
.. installing alias termattrs.3x
.. installing alias termname.3x
installing /usr/share/man/man3/curs_termcap.3x
.. installing alias BC.3x
.. installing alias PC.3x
.. installing alias UP.3x
.. installing alias ospeed.3x
.. installing alias tgetent.3x
.. installing alias tgetflag.3x
.. installing alias tgetnum.3x
.. installing alias tgetstr.3x
.. installing alias tgoto.3x
.. installing alias tputs.3x
installing /usr/share/man/man3/curs_terminfo.3x
.. installing alias del_curterm.3x
.. installing alias mvcur.3x
.. installing alias putp.3x
.. installing alias restartterm.3x
.. installing alias set_curterm.3x
.. installing alias setterm.3x
.. installing alias setupterm.3x
.. installing alias tigetflag.3x
.. installing alias tigetnum.3x
.. installing alias tigetstr.3x
.. installing alias tiparm.3x
.. installing alias tparm.3x
.. installing alias tputs.3x
.. installing alias vid_attr.3x
.. installing alias vid_puts.3x
.. installing alias vidattr.3x
.. installing alias vidputs.3x
installing /usr/share/man/man3/curs_threads.3x
.. installing alias get_escdelay.3x
.. installing alias set_escdelay.3x
.. installing alias set_tabsize.3x
.. installing alias use_screen.3x
.. installing alias use_window.3x
installing /usr/share/man/man3/curs_touch.3x
.. installing alias is_linetouched.3x
.. installing alias is_wintouched.3x
.. installing alias touchline.3x
.. installing alias touchwin.3x
.. installing alias untouchwin.3x
.. installing alias wtouchln.3x
installing /usr/share/man/man3/curs_trace.3x
.. installing alias _nc_tracebits.3x
.. installing alias _traceattr.3x
.. installing alias _traceattr2.3x
.. installing alias _tracecchar_t.3x
.. installing alias _tracecchar_t2.3x
.. installing alias _tracechar.3x
.. installing alias _tracechtype.3x
.. installing alias _tracechtype2.3x
.. installing alias _tracedump.3x
.. installing alias _tracef.3x
.. installing alias _tracemouse.3x
.. installing alias trace.3x
installing /usr/share/man/man3/curs_util.3x
.. installing alias delay_output.3x
.. installing alias filter.3x
.. installing alias flushinp.3x
.. installing alias getwin.3x
.. installing alias key_name.3x
.. installing alias keyname.3x
.. installing alias nofilter.3x
.. installing alias putwin.3x
.. installing alias unctrl.3x
.. installing alias use_env.3x
.. installing alias use_tioctl.3x
.. installing alias wunctrl.3x
installing /usr/share/man/man3/curs_variables.3x
.. installing alias COLORS.3x
.. installing alias COLOR_PAIRS.3x
.. installing alias COLS.3x
.. installing alias ESCDELAY.3x
.. installing alias LINES.3x
.. installing alias TABSIZE.3x
.. installing alias curscr.3x
.. installing alias newscr.3x
.. installing alias stdscr.3x
installing /usr/share/man/man3/curs_window.3x
.. installing alias delwin.3x
.. installing alias derwin.3x
.. installing alias dupwin.3x
.. installing alias mvderwin.3x
.. installing alias mvwin.3x
.. installing alias newwin.3x
.. installing alias subwin.3x
.. installing alias syncok.3x
.. installing alias wcursyncup.3x
.. installing alias wsyncdown.3x
.. installing alias wsyncup.3x
installing /usr/share/man/man3/default_colors.3x
.. installing alias assume_default_colors.3x
.. installing alias use_default_colors.3x
installing /usr/share/man/man3/define_key.3x
installing /usr/share/man/man3/form.3x
installing /usr/share/man/man3/form_cursor.3x
.. installing alias pos_form_cursor.3x
installing /usr/share/man/man3/form_data.3x
.. installing alias data_ahead.3x
.. installing alias data_behind.3x
installing /usr/share/man/man3/form_driver.3x
.. installing alias form_driver_w.3x
installing /usr/share/man/man3/form_field.3x
.. installing alias field_count.3x
.. installing alias form_fields.3x
.. installing alias move_field.3x
.. installing alias set_form_fields.3x
installing /usr/share/man/man3/form_field_attributes.3x
.. installing alias field_back.3x
.. installing alias field_fore.3x
.. installing alias field_pad.3x
.. installing alias set_field_back.3x
.. installing alias set_field_fore.3x
.. installing alias set_field_pad.3x
installing /usr/share/man/man3/form_field_buffer.3x
.. installing alias field_buffer.3x
.. installing alias field_status.3x
.. installing alias set_field_buffer.3x
.. installing alias set_field_status.3x
.. installing alias set_max_field.3x
installing /usr/share/man/man3/form_field_info.3x
.. installing alias dynamic_field_info.3x
.. installing alias field_info.3x
installing /usr/share/man/man3/form_field_just.3x
.. installing alias field_just.3x
.. installing alias set_field_just.3x
installing /usr/share/man/man3/form_field_new.3x
.. installing alias dup_field.3x
.. installing alias free_field.3x
.. installing alias link_field.3x
.. installing alias new_field.3x
installing /usr/share/man/man3/form_field_opts.3x
.. installing alias field_opts.3x
.. installing alias field_opts_off.3x
.. installing alias field_opts_on.3x
.. installing alias set_field_opts.3x
installing /usr/share/man/man3/form_field_userptr.3x
.. installing alias field_userptr.3x
.. installing alias set_field_userptr.3x
installing /usr/share/man/man3/form_field_validation.3x
.. installing alias field_arg.3x
.. installing alias field_type.3x
.. installing alias set_field_type.3x
installing /usr/share/man/man3/form_fieldtype.3x
.. installing alias free_fieldtype.3x
.. installing alias link_fieldtype.3x
.. installing alias new_fieldtype.3x
.. installing alias set_fieldtype_arg.3x
.. installing alias set_fieldtype_choice.3x
installing /usr/share/man/man3/form_hook.3x
.. installing alias field_init.3x
.. installing alias field_term.3x
.. installing alias form_init.3x
.. installing alias form_term.3x
.. installing alias set_field_init.3x
.. installing alias set_field_term.3x
.. installing alias set_form_init.3x
.. installing alias set_form_term.3x
installing /usr/share/man/man3/form_new.3x
.. installing alias free_form.3x
.. installing alias new_form.3x
installing /usr/share/man/man3/form_new_page.3x
.. installing alias new_page.3x
.. installing alias set_new_page.3x
installing /usr/share/man/man3/form_opts.3x
.. installing alias form_opts_off.3x
.. installing alias form_opts_on.3x
.. installing alias set_form_opts.3x
installing /usr/share/man/man3/form_page.3x
.. installing alias current_field.3x
.. installing alias field_index.3x
.. installing alias set_current_field.3x
.. installing alias set_form_page.3x
installing /usr/share/man/man3/form_post.3x
.. installing alias post_form.3x
.. installing alias unpost_form.3x
installing /usr/share/man/man3/form_requestname.3x
.. installing alias form_request_by_name.3x
.. installing alias form_request_name.3x
installing /usr/share/man/man3/form_userptr.3x
.. installing alias set_form_userptr.3x
installing /usr/share/man/man3/form_variables.3x
.. installing alias TYPE_ALNUM.3x
.. installing alias TYPE_ALPHA.3x
.. installing alias TYPE_ENUM.3x
.. installing alias TYPE_INTEGER.3x
.. installing alias TYPE_IPV4.3x
.. installing alias TYPE_NUMERIC.3x
.. installing alias TYPE_REGEXP.3x
installing /usr/share/man/man3/form_win.3x
.. installing alias form_sub.3x
.. installing alias scale_form.3x
.. installing alias set_form_sub.3x
.. installing alias set_form_win.3x
installing /usr/share/man/man1/infocmp.1m
installing /usr/share/man/man1/infotocap.1m
installing /usr/share/man/man3/key_defined.3x
installing /usr/share/man/man3/keybound.3x
installing /usr/share/man/man3/keyok.3x
installing /usr/share/man/man3/legacy_coding.3x
.. installing alias use_legacy_coding.3x
installing /usr/share/man/man3/menu.3x
installing /usr/share/man/man3/menu_attributes.3x
.. installing alias menu_back.3x
.. installing alias menu_fore.3x
.. installing alias menu_grey.3x
.. installing alias menu_pad.3x
.. installing alias set_menu_back.3x
.. installing alias set_menu_fore.3x
.. installing alias set_menu_grey.3x
.. installing alias set_menu_pad.3x
installing /usr/share/man/man3/menu_cursor.3x
.. installing alias pos_menu_cursor.3x
installing /usr/share/man/man3/menu_driver.3x
installing /usr/share/man/man3/menu_format.3x
.. installing alias set_menu_format.3x
installing /usr/share/man/man3/menu_hook.3x
.. installing alias item_init.3x
.. installing alias item_term.3x
.. installing alias menu_init.3x
.. installing alias menu_term.3x
.. installing alias set_item_init.3x
.. installing alias set_item_term.3x
.. installing alias set_menu_init.3x
.. installing alias set_menu_term.3x
installing /usr/share/man/man3/menu_items.3x
.. installing alias item_count.3x
.. installing alias set_menu_items.3x
installing /usr/share/man/man3/menu_mark.3x
.. installing alias set_menu_mark.3x
installing /usr/share/man/man3/menu_new.3x
.. installing alias free_menu.3x
.. installing alias new_menu.3x
installing /usr/share/man/man3/menu_opts.3x
.. installing alias menu_opts_off.3x
.. installing alias menu_opts_on.3x
.. installing alias set_menu_opts.3x
installing /usr/share/man/man3/menu_pattern.3x
.. installing alias set_menu_pattern.3x
installing /usr/share/man/man3/menu_post.3x
.. installing alias post_menu.3x
.. installing alias unpost_menu.3x
installing /usr/share/man/man3/menu_requestname.3x
.. installing alias menu_request_by_name.3x
.. installing alias menu_request_name.3x
installing /usr/share/man/man3/menu_spacing.3x
.. installing alias set_menu_spacing.3x
installing /usr/share/man/man3/menu_userptr.3x
.. installing alias set_menu_userptr.3x
installing /usr/share/man/man3/menu_win.3x
.. installing alias menu_sub.3x
.. installing alias scale_menu.3x
.. installing alias set_menu_sub.3x
.. installing alias set_menu_win.3x
installing /usr/share/man/man3/mitem_current.3x
.. installing alias current_item.3x
.. installing alias item_index.3x
.. installing alias set_current_item.3x
.. installing alias set_top_row.3x
.. installing alias top_row.3x
installing /usr/share/man/man3/mitem_name.3x
.. installing alias item_description.3x
.. installing alias item_name.3x
installing /usr/share/man/man3/mitem_new.3x
.. installing alias free_item.3x
.. installing alias new_item.3x
installing /usr/share/man/man3/mitem_opts.3x
.. installing alias item_opts.3x
.. installing alias item_opts_off.3x
.. installing alias item_opts_on.3x
.. installing alias set_item_opts.3x
installing /usr/share/man/man3/mitem_userptr.3x
.. installing alias item_userptr.3x
.. installing alias set_item_userptr.3x
installing /usr/share/man/man3/mitem_value.3x
.. installing alias item_value.3x
.. installing alias set_item_value.3x
installing /usr/share/man/man3/mitem_visible.3x
.. installing alias item_visible.3x
installing /usr/share/man/man3/ncurses.3x
installing /usr/share/man/man3/panel.3x
.. installing alias bottom_panel.3x
.. installing alias del_panel.3x
.. installing alias hide_panel.3x
.. installing alias move_panel.3x
.. installing alias new_panel.3x
.. installing alias panel_above.3x
.. installing alias panel_below.3x
.. installing alias panel_hidden.3x
.. installing alias panel_userptr.3x
.. installing alias panel_window.3x
.. installing alias replace_panel.3x
.. installing alias set_panel_userptr.3x
.. installing alias show_panel.3x
.. installing alias top_panel.3x
.. installing alias update_panels.3x
installing /usr/share/man/man3/resizeterm.3x
.. installing alias is_term_resized.3x
.. installing alias resize_term.3x
installing /usr/share/man/man1/tabs.1
installing /usr/share/man/man5/term.5
installing /usr/share/man/man7/term.7
installing /usr/share/man/man3/term_variables.3x
.. installing alias SP.3x
.. installing alias acs_map.3x
.. installing alias boolcodes.3x
.. installing alias boolfnames.3x
.. installing alias boolnames.3x
.. installing alias cur_term.3x
.. installing alias numcodes.3x
.. installing alias numfnames.3x
.. installing alias numnames.3x
.. installing alias strcodes.3x
.. installing alias strfnames.3x
.. installing alias strnames.3x
.. installing alias ttytype.3x
installing /usr/share/man/man1/tic.1m
installing /usr/share/man/man1/toe.1m
installing /usr/share/man/man1/tput.1
.. installing alias reset.1
installing /usr/share/man/man1/tset.1
.. installing alias reset.1
installing /usr/share/man/man3/wresize.3x
make[1]: Leaving directory '/sources/ncurses-6.0/build/man'
cd include && make DESTDIR="" RPATH_LIST="/usr/lib" install
make[1]: Entering directory '/sources/ncurses-6.0/build/include'
installing curses.h in /usr/include
installing unctrl.h in /usr/include
installing ncurses_dll.h in /usr/include
installing term.h in /usr/include
installing termcap.h in /usr/include
installing ../../include/tic.h in /usr/include
installing ../../include/term_entry.h in /usr/include
installing ../../include/nc_tparm.h in /usr/include
make[1]: Leaving directory '/sources/ncurses-6.0/build/include'
cd ncurses && make DESTDIR="" RPATH_LIST="/usr/lib" install
make[1]: Entering directory '/sources/ncurses-6.0/build/ncurses'
linking /usr/lib/libncursesw.so.6.0
gcc -O2 --param max-inline-insns-single=1200 -shared -Wl,-soname,`basename /usr/lib/libncursesw.so.6.0 .6.0`.6,-stats,-lc -o /usr/lib/libncursesw.so.6.0 ../obj_s/hardscroll.o ../obj_s/hashmap.o ../obj_s/lib_addch.o ../obj_s/lib_addstr.o ../obj_s/lib_beep.o ../obj_s/lib_bkgd.o ../obj_s/lib_box.o ../obj_s/lib_chgat.o ../obj_s/lib_clear.o ../obj_s/lib_clearok.o ../obj_s/lib_clrbot.o ../obj_s/lib_clreol.o ../obj_s/lib_color.o ../obj_s/lib_colorset.o ../obj_s/lib_delch.o ../obj_s/lib_delwin.o ../obj_s/lib_echo.o ../obj_s/lib_endwin.o ../obj_s/lib_erase.o ../obj_s/lib_flash.o ../obj_s/lib_gen.o ../obj_s/lib_getch.o ../obj_s/lib_getstr.o ../obj_s/lib_hline.o ../obj_s/lib_immedok.o ../obj_s/lib_inchstr.o ../obj_s/lib_initscr.o ../obj_s/lib_insch.o ../obj_s/lib_insdel.o ../obj_s/lib_insnstr.o ../obj_s/lib_instr.o ../obj_s/lib_isendwin.o ../obj_s/lib_leaveok.o ../obj_s/lib_mouse.o ../obj_s/lib_move.o ../obj_s/lib_mvcur.o ../obj_s/lib_mvwin.o ../obj_s/lib_newterm.o ../obj_s/lib_newwin.o ../obj_s/lib_nl.o ../obj_s/lib_overlay.o ../obj_s/lib_pad.o ../obj_s/lib_printw.o ../obj_s/lib_redrawln.o ../obj_s/lib_refresh.o ../obj_s/lib_restart.o ../obj_s/lib_scanw.o ../obj_s/lib_screen.o ../obj_s/lib_scroll.o ../obj_s/lib_scrollok.o ../obj_s/lib_scrreg.o ../obj_s/lib_set_term.o ../obj_s/lib_slk.o ../obj_s/lib_slkatr_set.o ../obj_s/lib_slkatrof.o ../obj_s/lib_slkatron.o ../obj_s/lib_slkatrset.o ../obj_s/lib_slkattr.o ../obj_s/lib_slkclear.o ../obj_s/lib_slkcolor.o ../obj_s/lib_slkinit.o ../obj_s/lib_slklab.o ../obj_s/lib_slkrefr.o ../obj_s/lib_slkset.o ../obj_s/lib_slktouch.o ../obj_s/lib_touch.o ../obj_s/lib_tstp.o ../obj_s/lib_ungetch.o ../obj_s/lib_vidattr.o ../obj_s/lib_vline.o ../obj_s/lib_wattroff.o ../obj_s/lib_wattron.o ../obj_s/lib_winch.o ../obj_s/lib_window.o ../obj_s/nc_panel.o ../obj_s/safe_sprintf.o ../obj_s/tty_update.o ../obj_s/varargs.o ../obj_s/vsscanf.o ../obj_s/lib_freeall.o ../obj_s/charable.o ../obj_s/lib_add_wch.o ../obj_s/lib_box_set.o ../obj_s/lib_cchar.o ../obj_s/lib_erasewchar.o ../obj_s/lib_get_wch.o ../obj_s/lib_get_wstr.o ../obj_s/lib_hline_set.o ../obj_s/lib_in_wch.o ../obj_s/lib_in_wchnstr.o ../obj_s/lib_ins_wch.o ../obj_s/lib_inwstr.o ../obj_s/lib_key_name.o ../obj_s/lib_pecho_wchar.o ../obj_s/lib_slk_wset.o ../obj_s/lib_unget_wch.o ../obj_s/lib_vid_attr.o ../obj_s/lib_vline_set.o ../obj_s/lib_wacs.o ../obj_s/lib_wunctrl.o ../obj_s/expanded.o ../obj_s/legacy_coding.o ../obj_s/lib_dft_fgbg.o ../obj_s/lib_print.o ../obj_s/resizeterm.o ../obj_s/use_screen.o ../obj_s/use_window.o ../obj_s/wresize.o ../obj_s/access.o ../obj_s/add_tries.o ../obj_s/alloc_ttype.o ../obj_s/codes.o ../obj_s/comp_captab.o ../obj_s/comp_error.o ../obj_s/comp_hash.o ../obj_s/db_iterator.o ../obj_s/doalloc.o ../obj_s/entries.o ../obj_s/fallback.o ../obj_s/free_ttype.o ../obj_s/getenv_num.o ../obj_s/home_terminfo.o ../obj_s/init_keytry.o ../obj_s/lib_acs.o ../obj_s/lib_baudrate.o ../obj_s/lib_cur_term.o ../obj_s/lib_data.o ../obj_s/lib_has_cap.o ../obj_s/lib_kernel.o ../obj_s/lib_keyname.o ../obj_s/lib_longname.o ../obj_s/lib_napms.o ../obj_s/lib_options.o ../obj_s/lib_raw.o ../obj_s/lib_setup.o ../obj_s/lib_termcap.o ../obj_s/lib_termname.o ../obj_s/lib_tgoto.o ../obj_s/lib_ti.o ../obj_s/lib_tparm.o ../obj_s/lib_tputs.o ../obj_s/lib_trace.o ../obj_s/lib_ttyflags.o ../obj_s/lib_twait.o ../obj_s/name_match.o ../obj_s/names.o ../obj_s/obsolete.o ../obj_s/read_entry.o ../obj_s/read_termcap.o ../obj_s/strings.o ../obj_s/tries.o ../obj_s/trim_sgr0.o ../obj_s/unctrl.o ../obj_s/visbuf.o ../obj_s/alloc_entry.o ../obj_s/captoinfo.o ../obj_s/comp_expand.o ../obj_s/comp_parse.o ../obj_s/comp_scan.o ../obj_s/parse_entry.o ../obj_s/write_entry.o ../obj_s/define_key.o ../obj_s/hashed_db.o ../obj_s/key_defined.o ../obj_s/keybound.o ../obj_s/keyok.o ../obj_s/version.o -L../lib  
/usr/bin/ld: total time in link: 0.034584
/usr/bin/ld: data size 7843840
cd /usr/lib && (ln -s -f libncursesw.so.6.0 libncursesw.so.6; ln -s -f libncursesw.so.6 libncursesw.so; )
test -z "" && /sbin/ldconfig
make[1]: Leaving directory '/sources/ncurses-6.0/build/ncurses'
cd progs && make DESTDIR="" RPATH_LIST="/usr/lib" install
make[1]: Entering directory '/sources/ncurses-6.0/build/progs'
/usr/bin/install -c tic     /usr/bin/`echo tic|       sed 's/$//'|sed 's,x,x,'|sed 's/$//'`
/usr/bin/install -c toe     /usr/bin/`echo toe|       sed 's/$//'|sed 's,x,x,'|sed 's/$//'`
linking infotocap to tic
(cd /usr/bin && ln -s -f `echo tic|       sed 's/$//'|sed 's,x,x,'|sed 's/$//'` `echo infotocap| sed 's/$//'|sed 's,x,x,'|sed 's/$//'`)
linking captoinfo to tic
(cd /usr/bin && ln -s -f `echo tic|       sed 's/$//'|sed 's,x,x,'|sed 's/$//'` `echo captoinfo| sed 's/$//'|sed 's,x,x,'|sed 's/$//'`)
/usr/bin/install -c infocmp /usr/bin/`echo infocmp|   sed 's/$//'|sed 's,x,x,'|sed 's/$//'`
/usr/bin/install -c clear   /usr/bin/`echo clear|     sed 's/$//'|sed 's,x,x,'|sed 's/$//'`
/usr/bin/install -c tabs    /usr/bin/`echo tabs|      sed 's/$//'|sed 's,x,x,'|sed 's/$//'`
/usr/bin/install -c tput    /usr/bin/`echo tput|      sed 's/$//'|sed 's,x,x,'|sed 's/$//'`
/usr/bin/install -c tset    /usr/bin/`echo tset|      sed 's/$//'|sed 's,x,x,'|sed 's/$//'`
linking reset to tset
(cd /usr/bin && ln -s -f `echo tset|      sed 's/$//'|sed 's,x,x,'|sed 's/$//'` `echo reset|     sed 's/$//'|sed 's,x,x,'|sed 's/$//'`)
make[1]: Leaving directory '/sources/ncurses-6.0/build/progs'
cd panel && make DESTDIR="" RPATH_LIST="/usr/lib" install
make[1]: Entering directory '/sources/ncurses-6.0/build/panel'
linking ../lib/libpanelw.so.6.0
gcc -O2 --param max-inline-insns-single=1200 -shared -Wl,-soname,`basename ../lib/libpanelw.so.6.0 .6.0`.6,-stats,-lc -o ../lib/libpanelw.so.6.0 ../obj_s/panel.o ../obj_s/p_above.o ../obj_s/p_below.o ../obj_s/p_bottom.o ../obj_s/p_delete.o ../obj_s/p_hide.o ../obj_s/p_hidden.o ../obj_s/p_move.o ../obj_s/p_new.o ../obj_s/p_replace.o ../obj_s/p_show.o ../obj_s/p_top.o ../obj_s/p_update.o ../obj_s/p_user.o ../obj_s/p_win.o -L../lib -lncursesw  
/usr/bin/ld: total time in link: 0.017652
/usr/bin/ld: data size 4546560
cd ../lib && (ln -s -f libpanelw.so.6.0 libpanelw.so.6; ln -s -f libpanelw.so.6 libpanelw.so; )
linking /usr/lib/libpanelw.so.6.0
gcc -O2 --param max-inline-insns-single=1200 -shared -Wl,-soname,`basename /usr/lib/libpanelw.so.6.0 .6.0`.6,-stats,-lc -o /usr/lib/libpanelw.so.6.0 ../obj_s/panel.o ../obj_s/p_above.o ../obj_s/p_below.o ../obj_s/p_bottom.o ../obj_s/p_delete.o ../obj_s/p_hide.o ../obj_s/p_hidden.o ../obj_s/p_move.o ../obj_s/p_new.o ../obj_s/p_replace.o ../obj_s/p_show.o ../obj_s/p_top.o ../obj_s/p_update.o ../obj_s/p_user.o ../obj_s/p_win.o -L../lib -lncursesw  
/usr/bin/ld: total time in link: 0.022931
/usr/bin/ld: data size 4546560
cd /usr/lib && (ln -s -f libpanelw.so.6.0 libpanelw.so.6; ln -s -f libpanelw.so.6 libpanelw.so; )
test -z "" && /sbin/ldconfig
installing ../../panel/panel.h in /usr/include
make[1]: Leaving directory '/sources/ncurses-6.0/build/panel'
cd menu && make DESTDIR="" RPATH_LIST="/usr/lib" install
make[1]: Entering directory '/sources/ncurses-6.0/build/menu'
linking ../lib/libmenuw.so.6.0
gcc -O2 --param max-inline-insns-single=1200 -shared -Wl,-soname,`basename ../lib/libmenuw.so.6.0 .6.0`.6,-stats,-lc -o ../lib/libmenuw.so.6.0 ../obj_s/m_attribs.o ../obj_s/m_cursor.o ../obj_s/m_driver.o ../obj_s/m_format.o ../obj_s/m_global.o ../obj_s/m_hook.o ../obj_s/m_item_cur.o ../obj_s/m_item_nam.o ../obj_s/m_item_new.o ../obj_s/m_item_opt.o ../obj_s/m_item_top.o ../obj_s/m_item_use.o ../obj_s/m_item_val.o ../obj_s/m_item_vis.o ../obj_s/m_items.o ../obj_s/m_new.o ../obj_s/m_opts.o ../obj_s/m_pad.o ../obj_s/m_pattern.o ../obj_s/m_post.o ../obj_s/m_req_name.o ../obj_s/m_scale.o ../obj_s/m_spacing.o ../obj_s/m_sub.o ../obj_s/m_userptr.o ../obj_s/m_win.o -L../lib -lncursesw  
/usr/bin/ld: total time in link: 0.018724
/usr/bin/ld: data size 4784128
cd ../lib && (ln -s -f libmenuw.so.6.0 libmenuw.so.6; ln -s -f libmenuw.so.6 libmenuw.so; )
linking /usr/lib/libmenuw.so.6.0
gcc -O2 --param max-inline-insns-single=1200 -shared -Wl,-soname,`basename /usr/lib/libmenuw.so.6.0 .6.0`.6,-stats,-lc -o /usr/lib/libmenuw.so.6.0 ../obj_s/m_attribs.o ../obj_s/m_cursor.o ../obj_s/m_driver.o ../obj_s/m_format.o ../obj_s/m_global.o ../obj_s/m_hook.o ../obj_s/m_item_cur.o ../obj_s/m_item_nam.o ../obj_s/m_item_new.o ../obj_s/m_item_opt.o ../obj_s/m_item_top.o ../obj_s/m_item_use.o ../obj_s/m_item_val.o ../obj_s/m_item_vis.o ../obj_s/m_items.o ../obj_s/m_new.o ../obj_s/m_opts.o ../obj_s/m_pad.o ../obj_s/m_pattern.o ../obj_s/m_post.o ../obj_s/m_req_name.o ../obj_s/m_scale.o ../obj_s/m_spacing.o ../obj_s/m_sub.o ../obj_s/m_userptr.o ../obj_s/m_win.o -L../lib -lncursesw  
/usr/bin/ld: total time in link: 0.018626
/usr/bin/ld: data size 4784128
cd /usr/lib && (ln -s -f libmenuw.so.6.0 libmenuw.so.6; ln -s -f libmenuw.so.6 libmenuw.so; )
test -z "" && /sbin/ldconfig
installing ../../menu/eti.h in /usr/include
installing ../../menu/menu.h in /usr/include
make[1]: Leaving directory '/sources/ncurses-6.0/build/menu'
cd form && make DESTDIR="" RPATH_LIST="/usr/lib" install
make[1]: Entering directory '/sources/ncurses-6.0/build/form'
linking ../lib/libformw.so.6.0
gcc -O2 --param max-inline-insns-single=1200 -shared -Wl,-soname,`basename ../lib/libformw.so.6.0 .6.0`.6,-stats,-lc -o ../lib/libformw.so.6.0 ../obj_s/fld_arg.o ../obj_s/fld_attr.o ../obj_s/fld_current.o ../obj_s/fld_def.o ../obj_s/fld_dup.o ../obj_s/fld_ftchoice.o ../obj_s/fld_ftlink.o ../obj_s/fld_info.o ../obj_s/fld_just.o ../obj_s/fld_link.o ../obj_s/fld_max.o ../obj_s/fld_move.o ../obj_s/fld_newftyp.o ../obj_s/fld_opts.o ../obj_s/fld_pad.o ../obj_s/fld_page.o ../obj_s/fld_stat.o ../obj_s/fld_type.o ../obj_s/fld_user.o ../obj_s/frm_cursor.o ../obj_s/frm_data.o ../obj_s/frm_def.o ../obj_s/frm_driver.o ../obj_s/frm_hook.o ../obj_s/frm_opts.o ../obj_s/frm_page.o ../obj_s/frm_post.o ../obj_s/frm_req_name.o ../obj_s/frm_scale.o ../obj_s/frm_sub.o ../obj_s/frm_user.o ../obj_s/frm_win.o ../obj_s/fty_alnum.o ../obj_s/fty_alpha.o ../obj_s/fty_enum.o ../obj_s/fty_generic.o ../obj_s/fty_int.o ../obj_s/fty_ipv4.o ../obj_s/fty_num.o ../obj_s/fty_regex.o -L../lib -lncursesw  
/usr/bin/ld: total time in link: 0.020322
/usr/bin/ld: data size 5058560
cd ../lib && (ln -s -f libformw.so.6.0 libformw.so.6; ln -s -f libformw.so.6 libformw.so; )
linking /usr/lib/libformw.so.6.0
gcc -O2 --param max-inline-insns-single=1200 -shared -Wl,-soname,`basename /usr/lib/libformw.so.6.0 .6.0`.6,-stats,-lc -o /usr/lib/libformw.so.6.0 ../obj_s/fld_arg.o ../obj_s/fld_attr.o ../obj_s/fld_current.o ../obj_s/fld_def.o ../obj_s/fld_dup.o ../obj_s/fld_ftchoice.o ../obj_s/fld_ftlink.o ../obj_s/fld_info.o ../obj_s/fld_just.o ../obj_s/fld_link.o ../obj_s/fld_max.o ../obj_s/fld_move.o ../obj_s/fld_newftyp.o ../obj_s/fld_opts.o ../obj_s/fld_pad.o ../obj_s/fld_page.o ../obj_s/fld_stat.o ../obj_s/fld_type.o ../obj_s/fld_user.o ../obj_s/frm_cursor.o ../obj_s/frm_data.o ../obj_s/frm_def.o ../obj_s/frm_driver.o ../obj_s/frm_hook.o ../obj_s/frm_opts.o ../obj_s/frm_page.o ../obj_s/frm_post.o ../obj_s/frm_req_name.o ../obj_s/frm_scale.o ../obj_s/frm_sub.o ../obj_s/frm_user.o ../obj_s/frm_win.o ../obj_s/fty_alnum.o ../obj_s/fty_alpha.o ../obj_s/fty_enum.o ../obj_s/fty_generic.o ../obj_s/fty_int.o ../obj_s/fty_ipv4.o ../obj_s/fty_num.o ../obj_s/fty_regex.o -L../lib -lncursesw  
/usr/bin/ld: total time in link: 0.027972
/usr/bin/ld: data size 5058560
cd /usr/lib && (ln -s -f libformw.so.6.0 libformw.so.6; ln -s -f libformw.so.6 libformw.so; )
test -z "" && /sbin/ldconfig
installing ../../form/form.h in /usr/include
make[1]: Leaving directory '/sources/ncurses-6.0/build/form'
cd test && make DESTDIR="" RPATH_LIST="/usr/lib" install
make[1]: Entering directory '/sources/ncurses-6.0/build/test'
make[1]: Nothing to be done for 'install'.
make[1]: Leaving directory '/sources/ncurses-6.0/build/test'
cd misc && make DESTDIR="" RPATH_LIST="/usr/lib" install
make[1]: Entering directory '/sources/ncurses-6.0/build/misc'
mkdir -p /usr/share/tabset
DESTDIR= \
prefix=/usr \
exec_prefix=/usr \
bindir=/usr/bin \
top_srcdir=../.. \
srcdir=../../misc \
datadir=/usr/share \
ticdir=/usr/share/terminfo \
source=terminfo.tmp \
cross_compiling=no \
/bin/sh ./run_tic.sh
** Building terminfo database, please wait...
Running sh ../../misc/shlib tic to install /usr/share/terminfo ...

	You may see messages regarding extended capabilities, e.g., AX.
	These are extended terminal capabilities which are compiled
	using
		tic -x
	If you have ncurses 4.2 applications, you should read the INSTALL
	document, and install the terminfo without the -x option.

1667 entries written to /usr/share/terminfo
** built new /usr/share/terminfo
** sym-linked /usr/lib/terminfo for compatibility
installing std
installing stdcrt
installing vt100
installing vt300
/usr/bin/install -c ncurses-config /usr/bin/ncursesw6-config
/bin/sh ./gen-pkgconfig
** creating ncursesw.pc
** creating panelw.pc
** creating menuw.pc
** creating formw.pc
** creating ncurses++w.pc
touch pc-files
/bin/sh -c 'for name in *.pc; do /usr/bin/install -c -m 644 $name /usr/lib/pkgconfig/$name; done'
make[1]: Leaving directory '/sources/ncurses-6.0/build/misc'
cd c++ && make DESTDIR="" RPATH_LIST="/usr/lib" install
make[1]: Entering directory '/sources/ncurses-6.0/build/c++'
installing ../lib/libncurses++w.a as /usr/lib/libncurses++w.a
/usr/bin/install -c -m 644 ../lib/libncurses++w.a /usr/lib/libncurses++w.a
ranlib /usr/lib/libncurses++w.a
installing ../../c++/cursesapp.h in /usr/include
installing ../../c++/cursesf.h in /usr/include
installing ../../c++/cursesm.h in /usr/include
installing ../../c++/cursesp.h in /usr/include
installing ../../c++/cursesw.h in /usr/include
installing ../../c++/cursslk.h in /usr/include
installing etip.h in /usr/include
make[1]: Leaving directory '/sources/ncurses-6.0/build/c++'
