cd man && make DESTDIR="" RPATH_LIST="/usr/lib" sources
make[1]: Entering directory '/sources/ncurses-6.0/build/man'
/bin/sh ../../man/MKterminfo.sh ../../man/terminfo.head ../../man/../include/Caps ../../man/terminfo.tail >terminfo.5
make[1]: Leaving directory '/sources/ncurses-6.0/build/man'
cd include && make DESTDIR="" RPATH_LIST="/usr/lib" sources
make[1]: Entering directory '/sources/ncurses-6.0/build/include'
cat curses.head >curses.h
AWK=gawk /bin/sh ../../include/MKkey_defs.sh ../../include/Caps >>curses.h
/bin/sh -c 'if test "chtype" = "cchar_t" ; then cat ../../include/curses.wide >>curses.h ; fi'
cat ../../include/curses.tail >>curses.h
/bin/sh ../../include/MKhashsize.sh ../../include/Caps >hashsize.h
AWK=gawk /bin/sh ../../include/MKncurses_def.sh ../../include/ncurses_defs >ncurses_def.h
AWK=gawk /bin/sh ../../include/MKparametrized.sh ../../include/Caps >parametrized.h
touch config.h
gawk -f MKterm.h.awk ../../include/Caps > term.h
/bin/sh ../../include/edit_cfg.sh ../include/ncurses_cfg.h term.h
** edit: HAVE_TCGETATTR 1
** edit: HAVE_TERMIOS_H 1
** edit: HAVE_TERMIO_H 1
** edit: BROKEN_LINKER 0
make[1]: Leaving directory '/sources/ncurses-6.0/build/include'
cd ncurses && make DESTDIR="" RPATH_LIST="/usr/lib" sources
make[1]: Entering directory '/sources/ncurses-6.0/build/ncurses'
gawk -f ../../ncurses/tinfo/MKcodes.awk bigstrings=1 ../../ncurses/../include/Caps >codes.c
gcc -o make_hash -DHAVE_CONFIG_H -DUSE_BUILD_CC -I../ncurses -I../../ncurses -I../include -I../../ncurses/../include -DHAVE_CONFIG_H -I. -I../../ncurses -I../include -I../../ncurses/../include  -D_GNU_SOURCE -DNDEBUG  -O2 --param max-inline-insns-single=1200 ../../ncurses/tinfo/make_hash.c  
/bin/sh -e ../../ncurses/tinfo/MKcaptab.sh gawk 1 ../../ncurses/tinfo/MKcaptab.awk ../../ncurses/../include/Caps > comp_captab.c
/bin/sh -e ../../ncurses/tty/MKexpanded.sh "gcc -E" -DHAVE_CONFIG_H -I. -I../../ncurses -I../include -I../../ncurses/../include  -D_GNU_SOURCE -DNDEBUG > expanded.c
/bin/sh -e ../../ncurses/tinfo/MKfallback.sh /usr/share/terminfo ../../misc/terminfo.src /usr/bin/tic  >fallback.c
/bin/sh -e ../../ncurses/base/MKlib_gen.sh "gcc -E -DHAVE_CONFIG_H -I. -I../../ncurses -I../include -I../../ncurses/../include  -D_GNU_SOURCE -DNDEBUG" "gawk" generated <../include/curses.h >lib_gen.c
.. adding -P option to work around gcc 7.2.0
AWK=gawk /bin/sh ../../ncurses/tinfo/MKkeys_list.sh ../../include/Caps | sort >keys.list
gawk -f ../../ncurses/base/MKkeyname.awk bigstrings=1 keys.list > lib_keyname.c
/bin/sh -e ../../ncurses/base/MKlib_gen.sh "gcc -E -DHAVE_CONFIG_H -I. -I../../ncurses -I../include -I../../ncurses/../include  -D_GNU_SOURCE -DNDEBUG" "gawk" implemented <../include/curses.h >link_test.c
.. adding -P option to work around gcc 7.2.0
gawk -f ../../ncurses/tinfo/MKnames.awk bigstrings=1 ../../ncurses/../include/Caps >names.c
echo | gawk -f ../../ncurses/base/MKunctrl.awk bigstrings=1 >unctrl.c
gcc -o make_keys -DHAVE_CONFIG_H -DUSE_BUILD_CC -I../ncurses -I../../ncurses -I../include -I../../ncurses/../include -DHAVE_CONFIG_H -I. -I../../ncurses -I../include -I../../ncurses/../include  -D_GNU_SOURCE -DNDEBUG  -O2 --param max-inline-insns-single=1200 ../../ncurses/tinfo/make_keys.c  
./make_keys keys.list > init_keytry.h
make[1]: Leaving directory '/sources/ncurses-6.0/build/ncurses'
cd progs && make DESTDIR="" RPATH_LIST="/usr/lib" sources
make[1]: Entering directory '/sources/ncurses-6.0/build/progs'
/bin/sh ../../progs/MKtermsort.sh gawk ../../progs/../include/Caps >termsort.c
echo "#ifndef __TRANSFORM_H"					>transform.h
echo "#define __TRANSFORM_H 1"					>>transform.h
echo "#include <progs.priv.h>"					>>transform.h
echo "extern bool same_program(const char *, const char *);"	>>transform.h
/bin/sh -c 'if test -n "" ; then echo "#define SUFFIX_IGNORED \"\"">>transform.h; fi'
echo "#define PROG_CAPTOINFO \"`echo captoinfo|   sed 's/$//'|sed 's,x,x,'|sed 's/$//'`\""		>>transform.h
echo "#define PROG_INFOTOCAP \"`echo infotocap|   sed 's/$//'|sed 's,x,x,'|sed 's/$//'`\""		>>transform.h
echo "#define PROG_RESET     \"`echo reset|       sed 's/$//'|sed 's,x,x,'|sed 's/$//'`\""		>>transform.h
echo "#define PROG_INIT      \"`echo init|        sed 's/$//'|sed 's,x,x,'|sed 's/$//'`\""		>>transform.h
echo "#endif /* __TRANSFORM_H */"				>>transform.h
make[1]: Leaving directory '/sources/ncurses-6.0/build/progs'
cd panel && make DESTDIR="" RPATH_LIST="/usr/lib" sources
make[1]: Entering directory '/sources/ncurses-6.0/build/panel'
rm -f ../include/panel.h
cp ../../panel/panel.h ../include/panel.h
make[1]: Leaving directory '/sources/ncurses-6.0/build/panel'
cd menu && make DESTDIR="" RPATH_LIST="/usr/lib" sources
make[1]: Entering directory '/sources/ncurses-6.0/build/menu'
rm -f ../include/menu.h
cp ../../menu/menu.h ../include/menu.h
rm -f ../include/eti.h
cp ../../menu/eti.h ../include/eti.h
rm -f ../include/mf_common.h
cp ../../menu/mf_common.h ../include/mf_common.h
make[1]: Leaving directory '/sources/ncurses-6.0/build/menu'
cd form && make DESTDIR="" RPATH_LIST="/usr/lib" sources
make[1]: Entering directory '/sources/ncurses-6.0/build/form'
rm -f ../include/form.h
cp ../../form/form.h ../include/form.h
make[1]: Leaving directory '/sources/ncurses-6.0/build/form'
cd test && make DESTDIR="" RPATH_LIST="/usr/lib" sources
make[1]: Entering directory '/sources/ncurses-6.0/build/test'
make[1]: Nothing to be done for 'sources'.
make[1]: Leaving directory '/sources/ncurses-6.0/build/test'
cd misc && make DESTDIR="" RPATH_LIST="/usr/lib" sources
make[1]: Entering directory '/sources/ncurses-6.0/build/misc'
WHICH_XTERM=xterm-new \
XTERM_KBS=BS \
datadir=/usr/share \
/bin/sh ../../misc/gen_edit.sh >run_tic.sed
echo '** adjusting tabset paths'
** adjusting tabset paths
sed -f run_tic.sed ../../misc/terminfo.src >terminfo.tmp
make[1]: Leaving directory '/sources/ncurses-6.0/build/misc'
cd include && make DESTDIR="" RPATH_LIST="/usr/lib" libs
make[1]: Entering directory '/sources/ncurses-6.0/build/include'
make[1]: Nothing to be done for 'libs'.
make[1]: Leaving directory '/sources/ncurses-6.0/build/include'
cd ncurses && make DESTDIR="" RPATH_LIST="/usr/lib" libs
make[1]: Entering directory '/sources/ncurses-6.0/build/ncurses'
gcc -DHAVE_CONFIG_H -I. -I../../ncurses -I../include -I../../ncurses/../include  -D_GNU_SOURCE -DNDEBUG -O2 --param max-inline-insns-single=1200 -fPIC -c ../../ncurses/tty/hardscroll.c -o ../obj_s/hardscroll.o
gcc -DHAVE_CONFIG_H -I. -I../../ncurses -I../include -I../../ncurses/../include  -D_GNU_SOURCE -DNDEBUG -O2 --param max-inline-insns-single=1200 -fPIC -c ../../ncurses/tty/hashmap.c -o ../obj_s/hashmap.o
gcc -DHAVE_CONFIG_H -I. -I../../ncurses -I../include -I../../ncurses/../include  -D_GNU_SOURCE -DNDEBUG -O2 --param max-inline-insns-single=1200 -fPIC -c ../../ncurses/base/lib_addch.c -o ../obj_s/lib_addch.o
gcc -DHAVE_CONFIG_H -I. -I../../ncurses -I../include -I../../ncurses/../include  -D_GNU_SOURCE -DNDEBUG -O2 --param max-inline-insns-single=1200 -fPIC -c ../../ncurses/base/lib_addstr.c -o ../obj_s/lib_addstr.o
gcc -DHAVE_CONFIG_H -I. -I../../ncurses -I../include -I../../ncurses/../include  -D_GNU_SOURCE -DNDEBUG -O2 --param max-inline-insns-single=1200 -fPIC -c ../../ncurses/base/lib_beep.c -o ../obj_s/lib_beep.o
gcc -DHAVE_CONFIG_H -I. -I../../ncurses -I../include -I../../ncurses/../include  -D_GNU_SOURCE -DNDEBUG -O2 --param max-inline-insns-single=1200 -fPIC -c ../../ncurses/base/lib_bkgd.c -o ../obj_s/lib_bkgd.o
gcc -DHAVE_CONFIG_H -I. -I../../ncurses -I../include -I../../ncurses/../include  -D_GNU_SOURCE -DNDEBUG -O2 --param max-inline-insns-single=1200 -fPIC -c ../../ncurses/base/lib_box.c -o ../obj_s/lib_box.o
gcc -DHAVE_CONFIG_H -I. -I../../ncurses -I../include -I../../ncurses/../include  -D_GNU_SOURCE -DNDEBUG -O2 --param max-inline-insns-single=1200 -fPIC -c ../../ncurses/base/lib_chgat.c -o ../obj_s/lib_chgat.o
gcc -DHAVE_CONFIG_H -I. -I../../ncurses -I../include -I../../ncurses/../include  -D_GNU_SOURCE -DNDEBUG -O2 --param max-inline-insns-single=1200 -fPIC -c ../../ncurses/base/lib_clear.c -o ../obj_s/lib_clear.o
gcc -DHAVE_CONFIG_H -I. -I../../ncurses -I../include -I../../ncurses/../include  -D_GNU_SOURCE -DNDEBUG -O2 --param max-inline-insns-single=1200 -fPIC -c ../../ncurses/base/lib_clearok.c -o ../obj_s/lib_clearok.o
gcc -DHAVE_CONFIG_H -I. -I../../ncurses -I../include -I../../ncurses/../include  -D_GNU_SOURCE -DNDEBUG -O2 --param max-inline-insns-single=1200 -fPIC -c ../../ncurses/base/lib_clrbot.c -o ../obj_s/lib_clrbot.o
gcc -DHAVE_CONFIG_H -I. -I../../ncurses -I../include -I../../ncurses/../include  -D_GNU_SOURCE -DNDEBUG -O2 --param max-inline-insns-single=1200 -fPIC -c ../../ncurses/base/lib_clreol.c -o ../obj_s/lib_clreol.o
gcc -DHAVE_CONFIG_H -I. -I../../ncurses -I../include -I../../ncurses/../include  -D_GNU_SOURCE -DNDEBUG -O2 --param max-inline-insns-single=1200 -fPIC -c ../../ncurses/base/lib_color.c -o ../obj_s/lib_color.o
gcc -DHAVE_CONFIG_H -I. -I../../ncurses -I../include -I../../ncurses/../include  -D_GNU_SOURCE -DNDEBUG -O2 --param max-inline-insns-single=1200 -fPIC -c ../../ncurses/base/lib_colorset.c -o ../obj_s/lib_colorset.o
gcc -DHAVE_CONFIG_H -I. -I../../ncurses -I../include -I../../ncurses/../include  -D_GNU_SOURCE -DNDEBUG -O2 --param max-inline-insns-single=1200 -fPIC -c ../../ncurses/base/lib_delch.c -o ../obj_s/lib_delch.o
gcc -DHAVE_CONFIG_H -I. -I../../ncurses -I../include -I../../ncurses/../include  -D_GNU_SOURCE -DNDEBUG -O2 --param max-inline-insns-single=1200 -fPIC -c ../../ncurses/base/lib_delwin.c -o ../obj_s/lib_delwin.o
gcc -DHAVE_CONFIG_H -I. -I../../ncurses -I../include -I../../ncurses/../include  -D_GNU_SOURCE -DNDEBUG -O2 --param max-inline-insns-single=1200 -fPIC -c ../../ncurses/base/lib_echo.c -o ../obj_s/lib_echo.o
gcc -DHAVE_CONFIG_H -I. -I../../ncurses -I../include -I../../ncurses/../include  -D_GNU_SOURCE -DNDEBUG -O2 --param max-inline-insns-single=1200 -fPIC -c ../../ncurses/base/lib_endwin.c -o ../obj_s/lib_endwin.o
gcc -DHAVE_CONFIG_H -I. -I../../ncurses -I../include -I../../ncurses/../include  -D_GNU_SOURCE -DNDEBUG -O2 --param max-inline-insns-single=1200 -fPIC -c ../../ncurses/base/lib_erase.c -o ../obj_s/lib_erase.o
gcc -DHAVE_CONFIG_H -I. -I../../ncurses -I../include -I../../ncurses/../include  -D_GNU_SOURCE -DNDEBUG -O2 --param max-inline-insns-single=1200 -fPIC -c ../../ncurses/base/lib_flash.c -o ../obj_s/lib_flash.o
gcc -DHAVE_CONFIG_H -I. -I../../ncurses -I../include -I../../ncurses/../include  -D_GNU_SOURCE -DNDEBUG -O2 --param max-inline-insns-single=1200 -fPIC -c ../ncurses/lib_gen.c -o ../obj_s/lib_gen.o
gcc -DHAVE_CONFIG_H -I. -I../../ncurses -I../include -I../../ncurses/../include  -D_GNU_SOURCE -DNDEBUG -O2 --param max-inline-insns-single=1200 -fPIC -c ../../ncurses/base/lib_getch.c -o ../obj_s/lib_getch.o
gcc -DHAVE_CONFIG_H -I. -I../../ncurses -I../include -I../../ncurses/../include  -D_GNU_SOURCE -DNDEBUG -O2 --param max-inline-insns-single=1200 -fPIC -c ../../ncurses/base/lib_getstr.c -o ../obj_s/lib_getstr.o
gcc -DHAVE_CONFIG_H -I. -I../../ncurses -I../include -I../../ncurses/../include  -D_GNU_SOURCE -DNDEBUG -O2 --param max-inline-insns-single=1200 -fPIC -c ../../ncurses/base/lib_hline.c -o ../obj_s/lib_hline.o
gcc -DHAVE_CONFIG_H -I. -I../../ncurses -I../include -I../../ncurses/../include  -D_GNU_SOURCE -DNDEBUG -O2 --param max-inline-insns-single=1200 -fPIC -c ../../ncurses/base/lib_immedok.c -o ../obj_s/lib_immedok.o
gcc -DHAVE_CONFIG_H -I. -I../../ncurses -I../include -I../../ncurses/../include  -D_GNU_SOURCE -DNDEBUG -O2 --param max-inline-insns-single=1200 -fPIC -c ../../ncurses/base/lib_inchstr.c -o ../obj_s/lib_inchstr.o
gcc -DHAVE_CONFIG_H -I. -I../../ncurses -I../include -I../../ncurses/../include  -D_GNU_SOURCE -DNDEBUG -O2 --param max-inline-insns-single=1200 -fPIC -c ../../ncurses/base/lib_initscr.c -o ../obj_s/lib_initscr.o
gcc -DHAVE_CONFIG_H -I. -I../../ncurses -I../include -I../../ncurses/../include  -D_GNU_SOURCE -DNDEBUG -O2 --param max-inline-insns-single=1200 -fPIC -c ../../ncurses/base/lib_insch.c -o ../obj_s/lib_insch.o
gcc -DHAVE_CONFIG_H -I. -I../../ncurses -I../include -I../../ncurses/../include  -D_GNU_SOURCE -DNDEBUG -O2 --param max-inline-insns-single=1200 -fPIC -c ../../ncurses/base/lib_insdel.c -o ../obj_s/lib_insdel.o
gcc -DHAVE_CONFIG_H -I. -I../../ncurses -I../include -I../../ncurses/../include  -D_GNU_SOURCE -DNDEBUG -O2 --param max-inline-insns-single=1200 -fPIC -c ../../ncurses/base/lib_insnstr.c -o ../obj_s/lib_insnstr.o
gcc -DHAVE_CONFIG_H -I. -I../../ncurses -I../include -I../../ncurses/../include  -D_GNU_SOURCE -DNDEBUG -O2 --param max-inline-insns-single=1200 -fPIC -c ../../ncurses/base/lib_instr.c -o ../obj_s/lib_instr.o
gcc -DHAVE_CONFIG_H -I. -I../../ncurses -I../include -I../../ncurses/../include  -D_GNU_SOURCE -DNDEBUG -O2 --param max-inline-insns-single=1200 -fPIC -c ../../ncurses/base/lib_isendwin.c -o ../obj_s/lib_isendwin.o
gcc -DHAVE_CONFIG_H -I. -I../../ncurses -I../include -I../../ncurses/../include  -D_GNU_SOURCE -DNDEBUG -O2 --param max-inline-insns-single=1200 -fPIC -c ../../ncurses/base/lib_leaveok.c -o ../obj_s/lib_leaveok.o
gcc -DHAVE_CONFIG_H -I. -I../../ncurses -I../include -I../../ncurses/../include  -D_GNU_SOURCE -DNDEBUG -O2 --param max-inline-insns-single=1200 -fPIC -c ../../ncurses/base/lib_mouse.c -o ../obj_s/lib_mouse.o
gcc -DHAVE_CONFIG_H -I. -I../../ncurses -I../include -I../../ncurses/../include  -D_GNU_SOURCE -DNDEBUG -O2 --param max-inline-insns-single=1200 -fPIC -c ../../ncurses/base/lib_move.c -o ../obj_s/lib_move.o
gcc -DHAVE_CONFIG_H -I. -I../../ncurses -I../include -I../../ncurses/../include  -D_GNU_SOURCE -DNDEBUG -O2 --param max-inline-insns-single=1200 -fPIC -c ../../ncurses/tty/lib_mvcur.c -o ../obj_s/lib_mvcur.o
gcc -DHAVE_CONFIG_H -I. -I../../ncurses -I../include -I../../ncurses/../include  -D_GNU_SOURCE -DNDEBUG -O2 --param max-inline-insns-single=1200 -fPIC -c ../../ncurses/base/lib_mvwin.c -o ../obj_s/lib_mvwin.o
gcc -DHAVE_CONFIG_H -I. -I../../ncurses -I../include -I../../ncurses/../include  -D_GNU_SOURCE -DNDEBUG -O2 --param max-inline-insns-single=1200 -fPIC -c ../../ncurses/base/lib_newterm.c -o ../obj_s/lib_newterm.o
gcc -DHAVE_CONFIG_H -I. -I../../ncurses -I../include -I../../ncurses/../include  -D_GNU_SOURCE -DNDEBUG -O2 --param max-inline-insns-single=1200 -fPIC -c ../../ncurses/base/lib_newwin.c -o ../obj_s/lib_newwin.o
gcc -DHAVE_CONFIG_H -I. -I../../ncurses -I../include -I../../ncurses/../include  -D_GNU_SOURCE -DNDEBUG -O2 --param max-inline-insns-single=1200 -fPIC -c ../../ncurses/base/lib_nl.c -o ../obj_s/lib_nl.o
gcc -DHAVE_CONFIG_H -I. -I../../ncurses -I../include -I../../ncurses/../include  -D_GNU_SOURCE -DNDEBUG -O2 --param max-inline-insns-single=1200 -fPIC -c ../../ncurses/base/lib_overlay.c -o ../obj_s/lib_overlay.o
gcc -DHAVE_CONFIG_H -I. -I../../ncurses -I../include -I../../ncurses/../include  -D_GNU_SOURCE -DNDEBUG -O2 --param max-inline-insns-single=1200 -fPIC -c ../../ncurses/base/lib_pad.c -o ../obj_s/lib_pad.o
gcc -DHAVE_CONFIG_H -I. -I../../ncurses -I../include -I../../ncurses/../include  -D_GNU_SOURCE -DNDEBUG -O2 --param max-inline-insns-single=1200 -fPIC -c ../../ncurses/base/lib_printw.c -o ../obj_s/lib_printw.o
gcc -DHAVE_CONFIG_H -I. -I../../ncurses -I../include -I../../ncurses/../include  -D_GNU_SOURCE -DNDEBUG -O2 --param max-inline-insns-single=1200 -fPIC -c ../../ncurses/base/lib_redrawln.c -o ../obj_s/lib_redrawln.o
gcc -DHAVE_CONFIG_H -I. -I../../ncurses -I../include -I../../ncurses/../include  -D_GNU_SOURCE -DNDEBUG -O2 --param max-inline-insns-single=1200 -fPIC -c ../../ncurses/base/lib_refresh.c -o ../obj_s/lib_refresh.o
gcc -DHAVE_CONFIG_H -I. -I../../ncurses -I../include -I../../ncurses/../include  -D_GNU_SOURCE -DNDEBUG -O2 --param max-inline-insns-single=1200 -fPIC -c ../../ncurses/base/lib_restart.c -o ../obj_s/lib_restart.o
gcc -DHAVE_CONFIG_H -I. -I../../ncurses -I../include -I../../ncurses/../include  -D_GNU_SOURCE -DNDEBUG -O2 --param max-inline-insns-single=1200 -fPIC -c ../../ncurses/base/lib_scanw.c -o ../obj_s/lib_scanw.o
gcc -DHAVE_CONFIG_H -I. -I../../ncurses -I../include -I../../ncurses/../include  -D_GNU_SOURCE -DNDEBUG -O2 --param max-inline-insns-single=1200 -fPIC -c ../../ncurses/base/lib_screen.c -o ../obj_s/lib_screen.o
gcc -DHAVE_CONFIG_H -I. -I../../ncurses -I../include -I../../ncurses/../include  -D_GNU_SOURCE -DNDEBUG -O2 --param max-inline-insns-single=1200 -fPIC -c ../../ncurses/base/lib_scroll.c -o ../obj_s/lib_scroll.o
gcc -DHAVE_CONFIG_H -I. -I../../ncurses -I../include -I../../ncurses/../include  -D_GNU_SOURCE -DNDEBUG -O2 --param max-inline-insns-single=1200 -fPIC -c ../../ncurses/base/lib_scrollok.c -o ../obj_s/lib_scrollok.o
gcc -DHAVE_CONFIG_H -I. -I../../ncurses -I../include -I../../ncurses/../include  -D_GNU_SOURCE -DNDEBUG -O2 --param max-inline-insns-single=1200 -fPIC -c ../../ncurses/base/lib_scrreg.c -o ../obj_s/lib_scrreg.o
gcc -DHAVE_CONFIG_H -I. -I../../ncurses -I../include -I../../ncurses/../include  -D_GNU_SOURCE -DNDEBUG -O2 --param max-inline-insns-single=1200 -fPIC -c ../../ncurses/base/lib_set_term.c -o ../obj_s/lib_set_term.o
gcc -DHAVE_CONFIG_H -I. -I../../ncurses -I../include -I../../ncurses/../include  -D_GNU_SOURCE -DNDEBUG -O2 --param max-inline-insns-single=1200 -fPIC -c ../../ncurses/base/lib_slk.c -o ../obj_s/lib_slk.o
gcc -DHAVE_CONFIG_H -I. -I../../ncurses -I../include -I../../ncurses/../include  -D_GNU_SOURCE -DNDEBUG -O2 --param max-inline-insns-single=1200 -fPIC -c ../../ncurses/base/lib_slkatr_set.c -o ../obj_s/lib_slkatr_set.o
gcc -DHAVE_CONFIG_H -I. -I../../ncurses -I../include -I../../ncurses/../include  -D_GNU_SOURCE -DNDEBUG -O2 --param max-inline-insns-single=1200 -fPIC -c ../../ncurses/base/lib_slkatrof.c -o ../obj_s/lib_slkatrof.o
gcc -DHAVE_CONFIG_H -I. -I../../ncurses -I../include -I../../ncurses/../include  -D_GNU_SOURCE -DNDEBUG -O2 --param max-inline-insns-single=1200 -fPIC -c ../../ncurses/base/lib_slkatron.c -o ../obj_s/lib_slkatron.o
gcc -DHAVE_CONFIG_H -I. -I../../ncurses -I../include -I../../ncurses/../include  -D_GNU_SOURCE -DNDEBUG -O2 --param max-inline-insns-single=1200 -fPIC -c ../../ncurses/base/lib_slkatrset.c -o ../obj_s/lib_slkatrset.o
gcc -DHAVE_CONFIG_H -I. -I../../ncurses -I../include -I../../ncurses/../include  -D_GNU_SOURCE -DNDEBUG -O2 --param max-inline-insns-single=1200 -fPIC -c ../../ncurses/base/lib_slkattr.c -o ../obj_s/lib_slkattr.o
gcc -DHAVE_CONFIG_H -I. -I../../ncurses -I../include -I../../ncurses/../include  -D_GNU_SOURCE -DNDEBUG -O2 --param max-inline-insns-single=1200 -fPIC -c ../../ncurses/base/lib_slkclear.c -o ../obj_s/lib_slkclear.o
gcc -DHAVE_CONFIG_H -I. -I../../ncurses -I../include -I../../ncurses/../include  -D_GNU_SOURCE -DNDEBUG -O2 --param max-inline-insns-single=1200 -fPIC -c ../../ncurses/base/lib_slkcolor.c -o ../obj_s/lib_slkcolor.o
gcc -DHAVE_CONFIG_H -I. -I../../ncurses -I../include -I../../ncurses/../include  -D_GNU_SOURCE -DNDEBUG -O2 --param max-inline-insns-single=1200 -fPIC -c ../../ncurses/base/lib_slkinit.c -o ../obj_s/lib_slkinit.o
gcc -DHAVE_CONFIG_H -I. -I../../ncurses -I../include -I../../ncurses/../include  -D_GNU_SOURCE -DNDEBUG -O2 --param max-inline-insns-single=1200 -fPIC -c ../../ncurses/base/lib_slklab.c -o ../obj_s/lib_slklab.o
gcc -DHAVE_CONFIG_H -I. -I../../ncurses -I../include -I../../ncurses/../include  -D_GNU_SOURCE -DNDEBUG -O2 --param max-inline-insns-single=1200 -fPIC -c ../../ncurses/base/lib_slkrefr.c -o ../obj_s/lib_slkrefr.o
gcc -DHAVE_CONFIG_H -I. -I../../ncurses -I../include -I../../ncurses/../include  -D_GNU_SOURCE -DNDEBUG -O2 --param max-inline-insns-single=1200 -fPIC -c ../../ncurses/base/lib_slkset.c -o ../obj_s/lib_slkset.o
gcc -DHAVE_CONFIG_H -I. -I../../ncurses -I../include -I../../ncurses/../include  -D_GNU_SOURCE -DNDEBUG -O2 --param max-inline-insns-single=1200 -fPIC -c ../../ncurses/base/lib_slktouch.c -o ../obj_s/lib_slktouch.o
gcc -DHAVE_CONFIG_H -I. -I../../ncurses -I../include -I../../ncurses/../include  -D_GNU_SOURCE -DNDEBUG -O2 --param max-inline-insns-single=1200 -fPIC -c ../../ncurses/base/lib_touch.c -o ../obj_s/lib_touch.o
gcc -DHAVE_CONFIG_H -I. -I../../ncurses -I../include -I../../ncurses/../include  -D_GNU_SOURCE -DNDEBUG -O2 --param max-inline-insns-single=1200 -fPIC -c ../../ncurses/tty/lib_tstp.c -o ../obj_s/lib_tstp.o
gcc -DHAVE_CONFIG_H -I. -I../../ncurses -I../include -I../../ncurses/../include  -D_GNU_SOURCE -DNDEBUG -O2 --param max-inline-insns-single=1200 -fPIC -c ../../ncurses/base/lib_ungetch.c -o ../obj_s/lib_ungetch.o
gcc -DHAVE_CONFIG_H -I. -I../../ncurses -I../include -I../../ncurses/../include  -D_GNU_SOURCE -DNDEBUG -O2 --param max-inline-insns-single=1200 -fPIC -c ../../ncurses/tty/lib_vidattr.c -o ../obj_s/lib_vidattr.o
gcc -DHAVE_CONFIG_H -I. -I../../ncurses -I../include -I../../ncurses/../include  -D_GNU_SOURCE -DNDEBUG -O2 --param max-inline-insns-single=1200 -fPIC -c ../../ncurses/base/lib_vline.c -o ../obj_s/lib_vline.o
gcc -DHAVE_CONFIG_H -I. -I../../ncurses -I../include -I../../ncurses/../include  -D_GNU_SOURCE -DNDEBUG -O2 --param max-inline-insns-single=1200 -fPIC -c ../../ncurses/base/lib_wattroff.c -o ../obj_s/lib_wattroff.o
gcc -DHAVE_CONFIG_H -I. -I../../ncurses -I../include -I../../ncurses/../include  -D_GNU_SOURCE -DNDEBUG -O2 --param max-inline-insns-single=1200 -fPIC -c ../../ncurses/base/lib_wattron.c -o ../obj_s/lib_wattron.o
gcc -DHAVE_CONFIG_H -I. -I../../ncurses -I../include -I../../ncurses/../include  -D_GNU_SOURCE -DNDEBUG -O2 --param max-inline-insns-single=1200 -fPIC -c ../../ncurses/base/lib_winch.c -o ../obj_s/lib_winch.o
gcc -DHAVE_CONFIG_H -I. -I../../ncurses -I../include -I../../ncurses/../include  -D_GNU_SOURCE -DNDEBUG -O2 --param max-inline-insns-single=1200 -fPIC -c ../../ncurses/base/lib_window.c -o ../obj_s/lib_window.o
gcc -DHAVE_CONFIG_H -I. -I../../ncurses -I../include -I../../ncurses/../include  -D_GNU_SOURCE -DNDEBUG -O2 --param max-inline-insns-single=1200 -fPIC -c ../../ncurses/base/nc_panel.c -o ../obj_s/nc_panel.o
gcc -DHAVE_CONFIG_H -I. -I../../ncurses -I../include -I../../ncurses/../include  -D_GNU_SOURCE -DNDEBUG -O2 --param max-inline-insns-single=1200 -fPIC -c ../../ncurses/base/safe_sprintf.c -o ../obj_s/safe_sprintf.o
gcc -DHAVE_CONFIG_H -I. -I../../ncurses -I../include -I../../ncurses/../include  -D_GNU_SOURCE -DNDEBUG -O2 --param max-inline-insns-single=1200 -fPIC -c ../../ncurses/tty/tty_update.c -o ../obj_s/tty_update.o
gcc -DHAVE_CONFIG_H -I. -I../../ncurses -I../include -I../../ncurses/../include  -D_GNU_SOURCE -DNDEBUG -O2 --param max-inline-insns-single=1200 -fPIC -c ../../ncurses/trace/varargs.c -o ../obj_s/varargs.o
gcc -DHAVE_CONFIG_H -I. -I../../ncurses -I../include -I../../ncurses/../include  -D_GNU_SOURCE -DNDEBUG -O2 --param max-inline-insns-single=1200 -fPIC -c ../../ncurses/base/vsscanf.c -o ../obj_s/vsscanf.o
gcc -DHAVE_CONFIG_H -I. -I../../ncurses -I../include -I../../ncurses/../include  -D_GNU_SOURCE -DNDEBUG -O2 --param max-inline-insns-single=1200 -fPIC -c ../../ncurses/base/lib_freeall.c -o ../obj_s/lib_freeall.o
gcc -DHAVE_CONFIG_H -I. -I../../ncurses -I../include -I../../ncurses/../include  -D_GNU_SOURCE -DNDEBUG -O2 --param max-inline-insns-single=1200 -fPIC -c ../ncurses/expanded.c -o ../obj_s/expanded.o
gcc -DHAVE_CONFIG_H -I. -I../../ncurses -I../include -I../../ncurses/../include  -D_GNU_SOURCE -DNDEBUG -O2 --param max-inline-insns-single=1200 -fPIC -c ../../ncurses/base/legacy_coding.c -o ../obj_s/legacy_coding.o
gcc -DHAVE_CONFIG_H -I. -I../../ncurses -I../include -I../../ncurses/../include  -D_GNU_SOURCE -DNDEBUG -O2 --param max-inline-insns-single=1200 -fPIC -c ../../ncurses/base/lib_dft_fgbg.c -o ../obj_s/lib_dft_fgbg.o
gcc -DHAVE_CONFIG_H -I. -I../../ncurses -I../include -I../../ncurses/../include  -D_GNU_SOURCE -DNDEBUG -O2 --param max-inline-insns-single=1200 -fPIC -c ../../ncurses/tinfo/lib_print.c -o ../obj_s/lib_print.o
gcc -DHAVE_CONFIG_H -I. -I../../ncurses -I../include -I../../ncurses/../include  -D_GNU_SOURCE -DNDEBUG -O2 --param max-inline-insns-single=1200 -fPIC -c ../../ncurses/base/resizeterm.c -o ../obj_s/resizeterm.o
gcc -DHAVE_CONFIG_H -I. -I../../ncurses -I../include -I../../ncurses/../include  -D_GNU_SOURCE -DNDEBUG -O2 --param max-inline-insns-single=1200 -fPIC -c ../../ncurses/tinfo/use_screen.c -o ../obj_s/use_screen.o
gcc -DHAVE_CONFIG_H -I. -I../../ncurses -I../include -I../../ncurses/../include  -D_GNU_SOURCE -DNDEBUG -O2 --param max-inline-insns-single=1200 -fPIC -c ../../ncurses/base/use_window.c -o ../obj_s/use_window.o
gcc -DHAVE_CONFIG_H -I. -I../../ncurses -I../include -I../../ncurses/../include  -D_GNU_SOURCE -DNDEBUG -O2 --param max-inline-insns-single=1200 -fPIC -c ../../ncurses/base/wresize.c -o ../obj_s/wresize.o
gcc -DHAVE_CONFIG_H -I. -I../../ncurses -I../include -I../../ncurses/../include  -D_GNU_SOURCE -DNDEBUG -O2 --param max-inline-insns-single=1200 -fPIC -c ../../ncurses/tinfo/access.c -o ../obj_s/access.o
gcc -DHAVE_CONFIG_H -I. -I../../ncurses -I../include -I../../ncurses/../include  -D_GNU_SOURCE -DNDEBUG -O2 --param max-inline-insns-single=1200 -fPIC -c ../../ncurses/tinfo/add_tries.c -o ../obj_s/add_tries.o
gcc -DHAVE_CONFIG_H -I. -I../../ncurses -I../include -I../../ncurses/../include  -D_GNU_SOURCE -DNDEBUG -O2 --param max-inline-insns-single=1200 -fPIC -c ../../ncurses/tinfo/alloc_ttype.c -o ../obj_s/alloc_ttype.o
gcc -DHAVE_CONFIG_H -I. -I../../ncurses -I../include -I../../ncurses/../include  -D_GNU_SOURCE -DNDEBUG -O2 --param max-inline-insns-single=1200 -fPIC -c ../ncurses/codes.c -o ../obj_s/codes.o
gcc -DHAVE_CONFIG_H -I. -I../../ncurses -I../include -I../../ncurses/../include  -D_GNU_SOURCE -DNDEBUG -O2 --param max-inline-insns-single=1200 -fPIC -c ../ncurses/comp_captab.c -o ../obj_s/comp_captab.o
gcc -DHAVE_CONFIG_H -I. -I../../ncurses -I../include -I../../ncurses/../include  -D_GNU_SOURCE -DNDEBUG -O2 --param max-inline-insns-single=1200 -fPIC -c ../../ncurses/tinfo/comp_error.c -o ../obj_s/comp_error.o
gcc -DHAVE_CONFIG_H -I. -I../../ncurses -I../include -I../../ncurses/../include  -D_GNU_SOURCE -DNDEBUG -O2 --param max-inline-insns-single=1200 -fPIC -c ../../ncurses/tinfo/comp_hash.c -o ../obj_s/comp_hash.o
gcc -DHAVE_CONFIG_H -I. -I../../ncurses -I../include -I../../ncurses/../include  -D_GNU_SOURCE -DNDEBUG -O2 --param max-inline-insns-single=1200 -fPIC -c ../../ncurses/tinfo/db_iterator.c -o ../obj_s/db_iterator.o
gcc -DHAVE_CONFIG_H -I. -I../../ncurses -I../include -I../../ncurses/../include  -D_GNU_SOURCE -DNDEBUG -O2 --param max-inline-insns-single=1200 -fPIC -c ../../ncurses/tinfo/doalloc.c -o ../obj_s/doalloc.o
gcc -DHAVE_CONFIG_H -I. -I../../ncurses -I../include -I../../ncurses/../include  -D_GNU_SOURCE -DNDEBUG -O2 --param max-inline-insns-single=1200 -fPIC -c ../../ncurses/tinfo/entries.c -o ../obj_s/entries.o
gcc -DHAVE_CONFIG_H -I. -I../../ncurses -I../include -I../../ncurses/../include  -D_GNU_SOURCE -DNDEBUG -O2 --param max-inline-insns-single=1200 -fPIC -c ../ncurses/fallback.c -o ../obj_s/fallback.o
gcc -DHAVE_CONFIG_H -I. -I../../ncurses -I../include -I../../ncurses/../include  -D_GNU_SOURCE -DNDEBUG -O2 --param max-inline-insns-single=1200 -fPIC -c ../../ncurses/tinfo/free_ttype.c -o ../obj_s/free_ttype.o
gcc -DHAVE_CONFIG_H -I. -I../../ncurses -I../include -I../../ncurses/../include  -D_GNU_SOURCE -DNDEBUG -O2 --param max-inline-insns-single=1200 -fPIC -c ../../ncurses/tinfo/getenv_num.c -o ../obj_s/getenv_num.o
gcc -DHAVE_CONFIG_H -I. -I../../ncurses -I../include -I../../ncurses/../include  -D_GNU_SOURCE -DNDEBUG -O2 --param max-inline-insns-single=1200 -fPIC -c ../../ncurses/tinfo/home_terminfo.c -o ../obj_s/home_terminfo.o
gcc -DHAVE_CONFIG_H -I. -I../../ncurses -I../include -I../../ncurses/../include  -D_GNU_SOURCE -DNDEBUG -O2 --param max-inline-insns-single=1200 -fPIC -c ../../ncurses/tinfo/init_keytry.c -o ../obj_s/init_keytry.o
gcc -DHAVE_CONFIG_H -I. -I../../ncurses -I../include -I../../ncurses/../include  -D_GNU_SOURCE -DNDEBUG -O2 --param max-inline-insns-single=1200 -fPIC -c ../../ncurses/tinfo/lib_acs.c -o ../obj_s/lib_acs.o
gcc -DHAVE_CONFIG_H -I. -I../../ncurses -I../include -I../../ncurses/../include  -D_GNU_SOURCE -DNDEBUG -O2 --param max-inline-insns-single=1200 -fPIC -c ../../ncurses/tinfo/lib_baudrate.c -o ../obj_s/lib_baudrate.o
gcc -DHAVE_CONFIG_H -I. -I../../ncurses -I../include -I../../ncurses/../include  -D_GNU_SOURCE -DNDEBUG -O2 --param max-inline-insns-single=1200 -fPIC -c ../../ncurses/tinfo/lib_cur_term.c -o ../obj_s/lib_cur_term.o
gcc -DHAVE_CONFIG_H -I. -I../../ncurses -I../include -I../../ncurses/../include  -D_GNU_SOURCE -DNDEBUG -O2 --param max-inline-insns-single=1200 -fPIC -c ../../ncurses/tinfo/lib_data.c -o ../obj_s/lib_data.o
gcc -DHAVE_CONFIG_H -I. -I../../ncurses -I../include -I../../ncurses/../include  -D_GNU_SOURCE -DNDEBUG -O2 --param max-inline-insns-single=1200 -fPIC -c ../../ncurses/tinfo/lib_has_cap.c -o ../obj_s/lib_has_cap.o
gcc -DHAVE_CONFIG_H -I. -I../../ncurses -I../include -I../../ncurses/../include  -D_GNU_SOURCE -DNDEBUG -O2 --param max-inline-insns-single=1200 -fPIC -c ../../ncurses/tinfo/lib_kernel.c -o ../obj_s/lib_kernel.o
gcc -DHAVE_CONFIG_H -I. -I../../ncurses -I../include -I../../ncurses/../include  -D_GNU_SOURCE -DNDEBUG -O2 --param max-inline-insns-single=1200 -fPIC -c ../ncurses/lib_keyname.c -o ../obj_s/lib_keyname.o
gcc -DHAVE_CONFIG_H -I. -I../../ncurses -I../include -I../../ncurses/../include  -D_GNU_SOURCE -DNDEBUG -O2 --param max-inline-insns-single=1200 -fPIC -c ../../ncurses/tinfo/lib_longname.c -o ../obj_s/lib_longname.o
gcc -DHAVE_CONFIG_H -I. -I../../ncurses -I../include -I../../ncurses/../include  -D_GNU_SOURCE -DNDEBUG -O2 --param max-inline-insns-single=1200 -fPIC -c ../../ncurses/tinfo/lib_napms.c -o ../obj_s/lib_napms.o
gcc -DHAVE_CONFIG_H -I. -I../../ncurses -I../include -I../../ncurses/../include  -D_GNU_SOURCE -DNDEBUG -O2 --param max-inline-insns-single=1200 -fPIC -c ../../ncurses/tinfo/lib_options.c -o ../obj_s/lib_options.o
gcc -DHAVE_CONFIG_H -I. -I../../ncurses -I../include -I../../ncurses/../include  -D_GNU_SOURCE -DNDEBUG -O2 --param max-inline-insns-single=1200 -fPIC -c ../../ncurses/tinfo/lib_raw.c -o ../obj_s/lib_raw.o
gcc -DHAVE_CONFIG_H -I. -I../../ncurses -I../include -I../../ncurses/../include  -D_GNU_SOURCE -DNDEBUG -O2 --param max-inline-insns-single=1200 -fPIC -c ../../ncurses/tinfo/lib_setup.c -o ../obj_s/lib_setup.o
gcc -DHAVE_CONFIG_H -I. -I../../ncurses -I../include -I../../ncurses/../include  -D_GNU_SOURCE -DNDEBUG -O2 --param max-inline-insns-single=1200 -fPIC -c ../../ncurses/tinfo/lib_termcap.c -o ../obj_s/lib_termcap.o
gcc -DHAVE_CONFIG_H -I. -I../../ncurses -I../include -I../../ncurses/../include  -D_GNU_SOURCE -DNDEBUG -O2 --param max-inline-insns-single=1200 -fPIC -c ../../ncurses/tinfo/lib_termname.c -o ../obj_s/lib_termname.o
gcc -DHAVE_CONFIG_H -I. -I../../ncurses -I../include -I../../ncurses/../include  -D_GNU_SOURCE -DNDEBUG -O2 --param max-inline-insns-single=1200 -fPIC -c ../../ncurses/tinfo/lib_tgoto.c -o ../obj_s/lib_tgoto.o
gcc -DHAVE_CONFIG_H -I. -I../../ncurses -I../include -I../../ncurses/../include  -D_GNU_SOURCE -DNDEBUG -O2 --param max-inline-insns-single=1200 -fPIC -c ../../ncurses/tinfo/lib_ti.c -o ../obj_s/lib_ti.o
gcc -DHAVE_CONFIG_H -I. -I../../ncurses -I../include -I../../ncurses/../include  -D_GNU_SOURCE -DNDEBUG -O2 --param max-inline-insns-single=1200 -fPIC -c ../../ncurses/tinfo/lib_tparm.c -o ../obj_s/lib_tparm.o
gcc -DHAVE_CONFIG_H -I. -I../../ncurses -I../include -I../../ncurses/../include  -D_GNU_SOURCE -DNDEBUG -O2 --param max-inline-insns-single=1200 -fPIC -c ../../ncurses/tinfo/lib_tputs.c -o ../obj_s/lib_tputs.o
gcc -DHAVE_CONFIG_H -I. -I../../ncurses -I../include -I../../ncurses/../include  -D_GNU_SOURCE -DNDEBUG -O2 --param max-inline-insns-single=1200 -fPIC -c ../../ncurses/trace/lib_trace.c -o ../obj_s/lib_trace.o
gcc -DHAVE_CONFIG_H -I. -I../../ncurses -I../include -I../../ncurses/../include  -D_GNU_SOURCE -DNDEBUG -O2 --param max-inline-insns-single=1200 -fPIC -c ../../ncurses/tinfo/lib_ttyflags.c -o ../obj_s/lib_ttyflags.o
gcc -DHAVE_CONFIG_H -I. -I../../ncurses -I../include -I../../ncurses/../include  -D_GNU_SOURCE -DNDEBUG -O2 --param max-inline-insns-single=1200 -fPIC -c ../../ncurses/tty/lib_twait.c -o ../obj_s/lib_twait.o
gcc -DHAVE_CONFIG_H -I. -I../../ncurses -I../include -I../../ncurses/../include  -D_GNU_SOURCE -DNDEBUG -O2 --param max-inline-insns-single=1200 -fPIC -c ../../ncurses/tinfo/name_match.c -o ../obj_s/name_match.o
gcc -DHAVE_CONFIG_H -I. -I../../ncurses -I../include -I../../ncurses/../include  -D_GNU_SOURCE -DNDEBUG -O2 --param max-inline-insns-single=1200 -fPIC -c ../ncurses/names.c -o ../obj_s/names.o
gcc -DHAVE_CONFIG_H -I. -I../../ncurses -I../include -I../../ncurses/../include  -D_GNU_SOURCE -DNDEBUG -O2 --param max-inline-insns-single=1200 -fPIC -c ../../ncurses/tinfo/obsolete.c -o ../obj_s/obsolete.o
gcc -DHAVE_CONFIG_H -I. -I../../ncurses -I../include -I../../ncurses/../include  -D_GNU_SOURCE -DNDEBUG -O2 --param max-inline-insns-single=1200 -fPIC -c ../../ncurses/tinfo/read_entry.c -o ../obj_s/read_entry.o
gcc -DHAVE_CONFIG_H -I. -I../../ncurses -I../include -I../../ncurses/../include  -D_GNU_SOURCE -DNDEBUG -O2 --param max-inline-insns-single=1200 -fPIC -c ../../ncurses/tinfo/read_termcap.c -o ../obj_s/read_termcap.o
gcc -DHAVE_CONFIG_H -I. -I../../ncurses -I../include -I../../ncurses/../include  -D_GNU_SOURCE -DNDEBUG -O2 --param max-inline-insns-single=1200 -fPIC -c ../../ncurses/tinfo/strings.c -o ../obj_s/strings.o
gcc -DHAVE_CONFIG_H -I. -I../../ncurses -I../include -I../../ncurses/../include  -D_GNU_SOURCE -DNDEBUG -O2 --param max-inline-insns-single=1200 -fPIC -c ../../ncurses/base/tries.c -o ../obj_s/tries.o
gcc -DHAVE_CONFIG_H -I. -I../../ncurses -I../include -I../../ncurses/../include  -D_GNU_SOURCE -DNDEBUG -O2 --param max-inline-insns-single=1200 -fPIC -c ../../ncurses/tinfo/trim_sgr0.c -o ../obj_s/trim_sgr0.o
gcc -DHAVE_CONFIG_H -I. -I../../ncurses -I../include -I../../ncurses/../include  -D_GNU_SOURCE -DNDEBUG -O2 --param max-inline-insns-single=1200 -fPIC -c ../ncurses/unctrl.c -o ../obj_s/unctrl.o
gcc -DHAVE_CONFIG_H -I. -I../../ncurses -I../include -I../../ncurses/../include  -D_GNU_SOURCE -DNDEBUG -O2 --param max-inline-insns-single=1200 -fPIC -c ../../ncurses/trace/visbuf.c -o ../obj_s/visbuf.o
gcc -DHAVE_CONFIG_H -I. -I../../ncurses -I../include -I../../ncurses/../include  -D_GNU_SOURCE -DNDEBUG -O2 --param max-inline-insns-single=1200 -fPIC -c ../../ncurses/tinfo/alloc_entry.c -o ../obj_s/alloc_entry.o
gcc -DHAVE_CONFIG_H -I. -I../../ncurses -I../include -I../../ncurses/../include  -D_GNU_SOURCE -DNDEBUG -O2 --param max-inline-insns-single=1200 -fPIC -c ../../ncurses/tinfo/captoinfo.c -o ../obj_s/captoinfo.o
gcc -DHAVE_CONFIG_H -I. -I../../ncurses -I../include -I../../ncurses/../include  -D_GNU_SOURCE -DNDEBUG -O2 --param max-inline-insns-single=1200 -fPIC -c ../../ncurses/tinfo/comp_expand.c -o ../obj_s/comp_expand.o
gcc -DHAVE_CONFIG_H -I. -I../../ncurses -I../include -I../../ncurses/../include  -D_GNU_SOURCE -DNDEBUG -O2 --param max-inline-insns-single=1200 -fPIC -c ../../ncurses/tinfo/comp_parse.c -o ../obj_s/comp_parse.o
gcc -DHAVE_CONFIG_H -I. -I../../ncurses -I../include -I../../ncurses/../include  -D_GNU_SOURCE -DNDEBUG -O2 --param max-inline-insns-single=1200 -fPIC -c ../../ncurses/tinfo/comp_scan.c -o ../obj_s/comp_scan.o
gcc -DHAVE_CONFIG_H -I. -I../../ncurses -I../include -I../../ncurses/../include  -D_GNU_SOURCE -DNDEBUG -O2 --param max-inline-insns-single=1200 -fPIC -c ../../ncurses/tinfo/parse_entry.c -o ../obj_s/parse_entry.o
gcc -DHAVE_CONFIG_H -I. -I../../ncurses -I../include -I../../ncurses/../include  -D_GNU_SOURCE -DNDEBUG -O2 --param max-inline-insns-single=1200 -fPIC -c ../../ncurses/tinfo/write_entry.c -o ../obj_s/write_entry.o
gcc -DHAVE_CONFIG_H -I. -I../../ncurses -I../include -I../../ncurses/../include  -D_GNU_SOURCE -DNDEBUG -O2 --param max-inline-insns-single=1200 -fPIC -c ../../ncurses/base/define_key.c -o ../obj_s/define_key.o
gcc -DHAVE_CONFIG_H -I. -I../../ncurses -I../include -I../../ncurses/../include  -D_GNU_SOURCE -DNDEBUG -O2 --param max-inline-insns-single=1200 -fPIC -c ../../ncurses/tinfo/hashed_db.c -o ../obj_s/hashed_db.o
gcc -DHAVE_CONFIG_H -I. -I../../ncurses -I../include -I../../ncurses/../include  -D_GNU_SOURCE -DNDEBUG -O2 --param max-inline-insns-single=1200 -fPIC -c ../../ncurses/base/key_defined.c -o ../obj_s/key_defined.o
gcc -DHAVE_CONFIG_H -I. -I../../ncurses -I../include -I../../ncurses/../include  -D_GNU_SOURCE -DNDEBUG -O2 --param max-inline-insns-single=1200 -fPIC -c ../../ncurses/base/keybound.c -o ../obj_s/keybound.o
gcc -DHAVE_CONFIG_H -I. -I../../ncurses -I../include -I../../ncurses/../include  -D_GNU_SOURCE -DNDEBUG -O2 --param max-inline-insns-single=1200 -fPIC -c ../../ncurses/base/keyok.c -o ../obj_s/keyok.o
gcc -DHAVE_CONFIG_H -I. -I../../ncurses -I../include -I../../ncurses/../include  -D_GNU_SOURCE -DNDEBUG -O2 --param max-inline-insns-single=1200 -fPIC -c ../../ncurses/base/version.c -o ../obj_s/version.o
linking ../lib/libncurses.so.5.9
gcc -O2 --param max-inline-insns-single=1200 -shared -Wl,-soname,`basename ../lib/libncurses.so.5.9 .5.9`.5,-stats,-lc -o ../lib/libncurses.so.5.9 ../obj_s/hardscroll.o ../obj_s/hashmap.o ../obj_s/lib_addch.o ../obj_s/lib_addstr.o ../obj_s/lib_beep.o ../obj_s/lib_bkgd.o ../obj_s/lib_box.o ../obj_s/lib_chgat.o ../obj_s/lib_clear.o ../obj_s/lib_clearok.o ../obj_s/lib_clrbot.o ../obj_s/lib_clreol.o ../obj_s/lib_color.o ../obj_s/lib_colorset.o ../obj_s/lib_delch.o ../obj_s/lib_delwin.o ../obj_s/lib_echo.o ../obj_s/lib_endwin.o ../obj_s/lib_erase.o ../obj_s/lib_flash.o ../obj_s/lib_gen.o ../obj_s/lib_getch.o ../obj_s/lib_getstr.o ../obj_s/lib_hline.o ../obj_s/lib_immedok.o ../obj_s/lib_inchstr.o ../obj_s/lib_initscr.o ../obj_s/lib_insch.o ../obj_s/lib_insdel.o ../obj_s/lib_insnstr.o ../obj_s/lib_instr.o ../obj_s/lib_isendwin.o ../obj_s/lib_leaveok.o ../obj_s/lib_mouse.o ../obj_s/lib_move.o ../obj_s/lib_mvcur.o ../obj_s/lib_mvwin.o ../obj_s/lib_newterm.o ../obj_s/lib_newwin.o ../obj_s/lib_nl.o ../obj_s/lib_overlay.o ../obj_s/lib_pad.o ../obj_s/lib_printw.o ../obj_s/lib_redrawln.o ../obj_s/lib_refresh.o ../obj_s/lib_restart.o ../obj_s/lib_scanw.o ../obj_s/lib_screen.o ../obj_s/lib_scroll.o ../obj_s/lib_scrollok.o ../obj_s/lib_scrreg.o ../obj_s/lib_set_term.o ../obj_s/lib_slk.o ../obj_s/lib_slkatr_set.o ../obj_s/lib_slkatrof.o ../obj_s/lib_slkatron.o ../obj_s/lib_slkatrset.o ../obj_s/lib_slkattr.o ../obj_s/lib_slkclear.o ../obj_s/lib_slkcolor.o ../obj_s/lib_slkinit.o ../obj_s/lib_slklab.o ../obj_s/lib_slkrefr.o ../obj_s/lib_slkset.o ../obj_s/lib_slktouch.o ../obj_s/lib_touch.o ../obj_s/lib_tstp.o ../obj_s/lib_ungetch.o ../obj_s/lib_vidattr.o ../obj_s/lib_vline.o ../obj_s/lib_wattroff.o ../obj_s/lib_wattron.o ../obj_s/lib_winch.o ../obj_s/lib_window.o ../obj_s/nc_panel.o ../obj_s/safe_sprintf.o ../obj_s/tty_update.o ../obj_s/varargs.o ../obj_s/vsscanf.o ../obj_s/lib_freeall.o ../obj_s/expanded.o ../obj_s/legacy_coding.o ../obj_s/lib_dft_fgbg.o ../obj_s/lib_print.o ../obj_s/resizeterm.o ../obj_s/use_screen.o ../obj_s/use_window.o ../obj_s/wresize.o ../obj_s/access.o ../obj_s/add_tries.o ../obj_s/alloc_ttype.o ../obj_s/codes.o ../obj_s/comp_captab.o ../obj_s/comp_error.o ../obj_s/comp_hash.o ../obj_s/db_iterator.o ../obj_s/doalloc.o ../obj_s/entries.o ../obj_s/fallback.o ../obj_s/free_ttype.o ../obj_s/getenv_num.o ../obj_s/home_terminfo.o ../obj_s/init_keytry.o ../obj_s/lib_acs.o ../obj_s/lib_baudrate.o ../obj_s/lib_cur_term.o ../obj_s/lib_data.o ../obj_s/lib_has_cap.o ../obj_s/lib_kernel.o ../obj_s/lib_keyname.o ../obj_s/lib_longname.o ../obj_s/lib_napms.o ../obj_s/lib_options.o ../obj_s/lib_raw.o ../obj_s/lib_setup.o ../obj_s/lib_termcap.o ../obj_s/lib_termname.o ../obj_s/lib_tgoto.o ../obj_s/lib_ti.o ../obj_s/lib_tparm.o ../obj_s/lib_tputs.o ../obj_s/lib_trace.o ../obj_s/lib_ttyflags.o ../obj_s/lib_twait.o ../obj_s/name_match.o ../obj_s/names.o ../obj_s/obsolete.o ../obj_s/read_entry.o ../obj_s/read_termcap.o ../obj_s/strings.o ../obj_s/tries.o ../obj_s/trim_sgr0.o ../obj_s/unctrl.o ../obj_s/visbuf.o ../obj_s/alloc_entry.o ../obj_s/captoinfo.o ../obj_s/comp_expand.o ../obj_s/comp_parse.o ../obj_s/comp_scan.o ../obj_s/parse_entry.o ../obj_s/write_entry.o ../obj_s/define_key.o ../obj_s/hashed_db.o ../obj_s/key_defined.o ../obj_s/keybound.o ../obj_s/keyok.o ../obj_s/version.o -L../lib  
/usr/bin/ld: total time in link: 0.032389
/usr/bin/ld: data size 7229440
cd ../lib && (ln -s -f libncurses.so.5.9 libncurses.so.5; ln -s -f libncurses.so.5 libncurses.so; )
make[1]: Leaving directory '/sources/ncurses-6.0/build/ncurses'
cd progs && make DESTDIR="" RPATH_LIST="/usr/lib" libs
make[1]: Entering directory '/sources/ncurses-6.0/build/progs'
make[1]: Nothing to be done for 'libs'.
make[1]: Leaving directory '/sources/ncurses-6.0/build/progs'
cd panel && make DESTDIR="" RPATH_LIST="/usr/lib" libs
make[1]: Entering directory '/sources/ncurses-6.0/build/panel'
gcc -I../../ncurses -DHAVE_CONFIG_H -I. -I../../panel -I../include -I../../panel/../include  -D_GNU_SOURCE -DNDEBUG -O2 --param max-inline-insns-single=1200 -fPIC -c ../../panel/panel.c -o ../obj_s/panel.o
gcc -I../../ncurses -DHAVE_CONFIG_H -I. -I../../panel -I../include -I../../panel/../include  -D_GNU_SOURCE -DNDEBUG -O2 --param max-inline-insns-single=1200 -fPIC -c ../../panel/p_above.c -o ../obj_s/p_above.o
gcc -I../../ncurses -DHAVE_CONFIG_H -I. -I../../panel -I../include -I../../panel/../include  -D_GNU_SOURCE -DNDEBUG -O2 --param max-inline-insns-single=1200 -fPIC -c ../../panel/p_below.c -o ../obj_s/p_below.o
gcc -I../../ncurses -DHAVE_CONFIG_H -I. -I../../panel -I../include -I../../panel/../include  -D_GNU_SOURCE -DNDEBUG -O2 --param max-inline-insns-single=1200 -fPIC -c ../../panel/p_bottom.c -o ../obj_s/p_bottom.o
gcc -I../../ncurses -DHAVE_CONFIG_H -I. -I../../panel -I../include -I../../panel/../include  -D_GNU_SOURCE -DNDEBUG -O2 --param max-inline-insns-single=1200 -fPIC -c ../../panel/p_delete.c -o ../obj_s/p_delete.o
gcc -I../../ncurses -DHAVE_CONFIG_H -I. -I../../panel -I../include -I../../panel/../include  -D_GNU_SOURCE -DNDEBUG -O2 --param max-inline-insns-single=1200 -fPIC -c ../../panel/p_hide.c -o ../obj_s/p_hide.o
gcc -I../../ncurses -DHAVE_CONFIG_H -I. -I../../panel -I../include -I../../panel/../include  -D_GNU_SOURCE -DNDEBUG -O2 --param max-inline-insns-single=1200 -fPIC -c ../../panel/p_hidden.c -o ../obj_s/p_hidden.o
gcc -I../../ncurses -DHAVE_CONFIG_H -I. -I../../panel -I../include -I../../panel/../include  -D_GNU_SOURCE -DNDEBUG -O2 --param max-inline-insns-single=1200 -fPIC -c ../../panel/p_move.c -o ../obj_s/p_move.o
gcc -I../../ncurses -DHAVE_CONFIG_H -I. -I../../panel -I../include -I../../panel/../include  -D_GNU_SOURCE -DNDEBUG -O2 --param max-inline-insns-single=1200 -fPIC -c ../../panel/p_new.c -o ../obj_s/p_new.o
gcc -I../../ncurses -DHAVE_CONFIG_H -I. -I../../panel -I../include -I../../panel/../include  -D_GNU_SOURCE -DNDEBUG -O2 --param max-inline-insns-single=1200 -fPIC -c ../../panel/p_replace.c -o ../obj_s/p_replace.o
gcc -I../../ncurses -DHAVE_CONFIG_H -I. -I../../panel -I../include -I../../panel/../include  -D_GNU_SOURCE -DNDEBUG -O2 --param max-inline-insns-single=1200 -fPIC -c ../../panel/p_show.c -o ../obj_s/p_show.o
gcc -I../../ncurses -DHAVE_CONFIG_H -I. -I../../panel -I../include -I../../panel/../include  -D_GNU_SOURCE -DNDEBUG -O2 --param max-inline-insns-single=1200 -fPIC -c ../../panel/p_top.c -o ../obj_s/p_top.o
gcc -I../../ncurses -DHAVE_CONFIG_H -I. -I../../panel -I../include -I../../panel/../include  -D_GNU_SOURCE -DNDEBUG -O2 --param max-inline-insns-single=1200 -fPIC -c ../../panel/p_update.c -o ../obj_s/p_update.o
gcc -I../../ncurses -DHAVE_CONFIG_H -I. -I../../panel -I../include -I../../panel/../include  -D_GNU_SOURCE -DNDEBUG -O2 --param max-inline-insns-single=1200 -fPIC -c ../../panel/p_user.c -o ../obj_s/p_user.o
gcc -I../../ncurses -DHAVE_CONFIG_H -I. -I../../panel -I../include -I../../panel/../include  -D_GNU_SOURCE -DNDEBUG -O2 --param max-inline-insns-single=1200 -fPIC -c ../../panel/p_win.c -o ../obj_s/p_win.o
linking ../lib/libpanel.so.5.9
gcc -O2 --param max-inline-insns-single=1200 -shared -Wl,-soname,`basename ../lib/libpanel.so.5.9 .5.9`.5,-stats,-lc -o ../lib/libpanel.so.5.9 ../obj_s/panel.o ../obj_s/p_above.o ../obj_s/p_below.o ../obj_s/p_bottom.o ../obj_s/p_delete.o ../obj_s/p_hide.o ../obj_s/p_hidden.o ../obj_s/p_move.o ../obj_s/p_new.o ../obj_s/p_replace.o ../obj_s/p_show.o ../obj_s/p_top.o ../obj_s/p_update.o ../obj_s/p_user.o ../obj_s/p_win.o -L../lib -lncurses  
/usr/bin/ld: total time in link: 0.017985
/usr/bin/ld: data size 4448256
cd ../lib && (ln -s -f libpanel.so.5.9 libpanel.so.5; ln -s -f libpanel.so.5 libpanel.so; )
make[1]: Leaving directory '/sources/ncurses-6.0/build/panel'
cd menu && make DESTDIR="" RPATH_LIST="/usr/lib" libs
make[1]: Entering directory '/sources/ncurses-6.0/build/menu'
gcc -I../../ncurses -DHAVE_CONFIG_H -I. -I../../menu -I../include -I../../menu/../include  -D_GNU_SOURCE -DNDEBUG -O2 --param max-inline-insns-single=1200 -fPIC -c ../../menu/m_attribs.c -o ../obj_s/m_attribs.o
gcc -I../../ncurses -DHAVE_CONFIG_H -I. -I../../menu -I../include -I../../menu/../include  -D_GNU_SOURCE -DNDEBUG -O2 --param max-inline-insns-single=1200 -fPIC -c ../../menu/m_cursor.c -o ../obj_s/m_cursor.o
gcc -I../../ncurses -DHAVE_CONFIG_H -I. -I../../menu -I../include -I../../menu/../include  -D_GNU_SOURCE -DNDEBUG -O2 --param max-inline-insns-single=1200 -fPIC -c ../../menu/m_driver.c -o ../obj_s/m_driver.o
gcc -I../../ncurses -DHAVE_CONFIG_H -I. -I../../menu -I../include -I../../menu/../include  -D_GNU_SOURCE -DNDEBUG -O2 --param max-inline-insns-single=1200 -fPIC -c ../../menu/m_format.c -o ../obj_s/m_format.o
gcc -I../../ncurses -DHAVE_CONFIG_H -I. -I../../menu -I../include -I../../menu/../include  -D_GNU_SOURCE -DNDEBUG -O2 --param max-inline-insns-single=1200 -fPIC -c ../../menu/m_global.c -o ../obj_s/m_global.o
gcc -I../../ncurses -DHAVE_CONFIG_H -I. -I../../menu -I../include -I../../menu/../include  -D_GNU_SOURCE -DNDEBUG -O2 --param max-inline-insns-single=1200 -fPIC -c ../../menu/m_hook.c -o ../obj_s/m_hook.o
gcc -I../../ncurses -DHAVE_CONFIG_H -I. -I../../menu -I../include -I../../menu/../include  -D_GNU_SOURCE -DNDEBUG -O2 --param max-inline-insns-single=1200 -fPIC -c ../../menu/m_item_cur.c -o ../obj_s/m_item_cur.o
gcc -I../../ncurses -DHAVE_CONFIG_H -I. -I../../menu -I../include -I../../menu/../include  -D_GNU_SOURCE -DNDEBUG -O2 --param max-inline-insns-single=1200 -fPIC -c ../../menu/m_item_nam.c -o ../obj_s/m_item_nam.o
gcc -I../../ncurses -DHAVE_CONFIG_H -I. -I../../menu -I../include -I../../menu/../include  -D_GNU_SOURCE -DNDEBUG -O2 --param max-inline-insns-single=1200 -fPIC -c ../../menu/m_item_new.c -o ../obj_s/m_item_new.o
gcc -I../../ncurses -DHAVE_CONFIG_H -I. -I../../menu -I../include -I../../menu/../include  -D_GNU_SOURCE -DNDEBUG -O2 --param max-inline-insns-single=1200 -fPIC -c ../../menu/m_item_opt.c -o ../obj_s/m_item_opt.o
gcc -I../../ncurses -DHAVE_CONFIG_H -I. -I../../menu -I../include -I../../menu/../include  -D_GNU_SOURCE -DNDEBUG -O2 --param max-inline-insns-single=1200 -fPIC -c ../../menu/m_item_top.c -o ../obj_s/m_item_top.o
gcc -I../../ncurses -DHAVE_CONFIG_H -I. -I../../menu -I../include -I../../menu/../include  -D_GNU_SOURCE -DNDEBUG -O2 --param max-inline-insns-single=1200 -fPIC -c ../../menu/m_item_use.c -o ../obj_s/m_item_use.o
gcc -I../../ncurses -DHAVE_CONFIG_H -I. -I../../menu -I../include -I../../menu/../include  -D_GNU_SOURCE -DNDEBUG -O2 --param max-inline-insns-single=1200 -fPIC -c ../../menu/m_item_val.c -o ../obj_s/m_item_val.o
gcc -I../../ncurses -DHAVE_CONFIG_H -I. -I../../menu -I../include -I../../menu/../include  -D_GNU_SOURCE -DNDEBUG -O2 --param max-inline-insns-single=1200 -fPIC -c ../../menu/m_item_vis.c -o ../obj_s/m_item_vis.o
gcc -I../../ncurses -DHAVE_CONFIG_H -I. -I../../menu -I../include -I../../menu/../include  -D_GNU_SOURCE -DNDEBUG -O2 --param max-inline-insns-single=1200 -fPIC -c ../../menu/m_items.c -o ../obj_s/m_items.o
gcc -I../../ncurses -DHAVE_CONFIG_H -I. -I../../menu -I../include -I../../menu/../include  -D_GNU_SOURCE -DNDEBUG -O2 --param max-inline-insns-single=1200 -fPIC -c ../../menu/m_new.c -o ../obj_s/m_new.o
gcc -I../../ncurses -DHAVE_CONFIG_H -I. -I../../menu -I../include -I../../menu/../include  -D_GNU_SOURCE -DNDEBUG -O2 --param max-inline-insns-single=1200 -fPIC -c ../../menu/m_opts.c -o ../obj_s/m_opts.o
gcc -I../../ncurses -DHAVE_CONFIG_H -I. -I../../menu -I../include -I../../menu/../include  -D_GNU_SOURCE -DNDEBUG -O2 --param max-inline-insns-single=1200 -fPIC -c ../../menu/m_pad.c -o ../obj_s/m_pad.o
gcc -I../../ncurses -DHAVE_CONFIG_H -I. -I../../menu -I../include -I../../menu/../include  -D_GNU_SOURCE -DNDEBUG -O2 --param max-inline-insns-single=1200 -fPIC -c ../../menu/m_pattern.c -o ../obj_s/m_pattern.o
gcc -I../../ncurses -DHAVE_CONFIG_H -I. -I../../menu -I../include -I../../menu/../include  -D_GNU_SOURCE -DNDEBUG -O2 --param max-inline-insns-single=1200 -fPIC -c ../../menu/m_post.c -o ../obj_s/m_post.o
gcc -I../../ncurses -DHAVE_CONFIG_H -I. -I../../menu -I../include -I../../menu/../include  -D_GNU_SOURCE -DNDEBUG -O2 --param max-inline-insns-single=1200 -fPIC -c ../../menu/m_req_name.c -o ../obj_s/m_req_name.o
gcc -I../../ncurses -DHAVE_CONFIG_H -I. -I../../menu -I../include -I../../menu/../include  -D_GNU_SOURCE -DNDEBUG -O2 --param max-inline-insns-single=1200 -fPIC -c ../../menu/m_scale.c -o ../obj_s/m_scale.o
gcc -I../../ncurses -DHAVE_CONFIG_H -I. -I../../menu -I../include -I../../menu/../include  -D_GNU_SOURCE -DNDEBUG -O2 --param max-inline-insns-single=1200 -fPIC -c ../../menu/m_spacing.c -o ../obj_s/m_spacing.o
gcc -I../../ncurses -DHAVE_CONFIG_H -I. -I../../menu -I../include -I../../menu/../include  -D_GNU_SOURCE -DNDEBUG -O2 --param max-inline-insns-single=1200 -fPIC -c ../../menu/m_sub.c -o ../obj_s/m_sub.o
gcc -I../../ncurses -DHAVE_CONFIG_H -I. -I../../menu -I../include -I../../menu/../include  -D_GNU_SOURCE -DNDEBUG -O2 --param max-inline-insns-single=1200 -fPIC -c ../../menu/m_userptr.c -o ../obj_s/m_userptr.o
gcc -I../../ncurses -DHAVE_CONFIG_H -I. -I../../menu -I../include -I../../menu/../include  -D_GNU_SOURCE -DNDEBUG -O2 --param max-inline-insns-single=1200 -fPIC -c ../../menu/m_win.c -o ../obj_s/m_win.o
linking ../lib/libmenu.so.5.9
gcc -O2 --param max-inline-insns-single=1200 -shared -Wl,-soname,`basename ../lib/libmenu.so.5.9 .5.9`.5,-stats,-lc -o ../lib/libmenu.so.5.9 ../obj_s/m_attribs.o ../obj_s/m_cursor.o ../obj_s/m_driver.o ../obj_s/m_format.o ../obj_s/m_global.o ../obj_s/m_hook.o ../obj_s/m_item_cur.o ../obj_s/m_item_nam.o ../obj_s/m_item_new.o ../obj_s/m_item_opt.o ../obj_s/m_item_top.o ../obj_s/m_item_use.o ../obj_s/m_item_val.o ../obj_s/m_item_vis.o ../obj_s/m_items.o ../obj_s/m_new.o ../obj_s/m_opts.o ../obj_s/m_pad.o ../obj_s/m_pattern.o ../obj_s/m_post.o ../obj_s/m_req_name.o ../obj_s/m_scale.o ../obj_s/m_spacing.o ../obj_s/m_sub.o ../obj_s/m_userptr.o ../obj_s/m_win.o -L../lib -lncurses  
/usr/bin/ld: total time in link: 0.018977
/usr/bin/ld: data size 4685824
cd ../lib && (ln -s -f libmenu.so.5.9 libmenu.so.5; ln -s -f libmenu.so.5 libmenu.so; )
make[1]: Leaving directory '/sources/ncurses-6.0/build/menu'
cd form && make DESTDIR="" RPATH_LIST="/usr/lib" libs
make[1]: Entering directory '/sources/ncurses-6.0/build/form'
gcc -I../../ncurses -DHAVE_CONFIG_H -I. -I../../form -I../include -I../../form/../include  -D_GNU_SOURCE -DNDEBUG -O2 --param max-inline-insns-single=1200 -fPIC -c ../../form/fld_arg.c -o ../obj_s/fld_arg.o
gcc -I../../ncurses -DHAVE_CONFIG_H -I. -I../../form -I../include -I../../form/../include  -D_GNU_SOURCE -DNDEBUG -O2 --param max-inline-insns-single=1200 -fPIC -c ../../form/fld_attr.c -o ../obj_s/fld_attr.o
gcc -I../../ncurses -DHAVE_CONFIG_H -I. -I../../form -I../include -I../../form/../include  -D_GNU_SOURCE -DNDEBUG -O2 --param max-inline-insns-single=1200 -fPIC -c ../../form/fld_current.c -o ../obj_s/fld_current.o
gcc -I../../ncurses -DHAVE_CONFIG_H -I. -I../../form -I../include -I../../form/../include  -D_GNU_SOURCE -DNDEBUG -O2 --param max-inline-insns-single=1200 -fPIC -c ../../form/fld_def.c -o ../obj_s/fld_def.o
gcc -I../../ncurses -DHAVE_CONFIG_H -I. -I../../form -I../include -I../../form/../include  -D_GNU_SOURCE -DNDEBUG -O2 --param max-inline-insns-single=1200 -fPIC -c ../../form/fld_dup.c -o ../obj_s/fld_dup.o
gcc -I../../ncurses -DHAVE_CONFIG_H -I. -I../../form -I../include -I../../form/../include  -D_GNU_SOURCE -DNDEBUG -O2 --param max-inline-insns-single=1200 -fPIC -c ../../form/fld_ftchoice.c -o ../obj_s/fld_ftchoice.o
gcc -I../../ncurses -DHAVE_CONFIG_H -I. -I../../form -I../include -I../../form/../include  -D_GNU_SOURCE -DNDEBUG -O2 --param max-inline-insns-single=1200 -fPIC -c ../../form/fld_ftlink.c -o ../obj_s/fld_ftlink.o
gcc -I../../ncurses -DHAVE_CONFIG_H -I. -I../../form -I../include -I../../form/../include  -D_GNU_SOURCE -DNDEBUG -O2 --param max-inline-insns-single=1200 -fPIC -c ../../form/fld_info.c -o ../obj_s/fld_info.o
gcc -I../../ncurses -DHAVE_CONFIG_H -I. -I../../form -I../include -I../../form/../include  -D_GNU_SOURCE -DNDEBUG -O2 --param max-inline-insns-single=1200 -fPIC -c ../../form/fld_just.c -o ../obj_s/fld_just.o
gcc -I../../ncurses -DHAVE_CONFIG_H -I. -I../../form -I../include -I../../form/../include  -D_GNU_SOURCE -DNDEBUG -O2 --param max-inline-insns-single=1200 -fPIC -c ../../form/fld_link.c -o ../obj_s/fld_link.o
gcc -I../../ncurses -DHAVE_CONFIG_H -I. -I../../form -I../include -I../../form/../include  -D_GNU_SOURCE -DNDEBUG -O2 --param max-inline-insns-single=1200 -fPIC -c ../../form/fld_max.c -o ../obj_s/fld_max.o
gcc -I../../ncurses -DHAVE_CONFIG_H -I. -I../../form -I../include -I../../form/../include  -D_GNU_SOURCE -DNDEBUG -O2 --param max-inline-insns-single=1200 -fPIC -c ../../form/fld_move.c -o ../obj_s/fld_move.o
gcc -I../../ncurses -DHAVE_CONFIG_H -I. -I../../form -I../include -I../../form/../include  -D_GNU_SOURCE -DNDEBUG -O2 --param max-inline-insns-single=1200 -fPIC -c ../../form/fld_newftyp.c -o ../obj_s/fld_newftyp.o
gcc -I../../ncurses -DHAVE_CONFIG_H -I. -I../../form -I../include -I../../form/../include  -D_GNU_SOURCE -DNDEBUG -O2 --param max-inline-insns-single=1200 -fPIC -c ../../form/fld_opts.c -o ../obj_s/fld_opts.o
gcc -I../../ncurses -DHAVE_CONFIG_H -I. -I../../form -I../include -I../../form/../include  -D_GNU_SOURCE -DNDEBUG -O2 --param max-inline-insns-single=1200 -fPIC -c ../../form/fld_pad.c -o ../obj_s/fld_pad.o
gcc -I../../ncurses -DHAVE_CONFIG_H -I. -I../../form -I../include -I../../form/../include  -D_GNU_SOURCE -DNDEBUG -O2 --param max-inline-insns-single=1200 -fPIC -c ../../form/fld_page.c -o ../obj_s/fld_page.o
gcc -I../../ncurses -DHAVE_CONFIG_H -I. -I../../form -I../include -I../../form/../include  -D_GNU_SOURCE -DNDEBUG -O2 --param max-inline-insns-single=1200 -fPIC -c ../../form/fld_stat.c -o ../obj_s/fld_stat.o
gcc -I../../ncurses -DHAVE_CONFIG_H -I. -I../../form -I../include -I../../form/../include  -D_GNU_SOURCE -DNDEBUG -O2 --param max-inline-insns-single=1200 -fPIC -c ../../form/fld_type.c -o ../obj_s/fld_type.o
gcc -I../../ncurses -DHAVE_CONFIG_H -I. -I../../form -I../include -I../../form/../include  -D_GNU_SOURCE -DNDEBUG -O2 --param max-inline-insns-single=1200 -fPIC -c ../../form/fld_user.c -o ../obj_s/fld_user.o
gcc -I../../ncurses -DHAVE_CONFIG_H -I. -I../../form -I../include -I../../form/../include  -D_GNU_SOURCE -DNDEBUG -O2 --param max-inline-insns-single=1200 -fPIC -c ../../form/frm_cursor.c -o ../obj_s/frm_cursor.o
gcc -I../../ncurses -DHAVE_CONFIG_H -I. -I../../form -I../include -I../../form/../include  -D_GNU_SOURCE -DNDEBUG -O2 --param max-inline-insns-single=1200 -fPIC -c ../../form/frm_data.c -o ../obj_s/frm_data.o
gcc -I../../ncurses -DHAVE_CONFIG_H -I. -I../../form -I../include -I../../form/../include  -D_GNU_SOURCE -DNDEBUG -O2 --param max-inline-insns-single=1200 -fPIC -c ../../form/frm_def.c -o ../obj_s/frm_def.o
gcc -I../../ncurses -DHAVE_CONFIG_H -I. -I../../form -I../include -I../../form/../include  -D_GNU_SOURCE -DNDEBUG -O2 --param max-inline-insns-single=1200 -fPIC -c ../../form/frm_driver.c -o ../obj_s/frm_driver.o
gcc -I../../ncurses -DHAVE_CONFIG_H -I. -I../../form -I../include -I../../form/../include  -D_GNU_SOURCE -DNDEBUG -O2 --param max-inline-insns-single=1200 -fPIC -c ../../form/frm_hook.c -o ../obj_s/frm_hook.o
gcc -I../../ncurses -DHAVE_CONFIG_H -I. -I../../form -I../include -I../../form/../include  -D_GNU_SOURCE -DNDEBUG -O2 --param max-inline-insns-single=1200 -fPIC -c ../../form/frm_opts.c -o ../obj_s/frm_opts.o
gcc -I../../ncurses -DHAVE_CONFIG_H -I. -I../../form -I../include -I../../form/../include  -D_GNU_SOURCE -DNDEBUG -O2 --param max-inline-insns-single=1200 -fPIC -c ../../form/frm_page.c -o ../obj_s/frm_page.o
gcc -I../../ncurses -DHAVE_CONFIG_H -I. -I../../form -I../include -I../../form/../include  -D_GNU_SOURCE -DNDEBUG -O2 --param max-inline-insns-single=1200 -fPIC -c ../../form/frm_post.c -o ../obj_s/frm_post.o
gcc -I../../ncurses -DHAVE_CONFIG_H -I. -I../../form -I../include -I../../form/../include  -D_GNU_SOURCE -DNDEBUG -O2 --param max-inline-insns-single=1200 -fPIC -c ../../form/frm_req_name.c -o ../obj_s/frm_req_name.o
gcc -I../../ncurses -DHAVE_CONFIG_H -I. -I../../form -I../include -I../../form/../include  -D_GNU_SOURCE -DNDEBUG -O2 --param max-inline-insns-single=1200 -fPIC -c ../../form/frm_scale.c -o ../obj_s/frm_scale.o
gcc -I../../ncurses -DHAVE_CONFIG_H -I. -I../../form -I../include -I../../form/../include  -D_GNU_SOURCE -DNDEBUG -O2 --param max-inline-insns-single=1200 -fPIC -c ../../form/frm_sub.c -o ../obj_s/frm_sub.o
gcc -I../../ncurses -DHAVE_CONFIG_H -I. -I../../form -I../include -I../../form/../include  -D_GNU_SOURCE -DNDEBUG -O2 --param max-inline-insns-single=1200 -fPIC -c ../../form/frm_user.c -o ../obj_s/frm_user.o
gcc -I../../ncurses -DHAVE_CONFIG_H -I. -I../../form -I../include -I../../form/../include  -D_GNU_SOURCE -DNDEBUG -O2 --param max-inline-insns-single=1200 -fPIC -c ../../form/frm_win.c -o ../obj_s/frm_win.o
gcc -I../../ncurses -DHAVE_CONFIG_H -I. -I../../form -I../include -I../../form/../include  -D_GNU_SOURCE -DNDEBUG -O2 --param max-inline-insns-single=1200 -fPIC -c ../../form/fty_alnum.c -o ../obj_s/fty_alnum.o
gcc -I../../ncurses -DHAVE_CONFIG_H -I. -I../../form -I../include -I../../form/../include  -D_GNU_SOURCE -DNDEBUG -O2 --param max-inline-insns-single=1200 -fPIC -c ../../form/fty_alpha.c -o ../obj_s/fty_alpha.o
gcc -I../../ncurses -DHAVE_CONFIG_H -I. -I../../form -I../include -I../../form/../include  -D_GNU_SOURCE -DNDEBUG -O2 --param max-inline-insns-single=1200 -fPIC -c ../../form/fty_enum.c -o ../obj_s/fty_enum.o
gcc -I../../ncurses -DHAVE_CONFIG_H -I. -I../../form -I../include -I../../form/../include  -D_GNU_SOURCE -DNDEBUG -O2 --param max-inline-insns-single=1200 -fPIC -c ../../form/fty_generic.c -o ../obj_s/fty_generic.o
gcc -I../../ncurses -DHAVE_CONFIG_H -I. -I../../form -I../include -I../../form/../include  -D_GNU_SOURCE -DNDEBUG -O2 --param max-inline-insns-single=1200 -fPIC -c ../../form/fty_int.c -o ../obj_s/fty_int.o
gcc -I../../ncurses -DHAVE_CONFIG_H -I. -I../../form -I../include -I../../form/../include  -D_GNU_SOURCE -DNDEBUG -O2 --param max-inline-insns-single=1200 -fPIC -c ../../form/fty_ipv4.c -o ../obj_s/fty_ipv4.o
gcc -I../../ncurses -DHAVE_CONFIG_H -I. -I../../form -I../include -I../../form/../include  -D_GNU_SOURCE -DNDEBUG -O2 --param max-inline-insns-single=1200 -fPIC -c ../../form/fty_num.c -o ../obj_s/fty_num.o
gcc -I../../ncurses -DHAVE_CONFIG_H -I. -I../../form -I../include -I../../form/../include  -D_GNU_SOURCE -DNDEBUG -O2 --param max-inline-insns-single=1200 -fPIC -c ../../form/fty_regex.c -o ../obj_s/fty_regex.o
linking ../lib/libform.so.5.9
gcc -O2 --param max-inline-insns-single=1200 -shared -Wl,-soname,`basename ../lib/libform.so.5.9 .5.9`.5,-stats,-lc -o ../lib/libform.so.5.9 ../obj_s/fld_arg.o ../obj_s/fld_attr.o ../obj_s/fld_current.o ../obj_s/fld_def.o ../obj_s/fld_dup.o ../obj_s/fld_ftchoice.o ../obj_s/fld_ftlink.o ../obj_s/fld_info.o ../obj_s/fld_just.o ../obj_s/fld_link.o ../obj_s/fld_max.o ../obj_s/fld_move.o ../obj_s/fld_newftyp.o ../obj_s/fld_opts.o ../obj_s/fld_pad.o ../obj_s/fld_page.o ../obj_s/fld_stat.o ../obj_s/fld_type.o ../obj_s/fld_user.o ../obj_s/frm_cursor.o ../obj_s/frm_data.o ../obj_s/frm_def.o ../obj_s/frm_driver.o ../obj_s/frm_hook.o ../obj_s/frm_opts.o ../obj_s/frm_page.o ../obj_s/frm_post.o ../obj_s/frm_req_name.o ../obj_s/frm_scale.o ../obj_s/frm_sub.o ../obj_s/frm_user.o ../obj_s/frm_win.o ../obj_s/fty_alnum.o ../obj_s/fty_alpha.o ../obj_s/fty_enum.o ../obj_s/fty_generic.o ../obj_s/fty_int.o ../obj_s/fty_ipv4.o ../obj_s/fty_num.o ../obj_s/fty_regex.o -L../lib -lncurses  
/usr/bin/ld: total time in link: 0.021540
/usr/bin/ld: data size 4952064
cd ../lib && (ln -s -f libform.so.5.9 libform.so.5; ln -s -f libform.so.5 libform.so; )
make[1]: Leaving directory '/sources/ncurses-6.0/build/form'
cd test && make DESTDIR="" RPATH_LIST="/usr/lib" libs
make[1]: Entering directory '/sources/ncurses-6.0/build/test'
make[1]: Nothing to be done for 'libs'.
make[1]: Leaving directory '/sources/ncurses-6.0/build/test'
