checking for a BSD-compatible install... /usr/bin/install -c
checking whether build environment is sane... yes
checking for a thread-safe mkdir -p... /bin/mkdir -p
checking for gawk... gawk
checking whether make sets $(MAKE)... yes
checking whether make supports nested variables... yes
checking whether build environment is sane... yes
checking whether to enable maintainer-specific portions of Makefiles... yes
checking whether make supports nested variables... (cached) yes
checking for style of include used by make... GNU
checking for gcc... gcc
checking whether the C compiler works... yes
checking for C compiler default output file name... a.out
checking for suffix of executables... 
checking whether we are cross compiling... no
checking for suffix of object files... o
checking whether we are using the GNU C compiler... yes
checking whether gcc accepts -g... yes
checking for gcc option to accept ISO C89... none needed
checking whether gcc understands -c and -o together... yes
checking dependency style of gcc... gcc3
checking how to run the C preprocessor... gcc -E
checking for grep that handles long lines and -e... /usr/bin/grep
checking for egrep... /usr/bin/grep -E
checking for ANSI C header files... yes
checking for sys/types.h... yes
checking for sys/stat.h... yes
checking for stdlib.h... yes
checking for string.h... yes
checking for memory.h... yes
checking for strings.h... yes
checking for inttypes.h... yes
checking for stdint.h... yes
checking for unistd.h... yes
checking minix/config.h usability... no
checking minix/config.h presence... no
checking for minix/config.h... no
checking whether it is safe to define __EXTENSIONS__... yes
checking build system type... x86_64-pc-linux-gnu
checking host system type... x86_64-pc-linux-gnu
checking how to print strings... printf
checking for a sed that does not truncate output... /bin/sed
checking for fgrep... /usr/bin/grep -F
checking for ld used by gcc... /usr/bin/ld
checking if the linker (/usr/bin/ld) is GNU ld... yes
checking for BSD- or MS-compatible name lister (nm)... /usr/bin/nm -B
checking the name lister (/usr/bin/nm -B) interface... BSD nm
checking whether ln -s works... yes
checking the maximum length of command line arguments... 1572864
checking how to convert x86_64-pc-linux-gnu file names to x86_64-pc-linux-gnu format... func_convert_file_noop
checking how to convert x86_64-pc-linux-gnu file names to toolchain format... func_convert_file_noop
checking for /usr/bin/ld option to reload object files... -r
checking for objdump... objdump
checking how to recognize dependent libraries... pass_all
checking for dlltool... no
checking how to associate runtime and link libraries... printf %s\n
checking for ar... ar
checking for archiver @FILE support... @
checking for strip... strip
checking for ranlib... ranlib
checking command to parse /usr/bin/nm -B output from gcc object... ok
checking for sysroot... no
checking for a working dd... /bin/dd
checking how to truncate binary pipes... /bin/dd bs=4096 count=1
checking for mt... mt
checking if mt is a manifest tool... no
checking for dlfcn.h... yes
checking for objdir... .libs
checking if gcc supports -fno-rtti -fno-exceptions... no
checking for gcc option to produce PIC... -fPIC -DPIC
checking if gcc PIC flag -fPIC -DPIC works... yes
checking if gcc static flag -static works... yes
checking if gcc supports -c -o file.o... yes
checking if gcc supports -c -o file.o... (cached) yes
checking whether the gcc linker (/usr/bin/ld -m elf_x86_64) supports shared libraries... yes
checking whether -lc should be explicitly linked in... no
checking dynamic linker characteristics... GNU/Linux ld.so
checking how to hardcode library paths into programs... immediate
checking for shl_load... no
checking for shl_load in -ldld... no
checking for dlopen... no
checking for dlopen in -ldl... yes
checking whether a program can dlopen itself... yes
checking whether a statically linked program can dlopen itself... no
checking whether stripping libraries is possible... yes
checking if libtool supports shared libraries... yes
checking whether to build shared libraries... yes
checking whether to build static libraries... no
checking for gcc... (cached) gcc
checking whether we are using the GNU C compiler... (cached) yes
checking whether gcc accepts -g... (cached) yes
checking for gcc option to accept ISO C89... (cached) none needed
checking whether gcc understands -c and -o together... (cached) yes
checking dependency style of gcc... (cached) gcc3
checking how to run the C preprocessor... gcc -E
checking for pkg-config... /usr/bin/pkg-config
checking pkg-config is at least version 0.9.0... yes
checking whether NLS is requested... yes
checking for msgfmt... /usr/bin/msgfmt
checking for gmsgfmt... /usr/bin/msgfmt
checking for xgettext... /usr/bin/xgettext
checking for msgmerge... /usr/bin/msgmerge
checking for ld used by gcc... /usr/bin/ld -m elf_x86_64
checking if the linker (/usr/bin/ld -m elf_x86_64) is GNU ld... yes
checking for shared library run path origin... done
checking for CFPreferencesCopyAppValue... no
checking for CFLocaleCopyCurrent... no
checking for GNU gettext in libc... yes
checking whether to use NLS... yes
checking where the gettext function comes from... libc
checking for win32... no
checking whether byte ordering is bigendian... no
checking for stdbool.h that conforms to C99... yes
checking for _Bool... yes
checking size of unsigned long... 8
checking for pthread_create... no
checking for pthread_create in -lpthread... yes
checking for nanosleep... yes
checking for library containing dlopen... -ldl
checking for library containing gethostbyname... none required
checking for library containing connect... none required
checking locale.h usability... yes
checking locale.h presence... yes
checking for locale.h... yes
checking sys/resource.h usability... yes
checking sys/resource.h presence... yes
checking for sys/resource.h... yes
checking ucred.h usability... no
checking ucred.h presence... no
checking for ucred.h... no
checking for struct dirent.d_type... yes
checking for getprogname... no
checking for getexecname... no
checking for basename... yes
checking for mkstemp... yes
checking for mkdtemp... yes
checking for getauxval... yes
checking for issetugid... no
checking for getresuid... yes
checking for secure_getenv... yes
checking for strnstr... no
checking for memdup... no
checking for strndup... yes
checking for strerror_l... yes
checking for strerror_r... yes
checking for reallocarray... yes
checking for fdwalk... no
checking for setenv... yes
checking for getpeereid... no
checking for getpeerucred... no
checking for gmtime_r... yes
checking whether program_invocation_short_name is declared... no
checking whether program_invocation_short_name is available... yes
checking whether __progname is declared... no
checking for sighandler_t... yes
checking for sig_t... yes
checking for __sighandler_t... yes
checking for asprintf... yes
checking for vasprintf... yes
checking for vsnprintf... yes
checking whether asprintf is declared... yes
checking whether vasprintf is declared... yes
checking for dgettext in -lintl... no
checking for LIBTASN1... yes
checking for LIBFFI... yes
checking if trust module is enabled... yes
checking for trust module paths... /etc/pki/anchors
checking for gtkdoc-check... no
checking for gtkdoc-rebase... no
checking for gtkdoc-mkpdf... no
checking for gtkdoc-scan... no
checking for xsltproc... /usr/bin/xsltproc
checking whether to build documentation... no
checking for debug mode... default (-g, debug output)
checking for more warnings... checking whether gcc understands -Wmissing-include-dirs... yes
checking whether gcc understands -Wundef... yes
checking build strict... no
checking whether to build with gcov testing... no
checking that generated files are newer than configure... done
checking that generated files are newer than configure... done
configure: creating ./config.status
config.status: creating Makefile
config.status: creating doc/Makefile
config.status: creating doc/manual/Makefile
config.status: creating po/Makefile.in
config.status: creating p11-kit/p11-kit-1.pc
config.status: creating p11-kit/pkcs11.conf.example
config.status: creating trust/trust-extract-compat
config.status: creating trust/test-extract
config.status: creating config.h
config.status: executing depfiles commands
config.status: executing libtool commands
config.status: executing po-directories commands
config.status: creating po/POTFILES
config.status: creating po/Makefile
configure: build options:

    Host:                            x86_64-pc-linux-gnu
    Debug build:                     default (-g, debug output)
    Strict build:                    no
    Build documentation:             no (no manual or reference)
    System global config:            /etc/pkcs11/pkcs11.conf
    System module config directory:  /etc/pkcs11/modules
    Package module config directory: ${pkgdatadir}/modules
    User global config:              ~/.config/pkcs11/pkcs11.conf
    User module config directory:    ~/.config/pkcs11/modules
    Load relative module paths from: ${exec_prefix}/lib/pkcs11

    With libtasn1 dependency:        yes
    With libffi:                     yes
    With hash implementation:        internal

    Build trust module:              yes
    Trust module paths:              /etc/pki/anchors


