cd lib && ./configure
Configuring libpci for your system... x86_64--linux 3.10.0-693.11.1.el7.x86_64 x86_64 linux
Looking for access methods... sysfs proc i386-ports dump
Checking for zlib support... yes (auto-detected)
Checking for DNS support... yes (auto-detected)
Checking for libkmod... yes (auto-detected)
Checking for udev hwdb support... yes (auto-detected)
Checking whether to build a shared library... yes (set manually)
make -C lib all
make[1]: Entering directory '/lfskernel/sources/boot/pciutils-3.5.5/lib'
gcc -O2 -Wall -W -Wno-parentheses -Wstrict-prototypes -Wmissing-prototypes -fPIC -fvisibility=hidden   -c -o init.o init.c
gcc -O2 -Wall -W -Wno-parentheses -Wstrict-prototypes -Wmissing-prototypes -fPIC -fvisibility=hidden   -c -o access.o access.c
gcc -O2 -Wall -W -Wno-parentheses -Wstrict-prototypes -Wmissing-prototypes -fPIC -fvisibility=hidden   -c -o generic.o generic.c
gcc -O2 -Wall -W -Wno-parentheses -Wstrict-prototypes -Wmissing-prototypes -fPIC -fvisibility=hidden   -c -o dump.o dump.c
gcc -O2 -Wall -W -Wno-parentheses -Wstrict-prototypes -Wmissing-prototypes -fPIC -fvisibility=hidden   -c -o names.o names.c
gcc -O2 -Wall -W -Wno-parentheses -Wstrict-prototypes -Wmissing-prototypes -fPIC -fvisibility=hidden   -c -o filter.o filter.c
gcc -O2 -Wall -W -Wno-parentheses -Wstrict-prototypes -Wmissing-prototypes -fPIC -fvisibility=hidden   -c -o names-hash.o names-hash.c
gcc -O2 -Wall -W -Wno-parentheses -Wstrict-prototypes -Wmissing-prototypes -fPIC -fvisibility=hidden   -c -o names-parse.o names-parse.c
gcc -O2 -Wall -W -Wno-parentheses -Wstrict-prototypes -Wmissing-prototypes -fPIC -fvisibility=hidden   -c -o names-net.o names-net.c
gcc -O2 -Wall -W -Wno-parentheses -Wstrict-prototypes -Wmissing-prototypes -fPIC -fvisibility=hidden   -c -o names-cache.o names-cache.c
gcc -O2 -Wall -W -Wno-parentheses -Wstrict-prototypes -Wmissing-prototypes -fPIC -fvisibility=hidden   -c -o names-hwdb.o names-hwdb.c
gcc -O2 -Wall -W -Wno-parentheses -Wstrict-prototypes -Wmissing-prototypes -fPIC -fvisibility=hidden   -c -o params.o params.c
gcc -O2 -Wall -W -Wno-parentheses -Wstrict-prototypes -Wmissing-prototypes -fPIC -fvisibility=hidden   -c -o caps.o caps.c
gcc -O2 -Wall -W -Wno-parentheses -Wstrict-prototypes -Wmissing-prototypes -fPIC -fvisibility=hidden   -c -o sysfs.o sysfs.c
gcc -O2 -Wall -W -Wno-parentheses -Wstrict-prototypes -Wmissing-prototypes -fPIC -fvisibility=hidden   -c -o proc.o proc.c
gcc -O2 -Wall -W -Wno-parentheses -Wstrict-prototypes -Wmissing-prototypes -fPIC -fvisibility=hidden   -c -o i386-ports.o i386-ports.c
gcc -shared  -Wl,-soname,libpci.so.3 -Wl,--version-script=libpci.ver -o libpci.so.3.5.5 init.o access.o generic.o dump.o names.o filter.o names-hash.o names-parse.o names-net.o names-cache.o names-hwdb.o params.o caps.o sysfs.o proc.o i386-ports.o  -lz -lresolv -ludev
sed <libpci.pc.in >libpci.pc -e 's,@PREFIX@,/usr,' \
	-e 's,@INCDIR@,/usr/include,' \
	-e 's,@LIBDIR@,/usr/lib,' \
	-e 's,@IDSDIR@,/usr/share/hwdata,' \
	-e 's,@VERSION@,3.5.5,' \
	-e 's,@LDLIBS@,,'
make[1]: Leaving directory '/lfskernel/sources/boot/pciutils-3.5.5/lib'
gcc -O2 -Wall -W -Wno-parentheses -Wstrict-prototypes -Wmissing-prototypes   -c -o lspci.o lspci.c
gcc -O2 -Wall -W -Wno-parentheses -Wstrict-prototypes -Wmissing-prototypes   -c -o ls-vpd.o ls-vpd.c
gcc -O2 -Wall -W -Wno-parentheses -Wstrict-prototypes -Wmissing-prototypes   -c -o ls-caps.o ls-caps.c
gcc -O2 -Wall -W -Wno-parentheses -Wstrict-prototypes -Wmissing-prototypes   -c -o ls-caps-vendor.o ls-caps-vendor.c
gcc -O2 -Wall -W -Wno-parentheses -Wstrict-prototypes -Wmissing-prototypes   -c -o ls-ecaps.o ls-ecaps.c
gcc -O2 -Wall -W -Wno-parentheses -Wstrict-prototypes -Wmissing-prototypes    -c -o ls-kernel.o ls-kernel.c
gcc -O2 -Wall -W -Wno-parentheses -Wstrict-prototypes -Wmissing-prototypes   -c -o ls-tree.o ls-tree.c
gcc -O2 -Wall -W -Wno-parentheses -Wstrict-prototypes -Wmissing-prototypes   -c -o ls-map.o ls-map.c
gcc -O2 -Wall -W -Wno-parentheses -Wstrict-prototypes -Wmissing-prototypes   -c -o common.o common.c
gcc   lspci.o ls-vpd.o ls-caps.o ls-caps-vendor.o ls-ecaps.o ls-kernel.o ls-tree.o ls-map.o common.o lib/libpci.so.3.5.5 -lkmod -o lspci
gcc -O2 -Wall -W -Wno-parentheses -Wstrict-prototypes -Wmissing-prototypes   -c -o setpci.o setpci.c
gcc   setpci.o common.o lib/libpci.so.3.5.5  -o setpci
gcc -O2 -Wall -W -Wno-parentheses -Wstrict-prototypes -Wmissing-prototypes   -c -o example.o example.c
gcc   example.o lib/libpci.so.3.5.5  -o example
M=`echo 2017-07-05 | sed 's/-01-/-January-/;s/-02-/-February-/;s/-03-/-March-/;s/-04-/-April-/;s/-05-/-May-/;s/-06-/-June-/;s/-07-/-July-/;s/-08-/-August-/;s/-09-/-September-/;s/-10-/-October-/;s/-11-/-November-/;s/-12-/-December-/;s/\(.*\)-\(.*\)-\(.*\)/\3 \2 \1/'` ; sed <lspci.man >lspci.8 "s/@TODAY@/$M/;s/@VERSION@/pciutils-3.5.5/;s#@IDSDIR@#/usr/share/hwdata#"
M=`echo 2017-07-05 | sed 's/-01-/-January-/;s/-02-/-February-/;s/-03-/-March-/;s/-04-/-April-/;s/-05-/-May-/;s/-06-/-June-/;s/-07-/-July-/;s/-08-/-August-/;s/-09-/-September-/;s/-10-/-October-/;s/-11-/-November-/;s/-12-/-December-/;s/\(.*\)-\(.*\)-\(.*\)/\3 \2 \1/'` ; sed <setpci.man >setpci.8 "s/@TODAY@/$M/;s/@VERSION@/pciutils-3.5.5/;s#@IDSDIR@#/usr/share/hwdata#"
M=`echo 2017-07-05 | sed 's/-01-/-January-/;s/-02-/-February-/;s/-03-/-March-/;s/-04-/-April-/;s/-05-/-May-/;s/-06-/-June-/;s/-07-/-July-/;s/-08-/-August-/;s/-09-/-September-/;s/-10-/-October-/;s/-11-/-November-/;s/-12-/-December-/;s/\(.*\)-\(.*\)-\(.*\)/\3 \2 \1/'` ; sed <pcilib.man >pcilib.7 "s/@TODAY@/$M/;s/@VERSION@/pciutils-3.5.5/;s#@IDSDIR@#/usr/share/hwdata#"
sed <update-pciids.sh >update-pciids "s@^DEST=.*@DEST=/usr/share/hwdata/pci.ids.gz@;s@^PCI_COMPRESSED_IDS=.*@PCI_COMPRESSED_IDS=1@"
chmod +x update-pciids
M=`echo 2017-07-05 | sed 's/-01-/-January-/;s/-02-/-February-/;s/-03-/-March-/;s/-04-/-April-/;s/-05-/-May-/;s/-06-/-June-/;s/-07-/-July-/;s/-08-/-August-/;s/-09-/-September-/;s/-10-/-October-/;s/-11-/-November-/;s/-12-/-December-/;s/\(.*\)-\(.*\)-\(.*\)/\3 \2 \1/'` ; sed <update-pciids.man >update-pciids.8 "s/@TODAY@/$M/;s/@VERSION@/pciutils-3.5.5/;s#@IDSDIR@#/usr/share/hwdata#"
gzip -9n <pci.ids >pci.ids.gz
