checking for a BSD-compatible install... /usr/bin/install -c
checking whether build environment is sane... yes
checking for a thread-safe mkdir -p... /bin/mkdir -p
checking for gawk... gawk
checking whether make sets $(MAKE)... yes
checking whether make supports nested variables... yes
checking whether make supports nested variables... (cached) yes
checking build system type... x86_64-unknown-linux-gnu
checking host system type... x86_64-unknown-linux-gnu
checking for gcc... gcc
checking whether the C compiler works... yes
checking for C compiler default output file name... a.out
checking for suffix of executables... 
checking whether we are cross compiling... no
checking for suffix of object files... o
checking whether we are using the GNU C compiler... yes
checking whether gcc accepts -g... yes
checking for gcc option to accept ISO C89... none needed
checking whether gcc understands -c and -o together... yes
checking for style of include used by make... GNU
checking dependency style of gcc... gcc3
checking dependency style of gcc... gcc3
checking how to print strings... printf
checking for a sed that does not truncate output... /bin/sed
checking for grep that handles long lines and -e... /usr/bin/grep
checking for egrep... /usr/bin/grep -E
checking for fgrep... /usr/bin/grep -F
checking for ld used by gcc... /usr/bin/ld
checking if the linker (/usr/bin/ld) is GNU ld... yes
checking for BSD- or MS-compatible name lister (nm)... /usr/bin/nm -B
checking the name lister (/usr/bin/nm -B) interface... BSD nm
checking whether ln -s works... yes
checking the maximum length of command line arguments... 1572864
checking how to convert x86_64-unknown-linux-gnu file names to x86_64-unknown-linux-gnu format... func_convert_file_noop
checking how to convert x86_64-unknown-linux-gnu file names to toolchain format... func_convert_file_noop
checking for /usr/bin/ld option to reload object files... -r
checking for objdump... objdump
checking how to recognize dependent libraries... pass_all
checking for dlltool... no
checking how to associate runtime and link libraries... printf %s\n
checking for ar... ar
checking for archiver @FILE support... @
checking for strip... strip
checking for ranlib... ranlib
checking command to parse /usr/bin/nm -B output from gcc object... ok
checking for sysroot... no
checking for a working dd... /bin/dd
checking how to truncate binary pipes... /bin/dd bs=4096 count=1
checking for mt... mt
checking if mt is a manifest tool... no
checking how to run the C preprocessor... gcc -E
checking for ANSI C header files... yes
checking for sys/types.h... yes
checking for sys/stat.h... yes
checking for stdlib.h... yes
checking for string.h... yes
checking for memory.h... yes
checking for strings.h... yes
checking for inttypes.h... yes
checking for stdint.h... yes
checking for unistd.h... yes
checking for dlfcn.h... yes
checking for objdir... .libs
checking if gcc supports -fno-rtti -fno-exceptions... no
checking for gcc option to produce PIC... -fPIC -DPIC
checking if gcc PIC flag -fPIC -DPIC works... yes
checking if gcc static flag -static works... yes
checking if gcc supports -c -o file.o... yes
checking if gcc supports -c -o file.o... (cached) yes
checking whether the gcc linker (/usr/bin/ld -m elf_x86_64) supports shared libraries... yes
checking whether -lc should be explicitly linked in... no
checking dynamic linker characteristics... GNU/Linux ld.so
checking how to hardcode library paths into programs... immediate
checking whether stripping libraries is possible... yes
checking if libtool supports shared libraries... yes
checking whether to build shared libraries... yes
checking whether to build static libraries... no
checking for getisax... no
checking whether byte ordering is bigendian... no
checking for inline... inline
checking whether the compiler supports -Werror... yes
checking size of long... 8
checking whether __SUNPRO_C is declared... no
checking whether __amd64 is declared... yes
checking whether the compiler supports -Wall... yes
checking whether the compiler supports -Wdeclaration-after-statement... yes
checking whether the compiler supports -Wno-unused-local-typedefs... yes
checking whether the compiler supports -fno-strict-aliasing... yes
checking for gcc option to support OpenMP... -fopenmp
checking whether the compiler supports -fvisibility=hidden... yes
checking whether the compiler supports -xldscope=hidden... no
checking whether to use Loongson MMI assembler... no
checking whether to use MMX intrinsics... yes
checking whether to use SSE2 intrinsics... yes
checking whether to use SSSE3 intrinsics... yes
checking whether to use VMX/Altivec intrinsics... no
checking whether to use ARM SIMD assembler... no
checking whether to use ARM NEON assembler... no
checking whether to use ARM IWMMXT intrinsics... no
checking whether to use MIPS DSPr2 assembler... no
checking whether to use GNU-style inline assembler... yes
checking for pkg-config... /usr/bin/pkg-config
checking pkg-config is at least version 0.9.0... yes
checking for pixman_version_string in -lpixman-1... yes
checking for GTK... no
checking for posix_memalign... yes
checking for sigaction... yes
checking for alarm... yes
checking sys/mman.h usability... yes
checking sys/mman.h presence... yes
checking for sys/mman.h... yes
checking for mmap... yes
checking for mprotect... yes
checking for getpagesize... yes
checking fenv.h usability... yes
checking fenv.h presence... yes
checking for fenv.h... yes
checking for feenableexcept in -lm... yes
checking whether FE_DIVBYZERO is declared... yes
checking for gettimeofday... yes
checking sys/time.h usability... yes
checking sys/time.h presence... yes
checking for sys/time.h... yes
checking for library containing sqrtf... -lm
checking for thread local storage (TLS) support... __thread
checking for pthreads... yes
checking for __attribute__((constructor))... yes
checking for __float128... yes
checking for __builtin_clz... yes
checking for GCC vector extensions... yes
checking for PNG... yes
checking that generated files are newer than configure... done
configure: creating ./config.status
config.status: creating pixman-1.pc
config.status: creating pixman-1-uninstalled.pc
config.status: creating Makefile
config.status: creating pixman/Makefile
config.status: creating pixman/pixman-version.h
config.status: creating demos/Makefile
config.status: creating test/Makefile
config.status: creating config.h
config.status: executing depfiles commands
config.status: executing libtool commands
