make  install-recursive
make[1]: Entering directory '/lfskernel/sources/boot/popt-1.16'
Making install in po
make[2]: Entering directory '/lfskernel/sources/boot/popt-1.16/po'
/bin/mkdir -p /usr/share
installing cs.gmo as /usr/share/locale/cs/LC_MESSAGES/popt.mo
installing da.gmo as /usr/share/locale/da/LC_MESSAGES/popt.mo
installing de.gmo as /usr/share/locale/de/LC_MESSAGES/popt.mo
installing eo.gmo as /usr/share/locale/eo/LC_MESSAGES/popt.mo
installing es.gmo as /usr/share/locale/es/LC_MESSAGES/popt.mo
installing fi.gmo as /usr/share/locale/fi/LC_MESSAGES/popt.mo
installing fr.gmo as /usr/share/locale/fr/LC_MESSAGES/popt.mo
installing ga.gmo as /usr/share/locale/ga/LC_MESSAGES/popt.mo
installing gl.gmo as /usr/share/locale/gl/LC_MESSAGES/popt.mo
installing hu.gmo as /usr/share/locale/hu/LC_MESSAGES/popt.mo
installing id.gmo as /usr/share/locale/id/LC_MESSAGES/popt.mo
installing is.gmo as /usr/share/locale/is/LC_MESSAGES/popt.mo
installing it.gmo as /usr/share/locale/it/LC_MESSAGES/popt.mo
installing ja.gmo as /usr/share/locale/ja/LC_MESSAGES/popt.mo
installing ko.gmo as /usr/share/locale/ko/LC_MESSAGES/popt.mo
installing lv.gmo as /usr/share/locale/lv/LC_MESSAGES/popt.mo
installing nb.gmo as /usr/share/locale/nb/LC_MESSAGES/popt.mo
installing nl.gmo as /usr/share/locale/nl/LC_MESSAGES/popt.mo
installing pl.gmo as /usr/share/locale/pl/LC_MESSAGES/popt.mo
installing pt.gmo as /usr/share/locale/pt/LC_MESSAGES/popt.mo
installing ro.gmo as /usr/share/locale/ro/LC_MESSAGES/popt.mo
installing ru.gmo as /usr/share/locale/ru/LC_MESSAGES/popt.mo
installing sk.gmo as /usr/share/locale/sk/LC_MESSAGES/popt.mo
installing sl.gmo as /usr/share/locale/sl/LC_MESSAGES/popt.mo
installing sv.gmo as /usr/share/locale/sv/LC_MESSAGES/popt.mo
installing th.gmo as /usr/share/locale/th/LC_MESSAGES/popt.mo
installing tr.gmo as /usr/share/locale/tr/LC_MESSAGES/popt.mo
installing uk.gmo as /usr/share/locale/uk/LC_MESSAGES/popt.mo
installing vi.gmo as /usr/share/locale/vi/LC_MESSAGES/popt.mo
installing wa.gmo as /usr/share/locale/wa/LC_MESSAGES/popt.mo
installing zh_TW.gmo as /usr/share/locale/zh_TW/LC_MESSAGES/popt.mo
installing zh_CN.gmo as /usr/share/locale/zh_CN/LC_MESSAGES/popt.mo
if test "popt" = "gettext-tools"; then \
  /bin/mkdir -p /usr/share/gettext/po; \
  for file in Makefile.in.in remove-potcdate.sin quot.sed boldquot.sed en@quot.header en@boldquot.header insert-header.sin Rules-quot   Makevars.template; do \
    /usr/bin/install -c -m 644 ./$file \
		    /usr/share/gettext/po/$file; \
  done; \
  for file in Makevars; do \
    rm -f /usr/share/gettext/po/$file; \
  done; \
else \
  : ; \
fi
make[2]: Leaving directory '/lfskernel/sources/boot/popt-1.16/po'
Making install in .
make[2]: Entering directory '/lfskernel/sources/boot/popt-1.16'
make[3]: Entering directory '/lfskernel/sources/boot/popt-1.16'
make[3]: Nothing to be done for 'install-exec-am'.
test -z "/usr/include" || /bin/mkdir -p "/usr/include"
 /usr/bin/install -c -m 644 popt.h '/usr/include'
test -z "/usr/share/man/man3" || /bin/mkdir -p "/usr/share/man/man3"
 /usr/bin/install -c -m 644 popt.3 '/usr/share/man/man3'
test -z "/usr/lib/pkgconfig" || /bin/mkdir -p "/usr/lib/pkgconfig"
 /usr/bin/install -c -m 644 popt.pc '/usr/lib/pkgconfig'
test -z "/usr/lib" || /bin/mkdir -p "/usr/lib"
 /bin/sh ./libtool   --mode=install /usr/bin/install -c   libpopt.la '/usr/lib'
libtool: install: /usr/bin/install -c .libs/libpopt.so.0.0.0 /usr/lib/libpopt.so.0.0.0
libtool: install: (cd /usr/lib && { ln -s -f libpopt.so.0.0.0 libpopt.so.0 || { rm -f libpopt.so.0 && ln -s libpopt.so.0.0.0 libpopt.so.0; }; })
libtool: install: (cd /usr/lib && { ln -s -f libpopt.so.0.0.0 libpopt.so || { rm -f libpopt.so && ln -s libpopt.so.0.0.0 libpopt.so; }; })
libtool: install: /usr/bin/install -c .libs/libpopt.lai /usr/lib/libpopt.la
libtool: finish: PATH="/bin:/usr/bin:/sbin:/usr/sbin:/usr/local/bin:/sbin" ldconfig -n /usr/lib
----------------------------------------------------------------------
Libraries have been installed in:
   /usr/lib

If you ever happen to want to link against installed libraries
in a given directory, LIBDIR, you must either use libtool, and
specify the full pathname of the library, or use the `-LLIBDIR'
flag during linking and do at least one of the following:
   - add LIBDIR to the `LD_LIBRARY_PATH' environment variable
     during execution
   - add LIBDIR to the `LD_RUN_PATH' environment variable
     during linking
   - use the `-Wl,-rpath -Wl,LIBDIR' linker flag
   - have your system administrator add LIBDIR to `/etc/ld.so.conf'

See any operating system documentation about shared libraries for
more information, such as the ld(1) and ld.so(8) manual pages.
----------------------------------------------------------------------
make[3]: Leaving directory '/lfskernel/sources/boot/popt-1.16'
make[2]: Leaving directory '/lfskernel/sources/boot/popt-1.16'
Making install in auto
make[2]: Entering directory '/lfskernel/sources/boot/popt-1.16/auto'
make[3]: Entering directory '/lfskernel/sources/boot/popt-1.16/auto'
make[3]: Nothing to be done for 'install-exec-am'.
make[3]: Nothing to be done for 'install-data-am'.
make[3]: Leaving directory '/lfskernel/sources/boot/popt-1.16/auto'
make[2]: Leaving directory '/lfskernel/sources/boot/popt-1.16/auto'
make[1]: Leaving directory '/lfskernel/sources/boot/popt-1.16'
