checking for a BSD-compatible install... /usr/bin/install -c
checking whether build environment is sane... yes
checking for a thread-safe mkdir -p... /tools/bin/mkdir -p
checking for gawk... gawk
checking whether make sets $(MAKE)... yes
checking whether make supports nested variables... yes
checking how to create a pax tar archive... gnutar
checking whether make supports nested variables... (cached) yes
checking for style of include used by make... GNU
checking for gcc... gcc
checking whether the C compiler works... yes
checking for C compiler default output file name... a.out
checking for suffix of executables... 
checking whether we are cross compiling... no
checking for suffix of object files... o
checking whether we are using the GNU C compiler... yes
checking whether gcc accepts -g... yes
checking for gcc option to accept ISO C89... none needed
checking whether gcc understands -c and -o together... yes
checking dependency style of gcc... gcc3
checking how to run the C preprocessor... gcc -E
checking for grep that handles long lines and -e... /tools/bin/grep
checking for egrep... /tools/bin/grep -E
checking for ANSI C header files... yes
checking for sys/types.h... yes
checking for sys/stat.h... yes
checking for stdlib.h... yes
checking for string.h... yes
checking for memory.h... yes
checking for strings.h... yes
checking for inttypes.h... yes
checking for stdint.h... yes
checking for unistd.h... yes
checking minix/config.h usability... no
checking minix/config.h presence... no
checking for minix/config.h... no
checking whether it is safe to define __EXTENSIONS__... yes
checking for g++... g++
checking whether we are using the GNU C++ compiler... yes
checking whether g++ accepts -g... yes
checking dependency style of g++... gcc3
checking whether ln -s works... yes
checking for gcc... (cached) gcc
checking whether we are using the GNU C compiler... (cached) yes
checking whether gcc accepts -g... (cached) yes
checking for gcc option to accept ISO C89... (cached) none needed
checking whether gcc understands -c and -o together... (cached) yes
checking dependency style of gcc... (cached) gcc3
checking for gcc option to accept ISO C99... none needed
checking for gcc option to accept ISO Standard C... (cached) none needed
checking for tgetent in -ltinfo... no
checking for tgetent in -lncurses... yes
checking for dirent.h that defines DIR... yes
checking for library containing opendir... none required
checking for ANSI C header files... (cached) yes
checking for sys/wait.h that is POSIX.1 compatible... yes
checking arpa/inet.h usability... yes
checking arpa/inet.h presence... yes
checking for arpa/inet.h... yes
checking fcntl.h usability... yes
checking fcntl.h presence... yes
checking for fcntl.h... yes
checking langinfo.h usability... yes
checking langinfo.h presence... yes
checking for langinfo.h... yes
checking libintl.h usability... yes
checking libintl.h presence... yes
checking for libintl.h... yes
checking limits.h usability... yes
checking limits.h presence... yes
checking for limits.h... yes
checking locale.h usability... yes
checking locale.h presence... yes
checking for locale.h... yes
checking mntent.h usability... yes
checking mntent.h presence... yes
checking for mntent.h... yes
checking netdb.h usability... yes
checking netdb.h presence... yes
checking for netdb.h... yes
checking netinet/in.h usability... yes
checking netinet/in.h presence... yes
checking for netinet/in.h... yes
checking for stdlib.h... (cached) yes
checking for string.h... (cached) yes
checking sys/ioctl.h usability... yes
checking sys/ioctl.h presence... yes
checking for sys/ioctl.h... yes
checking sys/socket.h usability... yes
checking sys/socket.h presence... yes
checking for sys/socket.h... yes
checking termios.h usability... yes
checking termios.h presence... yes
checking for termios.h... yes
checking for unistd.h... (cached) yes
checking for an ANSI C-conforming const... yes
checking for pid_t... yes
checking for size_t... yes
checking for struct stat.st_rdev... yes
checking for uid_t in sys/types.h... yes
checking compiler supports harden flags... yes
checking for a sed that does not truncate output... /bin/sed
checking whether NLS is requested... yes
checking for msgfmt... /tools/bin/msgfmt
checking for gmsgfmt... /tools/bin/msgfmt
checking for xgettext... /tools/bin/xgettext
checking for msgmerge... /tools/bin/msgmerge
checking build system type... x86_64-pc-linux-gnu
checking host system type... x86_64-pc-linux-gnu
checking for ld used by gcc... /usr/bin/ld
checking if the linker (/usr/bin/ld) is GNU ld... yes
checking for shared library run path origin... done
checking for CFPreferencesCopyAppValue... no
checking for CFLocaleCopyCurrent... no
checking for GNU gettext in libc... yes
checking whether to use NLS... yes
checking where the gettext function comes from... libc
checking for struct user_regs_struct.orig_eax... no
checking for struct user_regs_struct.eax... no
checking for struct user_regs_struct.ebx... no
checking for struct user_regs_struct.ecx... no
checking for struct user_regs_struct.edx... no
checking for struct user_regs_struct.orig_rax... yes
checking for struct user_regs_struct.rax... yes
checking for struct user_regs_struct.rdi... yes
checking for struct user_regs_struct.rsi... yes
checking for struct user_regs_struct.rdx... yes
checking for struct pt_regs.orig_gpr3... no
checking for struct pt_regs.gpr... no
checking for struct pt_regs.uregs... no
checking for struct pt_regs.regs... no
checking for struct pt_regs.cp0_status... no
checking for struct pt_regs.orig_d0... no
checking for struct pt_regs.d0... no
checking whether closedir returns void... no
checking for library containing getmntent... none required
checking whether gcc needs -traditional... no
checking whether lstat correctly handles trailing slash... yes
checking whether lstat accepts an empty string... no
checking whether lstat correctly handles trailing slash... (cached) yes
checking for stdlib.h... (cached) yes
checking for GNU libc compatible malloc... yes
checking for working memcmp... yes
checking for stdlib.h... (cached) yes
checking for GNU libc compatible realloc... yes
checking whether stat accepts an empty string... no
checking for atexit... yes
checking for getmntent... (cached) yes
checking for memset... yes
checking for nl_langinfo... yes
checking for rawmemchr... yes
checking for regcomp... yes
checking for rpmatch... yes
checking for setlocale... yes
checking for socket... yes
checking for strcasecmp... yes
checking for strchr... yes
checking for strdup... yes
checking for strerror... yes
checking for strpbrk... yes
checking for strrchr... yes
checking for strtoul... yes
checking for special C compiler options needed for large files... no
checking for _FILE_OFFSET_BITS value needed for large files... no
checking that generated files are newer than configure... done
configure: creating ./config.status
config.status: creating Makefile
config.status: creating doc/Makefile
config.status: creating icons/Makefile
config.status: creating po/Makefile.in
config.status: creating testsuite/Makefile
config.status: creating config.h
config.status: executing depfiles commands
config.status: executing po-directories commands
config.status: creating po/POTFILES
config.status: creating po/Makefile
