This file contains any messages produced by compilers while
running configure, to aid debugging if configure makes a mistake.

It was created by pygobject configure 2.28.6, which was
generated by GNU Autoconf 2.68.  Invocation command line was

  $ ./configure --prefix=/usr

## --------- ##
## Platform. ##
## --------- ##

hostname = localhost.localdomain
uname -m = x86_64
uname -r = 3.10.0-693.11.1.el7.x86_64
uname -s = Linux
uname -v = #1 SMP Mon Dec 4 23:52:40 UTC 2017

/usr/bin/uname -p = unknown
/bin/uname -X     = unknown

/bin/arch              = x86_64
/usr/bin/arch -k       = unknown
/usr/convex/getsysinfo = unknown
/usr/bin/hostinfo      = unknown
/bin/machine           = unknown
/usr/bin/oslevel       = unknown
/bin/universe          = unknown

PATH: /bin
PATH: /usr/bin
PATH: /sbin
PATH: /usr/sbin


## ----------- ##
## Core tests. ##
## ----------- ##

configure:2282: checking for a BSD-compatible install
configure:2350: result: /usr/bin/install -c
configure:2361: checking whether build environment is sane
configure:2411: result: yes
configure:2552: checking for a thread-safe mkdir -p
configure:2591: result: /bin/mkdir -p
configure:2604: checking for gawk
configure:2620: found /usr/bin/gawk
configure:2631: result: gawk
configure:2642: checking whether make sets $(MAKE)
configure:2664: result: yes
configure:2745: checking whether to enable maintainer-specific portions of Makefiles
configure:2754: result: no
configure:2774: checking build system type
configure:2788: result: x86_64-unknown-linux-gnu
configure:2808: checking host system type
configure:2821: result: x86_64-unknown-linux-gnu
configure:2841: checking for some Win32 platform
configure:2851: result: no
configure:2862: checking for native Win32
configure:2872: result: no
configure:3266: checking how to print strings
configure:3293: result: printf
configure:3326: checking for style of include used by make
configure:3354: result: GNU
configure:3424: checking for gcc
configure:3440: found /usr/bin/gcc
configure:3451: result: gcc
configure:3680: checking for C compiler version
configure:3689: gcc --version >&5
gcc (GCC) 7.2.0
Copyright (C) 2017 Free Software Foundation, Inc.
This is free software; see the source for copying conditions.  There is NO
warranty; not even for MERCHANTABILITY or FITNESS FOR A PARTICULAR PURPOSE.

configure:3700: $? = 0
configure:3689: gcc -v >&5
Using built-in specs.
COLLECT_GCC=gcc
COLLECT_LTO_WRAPPER=/usr/libexec/gcc/x86_64-pc-linux-gnu/7.2.0/lto-wrapper
Target: x86_64-pc-linux-gnu
Configured with: ../configure --prefix=/usr --enable-languages=c,c++ --disable-multilib --disable-bootstrap --with-system-zlib
Thread model: posix
gcc version 7.2.0 (GCC) 
configure:3700: $? = 0
configure:3689: gcc -V >&5
gcc: error: unrecognized command line option '-V'
gcc: fatal error: no input files
compilation terminated.
configure:3700: $? = 1
configure:3689: gcc -qversion >&5
gcc: error: unrecognized command line option '-qversion'; did you mean '--version'?
gcc: fatal error: no input files
compilation terminated.
configure:3700: $? = 1
configure:3720: checking whether the C compiler works
configure:3742: gcc    conftest.c  >&5
configure:3746: $? = 0
configure:3794: result: yes
configure:3797: checking for C compiler default output file name
configure:3799: result: a.out
configure:3805: checking for suffix of executables
configure:3812: gcc -o conftest    conftest.c  >&5
configure:3816: $? = 0
configure:3838: result: 
configure:3860: checking whether we are cross compiling
configure:3868: gcc -o conftest    conftest.c  >&5
configure:3872: $? = 0
configure:3879: ./conftest
configure:3883: $? = 0
configure:3898: result: no
configure:3903: checking for suffix of object files
configure:3925: gcc -c   conftest.c >&5
configure:3929: $? = 0
configure:3950: result: o
configure:3954: checking whether we are using the GNU C compiler
configure:3973: gcc -c   conftest.c >&5
configure:3973: $? = 0
configure:3982: result: yes
configure:3991: checking whether gcc accepts -g
configure:4011: gcc -c -g  conftest.c >&5
configure:4011: $? = 0
configure:4052: result: yes
configure:4069: checking for gcc option to accept ISO C89
configure:4133: gcc  -c -g -O2  conftest.c >&5
configure:4133: $? = 0
configure:4146: result: none needed
configure:4168: checking dependency style of gcc
configure:4278: result: gcc3
configure:4293: checking for a sed that does not truncate output
configure:4357: result: /bin/sed
configure:4375: checking for grep that handles long lines and -e
configure:4433: result: /usr/bin/grep
configure:4438: checking for egrep
configure:4500: result: /usr/bin/grep -E
configure:4505: checking for fgrep
configure:4567: result: /usr/bin/grep -F
configure:4602: checking for ld used by gcc
configure:4669: result: /usr/bin/ld
configure:4676: checking if the linker (/usr/bin/ld) is GNU ld
configure:4691: result: yes
configure:4703: checking for BSD- or MS-compatible name lister (nm)
configure:4752: result: /usr/bin/nm -B
configure:4882: checking the name lister (/usr/bin/nm -B) interface
configure:4889: gcc -c -g -O2  conftest.c >&5
configure:4892: /usr/bin/nm -B "conftest.o"
configure:4895: output
0000000000000000 B some_variable
configure:4902: result: BSD nm
configure:4905: checking whether ln -s works
configure:4909: result: yes
configure:4917: checking the maximum length of command line arguments
configure:5042: result: 1572864
configure:5059: checking whether the shell understands some XSI constructs
configure:5069: result: yes
configure:5073: checking whether the shell understands "+="
configure:5079: result: yes
configure:5114: checking how to convert x86_64-unknown-linux-gnu file names to x86_64-unknown-linux-gnu format
configure:5154: result: func_convert_file_noop
configure:5161: checking how to convert x86_64-unknown-linux-gnu file names to toolchain format
configure:5181: result: func_convert_file_noop
configure:5188: checking for /usr/bin/ld option to reload object files
configure:5195: result: -r
configure:5269: checking for objdump
configure:5296: result: objdump
configure:5325: checking how to recognize dependent libraries
configure:5527: result: pass_all
configure:5612: checking for dlltool
configure:5639: result: dlltool
configure:5669: checking how to associate runtime and link libraries
configure:5696: result: printf %s\n
configure:5757: checking for ar
configure:5773: found /usr/bin/ar
configure:5784: result: ar
configure:5821: checking for archiver @FILE support
configure:5838: gcc -c -g -O2  conftest.c >&5
configure:5838: $? = 0
configure:5841: ar cru libconftest.a @conftest.lst >&5
configure:5844: $? = 0
configure:5849: ar cru libconftest.a @conftest.lst >&5
ar: conftest.o: No such file or directory
configure:5852: $? = 1
configure:5864: result: @
configure:5922: checking for strip
configure:5938: found /usr/bin/strip
configure:5949: result: strip
configure:6021: checking for ranlib
configure:6037: found /usr/bin/ranlib
configure:6048: result: ranlib
configure:6150: checking command to parse /usr/bin/nm -B output from gcc object
configure:6269: gcc -c -g -O2  conftest.c >&5
configure:6272: $? = 0
configure:6276: /usr/bin/nm -B conftest.o \| sed -n -e 's/^.*[ ]\([ABCDGIRSTW][ABCDGIRSTW]*\)[ ][ ]*\([_A-Za-z][_A-Za-z0-9]*\)$/\1 \2 \2/p' | sed '/ __gnu_lto/d' \> conftest.nm
configure:6279: $? = 0
configure:6345: gcc -o conftest -g -O2   conftest.c conftstm.o >&5
configure:6348: $? = 0
configure:6386: result: ok
configure:6423: checking for sysroot
configure:6453: result: no
configure:6530: gcc -c -g -O2  conftest.c >&5
configure:6533: $? = 0
configure:6696: checking for mt
configure:6712: found /bin/mt
configure:6723: result: mt
configure:6746: checking if mt is a manifest tool
configure:6752: mt '-?'
configure:6760: result: no
configure:7392: checking how to run the C preprocessor
configure:7423: gcc -E  conftest.c
configure:7423: $? = 0
configure:7437: gcc -E  conftest.c
conftest.c:14:10: fatal error: ac_nonexistent.h: No such file or directory
 #include <ac_nonexistent.h>
          ^~~~~~~~~~~~~~~~~~
compilation terminated.
configure:7437: $? = 1
configure: failed program was:
| /* confdefs.h */
| #define PACKAGE_NAME "pygobject"
| #define PACKAGE_TARNAME "pygobject"
| #define PACKAGE_VERSION "2.28.6"
| #define PACKAGE_STRING "pygobject 2.28.6"
| #define PACKAGE_BUGREPORT "http://bugzilla.gnome.org/enter_bug.cgi?product=pygobject"
| #define PACKAGE_URL ""
| #define PYGOBJECT_MAJOR_VERSION 2
| #define PYGOBJECT_MINOR_VERSION 28
| #define PYGOBJECT_MICRO_VERSION 6
| #define PACKAGE "pygobject"
| #define VERSION "2.28.6"
| /* end confdefs.h.  */
| #include <ac_nonexistent.h>
configure:7462: result: gcc -E
configure:7482: gcc -E  conftest.c
configure:7482: $? = 0
configure:7496: gcc -E  conftest.c
conftest.c:14:10: fatal error: ac_nonexistent.h: No such file or directory
 #include <ac_nonexistent.h>
          ^~~~~~~~~~~~~~~~~~
compilation terminated.
configure:7496: $? = 1
configure: failed program was:
| /* confdefs.h */
| #define PACKAGE_NAME "pygobject"
| #define PACKAGE_TARNAME "pygobject"
| #define PACKAGE_VERSION "2.28.6"
| #define PACKAGE_STRING "pygobject 2.28.6"
| #define PACKAGE_BUGREPORT "http://bugzilla.gnome.org/enter_bug.cgi?product=pygobject"
| #define PACKAGE_URL ""
| #define PYGOBJECT_MAJOR_VERSION 2
| #define PYGOBJECT_MINOR_VERSION 28
| #define PYGOBJECT_MICRO_VERSION 6
| #define PACKAGE "pygobject"
| #define VERSION "2.28.6"
| /* end confdefs.h.  */
| #include <ac_nonexistent.h>
configure:7525: checking for ANSI C header files
configure:7545: gcc -c -g -O2  conftest.c >&5
configure:7545: $? = 0
configure:7618: gcc -o conftest -g -O2   conftest.c  >&5
configure:7618: $? = 0
configure:7618: ./conftest
configure:7618: $? = 0
configure:7629: result: yes
configure:7642: checking for sys/types.h
configure:7642: gcc -c -g -O2  conftest.c >&5
configure:7642: $? = 0
configure:7642: result: yes
configure:7642: checking for sys/stat.h
configure:7642: gcc -c -g -O2  conftest.c >&5
configure:7642: $? = 0
configure:7642: result: yes
configure:7642: checking for stdlib.h
configure:7642: gcc -c -g -O2  conftest.c >&5
configure:7642: $? = 0
configure:7642: result: yes
configure:7642: checking for string.h
configure:7642: gcc -c -g -O2  conftest.c >&5
configure:7642: $? = 0
configure:7642: result: yes
configure:7642: checking for memory.h
configure:7642: gcc -c -g -O2  conftest.c >&5
configure:7642: $? = 0
configure:7642: result: yes
configure:7642: checking for strings.h
configure:7642: gcc -c -g -O2  conftest.c >&5
configure:7642: $? = 0
configure:7642: result: yes
configure:7642: checking for inttypes.h
configure:7642: gcc -c -g -O2  conftest.c >&5
configure:7642: $? = 0
configure:7642: result: yes
configure:7642: checking for stdint.h
configure:7642: gcc -c -g -O2  conftest.c >&5
configure:7642: $? = 0
configure:7642: result: yes
configure:7642: checking for unistd.h
configure:7642: gcc -c -g -O2  conftest.c >&5
configure:7642: $? = 0
configure:7642: result: yes
configure:7656: checking for dlfcn.h
configure:7656: gcc -c -g -O2  conftest.c >&5
configure:7656: $? = 0
configure:7656: result: yes
configure:7811: checking for objdir
configure:7826: result: .libs
configure:8097: checking if gcc supports -fno-rtti -fno-exceptions
configure:8115: gcc -c -g -O2  -fno-rtti -fno-exceptions conftest.c >&5
cc1: warning: command line option '-fno-rtti' is valid for C++/ObjC++ but not for C
configure:8119: $? = 0
configure:8132: result: no
configure:8442: checking for gcc option to produce PIC
configure:8449: result: -fPIC -DPIC
configure:8457: checking if gcc PIC flag -fPIC -DPIC works
configure:8475: gcc -c -g -O2  -fPIC -DPIC -DPIC conftest.c >&5
configure:8479: $? = 0
configure:8492: result: yes
configure:8521: checking if gcc static flag -static works
configure:8549: result: yes
configure:8564: checking if gcc supports -c -o file.o
configure:8585: gcc -c -g -O2  -o out/conftest2.o conftest.c >&5
configure:8589: $? = 0
configure:8611: result: yes
configure:8619: checking if gcc supports -c -o file.o
configure:8666: result: yes
configure:8699: checking whether the gcc linker (/usr/bin/ld -m elf_x86_64) supports shared libraries
configure:9857: result: yes
configure:9894: checking whether -lc should be explicitly linked in
configure:9902: gcc -c -g -O2  conftest.c >&5
configure:9905: $? = 0
configure:9920: gcc -shared  -fPIC -DPIC conftest.o  -v -Wl,-soname -Wl,conftest -o conftest 2\>\&1 \| /usr/bin/grep  -lc  \>/dev/null 2\>\&1
configure:9923: $? = 0
configure:9937: result: no
configure:10102: checking dynamic linker characteristics
configure:10616: gcc -o conftest -g -O2   -Wl,-rpath -Wl,/foo conftest.c  >&5
configure:10616: $? = 0
configure:10842: result: GNU/Linux ld.so
configure:10949: checking how to hardcode library paths into programs
configure:10974: result: immediate
configure:11514: checking whether stripping libraries is possible
configure:11519: result: yes
configure:11554: checking if libtool supports shared libraries
configure:11556: result: yes
configure:11559: checking whether to build shared libraries
configure:11580: result: yes
configure:11583: checking whether to build static libraries
configure:11587: result: no
configure:11623: creating ./config.lt

## ------------------ ##
## Running config.lt. ##
## ------------------ ##
config.lt:638: creating libtool
configure:13008: checking for library containing strerror
configure:13039: gcc -o conftest -g -O2   conftest.c  >&5
configure:13039: $? = 0
configure:13056: result: none required
configure:13112: checking for gcc
configure:13139: result: gcc
configure:13368: checking for C compiler version
configure:13377: gcc --version >&5
gcc (GCC) 7.2.0
Copyright (C) 2017 Free Software Foundation, Inc.
This is free software; see the source for copying conditions.  There is NO
warranty; not even for MERCHANTABILITY or FITNESS FOR A PARTICULAR PURPOSE.

configure:13388: $? = 0
configure:13377: gcc -v >&5
Using built-in specs.
COLLECT_GCC=gcc
COLLECT_LTO_WRAPPER=/usr/libexec/gcc/x86_64-pc-linux-gnu/7.2.0/lto-wrapper
Target: x86_64-pc-linux-gnu
Configured with: ../configure --prefix=/usr --enable-languages=c,c++ --disable-multilib --disable-bootstrap --with-system-zlib
Thread model: posix
gcc version 7.2.0 (GCC) 
configure:13388: $? = 0
configure:13377: gcc -V >&5
gcc: error: unrecognized command line option '-V'
gcc: fatal error: no input files
compilation terminated.
configure:13388: $? = 1
configure:13377: gcc -qversion >&5
gcc: error: unrecognized command line option '-qversion'; did you mean '--version'?
gcc: fatal error: no input files
compilation terminated.
configure:13388: $? = 1
configure:13392: checking whether we are using the GNU C compiler
configure:13420: result: yes
configure:13429: checking whether gcc accepts -g
configure:13490: result: yes
configure:13507: checking for gcc option to accept ISO C89
configure:13584: result: none needed
configure:13606: checking dependency style of gcc
configure:13716: result: gcc3
configure:13779: checking for gcc
configure:13806: result: gcc
configure:14035: checking for C compiler version
configure:14044: gcc --version >&5
gcc (GCC) 7.2.0
Copyright (C) 2017 Free Software Foundation, Inc.
This is free software; see the source for copying conditions.  There is NO
warranty; not even for MERCHANTABILITY or FITNESS FOR A PARTICULAR PURPOSE.

configure:14055: $? = 0
configure:14044: gcc -v >&5
Using built-in specs.
COLLECT_GCC=gcc
COLLECT_LTO_WRAPPER=/usr/libexec/gcc/x86_64-pc-linux-gnu/7.2.0/lto-wrapper
Target: x86_64-pc-linux-gnu
Configured with: ../configure --prefix=/usr --enable-languages=c,c++ --disable-multilib --disable-bootstrap --with-system-zlib
Thread model: posix
gcc version 7.2.0 (GCC) 
configure:14055: $? = 0
configure:14044: gcc -V >&5
gcc: error: unrecognized command line option '-V'
gcc: fatal error: no input files
compilation terminated.
configure:14055: $? = 1
configure:14044: gcc -qversion >&5
gcc: error: unrecognized command line option '-qversion'; did you mean '--version'?
gcc: fatal error: no input files
compilation terminated.
configure:14055: $? = 1
configure:14059: checking whether we are using the GNU C compiler
configure:14087: result: yes
configure:14096: checking whether gcc accepts -g
configure:14157: result: yes
configure:14174: checking for gcc option to accept ISO C89
configure:14251: result: none needed
configure:14273: checking dependency style of gcc
configure:14383: result: gcc3
configure:14402: checking whether gcc and cc understand -c and -o together
configure:14433: gcc -c conftest.c -o conftest2.o >&5
configure:14437: $? = 0
configure:14443: gcc -c conftest.c -o conftest2.o >&5
configure:14447: $? = 0
configure:14458: cc -c conftest.c >&5
configure:14462: $? = 0
configure:14470: cc -c conftest.c -o conftest2.o >&5
configure:14474: $? = 0
configure:14480: cc -c conftest.c -o conftest2.o >&5
configure:14484: $? = 0
configure:14502: result: yes
configure:14560: checking for a Python interpreter with version >= 2.5.2
configure:14577: python -c import sys # split strings by '.' and convert to numeric. Append some zeros # because we need at least 4 digits for the hex conversion. # map returns an iterator in Python 3.0 and a list in 2.x minver = list(map(int, '2.5.2'.split('.'))) + [0, 0, 0] minverhex = 0 # xrange is not present in Python 3.0 and range returns an iterator for i in list(range(0, 4)): minverhex = (minverhex << 8) + minver[i] sys.exit(sys.hexversion < minverhex)
configure:14580: $? = 0
configure:14586: result: python
configure:14594: checking for python
configure:14612: found /usr/bin/python
configure:14624: result: /usr/bin/python
configure:14642: checking for python version
configure:14649: result: 2.7
configure:14661: checking for python platform
configure:14668: result: linux2
configure:14675: checking for python script directory
configure:14683: result: ${prefix}/lib/python2.7/site-packages
configure:14692: checking for python extension module directory
configure:14700: result: ${exec_prefix}/lib/python2.7/site-packages
configure:14724: /usr/bin/python -c import sys # split strings by '.' and convert to numeric. Append some zeros # because we need at least 4 digits for the hex conversion. # map returns an iterator in Python 3.0 and a list in 2.x minver = list(map(int, '3.0'.split('.'))) + [0, 0, 0] minverhex = 0 # xrange is not present in Python 3.0 and range returns an iterator for i in list(range(0, 4)): minverhex = (minverhex << 8) + minver[i] sys.exit(sys.hexversion < minverhex)
configure:14727: $? = 1
configure:14820: checking for python version
configure:14827: result: 2.7
configure:14839: checking for python platform
configure:14846: result: linux2
configure:14853: checking for python script directory
configure:14882: result: ${prefix}/lib/python2.7/site-packages
configure:14891: checking for python extension module directory
configure:14920: result: ${exec_prefix}/lib/python2.7/site-packages
configure:14934: checking for headers required to compile python extensions
configure:14954: gcc -E  -I/usr/include/python2.7 -I/usr/include/python2.7 conftest.c
configure:14954: $? = 0
configure:14955: result: found
configure:14967: checking for PySignal_SetWakeupFd in Python.h
configure:14982: gcc -c -g -O2 -Wall -Werror -I/usr/include/python2.7 -I/usr/include/python2.7 conftest.c >&5
configure:14982: $? = 0
configure:14988: result: yes
configure:15073: checking for python module thread
configure:15099: result: yes
configure:15146: checking whether to enable threading in pygobject
configure:15151: result: yes
configure:15247: checking for pkg-config
configure:15265: found /usr/bin/pkg-config
configure:15277: result: /usr/bin/pkg-config
configure:15302: checking pkg-config is at least version 0.16
configure:15305: result: yes
configure:15322: checking for GLIB - version >= 2.24.0
configure:15436: gcc -o conftest -g -O2 -pthread -I/usr/include/glib-2.0 -I/usr/lib/glib-2.0/include    conftest.c -lgobject-2.0 -lgthread-2.0 -pthread -lglib-2.0  >&5
configure:15436: $? = 0
configure:15436: ./conftest
configure:15436: $? = 0
configure:15450: result: yes (version 2.54.3)
configure:15554: checking for ffi
configure:15569: checking for FFI
configure:15576: $PKG_CONFIG --exists --print-errors "libffi >= 3.0"
configure:15579: $? = 0
configure:15592: $PKG_CONFIG --exists --print-errors "libffi >= 3.0"
configure:15595: $? = 0
configure:15632: result: yes
configure:15660: checking for GIO
configure:15667: $PKG_CONFIG --exists --print-errors "gio-2.0 >= 2.24.0"
configure:15670: $? = 0
configure:15683: $PKG_CONFIG --exists --print-errors "gio-2.0 >= 2.24.0"
configure:15686: $? = 0
configure:15723: result: yes
configure:15747: checking for GIOUNIX
configure:15754: $PKG_CONFIG --exists --print-errors "gio-unix-2.0 >= 2.22.4"
configure:15757: $? = 0
configure:15770: $PKG_CONFIG --exists --print-errors "gio-unix-2.0 >= 2.22.4"
configure:15773: $? = 0
configure:15810: result: yes
configure:15849: checking for GI
configure:15858: $PKG_CONFIG --exists --print-errors "glib-2.0 >= 2.24.0
        gobject-introspection-1.0 >= 0.10.2
    "
configure:15863: $? = 0
configure:15880: $PKG_CONFIG --exists --print-errors "glib-2.0 >= 2.24.0
        gobject-introspection-1.0 >= 0.10.2
    "
configure:15885: $? = 0
configure:15952: result: yes
configure:15963: checking for PYCAIRO
configure:15971: $PKG_CONFIG --exists --print-errors "pycairo >= 1.2.0
        "
configure:15975: $? = 0
configure:15990: $PKG_CONFIG --exists --print-errors "pycairo >= 1.2.0
        "
configure:15994: $? = 0
configure:16057: result: yes
configure:16094: checking whether gcc understands -Wall
configure:16107: gcc -c -g -O2 -Wall   conftest.c >&5
configure:16107: $? = 0
configure:16113: result: yes
configure:16127: checking whether gcc understands -fno-strict-aliasing
configure:16140: gcc -c -g -O2 -Wall -fno-strict-aliasing   conftest.c >&5
configure:16140: $? = 0
configure:16146: result: yes
configure:16165: checking whether gcc understands -std=c9x
configure:16178: gcc -c -g -O2 -Wall -fno-strict-aliasing -std=c9x   conftest.c >&5
configure:16178: $? = 0
configure:16184: result: yes
configure:16372: creating ./config.status

## ---------------------- ##
## Running config.status. ##
## ---------------------- ##

This file was extended by pygobject config.status 2.28.6, which was
generated by GNU Autoconf 2.68.  Invocation command line was

  CONFIG_FILES    = 
  CONFIG_HEADERS  = 
  CONFIG_LINKS    = 
  CONFIG_COMMANDS = 
  $ ./config.status 

on localhost.localdomain

config.status:1177: creating Makefile
config.status:1177: creating pygobject-2.0.pc
config.status:1177: creating pygobject-2.0-uninstalled.pc
config.status:1177: creating codegen/Makefile
config.status:1177: creating codegen/pygobject-codegen-2.0
config.status:1177: creating docs/Makefile
config.status:1177: creating docs/reference/entities.docbook
config.status:1177: creating docs/xsl/fixxref.py
config.status:1177: creating gi/Makefile
config.status:1177: creating gi/repository/Makefile
config.status:1177: creating gi/overrides/Makefile
config.status:1177: creating glib/Makefile
config.status:1177: creating gobject/Makefile
config.status:1177: creating gio/Makefile
config.status:1177: creating examples/Makefile
config.status:1177: creating tests/Makefile
config.status:1177: creating PKG-INFO
config.status:1177: creating config.h
config.status:1406: executing depfiles commands
config.status:1406: executing libtool commands

## ---------------- ##
## Cache variables. ##
## ---------------- ##

ac_cv_build=x86_64-unknown-linux-gnu
ac_cv_c_compiler_gnu=yes
ac_cv_env_CC_set=
ac_cv_env_CC_value=
ac_cv_env_CFLAGS_set=
ac_cv_env_CFLAGS_value=
ac_cv_env_CPPFLAGS_set=
ac_cv_env_CPPFLAGS_value=
ac_cv_env_CPP_set=
ac_cv_env_CPP_value=
ac_cv_env_FFI_CFLAGS_set=
ac_cv_env_FFI_CFLAGS_value=
ac_cv_env_FFI_LIBS_set=
ac_cv_env_FFI_LIBS_value=
ac_cv_env_GIOUNIX_CFLAGS_set=
ac_cv_env_GIOUNIX_CFLAGS_value=
ac_cv_env_GIOUNIX_LIBS_set=
ac_cv_env_GIOUNIX_LIBS_value=
ac_cv_env_GIO_CFLAGS_set=
ac_cv_env_GIO_CFLAGS_value=
ac_cv_env_GIO_LIBS_set=
ac_cv_env_GIO_LIBS_value=
ac_cv_env_GI_CFLAGS_set=
ac_cv_env_GI_CFLAGS_value=
ac_cv_env_GI_LIBS_set=
ac_cv_env_GI_LIBS_value=
ac_cv_env_LDFLAGS_set=
ac_cv_env_LDFLAGS_value=
ac_cv_env_LIBS_set=
ac_cv_env_LIBS_value=
ac_cv_env_PKG_CONFIG_LIBDIR_set=
ac_cv_env_PKG_CONFIG_LIBDIR_value=
ac_cv_env_PKG_CONFIG_PATH_set=
ac_cv_env_PKG_CONFIG_PATH_value=
ac_cv_env_PKG_CONFIG_set=
ac_cv_env_PKG_CONFIG_value=
ac_cv_env_PYCAIRO_CFLAGS_set=
ac_cv_env_PYCAIRO_CFLAGS_value=
ac_cv_env_PYCAIRO_LIBS_set=
ac_cv_env_PYCAIRO_LIBS_value=
ac_cv_env_build_alias_set=
ac_cv_env_build_alias_value=
ac_cv_env_host_alias_set=
ac_cv_env_host_alias_value=
ac_cv_env_target_alias_set=
ac_cv_env_target_alias_value=
ac_cv_header_dlfcn_h=yes
ac_cv_header_inttypes_h=yes
ac_cv_header_memory_h=yes
ac_cv_header_stdc=yes
ac_cv_header_stdint_h=yes
ac_cv_header_stdlib_h=yes
ac_cv_header_string_h=yes
ac_cv_header_strings_h=yes
ac_cv_header_sys_stat_h=yes
ac_cv_header_sys_types_h=yes
ac_cv_header_unistd_h=yes
ac_cv_host=x86_64-unknown-linux-gnu
ac_cv_objext=o
ac_cv_path_EGREP='/usr/bin/grep -E'
ac_cv_path_FGREP='/usr/bin/grep -F'
ac_cv_path_GREP=/usr/bin/grep
ac_cv_path_PYTHON=/usr/bin/python
ac_cv_path_SED=/bin/sed
ac_cv_path_ac_pt_PKG_CONFIG=/usr/bin/pkg-config
ac_cv_path_install='/usr/bin/install -c'
ac_cv_path_mkdir=/bin/mkdir
ac_cv_prog_AWK=gawk
ac_cv_prog_CPP='gcc -E'
ac_cv_prog_ac_ct_AR=ar
ac_cv_prog_ac_ct_CC=gcc
ac_cv_prog_ac_ct_DLLTOOL=dlltool
ac_cv_prog_ac_ct_MANIFEST_TOOL=mt
ac_cv_prog_ac_ct_OBJDUMP=objdump
ac_cv_prog_ac_ct_RANLIB=ranlib
ac_cv_prog_ac_ct_STRIP=strip
ac_cv_prog_cc_c89=
ac_cv_prog_cc_g=yes
ac_cv_prog_cc_gcc_c_o=yes
ac_cv_prog_make_make_set=yes
ac_cv_search_strerror='none required'
am_cv_CC_dependencies_compiler_type=gcc3
am_cv_pathless_PYTHON=python
am_cv_prog_cc_stdc=
am_cv_python_platform=linux2
am_cv_python_pyexecdir='${exec_prefix}/lib/python2.7/site-packages'
am_cv_python_pythondir='${prefix}/lib/python2.7/site-packages'
am_cv_python_version=2.7
lt_cv_ar_at_file=@
lt_cv_archive_cmds_need_lc=no
lt_cv_deplibs_check_method=pass_all
lt_cv_file_magic_cmd='$MAGIC_CMD'
lt_cv_file_magic_test_file=
lt_cv_ld_reload_flag=-r
lt_cv_nm_interface='BSD nm'
lt_cv_objdir=.libs
lt_cv_path_LD=/usr/bin/ld
lt_cv_path_NM='/usr/bin/nm -B'
lt_cv_path_mainfest_tool=no
lt_cv_prog_compiler_c_o=yes
lt_cv_prog_compiler_pic='-fPIC -DPIC'
lt_cv_prog_compiler_pic_works=yes
lt_cv_prog_compiler_rtti_exceptions=no
lt_cv_prog_compiler_static_works=yes
lt_cv_prog_gnu_ld=yes
lt_cv_sharedlib_from_linklib_cmd='printf %s\n'
lt_cv_shlibpath_overrides_runpath=no
lt_cv_sys_global_symbol_pipe='sed -n -e '\''s/^.*[	 ]\([ABCDGIRSTW][ABCDGIRSTW]*\)[	 ][	 ]*\([_A-Za-z][_A-Za-z0-9]*\)$/\1 \2 \2/p'\'' | sed '\''/ __gnu_lto/d'\'''
lt_cv_sys_global_symbol_to_c_name_address='sed -n -e '\''s/^: \([^ ]*\)[ ]*$/  {\"\1\", (void *) 0},/p'\'' -e '\''s/^[ABCDGIRSTW]* \([^ ]*\) \([^ ]*\)$/  {"\2", (void *) \&\2},/p'\'''
lt_cv_sys_global_symbol_to_c_name_address_lib_prefix='sed -n -e '\''s/^: \([^ ]*\)[ ]*$/  {\"\1\", (void *) 0},/p'\'' -e '\''s/^[ABCDGIRSTW]* \([^ ]*\) \(lib[^ ]*\)$/  {"\2", (void *) \&\2},/p'\'' -e '\''s/^[ABCDGIRSTW]* \([^ ]*\) \([^ ]*\)$/  {"lib\2", (void *) \&\2},/p'\'''
lt_cv_sys_global_symbol_to_cdecl='sed -n -e '\''s/^T .* \(.*\)$/extern int \1();/p'\'' -e '\''s/^[ABCDGIRSTW]* .* \(.*\)$/extern char \1;/p'\'''
lt_cv_sys_max_cmd_len=1572864
lt_cv_to_host_file_cmd=func_convert_file_noop
lt_cv_to_tool_file_cmd=func_convert_file_noop
pkg_cv_FFI_CFLAGS=
pkg_cv_FFI_LIBS='-L/usr/lib/../lib -lffi'
pkg_cv_GIOUNIX_CFLAGS='-pthread -I/usr/include/gio-unix-2.0/ -I/usr/include/glib-2.0 -I/usr/lib/glib-2.0/include'
pkg_cv_GIOUNIX_LIBS='-lgio-2.0 -lgobject-2.0 -lglib-2.0'
pkg_cv_GIO_CFLAGS='-pthread -I/usr/include/glib-2.0 -I/usr/lib/glib-2.0/include'
pkg_cv_GIO_LIBS='-lgio-2.0 -lgobject-2.0 -lglib-2.0'
pkg_cv_GI_CFLAGS='-pthread -I/usr/include/gobject-introspection-1.0 -I/usr/include/glib-2.0 -I/usr/lib/glib-2.0/include'
pkg_cv_GI_LIBS='-lgirepository-1.0 -lgobject-2.0 -lglib-2.0'
pkg_cv_PYCAIRO_CFLAGS='-I/usr/include/pycairo -I/usr/include/cairo -I/usr/include/pixman-1 -I/usr/include/freetype2 -I/usr/include/libpng16 -I/usr/include/harfbuzz -I/usr/include/glib-2.0 -I/usr/lib/glib-2.0/include -I/usr/include/freetype2 -I/usr/include/harfbuzz -I/usr/include/glib-2.0 -I/usr/lib/glib-2.0/include -I/usr/include/libpng16'
pkg_cv_PYCAIRO_LIBS=-lcairo
py_cv_mod_thread_=yes

## ----------------- ##
## Output variables. ##
## ----------------- ##

ACLOCAL='${SHELL} /sources/boot/pygobject-2.28.6/missing --run aclocal-1.11 '
ACLOCAL_AMFLAGS='-I m4 -I .'
AMDEPBACKSLASH='\'
AMDEP_FALSE='#'
AMDEP_TRUE=''
AMTAR='${SHELL} /sources/boot/pygobject-2.28.6/missing --run tar'
AM_BACKSLASH='\'
AM_DEFAULT_VERBOSITY='0'
AR='ar'
AS='as'
AUTOCONF='${SHELL} /sources/boot/pygobject-2.28.6/missing --run autoconf'
AUTOHEADER='${SHELL} /sources/boot/pygobject-2.28.6/missing --run autoheader'
AUTOMAKE='${SHELL} /sources/boot/pygobject-2.28.6/missing --run automake-1.11'
AWK='gawk'
BUILD_GIOUNIX_FALSE='#'
BUILD_GIOUNIX_TRUE=''
BUILD_GIO_FALSE='#'
BUILD_GIO_TRUE=''
CC='gcc'
CCDEPMODE='depmode=gcc3'
CFLAGS='-g -O2 -Wall -fno-strict-aliasing -std=c9x'
CPP='gcc -E'
CPPFLAGS=' '
CYGPATH_W='echo'
DATADIR='${prefix}/share'
DEFS='-DHAVE_CONFIG_H'
DEPDIR='.deps'
DLLTOOL='dlltool'
DSYMUTIL=''
DUMPBIN=''
ECHO_C=''
ECHO_N='-n'
ECHO_T=''
EGREP='/usr/bin/grep -E'
ENABLE_CAIRO_FALSE='#'
ENABLE_CAIRO_TRUE=''
ENABLE_DOCS_FALSE=''
ENABLE_DOCS_TRUE='#'
ENABLE_INTROSPECTION_FALSE='#'
ENABLE_INTROSPECTION_TRUE=''
EXEEXT=''
FFI_CFLAGS=''
FFI_LIBS='-L/usr/lib/../lib -lffi'
FGREP='/usr/bin/grep -F'
GIOUNIX_CFLAGS='-pthread -I/usr/include/gio-unix-2.0/ -I/usr/include/glib-2.0 -I/usr/lib/glib-2.0/include'
GIOUNIX_LIBS='-lgio-2.0 -lgobject-2.0 -lglib-2.0'
GIO_CFLAGS='-pthread -I/usr/include/glib-2.0 -I/usr/lib/glib-2.0/include'
GIO_LIBS='-lgio-2.0 -lgobject-2.0 -lglib-2.0'
GI_CFLAGS='-pthread -I/usr/include/gobject-introspection-1.0 -I/usr/include/glib-2.0 -I/usr/lib/glib-2.0/include'
GI_DATADIR='/usr/share/gobject-introspection-1.0'
GI_LIBS='-lgirepository-1.0 -lgobject-2.0 -lglib-2.0'
GLIB_CFLAGS='-pthread -I/usr/include/glib-2.0 -I/usr/lib/glib-2.0/include'
GLIB_GENMARSHAL='glib-genmarshal'
GLIB_LIBS='-lgobject-2.0 -lgthread-2.0 -pthread -lglib-2.0'
GLIB_MKENUMS='glib-mkenums'
GOBJECT_QUERY='gobject-query'
GREP='/usr/bin/grep'
HAVE_LIBFFI_FALSE='#'
HAVE_LIBFFI_TRUE=''
INSTALL_DATA='${INSTALL} -m 644'
INSTALL_PROGRAM='${INSTALL}'
INSTALL_SCRIPT='${INSTALL}'
INSTALL_STRIP_PROGRAM='$(install_sh) -c -s'
INTROSPECTION_COMPILER='/usr/bin/g-ir-compiler'
INTROSPECTION_SCANNER='/usr/bin/g-ir-scanner'
LD='/usr/bin/ld -m elf_x86_64'
LDFLAGS=''
LIBFFI_PC='libffi'
LIBOBJS=''
LIBS=''
LIBTOOL='$(SHELL) $(top_builddir)/libtool'
LIPO=''
LN_S='ln -s'
LTLIBOBJS=''
MAINT='#'
MAINTAINER_MODE_FALSE=''
MAINTAINER_MODE_TRUE='#'
MAKEINFO='${SHELL} /sources/boot/pygobject-2.28.6/missing --run makeinfo'
MANIFEST_TOOL=':'
MKDIR_P='/bin/mkdir -p'
NM='/usr/bin/nm -B'
NMEDIT=''
OBJDUMP='objdump'
OBJEXT='o'
OS_WIN32_FALSE=''
OS_WIN32_TRUE='#'
OTOOL64=''
OTOOL=''
PACKAGE='pygobject'
PACKAGE_BUGREPORT='http://bugzilla.gnome.org/enter_bug.cgi?product=pygobject'
PACKAGE_NAME='pygobject'
PACKAGE_STRING='pygobject 2.28.6'
PACKAGE_TARNAME='pygobject'
PACKAGE_URL=''
PACKAGE_VERSION='2.28.6'
PATH_SEPARATOR=':'
PKG_CONFIG='/usr/bin/pkg-config'
PKG_CONFIG_LIBDIR=''
PKG_CONFIG_PATH=''
PLATFORM='linux-x86_64'
PLATFORM_WIN32_FALSE=''
PLATFORM_WIN32_TRUE='#'
PYCAIRO_CFLAGS='-I/usr/include/pycairo -I/usr/include/cairo -I/usr/include/pixman-1 -I/usr/include/freetype2 -I/usr/include/libpng16 -I/usr/include/harfbuzz -I/usr/include/glib-2.0 -I/usr/lib/glib-2.0/include -I/usr/include/freetype2 -I/usr/include/harfbuzz -I/usr/include/glib-2.0 -I/usr/lib/glib-2.0/include -I/usr/include/libpng16'
PYCAIRO_LIBS='-lcairo'
PYGOBJECT_MAJOR_VERSION='2'
PYGOBJECT_MICRO_VERSION='6'
PYGOBJECT_MINOR_VERSION='28'
PYTHON='/usr/bin/python'
PYTHON_BASENAME='python'
PYTHON_EXEC_PREFIX='${exec_prefix}'
PYTHON_INCLUDES='-I/usr/include/python2.7 -I/usr/include/python2.7'
PYTHON_PLATFORM='linux2'
PYTHON_PREFIX='${prefix}'
PYTHON_VERSION='2.7'
RANLIB='ranlib'
SED='/bin/sed'
SET_MAKE=''
SHELL='/bin/sh'
STRIP='strip'
THREADING_CFLAGS=''
VERSION='2.28.6'
XSLTPROC=''
ac_ct_AR='ar'
ac_ct_CC='gcc'
ac_ct_DUMPBIN=''
am__EXEEXT_FALSE=''
am__EXEEXT_TRUE='#'
am__fastdepCC_FALSE='#'
am__fastdepCC_TRUE=''
am__include='include'
am__isrc=''
am__leading_dot='.'
am__quote=''
am__tar='${AMTAR} chof - "$$tardir"'
am__untar='${AMTAR} xf -'
bindir='${exec_prefix}/bin'
build='x86_64-unknown-linux-gnu'
build_alias=''
build_cpu='x86_64'
build_os='linux-gnu'
build_vendor='unknown'
datadir='${datarootdir}'
datarootdir='${prefix}/share'
docdir='${datarootdir}/doc/${PACKAGE_TARNAME}'
dvidir='${docdir}'
exec_prefix='${prefix}'
host='x86_64-unknown-linux-gnu'
host_alias=''
host_cpu='x86_64'
host_os='linux-gnu'
host_vendor='unknown'
htmldir='${docdir}'
includedir='${prefix}/include'
infodir='${datarootdir}/info'
install_sh='${SHELL} /sources/boot/pygobject-2.28.6/install-sh'
libdir='${exec_prefix}/lib'
libexecdir='${exec_prefix}/libexec'
localedir='${datarootdir}/locale'
localstatedir='${prefix}/var'
mandir='${datarootdir}/man'
mkdir_p='/bin/mkdir -p'
oldincludedir='/usr/include'
pdfdir='${docdir}'
pkgpyexecdir='${pyexecdir}/pygobject'
pkgpythondir='${pythondir}/pygobject'
prefix='/usr'
program_transform_name='s,x,x,'
psdir='${docdir}'
pyexecdir='${exec_prefix}/lib/python2.7/site-packages'
pygobject_CODEGEN_DEFINES=''
pythondir='${prefix}/lib/python2.7/site-packages'
sbindir='${exec_prefix}/sbin'
sharedstatedir='${prefix}/com'
sysconfdir='${prefix}/etc'
target_alias=''

## ----------- ##
## confdefs.h. ##
## ----------- ##

/* confdefs.h */
#define PACKAGE_NAME "pygobject"
#define PACKAGE_TARNAME "pygobject"
#define PACKAGE_VERSION "2.28.6"
#define PACKAGE_STRING "pygobject 2.28.6"
#define PACKAGE_BUGREPORT "http://bugzilla.gnome.org/enter_bug.cgi?product=pygobject"
#define PACKAGE_URL ""
#define PYGOBJECT_MAJOR_VERSION 2
#define PYGOBJECT_MINOR_VERSION 28
#define PYGOBJECT_MICRO_VERSION 6
#define PACKAGE "pygobject"
#define VERSION "2.28.6"
#define STDC_HEADERS 1
#define HAVE_SYS_TYPES_H 1
#define HAVE_SYS_STAT_H 1
#define HAVE_STDLIB_H 1
#define HAVE_STRING_H 1
#define HAVE_MEMORY_H 1
#define HAVE_STRINGS_H 1
#define HAVE_INTTYPES_H 1
#define HAVE_STDINT_H 1
#define HAVE_UNISTD_H 1
#define HAVE_DLFCN_H 1
#define LT_OBJDIR ".libs/"
#define HAVE_PYSIGNAL_SETWAKEUPFD 1
#define HAVE_FFI_H 1
#define ENABLE_INTROSPECTION 1

configure: exit 0
