/bin/sh build-scripts/mkinstalldirs build
mkdir -p -- build
/bin/sh build-scripts/updaterev.sh
  CC     build/SDL.lo
  CC     build/SDL_assert.lo
  CC     build/SDL_dataqueue.lo
  CC     build/SDL_error.lo
  CC     build/SDL_hints.lo
  CC     build/SDL_log.lo
  CC     build/SDL_atomic.lo
  CC     build/SDL_spinlock.lo
  CC     build/SDL_audio.lo
  CC     build/SDL_audiocvt.lo
  CC     build/SDL_audiodev.lo
  CC     build/SDL_audiotypecvt.lo
  CC     build/SDL_mixer.lo
  CC     build/SDL_wave.lo
  CC     build/SDL_cpuinfo.lo
  CC     build/SDL_dynapi.lo
  CC     build/SDL_clipboardevents.lo
  CC     build/SDL_dropevents.lo
  CC     build/SDL_events.lo
  CC     build/SDL_gesture.lo
  CC     build/SDL_keyboard.lo
  CC     build/SDL_mouse.lo
  CC     build/SDL_quit.lo
  CC     build/SDL_touch.lo
  CC     build/SDL_windowevents.lo
  CC     build/SDL_rwops.lo
  CC     build/SDL_haptic.lo
  CC     build/SDL_gamecontroller.lo
  CC     build/SDL_joystick.lo
  CC     build/e_atan2.lo
  CC     build/e_log.lo
  CC     build/e_pow.lo
  CC     build/e_rem_pio2.lo
  CC     build/e_sqrt.lo
  CC     build/k_cos.lo
  CC     build/k_rem_pio2.lo
  CC     build/k_sin.lo
  CC     build/k_tan.lo
  CC     build/s_atan.lo
  CC     build/s_copysign.lo
  CC     build/s_cos.lo
  CC     build/s_fabs.lo
  CC     build/s_floor.lo
  CC     build/s_scalbn.lo
  CC     build/s_sin.lo
  CC     build/s_tan.lo
  CC     build/SDL_power.lo
  CC     build/SDL_d3dmath.lo
  CC     build/SDL_render.lo
  CC     build/SDL_yuv_mmx.lo
  CC     build/SDL_yuv_sw.lo
  CC     build/SDL_render_d3d.lo
  CC     build/SDL_render_d3d11.lo
  CC     build/SDL_render_gl.lo
  CC     build/SDL_shaders_gl.lo
  CC     build/SDL_render_gles.lo
  CC     build/SDL_render_gles2.lo
  CC     build/SDL_shaders_gles2.lo
  CC     build/SDL_render_psp.lo
  CC     build/SDL_blendfillrect.lo
  CC     build/SDL_blendline.lo
  CC     build/SDL_blendpoint.lo
  CC     build/SDL_drawline.lo
  CC     build/SDL_drawpoint.lo
  CC     build/SDL_render_sw.lo
  CC     build/SDL_rotate.lo
  CC     build/SDL_getenv.lo
  CC     build/SDL_iconv.lo
  CC     build/SDL_malloc.lo
  CC     build/SDL_qsort.lo
  CC     build/SDL_stdlib.lo
  CC     build/SDL_string.lo
  CC     build/SDL_thread.lo
  CC     build/SDL_timer.lo
  CC     build/SDL_RLEaccel.lo
  CC     build/SDL_blit.lo
  CC     build/SDL_blit_0.lo
  CC     build/SDL_blit_1.lo
  CC     build/SDL_blit_A.lo
  CC     build/SDL_blit_N.lo
  CC     build/SDL_blit_auto.lo
  CC     build/SDL_blit_copy.lo
  CC     build/SDL_blit_slow.lo
  CC     build/SDL_bmp.lo
  CC     build/SDL_clipboard.lo
  CC     build/SDL_egl.lo
  CC     build/SDL_fillrect.lo
  CC     build/SDL_pixels.lo
  CC     build/SDL_rect.lo
  CC     build/SDL_shape.lo
  CC     build/SDL_stretch.lo
  CC     build/SDL_surface.lo
  CC     build/SDL_video.lo
  CC     build/SDL_vulkan_utils.lo
  CC     build/SDL_nullevents.lo
  CC     build/SDL_nullframebuffer.lo
  CC     build/SDL_nullvideo.lo
  CC     build/SDL_diskaudio.lo
  CC     build/SDL_dummyaudio.lo
  CC     build/SDL_sysloadso.lo
  CC     build/SDL_dspaudio.lo
  CC     build/SDL_alsa_audio.lo
  CC     build/SDL_x11clipboard.lo
  CC     build/SDL_x11dyn.lo
  CC     build/SDL_x11events.lo
  CC     build/SDL_x11framebuffer.lo
  CC     build/SDL_x11keyboard.lo
  CC     build/SDL_x11messagebox.lo
  CC     build/SDL_x11modes.lo
  CC     build/SDL_x11mouse.lo
  CC     build/SDL_x11opengl.lo
  CC     build/SDL_x11opengles.lo
  CC     build/SDL_x11shape.lo
  CC     build/SDL_x11touch.lo
  CC     build/SDL_x11video.lo
  CC     build/SDL_x11vulkan.lo
  CC     build/SDL_x11window.lo
  CC     build/SDL_x11xinput2.lo
  CC     build/edid-parse.lo
  CC     build/imKStoUCS.lo
  CC     build/SDL_dbus.lo
  CC     build/SDL_ime.lo
  CC     build/SDL_systhread.lo
  CC     build/SDL_syssem.lo
  CC     build/SDL_sysmutex.lo
  CC     build/SDL_syscond.lo
  CC     build/SDL_systls.lo
  CC     build/SDL_sysjoystick.lo
  CC     build/SDL_steamcontroller.lo
  CC     build/SDL_syshaptic.lo
  CC     build/SDL_syspower.lo
  CC     build/SDL_sysfilesystem.lo
  CC     build/SDL_systimer.lo
  CC     build/SDL_udev.lo
  CC     build/SDL_evdev.lo
  CC     build/SDL_evdev_kbd.lo
  CC     build/SDL_poll.lo
  LTLINK build/libSDL2.la
  CC     build/SDL_dummy_main.lo
  LTLINK build/libSDL2main.la
  CC     build/SDL_test_assert.lo
  CC     build/SDL_test_common.lo
  CC     build/SDL_test_compare.lo
  CC     build/SDL_test_crc32.lo
  CC     build/SDL_test_font.lo
  CC     build/SDL_test_fuzzer.lo
  CC     build/SDL_test_harness.lo
  CC     build/SDL_test_imageBlit.lo
  CC     build/SDL_test_imageBlitBlend.lo
  CC     build/SDL_test_imageFace.lo
  CC     build/SDL_test_imagePrimitives.lo
  CC     build/SDL_test_imagePrimitivesBlend.lo
  CC     build/SDL_test_log.lo
  CC     build/SDL_test_md5.lo
  CC     build/SDL_test_memory.lo
  CC     build/SDL_test_random.lo
  LTLINK build/libSDL2_test.la
