Making all in bin
make[1]: Entering directory '/lfskernel/sources/boot/sgml-common-0.6.3/bin'
make[1]: Nothing to be done for 'all'.
make[1]: Leaving directory '/lfskernel/sources/boot/sgml-common-0.6.3/bin'
Making all in config
make[1]: Entering directory '/lfskernel/sources/boot/sgml-common-0.6.3/config'
make[1]: Nothing to be done for 'all'.
make[1]: Leaving directory '/lfskernel/sources/boot/sgml-common-0.6.3/config'
Making all in doc
make[1]: Entering directory '/lfskernel/sources/boot/sgml-common-0.6.3/doc'
Making all in refentry
make[2]: Entering directory '/lfskernel/sources/boot/sgml-common-0.6.3/doc/refentry'
make[2]: Nothing to be done for 'all'.
make[2]: Leaving directory '/lfskernel/sources/boot/sgml-common-0.6.3/doc/refentry'
Making all in man
make[2]: Entering directory '/lfskernel/sources/boot/sgml-common-0.6.3/doc/man'
make[2]: Nothing to be done for 'all'.
make[2]: Leaving directory '/lfskernel/sources/boot/sgml-common-0.6.3/doc/man'
Making all in HTML
make[2]: Entering directory '/lfskernel/sources/boot/sgml-common-0.6.3/doc/HTML'
make[2]: Nothing to be done for 'all'.
make[2]: Leaving directory '/lfskernel/sources/boot/sgml-common-0.6.3/doc/HTML'
make[2]: Entering directory '/lfskernel/sources/boot/sgml-common-0.6.3/doc'
make[2]: Nothing to be done for 'all-am'.
make[2]: Leaving directory '/lfskernel/sources/boot/sgml-common-0.6.3/doc'
make[1]: Leaving directory '/lfskernel/sources/boot/sgml-common-0.6.3/doc'
Making all in sgml-iso-entities
make[1]: Entering directory '/lfskernel/sources/boot/sgml-common-0.6.3/sgml-iso-entities'
make[1]: Nothing to be done for 'all'.
make[1]: Leaving directory '/lfskernel/sources/boot/sgml-common-0.6.3/sgml-iso-entities'
Making all in xml-iso-entities
make[1]: Entering directory '/lfskernel/sources/boot/sgml-common-0.6.3/xml-iso-entities'
make[1]: Nothing to be done for 'all'.
make[1]: Leaving directory '/lfskernel/sources/boot/sgml-common-0.6.3/xml-iso-entities'
make[1]: Entering directory '/lfskernel/sources/boot/sgml-common-0.6.3'
make[1]: Nothing to be done for 'all-am'.
make[1]: Leaving directory '/lfskernel/sources/boot/sgml-common-0.6.3'
