Making install in po
make[1]: Entering directory '/sources/shadow-4.5/build/po'
/tools/bin/mkdir -p /usr/share
installing ../../po/bs.gmo as /usr/share/locale/bs/LC_MESSAGES/shadow.mo
installing ../../po/ca.gmo as /usr/share/locale/ca/LC_MESSAGES/shadow.mo
installing ../../po/cs.gmo as /usr/share/locale/cs/LC_MESSAGES/shadow.mo
installing ../../po/da.gmo as /usr/share/locale/da/LC_MESSAGES/shadow.mo
installing ../../po/de.gmo as /usr/share/locale/de/LC_MESSAGES/shadow.mo
installing ../../po/dz.gmo as /usr/share/locale/dz/LC_MESSAGES/shadow.mo
installing ../../po/el.gmo as /usr/share/locale/el/LC_MESSAGES/shadow.mo
installing ../../po/es.gmo as /usr/share/locale/es/LC_MESSAGES/shadow.mo
installing ../../po/eu.gmo as /usr/share/locale/eu/LC_MESSAGES/shadow.mo
installing ../../po/fi.gmo as /usr/share/locale/fi/LC_MESSAGES/shadow.mo
installing ../../po/fr.gmo as /usr/share/locale/fr/LC_MESSAGES/shadow.mo
installing ../../po/gl.gmo as /usr/share/locale/gl/LC_MESSAGES/shadow.mo
installing ../../po/he.gmo as /usr/share/locale/he/LC_MESSAGES/shadow.mo
installing ../../po/hu.gmo as /usr/share/locale/hu/LC_MESSAGES/shadow.mo
installing ../../po/id.gmo as /usr/share/locale/id/LC_MESSAGES/shadow.mo
installing ../../po/it.gmo as /usr/share/locale/it/LC_MESSAGES/shadow.mo
installing ../../po/ja.gmo as /usr/share/locale/ja/LC_MESSAGES/shadow.mo
installing ../../po/kk.gmo as /usr/share/locale/kk/LC_MESSAGES/shadow.mo
installing ../../po/km.gmo as /usr/share/locale/km/LC_MESSAGES/shadow.mo
installing ../../po/ko.gmo as /usr/share/locale/ko/LC_MESSAGES/shadow.mo
installing ../../po/nb.gmo as /usr/share/locale/nb/LC_MESSAGES/shadow.mo
installing ../../po/ne.gmo as /usr/share/locale/ne/LC_MESSAGES/shadow.mo
installing ../../po/nl.gmo as /usr/share/locale/nl/LC_MESSAGES/shadow.mo
installing ../../po/nn.gmo as /usr/share/locale/nn/LC_MESSAGES/shadow.mo
installing ../../po/pl.gmo as /usr/share/locale/pl/LC_MESSAGES/shadow.mo
installing ../../po/pt.gmo as /usr/share/locale/pt/LC_MESSAGES/shadow.mo
installing ../../po/pt_BR.gmo as /usr/share/locale/pt_BR/LC_MESSAGES/shadow.mo
installing ../../po/ro.gmo as /usr/share/locale/ro/LC_MESSAGES/shadow.mo
installing ../../po/ru.gmo as /usr/share/locale/ru/LC_MESSAGES/shadow.mo
installing ../../po/sk.gmo as /usr/share/locale/sk/LC_MESSAGES/shadow.mo
installing ../../po/sq.gmo as /usr/share/locale/sq/LC_MESSAGES/shadow.mo
installing ../../po/sv.gmo as /usr/share/locale/sv/LC_MESSAGES/shadow.mo
installing ../../po/tl.gmo as /usr/share/locale/tl/LC_MESSAGES/shadow.mo
installing ../../po/tr.gmo as /usr/share/locale/tr/LC_MESSAGES/shadow.mo
installing ../../po/uk.gmo as /usr/share/locale/uk/LC_MESSAGES/shadow.mo
installing ../../po/vi.gmo as /usr/share/locale/vi/LC_MESSAGES/shadow.mo
installing ../../po/zh_CN.gmo as /usr/share/locale/zh_CN/LC_MESSAGES/shadow.mo
installing ../../po/zh_TW.gmo as /usr/share/locale/zh_TW/LC_MESSAGES/shadow.mo
if test "shadow" = "gettext-tools"; then \
  /tools/bin/mkdir -p /usr/share/gettext/po; \
  for file in Makefile.in.in remove-potcdate.sin quot.sed boldquot.sed en@quot.header en@boldquot.header insert-header.sin Rules-quot   Makevars.template; do \
    /usr/bin/install -c -m 644 ../../po/$file \
		    /usr/share/gettext/po/$file; \
  done; \
  for file in Makevars; do \
    rm -f /usr/share/gettext/po/$file; \
  done; \
else \
  : ; \
fi
make[1]: Leaving directory '/sources/shadow-4.5/build/po'
Making install in man
make[1]: Entering directory '/sources/shadow-4.5/build/man'
Making install in po
make[2]: Entering directory '/sources/shadow-4.5/build/man/po'
make[2]: Nothing to be done for 'install'.
make[2]: Leaving directory '/sources/shadow-4.5/build/man/po'
Making install in cs
make[2]: Entering directory '/sources/shadow-4.5/build/man/cs'
make[3]: Entering directory '/sources/shadow-4.5/build/man/cs'
make[3]: Nothing to be done for 'install-exec-am'.
 /tools/bin/mkdir -p '/usr/share/man/cs/man1'
 /usr/bin/install -c -m 644 ../../../man/cs/man1/expiry.1 ../../../man/cs/man1/gpasswd.1 ../../../man/cs/man1/su.1 '/usr/share/man/cs/man1'
 /tools/bin/mkdir -p '/usr/share/man/cs/man5'
 /usr/bin/install -c -m 644 ../../../man/cs/man5/faillog.5 ../../../man/cs/man5/gshadow.5 ../../../man/cs/man5/shadow.5 '/usr/share/man/cs/man5'
 /tools/bin/mkdir -p '/usr/share/man/cs/man8'
 /usr/bin/install -c -m 644 ../../../man/cs/man8/faillog.8 ../../../man/cs/man8/groupadd.8 ../../../man/cs/man8/groupdel.8 ../../../man/cs/man8/groupmod.8 ../../../man/cs/man8/grpck.8 ../../../man/cs/man8/lastlog.8 ../../../man/cs/man8/nologin.8 ../../../man/cs/man8/vipw.8 '/usr/share/man/cs/man8'
make[3]: Leaving directory '/sources/shadow-4.5/build/man/cs'
make[2]: Leaving directory '/sources/shadow-4.5/build/man/cs'
Making install in da
make[2]: Entering directory '/sources/shadow-4.5/build/man/da'
make[3]: Entering directory '/sources/shadow-4.5/build/man/da'
make[3]: Nothing to be done for 'install-exec-am'.
 /tools/bin/mkdir -p '/usr/share/man/da/man1'
 /usr/bin/install -c -m 644 ../../../man/da/man1/chfn.1 ../../../man/da/man1/newgrp.1 ../../../man/da/man1/sg.1 '/usr/share/man/da/man1'
 /tools/bin/mkdir -p '/usr/share/man/da/man5'
 /usr/bin/install -c -m 644 ../../../man/da/man5/gshadow.5 '/usr/share/man/da/man5'
 /tools/bin/mkdir -p '/usr/share/man/da/man8'
 /usr/bin/install -c -m 644 ../../../man/da/man8/groupdel.8 ../../../man/da/man8/logoutd.8 ../../../man/da/man8/nologin.8 ../../../man/da/man8/vigr.8 ../../../man/da/man8/vipw.8 '/usr/share/man/da/man8'
make[3]: Leaving directory '/sources/shadow-4.5/build/man/da'
make[2]: Leaving directory '/sources/shadow-4.5/build/man/da'
Making install in de
make[2]: Entering directory '/sources/shadow-4.5/build/man/de'
make[3]: Entering directory '/sources/shadow-4.5/build/man/de'
make[3]: Nothing to be done for 'install-exec-am'.
 /tools/bin/mkdir -p '/usr/share/man/de/man1'
 /usr/bin/install -c -m 644 ../../../man/de/man1/chage.1 ../../../man/de/man1/chfn.1 ../../../man/de/man1/chsh.1 ../../../man/de/man1/expiry.1 ../../../man/de/man1/gpasswd.1 ../../../man/de/man1/login.1 ../../../man/de/man1/newgrp.1 ../../../man/de/man1/passwd.1 ../../../man/de/man1/sg.1 ../../../man/de/man1/su.1 '/usr/share/man/de/man1'
 /tools/bin/mkdir -p '/usr/share/man/de/man3'
 /usr/bin/install -c -m 644 ../../../man/de/man3/shadow.3 '/usr/share/man/de/man3'
 /tools/bin/mkdir -p '/usr/share/man/de/man5'
 /usr/bin/install -c -m 644 ../../../man/de/man5/faillog.5 ../../../man/de/man5/gshadow.5 ../../../man/de/man5/login.defs.5 ../../../man/de/man5/shadow.5 ../../../man/de/man5/suauth.5 ../../../man/de/man5/limits.5 ../../../man/de/man5/login.access.5 ../../../man/de/man5/porttime.5 '/usr/share/man/de/man5'
 /tools/bin/mkdir -p '/usr/share/man/de/man8'
 /usr/bin/install -c -m 644 ../../../man/de/man8/chgpasswd.8 ../../../man/de/man8/chpasswd.8 ../../../man/de/man8/faillog.8 ../../../man/de/man8/groupadd.8 ../../../man/de/man8/groupdel.8 ../../../man/de/man8/groupmems.8 ../../../man/de/man8/groupmod.8 ../../../man/de/man8/grpck.8 ../../../man/de/man8/grpconv.8 ../../../man/de/man8/grpunconv.8 ../../../man/de/man8/lastlog.8 ../../../man/de/man8/logoutd.8 ../../../man/de/man8/newusers.8 ../../../man/de/man8/nologin.8 ../../../man/de/man8/pwck.8 ../../../man/de/man8/pwconv.8 ../../../man/de/man8/pwunconv.8 ../../../man/de/man8/useradd.8 ../../../man/de/man8/userdel.8 ../../../man/de/man8/usermod.8 ../../../man/de/man8/vigr.8 ../../../man/de/man8/vipw.8 '/usr/share/man/de/man8'
make[3]: Leaving directory '/sources/shadow-4.5/build/man/de'
make[2]: Leaving directory '/sources/shadow-4.5/build/man/de'
Making install in es
make[2]: Entering directory '/sources/shadow-4.5/build/man/es'
make[3]: Entering directory '/sources/shadow-4.5/build/man/es'
make[3]: Nothing to be done for 'install-exec-am'.
make[3]: Nothing to be done for 'install-data-am'.
make[3]: Leaving directory '/sources/shadow-4.5/build/man/es'
make[2]: Leaving directory '/sources/shadow-4.5/build/man/es'
Making install in fi
make[2]: Entering directory '/sources/shadow-4.5/build/man/fi'
make[3]: Entering directory '/sources/shadow-4.5/build/man/fi'
make[3]: Nothing to be done for 'install-exec-am'.
 /tools/bin/mkdir -p '/usr/share/man/fi/man1'
 /usr/bin/install -c -m 644 ../../../man/fi/man1/chfn.1 ../../../man/fi/man1/chsh.1 ../../../man/fi/man1/su.1 '/usr/share/man/fi/man1'
make[3]: Leaving directory '/sources/shadow-4.5/build/man/fi'
make[2]: Leaving directory '/sources/shadow-4.5/build/man/fi'
Making install in fr
make[2]: Entering directory '/sources/shadow-4.5/build/man/fr'
make[3]: Entering directory '/sources/shadow-4.5/build/man/fr'
make[3]: Nothing to be done for 'install-exec-am'.
 /tools/bin/mkdir -p '/usr/share/man/fr/man1'
 /usr/bin/install -c -m 644 ../../../man/fr/man1/chage.1 ../../../man/fr/man1/chfn.1 ../../../man/fr/man1/chsh.1 ../../../man/fr/man1/expiry.1 ../../../man/fr/man1/gpasswd.1 ../../../man/fr/man1/login.1 ../../../man/fr/man1/newgrp.1 ../../../man/fr/man1/passwd.1 ../../../man/fr/man1/sg.1 ../../../man/fr/man1/su.1 ../../../man/fr/man1/newgidmap.1 ../../../man/fr/man1/newuidmap.1 '/usr/share/man/fr/man1'
 /tools/bin/mkdir -p '/usr/share/man/fr/man3'
 /usr/bin/install -c -m 644 ../../../man/fr/man3/shadow.3 '/usr/share/man/fr/man3'
 /tools/bin/mkdir -p '/usr/share/man/fr/man5'
 /usr/bin/install -c -m 644 ../../../man/fr/man5/faillog.5 ../../../man/fr/man5/gshadow.5 ../../../man/fr/man5/login.defs.5 ../../../man/fr/man5/shadow.5 ../../../man/fr/man5/suauth.5 ../../../man/fr/man5/limits.5 ../../../man/fr/man5/login.access.5 ../../../man/fr/man5/porttime.5 ../../../man/fr/man5/subgid.5 ../../../man/fr/man5/subuid.5 '/usr/share/man/fr/man5'
 /tools/bin/mkdir -p '/usr/share/man/fr/man8'
 /usr/bin/install -c -m 644 ../../../man/fr/man8/chgpasswd.8 ../../../man/fr/man8/chpasswd.8 ../../../man/fr/man8/faillog.8 ../../../man/fr/man8/groupadd.8 ../../../man/fr/man8/groupdel.8 ../../../man/fr/man8/groupmems.8 ../../../man/fr/man8/groupmod.8 ../../../man/fr/man8/grpck.8 ../../../man/fr/man8/grpconv.8 ../../../man/fr/man8/grpunconv.8 ../../../man/fr/man8/lastlog.8 ../../../man/fr/man8/logoutd.8 ../../../man/fr/man8/newusers.8 ../../../man/fr/man8/nologin.8 ../../../man/fr/man8/pwck.8 ../../../man/fr/man8/pwconv.8 ../../../man/fr/man8/pwunconv.8 ../../../man/fr/man8/useradd.8 ../../../man/fr/man8/userdel.8 ../../../man/fr/man8/usermod.8 ../../../man/fr/man8/vigr.8 ../../../man/fr/man8/vipw.8 '/usr/share/man/fr/man8'
make[3]: Leaving directory '/sources/shadow-4.5/build/man/fr'
make[2]: Leaving directory '/sources/shadow-4.5/build/man/fr'
Making install in hu
make[2]: Entering directory '/sources/shadow-4.5/build/man/hu'
make[3]: Entering directory '/sources/shadow-4.5/build/man/hu'
make[3]: Nothing to be done for 'install-exec-am'.
 /tools/bin/mkdir -p '/usr/share/man/hu/man1'
 /usr/bin/install -c -m 644 ../../../man/hu/man1/chsh.1 ../../../man/hu/man1/gpasswd.1 ../../../man/hu/man1/login.1 ../../../man/hu/man1/newgrp.1 ../../../man/hu/man1/passwd.1 ../../../man/hu/man1/sg.1 ../../../man/hu/man1/su.1 '/usr/share/man/hu/man1'
 /tools/bin/mkdir -p '/usr/share/man/hu/man5'
 /tools/bin/mkdir -p '/usr/share/man/hu/man8'
 /usr/bin/install -c -m 644 ../../../man/hu/man8/lastlog.8 '/usr/share/man/hu/man8'
make[3]: Leaving directory '/sources/shadow-4.5/build/man/hu'
make[2]: Leaving directory '/sources/shadow-4.5/build/man/hu'
Making install in id
make[2]: Entering directory '/sources/shadow-4.5/build/man/id'
make[3]: Entering directory '/sources/shadow-4.5/build/man/id'
make[3]: Nothing to be done for 'install-exec-am'.
 /tools/bin/mkdir -p '/usr/share/man/id/man1'
 /usr/bin/install -c -m 644 ../../../man/id/man1/chsh.1 ../../../man/id/man1/login.1 '/usr/share/man/id/man1'
 /tools/bin/mkdir -p '/usr/share/man/id/man8'
 /usr/bin/install -c -m 644 ../../../man/id/man8/useradd.8 '/usr/share/man/id/man8'
make[3]: Leaving directory '/sources/shadow-4.5/build/man/id'
make[2]: Leaving directory '/sources/shadow-4.5/build/man/id'
Making install in it
make[2]: Entering directory '/sources/shadow-4.5/build/man/it'
make[3]: Entering directory '/sources/shadow-4.5/build/man/it'
make[3]: Nothing to be done for 'install-exec-am'.
 /tools/bin/mkdir -p '/usr/share/man/it/man1'
 /usr/bin/install -c -m 644 ../../../man/it/man1/chage.1 ../../../man/it/man1/chfn.1 ../../../man/it/man1/chsh.1 ../../../man/it/man1/expiry.1 ../../../man/it/man1/gpasswd.1 ../../../man/it/man1/login.1 ../../../man/it/man1/newgrp.1 ../../../man/it/man1/passwd.1 ../../../man/it/man1/sg.1 ../../../man/it/man1/su.1 '/usr/share/man/it/man1'
 /tools/bin/mkdir -p '/usr/share/man/it/man3'
 /usr/bin/install -c -m 644 ../../../man/it/man3/shadow.3 '/usr/share/man/it/man3'
 /tools/bin/mkdir -p '/usr/share/man/it/man5'
 /usr/bin/install -c -m 644 ../../../man/it/man5/faillog.5 ../../../man/it/man5/gshadow.5 ../../../man/it/man5/login.defs.5 ../../../man/it/man5/shadow.5 ../../../man/it/man5/suauth.5 ../../../man/it/man5/limits.5 ../../../man/it/man5/login.access.5 ../../../man/it/man5/porttime.5 '/usr/share/man/it/man5'
 /tools/bin/mkdir -p '/usr/share/man/it/man8'
 /usr/bin/install -c -m 644 ../../../man/it/man8/chgpasswd.8 ../../../man/it/man8/chpasswd.8 ../../../man/it/man8/faillog.8 ../../../man/it/man8/groupadd.8 ../../../man/it/man8/groupdel.8 ../../../man/it/man8/groupmems.8 ../../../man/it/man8/groupmod.8 ../../../man/it/man8/grpck.8 ../../../man/it/man8/grpconv.8 ../../../man/it/man8/grpunconv.8 ../../../man/it/man8/lastlog.8 ../../../man/it/man8/logoutd.8 ../../../man/it/man8/newusers.8 ../../../man/it/man8/nologin.8 ../../../man/it/man8/pwck.8 ../../../man/it/man8/pwconv.8 ../../../man/it/man8/pwunconv.8 ../../../man/it/man8/useradd.8 ../../../man/it/man8/userdel.8 ../../../man/it/man8/usermod.8 ../../../man/it/man8/vigr.8 ../../../man/it/man8/vipw.8 '/usr/share/man/it/man8'
make[3]: Leaving directory '/sources/shadow-4.5/build/man/it'
make[2]: Leaving directory '/sources/shadow-4.5/build/man/it'
Making install in ja
make[2]: Entering directory '/sources/shadow-4.5/build/man/ja'
make[3]: Entering directory '/sources/shadow-4.5/build/man/ja'
make[3]: Nothing to be done for 'install-exec-am'.
 /tools/bin/mkdir -p '/usr/share/man/ja/man1'
 /usr/bin/install -c -m 644 ../../../man/ja/man1/chage.1 ../../../man/ja/man1/chfn.1 ../../../man/ja/man1/chsh.1 ../../../man/ja/man1/expiry.1 ../../../man/ja/man1/gpasswd.1 ../../../man/ja/man1/login.1 ../../../man/ja/man1/newgrp.1 ../../../man/ja/man1/passwd.1 ../../../man/ja/man1/sg.1 ../../../man/ja/man1/su.1 '/usr/share/man/ja/man1'
 /tools/bin/mkdir -p '/usr/share/man/ja/man5'
 /usr/bin/install -c -m 644 ../../../man/ja/man5/faillog.5 ../../../man/ja/man5/login.defs.5 ../../../man/ja/man5/shadow.5 ../../../man/ja/man5/suauth.5 ../../../man/ja/man5/limits.5 ../../../man/ja/man5/login.access.5 ../../../man/ja/man5/porttime.5 '/usr/share/man/ja/man5'
 /tools/bin/mkdir -p '/usr/share/man/ja/man8'
 /usr/bin/install -c -m 644 ../../../man/ja/man8/chpasswd.8 ../../../man/ja/man8/faillog.8 ../../../man/ja/man8/groupadd.8 ../../../man/ja/man8/groupdel.8 ../../../man/ja/man8/groupmod.8 ../../../man/ja/man8/grpck.8 ../../../man/ja/man8/grpconv.8 ../../../man/ja/man8/grpunconv.8 ../../../man/ja/man8/lastlog.8 ../../../man/ja/man8/logoutd.8 ../../../man/ja/man8/newusers.8 ../../../man/ja/man8/pwck.8 ../../../man/ja/man8/pwconv.8 ../../../man/ja/man8/pwunconv.8 ../../../man/ja/man8/useradd.8 ../../../man/ja/man8/userdel.8 ../../../man/ja/man8/usermod.8 ../../../man/ja/man8/vigr.8 ../../../man/ja/man8/vipw.8 '/usr/share/man/ja/man8'
make[3]: Leaving directory '/sources/shadow-4.5/build/man/ja'
make[2]: Leaving directory '/sources/shadow-4.5/build/man/ja'
Making install in ko
make[2]: Entering directory '/sources/shadow-4.5/build/man/ko'
make[3]: Entering directory '/sources/shadow-4.5/build/man/ko'
make[3]: Nothing to be done for 'install-exec-am'.
 /tools/bin/mkdir -p '/usr/share/man/ko/man1'
 /usr/bin/install -c -m 644 ../../../man/ko/man1/chfn.1 ../../../man/ko/man1/chsh.1 ../../../man/ko/man1/login.1 ../../../man/ko/man1/su.1 '/usr/share/man/ko/man1'
 /tools/bin/mkdir -p '/usr/share/man/ko/man5'
 /tools/bin/mkdir -p '/usr/share/man/ko/man8'
 /usr/bin/install -c -m 644 ../../../man/ko/man8/vigr.8 ../../../man/ko/man8/vipw.8 '/usr/share/man/ko/man8'
make[3]: Leaving directory '/sources/shadow-4.5/build/man/ko'
make[2]: Leaving directory '/sources/shadow-4.5/build/man/ko'
Making install in pl
make[2]: Entering directory '/sources/shadow-4.5/build/man/pl'
make[3]: Entering directory '/sources/shadow-4.5/build/man/pl'
make[3]: Nothing to be done for 'install-exec-am'.
 /tools/bin/mkdir -p '/usr/share/man/pl/man1'
 /usr/bin/install -c -m 644 ../../../man/pl/man1/chage.1 ../../../man/pl/man1/chsh.1 ../../../man/pl/man1/expiry.1 ../../../man/pl/man1/newgrp.1 ../../../man/pl/man1/sg.1 '/usr/share/man/pl/man1'
 /tools/bin/mkdir -p '/usr/share/man/pl/man3'
 /usr/bin/install -c -m 644 ../../../man/pl/man3/shadow.3 '/usr/share/man/pl/man3'
 /tools/bin/mkdir -p '/usr/share/man/pl/man5'
 /usr/bin/install -c -m 644 ../../../man/pl/man5/faillog.5 ../../../man/pl/man5/porttime.5 '/usr/share/man/pl/man5'
 /tools/bin/mkdir -p '/usr/share/man/pl/man8'
 /usr/bin/install -c -m 644 ../../../man/pl/man8/faillog.8 ../../../man/pl/man8/groupadd.8 ../../../man/pl/man8/groupdel.8 ../../../man/pl/man8/groupmems.8 ../../../man/pl/man8/groupmod.8 ../../../man/pl/man8/grpck.8 ../../../man/pl/man8/lastlog.8 ../../../man/pl/man8/logoutd.8 ../../../man/pl/man8/userdel.8 ../../../man/pl/man8/usermod.8 ../../../man/pl/man8/vigr.8 ../../../man/pl/man8/vipw.8 '/usr/share/man/pl/man8'
make[3]: Leaving directory '/sources/shadow-4.5/build/man/pl'
make[2]: Leaving directory '/sources/shadow-4.5/build/man/pl'
Making install in pt_BR
make[2]: Entering directory '/sources/shadow-4.5/build/man/pt_BR'
make[3]: Entering directory '/sources/shadow-4.5/build/man/pt_BR'
make[3]: Nothing to be done for 'install-exec-am'.
 /tools/bin/mkdir -p '/usr/share/man/pt_BR/man1'
 /usr/bin/install -c -m 644 ../../../man/pt_BR/man1/gpasswd.1 '/usr/share/man/pt_BR/man1'
 /tools/bin/mkdir -p '/usr/share/man/pt_BR/man5'
 /usr/bin/install -c -m 644 ../../../man/pt_BR/man5/shadow.5 '/usr/share/man/pt_BR/man5'
 /tools/bin/mkdir -p '/usr/share/man/pt_BR/man8'
 /usr/bin/install -c -m 644 ../../../man/pt_BR/man8/groupadd.8 ../../../man/pt_BR/man8/groupdel.8 ../../../man/pt_BR/man8/groupmod.8 '/usr/share/man/pt_BR/man8'
make[3]: Leaving directory '/sources/shadow-4.5/build/man/pt_BR'
make[2]: Leaving directory '/sources/shadow-4.5/build/man/pt_BR'
Making install in ru
make[2]: Entering directory '/sources/shadow-4.5/build/man/ru'
make[3]: Entering directory '/sources/shadow-4.5/build/man/ru'
make[3]: Nothing to be done for 'install-exec-am'.
 /tools/bin/mkdir -p '/usr/share/man/ru/man1'
 /usr/bin/install -c -m 644 ../../../man/ru/man1/chage.1 ../../../man/ru/man1/chfn.1 ../../../man/ru/man1/chsh.1 ../../../man/ru/man1/expiry.1 ../../../man/ru/man1/gpasswd.1 ../../../man/ru/man1/login.1 ../../../man/ru/man1/newgrp.1 ../../../man/ru/man1/passwd.1 ../../../man/ru/man1/sg.1 ../../../man/ru/man1/su.1 '/usr/share/man/ru/man1'
 /tools/bin/mkdir -p '/usr/share/man/ru/man3'
 /usr/bin/install -c -m 644 ../../../man/ru/man3/shadow.3 '/usr/share/man/ru/man3'
 /tools/bin/mkdir -p '/usr/share/man/ru/man5'
 /usr/bin/install -c -m 644 ../../../man/ru/man5/faillog.5 ../../../man/ru/man5/gshadow.5 ../../../man/ru/man5/login.defs.5 ../../../man/ru/man5/shadow.5 ../../../man/ru/man5/suauth.5 ../../../man/ru/man5/limits.5 ../../../man/ru/man5/login.access.5 ../../../man/ru/man5/porttime.5 '/usr/share/man/ru/man5'
 /tools/bin/mkdir -p '/usr/share/man/ru/man8'
 /usr/bin/install -c -m 644 ../../../man/ru/man8/chgpasswd.8 ../../../man/ru/man8/chpasswd.8 ../../../man/ru/man8/faillog.8 ../../../man/ru/man8/groupadd.8 ../../../man/ru/man8/groupdel.8 ../../../man/ru/man8/groupmems.8 ../../../man/ru/man8/groupmod.8 ../../../man/ru/man8/grpck.8 ../../../man/ru/man8/grpconv.8 ../../../man/ru/man8/grpunconv.8 ../../../man/ru/man8/lastlog.8 ../../../man/ru/man8/logoutd.8 ../../../man/ru/man8/newusers.8 ../../../man/ru/man8/nologin.8 ../../../man/ru/man8/pwck.8 ../../../man/ru/man8/pwconv.8 ../../../man/ru/man8/pwunconv.8 ../../../man/ru/man8/useradd.8 ../../../man/ru/man8/userdel.8 ../../../man/ru/man8/usermod.8 ../../../man/ru/man8/vigr.8 ../../../man/ru/man8/vipw.8 '/usr/share/man/ru/man8'
make[3]: Leaving directory '/sources/shadow-4.5/build/man/ru'
make[2]: Leaving directory '/sources/shadow-4.5/build/man/ru'
Making install in sv
make[2]: Entering directory '/sources/shadow-4.5/build/man/sv'
make[3]: Entering directory '/sources/shadow-4.5/build/man/sv'
make[3]: Nothing to be done for 'install-exec-am'.
 /tools/bin/mkdir -p '/usr/share/man/sv/man1'
 /usr/bin/install -c -m 644 ../../../man/sv/man1/chage.1 ../../../man/sv/man1/chsh.1 ../../../man/sv/man1/expiry.1 ../../../man/sv/man1/newgrp.1 ../../../man/sv/man1/passwd.1 ../../../man/sv/man1/sg.1 '/usr/share/man/sv/man1'
 /tools/bin/mkdir -p '/usr/share/man/sv/man3'
 /usr/bin/install -c -m 644 ../../../man/sv/man3/shadow.3 '/usr/share/man/sv/man3'
 /tools/bin/mkdir -p '/usr/share/man/sv/man5'
 /usr/bin/install -c -m 644 ../../../man/sv/man5/faillog.5 ../../../man/sv/man5/gshadow.5 ../../../man/sv/man5/suauth.5 ../../../man/sv/man5/limits.5 ../../../man/sv/man5/porttime.5 '/usr/share/man/sv/man5'
 /tools/bin/mkdir -p '/usr/share/man/sv/man8'
 /usr/bin/install -c -m 644 ../../../man/sv/man8/faillog.8 ../../../man/sv/man8/groupadd.8 ../../../man/sv/man8/groupdel.8 ../../../man/sv/man8/groupmems.8 ../../../man/sv/man8/groupmod.8 ../../../man/sv/man8/grpck.8 ../../../man/sv/man8/lastlog.8 ../../../man/sv/man8/logoutd.8 ../../../man/sv/man8/nologin.8 ../../../man/sv/man8/pwck.8 ../../../man/sv/man8/userdel.8 ../../../man/sv/man8/vigr.8 ../../../man/sv/man8/vipw.8 '/usr/share/man/sv/man8'
make[3]: Leaving directory '/sources/shadow-4.5/build/man/sv'
make[2]: Leaving directory '/sources/shadow-4.5/build/man/sv'
Making install in tr
make[2]: Entering directory '/sources/shadow-4.5/build/man/tr'
make[3]: Entering directory '/sources/shadow-4.5/build/man/tr'
make[3]: Nothing to be done for 'install-exec-am'.
 /tools/bin/mkdir -p '/usr/share/man/tr/man1'
 /usr/bin/install -c -m 644 ../../../man/tr/man1/chage.1 ../../../man/tr/man1/chfn.1 ../../../man/tr/man1/login.1 ../../../man/tr/man1/passwd.1 ../../../man/tr/man1/su.1 '/usr/share/man/tr/man1'
 /tools/bin/mkdir -p '/usr/share/man/tr/man5'
 /usr/bin/install -c -m 644 ../../../man/tr/man5/shadow.5 '/usr/share/man/tr/man5'
 /tools/bin/mkdir -p '/usr/share/man/tr/man8'
 /usr/bin/install -c -m 644 ../../../man/tr/man8/groupadd.8 ../../../man/tr/man8/groupdel.8 ../../../man/tr/man8/groupmod.8 ../../../man/tr/man8/useradd.8 ../../../man/tr/man8/userdel.8 ../../../man/tr/man8/usermod.8 '/usr/share/man/tr/man8'
make[3]: Leaving directory '/sources/shadow-4.5/build/man/tr'
make[2]: Leaving directory '/sources/shadow-4.5/build/man/tr'
Making install in zh_CN
make[2]: Entering directory '/sources/shadow-4.5/build/man/zh_CN'
make[3]: Entering directory '/sources/shadow-4.5/build/man/zh_CN'
make[3]: Nothing to be done for 'install-exec-am'.
 /tools/bin/mkdir -p '/usr/share/man/zh_CN/man1'
 /usr/bin/install -c -m 644 ../../../man/zh_CN/man1/chage.1 ../../../man/zh_CN/man1/chfn.1 ../../../man/zh_CN/man1/chsh.1 ../../../man/zh_CN/man1/expiry.1 ../../../man/zh_CN/man1/gpasswd.1 ../../../man/zh_CN/man1/login.1 ../../../man/zh_CN/man1/newgrp.1 ../../../man/zh_CN/man1/passwd.1 ../../../man/zh_CN/man1/sg.1 ../../../man/zh_CN/man1/su.1 '/usr/share/man/zh_CN/man1'
 /tools/bin/mkdir -p '/usr/share/man/zh_CN/man3'
 /usr/bin/install -c -m 644 ../../../man/zh_CN/man3/shadow.3 '/usr/share/man/zh_CN/man3'
 /tools/bin/mkdir -p '/usr/share/man/zh_CN/man5'
 /usr/bin/install -c -m 644 ../../../man/zh_CN/man5/faillog.5 ../../../man/zh_CN/man5/gshadow.5 ../../../man/zh_CN/man5/login.defs.5 ../../../man/zh_CN/man5/shadow.5 ../../../man/zh_CN/man5/suauth.5 ../../../man/zh_CN/man5/limits.5 ../../../man/zh_CN/man5/login.access.5 ../../../man/zh_CN/man5/porttime.5 '/usr/share/man/zh_CN/man5'
 /tools/bin/mkdir -p '/usr/share/man/zh_CN/man8'
 /usr/bin/install -c -m 644 ../../../man/zh_CN/man8/chgpasswd.8 ../../../man/zh_CN/man8/chpasswd.8 ../../../man/zh_CN/man8/faillog.8 ../../../man/zh_CN/man8/groupadd.8 ../../../man/zh_CN/man8/groupdel.8 ../../../man/zh_CN/man8/groupmems.8 ../../../man/zh_CN/man8/groupmod.8 ../../../man/zh_CN/man8/grpck.8 ../../../man/zh_CN/man8/grpconv.8 ../../../man/zh_CN/man8/grpunconv.8 ../../../man/zh_CN/man8/lastlog.8 ../../../man/zh_CN/man8/logoutd.8 ../../../man/zh_CN/man8/newusers.8 ../../../man/zh_CN/man8/nologin.8 ../../../man/zh_CN/man8/pwck.8 ../../../man/zh_CN/man8/pwconv.8 ../../../man/zh_CN/man8/pwunconv.8 ../../../man/zh_CN/man8/useradd.8 ../../../man/zh_CN/man8/userdel.8 ../../../man/zh_CN/man8/usermod.8 ../../../man/zh_CN/man8/vigr.8 ../../../man/zh_CN/man8/vipw.8 '/usr/share/man/zh_CN/man8'
make[3]: Leaving directory '/sources/shadow-4.5/build/man/zh_CN'
make[2]: Leaving directory '/sources/shadow-4.5/build/man/zh_CN'
Making install in zh_TW
make[2]: Entering directory '/sources/shadow-4.5/build/man/zh_TW'
make[3]: Entering directory '/sources/shadow-4.5/build/man/zh_TW'
make[3]: Nothing to be done for 'install-exec-am'.
 /tools/bin/mkdir -p '/usr/share/man/zh_TW/man1'
 /usr/bin/install -c -m 644 ../../../man/zh_TW/man1/chfn.1 ../../../man/zh_TW/man1/chsh.1 ../../../man/zh_TW/man1/newgrp.1 ../../../man/zh_TW/man1/su.1 '/usr/share/man/zh_TW/man1'
 /tools/bin/mkdir -p '/usr/share/man/zh_TW/man5'
 /tools/bin/mkdir -p '/usr/share/man/zh_TW/man8'
 /usr/bin/install -c -m 644 ../../../man/zh_TW/man8/chpasswd.8 ../../../man/zh_TW/man8/groupadd.8 ../../../man/zh_TW/man8/groupdel.8 ../../../man/zh_TW/man8/groupmod.8 ../../../man/zh_TW/man8/useradd.8 ../../../man/zh_TW/man8/userdel.8 ../../../man/zh_TW/man8/usermod.8 '/usr/share/man/zh_TW/man8'
make[3]: Leaving directory '/sources/shadow-4.5/build/man/zh_TW'
make[2]: Leaving directory '/sources/shadow-4.5/build/man/zh_TW'
make[2]: Entering directory '/sources/shadow-4.5/build/man'
make[3]: Entering directory '/sources/shadow-4.5/build/man'
make[3]: Nothing to be done for 'install-exec-am'.
 /tools/bin/mkdir -p '/usr/share/man/man1'
 /usr/bin/install -c -m 644 ../../man/man1/chage.1 ../../man/man1/chfn.1 ../../man/man1/chsh.1 ../../man/man1/expiry.1 ../../man/man1/gpasswd.1 ../../man/man1/login.1 ../../man/man1/newgrp.1 ../../man/man1/passwd.1 ../../man/man1/sg.1 ../../man/man1/su.1 ../../man/man1/newgidmap.1 ../../man/man1/newuidmap.1 '/usr/share/man/man1'
 /tools/bin/mkdir -p '/usr/share/man/man3'
 /usr/bin/install -c -m 644 ../../man/man3/shadow.3 '/usr/share/man/man3'
 /tools/bin/mkdir -p '/usr/share/man/man5'
 /usr/bin/install -c -m 644 ../../man/man5/faillog.5 ../../man/man5/gshadow.5 ../../man/man5/login.defs.5 ../../man/man5/shadow.5 ../../man/man5/suauth.5 ../../man/man5/limits.5 ../../man/man5/login.access.5 ../../man/man5/porttime.5 ../../man/man5/subgid.5 ../../man/man5/subuid.5 '/usr/share/man/man5'
 /tools/bin/mkdir -p '/usr/share/man/man8'
 /usr/bin/install -c -m 644 ../../man/man8/chgpasswd.8 ../../man/man8/chpasswd.8 ../../man/man8/faillog.8 ../../man/man8/groupadd.8 ../../man/man8/groupdel.8 ../../man/man8/groupmems.8 ../../man/man8/groupmod.8 ../../man/man8/grpck.8 ../../man/man8/grpconv.8 ../../man/man8/grpunconv.8 ../../man/man8/lastlog.8 ../../man/man8/logoutd.8 ../../man/man8/newusers.8 ../../man/man8/nologin.8 ../../man/man8/pwck.8 ../../man/man8/pwconv.8 ../../man/man8/pwunconv.8 ../../man/man8/useradd.8 ../../man/man8/userdel.8 ../../man/man8/usermod.8 ../../man/man8/vigr.8 ../../man/man8/vipw.8 '/usr/share/man/man8'
make[3]: Leaving directory '/sources/shadow-4.5/build/man'
make[2]: Leaving directory '/sources/shadow-4.5/build/man'
make[1]: Leaving directory '/sources/shadow-4.5/build/man'
Making install in libmisc
make[1]: Entering directory '/sources/shadow-4.5/build/libmisc'
make[2]: Entering directory '/sources/shadow-4.5/build/libmisc'
make[2]: Nothing to be done for 'install-exec-am'.
make[2]: Nothing to be done for 'install-data-am'.
make[2]: Leaving directory '/sources/shadow-4.5/build/libmisc'
make[1]: Leaving directory '/sources/shadow-4.5/build/libmisc'
Making install in lib
make[1]: Entering directory '/sources/shadow-4.5/build/lib'
make[2]: Entering directory '/sources/shadow-4.5/build/lib'
make[2]: Nothing to be done for 'install-exec-am'.
make[2]: Nothing to be done for 'install-data-am'.
make[2]: Leaving directory '/sources/shadow-4.5/build/lib'
make[1]: Leaving directory '/sources/shadow-4.5/build/lib'
Making install in src
make[1]: Entering directory '/sources/shadow-4.5/build/src'
make  install-exec-am install-data-am
make[2]: Entering directory '/sources/shadow-4.5/build/src'
 /tools/bin/mkdir -p '/bin'
  /bin/sh ../libtool   --mode=install /usr/bin/install -c login su '/bin'
libtool: install: /usr/bin/install -c login /bin/login
libtool: install: /usr/bin/install -c su /bin/su
 /tools/bin/mkdir -p '/sbin'
  /bin/sh ../libtool   --mode=install /usr/bin/install -c nologin '/sbin'
libtool: install: /usr/bin/install -c nologin /sbin/nologin
 /tools/bin/mkdir -p '/usr/bin'
  /bin/sh ../libtool   --mode=install /usr/bin/install -c faillog lastlog chage chfn chsh expiry gpasswd newgrp passwd newgidmap newuidmap '/usr/bin'
libtool: install: /usr/bin/install -c faillog /usr/bin/faillog
libtool: install: /usr/bin/install -c lastlog /usr/bin/lastlog
libtool: install: /usr/bin/install -c chage /usr/bin/chage
libtool: install: /usr/bin/install -c chfn /usr/bin/chfn
libtool: install: /usr/bin/install -c chsh /usr/bin/chsh
libtool: install: /usr/bin/install -c expiry /usr/bin/expiry
libtool: install: /usr/bin/install -c gpasswd /usr/bin/gpasswd
libtool: install: /usr/bin/install -c newgrp /usr/bin/newgrp
libtool: install: /usr/bin/install -c passwd /usr/bin/passwd
libtool: install: /usr/bin/install -c newgidmap /usr/bin/newgidmap
libtool: install: /usr/bin/install -c newuidmap /usr/bin/newuidmap
 /tools/bin/mkdir -p '/usr/sbin'
  /bin/sh ../libtool   --mode=install /usr/bin/install -c chgpasswd chpasswd groupadd groupdel groupmems groupmod grpck grpconv grpunconv logoutd newusers pwck pwconv pwunconv useradd userdel usermod vipw '/usr/sbin'
libtool: install: /usr/bin/install -c chgpasswd /usr/sbin/chgpasswd
libtool: install: /usr/bin/install -c chpasswd /usr/sbin/chpasswd
libtool: install: /usr/bin/install -c groupadd /usr/sbin/groupadd
libtool: install: /usr/bin/install -c groupdel /usr/sbin/groupdel
libtool: install: /usr/bin/install -c groupmems /usr/sbin/groupmems
libtool: install: /usr/bin/install -c groupmod /usr/sbin/groupmod
libtool: install: /usr/bin/install -c grpck /usr/sbin/grpck
libtool: install: /usr/bin/install -c grpconv /usr/sbin/grpconv
libtool: install: /usr/bin/install -c grpunconv /usr/sbin/grpunconv
libtool: install: /usr/bin/install -c logoutd /usr/sbin/logoutd
libtool: install: /usr/bin/install -c newusers /usr/sbin/newusers
libtool: install: /usr/bin/install -c pwck /usr/sbin/pwck
libtool: install: /usr/bin/install -c pwconv /usr/sbin/pwconv
libtool: install: /usr/bin/install -c pwunconv /usr/sbin/pwunconv
libtool: install: /usr/bin/install -c useradd /usr/sbin/useradd
libtool: install: /usr/bin/install -c userdel /usr/sbin/userdel
libtool: install: /usr/bin/install -c usermod /usr/sbin/usermod
libtool: install: /usr/bin/install -c vipw /usr/sbin/vipw
make[2]: Leaving directory '/sources/shadow-4.5/build/src'
ln -sf newgrp	/usr/bin/sg
ln -sf vipw	/usr/sbin/vigr
for i in su; do \
	chmod 4755 /bin/$i; \
done
for i in chage chfn chsh expiry gpasswd newgrp passwd  newgidmap newuidmap; do \
	chmod 4755 /usr/bin/$i; \
done
make[1]: Leaving directory '/sources/shadow-4.5/build/src'
Making install in contrib
make[1]: Entering directory '/sources/shadow-4.5/build/contrib'
make[2]: Entering directory '/sources/shadow-4.5/build/contrib'
make[2]: Nothing to be done for 'install-exec-am'.
make[2]: Nothing to be done for 'install-data-am'.
make[2]: Leaving directory '/sources/shadow-4.5/build/contrib'
make[1]: Leaving directory '/sources/shadow-4.5/build/contrib'
Making install in doc
make[1]: Entering directory '/sources/shadow-4.5/build/doc'
make[2]: Entering directory '/sources/shadow-4.5/build/doc'
make[2]: Nothing to be done for 'install-exec-am'.
make[2]: Nothing to be done for 'install-data-am'.
make[2]: Leaving directory '/sources/shadow-4.5/build/doc'
make[1]: Leaving directory '/sources/shadow-4.5/build/doc'
Making install in etc
make[1]: Entering directory '/sources/shadow-4.5/build/etc'
Making install in pam.d
make[2]: Entering directory '/sources/shadow-4.5/build/etc/pam.d'
make[3]: Entering directory '/sources/shadow-4.5/build/etc/pam.d'
make[3]: Nothing to be done for 'install-exec-am'.
make[3]: Leaving directory '/sources/shadow-4.5/build/etc/pam.d'
make[2]: Leaving directory '/sources/shadow-4.5/build/etc/pam.d'
make[2]: Entering directory '/sources/shadow-4.5/build/etc'
make[3]: Entering directory '/sources/shadow-4.5/build/etc'
 /tools/bin/mkdir -p '/etc'
 /usr/bin/install -c -m 644 ../../etc/login.defs '/etc'
 /tools/bin/mkdir -p '/etc/default'
 /usr/bin/install -c -m 644 ../../etc/useradd '/etc/default'
 /tools/bin/mkdir -p '/etc'
 /usr/bin/install -c -m 644 ../../etc/limits ../../etc/login.access '/etc'
make[3]: Leaving directory '/sources/shadow-4.5/build/etc'
make[2]: Leaving directory '/sources/shadow-4.5/build/etc'
make[1]: Leaving directory '/sources/shadow-4.5/build/etc'
make[1]: Entering directory '/sources/shadow-4.5/build'
make[2]: Entering directory '/sources/shadow-4.5/build'
make[2]: Nothing to be done for 'install-exec-am'.
make[2]: Nothing to be done for 'install-data-am'.
make[2]: Leaving directory '/sources/shadow-4.5/build'
make[1]: Leaving directory '/sources/shadow-4.5/build'
