    [CXX] base/output_file_requirements.cc
    [DEP] base/output_file_requirements.cc
    [CXX] base/application.cc
    [DEP] base/application.cc
    [CXX] base/base64.cc
    [DEP] base/base64.cc
    [CXX] base/disk_units.cc
    [DEP] base/disk_units.cc
    [CXX] base/endian_utils.cc
    [DEP] base/endian_utils.cc
    [CXX] base/error_state.cc
    [DEP] base/error_state.cc
    [CXX] base/error_string.cc
    [DEP] base/error_string.cc
    [CXX] base/grid_layout.cc
    [DEP] base/grid_layout.cc
    [CXX] base/file_utils.cc
    [DEP] base/file_utils.cc
    [CXX] base/progress_monitor.cc
    [DEP] base/progress_monitor.cc
    [CXX] base/rolling_hash.cc
    [DEP] base/rolling_hash.cc
    [CXX] base/xml_utils.cc
    [DEP] base/xml_utils.cc
    [CXX] block-cache/block_cache.cc
    [DEP] block-cache/block_cache.cc
    [CXX] block-cache/copier.cc
    [DEP] block-cache/copier.cc
    [CXX] block-cache/io_engine.cc
    [DEP] block-cache/io_engine.cc
    [CXX] block-cache/mem_pool.cc
    [DEP] block-cache/mem_pool.cc
    [CXX] caching/cache_check.cc
    [DEP] caching/cache_check.cc
    [CXX] caching/cache_dump.cc
    [DEP] caching/cache_dump.cc
    [CXX] caching/cache_metadata_size.cc
    [DEP] caching/cache_metadata_size.cc
    [CXX] caching/cache_repair.cc
    [DEP] caching/cache_repair.cc
    [CXX] caching/cache_restore.cc
    [DEP] caching/cache_restore.cc
    [CXX] caching/cache_writeback.cc
    [DEP] caching/cache_writeback.cc
    [CXX] caching/commands.cc
    [DEP] caching/commands.cc
    [CXX] caching/hint_array.cc
    [DEP] caching/hint_array.cc
    [CXX] caching/mapping_array.cc
    [DEP] caching/mapping_array.cc
    [CXX] caching/metadata.cc
    [DEP] caching/metadata.cc
    [CXX] caching/metadata_dump.cc
    [DEP] caching/metadata_dump.cc
    [CXX] caching/restore_emitter.cc
    [DEP] caching/restore_emitter.cc
    [CXX] caching/superblock.cc
    [DEP] caching/superblock.cc
    [CXX] caching/xml_format.cc
    [DEP] caching/xml_format.cc
    [CXX] era/commands.cc
    [DEP] era/commands.cc
    [CXX] era/era_array.cc
    [DEP] era/era_array.cc
    [CXX] era/era_check.cc
    [DEP] era/era_check.cc
    [CXX] era/era_detail.cc
    [DEP] era/era_detail.cc
    [CXX] era/era_dump.cc
    [DEP] era/era_dump.cc
    [CXX] era/era_invalidate.cc
    [DEP] era/era_invalidate.cc
    [CXX] era/era_restore.cc
    [DEP] era/era_restore.cc
    [CXX] era/metadata.cc
    [DEP] era/metadata.cc
    [CXX] era/metadata_dump.cc
    [DEP] era/metadata_dump.cc
    [CXX] era/restore_emitter.cc
    [DEP] era/restore_emitter.cc
    [CXX] era/superblock.cc
    [DEP] era/superblock.cc
    [CXX] era/writeset_tree.cc
    [DEP] era/writeset_tree.cc
    [CXX] era/xml_format.cc
    [DEP] era/xml_format.cc
    [CXX] main.cc
    [DEP] main.cc
    [CXX] persistent-data/checksum.cc
    [DEP] persistent-data/checksum.cc
    [CXX] persistent-data/data-structures/bitset.cc
    [DEP] persistent-data/data-structures/bitset.cc
    [CXX] persistent-data/data-structures/bloom_filter.cc
    [DEP] persistent-data/data-structures/bloom_filter.cc
    [CXX] persistent-data/data-structures/btree.cc
    [DEP] persistent-data/data-structures/btree.cc
    [CXX] persistent-data/data-structures/btree_node_checker.cc
    [DEP] persistent-data/data-structures/btree_node_checker.cc
    [CXX] persistent-data/error_set.cc
    [DEP] persistent-data/error_set.cc
    [CXX] persistent-data/file_utils.cc
    [DEP] persistent-data/file_utils.cc
    [CXX] persistent-data/hex_dump.cc
    [DEP] persistent-data/hex_dump.cc
    [CXX] persistent-data/space-maps/careful_alloc.cc
    [DEP] persistent-data/space-maps/careful_alloc.cc
    [CXX] persistent-data/space-maps/disk.cc
    [DEP] persistent-data/space-maps/disk.cc
    [CXX] persistent-data/space-maps/recursive.cc
    [DEP] persistent-data/space-maps/recursive.cc
    [CXX] persistent-data/space_map.cc
    [DEP] persistent-data/space_map.cc
    [CXX] persistent-data/transaction_manager.cc
    [DEP] persistent-data/transaction_manager.cc
    [CXX] persistent-data/validators.cc
    [DEP] persistent-data/validators.cc
    [CXX] thin-provisioning/commands.cc
    [DEP] thin-provisioning/commands.cc
    [CXX] thin-provisioning/cache_stream.cc
    [DEP] thin-provisioning/cache_stream.cc
    [CXX] thin-provisioning/chunk_stream.cc
    [DEP] thin-provisioning/chunk_stream.cc
    [CXX] thin-provisioning/device_tree.cc
    [DEP] thin-provisioning/device_tree.cc
    [CXX] thin-provisioning/fixed_chunk_stream.cc
    [DEP] thin-provisioning/fixed_chunk_stream.cc
    [CXX] thin-provisioning/human_readable_format.cc
    [DEP] thin-provisioning/human_readable_format.cc
    [CXX] thin-provisioning/mapping_tree.cc
    [DEP] thin-provisioning/mapping_tree.cc
    [CXX] thin-provisioning/metadata.cc
    [DEP] thin-provisioning/metadata.cc
    [CXX] thin-provisioning/metadata_checker.cc
    [DEP] thin-provisioning/metadata_checker.cc
    [CXX] thin-provisioning/metadata_counter.cc
    [DEP] thin-provisioning/metadata_counter.cc
    [CXX] thin-provisioning/metadata_dumper.cc
    [DEP] thin-provisioning/metadata_dumper.cc
    [CXX] thin-provisioning/pool_stream.cc
    [DEP] thin-provisioning/pool_stream.cc
    [CXX] thin-provisioning/restore_emitter.cc
    [DEP] thin-provisioning/restore_emitter.cc
    [CXX] thin-provisioning/rmap_visitor.cc
    [DEP] thin-provisioning/rmap_visitor.cc
    [CXX] thin-provisioning/superblock.cc
    [DEP] thin-provisioning/superblock.cc
    [CXX] thin-provisioning/thin_check.cc
In file included from ./persistent-data/data-structures/btree.h:420:0,
                 from ./persistent-data/data-structures/btree_counter.h:4,
                 from thin-provisioning/thin_check.cc:32:
./persistent-data/data-structures/btree.tcc: In member function ‘virtual int thin_provisioning::thin_check_cmd::run(int, char**)’:
./persistent-data/data-structures/btree.tcc:435:45: warning: ‘*((void*)(& fs)+8).boost::optional_detail::tc_optional_base<long unsigned int>::m_storage’ may be used uninitialized in this function [-Wmaybe-uninitialized]
     validator_(create_btree_node_validator())
                                             ^
thin-provisioning/thin_check.cc:335:8: note: ‘*((void*)(& fs)+8).boost::optional_detail::tc_optional_base<long unsigned int>::m_storage’ was declared here
  flags fs;
        ^~
    [DEP] thin-provisioning/thin_check.cc
    [CXX] thin-provisioning/thin_delta.cc
    [DEP] thin-provisioning/thin_delta.cc
    [CXX] thin-provisioning/thin_dump.cc
    [DEP] thin-provisioning/thin_dump.cc
    [CXX] thin-provisioning/thin_ls.cc
    [DEP] thin-provisioning/thin_ls.cc
    [CXX] thin-provisioning/thin_metadata_size.cc
    [DEP] thin-provisioning/thin_metadata_size.cc
    [CXX] thin-provisioning/thin_pool.cc
    [DEP] thin-provisioning/thin_pool.cc
    [CXX] thin-provisioning/thin_repair.cc
    [DEP] thin-provisioning/thin_repair.cc
    [CXX] thin-provisioning/thin_restore.cc
    [DEP] thin-provisioning/thin_restore.cc
    [CXX] thin-provisioning/thin_rmap.cc
    [DEP] thin-provisioning/thin_rmap.cc
    [CXX] thin-provisioning/thin_trim.cc
    [DEP] thin-provisioning/thin_trim.cc
    [CXX] thin-provisioning/xml_format.cc
    [DEP] thin-provisioning/xml_format.cc
    [CXX] thin-provisioning/shared_library_emitter.cc
    [DEP] thin-provisioning/shared_library_emitter.cc
    [LD]  bin/pdata_tools
gcc -g -Wall -O3 -fPIC    -c -o ft-lib/bcache.o ft-lib/bcache.c
gcc -g -Wall -O3 -fPIC    -c -o ft-lib/crc32c.o ft-lib/crc32c.c
gcc -g -Wall -O3 -fPIC    -c -o ft-lib/dm-ioctl.o ft-lib/dm-ioctl.c
gcc -shared -o lib/libft.so ft-lib/bcache.o ft-lib/crc32c.o ft-lib/dm-ioctl.o -laio
