This file contains any messages produced by compilers while
running configure, to aid debugging if configure makes a mistake.

It was created by configure, which was
generated by GNU Autoconf 2.69.  Invocation command line was

  $ ./configure --prefix=/usr --enable-testing

## --------- ##
## Platform. ##
## --------- ##

hostname = localhost.localdomain
uname -m = x86_64
uname -r = 3.10.0-693.11.1.el7.x86_64
uname -s = Linux
uname -v = #1 SMP Mon Dec 4 23:52:40 UTC 2017

/usr/bin/uname -p = unknown
/bin/uname -X     = unknown

/bin/arch              = x86_64
/usr/bin/arch -k       = unknown
/usr/convex/getsysinfo = unknown
/usr/bin/hostinfo      = unknown
/bin/machine           = unknown
/usr/bin/oslevel       = unknown
/bin/universe          = unknown

PATH: /bin
PATH: /usr/bin
PATH: /sbin
PATH: /usr/sbin


## ----------- ##
## Core tests. ##
## ----------- ##

configure:2271: checking build system type
configure:2285: result: x86_64-unknown-linux-gnu
configure:2305: checking host system type
configure:2318: result: x86_64-unknown-linux-gnu
configure:2338: checking target system type
configure:2351: result: x86_64-unknown-linux-gnu
configure:2435: checking for g++
configure:2451: found /usr/bin/g++
configure:2462: result: g++
configure:2489: checking for C++ compiler version
configure:2498: g++ --version >&5
g++ (GCC) 7.2.0
Copyright (C) 2017 Free Software Foundation, Inc.
This is free software; see the source for copying conditions.  There is NO
warranty; not even for MERCHANTABILITY or FITNESS FOR A PARTICULAR PURPOSE.

configure:2509: $? = 0
configure:2498: g++ -v >&5
Using built-in specs.
COLLECT_GCC=g++
COLLECT_LTO_WRAPPER=/usr/libexec/gcc/x86_64-pc-linux-gnu/7.2.0/lto-wrapper
Target: x86_64-pc-linux-gnu
Configured with: ../configure --prefix=/usr --enable-languages=c,c++ --disable-multilib --disable-bootstrap --with-system-zlib
Thread model: posix
gcc version 7.2.0 (GCC) 
configure:2509: $? = 0
configure:2498: g++ -V >&5
g++: error: unrecognized command line option '-V'
g++: fatal error: no input files
compilation terminated.
configure:2509: $? = 1
configure:2498: g++ -qversion >&5
g++: error: unrecognized command line option '-qversion'; did you mean '--version'?
g++: fatal error: no input files
compilation terminated.
configure:2509: $? = 1
configure:2529: checking whether the C++ compiler works
configure:2551: g++    conftest.cpp  >&5
configure:2555: $? = 0
configure:2603: result: yes
configure:2606: checking for C++ compiler default output file name
configure:2608: result: a.out
configure:2614: checking for suffix of executables
configure:2621: g++ -o conftest    conftest.cpp  >&5
configure:2625: $? = 0
configure:2647: result: 
configure:2669: checking whether we are cross compiling
configure:2677: g++ -o conftest    conftest.cpp  >&5
configure:2681: $? = 0
configure:2688: ./conftest
configure:2692: $? = 0
configure:2707: result: no
configure:2712: checking for suffix of object files
configure:2734: g++ -c   conftest.cpp >&5
configure:2738: $? = 0
configure:2759: result: o
configure:2763: checking whether we are using the GNU C++ compiler
configure:2782: g++ -c   conftest.cpp >&5
configure:2782: $? = 0
configure:2791: result: yes
configure:2800: checking whether g++ accepts -g
configure:2820: g++ -c -g  conftest.cpp >&5
configure:2820: $? = 0
configure:2861: result: yes
configure:2938: checking for gcc
configure:2954: found /usr/bin/gcc
configure:2965: result: gcc
configure:2996: checking for C compiler version
configure:3005: gcc --version >&5
gcc (GCC) 7.2.0
Copyright (C) 2017 Free Software Foundation, Inc.
This is free software; see the source for copying conditions.  There is NO
warranty; not even for MERCHANTABILITY or FITNESS FOR A PARTICULAR PURPOSE.

configure:3016: $? = 0
configure:3005: gcc -v >&5
Using built-in specs.
COLLECT_GCC=gcc
COLLECT_LTO_WRAPPER=/usr/libexec/gcc/x86_64-pc-linux-gnu/7.2.0/lto-wrapper
Target: x86_64-pc-linux-gnu
Configured with: ../configure --prefix=/usr --enable-languages=c,c++ --disable-multilib --disable-bootstrap --with-system-zlib
Thread model: posix
gcc version 7.2.0 (GCC) 
configure:3016: $? = 0
configure:3005: gcc -V >&5
gcc: error: unrecognized command line option '-V'
gcc: fatal error: no input files
compilation terminated.
configure:3016: $? = 1
configure:3005: gcc -qversion >&5
gcc: error: unrecognized command line option '-qversion'; did you mean '--version'?
gcc: fatal error: no input files
compilation terminated.
configure:3016: $? = 1
configure:3020: checking whether we are using the GNU C compiler
configure:3039: gcc -c   conftest.c >&5
configure:3039: $? = 0
configure:3048: result: yes
configure:3057: checking whether gcc accepts -g
configure:3077: gcc -c -g  conftest.c >&5
configure:3077: $? = 0
configure:3118: result: yes
configure:3135: checking for gcc option to accept ISO C89
configure:3198: gcc  -c -g -O2  conftest.c >&5
configure:3198: $? = 0
configure:3211: result: none needed
configure:3239: checking for a sed that does not truncate output
configure:3303: result: /bin/sed
configure:3312: checking for gawk
configure:3328: found /usr/bin/gawk
configure:3339: result: gawk
configure:3350: checking whether ln -s works
configure:3354: result: yes
configure:3361: checking whether make sets $(MAKE)
configure:3383: result: yes
configure:3392: checking for a thread-safe mkdir -p
configure:3431: result: /bin/mkdir -p
configure:3448: checking for a BSD-compatible install
configure:3516: result: /usr/bin/install -c
configure:3571: checking for strip
configure:3587: found /usr/bin/strip
configure:3598: result: strip
configure:3631: checking for special C compiler options needed for large files
configure:3676: result: no
configure:3682: checking for _FILE_OFFSET_BITS value needed for large files
configure:3707: g++ -c -g -O2  conftest.cpp >&5
configure:3707: $? = 0
configure:3739: result: no
configure:3837: checking how to run the C++ preprocessor
configure:3864: g++ -E  conftest.cpp
configure:3864: $? = 0
configure:3878: g++ -E  conftest.cpp
conftest.cpp:9:10: fatal error: ac_nonexistent.h: No such file or directory
 #include <ac_nonexistent.h>
          ^~~~~~~~~~~~~~~~~~
compilation terminated.
configure:3878: $? = 1
configure: failed program was:
| /* confdefs.h */
| #define PACKAGE_NAME ""
| #define PACKAGE_TARNAME ""
| #define PACKAGE_VERSION ""
| #define PACKAGE_STRING ""
| #define PACKAGE_BUGREPORT ""
| #define PACKAGE_URL ""
| /* end confdefs.h.  */
| #include <ac_nonexistent.h>
configure:3903: result: g++ -E
configure:3923: g++ -E  conftest.cpp
configure:3923: $? = 0
configure:3937: g++ -E  conftest.cpp
conftest.cpp:9:10: fatal error: ac_nonexistent.h: No such file or directory
 #include <ac_nonexistent.h>
          ^~~~~~~~~~~~~~~~~~
compilation terminated.
configure:3937: $? = 1
configure: failed program was:
| /* confdefs.h */
| #define PACKAGE_NAME ""
| #define PACKAGE_TARNAME ""
| #define PACKAGE_VERSION ""
| #define PACKAGE_STRING ""
| #define PACKAGE_BUGREPORT ""
| #define PACKAGE_URL ""
| /* end confdefs.h.  */
| #include <ac_nonexistent.h>
configure:3966: checking for grep that handles long lines and -e
configure:4024: result: /usr/bin/grep
configure:4029: checking for egrep
configure:4091: result: /usr/bin/grep -E
configure:4096: checking for ANSI C header files
configure:4116: g++ -c -g -O2  conftest.cpp >&5
configure:4116: $? = 0
configure:4189: g++ -o conftest -g -O2   conftest.cpp  >&5
configure:4189: $? = 0
configure:4189: ./conftest
configure:4189: $? = 0
configure:4200: result: yes
configure:4213: checking for sys/types.h
configure:4213: g++ -c -g -O2  conftest.cpp >&5
configure:4213: $? = 0
configure:4213: result: yes
configure:4213: checking for sys/stat.h
configure:4213: g++ -c -g -O2  conftest.cpp >&5
configure:4213: $? = 0
configure:4213: result: yes
configure:4213: checking for stdlib.h
configure:4213: g++ -c -g -O2  conftest.cpp >&5
configure:4213: $? = 0
configure:4213: result: yes
configure:4213: checking for string.h
configure:4213: g++ -c -g -O2  conftest.cpp >&5
configure:4213: $? = 0
configure:4213: result: yes
configure:4213: checking for memory.h
configure:4213: g++ -c -g -O2  conftest.cpp >&5
configure:4213: $? = 0
configure:4213: result: yes
configure:4213: checking for strings.h
configure:4213: g++ -c -g -O2  conftest.cpp >&5
configure:4213: $? = 0
configure:4213: result: yes
configure:4213: checking for inttypes.h
configure:4213: g++ -c -g -O2  conftest.cpp >&5
configure:4213: $? = 0
configure:4213: result: yes
configure:4213: checking for stdint.h
configure:4213: g++ -c -g -O2  conftest.cpp >&5
configure:4213: $? = 0
configure:4213: result: yes
configure:4213: checking for unistd.h
configure:4213: g++ -c -g -O2  conftest.cpp >&5
configure:4213: $? = 0
configure:4213: result: yes
configure:4225: checking whether strerror_r is declared
configure:4225: g++ -c -g -O2  conftest.cpp >&5
configure:4225: $? = 0
configure:4225: result: yes
configure:4238: checking for strerror_r
configure:4238: g++ -o conftest -g -O2   conftest.cpp  >&5
configure:4238: $? = 0
configure:4238: result: yes
configure:4247: checking whether strerror_r returns char *
configure:4271: g++ -c -g -O2  conftest.cpp >&5
configure:4271: $? = 0
configure:4309: result: yes
configure:4336: checking expat.h usability
configure:4336: g++ -c -g -O2  conftest.cpp >&5
configure:4336: $? = 0
configure:4336: result: yes
configure:4336: checking expat.h presence
configure:4336: g++ -E  conftest.cpp
configure:4336: $? = 0
configure:4336: result: yes
configure:4336: checking for expat.h
configure:4336: result: yes
configure:4336: checking iostream usability
configure:4336: g++ -c -g -O2  conftest.cpp >&5
configure:4336: $? = 0
configure:4336: result: yes
configure:4336: checking iostream presence
configure:4336: g++ -E  conftest.cpp
configure:4336: $? = 0
configure:4336: result: yes
configure:4336: checking for iostream
configure:4336: result: yes
configure:4336: checking libaio.h usability
configure:4336: g++ -c -g -O2  conftest.cpp >&5
configure:4336: $? = 0
configure:4336: result: yes
configure:4336: checking libaio.h presence
configure:4336: g++ -E  conftest.cpp
configure:4336: $? = 0
configure:4336: result: yes
configure:4336: checking for libaio.h
configure:4336: result: yes
configure:4336: checking boost/bind.hpp usability
configure:4336: g++ -c -g -O2  conftest.cpp >&5
configure:4336: $? = 0
configure:4336: result: yes
configure:4336: checking boost/bind.hpp presence
configure:4336: g++ -E  conftest.cpp
configure:4336: $? = 0
configure:4336: result: yes
configure:4336: checking for boost/bind.hpp
configure:4336: result: yes
configure:4336: checking boost/crc.hpp usability
configure:4336: g++ -c -g -O2  conftest.cpp >&5
configure:4336: $? = 0
configure:4336: result: yes
configure:4336: checking boost/crc.hpp presence
configure:4336: g++ -E  conftest.cpp
configure:4336: $? = 0
configure:4336: result: yes
configure:4336: checking for boost/crc.hpp
configure:4336: result: yes
configure:4336: checking boost/lexical_cast.hpp usability
configure:4336: g++ -c -g -O2  conftest.cpp >&5
configure:4336: $? = 0
configure:4336: result: yes
configure:4336: checking boost/lexical_cast.hpp presence
configure:4336: g++ -E  conftest.cpp
configure:4336: $? = 0
configure:4336: result: yes
configure:4336: checking for boost/lexical_cast.hpp
configure:4336: result: yes
configure:4336: checking boost/noncopyable.hpp usability
configure:4336: g++ -c -g -O2  conftest.cpp >&5
configure:4336: $? = 0
configure:4336: result: yes
configure:4336: checking boost/noncopyable.hpp presence
configure:4336: g++ -E  conftest.cpp
configure:4336: $? = 0
configure:4336: result: yes
configure:4336: checking for boost/noncopyable.hpp
configure:4336: result: yes
configure:4336: checking boost/optional.hpp usability
configure:4336: g++ -c -g -O2  conftest.cpp >&5
configure:4336: $? = 0
configure:4336: result: yes
configure:4336: checking boost/optional.hpp presence
configure:4336: g++ -E  conftest.cpp
configure:4336: $? = 0
configure:4336: result: yes
configure:4336: checking for boost/optional.hpp
configure:4336: result: yes
configure:4336: checking boost/shared_ptr.hpp usability
configure:4336: g++ -c -g -O2  conftest.cpp >&5
configure:4336: $? = 0
configure:4336: result: yes
configure:4336: checking boost/shared_ptr.hpp presence
configure:4336: g++ -E  conftest.cpp
configure:4336: $? = 0
configure:4336: result: yes
configure:4336: checking for boost/shared_ptr.hpp
configure:4336: result: yes
configure:4336: checking boost/static_assert.hpp usability
configure:4336: g++ -c -g -O2  conftest.cpp >&5
configure:4336: $? = 0
configure:4336: result: yes
configure:4336: checking boost/static_assert.hpp presence
configure:4336: g++ -E  conftest.cpp
configure:4336: $? = 0
configure:4336: result: yes
configure:4336: checking for boost/static_assert.hpp
configure:4336: result: yes
configure:4350: checking file owner
configure:4358: result: 
configure:4366: checking group owner
configure:4374: result: 
configure:4382: checking whether to enable debugging
configure:4391: result: no
configure:4399: checking for C++ optimisation flag
configure:4408: result: -O8
configure:4416: checking whether to enable unit testing
configure:4425: result: yes
configure:4429: checking whether to enable development tools
configure:4438: result: no
configure:4442: checking whether to statically link libstdc++
configure:4451: result: no
configure:4455: checking whether to statically link
configure:4464: result: no
configure:4470: checking getopt.h usability
configure:4470: g++ -c -g -O2  conftest.cpp >&5
configure:4470: $? = 0
configure:4470: result: yes
configure:4470: checking getopt.h presence
configure:4470: g++ -E  conftest.cpp
configure:4470: $? = 0
configure:4470: result: yes
configure:4470: checking for getopt.h
configure:4470: result: yes
configure:4663: creating ./config.status

## ---------------------- ##
## Running config.status. ##
## ---------------------- ##

This file was extended by config.status, which was
generated by GNU Autoconf 2.69.  Invocation command line was

  CONFIG_FILES    = 
  CONFIG_HEADERS  = 
  CONFIG_LINKS    = 
  CONFIG_COMMANDS = 
  $ ./config.status 

on localhost.localdomain

config.status:766: creating Makefile
config.status:766: creating contrib/Makefile
config.status:766: creating unit-tests/Makefile
config.status:766: creating version.h

## ---------------- ##
## Cache variables. ##
## ---------------- ##

ac_cv_build=x86_64-unknown-linux-gnu
ac_cv_c_compiler_gnu=yes
ac_cv_cxx_compiler_gnu=yes
ac_cv_env_CCC_set=
ac_cv_env_CCC_value=
ac_cv_env_CC_set=
ac_cv_env_CC_value=
ac_cv_env_CFLAGS_set=
ac_cv_env_CFLAGS_value=
ac_cv_env_CPPFLAGS_set=
ac_cv_env_CPPFLAGS_value=
ac_cv_env_CXXCPP_set=
ac_cv_env_CXXCPP_value=
ac_cv_env_CXXFLAGS_set=
ac_cv_env_CXXFLAGS_value=
ac_cv_env_CXX_set=
ac_cv_env_CXX_value=
ac_cv_env_LDFLAGS_set=
ac_cv_env_LDFLAGS_value=
ac_cv_env_LIBS_set=
ac_cv_env_LIBS_value=
ac_cv_env_STRIP_set=
ac_cv_env_STRIP_value=
ac_cv_env_build_alias_set=
ac_cv_env_build_alias_value=
ac_cv_env_host_alias_set=
ac_cv_env_host_alias_value=
ac_cv_env_target_alias_set=
ac_cv_env_target_alias_value=
ac_cv_func_strerror_r=yes
ac_cv_func_strerror_r_char_p=yes
ac_cv_have_decl_strerror_r=yes
ac_cv_header_boost_bind_hpp=yes
ac_cv_header_boost_crc_hpp=yes
ac_cv_header_boost_lexical_cast_hpp=yes
ac_cv_header_boost_noncopyable_hpp=yes
ac_cv_header_boost_optional_hpp=yes
ac_cv_header_boost_shared_ptr_hpp=yes
ac_cv_header_boost_static_assert_hpp=yes
ac_cv_header_expat_h=yes
ac_cv_header_getopt_h=yes
ac_cv_header_inttypes_h=yes
ac_cv_header_iostream=yes
ac_cv_header_libaio_h=yes
ac_cv_header_memory_h=yes
ac_cv_header_stdc=yes
ac_cv_header_stdint_h=yes
ac_cv_header_stdlib_h=yes
ac_cv_header_string_h=yes
ac_cv_header_strings_h=yes
ac_cv_header_sys_stat_h=yes
ac_cv_header_sys_types_h=yes
ac_cv_header_unistd_h=yes
ac_cv_host=x86_64-unknown-linux-gnu
ac_cv_objext=o
ac_cv_path_EGREP='/usr/bin/grep -E'
ac_cv_path_GREP=/usr/bin/grep
ac_cv_path_SED=/bin/sed
ac_cv_path_install='/usr/bin/install -c'
ac_cv_path_mkdir=/bin/mkdir
ac_cv_prog_AWK=gawk
ac_cv_prog_CXXCPP='g++ -E'
ac_cv_prog_ac_ct_CC=gcc
ac_cv_prog_ac_ct_CXX=g++
ac_cv_prog_ac_ct_STRIP=strip
ac_cv_prog_cc_c89=
ac_cv_prog_cc_g=yes
ac_cv_prog_cxx_g=yes
ac_cv_prog_make_make_set=yes
ac_cv_sys_file_offset_bits=no
ac_cv_sys_largefile_CC=no
ac_cv_target=x86_64-unknown-linux-gnu

## ----------------- ##
## Output variables. ##
## ----------------- ##

AWK='gawk'
CC='gcc'
CFLAGS='-g -O2'
CPPFLAGS=''
CXX='g++'
CXXCPP='g++ -E'
CXXDEBUG_FLAG=''
CXXFLAGS='-g -O2'
CXXOPTIMISE_FLAG='-O8'
CXX_STRERROR_FLAG='-DSTRERROR_R_CHAR_P'
DEFS='-DPACKAGE_NAME=\"\" -DPACKAGE_TARNAME=\"\" -DPACKAGE_VERSION=\"\" -DPACKAGE_STRING=\"\" -DPACKAGE_BUGREPORT=\"\" -DPACKAGE_URL=\"\" -DSTDC_HEADERS=1 -DHAVE_SYS_TYPES_H=1 -DHAVE_SYS_STAT_H=1 -DHAVE_STDLIB_H=1 -DHAVE_STRING_H=1 -DHAVE_MEMORY_H=1 -DHAVE_STRINGS_H=1 -DHAVE_INTTYPES_H=1 -DHAVE_STDINT_H=1 -DHAVE_UNISTD_H=1 -DHAVE_DECL_STRERROR_R=1 -DHAVE_STRERROR_R=1 -DSTRERROR_R_CHAR_P=1 -DHAVE_EXPAT_H=1 -DHAVE_IOSTREAM=1 -DHAVE_LIBAIO_H=1 -DHAVE_BOOST_BIND_HPP=1 -DHAVE_BOOST_CRC_HPP=1 -DHAVE_BOOST_LEXICAL_CAST_HPP=1 -DHAVE_BOOST_NONCOPYABLE_HPP=1 -DHAVE_BOOST_OPTIONAL_HPP=1 -DHAVE_BOOST_SHARED_PTR_HPP=1 -DHAVE_BOOST_STATIC_ASSERT_HPP=1 -DHAVE_GETOPT_H=1 -DHAVE_GETOPTLONG=1'
DEVTOOLS='no'
ECHO_C=''
ECHO_N='-n'
ECHO_T=''
EGREP='/usr/bin/grep -E'
EXEEXT=''
GREP='/usr/bin/grep'
INSTALL='/usr/bin/install -c'
INSTALL_DATA='${INSTALL} -m 644'
INSTALL_PROGRAM='${INSTALL}'
INSTALL_SCRIPT='${INSTALL}'
LDFLAGS=''
LFS_FLAGS=''
LIBOBJS=''
LIBS=''
LN_S='ln -s'
LTLIBOBJS=''
MKDIR_P='/bin/mkdir -p'
OBJEXT='o'
PACKAGE_BUGREPORT=''
PACKAGE_NAME=''
PACKAGE_STRING=''
PACKAGE_TARNAME=''
PACKAGE_URL=''
PACKAGE_VERSION=''
PATH_SEPARATOR=':'
RELEASE_DATE='"0.7.5"'
SED='/bin/sed'
SET_MAKE=''
SHELL='/bin/sh'
STATIC='no'
STATIC_CXX='no'
STRIP='strip'
TESTING='yes'
THIN_PROVISIONING_TOOLS_VERSION='"0.7.5"'
ac_ct_CC='gcc'
ac_ct_CXX='g++'
bindir='${exec_prefix}/bin'
build='x86_64-unknown-linux-gnu'
build_alias=''
build_cpu='x86_64'
build_os='linux-gnu'
build_vendor='unknown'
datadir='${datarootdir}'
datarootdir='${prefix}/share'
docdir='${datarootdir}/doc/${PACKAGE}'
dvidir='${docdir}'
exec_prefix='${prefix}'
host='x86_64-unknown-linux-gnu'
host_alias=''
host_cpu='x86_64'
host_os='linux-gnu'
host_vendor='unknown'
htmldir='${docdir}'
includedir='${prefix}/include'
infodir='${datarootdir}/info'
libdir='${exec_prefix}/lib'
libexecdir='${exec_prefix}/libexec'
localedir='${datarootdir}/locale'
localstatedir='${prefix}/var'
mandir='${datarootdir}/man'
oldincludedir='/usr/include'
pdfdir='${docdir}'
prefix='/usr'
program_transform_name='s,x,x,'
psdir='${docdir}'
sbindir='${exec_prefix}/sbin'
sharedstatedir='${prefix}/com'
sysconfdir='${prefix}/etc'
target='x86_64-unknown-linux-gnu'
target_alias=''
target_cpu='x86_64'
target_os='linux-gnu'
target_vendor='unknown'

## ----------- ##
## confdefs.h. ##
## ----------- ##

/* confdefs.h */
#define PACKAGE_NAME ""
#define PACKAGE_TARNAME ""
#define PACKAGE_VERSION ""
#define PACKAGE_STRING ""
#define PACKAGE_BUGREPORT ""
#define PACKAGE_URL ""
#define STDC_HEADERS 1
#define HAVE_SYS_TYPES_H 1
#define HAVE_SYS_STAT_H 1
#define HAVE_STDLIB_H 1
#define HAVE_STRING_H 1
#define HAVE_MEMORY_H 1
#define HAVE_STRINGS_H 1
#define HAVE_INTTYPES_H 1
#define HAVE_STDINT_H 1
#define HAVE_UNISTD_H 1
#define HAVE_DECL_STRERROR_R 1
#define HAVE_STRERROR_R 1
#define STRERROR_R_CHAR_P 1
#define HAVE_EXPAT_H 1
#define HAVE_IOSTREAM 1
#define HAVE_LIBAIO_H 1
#define HAVE_BOOST_BIND_HPP 1
#define HAVE_BOOST_CRC_HPP 1
#define HAVE_BOOST_LEXICAL_CAST_HPP 1
#define HAVE_BOOST_NONCOPYABLE_HPP 1
#define HAVE_BOOST_OPTIONAL_HPP 1
#define HAVE_BOOST_SHARED_PTR_HPP 1
#define HAVE_BOOST_STATIC_ASSERT_HPP 1
#define HAVE_GETOPT_H 1
#define HAVE_GETOPTLONG 1

configure: exit 0
