checking build system type... x86_64-unknown-linux-gnu
checking host system type... x86_64-unknown-linux-gnu
checking target system type... x86_64-unknown-linux-gnu
checking for g++... g++
checking whether the C++ compiler works... yes
checking for C++ compiler default output file name... a.out
checking for suffix of executables... 
checking whether we are cross compiling... no
checking for suffix of object files... o
checking whether we are using the GNU C++ compiler... yes
checking whether g++ accepts -g... yes
checking for gcc... gcc
checking whether we are using the GNU C compiler... yes
checking whether gcc accepts -g... yes
checking for gcc option to accept ISO C89... none needed
checking for a sed that does not truncate output... /bin/sed
checking for gawk... gawk
checking whether ln -s works... yes
checking whether make sets $(MAKE)... yes
checking for a thread-safe mkdir -p... /bin/mkdir -p
checking for a BSD-compatible install... /usr/bin/install -c
checking for strip... strip
checking for special C compiler options needed for large files... no
checking for _FILE_OFFSET_BITS value needed for large files... no
checking how to run the C++ preprocessor... g++ -E
checking for grep that handles long lines and -e... /usr/bin/grep
checking for egrep... /usr/bin/grep -E
checking for ANSI C header files... yes
checking for sys/types.h... yes
checking for sys/stat.h... yes
checking for stdlib.h... yes
checking for string.h... yes
checking for memory.h... yes
checking for strings.h... yes
checking for inttypes.h... yes
checking for stdint.h... yes
checking for unistd.h... yes
checking whether strerror_r is declared... yes
checking for strerror_r... yes
checking whether strerror_r returns char *... yes
checking expat.h usability... yes
checking expat.h presence... yes
checking for expat.h... yes
checking iostream usability... yes
checking iostream presence... yes
checking for iostream... yes
checking libaio.h usability... yes
checking libaio.h presence... yes
checking for libaio.h... yes
checking boost/bind.hpp usability... yes
checking boost/bind.hpp presence... yes
checking for boost/bind.hpp... yes
checking boost/crc.hpp usability... yes
checking boost/crc.hpp presence... yes
checking for boost/crc.hpp... yes
checking boost/lexical_cast.hpp usability... yes
checking boost/lexical_cast.hpp presence... yes
checking for boost/lexical_cast.hpp... yes
checking boost/noncopyable.hpp usability... yes
checking boost/noncopyable.hpp presence... yes
checking for boost/noncopyable.hpp... yes
checking boost/optional.hpp usability... yes
checking boost/optional.hpp presence... yes
checking for boost/optional.hpp... yes
checking boost/shared_ptr.hpp usability... yes
checking boost/shared_ptr.hpp presence... yes
checking for boost/shared_ptr.hpp... yes
checking boost/static_assert.hpp usability... yes
checking boost/static_assert.hpp presence... yes
checking for boost/static_assert.hpp... yes
checking file owner... 
checking group owner... 
checking whether to enable debugging... no
checking for C++ optimisation flag... -O8
checking whether to enable unit testing... yes
checking whether to enable development tools... no
checking whether to statically link libstdc++... no
checking whether to statically link... no
checking getopt.h usability... yes
checking getopt.h presence... yes
checking for getopt.h... yes
configure: creating ./config.status
config.status: creating Makefile
config.status: creating contrib/Makefile
config.status: creating unit-tests/Makefile
config.status: creating version.h
