checking for gcc... gcc
checking whether the C compiler works... yes
checking for C compiler default output file name... a.out
checking for suffix of executables... 
checking whether we are cross compiling... no
checking for suffix of object files... o
checking whether we are using the GNU C compiler... yes
checking whether gcc accepts -g... yes
checking for gcc option to accept ISO C89... none needed
checking whether gcc understands -c and -o together... yes
checking how to run the C preprocessor... gcc -E
checking for grep that handles long lines and -e... /usr/bin/grep
checking for egrep... /usr/bin/grep -E
checking for ANSI C header files... yes
checking for sys/types.h... yes
checking for sys/stat.h... yes
checking for stdlib.h... yes
checking for string.h... yes
checking for memory.h... yes
checking for strings.h... yes
checking for inttypes.h... yes
checking for stdint.h... yes
checking for unistd.h... yes
checking minix/config.h usability... no
checking minix/config.h presence... no
checking for minix/config.h... no
checking whether it is safe to define __EXTENSIONS__... yes
checking for a BSD-compatible install... /usr/bin/install -c
checking whether build environment is sane... yes
checking for a thread-safe mkdir -p... /bin/mkdir -p
checking for gawk... gawk
checking whether make sets $(MAKE)... yes
checking for style of include used by make... GNU
checking whether make supports nested variables... yes
checking how to create a pax tar archive... gnutar
checking dependency style of gcc... gcc3
checking whether make supports nested variables... (cached) yes
configure: Default --exec-prefix detected.
configure:   --bindir defaults to /bin
configure:   --sbindir defaults to /sbin
configure:   --libdir defaults to /lib
checking for gcc option to accept ISO C99... none needed
checking for gcc option to accept ISO Standard C... (cached) none needed
checking for bison... bison -y
checking build system type... x86_64-pc-linux-gnu
checking host system type... x86_64-pc-linux-gnu
checking for an ANSI C-conforming const... yes
checking for working volatile... yes
checking whether byte ordering is bigendian... no
checking whether compiler handles -fno-common... yes
checking whether compiler handles -Wall... yes
checking whether compiler handles -Werror=sequence-point... yes
checking whether compiler handles -Wextra... yes
checking whether compiler handles -Wextra-semi... no
checking whether compiler handles -Wembedded-directive... no
checking whether compiler handles -Wmissing-declarations... yes
checking whether compiler handles -Wmissing-parameter-type... yes
checking whether compiler handles -Wmissing-prototypes... yes
checking whether compiler handles -Wno-missing-field-initializers... yes
checking whether compiler handles -Wredundant-decls... yes
checking whether compiler handles -Wsign-compare... yes
checking whether compiler handles -Wtype-limits... yes
checking whether compiler handles -Wuninitialized... yes
checking whether compiler handles -Wunused-but-set-parameter... yes
checking whether compiler handles -Wunused-but-set-variable... yes
checking whether compiler handles -Wunused-parameter... yes
checking whether compiler handles -Wunused-result... yes
checking whether compiler handles -Wunused-variable... yes
checking whether compiler handles -Wnested-externs... yes
checking whether compiler handles -Wpointer-arith... yes
checking whether compiler handles -Wstrict-prototypes... yes
checking whether compiler handles -Wformat-security... no
checking whether compiler handles -Wimplicit-function-declaration... yes
checking whether compiler handles -Wno-clobbered... yes
checking whether compiler handles -Wno-unused-parameter... yes
checking how to print strings... printf
checking for a sed that does not truncate output... /bin/sed
checking for fgrep... /usr/bin/grep -F
checking for ld used by gcc... /usr/bin/ld
checking if the linker (/usr/bin/ld) is GNU ld... yes
checking for BSD- or MS-compatible name lister (nm)... /usr/bin/nm -B
checking the name lister (/usr/bin/nm -B) interface... BSD nm
checking whether ln -s works... yes
checking the maximum length of command line arguments... 1572864
checking how to convert x86_64-pc-linux-gnu file names to x86_64-pc-linux-gnu format... func_convert_file_noop
checking how to convert x86_64-pc-linux-gnu file names to toolchain format... func_convert_file_noop
checking for /usr/bin/ld option to reload object files... -r
checking for objdump... objdump
checking how to recognize dependent libraries... pass_all
checking for dlltool... no
checking how to associate runtime and link libraries... printf %s\n
checking for ar... ar
checking for archiver @FILE support... @
checking for strip... strip
checking for ranlib... ranlib
checking command to parse /usr/bin/nm -B output from gcc object... ok
checking for sysroot... no
checking for a working dd... /bin/dd
checking how to truncate binary pipes... /bin/dd bs=4096 count=1
checking for mt... no
checking if : is a manifest tool... no
checking for dlfcn.h... yes
checking for objdir... .libs
checking if gcc supports -fno-rtti -fno-exceptions... no
checking for gcc option to produce PIC... -fPIC -DPIC
checking if gcc PIC flag -fPIC -DPIC works... yes
checking if gcc static flag -static works... yes
checking if gcc supports -c -o file.o... yes
checking if gcc supports -c -o file.o... (cached) yes
checking whether the gcc linker (/usr/bin/ld -m elf_x86_64) supports shared libraries... yes
checking whether -lc should be explicitly linked in... no
checking dynamic linker characteristics... GNU/Linux ld.so
checking how to hardcode library paths into programs... immediate
checking whether stripping libraries is possible... yes
checking if libtool supports shared libraries... yes
checking whether to build shared libraries... yes
checking whether to build static libraries... no
checking linker version script flag... --version-script
checking if version scripts can use complex wildcards... yes
checking for pkg-config... /usr/bin/pkg-config
checking pkg-config is at least version 0.9.0... yes
checking whether to build gtk-doc documentation... no
checking for gtkdoc-check... no
checking for xsltproc... no
checking for special C compiler options needed for large files... no
checking for _FILE_OFFSET_BITS value needed for large files... no
checking whether to enable assertions... yes
checking whether struct tm is in sys/time.h or time.h... time.h
checking for struct tm.tm_zone... yes
checking whether NLS is requested... yes
checking for msgfmt... /usr/bin/msgfmt
checking for gmsgfmt... /usr/bin/msgfmt
checking for xgettext... /usr/bin/xgettext
checking for msgmerge... /usr/bin/msgmerge
checking for ld used by gcc... /usr/bin/ld -m elf_x86_64
checking if the linker (/usr/bin/ld -m elf_x86_64) is GNU ld... yes
checking for shared library run path origin... done
checking for CFPreferencesCopyAppValue... no
checking for CFLocaleCopyCurrent... no
checking for GNU gettext in libc... yes
checking whether to use NLS... yes
checking where the gettext function comes from... libc
checking for linux/compiler.h... no
checking for linux/blkpg.h... yes
checking for linux/major.h... yes
checking asm/io.h usability... no
checking asm/io.h presence... no
checking for asm/io.h... no
checking err.h usability... yes
checking err.h presence... yes
checking for err.h... yes
checking errno.h usability... yes
checking errno.h presence... yes
checking for errno.h... yes
checking fcntl.h usability... yes
checking fcntl.h presence... yes
checking for fcntl.h... yes
checking getopt.h usability... yes
checking getopt.h presence... yes
checking for getopt.h... yes
checking for inttypes.h... (cached) yes
checking lastlog.h usability... yes
checking lastlog.h presence... yes
checking for lastlog.h... yes
checking libutil.h usability... no
checking libutil.h presence... no
checking for libutil.h... no
checking linux/btrfs.h usability... yes
checking linux/btrfs.h presence... yes
checking for linux/btrfs.h... yes
checking linux/cdrom.h usability... yes
checking linux/cdrom.h presence... yes
checking for linux/cdrom.h... yes
checking linux/falloc.h usability... yes
checking linux/falloc.h presence... yes
checking for linux/falloc.h... yes
checking linux/watchdog.h usability... yes
checking linux/watchdog.h presence... yes
checking for linux/watchdog.h... yes
checking linux/fd.h usability... yes
checking linux/fd.h presence... yes
checking for linux/fd.h... yes
checking linux/raw.h usability... yes
checking linux/raw.h presence... yes
checking for linux/raw.h... yes
checking linux/tiocl.h usability... yes
checking linux/tiocl.h presence... yes
checking for linux/tiocl.h... yes
checking linux/version.h usability... yes
checking linux/version.h presence... yes
checking for linux/version.h... yes
checking linux/securebits.h usability... yes
checking linux/securebits.h presence... yes
checking for linux/securebits.h... yes
checking locale.h usability... yes
checking locale.h presence... yes
checking for locale.h... yes
checking mntent.h usability... yes
checking mntent.h presence... yes
checking for mntent.h... yes
checking net/if.h usability... yes
checking net/if.h presence... yes
checking for net/if.h... yes
checking net/if_dl.h usability... no
checking net/if_dl.h presence... no
checking for net/if_dl.h... no
checking netinet/in.h usability... yes
checking netinet/in.h presence... yes
checking for netinet/in.h... yes
checking paths.h usability... yes
checking paths.h presence... yes
checking for paths.h... yes
checking pty.h usability... yes
checking pty.h presence... yes
checking for pty.h... yes
checking security/pam_appl.h usability... no
checking security/pam_appl.h presence... no
checking for security/pam_appl.h... no
checking for stdint.h... (cached) yes
checking stdio_ext.h usability... yes
checking stdio_ext.h presence... yes
checking for stdio_ext.h... yes
checking for stdlib.h... (cached) yes
checking endian.h usability... yes
checking endian.h presence... yes
checking for endian.h... yes
checking byteswap.h usability... yes
checking byteswap.h presence... yes
checking for byteswap.h... yes
checking sys/endian.h usability... no
checking sys/endian.h presence... no
checking for sys/endian.h... no
checking sys/disk.h usability... no
checking sys/disk.h presence... no
checking for sys/disk.h... no
checking sys/disklabel.h usability... no
checking sys/disklabel.h presence... no
checking for sys/disklabel.h... no
checking sys/file.h usability... yes
checking sys/file.h presence... yes
checking for sys/file.h... yes
checking sys/io.h usability... yes
checking sys/io.h presence... yes
checking for sys/io.h... yes
checking sys/ioccom.h usability... no
checking sys/ioccom.h presence... no
checking for sys/ioccom.h... no
checking sys/ioctl.h usability... yes
checking sys/ioctl.h presence... yes
checking for sys/ioctl.h... yes
checking sys/mkdev.h usability... no
checking sys/mkdev.h presence... no
checking for sys/mkdev.h... no
checking sys/mount.h usability... yes
checking sys/mount.h presence... yes
checking for sys/mount.h... yes
checking sys/param.h usability... yes
checking sys/param.h presence... yes
checking for sys/param.h... yes
checking sys/prctl.h usability... yes
checking sys/prctl.h presence... yes
checking for sys/prctl.h... yes
checking sys/resource.h usability... yes
checking sys/resource.h presence... yes
checking for sys/resource.h... yes
checking sys/signalfd.h usability... yes
checking sys/signalfd.h presence... yes
checking for sys/signalfd.h... yes
checking sys/socket.h usability... yes
checking sys/socket.h presence... yes
checking for sys/socket.h... yes
checking sys/sockio.h usability... no
checking sys/sockio.h presence... no
checking for sys/sockio.h... no
checking for sys/stat.h... (cached) yes
checking sys/sysmacros.h usability... yes
checking sys/sysmacros.h presence... yes
checking for sys/sysmacros.h... yes
checking sys/swap.h usability... yes
checking sys/swap.h presence... yes
checking for sys/swap.h... yes
checking sys/syscall.h usability... yes
checking sys/syscall.h presence... yes
checking for sys/syscall.h... yes
checking sys/time.h usability... yes
checking sys/time.h presence... yes
checking for sys/time.h... yes
checking sys/timex.h usability... yes
checking sys/timex.h presence... yes
checking for sys/timex.h... yes
checking sys/ttydefaults.h usability... yes
checking sys/ttydefaults.h presence... yes
checking for sys/ttydefaults.h... yes
checking for sys/types.h... (cached) yes
checking sys/ucred.h usability... no
checking sys/ucred.h presence... no
checking for sys/ucred.h... no
checking sys/un.h usability... yes
checking sys/un.h presence... yes
checking for sys/un.h... yes
checking for unistd.h... (cached) yes
checking shadow.h usability... yes
checking shadow.h presence... yes
checking for shadow.h... yes
checking utmp.h usability... yes
checking utmp.h presence... yes
checking for utmp.h... yes
checking utmpx.h usability... yes
checking utmpx.h presence... yes
checking for utmpx.h... yes
checking for linux/gsmmux.h... yes
checking for security/pam_misc.h... no
checking linux/blkzoned.h usability... yes
checking linux/blkzoned.h presence... yes
checking for linux/blkzoned.h... yes
checking for security/openpam.h... no
checking langinfo.h usability... yes
checking langinfo.h presence... yes
checking for langinfo.h... yes
checking for struct termios.c_line... yes
checking for struct stat.st_mtim.tv_nsec... yes
checking whether _NL_TIME_WEEK_1STDAY is declared... yes
checking whether llseek is declared... no
checking whether lseek64 is declared... yes
checking whether environ is declared... yes
checking whether strsignal is declared... yes
checking whether TIOCGLCKTRMIOS is declared... yes
checking whether SOCK_CLOEXEC is declared... yes
checking whether SOCK_NONBLOCK is declared... yes
checking whether SO_PASSCRED is declared... yes
checking for __fpending... yes
checking for secure_getenv... yes
checking for __secure_getenv... no
checking for err... yes
checking for errx... yes
checking for explicit_bzero... yes
checking for fsync... yes
checking for utimensat... yes
checking for getdomainname... yes
checking for getdtablesize... yes
checking for getexecname... no
checking for getmntinfo... no
checking for getrandom... yes
checking for getrlimit... yes
checking for getsgnam... yes
checking for inotify_init... yes
checking for jrand48... yes
checking for lchown... yes
checking for llseek... yes
checking for lseek64... yes
checking for mempcpy... yes
checking for mkostemp... yes
checking for nanosleep... yes
checking for ntp_gettime... yes
checking for personality... yes
checking for posix_fadvise... yes
checking for prctl... yes
checking for qsort_r... yes
checking for rpmatch... yes
checking for scandirat... yes
checking for setprogname... no
checking for setresgid... yes
checking for setresuid... yes
checking for sched_setattr... no
checking for sched_setscheduler... yes
checking for sigqueue... yes
checking for srandom... yes
checking for strnchr... no
checking for strndup... yes
checking for strnlen... yes
checking for sysconf... yes
checking for sysinfo... yes
checking for timegm... yes
checking for usleep... yes
checking for vwarnx... yes
checking for warn... yes
checking for warnx... yes
checking for _LARGEFILE_SOURCE value needed for large files... no
checking for openat... yes
checking for fstatat... yes
checking for unlinkat... yes
checking for ioperm... yes
checking for iopl... yes
checking for futimens... yes
checking for inotify_init1... yes
checking for open_memstream... yes
checking for reboot... yes
checking for updwtmpx... yes
checking for updwtmpx... (cached) yes
checking for getusershell... yes
checking for isnan... yes
checking for clock_gettime... yes
checking for timer_create... no
checking for timer_create in -lrt... yes
checking for rtas_get_sysparm in -lrtas... no
checking for struct sockaddr.sa_len... no
checking for library containing socket... none required
checking for dirfd... yes
checking whether program_invocation_short_name is defined... yes
checking whether __progname is defined... yes
checking whether the target supports thread-local storage... yes
checking scanf string alloc modifiers... (%ms) yes
checking for openpty in -lutil... yes
checking for union semun... no
checking for loff_t... yes
checking wchar_t support... yes
checking for cpu_set_t... yes
checking for sighandler_t... yes
checking whether CPU_ALLOC is declared... yes
checking crypt.h usability... yes
checking crypt.h presence... yes
checking for crypt.h... yes
checking for udev_new in -ludev... yes
checking for ncursesw6-config... ncursesw6-config
checking ncursesw/ncurses.h usability... no
checking ncursesw/ncurses.h presence... no
checking for ncursesw/ncurses.h... no
checking ncursesw/term.h usability... no
checking ncursesw/term.h presence... no
checking for ncursesw/term.h... no
checking ncurses.h usability... yes
checking ncurses.h presence... yes
checking for ncurses.h... yes
checking term.h usability... yes
checking term.h presence... yes
checking for term.h... yes
checking for use_default_colors in -lncursesw... yes
checking for resizeterm in -lncursesw... yes
checking for TINFOW... no
checking for tgetent in -ltinfow... no
checking for TINFO... no
checking for tgetent in -ltinfo... no
checking for readline in -lreadline... yes
checking for syscall fallocate... SYS_fallocate
checking for valid fallocate() function... yes
checking for valid posix_fallocate() function... yes
checking for syscall unshare... SYS_unshare
checking for unshare... yes
checking for syscall setns... SYS_setns
checking for setns... yes
checking for capng_apply in -lcap-ng... no
checking for crc32 in -lz... yes
checking for syscall prlimit64... SYS_prlimit64
checking for prlimit... yes
checking for syscall pivot_root... SYS_pivot_root
checking for LIBUSER... no
checking for syscall ioprio_set... SYS_ioprio_set
checking for syscall ioprio_get... SYS_ioprio_get
checking for syscall sched_getaffinity... SYS_sched_getaffinity
checking for syscall sched_setattr... SYS_sched_setattr
checking for SYSTEMD... yes
checking that generated files are newer than configure... done
configure: creating ./config.status
config.status: creating Makefile
config.status: creating libblkid/docs/Makefile
config.status: creating libblkid/docs/version.xml
config.status: creating libblkid/src/blkid.h
config.status: creating libfdisk/docs/Makefile
config.status: creating libfdisk/docs/version.xml
config.status: creating libfdisk/src/libfdisk.h
config.status: creating libmount/docs/Makefile
config.status: creating libmount/docs/version.xml
config.status: creating libmount/src/libmount.h
config.status: creating libsmartcols/docs/Makefile
config.status: creating libsmartcols/docs/version.xml
config.status: creating libsmartcols/src/libsmartcols.h
config.status: creating po/Makefile.in
config.status: creating config.h
config.status: executing depfiles commands
config.status: executing libtool commands
config.status: executing po-directories commands
config.status: creating po/POTFILES
config.status: creating po/Makefile

	util-linux  2.31.1

	prefix:            /usr
	exec prefix:       ${prefix}

	runstatedir:       ${localstatedir}/run
	bindir:            /bin
	sbindir:           /sbin
	libdir:            /lib
	includedir:        ${prefix}/include
	usrbin_execdir:    ${exec_prefix}/bin
	usrsbin_execdir:   ${exec_prefix}/sbin
	usrlib_execdir:    ${exec_prefix}/lib

	compiler:          gcc
	cflags:            -g -O2
	suid cflags:       
	ldflags:           
	suid ldflags:      

	Python:            
	Python version:    
	Python libs:       

	Bash completions:  ${datarootdir}/bash-completion/completions
	Systemd support:   yes
	Btrfs support:     yes
	Wide-char support: yes

	warnings:

 -fno-common -Wall -Werror=sequence-point -Wextra -Wmissing-declarations -Wmissing-parameter-type -Wmissing-prototypes -Wno-missing-field-initializers -Wredundant-decls -Wsign-compare -Wtype-limits -Wuninitialized -Wunused-but-set-parameter -Wunused-but-set-variable -Wunused-parameter -Wunused-result -Wunused-variable -Wnested-externs -Wpointer-arith -Wstrict-prototypes -Wimplicit-function-declaration

	Type 'make' or 'make <utilname>' to compile.

