This file contains any messages produced by compilers while
running configure, to aid debugging if configure makes a mistake.

It was created by wayland configure 1.14.0, which was
generated by GNU Autoconf 2.69.  Invocation command line was

  $ ./configure --prefix=/usr --disable-documentation --disable-static

## --------- ##
## Platform. ##
## --------- ##

hostname = localhost.localdomain
uname -m = x86_64
uname -r = 3.10.0-693.11.1.el7.x86_64
uname -s = Linux
uname -v = #1 SMP Mon Dec 4 23:52:40 UTC 2017

/usr/bin/uname -p = unknown
/bin/uname -X     = unknown

/bin/arch              = x86_64
/usr/bin/arch -k       = unknown
/usr/convex/getsysinfo = unknown
/usr/bin/hostinfo      = unknown
/bin/machine           = unknown
/usr/bin/oslevel       = unknown
/bin/universe          = unknown

PATH: /bin
PATH: /usr/bin
PATH: /sbin
PATH: /usr/sbin


## ----------- ##
## Core tests. ##
## ----------- ##

configure:2607: checking for a BSD-compatible install
configure:2675: result: /usr/bin/install -c
configure:2686: checking whether build environment is sane
configure:2741: result: yes
configure:2892: checking for a thread-safe mkdir -p
configure:2931: result: /bin/mkdir -p
configure:2938: checking for gawk
configure:2954: found /usr/bin/gawk
configure:2965: result: gawk
configure:2976: checking whether make sets $(MAKE)
configure:2998: result: yes
configure:3027: checking whether make supports nested variables
configure:3044: result: yes
configure:3182: checking whether make supports nested variables
configure:3199: result: yes
configure:3260: checking for gcc
configure:3276: found /usr/bin/gcc
configure:3287: result: gcc
configure:3516: checking for C compiler version
configure:3525: gcc --version >&5
gcc (GCC) 7.2.0
Copyright (C) 2017 Free Software Foundation, Inc.
This is free software; see the source for copying conditions.  There is NO
warranty; not even for MERCHANTABILITY or FITNESS FOR A PARTICULAR PURPOSE.

configure:3536: $? = 0
configure:3525: gcc -v >&5
Using built-in specs.
COLLECT_GCC=gcc
COLLECT_LTO_WRAPPER=/usr/libexec/gcc/x86_64-pc-linux-gnu/7.2.0/lto-wrapper
Target: x86_64-pc-linux-gnu
Configured with: ../configure --prefix=/usr --enable-languages=c,c++ --disable-multilib --disable-bootstrap --with-system-zlib
Thread model: posix
gcc version 7.2.0 (GCC) 
configure:3536: $? = 0
configure:3525: gcc -V >&5
gcc: error: unrecognized command line option '-V'
gcc: fatal error: no input files
compilation terminated.
configure:3536: $? = 1
configure:3525: gcc -qversion >&5
gcc: error: unrecognized command line option '-qversion'; did you mean '--version'?
gcc: fatal error: no input files
compilation terminated.
configure:3536: $? = 1
configure:3556: checking whether the C compiler works
configure:3578: gcc    conftest.c  >&5
configure:3582: $? = 0
configure:3630: result: yes
configure:3633: checking for C compiler default output file name
configure:3635: result: a.out
configure:3641: checking for suffix of executables
configure:3648: gcc -o conftest    conftest.c  >&5
configure:3652: $? = 0
configure:3674: result: 
configure:3696: checking whether we are cross compiling
configure:3704: gcc -o conftest    conftest.c  >&5
configure:3708: $? = 0
configure:3715: ./conftest
configure:3719: $? = 0
configure:3734: result: no
configure:3739: checking for suffix of object files
configure:3761: gcc -c   conftest.c >&5
configure:3765: $? = 0
configure:3786: result: o
configure:3790: checking whether we are using the GNU C compiler
configure:3809: gcc -c   conftest.c >&5
configure:3809: $? = 0
configure:3818: result: yes
configure:3827: checking whether gcc accepts -g
configure:3847: gcc -c -g  conftest.c >&5
configure:3847: $? = 0
configure:3888: result: yes
configure:3905: checking for gcc option to accept ISO C89
configure:3968: gcc  -c -g -O2  conftest.c >&5
configure:3968: $? = 0
configure:3981: result: none needed
configure:4006: checking whether gcc understands -c and -o together
configure:4028: gcc -c conftest.c -o conftest2.o
configure:4031: $? = 0
configure:4028: gcc -c conftest.c -o conftest2.o
configure:4031: $? = 0
configure:4043: result: yes
configure:4071: checking for style of include used by make
configure:4099: result: GNU
configure:4125: checking dependency style of gcc
configure:4236: result: gcc3
configure:4309: checking for g++
configure:4325: found /usr/bin/g++
configure:4336: result: g++
configure:4363: checking for C++ compiler version
configure:4372: g++ --version >&5
g++ (GCC) 7.2.0
Copyright (C) 2017 Free Software Foundation, Inc.
This is free software; see the source for copying conditions.  There is NO
warranty; not even for MERCHANTABILITY or FITNESS FOR A PARTICULAR PURPOSE.

configure:4383: $? = 0
configure:4372: g++ -v >&5
Using built-in specs.
COLLECT_GCC=g++
COLLECT_LTO_WRAPPER=/usr/libexec/gcc/x86_64-pc-linux-gnu/7.2.0/lto-wrapper
Target: x86_64-pc-linux-gnu
Configured with: ../configure --prefix=/usr --enable-languages=c,c++ --disable-multilib --disable-bootstrap --with-system-zlib
Thread model: posix
gcc version 7.2.0 (GCC) 
configure:4383: $? = 0
configure:4372: g++ -V >&5
g++: error: unrecognized command line option '-V'
g++: fatal error: no input files
compilation terminated.
configure:4383: $? = 1
configure:4372: g++ -qversion >&5
g++: error: unrecognized command line option '-qversion'; did you mean '--version'?
g++: fatal error: no input files
compilation terminated.
configure:4383: $? = 1
configure:4387: checking whether we are using the GNU C++ compiler
configure:4406: g++ -c   conftest.cpp >&5
configure:4406: $? = 0
configure:4415: result: yes
configure:4424: checking whether g++ accepts -g
configure:4444: g++ -c -g  conftest.cpp >&5
configure:4444: $? = 0
configure:4485: result: yes
configure:4510: checking dependency style of g++
configure:4621: result: gcc3
configure:4636: checking for grep that handles long lines and -e
configure:4694: result: /usr/bin/grep
configure:4708: checking dependency style of gcc
configure:4817: result: gcc3
configure:4882: checking build system type
configure:4896: result: x86_64-pc-linux-gnu
configure:4916: checking host system type
configure:4929: result: x86_64-pc-linux-gnu
configure:4970: checking how to print strings
configure:4997: result: printf
configure:5018: checking for a sed that does not truncate output
configure:5082: result: /bin/sed
configure:5100: checking for egrep
configure:5162: result: /usr/bin/grep -E
configure:5167: checking for fgrep
configure:5229: result: /usr/bin/grep -F
configure:5264: checking for ld used by gcc
configure:5331: result: /usr/bin/ld
configure:5338: checking if the linker (/usr/bin/ld) is GNU ld
configure:5353: result: yes
configure:5365: checking for BSD- or MS-compatible name lister (nm)
configure:5419: result: /usr/bin/nm -B
configure:5549: checking the name lister (/usr/bin/nm -B) interface
configure:5556: gcc -c -g -O2  conftest.c >&5
configure:5559: /usr/bin/nm -B "conftest.o"
configure:5562: output
0000000000000000 B some_variable
configure:5569: result: BSD nm
configure:5572: checking whether ln -s works
configure:5576: result: yes
configure:5584: checking the maximum length of command line arguments
configure:5715: result: 1572864
configure:5763: checking how to convert x86_64-pc-linux-gnu file names to x86_64-pc-linux-gnu format
configure:5803: result: func_convert_file_noop
configure:5810: checking how to convert x86_64-pc-linux-gnu file names to toolchain format
configure:5830: result: func_convert_file_noop
configure:5837: checking for /usr/bin/ld option to reload object files
configure:5844: result: -r
configure:5918: checking for objdump
configure:5934: found /usr/bin/objdump
configure:5945: result: objdump
configure:5977: checking how to recognize dependent libraries
configure:6177: result: pass_all
configure:6262: checking for dlltool
configure:6292: result: no
configure:6322: checking how to associate runtime and link libraries
configure:6349: result: printf %s\n
configure:6410: checking for ar
configure:6426: found /usr/bin/ar
configure:6437: result: ar
configure:6474: checking for archiver @FILE support
configure:6491: gcc -c -g -O2  conftest.c >&5
configure:6491: $? = 0
configure:6494: ar cru libconftest.a @conftest.lst >&5
configure:6497: $? = 0
configure:6502: ar cru libconftest.a @conftest.lst >&5
ar: conftest.o: No such file or directory
configure:6505: $? = 1
configure:6517: result: @
configure:6575: checking for strip
configure:6591: found /usr/bin/strip
configure:6602: result: strip
configure:6674: checking for ranlib
configure:6690: found /usr/bin/ranlib
configure:6701: result: ranlib
configure:6803: checking command to parse /usr/bin/nm -B output from gcc object
configure:6956: gcc -c -g -O2  conftest.c >&5
configure:6959: $? = 0
configure:6963: /usr/bin/nm -B conftest.o \| sed -n -e 's/^.*[ ]\([ABCDGIRSTW][ABCDGIRSTW]*\)[ ][ ]*\([_A-Za-z][_A-Za-z0-9]*\)$/\1 \2 \2/p' | sed '/ __gnu_lto/d' \> conftest.nm
configure:6966: $? = 0
configure:7032: gcc -o conftest -g -O2   conftest.c conftstm.o >&5
configure:7035: $? = 0
configure:7073: result: ok
configure:7120: checking for sysroot
configure:7150: result: no
configure:7157: checking for a working dd
configure:7195: result: /bin/dd
configure:7199: checking how to truncate binary pipes
configure:7214: result: /bin/dd bs=4096 count=1
configure:7350: gcc -c -g -O2  conftest.c >&5
configure:7353: $? = 0
configure:7543: checking for mt
configure:7559: found /bin/mt
configure:7570: result: mt
configure:7593: checking if mt is a manifest tool
configure:7599: mt '-?'
configure:7607: result: no
configure:8284: checking how to run the C preprocessor
configure:8315: gcc -E  conftest.c
configure:8315: $? = 0
configure:8329: gcc -E  conftest.c
conftest.c:11:10: fatal error: ac_nonexistent.h: No such file or directory
 #include <ac_nonexistent.h>
          ^~~~~~~~~~~~~~~~~~
compilation terminated.
configure:8329: $? = 1
configure: failed program was:
| /* confdefs.h */
| #define PACKAGE_NAME "wayland"
| #define PACKAGE_TARNAME "wayland"
| #define PACKAGE_VERSION "1.14.0"
| #define PACKAGE_STRING "wayland 1.14.0"
| #define PACKAGE_BUGREPORT "https://bugs.freedesktop.org/enter_bug.cgi?product=Wayland&component=wayland&version=1.14.0"
| #define PACKAGE_URL "http://wayland.freedesktop.org/"
| #define PACKAGE "wayland"
| #define VERSION "1.14.0"
| /* end confdefs.h.  */
| #include <ac_nonexistent.h>
configure:8354: result: gcc -E
configure:8374: gcc -E  conftest.c
configure:8374: $? = 0
configure:8388: gcc -E  conftest.c
conftest.c:11:10: fatal error: ac_nonexistent.h: No such file or directory
 #include <ac_nonexistent.h>
          ^~~~~~~~~~~~~~~~~~
compilation terminated.
configure:8388: $? = 1
configure: failed program was:
| /* confdefs.h */
| #define PACKAGE_NAME "wayland"
| #define PACKAGE_TARNAME "wayland"
| #define PACKAGE_VERSION "1.14.0"
| #define PACKAGE_STRING "wayland 1.14.0"
| #define PACKAGE_BUGREPORT "https://bugs.freedesktop.org/enter_bug.cgi?product=Wayland&component=wayland&version=1.14.0"
| #define PACKAGE_URL "http://wayland.freedesktop.org/"
| #define PACKAGE "wayland"
| #define VERSION "1.14.0"
| /* end confdefs.h.  */
| #include <ac_nonexistent.h>
configure:8417: checking for ANSI C header files
configure:8437: gcc -c -g -O2  conftest.c >&5
configure:8437: $? = 0
configure:8510: gcc -o conftest -g -O2   conftest.c  >&5
configure:8510: $? = 0
configure:8510: ./conftest
configure:8510: $? = 0
configure:8521: result: yes
configure:8534: checking for sys/types.h
configure:8534: gcc -c -g -O2  conftest.c >&5
configure:8534: $? = 0
configure:8534: result: yes
configure:8534: checking for sys/stat.h
configure:8534: gcc -c -g -O2  conftest.c >&5
configure:8534: $? = 0
configure:8534: result: yes
configure:8534: checking for stdlib.h
configure:8534: gcc -c -g -O2  conftest.c >&5
configure:8534: $? = 0
configure:8534: result: yes
configure:8534: checking for string.h
configure:8534: gcc -c -g -O2  conftest.c >&5
configure:8534: $? = 0
configure:8534: result: yes
configure:8534: checking for memory.h
configure:8534: gcc -c -g -O2  conftest.c >&5
configure:8534: $? = 0
configure:8534: result: yes
configure:8534: checking for strings.h
configure:8534: gcc -c -g -O2  conftest.c >&5
configure:8534: $? = 0
configure:8534: result: yes
configure:8534: checking for inttypes.h
configure:8534: gcc -c -g -O2  conftest.c >&5
configure:8534: $? = 0
configure:8534: result: yes
configure:8534: checking for stdint.h
configure:8534: gcc -c -g -O2  conftest.c >&5
configure:8534: $? = 0
configure:8534: result: yes
configure:8534: checking for unistd.h
configure:8534: gcc -c -g -O2  conftest.c >&5
configure:8534: $? = 0
configure:8534: result: yes
configure:8548: checking for dlfcn.h
configure:8548: gcc -c -g -O2  conftest.c >&5
configure:8548: $? = 0
configure:8548: result: yes
configure:8815: checking for objdir
configure:8830: result: .libs
configure:9094: checking if gcc supports -fno-rtti -fno-exceptions
configure:9112: gcc -c -g -O2  -fno-rtti -fno-exceptions conftest.c >&5
cc1: warning: command line option '-fno-rtti' is valid for C++/ObjC++ but not for C
configure:9116: $? = 0
configure:9129: result: no
configure:9487: checking for gcc option to produce PIC
configure:9494: result: -fPIC -DPIC
configure:9502: checking if gcc PIC flag -fPIC -DPIC works
configure:9520: gcc -c -g -O2  -fPIC -DPIC -DPIC conftest.c >&5
configure:9524: $? = 0
configure:9537: result: yes
configure:9566: checking if gcc static flag -static works
configure:9594: result: yes
configure:9609: checking if gcc supports -c -o file.o
configure:9630: gcc -c -g -O2  -o out/conftest2.o conftest.c >&5
configure:9634: $? = 0
configure:9656: result: yes
configure:9664: checking if gcc supports -c -o file.o
configure:9711: result: yes
configure:9744: checking whether the gcc linker (/usr/bin/ld -m elf_x86_64) supports shared libraries
configure:11007: result: yes
configure:11044: checking whether -lc should be explicitly linked in
configure:11052: gcc -c -g -O2  conftest.c >&5
configure:11055: $? = 0
configure:11070: gcc -shared  -fPIC -DPIC conftest.o  -v -Wl,-soname -Wl,conftest -o conftest 2\>\&1 \| /usr/bin/grep  -lc  \>/dev/null 2\>\&1
configure:11073: $? = 0
configure:11087: result: no
configure:11247: checking dynamic linker characteristics
configure:11828: gcc -o conftest -g -O2   -Wl,-rpath -Wl,/foo conftest.c  >&5
configure:11828: $? = 0
configure:12077: result: GNU/Linux ld.so
configure:12199: checking how to hardcode library paths into programs
configure:12224: result: immediate
configure:12772: checking whether stripping libraries is possible
configure:12777: result: yes
configure:12812: checking if libtool supports shared libraries
configure:12814: result: yes
configure:12817: checking whether to build shared libraries
configure:12842: result: yes
configure:12845: checking whether to build static libraries
configure:12849: result: no
configure:12872: checking how to run the C++ preprocessor
configure:12899: g++ -E  conftest.cpp
configure:12899: $? = 0
configure:12913: g++ -E  conftest.cpp
conftest.cpp:23:10: fatal error: ac_nonexistent.h: No such file or directory
 #include <ac_nonexistent.h>
          ^~~~~~~~~~~~~~~~~~
compilation terminated.
configure:12913: $? = 1
configure: failed program was:
| /* confdefs.h */
| #define PACKAGE_NAME "wayland"
| #define PACKAGE_TARNAME "wayland"
| #define PACKAGE_VERSION "1.14.0"
| #define PACKAGE_STRING "wayland 1.14.0"
| #define PACKAGE_BUGREPORT "https://bugs.freedesktop.org/enter_bug.cgi?product=Wayland&component=wayland&version=1.14.0"
| #define PACKAGE_URL "http://wayland.freedesktop.org/"
| #define PACKAGE "wayland"
| #define VERSION "1.14.0"
| #define STDC_HEADERS 1
| #define HAVE_SYS_TYPES_H 1
| #define HAVE_SYS_STAT_H 1
| #define HAVE_STDLIB_H 1
| #define HAVE_STRING_H 1
| #define HAVE_MEMORY_H 1
| #define HAVE_STRINGS_H 1
| #define HAVE_INTTYPES_H 1
| #define HAVE_STDINT_H 1
| #define HAVE_UNISTD_H 1
| #define HAVE_DLFCN_H 1
| #define LT_OBJDIR ".libs/"
| /* end confdefs.h.  */
| #include <ac_nonexistent.h>
configure:12938: result: g++ -E
configure:12958: g++ -E  conftest.cpp
configure:12958: $? = 0
configure:12972: g++ -E  conftest.cpp
conftest.cpp:23:10: fatal error: ac_nonexistent.h: No such file or directory
 #include <ac_nonexistent.h>
          ^~~~~~~~~~~~~~~~~~
compilation terminated.
configure:12972: $? = 1
configure: failed program was:
| /* confdefs.h */
| #define PACKAGE_NAME "wayland"
| #define PACKAGE_TARNAME "wayland"
| #define PACKAGE_VERSION "1.14.0"
| #define PACKAGE_STRING "wayland 1.14.0"
| #define PACKAGE_BUGREPORT "https://bugs.freedesktop.org/enter_bug.cgi?product=Wayland&component=wayland&version=1.14.0"
| #define PACKAGE_URL "http://wayland.freedesktop.org/"
| #define PACKAGE "wayland"
| #define VERSION "1.14.0"
| #define STDC_HEADERS 1
| #define HAVE_SYS_TYPES_H 1
| #define HAVE_SYS_STAT_H 1
| #define HAVE_STDLIB_H 1
| #define HAVE_STRING_H 1
| #define HAVE_MEMORY_H 1
| #define HAVE_STRINGS_H 1
| #define HAVE_INTTYPES_H 1
| #define HAVE_STDINT_H 1
| #define HAVE_UNISTD_H 1
| #define HAVE_DLFCN_H 1
| #define LT_OBJDIR ".libs/"
| /* end confdefs.h.  */
| #include <ac_nonexistent.h>
configure:13134: checking for ld used by g++
configure:13201: result: /usr/bin/ld -m elf_x86_64
configure:13208: checking if the linker (/usr/bin/ld -m elf_x86_64) is GNU ld
configure:13223: result: yes
configure:13278: checking whether the g++ linker (/usr/bin/ld -m elf_x86_64) supports shared libraries
configure:14351: result: yes
configure:14387: g++ -c -g -O2  conftest.cpp >&5
configure:14390: $? = 0
configure:14871: checking for g++ option to produce PIC
configure:14878: result: -fPIC -DPIC
configure:14886: checking if g++ PIC flag -fPIC -DPIC works
configure:14904: g++ -c -g -O2  -fPIC -DPIC -DPIC conftest.cpp >&5
configure:14908: $? = 0
configure:14921: result: yes
configure:14944: checking if g++ static flag -static works
configure:14972: result: yes
configure:14984: checking if g++ supports -c -o file.o
configure:15005: g++ -c -g -O2  -o out/conftest2.o conftest.cpp >&5
configure:15009: $? = 0
configure:15031: result: yes
configure:15036: checking if g++ supports -c -o file.o
configure:15083: result: yes
configure:15113: checking whether the g++ linker (/usr/bin/ld -m elf_x86_64) supports shared libraries
configure:15156: result: yes
configure:15297: checking dynamic linker characteristics
configure:16054: result: GNU/Linux ld.so
configure:16119: checking how to hardcode library paths into programs
configure:16144: result: immediate
configure:16260: checking for pkg-config
configure:16278: found /usr/bin/pkg-config
configure:16290: result: /usr/bin/pkg-config
configure:16315: checking pkg-config is at least version 0.9.0
configure:16318: result: yes
configure:16348: checking for accept4
configure:16348: gcc -o conftest -g -O2   conftest.c  >&5
configure:16348: $? = 0
configure:16348: result: yes
configure:16348: checking for mkostemp
configure:16348: gcc -o conftest -g -O2   conftest.c  >&5
configure:16348: $? = 0
configure:16348: result: yes
configure:16348: checking for posix_fallocate
configure:16348: gcc -o conftest -g -O2   conftest.c  >&5
configure:16348: $? = 0
configure:16348: result: yes
configure:16422: checking for FFI
configure:16429: $PKG_CONFIG --exists --print-errors "libffi"
configure:16432: $? = 0
configure:16446: $PKG_CONFIG --exists --print-errors "libffi"
configure:16449: $? = 0
configure:16507: result: yes
configure:16511: checking whether SFD_CLOEXEC is declared
configure:16511: gcc -c -g -O2  conftest.c >&5
configure:16511: $? = 0
configure:16511: result: yes
configure:16519: checking whether TFD_CLOEXEC is declared
configure:16519: gcc -c -g -O2  conftest.c >&5
configure:16519: $? = 0
configure:16519: result: yes
configure:16527: checking whether CLOCK_MONOTONIC is declared
configure:16527: gcc -c -g -O2  conftest.c >&5
configure:16527: $? = 0
configure:16527: result: yes
configure:16537: checking execinfo.h usability
configure:16537: gcc -c -g -O2  conftest.c >&5
configure:16537: $? = 0
configure:16537: result: yes
configure:16537: checking execinfo.h presence
configure:16537: gcc -E  conftest.c
configure:16537: $? = 0
configure:16537: result: yes
configure:16537: checking for execinfo.h
configure:16537: result: yes
configure:16551: checking for EXPAT
configure:16558: $PKG_CONFIG --exists --print-errors "expat"
configure:16561: $? = 0
configure:16575: $PKG_CONFIG --exists --print-errors "expat"
configure:16578: $? = 0
configure:16768: result: yes
configure:16784: checking for LIBXML
configure:16791: $PKG_CONFIG --exists --print-errors "libxml-2.0"
configure:16794: $? = 0
configure:16808: $PKG_CONFIG --exists --print-errors "libxml-2.0"
configure:16811: $? = 0
configure:16869: result: yes
configure:16882: checking for xsltproc
configure:16900: found /usr/bin/xsltproc
configure:16912: result: /usr/bin/xsltproc
configure:16929: checking for docbook manpages stylesheet
configure:16980: result: no
configure:17292: checking that generated files are newer than configure
configure:17298: result: done
configure:17365: creating ./config.status

## ---------------------- ##
## Running config.status. ##
## ---------------------- ##

This file was extended by wayland config.status 1.14.0, which was
generated by GNU Autoconf 2.69.  Invocation command line was

  CONFIG_FILES    = 
  CONFIG_HEADERS  = 
  CONFIG_LINKS    = 
  CONFIG_COMMANDS = 
  $ ./config.status 

on localhost.localdomain

config.status:1214: creating Makefile
config.status:1214: creating cursor/wayland-cursor.pc
config.status:1214: creating cursor/wayland-cursor-uninstalled.pc
config.status:1214: creating doc/Makefile
config.status:1214: creating doc/publican/Makefile
config.status:1214: creating doc/doxygen/Makefile
config.status:1214: creating doc/man/Makefile
config.status:1214: creating src/wayland-server-uninstalled.pc
config.status:1214: creating src/wayland-client-uninstalled.pc
config.status:1214: creating src/wayland-scanner-uninstalled.pc
config.status:1214: creating src/wayland-server.pc
config.status:1214: creating src/wayland-client.pc
config.status:1214: creating src/wayland-scanner.pc
config.status:1214: creating src/wayland-version.h
config.status:1214: creating config.h
config.status:1455: linking protocol/wayland.dtd to src/wayland.dtd.embed
config.status:1474: executing depfiles commands
config.status:1474: executing libtool commands

## ---------------- ##
## Cache variables. ##
## ---------------- ##

ac_cv_build=x86_64-pc-linux-gnu
ac_cv_c_compiler_gnu=yes
ac_cv_cxx_compiler_gnu=yes
ac_cv_env_CCASFLAGS_set=
ac_cv_env_CCASFLAGS_value=
ac_cv_env_CCAS_set=
ac_cv_env_CCAS_value=
ac_cv_env_CCC_set=
ac_cv_env_CCC_value=
ac_cv_env_CC_set=
ac_cv_env_CC_value=
ac_cv_env_CFLAGS_set=
ac_cv_env_CFLAGS_value=
ac_cv_env_CPPFLAGS_set=
ac_cv_env_CPPFLAGS_value=
ac_cv_env_CPP_set=
ac_cv_env_CPP_value=
ac_cv_env_CXXCPP_set=
ac_cv_env_CXXCPP_value=
ac_cv_env_CXXFLAGS_set=
ac_cv_env_CXXFLAGS_value=
ac_cv_env_CXX_set=
ac_cv_env_CXX_value=
ac_cv_env_EXPAT_CFLAGS_set=
ac_cv_env_EXPAT_CFLAGS_value=
ac_cv_env_EXPAT_LIBS_set=
ac_cv_env_EXPAT_LIBS_value=
ac_cv_env_FFI_CFLAGS_set=
ac_cv_env_FFI_CFLAGS_value=
ac_cv_env_FFI_LIBS_set=
ac_cv_env_FFI_LIBS_value=
ac_cv_env_LDFLAGS_set=
ac_cv_env_LDFLAGS_value=
ac_cv_env_LIBS_set=
ac_cv_env_LIBS_value=
ac_cv_env_LIBXML_CFLAGS_set=
ac_cv_env_LIBXML_CFLAGS_value=
ac_cv_env_LIBXML_LIBS_set=
ac_cv_env_LIBXML_LIBS_value=
ac_cv_env_LT_SYS_LIBRARY_PATH_set=
ac_cv_env_LT_SYS_LIBRARY_PATH_value=
ac_cv_env_PKG_CONFIG_LIBDIR_set=
ac_cv_env_PKG_CONFIG_LIBDIR_value=
ac_cv_env_PKG_CONFIG_PATH_set=
ac_cv_env_PKG_CONFIG_PATH_value=
ac_cv_env_PKG_CONFIG_set=
ac_cv_env_PKG_CONFIG_value=
ac_cv_env_build_alias_set=
ac_cv_env_build_alias_value=
ac_cv_env_host_alias_set=
ac_cv_env_host_alias_value=
ac_cv_env_target_alias_set=
ac_cv_env_target_alias_value=
ac_cv_func_accept4=yes
ac_cv_func_mkostemp=yes
ac_cv_func_posix_fallocate=yes
ac_cv_have_decl_CLOCK_MONOTONIC=yes
ac_cv_have_decl_SFD_CLOEXEC=yes
ac_cv_have_decl_TFD_CLOEXEC=yes
ac_cv_header_dlfcn_h=yes
ac_cv_header_execinfo_h=yes
ac_cv_header_inttypes_h=yes
ac_cv_header_memory_h=yes
ac_cv_header_stdc=yes
ac_cv_header_stdint_h=yes
ac_cv_header_stdlib_h=yes
ac_cv_header_string_h=yes
ac_cv_header_strings_h=yes
ac_cv_header_sys_stat_h=yes
ac_cv_header_sys_types_h=yes
ac_cv_header_unistd_h=yes
ac_cv_host=x86_64-pc-linux-gnu
ac_cv_objext=o
ac_cv_path_EGREP='/usr/bin/grep -E'
ac_cv_path_FGREP='/usr/bin/grep -F'
ac_cv_path_GREP=/usr/bin/grep
ac_cv_path_SED=/bin/sed
ac_cv_path_XSLTPROC=/usr/bin/xsltproc
ac_cv_path_ac_pt_PKG_CONFIG=/usr/bin/pkg-config
ac_cv_path_install='/usr/bin/install -c'
ac_cv_path_lt_DD=/bin/dd
ac_cv_path_mkdir=/bin/mkdir
ac_cv_prog_AWK=gawk
ac_cv_prog_CPP='gcc -E'
ac_cv_prog_CXXCPP='g++ -E'
ac_cv_prog_ac_ct_AR=ar
ac_cv_prog_ac_ct_CC=gcc
ac_cv_prog_ac_ct_CXX=g++
ac_cv_prog_ac_ct_MANIFEST_TOOL=mt
ac_cv_prog_ac_ct_OBJDUMP=objdump
ac_cv_prog_ac_ct_RANLIB=ranlib
ac_cv_prog_ac_ct_STRIP=strip
ac_cv_prog_cc_c89=
ac_cv_prog_cc_g=yes
ac_cv_prog_cxx_g=yes
ac_cv_prog_make_make_set=yes
am_cv_CCAS_dependencies_compiler_type=gcc3
am_cv_CC_dependencies_compiler_type=gcc3
am_cv_CXX_dependencies_compiler_type=gcc3
am_cv_make_support_nested_variables=yes
am_cv_prog_cc_c_o=yes
lt_cv_ar_at_file=@
lt_cv_archive_cmds_need_lc=no
lt_cv_deplibs_check_method=pass_all
lt_cv_file_magic_cmd='$MAGIC_CMD'
lt_cv_file_magic_test_file=
lt_cv_ld_reload_flag=-r
lt_cv_nm_interface='BSD nm'
lt_cv_objdir=.libs
lt_cv_path_LD=/usr/bin/ld
lt_cv_path_LDCXX='/usr/bin/ld -m elf_x86_64'
lt_cv_path_NM='/usr/bin/nm -B'
lt_cv_path_mainfest_tool=no
lt_cv_prog_compiler_c_o=yes
lt_cv_prog_compiler_c_o_CXX=yes
lt_cv_prog_compiler_pic='-fPIC -DPIC'
lt_cv_prog_compiler_pic_CXX='-fPIC -DPIC'
lt_cv_prog_compiler_pic_works=yes
lt_cv_prog_compiler_pic_works_CXX=yes
lt_cv_prog_compiler_rtti_exceptions=no
lt_cv_prog_compiler_static_works=yes
lt_cv_prog_compiler_static_works_CXX=yes
lt_cv_prog_gnu_ld=yes
lt_cv_prog_gnu_ldcxx=yes
lt_cv_sharedlib_from_linklib_cmd='printf %s\n'
lt_cv_shlibpath_overrides_runpath=no
lt_cv_sys_global_symbol_pipe='sed -n -e '\''s/^.*[	 ]\([ABCDGIRSTW][ABCDGIRSTW]*\)[	 ][	 ]*\([_A-Za-z][_A-Za-z0-9]*\)$/\1 \2 \2/p'\'' | sed '\''/ __gnu_lto/d'\'''
lt_cv_sys_global_symbol_to_c_name_address='sed -n -e '\''s/^: \(.*\) .*$/  {"\1", (void *) 0},/p'\'' -e '\''s/^[ABCDGIRSTW][ABCDGIRSTW]* .* \(.*\)$/  {"\1", (void *) \&\1},/p'\'''
lt_cv_sys_global_symbol_to_c_name_address_lib_prefix='sed -n -e '\''s/^: \(.*\) .*$/  {"\1", (void *) 0},/p'\'' -e '\''s/^[ABCDGIRSTW][ABCDGIRSTW]* .* \(lib.*\)$/  {"\1", (void *) \&\1},/p'\'' -e '\''s/^[ABCDGIRSTW][ABCDGIRSTW]* .* \(.*\)$/  {"lib\1", (void *) \&\1},/p'\'''
lt_cv_sys_global_symbol_to_cdecl='sed -n -e '\''s/^T .* \(.*\)$/extern int \1();/p'\'' -e '\''s/^[ABCDGIRSTW][ABCDGIRSTW]* .* \(.*\)$/extern char \1;/p'\'''
lt_cv_sys_global_symbol_to_import=
lt_cv_sys_max_cmd_len=1572864
lt_cv_to_host_file_cmd=func_convert_file_noop
lt_cv_to_tool_file_cmd=func_convert_file_noop
lt_cv_truncate_bin='/bin/dd bs=4096 count=1'
pkg_cv_EXPAT_CFLAGS=
pkg_cv_EXPAT_LIBS=-lexpat
pkg_cv_FFI_CFLAGS=
pkg_cv_FFI_LIBS='-L/usr/lib/../lib -lffi'
pkg_cv_LIBXML_CFLAGS=-I/usr/include/libxml2
pkg_cv_LIBXML_LIBS=-lxml2

## ----------------- ##
## Output variables. ##
## ----------------- ##

ACLOCAL='${SHELL} /lfskernel/sources/boot/wayland-1.14.0/missing aclocal-1.15'
AMDEPBACKSLASH='\'
AMDEP_FALSE='#'
AMDEP_TRUE=''
AMTAR='$${TAR-tar}'
AM_BACKSLASH='\'
AM_DEFAULT_V='$(AM_DEFAULT_VERBOSITY)'
AM_DEFAULT_VERBOSITY='0'
AM_V='$(V)'
AR='ar'
AUTOCONF='${SHELL} /lfskernel/sources/boot/wayland-1.14.0/missing autoconf'
AUTOHEADER='${SHELL} /lfskernel/sources/boot/wayland-1.14.0/missing autoheader'
AUTOMAKE='${SHELL} /lfskernel/sources/boot/wayland-1.14.0/missing automake-1.15'
AWK='gawk'
BUILD_DOCS_FALSE=''
BUILD_DOCS_TRUE='#'
CC='gcc'
CCAS='gcc'
CCASDEPMODE='depmode=gcc3'
CCASFLAGS='-g -O2'
CCDEPMODE='depmode=gcc3'
CFLAGS='-g -O2'
CPP='gcc -E'
CPPFLAGS=''
CXX='g++'
CXXCPP='g++ -E'
CXXDEPMODE='depmode=gcc3'
CXXFLAGS='-g -O2'
CYGPATH_W='echo'
DEFS='-DHAVE_CONFIG_H'
DEPDIR='.deps'
DLLTOOL='false'
DOT=''
DOXYGEN=''
DSYMUTIL=''
DTD_VALIDATION_FALSE='#'
DTD_VALIDATION_TRUE=''
DUMPBIN=''
ECHO_C=''
ECHO_N='-n'
ECHO_T=''
EGREP='/usr/bin/grep -E'
ENABLE_CPP_TEST_FALSE='#'
ENABLE_CPP_TEST_TRUE=''
ENABLE_LIBRARIES_FALSE='#'
ENABLE_LIBRARIES_TRUE=''
EXEEXT=''
EXPAT_CFLAGS=''
EXPAT_LIBS='-lexpat'
FFI_CFLAGS=''
FFI_LIBS='-L/usr/lib/../lib -lffi'
FGREP='/usr/bin/grep -F'
GCC_CFLAGS=' -Wall -Wextra -Wno-unused-parameter -g -Wstrict-prototypes -Wmissing-prototypes -fvisibility=hidden'
GREP='/usr/bin/grep'
HAVE_MANPAGES_STYLESHEET_FALSE=''
HAVE_MANPAGES_STYLESHEET_TRUE='#'
HAVE_XMLTO_FALSE=''
HAVE_XMLTO_TRUE='#'
HAVE_XSLTPROC_FALSE='#'
HAVE_XSLTPROC_TRUE=''
ICONDIR='${datarootdir}/icons'
INSTALL_DATA='${INSTALL} -m 644'
INSTALL_PROGRAM='${INSTALL}'
INSTALL_SCRIPT='${INSTALL}'
INSTALL_STRIP_PROGRAM='$(install_sh) -c -s'
LD='/usr/bin/ld -m elf_x86_64'
LDFLAGS=''
LIBOBJS=''
LIBS=''
LIBTOOL='$(SHELL) $(top_builddir)/libtool'
LIBXML_CFLAGS='-I/usr/include/libxml2'
LIBXML_LIBS='-lxml2'
LIPO=''
LN_S='ln -s'
LTLIBOBJS=''
LT_SYS_LIBRARY_PATH=''
MAKEINFO='${SHELL} /lfskernel/sources/boot/wayland-1.14.0/missing makeinfo'
MANIFEST_TOOL=':'
MANPAGES_STYLESHEET='http://docbook.sourceforge.net/release/xsl/current/manpages/docbook.xsl'
MKDIR_P='/bin/mkdir -p'
NM='/usr/bin/nm -B'
NMEDIT=''
OBJDUMP='objdump'
OBJEXT='o'
OTOOL64=''
OTOOL=''
PACKAGE='wayland'
PACKAGE_BUGREPORT='https://bugs.freedesktop.org/enter_bug.cgi?product=Wayland&component=wayland&version=1.14.0'
PACKAGE_NAME='wayland'
PACKAGE_STRING='wayland 1.14.0'
PACKAGE_TARNAME='wayland'
PACKAGE_URL='http://wayland.freedesktop.org/'
PACKAGE_VERSION='1.14.0'
PATH_SEPARATOR=':'
PKG_CONFIG='/usr/bin/pkg-config'
PKG_CONFIG_LIBDIR=''
PKG_CONFIG_PATH=''
RANLIB='ranlib'
SED='/bin/sed'
SET_MAKE=''
SHELL='/bin/sh'
STRIP='strip'
USE_HOST_SCANNER_FALSE=''
USE_HOST_SCANNER_TRUE='#'
VERSION='1.14.0'
WAYLAND_VERSION='1.14.0'
WAYLAND_VERSION_MAJOR='1'
WAYLAND_VERSION_MICRO='0'
WAYLAND_VERSION_MINOR='14'
XMLTO=''
XSLTPROC='/usr/bin/xsltproc'
ac_ct_AR='ar'
ac_ct_CC='gcc'
ac_ct_CXX='g++'
ac_ct_DUMPBIN=''
am__EXEEXT_FALSE=''
am__EXEEXT_TRUE='#'
am__fastdepCCAS_FALSE='#'
am__fastdepCCAS_TRUE=''
am__fastdepCC_FALSE='#'
am__fastdepCC_TRUE=''
am__fastdepCXX_FALSE='#'
am__fastdepCXX_TRUE=''
am__include='include'
am__isrc=''
am__leading_dot='.'
am__nodep='_no'
am__quote=''
am__tar='$${TAR-tar} chof - "$$tardir"'
am__untar='$${TAR-tar} xf -'
bindir='${exec_prefix}/bin'
build='x86_64-pc-linux-gnu'
build_alias=''
build_cpu='x86_64'
build_os='linux-gnu'
build_vendor='pc'
datadir='${datarootdir}'
datarootdir='${prefix}/share'
docdir='${datarootdir}/doc/${PACKAGE_TARNAME}'
dvidir='${docdir}'
exec_prefix='${prefix}'
host='x86_64-pc-linux-gnu'
host_alias=''
host_cpu='x86_64'
host_os='linux-gnu'
host_vendor='pc'
htmldir='${docdir}'
includedir='${prefix}/include'
infodir='${datarootdir}/info'
install_sh='${SHELL} /lfskernel/sources/boot/wayland-1.14.0/install-sh'
libdir='${exec_prefix}/lib'
libexecdir='${exec_prefix}/libexec'
localedir='${datarootdir}/locale'
localstatedir='${prefix}/var'
mandir='${datarootdir}/man'
mkdir_p='$(MKDIR_P)'
oldincludedir='/usr/include'
pdfdir='${docdir}'
prefix='/usr'
program_transform_name='s,x,x,'
psdir='${docdir}'
runstatedir='${localstatedir}/run'
sbindir='${exec_prefix}/sbin'
sharedstatedir='${prefix}/com'
sysconfdir='${prefix}/etc'
target_alias=''

## ----------- ##
## confdefs.h. ##
## ----------- ##

/* confdefs.h */
#define PACKAGE_NAME "wayland"
#define PACKAGE_TARNAME "wayland"
#define PACKAGE_VERSION "1.14.0"
#define PACKAGE_STRING "wayland 1.14.0"
#define PACKAGE_BUGREPORT "https://bugs.freedesktop.org/enter_bug.cgi?product=Wayland&component=wayland&version=1.14.0"
#define PACKAGE_URL "http://wayland.freedesktop.org/"
#define PACKAGE "wayland"
#define VERSION "1.14.0"
#define STDC_HEADERS 1
#define HAVE_SYS_TYPES_H 1
#define HAVE_SYS_STAT_H 1
#define HAVE_STDLIB_H 1
#define HAVE_STRING_H 1
#define HAVE_MEMORY_H 1
#define HAVE_STRINGS_H 1
#define HAVE_INTTYPES_H 1
#define HAVE_STDINT_H 1
#define HAVE_UNISTD_H 1
#define HAVE_DLFCN_H 1
#define LT_OBJDIR ".libs/"
#define HAVE_ACCEPT4 1
#define HAVE_MKOSTEMP 1
#define HAVE_POSIX_FALLOCATE 1
#define HAVE_EXECINFO_H 1
#define HAVE_LIBXML 1

configure: exit 0
