make[1]: Entering directory '/lfskernel/sources/boot/wayland-protocols-1.13'
make[1]: Nothing to be done for 'install-exec-am'.
 /bin/mkdir -p '/usr/share/pkgconfig'
 /usr/bin/install -c -m 644 wayland-protocols.pc '/usr/share/pkgconfig'
 /bin/mkdir -p '/usr/share/wayland-protocols'
 /bin/mkdir -p '/usr/share/wayland-protocols/unstable/idle-inhibit'
 /usr/bin/install -c -m 644  unstable/idle-inhibit/idle-inhibit-unstable-v1.xml '/usr/share/wayland-protocols/unstable/idle-inhibit'
 /bin/mkdir -p '/usr/share/wayland-protocols/unstable/input-timestamps'
 /usr/bin/install -c -m 644  unstable/input-timestamps/input-timestamps-unstable-v1.xml '/usr/share/wayland-protocols/unstable/input-timestamps'
 /bin/mkdir -p '/usr/share/wayland-protocols/unstable/fullscreen-shell'
 /usr/bin/install -c -m 644  unstable/fullscreen-shell/fullscreen-shell-unstable-v1.xml '/usr/share/wayland-protocols/unstable/fullscreen-shell'
 /bin/mkdir -p '/usr/share/wayland-protocols/unstable/xdg-output'
 /usr/bin/install -c -m 644  unstable/xdg-output/xdg-output-unstable-v1.xml '/usr/share/wayland-protocols/unstable/xdg-output'
 /bin/mkdir -p '/usr/share/wayland-protocols/unstable/input-method'
 /usr/bin/install -c -m 644  unstable/input-method/input-method-unstable-v1.xml '/usr/share/wayland-protocols/unstable/input-method'
 /bin/mkdir -p '/usr/share/wayland-protocols/stable/viewporter'
 /usr/bin/install -c -m 644  stable/viewporter/viewporter.xml '/usr/share/wayland-protocols/stable/viewporter'
 /bin/mkdir -p '/usr/share/wayland-protocols/unstable/tablet'
 /usr/bin/install -c -m 644  unstable/tablet/tablet-unstable-v1.xml unstable/tablet/tablet-unstable-v2.xml '/usr/share/wayland-protocols/unstable/tablet'
 /bin/mkdir -p '/usr/share/wayland-protocols/unstable/relative-pointer'
 /usr/bin/install -c -m 644  unstable/relative-pointer/relative-pointer-unstable-v1.xml '/usr/share/wayland-protocols/unstable/relative-pointer'
 /bin/mkdir -p '/usr/share/wayland-protocols/stable/xdg-shell'
 /usr/bin/install -c -m 644  stable/xdg-shell/xdg-shell.xml '/usr/share/wayland-protocols/stable/xdg-shell'
 /bin/mkdir -p '/usr/share/wayland-protocols/unstable/xdg-shell'
 /usr/bin/install -c -m 644  unstable/xdg-shell/xdg-shell-unstable-v5.xml unstable/xdg-shell/xdg-shell-unstable-v6.xml '/usr/share/wayland-protocols/unstable/xdg-shell'
 /bin/mkdir -p '/usr/share/wayland-protocols/unstable/linux-dmabuf'
 /usr/bin/install -c -m 644  unstable/linux-dmabuf/linux-dmabuf-unstable-v1.xml '/usr/share/wayland-protocols/unstable/linux-dmabuf'
 /bin/mkdir -p '/usr/share/wayland-protocols/unstable/xdg-foreign'
 /usr/bin/install -c -m 644  unstable/xdg-foreign/xdg-foreign-unstable-v1.xml unstable/xdg-foreign/xdg-foreign-unstable-v2.xml '/usr/share/wayland-protocols/unstable/xdg-foreign'
 /bin/mkdir -p '/usr/share/wayland-protocols/unstable/pointer-constraints'
 /usr/bin/install -c -m 644  unstable/pointer-constraints/pointer-constraints-unstable-v1.xml '/usr/share/wayland-protocols/unstable/pointer-constraints'
 /bin/mkdir -p '/usr/share/wayland-protocols/unstable/pointer-gestures'
 /usr/bin/install -c -m 644  unstable/pointer-gestures/pointer-gestures-unstable-v1.xml '/usr/share/wayland-protocols/unstable/pointer-gestures'
 /bin/mkdir -p '/usr/share/wayland-protocols/unstable/keyboard-shortcuts-inhibit'
 /usr/bin/install -c -m 644  unstable/keyboard-shortcuts-inhibit/keyboard-shortcuts-inhibit-unstable-v1.xml '/usr/share/wayland-protocols/unstable/keyboard-shortcuts-inhibit'
 /bin/mkdir -p '/usr/share/wayland-protocols/stable/presentation-time'
 /usr/bin/install -c -m 644  stable/presentation-time/presentation-time.xml '/usr/share/wayland-protocols/stable/presentation-time'
 /bin/mkdir -p '/usr/share/wayland-protocols/unstable/text-input'
 /usr/bin/install -c -m 644  unstable/text-input/text-input-unstable-v1.xml '/usr/share/wayland-protocols/unstable/text-input'
 /bin/mkdir -p '/usr/share/wayland-protocols/unstable/xwayland-keyboard-grab'
 /usr/bin/install -c -m 644  unstable/xwayland-keyboard-grab/xwayland-keyboard-grab-unstable-v1.xml '/usr/share/wayland-protocols/unstable/xwayland-keyboard-grab'
make[1]: Leaving directory '/lfskernel/sources/boot/wayland-protocols-1.13'
