This file contains any messages produced by compilers while
running configure, to aid debugging if configure makes a mistake.

It was created by wayland-protocols configure 1.13, which was
generated by GNU Autoconf 2.69.  Invocation command line was

  $ ./configure --prefix=/usr

## --------- ##
## Platform. ##
## --------- ##

hostname = localhost.localdomain
uname -m = x86_64
uname -r = 3.10.0-693.11.1.el7.x86_64
uname -s = Linux
uname -v = #1 SMP Mon Dec 4 23:52:40 UTC 2017

/usr/bin/uname -p = unknown
/bin/uname -X     = unknown

/bin/arch              = x86_64
/usr/bin/arch -k       = unknown
/usr/convex/getsysinfo = unknown
/usr/bin/hostinfo      = unknown
/bin/machine           = unknown
/usr/bin/oslevel       = unknown
/bin/universe          = unknown

PATH: /bin
PATH: /usr/bin
PATH: /sbin
PATH: /usr/sbin


## ----------- ##
## Core tests. ##
## ----------- ##

configure:1757: checking for wayland-scanner
configure:1775: found /usr/bin/wayland-scanner
configure:1787: result: /usr/bin/wayland-scanner
configure:2060: checking for a BSD-compatible install
configure:2128: result: /usr/bin/install -c
configure:2139: checking whether build environment is sane
configure:2194: result: yes
configure:2345: checking for a thread-safe mkdir -p
configure:2384: result: /bin/mkdir -p
configure:2391: checking for gawk
configure:2407: found /usr/bin/gawk
configure:2418: result: gawk
configure:2429: checking whether make sets $(MAKE)
configure:2451: result: yes
configure:2480: checking whether make supports nested variables
configure:2497: result: yes
configure:2586: checking whether UID '0' is supported by ustar format
configure:2589: result: yes
configure:2596: checking whether GID '0' is supported by ustar format
configure:2599: result: yes
configure:2607: checking how to create a ustar tar archive
configure:2618: tar --version
tar (GNU tar) 1.30
Copyright (C) 2017 Free Software Foundation, Inc.
License GPLv3+: GNU GPL version 3 or later <https://gnu.org/licenses/gpl.html>.
This is free software: you are free to change and redistribute it.
There is NO WARRANTY, to the extent permitted by law.

Written by John Gilmore and Jay Fenlason.
configure:2621: $? = 0
configure:2661: tardir=conftest.dir && eval tar --format=ustar -chf - "$tardir" >conftest.tar
configure:2664: $? = 0
configure:2668: tar -xf - <conftest.tar
configure:2671: $? = 0
configure:2673: cat conftest.dir/file
GrepMe
configure:2676: $? = 0
configure:2689: result: gnutar
configure:2751: checking whether make supports nested variables
configure:2768: result: yes
configure:2943: checking that generated files are newer than configure
configure:2949: result: done
configure:2957: creating ./config.status

## ---------------------- ##
## Running config.status. ##
## ---------------------- ##

This file was extended by wayland-protocols config.status 1.13, which was
generated by GNU Autoconf 2.69.  Invocation command line was

  CONFIG_FILES    = 
  CONFIG_HEADERS  = 
  CONFIG_LINKS    = 
  CONFIG_COMMANDS = 
  $ ./config.status 

on localhost.localdomain

config.status:754: creating Makefile
config.status:754: creating wayland-protocols.pc
config.status:754: creating wayland-protocols-uninstalled.pc
configure:3983: result:
	Version			1.13
	Prefix			/usr
	

## ---------------- ##
## Cache variables. ##
## ---------------- ##

ac_cv_env_PKG_CONFIG_LIBDIR_set=
ac_cv_env_PKG_CONFIG_LIBDIR_value=
ac_cv_env_PKG_CONFIG_PATH_set=
ac_cv_env_PKG_CONFIG_PATH_value=
ac_cv_env_PKG_CONFIG_set=
ac_cv_env_PKG_CONFIG_value=
ac_cv_env_WAYLAND_SCANNER_CFLAGS_set=
ac_cv_env_WAYLAND_SCANNER_CFLAGS_value=
ac_cv_env_WAYLAND_SCANNER_LIBS_set=
ac_cv_env_WAYLAND_SCANNER_LIBS_value=
ac_cv_env_build_alias_set=
ac_cv_env_build_alias_value=
ac_cv_env_host_alias_set=
ac_cv_env_host_alias_value=
ac_cv_env_target_alias_set=
ac_cv_env_target_alias_value=
ac_cv_env_wayland_scanner_set=
ac_cv_env_wayland_scanner_value=
ac_cv_path_install='/usr/bin/install -c'
ac_cv_path_mkdir=/bin/mkdir
ac_cv_path_wayland_scanner=/usr/bin/wayland-scanner
ac_cv_prog_AWK=gawk
ac_cv_prog_make_make_set=yes
am_cv_make_support_nested_variables=yes
am_cv_prog_tar_ustar=gnutar

## ----------------- ##
## Output variables. ##
## ----------------- ##

ACLOCAL='${SHELL} /lfskernel/sources/boot/wayland-protocols-1.13/missing aclocal-1.15'
AMTAR='$${TAR-tar}'
AM_BACKSLASH='\'
AM_DEFAULT_V='$(AM_DEFAULT_VERBOSITY)'
AM_DEFAULT_VERBOSITY='0'
AM_V='$(V)'
AUTOCONF='${SHELL} /lfskernel/sources/boot/wayland-protocols-1.13/missing autoconf'
AUTOHEADER='${SHELL} /lfskernel/sources/boot/wayland-protocols-1.13/missing autoheader'
AUTOMAKE='${SHELL} /lfskernel/sources/boot/wayland-protocols-1.13/missing automake-1.15'
AWK='gawk'
CYGPATH_W='echo'
DEFS='-DPACKAGE_NAME=\"wayland-protocols\" -DPACKAGE_TARNAME=\"wayland-protocols\" -DPACKAGE_VERSION=\"1.13\" -DPACKAGE_STRING=\"wayland-protocols\ 1.13\" -DPACKAGE_BUGREPORT=\"https://bugs.freedesktop.org/enter_bug.cgi\?product=Wayland\&component=wayland\&version=unspecified\" -DPACKAGE_URL=\"http://wayland.freedesktop.org/\" -DPACKAGE=\"wayland-protocols\" -DVERSION=\"1.13\"'
ECHO_C=''
ECHO_N='-n'
ECHO_T=''
INSTALL_DATA='${INSTALL} -m 644'
INSTALL_PROGRAM='${INSTALL}'
INSTALL_SCRIPT='${INSTALL}'
INSTALL_STRIP_PROGRAM='$(install_sh) -c -s'
LIBOBJS=''
LIBS=''
LTLIBOBJS=''
MAKEINFO='${SHELL} /lfskernel/sources/boot/wayland-protocols-1.13/missing makeinfo'
MKDIR_P='/bin/mkdir -p'
PACKAGE='wayland-protocols'
PACKAGE_BUGREPORT='https://bugs.freedesktop.org/enter_bug.cgi?product=Wayland&component=wayland&version=unspecified'
PACKAGE_NAME='wayland-protocols'
PACKAGE_STRING='wayland-protocols 1.13'
PACKAGE_TARNAME='wayland-protocols'
PACKAGE_URL='http://wayland.freedesktop.org/'
PACKAGE_VERSION='1.13'
PATH_SEPARATOR=':'
PKG_CONFIG=''
PKG_CONFIG_LIBDIR=''
PKG_CONFIG_PATH=''
SET_MAKE=''
SHELL='/bin/sh'
STRIP=''
VERSION='1.13'
WAYLAND_PROTOCOLS_VERSION='1.13'
WAYLAND_SCANNER_CFLAGS=''
WAYLAND_SCANNER_LIBS=''
am__isrc=''
am__leading_dot='.'
am__tar='tar --format=ustar -chf - "$$tardir"'
am__untar='tar -xf -'
bindir='${exec_prefix}/bin'
build_alias=''
datadir='${datarootdir}'
datarootdir='${prefix}/share'
docdir='${datarootdir}/doc/${PACKAGE_TARNAME}'
dvidir='${docdir}'
exec_prefix='${prefix}'
host_alias=''
htmldir='${docdir}'
includedir='${prefix}/include'
infodir='${datarootdir}/info'
install_sh='${SHELL} /lfskernel/sources/boot/wayland-protocols-1.13/install-sh'
libdir='${exec_prefix}/lib'
libexecdir='${exec_prefix}/libexec'
localedir='${datarootdir}/locale'
localstatedir='${prefix}/var'
mandir='${datarootdir}/man'
mkdir_p='$(MKDIR_P)'
noarch_pkgconfigdir='${datadir}/pkgconfig'
oldincludedir='/usr/include'
pdfdir='${docdir}'
prefix='/usr'
program_transform_name='s,x,x,'
psdir='${docdir}'
sbindir='${exec_prefix}/sbin'
sharedstatedir='${prefix}/com'
sysconfdir='${prefix}/etc'
target_alias=''
wayland_scanner='/usr/bin/wayland-scanner'

## ----------- ##
## confdefs.h. ##
## ----------- ##

/* confdefs.h */
#define PACKAGE_NAME "wayland-protocols"
#define PACKAGE_TARNAME "wayland-protocols"
#define PACKAGE_VERSION "1.13"
#define PACKAGE_STRING "wayland-protocols 1.13"
#define PACKAGE_BUGREPORT "https://bugs.freedesktop.org/enter_bug.cgi?product=Wayland&component=wayland&version=unspecified"
#define PACKAGE_URL "http://wayland.freedesktop.org/"
#define PACKAGE "wayland-protocols"
#define VERSION "1.13"

configure: exit 0
