make  install-recursive
make[1]: Entering directory '/lfskernel/sources/boot/wayland-1.14.0'
make[2]: Entering directory '/lfskernel/sources/boot/wayland-1.14.0'
make[3]: Entering directory '/lfskernel/sources/boot/wayland-1.14.0'
 /bin/mkdir -p '/usr/lib'
 /bin/sh ./libtool   --mode=install /usr/bin/install -c   libwayland-server.la libwayland-client.la libwayland-cursor.la '/usr/lib'
libtool: install: /usr/bin/install -c .libs/libwayland-server.so.0.1.0 /usr/lib/libwayland-server.so.0.1.0
libtool: install: (cd /usr/lib && { ln -s -f libwayland-server.so.0.1.0 libwayland-server.so.0 || { rm -f libwayland-server.so.0 && ln -s libwayland-server.so.0.1.0 libwayland-server.so.0; }; })
libtool: install: (cd /usr/lib && { ln -s -f libwayland-server.so.0.1.0 libwayland-server.so || { rm -f libwayland-server.so && ln -s libwayland-server.so.0.1.0 libwayland-server.so; }; })
libtool: install: /usr/bin/install -c .libs/libwayland-server.lai /usr/lib/libwayland-server.la
libtool: install: /usr/bin/install -c .libs/libwayland-client.so.0.3.0 /usr/lib/libwayland-client.so.0.3.0
libtool: install: (cd /usr/lib && { ln -s -f libwayland-client.so.0.3.0 libwayland-client.so.0 || { rm -f libwayland-client.so.0 && ln -s libwayland-client.so.0.3.0 libwayland-client.so.0; }; })
libtool: install: (cd /usr/lib && { ln -s -f libwayland-client.so.0.3.0 libwayland-client.so || { rm -f libwayland-client.so && ln -s libwayland-client.so.0.3.0 libwayland-client.so; }; })
libtool: install: /usr/bin/install -c .libs/libwayland-client.lai /usr/lib/libwayland-client.la
libtool: warning: relinking 'libwayland-cursor.la'
libtool: install: (cd /lfskernel/sources/boot/wayland-1.14.0; /bin/sh "/lfskernel/sources/boot/wayland-1.14.0/libtool"  --silent --tag CC --mode=relink gcc -Wall -Wextra -Wno-unused-parameter -g -Wstrict-prototypes -Wmissing-prototypes -fvisibility=hidden -I./src -I./src -DICONDIR=\"/usr/share/icons\" -g -O2 -o libwayland-cursor.la -rpath /usr/lib cursor/libwayland_cursor_la-wayland-cursor.lo cursor/libwayland_cursor_la-os-compatibility.lo cursor/libwayland_cursor_la-xcursor.lo libwayland-client.la )
libtool: install: /usr/bin/install -c .libs/libwayland-cursor.so.0.0.0T /usr/lib/libwayland-cursor.so.0.0.0
libtool: install: (cd /usr/lib && { ln -s -f libwayland-cursor.so.0.0.0 libwayland-cursor.so.0 || { rm -f libwayland-cursor.so.0 && ln -s libwayland-cursor.so.0.0.0 libwayland-cursor.so.0; }; })
libtool: install: (cd /usr/lib && { ln -s -f libwayland-cursor.so.0.0.0 libwayland-cursor.so || { rm -f libwayland-cursor.so && ln -s libwayland-cursor.so.0.0.0 libwayland-cursor.so; }; })
libtool: install: /usr/bin/install -c .libs/libwayland-cursor.lai /usr/lib/libwayland-cursor.la
libtool: finish: PATH="/bin:/usr/bin:/sbin:/usr/sbin:/sbin" ldconfig -n /usr/lib
----------------------------------------------------------------------
Libraries have been installed in:
   /usr/lib

If you ever happen to want to link against installed libraries
in a given directory, LIBDIR, you must either use libtool, and
specify the full pathname of the library, or use the '-LLIBDIR'
flag during linking and do at least one of the following:
   - add LIBDIR to the 'LD_LIBRARY_PATH' environment variable
     during execution
   - add LIBDIR to the 'LD_RUN_PATH' environment variable
     during linking
   - use the '-Wl,-rpath -Wl,LIBDIR' linker flag
   - have your system administrator add LIBDIR to '/etc/ld.so.conf'

See any operating system documentation about shared libraries for
more information, such as the ld(1) and ld.so(8) manual pages.
----------------------------------------------------------------------
 /bin/mkdir -p '/usr/bin'
  /bin/sh ./libtool   --mode=install /usr/bin/install -c wayland-scanner '/usr/bin'
libtool: install: /usr/bin/install -c wayland-scanner /usr/bin/wayland-scanner
 /bin/mkdir -p '/usr/share/aclocal'
 /usr/bin/install -c -m 644 wayland-scanner.m4 '/usr/share/aclocal'
 /bin/mkdir -p '/usr/share/wayland'
 /usr/bin/install -c -m 644 wayland-scanner.mk protocol/wayland.xml protocol/wayland.dtd '/usr/share/wayland'
 /bin/mkdir -p '/usr/include'
 /usr/bin/install -c -m 644 src/wayland-util.h src/wayland-server.h src/wayland-server-core.h src/wayland-client.h src/wayland-client-core.h src/wayland-egl.h src/wayland-egl-core.h src/wayland-version.h cursor/wayland-cursor.h '/usr/include'
 /bin/mkdir -p '/usr/include'
 /usr/bin/install -c -m 644 protocol/wayland-server-protocol.h protocol/wayland-client-protocol.h '/usr/include'
 /bin/mkdir -p '/usr/lib/pkgconfig'
 /usr/bin/install -c -m 644 src/wayland-scanner.pc src/wayland-client.pc src/wayland-server.pc cursor/wayland-cursor.pc '/usr/lib/pkgconfig'
make[3]: Leaving directory '/lfskernel/sources/boot/wayland-1.14.0'
make[2]: Leaving directory '/lfskernel/sources/boot/wayland-1.14.0'
make[1]: Leaving directory '/lfskernel/sources/boot/wayland-1.14.0'
