  CC       src/wayland_scanner-scanner.o
  CPPAS    src/dtddata.o
  CC       src/libwayland_util_la-wayland-util.lo
  CCLD     libwayland-util.la
  CCLD     wayland-scanner
  GEN      protocol/wayland-server-protocol.h
  GEN      protocol/wayland-protocol.c
  GEN      protocol/wayland-client-protocol.h
  GEN      protocol/wayland-server-protocol-core.h
  GEN      protocol/wayland-client-protocol-core.h
make  all-recursive
make[1]: Entering directory '/lfskernel/sources/boot/wayland-1.14.0'
make[2]: Entering directory '/lfskernel/sources/boot/wayland-1.14.0'
  CC       src/libwayland_server_la-wayland-server.lo
  CC       src/libwayland_server_la-wayland-shm.lo
  CC       src/libwayland_server_la-event-loop.lo
  CC       protocol/libwayland_server_la-wayland-protocol.lo
  CC       src/libwayland_private_la-connection.lo
  CC       src/libwayland_private_la-wayland-os.lo
  CCLD     libwayland-private.la
  CCLD     libwayland-server.la
  CC       src/libwayland_client_la-wayland-client.lo
  CC       protocol/libwayland_client_la-wayland-protocol.lo
  CCLD     libwayland-client.la
  CC       cursor/libwayland_cursor_la-wayland-cursor.lo
  CC       cursor/libwayland_cursor_la-os-compatibility.lo
  CC       cursor/libwayland_cursor_la-xcursor.lo
  CCLD     libwayland-cursor.la
  CC       tests/test-runner.lo
  CC       tests/test-helpers.lo
  CC       tests/test-compositor.lo
  CCLD     libtest-runner.la
  CC       tests/array-test.o
  CCLD     array-test
  CC       tests/client-test.o
  CCLD     client-test
  CC       tests/display-test.o
  CCLD     display-test
  CC       tests/connection-test.o
  CCLD     connection-test
  CC       tests/event-loop-test.o
  CCLD     event-loop-test
  CC       tests/fixed-test.o
  CCLD     fixed-test
  CC       tests/interface-test.o
  CCLD     interface-test
  CC       tests/list-test.o
  CCLD     list-test
  CC       tests/map-test.o
  CCLD     map-test
  CC       tests/os-wrappers-test.o
  CCLD     os-wrappers-test
  CC       tests/sanity-test.o
  CCLD     sanity-test
  CC       tests/socket-test.o
  CCLD     socket-test
  CC       tests/queue-test.o
  CCLD     queue-test
  CC       tests/signal-test.o
  CCLD     signal-test
  CC       tests/newsignal-test.o
  CC       src/wayland-server.o
  CCLD     newsignal-test
  CC       tests/resources-test.o
  CCLD     resources-test
  CC       tests/message-test.o
  CCLD     message-test
  CC       tests/headers-test.o
  CC       tests/headers-protocol-test.o
  CC       tests/headers-protocol-core-test.o
  CCLD     headers-test
  CC       tests/compositor-introspection-test.o
  CCLD     compositor-introspection-test
  CC       tests/protocol-logger-test.o
  CCLD     protocol-logger-test
  CXX      tests/cpp-compile-test.o
  CXXLD    cpp-compile-test
  CC       tests/exec-fd-leak-checker.o
  CCLD     exec-fd-leak-checker
  CC       tests/fixed-benchmark.o
  CCLD     fixed-benchmark
make[2]: Leaving directory '/lfskernel/sources/boot/wayland-1.14.0'
make[1]: Leaving directory '/lfskernel/sources/boot/wayland-1.14.0'
