###############################
# Install xauth-1.0.10.tar.bz2 #
###############################
Making install in .
make[1]: Entering directory '/lfskernel/sources/boot/X11/app/xauth-1.0.10'
make[2]: Entering directory '/lfskernel/sources/boot/X11/app/xauth-1.0.10'
 /bin/mkdir -p '/usr/bin'
  /usr/bin/install -c xauth '/usr/bin'
make[2]: Nothing to be done for 'install-data-am'.
make[2]: Leaving directory '/lfskernel/sources/boot/X11/app/xauth-1.0.10'
make[1]: Leaving directory '/lfskernel/sources/boot/X11/app/xauth-1.0.10'
Making install in man
make[1]: Entering directory '/lfskernel/sources/boot/X11/app/xauth-1.0.10/man'
make[2]: Entering directory '/lfskernel/sources/boot/X11/app/xauth-1.0.10/man'
make[2]: Nothing to be done for 'install-exec-am'.
 /bin/mkdir -p '/usr/share/man/man1'
 /usr/bin/install -c -m 644 xauth.1 '/usr/share/man/man1'
make[2]: Leaving directory '/lfskernel/sources/boot/X11/app/xauth-1.0.10/man'
make[1]: Leaving directory '/lfskernel/sources/boot/X11/app/xauth-1.0.10/man'
Making install in tests
make[1]: Entering directory '/lfskernel/sources/boot/X11/app/xauth-1.0.10/tests'
make[2]: Entering directory '/lfskernel/sources/boot/X11/app/xauth-1.0.10/tests'
make[2]: Nothing to be done for 'install-exec-am'.
make[2]: Nothing to be done for 'install-data-am'.
make[2]: Leaving directory '/lfskernel/sources/boot/X11/app/xauth-1.0.10/tests'
make[1]: Leaving directory '/lfskernel/sources/boot/X11/app/xauth-1.0.10/tests'
