This file contains any messages produced by compilers while
running configure, to aid debugging if configure makes a mistake.

It was created by XCB Proto configure 1.12, which was
generated by GNU Autoconf 2.69.  Invocation command line was

  $ ./configure --prefix=/usr --prefix=/usr --sysconfdir=/etc --localstatedir=/var --disable-static

## --------- ##
## Platform. ##
## --------- ##

hostname = localhost.localdomain
uname -m = x86_64
uname -r = 3.10.0-693.11.1.el7.x86_64
uname -s = Linux
uname -v = #1 SMP Mon Dec 4 23:52:40 UTC 2017

/usr/bin/uname -p = unknown
/bin/uname -X     = unknown

/bin/arch              = x86_64
/usr/bin/arch -k       = unknown
/usr/convex/getsysinfo = unknown
/usr/bin/hostinfo      = unknown
/bin/machine           = unknown
/usr/bin/oslevel       = unknown
/bin/universe          = unknown

PATH: /bin
PATH: /usr/bin
PATH: /sbin
PATH: /usr/sbin


## ----------- ##
## Core tests. ##
## ----------- ##

configure:1786: checking for a BSD-compatible install
configure:1854: result: /usr/bin/install -c
configure:1865: checking whether build environment is sane
configure:1920: result: yes
configure:2071: checking for a thread-safe mkdir -p
configure:2110: result: /bin/mkdir -p
configure:2117: checking for gawk
configure:2133: found /usr/bin/gawk
configure:2144: result: gawk
configure:2155: checking whether make sets $(MAKE)
configure:2177: result: yes
configure:2206: checking whether make supports nested variables
configure:2223: result: yes
configure:2352: checking for xmllint
configure:2370: found /usr/bin/xmllint
configure:2383: result: /usr/bin/xmllint
configure:2439: checking for a Python interpreter with version >= 2.5
configure:2456: python -c import sys # split strings by '.' and convert to numeric. Append some zeros # because we need at least 4 digits for the hex conversion. # map returns an iterator in Python 3.0 and a list in 2.x minver = list(map(int, '2.5'.split('.'))) + [0, 0, 0] minverhex = 0 # xrange is not present in Python 3.0 and range returns an iterator for i in list(range(0, 4)): minverhex = (minverhex << 8) + minver[i] sys.exit(sys.hexversion < minverhex)
configure:2459: $? = 0
configure:2465: result: python
configure:2473: checking for python
configure:2491: found /usr/bin/python
configure:2503: result: /usr/bin/python
configure:2521: checking for python version
configure:2528: result: 2.7
configure:2540: checking for python platform
configure:2547: result: linux2
configure:2573: checking for python script directory
configure:2608: result: ${prefix}/lib/python2.7/site-packages
configure:2617: checking for python extension module directory
configure:2652: result: ${exec_prefix}/lib/python2.7/site-packages
configure:2816: checking that generated files are newer than configure
configure:2822: result: done
configure:2834: creating ./config.status

## ---------------------- ##
## Running config.status. ##
## ---------------------- ##

This file was extended by XCB Proto config.status 1.12, which was
generated by GNU Autoconf 2.69.  Invocation command line was

  CONFIG_FILES    = 
  CONFIG_HEADERS  = 
  CONFIG_LINKS    = 
  CONFIG_COMMANDS = 
  $ ./config.status 

on localhost.localdomain

config.status:759: creating Makefile
config.status:759: creating src/Makefile
config.status:759: creating xcbgen/Makefile
config.status:759: creating xcb-proto.pc
configure:3852: WARNING: unrecognized options: --disable-static

## ---------------- ##
## Cache variables. ##
## ---------------- ##

ac_cv_env_PYTHON_set=
ac_cv_env_PYTHON_value=
ac_cv_env_build_alias_set=
ac_cv_env_build_alias_value=
ac_cv_env_host_alias_set=
ac_cv_env_host_alias_value=
ac_cv_env_target_alias_set=
ac_cv_env_target_alias_value=
ac_cv_path_PYTHON=/usr/bin/python
ac_cv_path_XMLLINT=/usr/bin/xmllint
ac_cv_path_install='/usr/bin/install -c'
ac_cv_path_mkdir=/bin/mkdir
ac_cv_prog_AWK=gawk
ac_cv_prog_make_make_set=yes
am_cv_make_support_nested_variables=yes
am_cv_pathless_PYTHON=python
am_cv_python_platform=linux2
am_cv_python_pyexecdir='${exec_prefix}/lib/python2.7/site-packages'
am_cv_python_pythondir='${prefix}/lib/python2.7/site-packages'
am_cv_python_version=2.7

## ----------------- ##
## Output variables. ##
## ----------------- ##

ACLOCAL='${SHELL} /sources/boot/xcb-proto-1.12/missing aclocal-1.15'
AMTAR='$${TAR-tar}'
AM_BACKSLASH='\'
AM_DEFAULT_V='$(AM_DEFAULT_VERBOSITY)'
AM_DEFAULT_VERBOSITY='1'
AM_V='$(V)'
AUTOCONF='${SHELL} /sources/boot/xcb-proto-1.12/missing autoconf'
AUTOHEADER='${SHELL} /sources/boot/xcb-proto-1.12/missing autoheader'
AUTOMAKE='${SHELL} /sources/boot/xcb-proto-1.12/missing automake-1.15'
AWK='gawk'
CYGPATH_W='echo'
DEFS='-DPACKAGE_NAME=\"XCB\ Proto\" -DPACKAGE_TARNAME=\"xcb-proto\" -DPACKAGE_VERSION=\"1.12\" -DPACKAGE_STRING=\"XCB\ Proto\ 1.12\" -DPACKAGE_BUGREPORT=\"xcb@lists.freedesktop.org\" -DPACKAGE_URL=\"\" -DPACKAGE=\"xcb-proto\" -DVERSION=\"1.12\"'
ECHO_C=''
ECHO_N='-n'
ECHO_T=''
HAVE_XMLLINT_FALSE='#'
HAVE_XMLLINT_TRUE=''
INSTALL_DATA='${INSTALL} -m 644'
INSTALL_PROGRAM='${INSTALL}'
INSTALL_SCRIPT='${INSTALL}'
INSTALL_STRIP_PROGRAM='$(install_sh) -c -s'
LIBOBJS=''
LIBS=''
LTLIBOBJS=''
MAKEINFO='${SHELL} /sources/boot/xcb-proto-1.12/missing makeinfo'
MKDIR_P='/bin/mkdir -p'
PACKAGE='xcb-proto'
PACKAGE_BUGREPORT='xcb@lists.freedesktop.org'
PACKAGE_NAME='XCB Proto'
PACKAGE_STRING='XCB Proto 1.12'
PACKAGE_TARNAME='xcb-proto'
PACKAGE_URL=''
PACKAGE_VERSION='1.12'
PATH_SEPARATOR=':'
PYTHON='/usr/bin/python'
PYTHON_EXEC_PREFIX='${exec_prefix}'
PYTHON_PLATFORM='linux2'
PYTHON_PREFIX='${prefix}'
PYTHON_VERSION='2.7'
SET_MAKE=''
SHELL='/bin/sh'
STRIP=''
VERSION='1.12'
XMLLINT='/usr/bin/xmllint'
am__isrc=''
am__leading_dot='.'
am__tar='$${TAR-tar} chof - "$$tardir"'
am__untar='$${TAR-tar} xf -'
bindir='${exec_prefix}/bin'
build_alias=''
datadir='${datarootdir}'
datarootdir='${prefix}/share'
docdir='${datarootdir}/doc/${PACKAGE_TARNAME}'
dvidir='${docdir}'
exec_prefix='${prefix}'
host_alias=''
htmldir='${docdir}'
includedir='${prefix}/include'
infodir='${datarootdir}/info'
install_sh='${SHELL} /sources/boot/xcb-proto-1.12/install-sh'
libdir='${exec_prefix}/lib'
libexecdir='${exec_prefix}/libexec'
localedir='${datarootdir}/locale'
localstatedir='/var'
mandir='${datarootdir}/man'
mkdir_p='$(MKDIR_P)'
oldincludedir='/usr/include'
pdfdir='${docdir}'
pkgpyexecdir='${pyexecdir}/xcb-proto'
pkgpythondir='${pythondir}/xcb-proto'
prefix='/usr'
program_transform_name='s,x,x,'
psdir='${docdir}'
pyexecdir='${exec_prefix}/lib/python2.7/site-packages'
pythondir='${prefix}/lib/python2.7/site-packages'
runstatedir='${localstatedir}/run'
sbindir='${exec_prefix}/sbin'
sharedstatedir='${prefix}/com'
sysconfdir='/etc'
target_alias=''
xcbincludedir='${datadir}/xcb'

## ----------- ##
## confdefs.h. ##
## ----------- ##

/* confdefs.h */
#define PACKAGE_NAME "XCB Proto"
#define PACKAGE_TARNAME "xcb-proto"
#define PACKAGE_VERSION "1.12"
#define PACKAGE_STRING "XCB Proto 1.12"
#define PACKAGE_BUGREPORT "xcb@lists.freedesktop.org"
#define PACKAGE_URL ""
#define PACKAGE "xcb-proto"
#define VERSION "1.12"

configure: exit 0
