This file contains any messages produced by compilers while
running configure, to aid debugging if configure makes a mistake.

It was created by xcb-util configure 0.4.0, which was
generated by GNU Autoconf 2.69.  Invocation command line was

  $ ./configure --prefix=/usr --prefix=/usr --sysconfdir=/etc --localstatedir=/var --disable-static

## --------- ##
## Platform. ##
## --------- ##

hostname = localhost.localdomain
uname -m = x86_64
uname -r = 3.10.0-693.11.1.el7.x86_64
uname -s = Linux
uname -v = #1 SMP Mon Dec 4 23:52:40 UTC 2017

/usr/bin/uname -p = unknown
/bin/uname -X     = unknown

/bin/arch              = x86_64
/usr/bin/arch -k       = unknown
/usr/convex/getsysinfo = unknown
/usr/bin/hostinfo      = unknown
/bin/machine           = unknown
/usr/bin/oslevel       = unknown
/bin/universe          = unknown

PATH: /bin
PATH: /usr/bin
PATH: /sbin
PATH: /usr/sbin
PATH: /usr/local/bin


## ----------- ##
## Core tests. ##
## ----------- ##

configure:2277: checking for a BSD-compatible install
configure:2345: result: /usr/bin/install -c
configure:2356: checking whether build environment is sane
configure:2411: result: yes
configure:2562: checking for a thread-safe mkdir -p
configure:2601: result: /bin/mkdir -p
configure:2608: checking for gawk
configure:2624: found /usr/bin/gawk
configure:2635: result: gawk
configure:2646: checking whether make sets $(MAKE)
configure:2668: result: yes
configure:2697: checking whether make supports nested variables
configure:2714: result: yes
configure:2870: checking build system type
configure:2884: result: x86_64-unknown-linux-gnu
configure:2904: checking host system type
configure:2917: result: x86_64-unknown-linux-gnu
configure:2958: checking how to print strings
configure:2985: result: printf
configure:3018: checking for style of include used by make
configure:3046: result: GNU
configure:3117: checking for gcc
configure:3133: found /usr/bin/gcc
configure:3144: result: gcc
configure:3373: checking for C compiler version
configure:3382: gcc --version >&5
gcc (GCC) 7.2.0
Copyright (C) 2017 Free Software Foundation, Inc.
This is free software; see the source for copying conditions.  There is NO
warranty; not even for MERCHANTABILITY or FITNESS FOR A PARTICULAR PURPOSE.

configure:3393: $? = 0
configure:3382: gcc -v >&5
Using built-in specs.
COLLECT_GCC=gcc
COLLECT_LTO_WRAPPER=/usr/libexec/gcc/x86_64-pc-linux-gnu/7.2.0/lto-wrapper
Target: x86_64-pc-linux-gnu
Configured with: ../configure --prefix=/usr --enable-languages=c,c++ --disable-multilib --disable-bootstrap --with-system-zlib
Thread model: posix
gcc version 7.2.0 (GCC) 
configure:3393: $? = 0
configure:3382: gcc -V >&5
gcc: error: unrecognized command line option '-V'
gcc: fatal error: no input files
compilation terminated.
configure:3393: $? = 1
configure:3382: gcc -qversion >&5
gcc: error: unrecognized command line option '-qversion'; did you mean '--version'?
gcc: fatal error: no input files
compilation terminated.
configure:3393: $? = 1
configure:3413: checking whether the C compiler works
configure:3435: gcc    conftest.c  >&5
configure:3439: $? = 0
configure:3487: result: yes
configure:3490: checking for C compiler default output file name
configure:3492: result: a.out
configure:3498: checking for suffix of executables
configure:3505: gcc -o conftest    conftest.c  >&5
configure:3509: $? = 0
configure:3531: result: 
configure:3553: checking whether we are cross compiling
configure:3561: gcc -o conftest    conftest.c  >&5
configure:3565: $? = 0
configure:3572: ./conftest
configure:3576: $? = 0
configure:3591: result: no
configure:3596: checking for suffix of object files
configure:3618: gcc -c   conftest.c >&5
configure:3622: $? = 0
configure:3643: result: o
configure:3647: checking whether we are using the GNU C compiler
configure:3666: gcc -c   conftest.c >&5
configure:3666: $? = 0
configure:3675: result: yes
configure:3684: checking whether gcc accepts -g
configure:3704: gcc -c -g  conftest.c >&5
configure:3704: $? = 0
configure:3745: result: yes
configure:3762: checking for gcc option to accept ISO C89
configure:3825: gcc  -c -g -O2  conftest.c >&5
configure:3825: $? = 0
configure:3838: result: none needed
configure:3863: checking whether gcc understands -c and -o together
configure:3885: gcc -c conftest.c -o conftest2.o
configure:3888: $? = 0
configure:3885: gcc -c conftest.c -o conftest2.o
configure:3888: $? = 0
configure:3900: result: yes
configure:3919: checking dependency style of gcc
configure:4030: result: gcc3
configure:4045: checking for a sed that does not truncate output
configure:4109: result: /bin/sed
configure:4127: checking for grep that handles long lines and -e
configure:4185: result: /usr/bin/grep
configure:4190: checking for egrep
configure:4252: result: /usr/bin/grep -E
configure:4257: checking for fgrep
configure:4319: result: /usr/bin/grep -F
configure:4354: checking for ld used by gcc
configure:4421: result: /usr/bin/ld
configure:4428: checking if the linker (/usr/bin/ld) is GNU ld
configure:4443: result: yes
configure:4455: checking for BSD- or MS-compatible name lister (nm)
configure:4504: result: /usr/bin/nm -B
configure:4634: checking the name lister (/usr/bin/nm -B) interface
configure:4641: gcc -c -g -O2  conftest.c >&5
configure:4644: /usr/bin/nm -B "conftest.o"
configure:4647: output
0000000000000000 B some_variable
configure:4654: result: BSD nm
configure:4657: checking whether ln -s works
configure:4661: result: yes
configure:4669: checking the maximum length of command line arguments
configure:4800: result: 1572864
configure:4817: checking whether the shell understands some XSI constructs
configure:4827: result: yes
configure:4831: checking whether the shell understands "+="
configure:4837: result: yes
configure:4872: checking how to convert x86_64-unknown-linux-gnu file names to x86_64-unknown-linux-gnu format
configure:4912: result: func_convert_file_noop
configure:4919: checking how to convert x86_64-unknown-linux-gnu file names to toolchain format
configure:4939: result: func_convert_file_noop
configure:4946: checking for /usr/bin/ld option to reload object files
configure:4953: result: -r
configure:5027: checking for objdump
configure:5043: found /usr/bin/objdump
configure:5054: result: objdump
configure:5086: checking how to recognize dependent libraries
configure:5284: result: pass_all
configure:5369: checking for dlltool
configure:5399: result: no
configure:5429: checking how to associate runtime and link libraries
configure:5456: result: printf %s\n
configure:5517: checking for ar
configure:5533: found /usr/bin/ar
configure:5544: result: ar
configure:5581: checking for archiver @FILE support
configure:5598: gcc -c -g -O2  conftest.c >&5
configure:5598: $? = 0
configure:5601: ar cru libconftest.a @conftest.lst >&5
configure:5604: $? = 0
configure:5609: ar cru libconftest.a @conftest.lst >&5
ar: conftest.o: No such file or directory
configure:5612: $? = 1
configure:5624: result: @
configure:5682: checking for strip
configure:5698: found /usr/bin/strip
configure:5709: result: strip
configure:5781: checking for ranlib
configure:5797: found /usr/bin/ranlib
configure:5808: result: ranlib
configure:5910: checking command to parse /usr/bin/nm -B output from gcc object
configure:6030: gcc -c -g -O2  conftest.c >&5
configure:6033: $? = 0
configure:6037: /usr/bin/nm -B conftest.o \| sed -n -e 's/^.*[ ]\([ABCDGIRSTW][ABCDGIRSTW]*\)[ ][ ]*\([_A-Za-z][_A-Za-z0-9]*\)$/\1 \2 \2/p' | sed '/ __gnu_lto/d' \> conftest.nm
configure:6040: $? = 0
configure:6106: gcc -o conftest -g -O2   conftest.c conftstm.o >&5
configure:6109: $? = 0
configure:6147: result: ok
configure:6184: checking for sysroot
configure:6214: result: no
configure:6291: gcc -c -g -O2  conftest.c >&5
configure:6294: $? = 0
configure:6483: checking for mt
configure:6499: found /bin/mt
configure:6510: result: mt
configure:6533: checking if mt is a manifest tool
configure:6539: mt '-?'
configure:6547: result: no
configure:7189: checking how to run the C preprocessor
configure:7220: gcc -E  conftest.c
configure:7220: $? = 0
configure:7234: gcc -E  conftest.c
conftest.c:11:10: fatal error: ac_nonexistent.h: No such file or directory
 #include <ac_nonexistent.h>
          ^~~~~~~~~~~~~~~~~~
compilation terminated.
configure:7234: $? = 1
configure: failed program was:
| /* confdefs.h */
| #define PACKAGE_NAME "xcb-util"
| #define PACKAGE_TARNAME "xcb-util"
| #define PACKAGE_VERSION "0.4.0"
| #define PACKAGE_STRING "xcb-util 0.4.0"
| #define PACKAGE_BUGREPORT "https://bugs.freedesktop.org/enter_bug.cgi?product=xcb&component=Utils"
| #define PACKAGE_URL ""
| #define PACKAGE "xcb-util"
| #define VERSION "0.4.0"
| /* end confdefs.h.  */
| #include <ac_nonexistent.h>
configure:7259: result: gcc -E
configure:7279: gcc -E  conftest.c
configure:7279: $? = 0
configure:7293: gcc -E  conftest.c
conftest.c:11:10: fatal error: ac_nonexistent.h: No such file or directory
 #include <ac_nonexistent.h>
          ^~~~~~~~~~~~~~~~~~
compilation terminated.
configure:7293: $? = 1
configure: failed program was:
| /* confdefs.h */
| #define PACKAGE_NAME "xcb-util"
| #define PACKAGE_TARNAME "xcb-util"
| #define PACKAGE_VERSION "0.4.0"
| #define PACKAGE_STRING "xcb-util 0.4.0"
| #define PACKAGE_BUGREPORT "https://bugs.freedesktop.org/enter_bug.cgi?product=xcb&component=Utils"
| #define PACKAGE_URL ""
| #define PACKAGE "xcb-util"
| #define VERSION "0.4.0"
| /* end confdefs.h.  */
| #include <ac_nonexistent.h>
configure:7322: checking for ANSI C header files
configure:7342: gcc -c -g -O2  conftest.c >&5
configure:7342: $? = 0
configure:7415: gcc -o conftest -g -O2   conftest.c  >&5
configure:7415: $? = 0
configure:7415: ./conftest
configure:7415: $? = 0
configure:7426: result: yes
configure:7439: checking for sys/types.h
configure:7439: gcc -c -g -O2  conftest.c >&5
configure:7439: $? = 0
configure:7439: result: yes
configure:7439: checking for sys/stat.h
configure:7439: gcc -c -g -O2  conftest.c >&5
configure:7439: $? = 0
configure:7439: result: yes
configure:7439: checking for stdlib.h
configure:7439: gcc -c -g -O2  conftest.c >&5
configure:7439: $? = 0
configure:7439: result: yes
configure:7439: checking for string.h
configure:7439: gcc -c -g -O2  conftest.c >&5
configure:7439: $? = 0
configure:7439: result: yes
configure:7439: checking for memory.h
configure:7439: gcc -c -g -O2  conftest.c >&5
configure:7439: $? = 0
configure:7439: result: yes
configure:7439: checking for strings.h
configure:7439: gcc -c -g -O2  conftest.c >&5
configure:7439: $? = 0
configure:7439: result: yes
configure:7439: checking for inttypes.h
configure:7439: gcc -c -g -O2  conftest.c >&5
configure:7439: $? = 0
configure:7439: result: yes
configure:7439: checking for stdint.h
configure:7439: gcc -c -g -O2  conftest.c >&5
configure:7439: $? = 0
configure:7439: result: yes
configure:7439: checking for unistd.h
configure:7439: gcc -c -g -O2  conftest.c >&5
configure:7439: $? = 0
configure:7439: result: yes
configure:7453: checking for dlfcn.h
configure:7453: gcc -c -g -O2  conftest.c >&5
configure:7453: $? = 0
configure:7453: result: yes
configure:7659: checking for objdir
configure:7674: result: .libs
configure:7945: checking if gcc supports -fno-rtti -fno-exceptions
configure:7963: gcc -c -g -O2  -fno-rtti -fno-exceptions conftest.c >&5
cc1: warning: command line option '-fno-rtti' is valid for C++/ObjC++ but not for C
configure:7967: $? = 0
configure:7980: result: no
configure:8307: checking for gcc option to produce PIC
configure:8314: result: -fPIC -DPIC
configure:8322: checking if gcc PIC flag -fPIC -DPIC works
configure:8340: gcc -c -g -O2  -fPIC -DPIC -DPIC conftest.c >&5
configure:8344: $? = 0
configure:8357: result: yes
configure:8386: checking if gcc static flag -static works
configure:8414: result: yes
configure:8429: checking if gcc supports -c -o file.o
configure:8450: gcc -c -g -O2  -o out/conftest2.o conftest.c >&5
configure:8454: $? = 0
configure:8476: result: yes
configure:8484: checking if gcc supports -c -o file.o
configure:8531: result: yes
configure:8564: checking whether the gcc linker (/usr/bin/ld -m elf_x86_64) supports shared libraries
configure:9721: result: yes
configure:9758: checking whether -lc should be explicitly linked in
configure:9766: gcc -c -g -O2  conftest.c >&5
configure:9769: $? = 0
configure:9784: gcc -shared  -fPIC -DPIC conftest.o  -v -Wl,-soname -Wl,conftest -o conftest 2\>\&1 \| /usr/bin/grep  -lc  \>/dev/null 2\>\&1
configure:9787: $? = 0
configure:9801: result: no
configure:9961: checking dynamic linker characteristics
configure:10461: gcc -o conftest -g -O2   -Wl,-rpath -Wl,/foo conftest.c  >&5
configure:10461: $? = 0
configure:10695: result: GNU/Linux ld.so
configure:10802: checking how to hardcode library paths into programs
configure:10827: result: immediate
configure:11367: checking whether stripping libraries is possible
configure:11372: result: yes
configure:11407: checking if libtool supports shared libraries
configure:11409: result: yes
configure:11412: checking whether to build shared libraries
configure:11433: result: yes
configure:11436: checking whether to build static libraries
configure:11440: result: no
configure:11531: checking for pkg-config
configure:11549: found /usr/bin/pkg-config
configure:11561: result: /usr/bin/pkg-config
configure:11586: checking pkg-config is at least version 0.9.0
configure:11589: result: yes
configure:11597: checking for gcc option to accept ISO C99
configure:11746: gcc  -c -g -O2  conftest.c >&5
configure:11746: $? = 0
configure:11759: result: none needed
configure:11778: checking whether __clang__ is declared
configure:11778: gcc -c -g -O2  conftest.c >&5
conftest.c: In function 'main':
conftest.c:63:10: error: '__clang__' undeclared (first use in this function); did you mean '__clock_t'?
   (void) __clang__;
          ^~~~~~~~~
          __clock_t
conftest.c:63:10: note: each undeclared identifier is reported only once for each function it appears in
configure:11778: $? = 1
configure: failed program was:
| /* confdefs.h */
| #define PACKAGE_NAME "xcb-util"
| #define PACKAGE_TARNAME "xcb-util"
| #define PACKAGE_VERSION "0.4.0"
| #define PACKAGE_STRING "xcb-util 0.4.0"
| #define PACKAGE_BUGREPORT "https://bugs.freedesktop.org/enter_bug.cgi?product=xcb&component=Utils"
| #define PACKAGE_URL ""
| #define PACKAGE "xcb-util"
| #define VERSION "0.4.0"
| #define STDC_HEADERS 1
| #define HAVE_SYS_TYPES_H 1
| #define HAVE_SYS_STAT_H 1
| #define HAVE_STDLIB_H 1
| #define HAVE_STRING_H 1
| #define HAVE_MEMORY_H 1
| #define HAVE_STRINGS_H 1
| #define HAVE_INTTYPES_H 1
| #define HAVE_STDINT_H 1
| #define HAVE_UNISTD_H 1
| #define HAVE_DLFCN_H 1
| #define LT_OBJDIR ".libs/"
| /* end confdefs.h.  */
| #include <stdio.h>
| #ifdef HAVE_SYS_TYPES_H
| # include <sys/types.h>
| #endif
| #ifdef HAVE_SYS_STAT_H
| # include <sys/stat.h>
| #endif
| #ifdef STDC_HEADERS
| # include <stdlib.h>
| # include <stddef.h>
| #else
| # ifdef HAVE_STDLIB_H
| #  include <stdlib.h>
| # endif
| #endif
| #ifdef HAVE_STRING_H
| # if !defined STDC_HEADERS && defined HAVE_MEMORY_H
| #  include <memory.h>
| # endif
| # include <string.h>
| #endif
| #ifdef HAVE_STRINGS_H
| # include <strings.h>
| #endif
| #ifdef HAVE_INTTYPES_H
| # include <inttypes.h>
| #endif
| #ifdef HAVE_STDINT_H
| # include <stdint.h>
| #endif
| #ifdef HAVE_UNISTD_H
| # include <unistd.h>
| #endif
| int
| main ()
| {
| #ifndef __clang__
| #ifdef __cplusplus
|   (void) __clang__;
| #else
|   (void) __clang__;
| #endif
| #endif
| 
|   ;
|   return 0;
| }
configure:11778: result: no
configure:11785: checking whether __INTEL_COMPILER is declared
configure:11785: gcc -c -g -O2  conftest.c >&5
conftest.c: In function 'main':
conftest.c:63:10: error: '__INTEL_COMPILER' undeclared (first use in this function); did you mean '__BYTE_ORDER'?
   (void) __INTEL_COMPILER;
          ^~~~~~~~~~~~~~~~
          __BYTE_ORDER
conftest.c:63:10: note: each undeclared identifier is reported only once for each function it appears in
configure:11785: $? = 1
configure: failed program was:
| /* confdefs.h */
| #define PACKAGE_NAME "xcb-util"
| #define PACKAGE_TARNAME "xcb-util"
| #define PACKAGE_VERSION "0.4.0"
| #define PACKAGE_STRING "xcb-util 0.4.0"
| #define PACKAGE_BUGREPORT "https://bugs.freedesktop.org/enter_bug.cgi?product=xcb&component=Utils"
| #define PACKAGE_URL ""
| #define PACKAGE "xcb-util"
| #define VERSION "0.4.0"
| #define STDC_HEADERS 1
| #define HAVE_SYS_TYPES_H 1
| #define HAVE_SYS_STAT_H 1
| #define HAVE_STDLIB_H 1
| #define HAVE_STRING_H 1
| #define HAVE_MEMORY_H 1
| #define HAVE_STRINGS_H 1
| #define HAVE_INTTYPES_H 1
| #define HAVE_STDINT_H 1
| #define HAVE_UNISTD_H 1
| #define HAVE_DLFCN_H 1
| #define LT_OBJDIR ".libs/"
| /* end confdefs.h.  */
| #include <stdio.h>
| #ifdef HAVE_SYS_TYPES_H
| # include <sys/types.h>
| #endif
| #ifdef HAVE_SYS_STAT_H
| # include <sys/stat.h>
| #endif
| #ifdef STDC_HEADERS
| # include <stdlib.h>
| # include <stddef.h>
| #else
| # ifdef HAVE_STDLIB_H
| #  include <stdlib.h>
| # endif
| #endif
| #ifdef HAVE_STRING_H
| # if !defined STDC_HEADERS && defined HAVE_MEMORY_H
| #  include <memory.h>
| # endif
| # include <string.h>
| #endif
| #ifdef HAVE_STRINGS_H
| # include <strings.h>
| #endif
| #ifdef HAVE_INTTYPES_H
| # include <inttypes.h>
| #endif
| #ifdef HAVE_STDINT_H
| # include <stdint.h>
| #endif
| #ifdef HAVE_UNISTD_H
| # include <unistd.h>
| #endif
| int
| main ()
| {
| #ifndef __INTEL_COMPILER
| #ifdef __cplusplus
|   (void) __INTEL_COMPILER;
| #else
|   (void) __INTEL_COMPILER;
| #endif
| #endif
| 
|   ;
|   return 0;
| }
configure:11785: result: no
configure:11792: checking whether __SUNPRO_C is declared
configure:11792: gcc -c -g -O2  conftest.c >&5
conftest.c: In function 'main':
conftest.c:63:10: error: '__SUNPRO_C' undeclared (first use in this function); did you mean '__INT8_C'?
   (void) __SUNPRO_C;
          ^~~~~~~~~~
          __INT8_C
conftest.c:63:10: note: each undeclared identifier is reported only once for each function it appears in
configure:11792: $? = 1
configure: failed program was:
| /* confdefs.h */
| #define PACKAGE_NAME "xcb-util"
| #define PACKAGE_TARNAME "xcb-util"
| #define PACKAGE_VERSION "0.4.0"
| #define PACKAGE_STRING "xcb-util 0.4.0"
| #define PACKAGE_BUGREPORT "https://bugs.freedesktop.org/enter_bug.cgi?product=xcb&component=Utils"
| #define PACKAGE_URL ""
| #define PACKAGE "xcb-util"
| #define VERSION "0.4.0"
| #define STDC_HEADERS 1
| #define HAVE_SYS_TYPES_H 1
| #define HAVE_SYS_STAT_H 1
| #define HAVE_STDLIB_H 1
| #define HAVE_STRING_H 1
| #define HAVE_MEMORY_H 1
| #define HAVE_STRINGS_H 1
| #define HAVE_INTTYPES_H 1
| #define HAVE_STDINT_H 1
| #define HAVE_UNISTD_H 1
| #define HAVE_DLFCN_H 1
| #define LT_OBJDIR ".libs/"
| /* end confdefs.h.  */
| #include <stdio.h>
| #ifdef HAVE_SYS_TYPES_H
| # include <sys/types.h>
| #endif
| #ifdef HAVE_SYS_STAT_H
| # include <sys/stat.h>
| #endif
| #ifdef STDC_HEADERS
| # include <stdlib.h>
| # include <stddef.h>
| #else
| # ifdef HAVE_STDLIB_H
| #  include <stdlib.h>
| # endif
| #endif
| #ifdef HAVE_STRING_H
| # if !defined STDC_HEADERS && defined HAVE_MEMORY_H
| #  include <memory.h>
| # endif
| # include <string.h>
| #endif
| #ifdef HAVE_STRINGS_H
| # include <strings.h>
| #endif
| #ifdef HAVE_INTTYPES_H
| # include <inttypes.h>
| #endif
| #ifdef HAVE_STDINT_H
| # include <stdint.h>
| #endif
| #ifdef HAVE_UNISTD_H
| # include <unistd.h>
| #endif
| int
| main ()
| {
| #ifndef __SUNPRO_C
| #ifdef __cplusplus
|   (void) __SUNPRO_C;
| #else
|   (void) __SUNPRO_C;
| #endif
| #endif
| 
|   ;
|   return 0;
| }
configure:11792: result: no
configure:11814: checking for XCB
configure:11821: $PKG_CONFIG --exists --print-errors "xcb >= 1.4"
configure:11824: $? = 0
configure:11838: $PKG_CONFIG --exists --print-errors "xcb >= 1.4"
configure:11841: $? = 0
configure:11899: result: yes
configure:11907: checking whether libxcb was compiled against xcb-proto >= 1.6
configure:11915: checking for gawk
configure:11942: result: gawk
configure:11987: result: yes
configure:12048: checking if gcc supports -Werror=unknown-warning-option
configure:12057: gcc -c -g -O2 -Werror=unknown-warning-option  conftest.c >&5
cc1: error: -Werror=unknown-warning-option: no option -Wunknown-warning-option
configure:12057: $? = 1
configure: failed program was:
| /* confdefs.h */
| #define PACKAGE_NAME "xcb-util"
| #define PACKAGE_TARNAME "xcb-util"
| #define PACKAGE_VERSION "0.4.0"
| #define PACKAGE_STRING "xcb-util 0.4.0"
| #define PACKAGE_BUGREPORT "https://bugs.freedesktop.org/enter_bug.cgi?product=xcb&component=Utils"
| #define PACKAGE_URL ""
| #define PACKAGE "xcb-util"
| #define VERSION "0.4.0"
| #define STDC_HEADERS 1
| #define HAVE_SYS_TYPES_H 1
| #define HAVE_SYS_STAT_H 1
| #define HAVE_STDLIB_H 1
| #define HAVE_STRING_H 1
| #define HAVE_MEMORY_H 1
| #define HAVE_STRINGS_H 1
| #define HAVE_INTTYPES_H 1
| #define HAVE_STDINT_H 1
| #define HAVE_UNISTD_H 1
| #define HAVE_DLFCN_H 1
| #define LT_OBJDIR ".libs/"
| /* end confdefs.h.  */
| int i;
configure:12064: result: no
configure:12075: checking if gcc supports -Werror=unused-command-line-argument
configure:12084: gcc -c -g -O2 -Werror=unused-command-line-argument  conftest.c >&5
cc1: error: -Werror=unused-command-line-argument: no option -Wunused-command-line-argument
configure:12084: $? = 1
configure: failed program was:
| /* confdefs.h */
| #define PACKAGE_NAME "xcb-util"
| #define PACKAGE_TARNAME "xcb-util"
| #define PACKAGE_VERSION "0.4.0"
| #define PACKAGE_STRING "xcb-util 0.4.0"
| #define PACKAGE_BUGREPORT "https://bugs.freedesktop.org/enter_bug.cgi?product=xcb&component=Utils"
| #define PACKAGE_URL ""
| #define PACKAGE "xcb-util"
| #define VERSION "0.4.0"
| #define STDC_HEADERS 1
| #define HAVE_SYS_TYPES_H 1
| #define HAVE_SYS_STAT_H 1
| #define HAVE_STDLIB_H 1
| #define HAVE_STRING_H 1
| #define HAVE_MEMORY_H 1
| #define HAVE_STRINGS_H 1
| #define HAVE_INTTYPES_H 1
| #define HAVE_STDINT_H 1
| #define HAVE_UNISTD_H 1
| #define HAVE_DLFCN_H 1
| #define LT_OBJDIR ".libs/"
| /* end confdefs.h.  */
| int i;
configure:12091: result: no
configure:12110: checking if gcc supports -Wall
configure:12127: gcc -o conftest -g -O2 -Wall   conftest.c  >&5
configure:12127: $? = 0
configure:12140: result: yes
configure:12228: checking if gcc supports -Wpointer-arith
configure:12245: gcc -o conftest -g -O2 -Wpointer-arith   conftest.c  >&5
configure:12245: $? = 0
configure:12258: result: yes
configure:12346: checking if gcc supports -Wmissing-declarations
configure:12363: gcc -o conftest -g -O2 -Wmissing-declarations   conftest.c  >&5
configure:12363: $? = 0
configure:12376: result: yes
configure:12464: checking if gcc supports -Wformat=2
configure:12481: gcc -o conftest -g -O2 -Wformat=2   conftest.c  >&5
configure:12481: $? = 0
configure:12494: result: yes
configure:12633: checking if gcc supports -Wstrict-prototypes
configure:12650: gcc -o conftest -g -O2 -Wstrict-prototypes   conftest.c  >&5
conftest.c:25:1: warning: function declaration isn't a prototype [-Wstrict-prototypes]
 main ()
 ^~~~
configure:12650: $? = 0
configure:12663: result: yes
configure:12751: checking if gcc supports -Wmissing-prototypes
configure:12768: gcc -o conftest -g -O2 -Wmissing-prototypes   conftest.c  >&5
configure:12768: $? = 0
configure:12781: result: yes
configure:12869: checking if gcc supports -Wnested-externs
configure:12886: gcc -o conftest -g -O2 -Wnested-externs   conftest.c  >&5
configure:12886: $? = 0
configure:12899: result: yes
configure:12987: checking if gcc supports -Wbad-function-cast
configure:13004: gcc -o conftest -g -O2 -Wbad-function-cast   conftest.c  >&5
configure:13004: $? = 0
configure:13017: result: yes
configure:13105: checking if gcc supports -Wold-style-definition
configure:13122: gcc -o conftest -g -O2 -Wold-style-definition   conftest.c  >&5
conftest.c: In function 'main':
conftest.c:25:1: warning: old-style function definition [-Wold-style-definition]
 main ()
 ^~~~
configure:13122: $? = 0
configure:13135: result: yes
configure:13272: checking if gcc supports -Wdeclaration-after-statement
configure:13289: gcc -o conftest -g -O2 -Wdeclaration-after-statement   conftest.c  >&5
configure:13289: $? = 0
configure:13302: result: yes
configure:13394: checking if gcc supports -Wunused
configure:13411: gcc -o conftest -g -O2 -Wunused   conftest.c  >&5
configure:13411: $? = 0
configure:13424: result: yes
configure:13512: checking if gcc supports -Wuninitialized
configure:13529: gcc -o conftest -g -O2 -Wuninitialized   conftest.c  >&5
configure:13529: $? = 0
configure:13542: result: yes
configure:13630: checking if gcc supports -Wshadow
configure:13647: gcc -o conftest -g -O2 -Wshadow   conftest.c  >&5
configure:13647: $? = 0
configure:13660: result: yes
configure:13748: checking if gcc supports -Wmissing-noreturn
configure:13765: gcc -o conftest -g -O2 -Wmissing-noreturn   conftest.c  >&5
configure:13765: $? = 0
configure:13778: result: yes
configure:13866: checking if gcc supports -Wmissing-format-attribute
configure:13883: gcc -o conftest -g -O2 -Wmissing-format-attribute   conftest.c  >&5
configure:13883: $? = 0
configure:13896: result: yes
configure:13984: checking if gcc supports -Wredundant-decls
configure:14001: gcc -o conftest -g -O2 -Wredundant-decls   conftest.c  >&5
configure:14001: $? = 0
configure:14014: result: yes
configure:14102: checking if gcc supports -Wlogical-op
configure:14119: gcc -o conftest -g -O2 -Wlogical-op   conftest.c  >&5
configure:14119: $? = 0
configure:14132: result: yes
configure:14232: checking if gcc supports -Werror=implicit
configure:14249: gcc -o conftest -g -O2 -Werror=implicit   conftest.c  >&5
configure:14249: $? = 0
configure:14262: result: yes
configure:14399: checking if gcc supports -Werror=nonnull
configure:14416: gcc -o conftest -g -O2 -Werror=nonnull   conftest.c  >&5
configure:14416: $? = 0
configure:14429: result: yes
configure:14517: checking if gcc supports -Werror=init-self
configure:14534: gcc -o conftest -g -O2 -Werror=init-self   conftest.c  >&5
configure:14534: $? = 0
configure:14547: result: yes
configure:14635: checking if gcc supports -Werror=main
configure:14652: gcc -o conftest -g -O2 -Werror=main   conftest.c  >&5
configure:14652: $? = 0
configure:14665: result: yes
configure:14753: checking if gcc supports -Werror=missing-braces
configure:14770: gcc -o conftest -g -O2 -Werror=missing-braces   conftest.c  >&5
configure:14770: $? = 0
configure:14783: result: yes
configure:14871: checking if gcc supports -Werror=sequence-point
configure:14888: gcc -o conftest -g -O2 -Werror=sequence-point   conftest.c  >&5
configure:14888: $? = 0
configure:14901: result: yes
configure:14989: checking if gcc supports -Werror=return-type
configure:15006: gcc -o conftest -g -O2 -Werror=return-type   conftest.c  >&5
configure:15006: $? = 0
configure:15019: result: yes
configure:15156: checking if gcc supports -Werror=trigraphs
configure:15173: gcc -o conftest -g -O2 -Werror=trigraphs   conftest.c  >&5
configure:15173: $? = 0
configure:15186: result: yes
configure:15274: checking if gcc supports -Werror=array-bounds
configure:15291: gcc -o conftest -g -O2 -Werror=array-bounds   conftest.c  >&5
configure:15291: $? = 0
configure:15304: result: yes
configure:15392: checking if gcc supports -Werror=write-strings
configure:15409: gcc -o conftest -g -O2 -Werror=write-strings   conftest.c  >&5
configure:15409: $? = 0
configure:15422: result: yes
configure:15510: checking if gcc supports -Werror=address
configure:15527: gcc -o conftest -g -O2 -Werror=address   conftest.c  >&5
configure:15527: $? = 0
configure:15540: result: yes
configure:15628: checking if gcc supports -Werror=int-to-pointer-cast
configure:15645: gcc -o conftest -g -O2 -Werror=int-to-pointer-cast   conftest.c  >&5
configure:15645: $? = 0
configure:15658: result: yes
configure:15795: checking if gcc supports -Werror=pointer-to-int-cast
configure:15812: gcc -o conftest -g -O2 -Werror=pointer-to-int-cast   conftest.c  >&5
configure:15812: $? = 0
configure:15825: result: yes
configure:17483: checking if gcc supports -pedantic
configure:17500: gcc -o conftest -g -O2 -pedantic   conftest.c  >&5
configure:17500: $? = 0
configure:17513: result: yes
configure:17601: checking if gcc supports -Werror
configure:17618: gcc -o conftest -g -O2 -Werror   conftest.c  >&5
configure:17618: $? = 0
configure:17631: result: yes
configure:17771: checking if gcc supports -Werror=attributes
configure:17788: gcc -o conftest -g -O2 -Werror=attributes   conftest.c  >&5
configure:17788: $? = 0
configure:17801: result: yes
configure:17961: checking whether make supports nested variables
configure:17978: result: yes
configure:18008: checking whether to build developer documentation
configure:18010: result: yes
configure:18030: checking for doxygen
configure:18063: result: no
configure:18069: WARNING: doxygen not found - documentation targets will be skipped
configure:18204: checking for vasprintf
configure:18204: gcc -o conftest -g -O2   conftest.c  >&5
configure:18204: $? = 0
configure:18204: result: yes
configure:18328: checking that generated files are newer than configure
configure:18334: result: done
configure:18369: creating ./config.status

## ---------------------- ##
## Running config.status. ##
## ---------------------- ##

This file was extended by xcb-util config.status 0.4.0, which was
generated by GNU Autoconf 2.69.  Invocation command line was

  CONFIG_FILES    = 
  CONFIG_HEADERS  = 
  CONFIG_LINKS    = 
  CONFIG_COMMANDS = 
  $ ./config.status 

on localhost.localdomain

config.status:1135: creating Makefile
config.status:1135: creating src/Makefile
config.status:1135: creating xcb-atom.pc
config.status:1135: creating xcb-aux.pc
config.status:1135: creating xcb-event.pc
config.status:1135: creating xcb-util.pc
config.status:1135: creating config.h
config.status:1364: executing depfiles commands
config.status:1364: executing libtool commands

## ---------------- ##
## Cache variables. ##
## ---------------- ##

ac_cv_build=x86_64-unknown-linux-gnu
ac_cv_c_compiler_gnu=yes
ac_cv_env_CC_set=
ac_cv_env_CC_value=
ac_cv_env_CFLAGS_set=
ac_cv_env_CFLAGS_value=
ac_cv_env_CPPFLAGS_set=
ac_cv_env_CPPFLAGS_value=
ac_cv_env_CPP_set=
ac_cv_env_CPP_value=
ac_cv_env_DOT_set=
ac_cv_env_DOT_value=
ac_cv_env_DOXYGEN_set=
ac_cv_env_DOXYGEN_value=
ac_cv_env_LDFLAGS_set=
ac_cv_env_LDFLAGS_value=
ac_cv_env_LIBS_set=
ac_cv_env_LIBS_value=
ac_cv_env_PKG_CONFIG_LIBDIR_set=
ac_cv_env_PKG_CONFIG_LIBDIR_value=
ac_cv_env_PKG_CONFIG_PATH_set=
ac_cv_env_PKG_CONFIG_PATH_value=
ac_cv_env_PKG_CONFIG_set=
ac_cv_env_PKG_CONFIG_value=
ac_cv_env_XCB_CFLAGS_set=
ac_cv_env_XCB_CFLAGS_value=
ac_cv_env_XCB_LIBS_set=
ac_cv_env_XCB_LIBS_value=
ac_cv_env_build_alias_set=
ac_cv_env_build_alias_value=
ac_cv_env_host_alias_set=
ac_cv_env_host_alias_value=
ac_cv_env_target_alias_set=
ac_cv_env_target_alias_value=
ac_cv_func_vasprintf=yes
ac_cv_have_decl___INTEL_COMPILER=no
ac_cv_have_decl___SUNPRO_C=no
ac_cv_have_decl___clang__=no
ac_cv_header_dlfcn_h=yes
ac_cv_header_inttypes_h=yes
ac_cv_header_memory_h=yes
ac_cv_header_stdc=yes
ac_cv_header_stdint_h=yes
ac_cv_header_stdlib_h=yes
ac_cv_header_string_h=yes
ac_cv_header_strings_h=yes
ac_cv_header_sys_stat_h=yes
ac_cv_header_sys_types_h=yes
ac_cv_header_unistd_h=yes
ac_cv_host=x86_64-unknown-linux-gnu
ac_cv_objext=o
ac_cv_path_EGREP='/usr/bin/grep -E'
ac_cv_path_FGREP='/usr/bin/grep -F'
ac_cv_path_GREP=/usr/bin/grep
ac_cv_path_SED=/bin/sed
ac_cv_path_ac_pt_PKG_CONFIG=/usr/bin/pkg-config
ac_cv_path_install='/usr/bin/install -c'
ac_cv_path_mkdir=/bin/mkdir
ac_cv_prog_AWK=gawk
ac_cv_prog_CPP='gcc -E'
ac_cv_prog_ac_ct_AR=ar
ac_cv_prog_ac_ct_CC=gcc
ac_cv_prog_ac_ct_MANIFEST_TOOL=mt
ac_cv_prog_ac_ct_OBJDUMP=objdump
ac_cv_prog_ac_ct_RANLIB=ranlib
ac_cv_prog_ac_ct_STRIP=strip
ac_cv_prog_cc_c89=
ac_cv_prog_cc_c99=
ac_cv_prog_cc_g=yes
ac_cv_prog_make_make_set=yes
am_cv_CC_dependencies_compiler_type=gcc3
am_cv_make_support_nested_variables=yes
am_cv_prog_cc_c_o=yes
lt_cv_ar_at_file=@
lt_cv_archive_cmds_need_lc=no
lt_cv_deplibs_check_method=pass_all
lt_cv_file_magic_cmd='$MAGIC_CMD'
lt_cv_file_magic_test_file=
lt_cv_ld_reload_flag=-r
lt_cv_nm_interface='BSD nm'
lt_cv_objdir=.libs
lt_cv_path_LD=/usr/bin/ld
lt_cv_path_NM='/usr/bin/nm -B'
lt_cv_path_mainfest_tool=no
lt_cv_prog_compiler_c_o=yes
lt_cv_prog_compiler_pic='-fPIC -DPIC'
lt_cv_prog_compiler_pic_works=yes
lt_cv_prog_compiler_rtti_exceptions=no
lt_cv_prog_compiler_static_works=yes
lt_cv_prog_gnu_ld=yes
lt_cv_sharedlib_from_linklib_cmd='printf %s\n'
lt_cv_shlibpath_overrides_runpath=no
lt_cv_sys_global_symbol_pipe='sed -n -e '\''s/^.*[	 ]\([ABCDGIRSTW][ABCDGIRSTW]*\)[	 ][	 ]*\([_A-Za-z][_A-Za-z0-9]*\)$/\1 \2 \2/p'\'' | sed '\''/ __gnu_lto/d'\'''
lt_cv_sys_global_symbol_to_c_name_address='sed -n -e '\''s/^: \([^ ]*\)[ ]*$/  {\"\1\", (void *) 0},/p'\'' -e '\''s/^[ABCDGIRSTW]* \([^ ]*\) \([^ ]*\)$/  {"\2", (void *) \&\2},/p'\'''
lt_cv_sys_global_symbol_to_c_name_address_lib_prefix='sed -n -e '\''s/^: \([^ ]*\)[ ]*$/  {\"\1\", (void *) 0},/p'\'' -e '\''s/^[ABCDGIRSTW]* \([^ ]*\) \(lib[^ ]*\)$/  {"\2", (void *) \&\2},/p'\'' -e '\''s/^[ABCDGIRSTW]* \([^ ]*\) \([^ ]*\)$/  {"lib\2", (void *) \&\2},/p'\'''
lt_cv_sys_global_symbol_to_cdecl='sed -n -e '\''s/^T .* \(.*\)$/extern int \1();/p'\'' -e '\''s/^[ABCDGIRSTW]* .* \(.*\)$/extern char \1;/p'\'''
lt_cv_sys_max_cmd_len=1572864
lt_cv_to_host_file_cmd=func_convert_file_noop
lt_cv_to_tool_file_cmd=func_convert_file_noop
pkg_cv_XCB_CFLAGS=
pkg_cv_XCB_LIBS=-lxcb
xorg_cv_cc_flag__Wall=yes
xorg_cv_cc_flag__Wbad_function_cast=yes
xorg_cv_cc_flag__Wdeclaration_after_statement=yes
xorg_cv_cc_flag__Werror=yes
xorg_cv_cc_flag__Werror_address=yes
xorg_cv_cc_flag__Werror_array_bounds=yes
xorg_cv_cc_flag__Werror_attributes=yes
xorg_cv_cc_flag__Werror_implicit=yes
xorg_cv_cc_flag__Werror_init_self=yes
xorg_cv_cc_flag__Werror_int_to_pointer_cast=yes
xorg_cv_cc_flag__Werror_main=yes
xorg_cv_cc_flag__Werror_missing_braces=yes
xorg_cv_cc_flag__Werror_nonnull=yes
xorg_cv_cc_flag__Werror_pointer_to_int_cast=yes
xorg_cv_cc_flag__Werror_return_type=yes
xorg_cv_cc_flag__Werror_sequence_point=yes
xorg_cv_cc_flag__Werror_trigraphs=yes
xorg_cv_cc_flag__Werror_write_strings=yes
xorg_cv_cc_flag__Wformat_2=yes
xorg_cv_cc_flag__Wlogical_op=yes
xorg_cv_cc_flag__Wmissing_declarations=yes
xorg_cv_cc_flag__Wmissing_format_attribute=yes
xorg_cv_cc_flag__Wmissing_noreturn=yes
xorg_cv_cc_flag__Wmissing_prototypes=yes
xorg_cv_cc_flag__Wnested_externs=yes
xorg_cv_cc_flag__Wold_style_definition=yes
xorg_cv_cc_flag__Wpointer_arith=yes
xorg_cv_cc_flag__Wredundant_decls=yes
xorg_cv_cc_flag__Wshadow=yes
xorg_cv_cc_flag__Wstrict_prototypes=yes
xorg_cv_cc_flag__Wuninitialized=yes
xorg_cv_cc_flag__Wunused=yes
xorg_cv_cc_flag__pedantic=yes
xorg_cv_cc_flag_unknown_warning_option=no
xorg_cv_cc_flag_unused_command_line_argument=no

## ----------------- ##
## Output variables. ##
## ----------------- ##

ACLOCAL='${SHELL} /lfskernel/sources/boot/xcb-util-0.4.0/missing aclocal-1.14'
ADMIN_MAN_DIR='$(mandir)/man$(ADMIN_MAN_SUFFIX)'
ADMIN_MAN_SUFFIX='8'
AMDEPBACKSLASH='\'
AMDEP_FALSE='#'
AMDEP_TRUE=''
AMTAR='$${TAR-tar}'
AM_BACKSLASH='\'
AM_DEFAULT_V='$(AM_DEFAULT_VERBOSITY)'
AM_DEFAULT_VERBOSITY='0'
AM_V='$(V)'
APP_MAN_DIR='$(mandir)/man$(APP_MAN_SUFFIX)'
APP_MAN_SUFFIX='1'
AR='ar'
AUTOCONF='${SHELL} /lfskernel/sources/boot/xcb-util-0.4.0/missing autoconf'
AUTOHEADER='${SHELL} /lfskernel/sources/boot/xcb-util-0.4.0/missing autoheader'
AUTOMAKE='${SHELL} /lfskernel/sources/boot/xcb-util-0.4.0/missing automake-1.14'
AWK='gawk'
BASE_CFLAGS=' -Wall -Wpointer-arith -Wmissing-declarations -Wformat=2 -Wstrict-prototypes -Wmissing-prototypes -Wnested-externs -Wbad-function-cast -Wold-style-definition -Wdeclaration-after-statement -Wunused -Wuninitialized -Wshadow -Wmissing-noreturn -Wmissing-format-attribute -Wredundant-decls -Wlogical-op -Werror=implicit -Werror=nonnull -Werror=init-self -Werror=main -Werror=missing-braces -Werror=sequence-point -Werror=return-type -Werror=trigraphs -Werror=array-bounds -Werror=write-strings -Werror=address -Werror=int-to-pointer-cast -Werror=pointer-to-int-cast'
CC='gcc'
CCDEPMODE='depmode=gcc3'
CFLAGS='-g -O2'
CHANGELOG_CMD='(GIT_DIR=$(top_srcdir)/.git git log > $(top_srcdir)/.changelog.tmp && mv $(top_srcdir)/.changelog.tmp $(top_srcdir)/ChangeLog) || (rm -f $(top_srcdir)/.changelog.tmp; touch $(top_srcdir)/ChangeLog; echo '\''git directory not found: installing possibly empty changelog.'\'' >&2)'
CPP='gcc -E'
CPPFLAGS=''
CWARNFLAGS=' -Wall -Wpointer-arith -Wmissing-declarations -Wformat=2 -Wstrict-prototypes -Wmissing-prototypes -Wnested-externs -Wbad-function-cast -Wold-style-definition -Wdeclaration-after-statement -Wunused -Wuninitialized -Wshadow -Wmissing-noreturn -Wmissing-format-attribute -Wredundant-decls -Wlogical-op -Werror=implicit -Werror=nonnull -Werror=init-self -Werror=main -Werror=missing-braces -Werror=sequence-point -Werror=return-type -Werror=trigraphs -Werror=array-bounds -Werror=write-strings -Werror=address -Werror=int-to-pointer-cast -Werror=pointer-to-int-cast -fno-strict-aliasing'
CYGPATH_W='echo'
DEFS='-DHAVE_CONFIG_H'
DEPDIR='.deps'
DLLTOOL='false'
DOT=''
DOXYGEN=''
DRIVER_MAN_DIR='$(mandir)/man$(DRIVER_MAN_SUFFIX)'
DRIVER_MAN_SUFFIX='4'
DSYMUTIL=''
DUMPBIN=''
ECHO_C=''
ECHO_N='-n'
ECHO_T=''
EGREP='/usr/bin/grep -E'
ENABLE_DEVEL_DOCS_FALSE='#'
ENABLE_DEVEL_DOCS_TRUE=''
EXEEXT=''
FGREP='/usr/bin/grep -F'
FILE_MAN_DIR='$(mandir)/man$(FILE_MAN_SUFFIX)'
FILE_MAN_SUFFIX='5'
GREP='/usr/bin/grep'
HAVE_DOT='no'
HAVE_DOT_FALSE=''
HAVE_DOT_TRUE='#'
HAVE_DOXYGEN_FALSE=''
HAVE_DOXYGEN_TRUE='#'
INSTALL_CMD='(cp -f /usr/share/util-macros/INSTALL $(top_srcdir)/.INSTALL.tmp && mv $(top_srcdir)/.INSTALL.tmp $(top_srcdir)/INSTALL) || (rm -f $(top_srcdir)/.INSTALL.tmp; touch $(top_srcdir)/INSTALL; echo '\''util-macros "pkgdatadir" from xorg-macros.pc not found: installing possibly empty INSTALL.'\'' >&2)'
INSTALL_DATA='${INSTALL} -m 644'
INSTALL_PROGRAM='${INSTALL}'
INSTALL_SCRIPT='${INSTALL}'
INSTALL_STRIP_PROGRAM='$(install_sh) -c -s'
LD='/usr/bin/ld -m elf_x86_64'
LDFLAGS=''
LIBOBJS=''
LIBS=''
LIBTOOL='$(SHELL) $(top_builddir)/libtool'
LIB_MAN_DIR='$(mandir)/man$(LIB_MAN_SUFFIX)'
LIB_MAN_SUFFIX='3'
LIPO=''
LN_S='ln -s'
LTLIBOBJS=''
MAKEINFO='${SHELL} /lfskernel/sources/boot/xcb-util-0.4.0/missing makeinfo'
MANIFEST_TOOL=':'
MAN_SUBSTS='	-e '\''s|__vendorversion__|"$(PACKAGE_STRING)" "$(XORG_MAN_PAGE)"|'\'' 	-e '\''s|__xorgversion__|"$(PACKAGE_STRING)" "$(XORG_MAN_PAGE)"|'\'' 	-e '\''s|__xservername__|Xorg|g'\'' 	-e '\''s|__xconfigfile__|xorg.conf|g'\'' 	-e '\''s|__projectroot__|$(prefix)|g'\'' 	-e '\''s|__apploaddir__|$(appdefaultdir)|g'\'' 	-e '\''s|__appmansuffix__|$(APP_MAN_SUFFIX)|g'\'' 	-e '\''s|__drivermansuffix__|$(DRIVER_MAN_SUFFIX)|g'\'' 	-e '\''s|__adminmansuffix__|$(ADMIN_MAN_SUFFIX)|g'\'' 	-e '\''s|__libmansuffix__|$(LIB_MAN_SUFFIX)|g'\'' 	-e '\''s|__miscmansuffix__|$(MISC_MAN_SUFFIX)|g'\'' 	-e '\''s|__filemansuffix__|$(FILE_MAN_SUFFIX)|g'\'''
MISC_MAN_DIR='$(mandir)/man$(MISC_MAN_SUFFIX)'
MISC_MAN_SUFFIX='7'
MKDIR_P='/bin/mkdir -p'
NM='/usr/bin/nm -B'
NMEDIT=''
OBJDUMP='objdump'
OBJEXT='o'
OTOOL64=''
OTOOL=''
PACKAGE='xcb-util'
PACKAGE_BUGREPORT='https://bugs.freedesktop.org/enter_bug.cgi?product=xcb&component=Utils'
PACKAGE_NAME='xcb-util'
PACKAGE_STRING='xcb-util 0.4.0'
PACKAGE_TARNAME='xcb-util'
PACKAGE_URL=''
PACKAGE_VERSION='0.4.0'
PATH_SEPARATOR=':'
PKG_CONFIG='/usr/bin/pkg-config'
PKG_CONFIG_LIBDIR=''
PKG_CONFIG_PATH=''
RANLIB='ranlib'
SED='/bin/sed'
SET_MAKE=''
SHELL='/bin/sh'
STRICT_CFLAGS=' -pedantic -Werror -Werror=attributes'
STRIP='strip'
VERSION='0.4.0'
XCB_CFLAGS=''
XCB_LIBS='-lxcb'
XORG_MAN_PAGE='X Version 11'
ac_ct_AR='ar'
ac_ct_CC='gcc'
ac_ct_DUMPBIN=''
am__EXEEXT_FALSE=''
am__EXEEXT_TRUE='#'
am__fastdepCC_FALSE='#'
am__fastdepCC_TRUE=''
am__include='include'
am__isrc=''
am__leading_dot='.'
am__nodep='_no'
am__quote=''
am__tar='$${TAR-tar} chof - "$$tardir"'
am__untar='$${TAR-tar} xf -'
bindir='${exec_prefix}/bin'
build='x86_64-unknown-linux-gnu'
build_alias=''
build_cpu='x86_64'
build_os='linux-gnu'
build_vendor='unknown'
datadir='${datarootdir}'
datarootdir='${prefix}/share'
docdir='${datarootdir}/doc/${PACKAGE_TARNAME}'
dvidir='${docdir}'
exec_prefix='${prefix}'
host='x86_64-unknown-linux-gnu'
host_alias=''
host_cpu='x86_64'
host_os='linux-gnu'
host_vendor='unknown'
htmldir='${docdir}'
includedir='${prefix}/include'
infodir='${datarootdir}/info'
install_sh='${SHELL} /lfskernel/sources/boot/xcb-util-0.4.0/install-sh'
libdir='${exec_prefix}/lib'
libexecdir='${exec_prefix}/libexec'
localedir='${datarootdir}/locale'
localstatedir='/var'
mandir='${datarootdir}/man'
mkdir_p='$(MKDIR_P)'
oldincludedir='/usr/include'
pdfdir='${docdir}'
pkgconfigdir='${libdir}/pkgconfig'
prefix='/usr'
program_transform_name='s,x,x,'
psdir='${docdir}'
sbindir='${exec_prefix}/sbin'
sharedstatedir='${prefix}/com'
sysconfdir='/etc'
target_alias=''
xcbincludedir='${includedir}/xcb'

## ----------- ##
## confdefs.h. ##
## ----------- ##

/* confdefs.h */
#define PACKAGE_NAME "xcb-util"
#define PACKAGE_TARNAME "xcb-util"
#define PACKAGE_VERSION "0.4.0"
#define PACKAGE_STRING "xcb-util 0.4.0"
#define PACKAGE_BUGREPORT "https://bugs.freedesktop.org/enter_bug.cgi?product=xcb&component=Utils"
#define PACKAGE_URL ""
#define PACKAGE "xcb-util"
#define VERSION "0.4.0"
#define STDC_HEADERS 1
#define HAVE_SYS_TYPES_H 1
#define HAVE_SYS_STAT_H 1
#define HAVE_STDLIB_H 1
#define HAVE_STRING_H 1
#define HAVE_MEMORY_H 1
#define HAVE_STRINGS_H 1
#define HAVE_INTTYPES_H 1
#define HAVE_STDINT_H 1
#define HAVE_UNISTD_H 1
#define HAVE_DLFCN_H 1
#define LT_OBJDIR ".libs/"
#define PACKAGE_VERSION_MAJOR 0
#define PACKAGE_VERSION_MINOR 4
#define PACKAGE_VERSION_PATCHLEVEL 0
#define HAVE_VASPRINTF 1

configure: exit 0
