This file contains any messages produced by compilers while
running configure, to aid debugging if configure makes a mistake.

It was created by xfsprogs configure 4.12.0, which was
generated by GNU Autoconf 2.69.  Invocation command line was

  $ ./configure --enable-readline

## --------- ##
## Platform. ##
## --------- ##

hostname = localhost.localdomain
uname -m = x86_64
uname -r = 3.10.0-693.11.1.el7.x86_64
uname -s = Linux
uname -v = #1 SMP Mon Dec 4 23:52:40 UTC 2017

/usr/bin/uname -p = unknown
/bin/uname -X     = unknown

/bin/arch              = x86_64
/usr/bin/arch -k       = unknown
/usr/convex/getsysinfo = unknown
/usr/bin/hostinfo      = unknown
/bin/machine           = unknown
/usr/bin/oslevel       = unknown
/bin/universe          = unknown

PATH: /bin
PATH: /usr/bin
PATH: /sbin
PATH: /usr/sbin


## ----------- ##
## Core tests. ##
## ----------- ##

configure:2644: checking for a BSD-compatible install
configure:2712: result: /usr/bin/install -c
configure:2752: checking build system type
configure:2766: result: x86_64-unknown-linux-gnu
configure:2786: checking host system type
configure:2799: result: x86_64-unknown-linux-gnu
configure:2840: checking how to print strings
configure:2867: result: printf
configure:2936: checking for gcc
configure:2952: found /usr/bin/gcc
configure:2963: result: gcc
configure:3192: checking for C compiler version
configure:3201: gcc --version >&5
gcc (GCC) 7.2.0
Copyright (C) 2017 Free Software Foundation, Inc.
This is free software; see the source for copying conditions.  There is NO
warranty; not even for MERCHANTABILITY or FITNESS FOR A PARTICULAR PURPOSE.

configure:3212: $? = 0
configure:3201: gcc -v >&5
Using built-in specs.
COLLECT_GCC=gcc
COLLECT_LTO_WRAPPER=/usr/libexec/gcc/x86_64-pc-linux-gnu/7.2.0/lto-wrapper
Target: x86_64-pc-linux-gnu
Configured with: ../configure --prefix=/usr --enable-languages=c,c++ --disable-multilib --disable-bootstrap --with-system-zlib
Thread model: posix
gcc version 7.2.0 (GCC) 
configure:3212: $? = 0
configure:3201: gcc -V >&5
gcc: error: unrecognized command line option '-V'
gcc: fatal error: no input files
compilation terminated.
configure:3212: $? = 1
configure:3201: gcc -qversion >&5
gcc: error: unrecognized command line option '-qversion'; did you mean '--version'?
gcc: fatal error: no input files
compilation terminated.
configure:3212: $? = 1
configure:3232: checking whether the C compiler works
configure:3254: gcc    conftest.c  >&5
configure:3258: $? = 0
configure:3306: result: yes
configure:3309: checking for C compiler default output file name
configure:3311: result: a.out
configure:3317: checking for suffix of executables
configure:3324: gcc -o conftest    conftest.c  >&5
configure:3328: $? = 0
configure:3350: result: 
configure:3372: checking whether we are cross compiling
configure:3380: gcc -o conftest    conftest.c  >&5
configure:3384: $? = 0
configure:3391: ./conftest
configure:3395: $? = 0
configure:3410: result: no
configure:3415: checking for suffix of object files
configure:3437: gcc -c   conftest.c >&5
configure:3441: $? = 0
configure:3462: result: o
configure:3466: checking whether we are using the GNU C compiler
configure:3485: gcc -c   conftest.c >&5
configure:3485: $? = 0
configure:3494: result: yes
configure:3503: checking whether gcc accepts -g
configure:3523: gcc -c -g  conftest.c >&5
configure:3523: $? = 0
configure:3564: result: yes
configure:3581: checking for gcc option to accept ISO C89
configure:3644: gcc  -c -g -O2  conftest.c >&5
configure:3644: $? = 0
configure:3657: result: none needed
configure:3677: checking for a sed that does not truncate output
configure:3741: result: /bin/sed
configure:3759: checking for grep that handles long lines and -e
configure:3817: result: /usr/bin/grep
configure:3822: checking for egrep
configure:3884: result: /usr/bin/grep -E
configure:3889: checking for fgrep
configure:3951: result: /usr/bin/grep -F
configure:3986: checking for ld used by gcc
configure:4053: result: /usr/bin/ld
configure:4060: checking if the linker (/usr/bin/ld) is GNU ld
configure:4075: result: yes
configure:4087: checking for BSD- or MS-compatible name lister (nm)
configure:4136: result: /usr/bin/nm -B
configure:4266: checking the name lister (/usr/bin/nm -B) interface
configure:4273: gcc -c -g -O2  conftest.c >&5
configure:4276: /usr/bin/nm -B "conftest.o"
configure:4279: output
0000000000000000 B some_variable
configure:4286: result: BSD nm
configure:4289: checking whether ln -s works
configure:4293: result: yes
configure:4301: checking the maximum length of command line arguments
configure:4431: result: 1572864
configure:4448: checking whether the shell understands some XSI constructs
configure:4458: result: yes
configure:4462: checking whether the shell understands "+="
configure:4468: result: yes
configure:4503: checking how to convert x86_64-unknown-linux-gnu file names to x86_64-unknown-linux-gnu format
configure:4543: result: func_convert_file_noop
configure:4550: checking how to convert x86_64-unknown-linux-gnu file names to toolchain format
configure:4570: result: func_convert_file_noop
configure:4577: checking for /usr/bin/ld option to reload object files
configure:4584: result: -r
configure:4658: checking for objdump
configure:4674: found /usr/bin/objdump
configure:4685: result: objdump
configure:4717: checking how to recognize dependent libraries
configure:4919: result: pass_all
configure:5004: checking for dlltool
configure:5034: result: no
configure:5064: checking how to associate runtime and link libraries
configure:5091: result: printf %s\n
configure:5152: checking for ar
configure:5168: found /usr/bin/ar
configure:5179: result: ar
configure:5216: checking for archiver @FILE support
configure:5233: gcc -c -g -O2  conftest.c >&5
configure:5233: $? = 0
configure:5236: ar cru libconftest.a @conftest.lst >&5
configure:5239: $? = 0
configure:5244: ar cru libconftest.a @conftest.lst >&5
ar: conftest.o: No such file or directory
configure:5247: $? = 1
configure:5259: result: @
configure:5317: checking for strip
configure:5333: found /usr/bin/strip
configure:5344: result: strip
configure:5416: checking for ranlib
configure:5432: found /usr/bin/ranlib
configure:5443: result: ranlib
configure:5520: checking for gawk
configure:5536: found /usr/bin/gawk
configure:5547: result: gawk
configure:5587: checking command to parse /usr/bin/nm -B output from gcc object
configure:5707: gcc -c -g -O2  conftest.c >&5
configure:5710: $? = 0
configure:5714: /usr/bin/nm -B conftest.o \| sed -n -e 's/^.*[ ]\([ABCDGIRSTW][ABCDGIRSTW]*\)[ ][ ]*\([_A-Za-z][_A-Za-z0-9]*\)$/\1 \2 \2/p' | sed '/ __gnu_lto/d' \> conftest.nm
configure:5717: $? = 0
configure:5783: gcc -o conftest -g -O2   conftest.c conftstm.o >&5
configure:5786: $? = 0
configure:5824: result: ok
configure:5861: checking for sysroot
configure:5891: result: no
configure:5968: gcc -c -g -O2  conftest.c >&5
configure:5971: $? = 0
configure:6147: checking for mt
configure:6163: found /bin/mt
configure:6174: result: mt
configure:6197: checking if mt is a manifest tool
configure:6203: mt '-?'
configure:6211: result: no
configure:6853: checking how to run the C preprocessor
configure:6884: gcc -E  conftest.c
configure:6884: $? = 0
configure:6898: gcc -E  conftest.c
conftest.c:9:10: fatal error: ac_nonexistent.h: No such file or directory
 #include <ac_nonexistent.h>
          ^~~~~~~~~~~~~~~~~~
compilation terminated.
configure:6898: $? = 1
configure: failed program was:
| /* confdefs.h */
| #define PACKAGE_NAME "xfsprogs"
| #define PACKAGE_TARNAME "xfsprogs"
| #define PACKAGE_VERSION "4.12.0"
| #define PACKAGE_STRING "xfsprogs 4.12.0"
| #define PACKAGE_BUGREPORT "linux-xfs@vger.kernel.org"
| #define PACKAGE_URL ""
| /* end confdefs.h.  */
| #include <ac_nonexistent.h>
configure:6923: result: gcc -E
configure:6943: gcc -E  conftest.c
configure:6943: $? = 0
configure:6957: gcc -E  conftest.c
conftest.c:9:10: fatal error: ac_nonexistent.h: No such file or directory
 #include <ac_nonexistent.h>
          ^~~~~~~~~~~~~~~~~~
compilation terminated.
configure:6957: $? = 1
configure: failed program was:
| /* confdefs.h */
| #define PACKAGE_NAME "xfsprogs"
| #define PACKAGE_TARNAME "xfsprogs"
| #define PACKAGE_VERSION "4.12.0"
| #define PACKAGE_STRING "xfsprogs 4.12.0"
| #define PACKAGE_BUGREPORT "linux-xfs@vger.kernel.org"
| #define PACKAGE_URL ""
| /* end confdefs.h.  */
| #include <ac_nonexistent.h>
configure:6986: checking for ANSI C header files
configure:7006: gcc -c -g -O2  conftest.c >&5
configure:7006: $? = 0
configure:7079: gcc -o conftest -g -O2   conftest.c  >&5
configure:7079: $? = 0
configure:7079: ./conftest
configure:7079: $? = 0
configure:7090: result: yes
configure:7103: checking for sys/types.h
configure:7103: gcc -c -g -O2  conftest.c >&5
configure:7103: $? = 0
configure:7103: result: yes
configure:7103: checking for sys/stat.h
configure:7103: gcc -c -g -O2  conftest.c >&5
configure:7103: $? = 0
configure:7103: result: yes
configure:7103: checking for stdlib.h
configure:7103: gcc -c -g -O2  conftest.c >&5
configure:7103: $? = 0
configure:7103: result: yes
configure:7103: checking for string.h
configure:7103: gcc -c -g -O2  conftest.c >&5
configure:7103: $? = 0
configure:7103: result: yes
configure:7103: checking for memory.h
configure:7103: gcc -c -g -O2  conftest.c >&5
configure:7103: $? = 0
configure:7103: result: yes
configure:7103: checking for strings.h
configure:7103: gcc -c -g -O2  conftest.c >&5
configure:7103: $? = 0
configure:7103: result: yes
configure:7103: checking for inttypes.h
configure:7103: gcc -c -g -O2  conftest.c >&5
configure:7103: $? = 0
configure:7103: result: yes
configure:7103: checking for stdint.h
configure:7103: gcc -c -g -O2  conftest.c >&5
configure:7103: $? = 0
configure:7103: result: yes
configure:7103: checking for unistd.h
configure:7103: gcc -c -g -O2  conftest.c >&5
configure:7103: $? = 0
configure:7103: result: yes
configure:7117: checking for dlfcn.h
configure:7117: gcc -c -g -O2  conftest.c >&5
configure:7117: $? = 0
configure:7117: result: yes
configure:7323: checking for objdir
configure:7338: result: .libs
configure:7609: checking if gcc supports -fno-rtti -fno-exceptions
configure:7627: gcc -c -g -O2  -fno-rtti -fno-exceptions conftest.c >&5
cc1: warning: command line option '-fno-rtti' is valid for C++/ObjC++ but not for C
configure:7631: $? = 0
configure:7644: result: no
configure:7971: checking for gcc option to produce PIC
configure:7978: result: -fPIC -DPIC
configure:7986: checking if gcc PIC flag -fPIC -DPIC works
configure:8004: gcc -c -g -O2  -fPIC -DPIC -DPIC conftest.c >&5
configure:8008: $? = 0
configure:8021: result: yes
configure:8050: checking if gcc static flag -static works
configure:8078: result: yes
configure:8093: checking if gcc supports -c -o file.o
configure:8114: gcc -c -g -O2  -o out/conftest2.o conftest.c >&5
configure:8118: $? = 0
configure:8140: result: yes
configure:8148: checking if gcc supports -c -o file.o
configure:8195: result: yes
configure:8228: checking whether the gcc linker (/usr/bin/ld -m elf_x86_64) supports shared libraries
configure:9381: result: yes
configure:9418: checking whether -lc should be explicitly linked in
configure:9426: gcc -c -g -O2  conftest.c >&5
configure:9429: $? = 0
configure:9444: gcc -shared  -fPIC -DPIC conftest.o  -v -Wl,-soname -Wl,conftest -o conftest 2\>\&1 \| /usr/bin/grep  -lc  \>/dev/null 2\>\&1
configure:9447: $? = 0
configure:9461: result: no
configure:9621: checking dynamic linker characteristics
configure:10132: gcc -o conftest -g -O2   -Wl,-rpath -Wl,/foo conftest.c  >&5
configure:10132: $? = 0
configure:10358: result: GNU/Linux ld.so
configure:10465: checking how to hardcode library paths into programs
configure:10490: result: immediate
configure:11030: checking whether stripping libraries is possible
configure:11035: result: yes
configure:11070: checking if libtool supports shared libraries
configure:11072: result: yes
configure:11075: checking whether to build shared libraries
configure:11096: result: yes
configure:11099: checking whether to build static libraries
configure:11103: result: yes
configure:11189: checking for gcc
configure:11216: result: gcc
configure:11445: checking for C compiler version
configure:11454: gcc --version >&5
gcc (GCC) 7.2.0
Copyright (C) 2017 Free Software Foundation, Inc.
This is free software; see the source for copying conditions.  There is NO
warranty; not even for MERCHANTABILITY or FITNESS FOR A PARTICULAR PURPOSE.

configure:11465: $? = 0
configure:11454: gcc -v >&5
Using built-in specs.
COLLECT_GCC=gcc
COLLECT_LTO_WRAPPER=/usr/libexec/gcc/x86_64-pc-linux-gnu/7.2.0/lto-wrapper
Target: x86_64-pc-linux-gnu
Configured with: ../configure --prefix=/usr --enable-languages=c,c++ --disable-multilib --disable-bootstrap --with-system-zlib
Thread model: posix
gcc version 7.2.0 (GCC) 
configure:11465: $? = 0
configure:11454: gcc -V >&5
gcc: error: unrecognized command line option '-V'
gcc: fatal error: no input files
compilation terminated.
configure:11465: $? = 1
configure:11454: gcc -qversion >&5
gcc: error: unrecognized command line option '-qversion'; did you mean '--version'?
gcc: fatal error: no input files
compilation terminated.
configure:11465: $? = 1
configure:11469: checking whether we are using the GNU C compiler
configure:11497: result: yes
configure:11506: checking whether gcc accepts -g
configure:11567: result: yes
configure:11584: checking for gcc option to accept ISO C89
configure:11660: result: none needed
configure:11903: checking for gcc
configure:11930: result: gcc
configure:12159: checking for C compiler version
configure:12168: gcc --version >&5
gcc (GCC) 7.2.0
Copyright (C) 2017 Free Software Foundation, Inc.
This is free software; see the source for copying conditions.  There is NO
warranty; not even for MERCHANTABILITY or FITNESS FOR A PARTICULAR PURPOSE.

configure:12179: $? = 0
configure:12168: gcc -v >&5
Using built-in specs.
COLLECT_GCC=gcc
COLLECT_LTO_WRAPPER=/usr/libexec/gcc/x86_64-pc-linux-gnu/7.2.0/lto-wrapper
Target: x86_64-pc-linux-gnu
Configured with: ../configure --prefix=/usr --enable-languages=c,c++ --disable-multilib --disable-bootstrap --with-system-zlib
Thread model: posix
gcc version 7.2.0 (GCC) 
configure:12179: $? = 0
configure:12168: gcc -V >&5
gcc: error: unrecognized command line option '-V'
gcc: fatal error: no input files
compilation terminated.
configure:12179: $? = 1
configure:12168: gcc -qversion >&5
gcc: error: unrecognized command line option '-qversion'; did you mean '--version'?
gcc: fatal error: no input files
compilation terminated.
configure:12179: $? = 1
configure:12183: checking whether we are using the GNU C compiler
configure:12211: result: yes
configure:12220: checking whether gcc accepts -g
configure:12281: result: yes
configure:12298: checking for gcc option to accept ISO C89
configure:12374: result: none needed
configure:12476: checking for gcc
configure:12503: result: gcc
configure:12732: checking for C compiler version
configure:12741: gcc --version >&5
gcc (GCC) 7.2.0
Copyright (C) 2017 Free Software Foundation, Inc.
This is free software; see the source for copying conditions.  There is NO
warranty; not even for MERCHANTABILITY or FITNESS FOR A PARTICULAR PURPOSE.

configure:12752: $? = 0
configure:12741: gcc -v >&5
Using built-in specs.
COLLECT_GCC=gcc
COLLECT_LTO_WRAPPER=/usr/libexec/gcc/x86_64-pc-linux-gnu/7.2.0/lto-wrapper
Target: x86_64-pc-linux-gnu
Configured with: ../configure --prefix=/usr --enable-languages=c,c++ --disable-multilib --disable-bootstrap --with-system-zlib
Thread model: posix
gcc version 7.2.0 (GCC) 
configure:12752: $? = 0
configure:12741: gcc -V >&5
gcc: error: unrecognized command line option '-V'
gcc: fatal error: no input files
compilation terminated.
configure:12752: $? = 1
configure:12741: gcc -qversion >&5
gcc: error: unrecognized command line option '-qversion'; did you mean '--version'?
gcc: fatal error: no input files
compilation terminated.
configure:12752: $? = 1
configure:12756: checking whether we are using the GNU C compiler
configure:12784: result: yes
configure:12793: checking whether gcc accepts -g
configure:12854: result: yes
configure:12871: checking for gcc option to accept ISO C89
configure:12947: result: none needed
configure:12980: checking for gmake
configure:13013: result: no
configure:13022: checking for make
configure:13040: found /usr/bin/make
configure:13052: result: /usr/bin/make
configure:13074: checking for tar
configure:13092: found /bin/tar
configure:13104: result: /bin/tar
configure:13118: checking for gzip
configure:13136: found /usr/bin/gzip
configure:13148: result: /usr/bin/gzip
configure:13161: checking whether gcc -MM is supported
configure:13177: result: yes
configure:13327: checking for sort
configure:13346: found /usr/bin/sort
configure:13358: result: /usr/bin/sort
configure:13370: checking whether ln -s works
configure:13374: result: yes
configure:13386: checking for msgfmt
configure:13404: found /usr/bin/msgfmt
configure:13416: result: /usr/bin/msgfmt
configure:13438: checking for msgmerge
configure:13456: found /usr/bin/msgmerge
configure:13468: result: /usr/bin/msgmerge
configure:13490: checking for xgettext
configure:13508: found /usr/bin/xgettext
configure:13520: result: /usr/bin/xgettext
configure:13543: checking for rpm
configure:13576: result: no
configure:13669: checking uuid.h usability
configure:13669: gcc -c -g -O2  conftest.c >&5
conftest.c:54:10: fatal error: uuid.h: No such file or directory
 #include <uuid.h>
          ^~~~~~~~
compilation terminated.
configure:13669: $? = 1
configure: failed program was:
| /* confdefs.h */
| #define PACKAGE_NAME "xfsprogs"
| #define PACKAGE_TARNAME "xfsprogs"
| #define PACKAGE_VERSION "4.12.0"
| #define PACKAGE_STRING "xfsprogs 4.12.0"
| #define PACKAGE_BUGREPORT "linux-xfs@vger.kernel.org"
| #define PACKAGE_URL ""
| #define STDC_HEADERS 1
| #define HAVE_SYS_TYPES_H 1
| #define HAVE_SYS_STAT_H 1
| #define HAVE_STDLIB_H 1
| #define HAVE_STRING_H 1
| #define HAVE_MEMORY_H 1
| #define HAVE_STRINGS_H 1
| #define HAVE_INTTYPES_H 1
| #define HAVE_STDINT_H 1
| #define HAVE_UNISTD_H 1
| #define HAVE_DLFCN_H 1
| #define LT_OBJDIR ".libs/"
| /* end confdefs.h.  */
| #include <stdio.h>
| #ifdef HAVE_SYS_TYPES_H
| # include <sys/types.h>
| #endif
| #ifdef HAVE_SYS_STAT_H
| # include <sys/stat.h>
| #endif
| #ifdef STDC_HEADERS
| # include <stdlib.h>
| # include <stddef.h>
| #else
| # ifdef HAVE_STDLIB_H
| #  include <stdlib.h>
| # endif
| #endif
| #ifdef HAVE_STRING_H
| # if !defined STDC_HEADERS && defined HAVE_MEMORY_H
| #  include <memory.h>
| # endif
| # include <string.h>
| #endif
| #ifdef HAVE_STRINGS_H
| # include <strings.h>
| #endif
| #ifdef HAVE_INTTYPES_H
| # include <inttypes.h>
| #endif
| #ifdef HAVE_STDINT_H
| # include <stdint.h>
| #endif
| #ifdef HAVE_UNISTD_H
| # include <unistd.h>
| #endif
| #include <uuid.h>
configure:13669: result: no
configure:13669: checking uuid.h presence
configure:13669: gcc -E  conftest.c
conftest.c:21:10: fatal error: uuid.h: No such file or directory
 #include <uuid.h>
          ^~~~~~~~
compilation terminated.
configure:13669: $? = 1
configure: failed program was:
| /* confdefs.h */
| #define PACKAGE_NAME "xfsprogs"
| #define PACKAGE_TARNAME "xfsprogs"
| #define PACKAGE_VERSION "4.12.0"
| #define PACKAGE_STRING "xfsprogs 4.12.0"
| #define PACKAGE_BUGREPORT "linux-xfs@vger.kernel.org"
| #define PACKAGE_URL ""
| #define STDC_HEADERS 1
| #define HAVE_SYS_TYPES_H 1
| #define HAVE_SYS_STAT_H 1
| #define HAVE_STDLIB_H 1
| #define HAVE_STRING_H 1
| #define HAVE_MEMORY_H 1
| #define HAVE_STRINGS_H 1
| #define HAVE_INTTYPES_H 1
| #define HAVE_STDINT_H 1
| #define HAVE_UNISTD_H 1
| #define HAVE_DLFCN_H 1
| #define LT_OBJDIR ".libs/"
| /* end confdefs.h.  */
| #include <uuid.h>
configure:13669: result: no
configure:13669: checking for uuid.h
configure:13669: result: no
configure:13669: checking sys/uuid.h usability
configure:13669: gcc -c -g -O2  conftest.c >&5
conftest.c:54:10: fatal error: sys/uuid.h: No such file or directory
 #include <sys/uuid.h>
          ^~~~~~~~~~~~
compilation terminated.
configure:13669: $? = 1
configure: failed program was:
| /* confdefs.h */
| #define PACKAGE_NAME "xfsprogs"
| #define PACKAGE_TARNAME "xfsprogs"
| #define PACKAGE_VERSION "4.12.0"
| #define PACKAGE_STRING "xfsprogs 4.12.0"
| #define PACKAGE_BUGREPORT "linux-xfs@vger.kernel.org"
| #define PACKAGE_URL ""
| #define STDC_HEADERS 1
| #define HAVE_SYS_TYPES_H 1
| #define HAVE_SYS_STAT_H 1
| #define HAVE_STDLIB_H 1
| #define HAVE_STRING_H 1
| #define HAVE_MEMORY_H 1
| #define HAVE_STRINGS_H 1
| #define HAVE_INTTYPES_H 1
| #define HAVE_STDINT_H 1
| #define HAVE_UNISTD_H 1
| #define HAVE_DLFCN_H 1
| #define LT_OBJDIR ".libs/"
| /* end confdefs.h.  */
| #include <stdio.h>
| #ifdef HAVE_SYS_TYPES_H
| # include <sys/types.h>
| #endif
| #ifdef HAVE_SYS_STAT_H
| # include <sys/stat.h>
| #endif
| #ifdef STDC_HEADERS
| # include <stdlib.h>
| # include <stddef.h>
| #else
| # ifdef HAVE_STDLIB_H
| #  include <stdlib.h>
| # endif
| #endif
| #ifdef HAVE_STRING_H
| # if !defined STDC_HEADERS && defined HAVE_MEMORY_H
| #  include <memory.h>
| # endif
| # include <string.h>
| #endif
| #ifdef HAVE_STRINGS_H
| # include <strings.h>
| #endif
| #ifdef HAVE_INTTYPES_H
| # include <inttypes.h>
| #endif
| #ifdef HAVE_STDINT_H
| # include <stdint.h>
| #endif
| #ifdef HAVE_UNISTD_H
| # include <unistd.h>
| #endif
| #include <sys/uuid.h>
configure:13669: result: no
configure:13669: checking sys/uuid.h presence
configure:13669: gcc -E  conftest.c
conftest.c:21:10: fatal error: sys/uuid.h: No such file or directory
 #include <sys/uuid.h>
          ^~~~~~~~~~~~
compilation terminated.
configure:13669: $? = 1
configure: failed program was:
| /* confdefs.h */
| #define PACKAGE_NAME "xfsprogs"
| #define PACKAGE_TARNAME "xfsprogs"
| #define PACKAGE_VERSION "4.12.0"
| #define PACKAGE_STRING "xfsprogs 4.12.0"
| #define PACKAGE_BUGREPORT "linux-xfs@vger.kernel.org"
| #define PACKAGE_URL ""
| #define STDC_HEADERS 1
| #define HAVE_SYS_TYPES_H 1
| #define HAVE_SYS_STAT_H 1
| #define HAVE_STDLIB_H 1
| #define HAVE_STRING_H 1
| #define HAVE_MEMORY_H 1
| #define HAVE_STRINGS_H 1
| #define HAVE_INTTYPES_H 1
| #define HAVE_STDINT_H 1
| #define HAVE_UNISTD_H 1
| #define HAVE_DLFCN_H 1
| #define LT_OBJDIR ".libs/"
| /* end confdefs.h.  */
| #include <sys/uuid.h>
configure:13669: result: no
configure:13669: checking for sys/uuid.h
configure:13669: result: no
configure:13669: checking uuid/uuid.h usability
configure:13669: gcc -c -g -O2  conftest.c >&5
configure:13669: $? = 0
configure:13669: result: yes
configure:13669: checking uuid/uuid.h presence
configure:13669: gcc -E  conftest.c
configure:13669: $? = 0
configure:13669: result: yes
configure:13669: checking for uuid/uuid.h
configure:13669: result: yes
configure:13690: checking for uuid_compare
configure:13690: gcc -o conftest -g -O2   conftest.c  >&5
/tmp/ccp4ZvxO.o: In function `main':
/sources/boot/xfsprogs-4.12.0/conftest.c:56: undefined reference to `uuid_compare'
collect2: error: ld returned 1 exit status
configure:13690: $? = 1
configure: failed program was:
| /* confdefs.h */
| #define PACKAGE_NAME "xfsprogs"
| #define PACKAGE_TARNAME "xfsprogs"
| #define PACKAGE_VERSION "4.12.0"
| #define PACKAGE_STRING "xfsprogs 4.12.0"
| #define PACKAGE_BUGREPORT "linux-xfs@vger.kernel.org"
| #define PACKAGE_URL ""
| #define STDC_HEADERS 1
| #define HAVE_SYS_TYPES_H 1
| #define HAVE_SYS_STAT_H 1
| #define HAVE_STDLIB_H 1
| #define HAVE_STRING_H 1
| #define HAVE_MEMORY_H 1
| #define HAVE_STRINGS_H 1
| #define HAVE_INTTYPES_H 1
| #define HAVE_STDINT_H 1
| #define HAVE_UNISTD_H 1
| #define HAVE_DLFCN_H 1
| #define LT_OBJDIR ".libs/"
| #define HAVE_UUID_UUID_H 1
| /* end confdefs.h.  */
| /* Define uuid_compare to an innocuous variant, in case <limits.h> declares uuid_compare.
|    For example, HP-UX 11i <limits.h> declares gettimeofday.  */
| #define uuid_compare innocuous_uuid_compare
| 
| /* System header to define __stub macros and hopefully few prototypes,
|     which can conflict with char uuid_compare (); below.
|     Prefer <limits.h> to <assert.h> if __STDC__ is defined, since
|     <limits.h> exists even on freestanding compilers.  */
| 
| #ifdef __STDC__
| # include <limits.h>
| #else
| # include <assert.h>
| #endif
| 
| #undef uuid_compare
| 
| /* Override any GCC internal prototype to avoid an error.
|    Use char because int might match the return type of a GCC
|    builtin and then its argument prototype would still apply.  */
| #ifdef __cplusplus
| extern "C"
| #endif
| char uuid_compare ();
| /* The GNU C library defines this for functions which it implements
|     to always fail with ENOSYS.  Some functions are actually named
|     something starting with __ and the normal name is an alias.  */
| #if defined __stub_uuid_compare || defined __stub___uuid_compare
| choke me
| #endif
| 
| int
| main ()
| {
| return uuid_compare ();
|   ;
|   return 0;
| }
configure:13690: result: no
configure:13702: checking for uuid_compare in -luuid
configure:13727: gcc -o conftest -g -O2   conftest.c -luuid   >&5
configure:13727: $? = 0
configure:13736: result: yes
configure:13760: checking pthread.h usability
configure:13760: gcc -c -g -O2  conftest.c >&5
configure:13760: $? = 0
configure:13760: result: yes
configure:13760: checking pthread.h presence
configure:13760: gcc -E  conftest.c
configure:13760: $? = 0
configure:13760: result: yes
configure:13760: checking for pthread.h
configure:13760: result: yes
configure:13790: checking for pthread_mutex_init in -lpthread
configure:13815: gcc -o conftest -g -O2   conftest.c -lpthread  -luuid  >&5
configure:13815: $? = 0
configure:13824: result: yes
configure:13845: checking for fadvise 
configure:13863: gcc -c -g -O2  conftest.c >&5
configure:13863: $? = 0
configure:13865: result: yes
configure:13874: checking for madvise 
configure:13892: gcc -c -g -O2  conftest.c >&5
configure:13892: $? = 0
configure:13894: result: yes
configure:13903: checking for mincore 
configure:13921: gcc -c -g -O2  conftest.c >&5
configure:13921: $? = 0
configure:13923: result: yes
configure:13932: checking for sendfile 
configure:13950: gcc -c -g -O2  conftest.c >&5
configure:13950: $? = 0
configure:13952: result: yes
configure:13961: checking for getmntent 
configure:13979: gcc -c -g -O2  conftest.c >&5
configure:13979: $? = 0
configure:13981: result: yes
configure:13990: checking for getmntinfo 
configure:14009: gcc -c -g -O2  conftest.c >&5
conftest.c:27:10: fatal error: sys/ucred.h: No such file or directory
 #include <sys/ucred.h>
          ^~~~~~~~~~~~~
compilation terminated.
configure:14009: $? = 1
configure: failed program was:
| /* confdefs.h */
| #define PACKAGE_NAME "xfsprogs"
| #define PACKAGE_TARNAME "xfsprogs"
| #define PACKAGE_VERSION "4.12.0"
| #define PACKAGE_STRING "xfsprogs 4.12.0"
| #define PACKAGE_BUGREPORT "linux-xfs@vger.kernel.org"
| #define PACKAGE_URL ""
| #define STDC_HEADERS 1
| #define HAVE_SYS_TYPES_H 1
| #define HAVE_SYS_STAT_H 1
| #define HAVE_STDLIB_H 1
| #define HAVE_STRING_H 1
| #define HAVE_MEMORY_H 1
| #define HAVE_STRINGS_H 1
| #define HAVE_INTTYPES_H 1
| #define HAVE_STDINT_H 1
| #define HAVE_UNISTD_H 1
| #define HAVE_DLFCN_H 1
| #define LT_OBJDIR ".libs/"
| #define HAVE_UUID_UUID_H 1
| #define HAVE_LIBUUID 1
| #define HAVE_PTHREAD_H 1
| #define HAVE_LIBPTHREAD 1
| /* end confdefs.h.  */
| 
| #include <sys/param.h>
| #include <sys/ucred.h>
| #include <sys/mount.h>
| 
| int
| main ()
| {
| 
|          getmntinfo(0, 0);
| 
|   ;
|   return 0;
| }
configure:14014: result: no
configure:14020: checking for fallocate
configure:14039: gcc -o conftest -g -O2   conftest.c -lpthread -luuid  >&5
configure:14039: $? = 0
configure:14041: result: yes
configure:14051: checking for fiemap
configure:14071: gcc -o conftest -g -O2   conftest.c -lpthread -luuid  >&5
conftest.c: In function 'main':
conftest.c:35:10: warning: implicit declaration of function 'ioctl' [-Wimplicit-function-declaration]
          ioctl(0, FS_IOC_FIEMAP, (unsigned long)fiemap);
          ^~~~~
configure:14071: $? = 0
configure:14073: result: yes
configure:14083: checking for preadv
configure:14101: gcc -o conftest -g -O2   conftest.c -lpthread -luuid  >&5
In file included from /usr/include/sys/uio.h:21:0,
                 from conftest.c:27:
/usr/include/features.h:183:3: warning: #warning "_BSD_SOURCE and _SVID_SOURCE are deprecated, use _DEFAULT_SOURCE" [-Wcpp]
 # warning "_BSD_SOURCE and _SVID_SOURCE are deprecated, use _DEFAULT_SOURCE"
   ^~~~~~~
configure:14101: $? = 0
configure:14103: result: yes
configure:14113: checking for copy_file_range
configure:14132: gcc -o conftest -g -O2   conftest.c -lpthread -luuid  >&5
configure:14132: $? = 0
configure:14134: result: yes
configure:14144: checking for sync_file_range
configure:14162: gcc -o conftest -g -O2   conftest.c -lpthread -luuid  >&5
configure:14162: $? = 0
configure:14164: result: yes
configure:14174: checking for syncfs
configure:14192: gcc -o conftest -g -O2   conftest.c -lpthread -luuid  >&5
configure:14192: $? = 0
configure:14194: result: yes
configure:14206: checking mntent.h usability
configure:14206: gcc -c -g -O2  conftest.c >&5
configure:14206: $? = 0
configure:14206: result: yes
configure:14206: checking mntent.h presence
configure:14206: gcc -E  conftest.c
configure:14206: $? = 0
configure:14206: result: yes
configure:14206: checking for mntent.h
configure:14206: result: yes
configure:14218: checking whether fls is declared
configure:14218: gcc -c -g -O2  conftest.c >&5
conftest.c: In function 'main':
conftest.c:36:10: error: 'fls' undeclared (first use in this function); did you mean 'ffs'?
   (void) fls;
          ^~~
          ffs
conftest.c:36:10: note: each undeclared identifier is reported only once for each function it appears in
configure:14218: $? = 1
configure: failed program was:
| /* confdefs.h */
| #define PACKAGE_NAME "xfsprogs"
| #define PACKAGE_TARNAME "xfsprogs"
| #define PACKAGE_VERSION "4.12.0"
| #define PACKAGE_STRING "xfsprogs 4.12.0"
| #define PACKAGE_BUGREPORT "linux-xfs@vger.kernel.org"
| #define PACKAGE_URL ""
| #define STDC_HEADERS 1
| #define HAVE_SYS_TYPES_H 1
| #define HAVE_SYS_STAT_H 1
| #define HAVE_STDLIB_H 1
| #define HAVE_STRING_H 1
| #define HAVE_MEMORY_H 1
| #define HAVE_STRINGS_H 1
| #define HAVE_INTTYPES_H 1
| #define HAVE_STDINT_H 1
| #define HAVE_UNISTD_H 1
| #define HAVE_DLFCN_H 1
| #define LT_OBJDIR ".libs/"
| #define HAVE_UUID_UUID_H 1
| #define HAVE_LIBUUID 1
| #define HAVE_PTHREAD_H 1
| #define HAVE_LIBPTHREAD 1
| #define HAVE_MNTENT_H 1
| /* end confdefs.h.  */
| #include <string.h>
| 
| 
| int
| main ()
| {
| #ifndef fls
| #ifdef __cplusplus
|   (void) fls;
| #else
|   (void) fls;
| #endif
| #endif
| 
|   ;
|   return 0;
| }
configure:14218: result: no
configure:14227: checking for readdir
configure:14244: gcc -o conftest -g -O2   conftest.c -lpthread -luuid  >&5
configure:14244: $? = 0
configure:14246: result: yes
configure:14256: checking whether fsetxattr is declared
configure:14256: gcc -c -g -O2  conftest.c >&5
configure:14256: $? = 0
configure:14256: result: yes
configure:14266: checking whether mremap is declared
configure:14266: gcc -c -g -O2  conftest.c >&5
configure:14266: $? = 0
configure:14266: result: yes
configure:14277: checking for struct fsxattr
configure:14277: gcc -c -g -O2  conftest.c >&5
configure:14277: $? = 0
configure:14277: gcc -c -g -O2  conftest.c >&5
conftest.c: In function 'main':
conftest.c:32:29: error: expected expression before ')' token
 if (sizeof ((struct fsxattr)))
                             ^
configure:14277: $? = 1
configure: failed program was:
| /* confdefs.h */
| #define PACKAGE_NAME "xfsprogs"
| #define PACKAGE_TARNAME "xfsprogs"
| #define PACKAGE_VERSION "4.12.0"
| #define PACKAGE_STRING "xfsprogs 4.12.0"
| #define PACKAGE_BUGREPORT "linux-xfs@vger.kernel.org"
| #define PACKAGE_URL ""
| #define STDC_HEADERS 1
| #define HAVE_SYS_TYPES_H 1
| #define HAVE_SYS_STAT_H 1
| #define HAVE_STDLIB_H 1
| #define HAVE_STRING_H 1
| #define HAVE_MEMORY_H 1
| #define HAVE_STRINGS_H 1
| #define HAVE_INTTYPES_H 1
| #define HAVE_STDINT_H 1
| #define HAVE_UNISTD_H 1
| #define HAVE_DLFCN_H 1
| #define LT_OBJDIR ".libs/"
| #define HAVE_UUID_UUID_H 1
| #define HAVE_LIBUUID 1
| #define HAVE_PTHREAD_H 1
| #define HAVE_LIBPTHREAD 1
| #define HAVE_MNTENT_H 1
| /* end confdefs.h.  */
| #include <linux/fs.h>
| 
| 
| int
| main ()
| {
| if (sizeof ((struct fsxattr)))
| 	    return 0;
|   ;
|   return 0;
| }
configure:14277: result: yes
configure:14282: checking for struct fsxattr.fsx_cowextsize
configure:14282: gcc -c -g -O2  conftest.c >&5
configure:14282: $? = 0
configure:14282: result: yes
configure:14296: checking for GETFSMAP
configure:14318: gcc -o conftest -g -O2   conftest.c -lpthread -luuid  >&5
configure:14318: $? = 0
configure:14320: result: yes
configure:14333: checking for library containing blkid_probe_all
configure:14364: gcc -o conftest -g -O2   conftest.c -lpthread -luuid  >&5
/tmp/ccDtaZ7L.o: In function `main':
/sources/boot/xfsprogs-4.12.0/conftest.c:37: undefined reference to `blkid_probe_all'
collect2: error: ld returned 1 exit status
configure:14364: $? = 1
configure: failed program was:
| /* confdefs.h */
| #define PACKAGE_NAME "xfsprogs"
| #define PACKAGE_TARNAME "xfsprogs"
| #define PACKAGE_VERSION "4.12.0"
| #define PACKAGE_STRING "xfsprogs 4.12.0"
| #define PACKAGE_BUGREPORT "linux-xfs@vger.kernel.org"
| #define PACKAGE_URL ""
| #define STDC_HEADERS 1
| #define HAVE_SYS_TYPES_H 1
| #define HAVE_SYS_STAT_H 1
| #define HAVE_STDLIB_H 1
| #define HAVE_STRING_H 1
| #define HAVE_MEMORY_H 1
| #define HAVE_STRINGS_H 1
| #define HAVE_INTTYPES_H 1
| #define HAVE_STDINT_H 1
| #define HAVE_UNISTD_H 1
| #define HAVE_DLFCN_H 1
| #define LT_OBJDIR ".libs/"
| #define HAVE_UUID_UUID_H 1
| #define HAVE_LIBUUID 1
| #define HAVE_PTHREAD_H 1
| #define HAVE_LIBPTHREAD 1
| #define HAVE_MNTENT_H 1
| /* end confdefs.h.  */
| 
| /* Override any GCC internal prototype to avoid an error.
|    Use char because int might match the return type of a GCC
|    builtin and then its argument prototype would still apply.  */
| #ifdef __cplusplus
| extern "C"
| #endif
| char blkid_probe_all ();
| int
| main ()
| {
| return blkid_probe_all ();
|   ;
|   return 0;
| }
configure:14364: gcc -o conftest -g -O2   conftest.c -lblkid  -lpthread -luuid  >&5
configure:14364: $? = 0
configure:14381: result: -lblkid
configure:14391: checking for blkid_probe_get_topology
configure:14391: gcc -o conftest -g -O2   conftest.c -lblkid -lpthread -luuid  >&5
configure:14391: $? = 0
configure:14391: result: yes
configure:14416: checking size of long
configure:14421: gcc -o conftest -g -O2   conftest.c -lblkid -lpthread -luuid  >&5
configure:14421: $? = 0
configure:14421: ./conftest
configure:14421: $? = 0
configure:14435: result: 8
configure:14449: checking size of char *
configure:14454: gcc -o conftest -g -O2   conftest.c -lblkid -lpthread -luuid  >&5
configure:14454: $? = 0
configure:14454: ./conftest
configure:14454: $? = 0
configure:14468: result: 8
configure:14478: checking for umode_t
configure:14495: gcc -c -g -O2  conftest.c >&5
conftest.c: In function 'main':
conftest.c:36:10: error: unknown type name 'umode_t'
          umode_t umode;
          ^~~~~~~
configure:14495: $? = 1
configure: failed program was:
| /* confdefs.h */
| #define PACKAGE_NAME "xfsprogs"
| #define PACKAGE_TARNAME "xfsprogs"
| #define PACKAGE_VERSION "4.12.0"
| #define PACKAGE_STRING "xfsprogs 4.12.0"
| #define PACKAGE_BUGREPORT "linux-xfs@vger.kernel.org"
| #define PACKAGE_URL ""
| #define STDC_HEADERS 1
| #define HAVE_SYS_TYPES_H 1
| #define HAVE_SYS_STAT_H 1
| #define HAVE_STDLIB_H 1
| #define HAVE_STRING_H 1
| #define HAVE_MEMORY_H 1
| #define HAVE_STRINGS_H 1
| #define HAVE_INTTYPES_H 1
| #define HAVE_STDINT_H 1
| #define HAVE_UNISTD_H 1
| #define HAVE_DLFCN_H 1
| #define LT_OBJDIR ".libs/"
| #define HAVE_UUID_UUID_H 1
| #define HAVE_LIBUUID 1
| #define HAVE_PTHREAD_H 1
| #define HAVE_LIBPTHREAD 1
| #define HAVE_MNTENT_H 1
| #define HAVE_BLKID_PROBE_GET_TOPOLOGY 1
| #define SIZEOF_LONG 8
| #define SIZEOF_CHAR_P 8
| /* end confdefs.h.  */
| 
| #include <asm/types.h>
| 
| int
| main ()
| {
| 
|          umode_t umode;
| 
|   ;
|   return 0;
| }
configure:14500: result: no
configure:14632: creating ./config.status

## ---------------------- ##
## Running config.status. ##
## ---------------------- ##

This file was extended by xfsprogs config.status 4.12.0, which was
generated by GNU Autoconf 2.69.  Invocation command line was

  CONFIG_FILES    = 
  CONFIG_HEADERS  = 
  CONFIG_LINKS    = 
  CONFIG_COMMANDS = 
  $ ./config.status 

on localhost.localdomain

config.status:1163: creating include/builddefs
config.status:1163: creating include/platform_defs.h
config.status:1352: executing libtool commands

## ---------------- ##
## Cache variables. ##
## ---------------- ##

ac_cv_build=x86_64-unknown-linux-gnu
ac_cv_c_compiler_gnu=yes
ac_cv_env_BUILD_CC_set=
ac_cv_env_BUILD_CC_value=
ac_cv_env_BUILD_CFLAGS_set=
ac_cv_env_BUILD_CFLAGS_value=
ac_cv_env_CC_set=
ac_cv_env_CC_value=
ac_cv_env_CFLAGS_set=
ac_cv_env_CFLAGS_value=
ac_cv_env_CPPFLAGS_set=
ac_cv_env_CPPFLAGS_value=
ac_cv_env_CPP_set=
ac_cv_env_CPP_value=
ac_cv_env_LDFLAGS_set=
ac_cv_env_LDFLAGS_value=
ac_cv_env_LIBS_set=
ac_cv_env_LIBS_value=
ac_cv_env_build_alias_set=
ac_cv_env_build_alias_value=
ac_cv_env_host_alias_set=
ac_cv_env_host_alias_value=
ac_cv_env_target_alias_set=
ac_cv_env_target_alias_value=
ac_cv_func_blkid_probe_get_topology=yes
ac_cv_func_uuid_compare=no
ac_cv_gcc_nodeps=yes
ac_cv_have_decl_fls=no
ac_cv_have_decl_fsetxattr=yes
ac_cv_have_decl_mremap=yes
ac_cv_header_dlfcn_h=yes
ac_cv_header_inttypes_h=yes
ac_cv_header_memory_h=yes
ac_cv_header_mntent_h=yes
ac_cv_header_pthread_h=yes
ac_cv_header_stdc=yes
ac_cv_header_stdint_h=yes
ac_cv_header_stdlib_h=yes
ac_cv_header_string_h=yes
ac_cv_header_strings_h=yes
ac_cv_header_sys_stat_h=yes
ac_cv_header_sys_types_h=yes
ac_cv_header_sys_uuid_h=no
ac_cv_header_unistd_h=yes
ac_cv_header_uuid_h=no
ac_cv_header_uuid_uuid_h=yes
ac_cv_host=x86_64-unknown-linux-gnu
ac_cv_lib_pthread_pthread_mutex_init=yes
ac_cv_lib_uuid_uuid_compare=yes
ac_cv_member_struct_fsxattr_fsx_cowextsize=yes
ac_cv_objext=o
ac_cv_path_EGREP='/usr/bin/grep -E'
ac_cv_path_FGREP='/usr/bin/grep -F'
ac_cv_path_GREP=/usr/bin/grep
ac_cv_path_MAKE=/usr/bin/make
ac_cv_path_MSGFMT=/usr/bin/msgfmt
ac_cv_path_MSGMERGE=/usr/bin/msgmerge
ac_cv_path_SED=/bin/sed
ac_cv_path_SORT=/usr/bin/sort
ac_cv_path_TAR=/bin/tar
ac_cv_path_XGETTEXT=/usr/bin/xgettext
ac_cv_path_ZIP=/usr/bin/gzip
ac_cv_path_install='/usr/bin/install -c'
ac_cv_prog_AWK=gawk
ac_cv_prog_CPP='gcc -E'
ac_cv_prog_ac_ct_AR=ar
ac_cv_prog_ac_ct_CC=gcc
ac_cv_prog_ac_ct_MANIFEST_TOOL=mt
ac_cv_prog_ac_ct_OBJDUMP=objdump
ac_cv_prog_ac_ct_RANLIB=ranlib
ac_cv_prog_ac_ct_STRIP=strip
ac_cv_prog_cc_c89=
ac_cv_prog_cc_g=yes
ac_cv_search_blkid_probe_all=-lblkid
ac_cv_sizeof_char_p=8
ac_cv_sizeof_long=8
ac_cv_type_struct_fsxattr=yes
lt_cv_ar_at_file=@
lt_cv_archive_cmds_need_lc=no
lt_cv_deplibs_check_method=pass_all
lt_cv_file_magic_cmd='$MAGIC_CMD'
lt_cv_file_magic_test_file=
lt_cv_ld_reload_flag=-r
lt_cv_nm_interface='BSD nm'
lt_cv_objdir=.libs
lt_cv_path_LD=/usr/bin/ld
lt_cv_path_NM='/usr/bin/nm -B'
lt_cv_path_mainfest_tool=no
lt_cv_prog_compiler_c_o=yes
lt_cv_prog_compiler_pic='-fPIC -DPIC'
lt_cv_prog_compiler_pic_works=yes
lt_cv_prog_compiler_rtti_exceptions=no
lt_cv_prog_compiler_static_works=yes
lt_cv_prog_gnu_ld=yes
lt_cv_sharedlib_from_linklib_cmd='printf %s\n'
lt_cv_shlibpath_overrides_runpath=no
lt_cv_sys_global_symbol_pipe='sed -n -e '\''s/^.*[	 ]\([ABCDGIRSTW][ABCDGIRSTW]*\)[	 ][	 ]*\([_A-Za-z][_A-Za-z0-9]*\)$/\1 \2 \2/p'\'' | sed '\''/ __gnu_lto/d'\'''
lt_cv_sys_global_symbol_to_c_name_address='sed -n -e '\''s/^: \([^ ]*\)[ ]*$/  {\"\1\", (void *) 0},/p'\'' -e '\''s/^[ABCDGIRSTW]* \([^ ]*\) \([^ ]*\)$/  {"\2", (void *) \&\2},/p'\'''
lt_cv_sys_global_symbol_to_c_name_address_lib_prefix='sed -n -e '\''s/^: \([^ ]*\)[ ]*$/  {\"\1\", (void *) 0},/p'\'' -e '\''s/^[ABCDGIRSTW]* \([^ ]*\) \(lib[^ ]*\)$/  {"\2", (void *) \&\2},/p'\'' -e '\''s/^[ABCDGIRSTW]* \([^ ]*\) \([^ ]*\)$/  {"lib\2", (void *) \&\2},/p'\'''
lt_cv_sys_global_symbol_to_cdecl='sed -n -e '\''s/^T .* \(.*\)$/extern int \1();/p'\'' -e '\''s/^[ABCDGIRSTW]* .* \(.*\)$/extern char \1;/p'\'''
lt_cv_sys_max_cmd_len=1572864
lt_cv_to_host_file_cmd=func_convert_file_noop
lt_cv_to_tool_file_cmd=func_convert_file_noop

## ----------------- ##
## Output variables. ##
## ----------------- ##

AR='ar'
AWK='gawk'
BUILD_CC='gcc'
BUILD_CFLAGS='-g -O2'
CC='gcc'
CFLAGS='-g -O2'
CPP='gcc -E'
CPPFLAGS=''
DEFS='-DHAVE_CONFIG_H'
DLLTOOL='false'
DSYMUTIL=''
DUMPBIN=''
ECHO='printf %s\n'
ECHO_C=''
ECHO_N='-n'
ECHO_T=''
EGREP='/usr/bin/grep -E'
EXEEXT=''
FGREP='/usr/bin/grep -F'
GREP='/usr/bin/grep'
INSTALL_DATA='${INSTALL} -m 644'
INSTALL_PROGRAM='${INSTALL}'
INSTALL_SCRIPT='${INSTALL}'
LD='/usr/bin/ld -m elf_x86_64'
LDFLAGS=''
LIBOBJS=''
LIBS='-lblkid -lpthread -luuid '
LIBTOOL='$(SHELL) $(top_builddir)/libtool'
LIPO=''
LN_S='ln -s'
LOCALIZED_FILES=' $(TOPDIR)/./libhandle/jdm.c $(TOPDIR)/./libhandle/handle.c $(TOPDIR)/./mdrestore/xfs_mdrestore.c $(TOPDIR)/./spaceman/file.c $(TOPDIR)/./spaceman/freesp.c $(TOPDIR)/./spaceman/prealloc.c $(TOPDIR)/./spaceman/trim.c $(TOPDIR)/./spaceman/init.c $(TOPDIR)/./copy/xfs_copy.c $(TOPDIR)/./libxlog/util.c $(TOPDIR)/./libxlog/xfs_log_recover.c $(TOPDIR)/./repair/globals.c $(TOPDIR)/./repair/avl64.c $(TOPDIR)/./repair/dinode.c $(TOPDIR)/./repair/rmap.c $(TOPDIR)/./repair/phase2.c $(TOPDIR)/./repair/attr_repair.c $(TOPDIR)/./repair/dir2.c $(TOPDIR)/./repair/progress.c $(TOPDIR)/./repair/xfs_repair.c $(TOPDIR)/./repair/phase3.c $(TOPDIR)/./repair/phase1.c $(TOPDIR)/./repair/btree.c $(TOPDIR)/./repair/phase5.c $(TOPDIR)/./repair/da_util.c $(TOPDIR)/./repair/versions.c $(TOPDIR)/./repair/sb.c $(TOPDIR)/./repair/incore_bmc.c $(TOPDIR)/./repair/threads.c $(TOPDIR)/./repair/incore_ext.c $(TOPDIR)/./repair/bmap.c $(TOPDIR)/./repair/agheader.c $(TOPDIR)/./repair/prefetch.c $(TOPDIR)/./repair/slab.c $(TOPDIR)/./repair/dino_chunks.c $(TOPDIR)/./repair/phase7.c $(TOPDIR)/./repair/rt.c $(TOPDIR)/./repair/phase6.c $(TOPDIR)/./repair/incore.c $(TOPDIR)/./repair/init.c $(TOPDIR)/./repair/incore_ino.c $(TOPDIR)/./repair/phase4.c $(TOPDIR)/./repair/avl.c $(TOPDIR)/./repair/scan.c $(TOPDIR)/./io/sync.c $(TOPDIR)/./io/copy_file_range.c $(TOPDIR)/./io/inject.c $(TOPDIR)/./io/freeze.c $(TOPDIR)/./io/encrypt.c $(TOPDIR)/./io/shutdown.c $(TOPDIR)/./io/madvise.c $(TOPDIR)/./io/mmap.c $(TOPDIR)/./io/file.c $(TOPDIR)/./io/fiemap.c $(TOPDIR)/./io/fsync.c $(TOPDIR)/./io/truncate.c $(TOPDIR)/./io/readdir.c $(TOPDIR)/./io/stat.c $(TOPDIR)/./io/cowextsize.c $(TOPDIR)/./io/pwrite.c $(TOPDIR)/./io/open.c $(TOPDIR)/./io/reflink.c $(TOPDIR)/./io/bmap.c $(TOPDIR)/./io/resblks.c $(TOPDIR)/./io/sendfile.c $(TOPDIR)/./io/link.c $(TOPDIR)/./io/imap.c $(TOPDIR)/./io/fadvise.c $(TOPDIR)/./io/seek.c $(TOPDIR)/./io/sync_file_range.c $(TOPDIR)/./io/getrusage.c $(TOPDIR)/./io/parent.c $(TOPDIR)/./io/fsmap.c $(TOPDIR)/./io/pread.c $(TOPDIR)/./io/prealloc.c $(TOPDIR)/./io/init.c $(TOPDIR)/./io/mincore.c $(TOPDIR)/./io/utimes.c $(TOPDIR)/./io/attr.c $(TOPDIR)/./growfs/xfs_growfs.c $(TOPDIR)/./estimate/xfs_estimate.c $(TOPDIR)/./mkfs/xfs_mkfs.c $(TOPDIR)/./mkfs/proto.c $(TOPDIR)/./mkfs/maxtrres.c $(TOPDIR)/./quota/irix.c $(TOPDIR)/./quota/state.c $(TOPDIR)/./quota/free.c $(TOPDIR)/./quota/darwin.c $(TOPDIR)/./quota/util.c $(TOPDIR)/./quota/quota.c $(TOPDIR)/./quota/project.c $(TOPDIR)/./quota/edit.c $(TOPDIR)/./quota/report.c $(TOPDIR)/./quota/path.c $(TOPDIR)/./quota/linux.c $(TOPDIR)/./quota/init.c $(TOPDIR)/./quota/quot.c $(TOPDIR)/./quota/freebsd.c $(TOPDIR)/./libxfs/xfs_alloc_btree.c $(TOPDIR)/./libxfs/cache.c $(TOPDIR)/./libxfs/irix.c $(TOPDIR)/./libxfs/crc32.c $(TOPDIR)/./libxfs/xfs_da_btree.c $(TOPDIR)/./libxfs/xfs_attr.c $(TOPDIR)/./libxfs/darwin.c $(TOPDIR)/./libxfs/xfs_defer.c $(TOPDIR)/./libxfs/xfs_dir2_leaf.c $(TOPDIR)/./libxfs/util.c $(TOPDIR)/./libxfs/xfs_attr_remote.c $(TOPDIR)/./libxfs/rdwr.c $(TOPDIR)/./libxfs/xfs_symlink_remote.c $(TOPDIR)/./libxfs/radix-tree.c $(TOPDIR)/./libxfs/kmem.c $(TOPDIR)/./libxfs/xfs_dir2_node.c $(TOPDIR)/./libxfs/xfs_ialloc.c $(TOPDIR)/./libxfs/xfs_log_rlimit.c $(TOPDIR)/./libxfs/xfs_attr_leaf.c $(TOPDIR)/./libxfs/xfs_bmap.c $(TOPDIR)/./libxfs/xfs_trans_resv.c $(TOPDIR)/./libxfs/xfs_inode_buf.c $(TOPDIR)/./libxfs/defer_item.c $(TOPDIR)/./libxfs/xfs_dir2.c $(TOPDIR)/./libxfs/gen_crc32table.c $(TOPDIR)/./libxfs/xfs_sb.c $(TOPDIR)/./libxfs/xfs_alloc.c $(TOPDIR)/./libxfs/xfs_ialloc_btree.c $(TOPDIR)/./libxfs/xfs_dir2_sf.c $(TOPDIR)/./libxfs/xfs_rmap.c $(TOPDIR)/./libxfs/xfs_dir2_block.c $(TOPDIR)/./libxfs/trans.c $(TOPDIR)/./libxfs/xfs_refcount.c $(TOPDIR)/./libxfs/xfs_da_format.c $(TOPDIR)/./libxfs/linux.c $(TOPDIR)/./libxfs/xfs_btree.c $(TOPDIR)/./libxfs/xfs_ag_resv.c $(TOPDIR)/./libxfs/xfs_inode_fork.c $(TOPDIR)/./libxfs/xfs_rtbitmap.c $(TOPDIR)/./libxfs/xfs_rmap_btree.c $(TOPDIR)/./libxfs/xfs_refcount_btree.c $(TOPDIR)/./libxfs/xfs_bit.c $(TOPDIR)/./libxfs/init.c $(TOPDIR)/./libxfs/logitem.c $(TOPDIR)/./libxfs/xfs_dquot_buf.c $(TOPDIR)/./libxfs/list_sort.c $(TOPDIR)/./libxfs/freebsd.c $(TOPDIR)/./libxfs/xfs_bmap_btree.c $(TOPDIR)/./libxfs/xfs_dir2_data.c $(TOPDIR)/./logprint/log_print_all.c $(TOPDIR)/./logprint/log_redo.c $(TOPDIR)/./logprint/log_copy.c $(TOPDIR)/./logprint/log_print_trans.c $(TOPDIR)/./logprint/log_misc.c $(TOPDIR)/./logprint/log_dump.c $(TOPDIR)/./logprint/logprint.c $(TOPDIR)/./fsr/xfs_fsr.c $(TOPDIR)/./libxcmd/quit.c $(TOPDIR)/./libxcmd/projects.c $(TOPDIR)/./libxcmd/help.c $(TOPDIR)/./libxcmd/paths.c $(TOPDIR)/./libxcmd/input.c $(TOPDIR)/./libxcmd/command.c $(TOPDIR)/./libxcmd/topology.c $(TOPDIR)/./rtcp/xfs_rtcp.c $(TOPDIR)/./db/quit.c $(TOPDIR)/./db/io.c $(TOPDIR)/./db/dir2.c $(TOPDIR)/./db/echo.c $(TOPDIR)/./db/sig.c $(TOPDIR)/./db/hash.c $(TOPDIR)/./db/inode.c $(TOPDIR)/./db/malloc.c $(TOPDIR)/./db/debug.c $(TOPDIR)/./db/block.c $(TOPDIR)/./db/frag.c $(TOPDIR)/./db/agf.c $(TOPDIR)/./db/print.c $(TOPDIR)/./db/attrshort.c $(TOPDIR)/./db/help.c $(TOPDIR)/./db/btdump.c $(TOPDIR)/./db/agfl.c $(TOPDIR)/./db/btblock.c $(TOPDIR)/./db/logformat.c $(TOPDIR)/./db/crc.c $(TOPDIR)/./db/metadump.c $(TOPDIR)/./db/faddr.c $(TOPDIR)/./db/sb.c $(TOPDIR)/./db/flist.c $(TOPDIR)/./db/convert.c $(TOPDIR)/./db/fprint.c $(TOPDIR)/./db/bmroot.c $(TOPDIR)/./db/bit.c $(TOPDIR)/./db/freesp.c $(TOPDIR)/./db/attrset.c $(TOPDIR)/./db/dquot.c $(TOPDIR)/./db/dir2sf.c $(TOPDIR)/./db/input.c $(TOPDIR)/./db/bmap.c $(TOPDIR)/./db/command.c $(TOPDIR)/./db/symlink.c $(TOPDIR)/./db/output.c $(TOPDIR)/./db/check.c $(TOPDIR)/./db/type.c $(TOPDIR)/./db/write.c $(TOPDIR)/./db/field.c $(TOPDIR)/./db/addr.c $(TOPDIR)/./db/strvec.c $(TOPDIR)/./db/fsmap.c $(TOPDIR)/./db/text.c $(TOPDIR)/./db/init.c $(TOPDIR)/./db/agi.c $(TOPDIR)/./db/attr.c'
LTLIBOBJS=''
MAKE='/usr/bin/make'
MANIFEST_TOOL=':'
MSGFMT='/usr/bin/msgfmt'
MSGMERGE='/usr/bin/msgmerge'
NM='/usr/bin/nm -B'
NMEDIT=''
OBJDUMP='objdump'
OBJEXT='o'
OTOOL64=''
OTOOL=''
PACKAGE_BUGREPORT='linux-xfs@vger.kernel.org'
PACKAGE_NAME='xfsprogs'
PACKAGE_STRING='xfsprogs 4.12.0'
PACKAGE_TARNAME='xfsprogs'
PACKAGE_URL=''
PACKAGE_VERSION='4.12.0'
PATH_SEPARATOR=':'
RANLIB='ranlib'
RPM=''
RPMBUILD=''
SED='/bin/sed'
SHELL='/bin/sh'
SORT='/usr/bin/sort'
STRIP='strip'
TAR='/bin/tar'
XGETTEXT='/usr/bin/xgettext'
ZIP='/usr/bin/gzip'
ac_ct_AR='ar'
ac_ct_CC='gcc'
ac_ct_DUMPBIN=''
awk='gawk'
bindir='${exec_prefix}/bin'
build='x86_64-unknown-linux-gnu'
build_alias=''
build_cpu='x86_64'
build_os='linux-gnu'
build_vendor='unknown'
cc='gcc'
datadir='${datarootdir}'
datarootdir='${prefix}/share'
debug_build='-DNDEBUG'
docdir='${datarootdir}/doc/${PACKAGE_TARNAME}'
dvidir='${docdir}'
echo='printf %s\n'
enable_blkid='yes'
enable_editline='no'
enable_gettext='yes'
enable_lib64='yes'
enable_librt='yes'
enable_readline='yes'
enable_shared='yes'
exec_prefix='${prefix}'
have_copy_file_range='yes'
have_fadvise='yes'
have_fallocate='yes'
have_fiemap='yes'
have_fls=''
have_fsetxattr='yes'
have_getfsmap='yes'
have_getmntent='yes'
have_getmntinfo=''
have_madvise='yes'
have_mincore='yes'
have_mntent='yes'
have_mremap='yes'
have_preadv='yes'
have_readdir='yes'
have_sendfile='yes'
have_sync_file_range='yes'
have_syncfs='yes'
have_zipped_manpages='false'
host='x86_64-unknown-linux-gnu'
host_alias=''
host_cpu='x86_64'
host_os='linux-gnu'
host_vendor='unknown'
htmldir='${docdir}'
includedir='${prefix}/include'
infodir='${datarootdir}/info'
libblkid='-lblkid'
libdir='${exec_prefix}/lib'
libdirsuffix=''
libeditline=''
libexecdir='${exec_prefix}/libexec'
libpthread='-lpthread'
libreadline='-lreadline'
librt='-lrt'
libtermcap=''
libuuid='-luuid'
localedir='${datarootdir}/locale'
localstatedir='${prefix}/var'
make='/usr/bin/make'
makedepend='gcc -MM'
malloc_lib=''
mandir='${datarootdir}/man'
msgfmt='/usr/bin/msgfmt'
msgmerge='/usr/bin/msgmerge'
need_internal_fsxattr=''
oldincludedir='/usr/include'
opt_build='-g -O2'
pdfdir='${docdir}'
pkg_distribution='Linux'
pkg_group='root'
pkg_name='xfsprogs'
pkg_platform='linux'
pkg_release='1'
pkg_user='root'
pkg_version='4.12.0'
prefix='/usr'
program_transform_name='s,x,x,'
psdir='${docdir}'
root_libdir='/lib'
root_sbindir='/sbin'
rpm=''
rpm_version='0'
rpmbuild=''
sbindir='${exec_prefix}/sbin'
sed='/bin/sed'
sharedstatedir='${prefix}/com'
sort='/usr/bin/sort'
sysconfdir='${prefix}/etc'
tar='/bin/tar'
target_alias=''
xgettext='/usr/bin/xgettext'
zip='/usr/bin/gzip'

## ----------- ##
## confdefs.h. ##
## ----------- ##

/* confdefs.h */
#define PACKAGE_NAME "xfsprogs"
#define PACKAGE_TARNAME "xfsprogs"
#define PACKAGE_VERSION "4.12.0"
#define PACKAGE_STRING "xfsprogs 4.12.0"
#define PACKAGE_BUGREPORT "linux-xfs@vger.kernel.org"
#define PACKAGE_URL ""
#define STDC_HEADERS 1
#define HAVE_SYS_TYPES_H 1
#define HAVE_SYS_STAT_H 1
#define HAVE_STDLIB_H 1
#define HAVE_STRING_H 1
#define HAVE_MEMORY_H 1
#define HAVE_STRINGS_H 1
#define HAVE_INTTYPES_H 1
#define HAVE_STDINT_H 1
#define HAVE_UNISTD_H 1
#define HAVE_DLFCN_H 1
#define LT_OBJDIR ".libs/"
#define HAVE_UUID_UUID_H 1
#define HAVE_LIBUUID 1
#define HAVE_PTHREAD_H 1
#define HAVE_LIBPTHREAD 1
#define HAVE_MNTENT_H 1
#define HAVE_BLKID_PROBE_GET_TOPOLOGY 1
#define SIZEOF_LONG 8
#define SIZEOF_CHAR_P 8

configure: exit 0
