###############################
# Install xinput-1.6.2.tar.bz2 #
###############################
Making install in src
make[1]: Entering directory '/lfskernel/sources/boot/X11/app/xinput-1.6.2/src'
make[2]: Entering directory '/lfskernel/sources/boot/X11/app/xinput-1.6.2/src'
 /bin/mkdir -p '/usr/bin'
  /usr/bin/install -c xinput '/usr/bin'
make[2]: Nothing to be done for 'install-data-am'.
make[2]: Leaving directory '/lfskernel/sources/boot/X11/app/xinput-1.6.2/src'
make[1]: Leaving directory '/lfskernel/sources/boot/X11/app/xinput-1.6.2/src'
Making install in man
make[1]: Entering directory '/lfskernel/sources/boot/X11/app/xinput-1.6.2/man'
make[2]: Entering directory '/lfskernel/sources/boot/X11/app/xinput-1.6.2/man'
make[2]: Nothing to be done for 'install-exec-am'.
 /bin/mkdir -p '/usr/share/man/man1'
 /usr/bin/install -c -m 644 xinput.1 '/usr/share/man/man1'
make[2]: Leaving directory '/lfskernel/sources/boot/X11/app/xinput-1.6.2/man'
make[1]: Leaving directory '/lfskernel/sources/boot/X11/app/xinput-1.6.2/man'
make[1]: Entering directory '/lfskernel/sources/boot/X11/app/xinput-1.6.2'
make[2]: Entering directory '/lfskernel/sources/boot/X11/app/xinput-1.6.2'
make[2]: Nothing to be done for 'install-exec-am'.
make[2]: Nothing to be done for 'install-data-am'.
make[2]: Leaving directory '/lfskernel/sources/boot/X11/app/xinput-1.6.2'
make[1]: Leaving directory '/lfskernel/sources/boot/X11/app/xinput-1.6.2'
