###############################
# Make xinput-1.6.2.tar.bz2 #
###############################
make  all-recursive
make[1]: Entering directory '/lfskernel/sources/boot/X11/app/xinput-1.6.2'
Making all in src
make[2]: Entering directory '/lfskernel/sources/boot/X11/app/xinput-1.6.2/src'
  CC       buttonmap.o
  CC       feedback.o
  CC       list.o
  CC       setint.o
  CC       setmode.o
  CC       setptr.o
  CC       state.o
  CC       property.o
  CC       test.o
  CC       xinput.o
  CC       hierarchy.o
  CC       setcp.o
  CC       test_xi2.o
  CC       transform.o
  CCLD     xinput
make[2]: Leaving directory '/lfskernel/sources/boot/X11/app/xinput-1.6.2/src'
Making all in man
make[2]: Entering directory '/lfskernel/sources/boot/X11/app/xinput-1.6.2/man'
  GEN      xinput.1
make[2]: Leaving directory '/lfskernel/sources/boot/X11/app/xinput-1.6.2/man'
make[2]: Entering directory '/lfskernel/sources/boot/X11/app/xinput-1.6.2'
make[2]: Leaving directory '/lfskernel/sources/boot/X11/app/xinput-1.6.2'
make[1]: Leaving directory '/lfskernel/sources/boot/X11/app/xinput-1.6.2'
