This file contains any messages produced by compilers while
running configure, to aid debugging if configure makes a mistake.

It was created by xkbutils configure 1.0.4, which was
generated by GNU Autoconf 2.68.  Invocation command line was

  $ ./configure --prefix=/usr --sysconfdir=/etc --localstatedir=/var --disable-static

## --------- ##
## Platform. ##
## --------- ##

hostname = localhost.localdomain
uname -m = x86_64
uname -r = 3.10.0-693.11.1.el7.x86_64
uname -s = Linux
uname -v = #1 SMP Mon Dec 4 23:52:40 UTC 2017

/usr/bin/uname -p = unknown
/bin/uname -X     = unknown

/bin/arch              = x86_64
/usr/bin/arch -k       = unknown
/usr/convex/getsysinfo = unknown
/usr/bin/hostinfo      = unknown
/bin/machine           = unknown
/usr/bin/oslevel       = unknown
/bin/universe          = unknown

PATH: /bin
PATH: /usr/bin
PATH: /sbin
PATH: /usr/sbin
PATH: /usr/local/bin


## ----------- ##
## Core tests. ##
## ----------- ##

configure:2200: checking for a BSD-compatible install
configure:2268: result: /usr/bin/install -c
configure:2279: checking whether build environment is sane
configure:2329: result: yes
configure:2470: checking for a thread-safe mkdir -p
configure:2509: result: /bin/mkdir -p
configure:2522: checking for gawk
configure:2538: found /usr/bin/gawk
configure:2549: result: gawk
configure:2560: checking whether make sets $(MAKE)
configure:2582: result: yes
configure:2663: checking whether to enable maintainer-specific portions of Makefiles
configure:2672: result: no
configure:2697: checking for style of include used by make
configure:2725: result: GNU
configure:2796: checking for gcc
configure:2812: found /usr/bin/gcc
configure:2823: result: gcc
configure:3052: checking for C compiler version
configure:3061: gcc --version >&5
gcc (GCC) 7.2.0
Copyright (C) 2017 Free Software Foundation, Inc.
This is free software; see the source for copying conditions.  There is NO
warranty; not even for MERCHANTABILITY or FITNESS FOR A PARTICULAR PURPOSE.

configure:3072: $? = 0
configure:3061: gcc -v >&5
Using built-in specs.
COLLECT_GCC=gcc
COLLECT_LTO_WRAPPER=/usr/libexec/gcc/x86_64-pc-linux-gnu/7.2.0/lto-wrapper
Target: x86_64-pc-linux-gnu
Configured with: ../configure --prefix=/usr --enable-languages=c,c++ --disable-multilib --disable-bootstrap --with-system-zlib
Thread model: posix
gcc version 7.2.0 (GCC) 
configure:3072: $? = 0
configure:3061: gcc -V >&5
gcc: error: unrecognized command line option '-V'
gcc: fatal error: no input files
compilation terminated.
configure:3072: $? = 1
configure:3061: gcc -qversion >&5
gcc: error: unrecognized command line option '-qversion'; did you mean '--version'?
gcc: fatal error: no input files
compilation terminated.
configure:3072: $? = 1
configure:3092: checking whether the C compiler works
configure:3114: gcc    conftest.c  >&5
configure:3118: $? = 0
configure:3166: result: yes
configure:3169: checking for C compiler default output file name
configure:3171: result: a.out
configure:3177: checking for suffix of executables
configure:3184: gcc -o conftest    conftest.c  >&5
configure:3188: $? = 0
configure:3210: result: 
configure:3232: checking whether we are cross compiling
configure:3240: gcc -o conftest    conftest.c  >&5
configure:3244: $? = 0
configure:3251: ./conftest
configure:3255: $? = 0
configure:3270: result: no
configure:3275: checking for suffix of object files
configure:3297: gcc -c   conftest.c >&5
configure:3301: $? = 0
configure:3322: result: o
configure:3326: checking whether we are using the GNU C compiler
configure:3345: gcc -c   conftest.c >&5
configure:3345: $? = 0
configure:3354: result: yes
configure:3363: checking whether gcc accepts -g
configure:3383: gcc -c -g  conftest.c >&5
configure:3383: $? = 0
configure:3424: result: yes
configure:3441: checking for gcc option to accept ISO C89
configure:3505: gcc  -c -g -O2  conftest.c >&5
configure:3505: $? = 0
configure:3518: result: none needed
configure:3540: checking dependency style of gcc
configure:3651: result: gcc3
configure:3667: checking whether gcc and cc understand -c and -o together
configure:3698: gcc -c conftest.c -o conftest2.o >&5
configure:3702: $? = 0
configure:3708: gcc -c conftest.c -o conftest2.o >&5
configure:3712: $? = 0
configure:3723: cc -c conftest.c >&5
configure:3727: $? = 0
configure:3735: cc -c conftest.c -o conftest2.o >&5
configure:3739: $? = 0
configure:3745: cc -c conftest.c -o conftest2.o >&5
configure:3749: $? = 0
configure:3767: result: yes
configure:3805: checking for gcc option to accept ISO C99
configure:3954: gcc  -c -g -O2  conftest.c >&5
configure:3954: $? = 0
configure:3967: result: none needed
configure:3988: checking how to run the C preprocessor
configure:4019: gcc -E  conftest.c
configure:4019: $? = 0
configure:4033: gcc -E  conftest.c
conftest.c:11:10: fatal error: ac_nonexistent.h: No such file or directory
 #include <ac_nonexistent.h>
          ^~~~~~~~~~~~~~~~~~
compilation terminated.
configure:4033: $? = 1
configure: failed program was:
| /* confdefs.h */
| #define PACKAGE_NAME "xkbutils"
| #define PACKAGE_TARNAME "xkbutils"
| #define PACKAGE_VERSION "1.0.4"
| #define PACKAGE_STRING "xkbutils 1.0.4"
| #define PACKAGE_BUGREPORT "https://bugs.freedesktop.org/enter_bug.cgi?product=xorg"
| #define PACKAGE_URL ""
| #define PACKAGE "xkbutils"
| #define VERSION "1.0.4"
| /* end confdefs.h.  */
| #include <ac_nonexistent.h>
configure:4058: result: gcc -E
configure:4078: gcc -E  conftest.c
configure:4078: $? = 0
configure:4092: gcc -E  conftest.c
conftest.c:11:10: fatal error: ac_nonexistent.h: No such file or directory
 #include <ac_nonexistent.h>
          ^~~~~~~~~~~~~~~~~~
compilation terminated.
configure:4092: $? = 1
configure: failed program was:
| /* confdefs.h */
| #define PACKAGE_NAME "xkbutils"
| #define PACKAGE_TARNAME "xkbutils"
| #define PACKAGE_VERSION "1.0.4"
| #define PACKAGE_STRING "xkbutils 1.0.4"
| #define PACKAGE_BUGREPORT "https://bugs.freedesktop.org/enter_bug.cgi?product=xorg"
| #define PACKAGE_URL ""
| #define PACKAGE "xkbutils"
| #define VERSION "1.0.4"
| /* end confdefs.h.  */
| #include <ac_nonexistent.h>
configure:4121: checking for grep that handles long lines and -e
configure:4179: result: /usr/bin/grep
configure:4184: checking for egrep
configure:4246: result: /usr/bin/grep -E
configure:4251: checking for ANSI C header files
configure:4271: gcc -c -g -O2  conftest.c >&5
configure:4271: $? = 0
configure:4344: gcc -o conftest -g -O2   conftest.c  >&5
configure:4344: $? = 0
configure:4344: ./conftest
configure:4344: $? = 0
configure:4355: result: yes
configure:4368: checking for sys/types.h
configure:4368: gcc -c -g -O2  conftest.c >&5
configure:4368: $? = 0
configure:4368: result: yes
configure:4368: checking for sys/stat.h
configure:4368: gcc -c -g -O2  conftest.c >&5
configure:4368: $? = 0
configure:4368: result: yes
configure:4368: checking for stdlib.h
configure:4368: gcc -c -g -O2  conftest.c >&5
configure:4368: $? = 0
configure:4368: result: yes
configure:4368: checking for string.h
configure:4368: gcc -c -g -O2  conftest.c >&5
configure:4368: $? = 0
configure:4368: result: yes
configure:4368: checking for memory.h
configure:4368: gcc -c -g -O2  conftest.c >&5
configure:4368: $? = 0
configure:4368: result: yes
configure:4368: checking for strings.h
configure:4368: gcc -c -g -O2  conftest.c >&5
configure:4368: $? = 0
configure:4368: result: yes
configure:4368: checking for inttypes.h
configure:4368: gcc -c -g -O2  conftest.c >&5
configure:4368: $? = 0
configure:4368: result: yes
configure:4368: checking for stdint.h
configure:4368: gcc -c -g -O2  conftest.c >&5
configure:4368: $? = 0
configure:4368: result: yes
configure:4368: checking for unistd.h
configure:4368: gcc -c -g -O2  conftest.c >&5
configure:4368: $? = 0
configure:4368: result: yes
configure:4384: checking whether __clang__ is declared
configure:4384: gcc -c -g -O2  conftest.c >&5
conftest.c: In function 'main':
conftest.c:61:10: error: '__clang__' undeclared (first use in this function); did you mean '__clock_t'?
   (void) __clang__;
          ^~~~~~~~~
          __clock_t
conftest.c:61:10: note: each undeclared identifier is reported only once for each function it appears in
configure:4384: $? = 1
configure: failed program was:
| /* confdefs.h */
| #define PACKAGE_NAME "xkbutils"
| #define PACKAGE_TARNAME "xkbutils"
| #define PACKAGE_VERSION "1.0.4"
| #define PACKAGE_STRING "xkbutils 1.0.4"
| #define PACKAGE_BUGREPORT "https://bugs.freedesktop.org/enter_bug.cgi?product=xorg"
| #define PACKAGE_URL ""
| #define PACKAGE "xkbutils"
| #define VERSION "1.0.4"
| #define STDC_HEADERS 1
| #define HAVE_SYS_TYPES_H 1
| #define HAVE_SYS_STAT_H 1
| #define HAVE_STDLIB_H 1
| #define HAVE_STRING_H 1
| #define HAVE_MEMORY_H 1
| #define HAVE_STRINGS_H 1
| #define HAVE_INTTYPES_H 1
| #define HAVE_STDINT_H 1
| #define HAVE_UNISTD_H 1
| /* end confdefs.h.  */
| #include <stdio.h>
| #ifdef HAVE_SYS_TYPES_H
| # include <sys/types.h>
| #endif
| #ifdef HAVE_SYS_STAT_H
| # include <sys/stat.h>
| #endif
| #ifdef STDC_HEADERS
| # include <stdlib.h>
| # include <stddef.h>
| #else
| # ifdef HAVE_STDLIB_H
| #  include <stdlib.h>
| # endif
| #endif
| #ifdef HAVE_STRING_H
| # if !defined STDC_HEADERS && defined HAVE_MEMORY_H
| #  include <memory.h>
| # endif
| # include <string.h>
| #endif
| #ifdef HAVE_STRINGS_H
| # include <strings.h>
| #endif
| #ifdef HAVE_INTTYPES_H
| # include <inttypes.h>
| #endif
| #ifdef HAVE_STDINT_H
| # include <stdint.h>
| #endif
| #ifdef HAVE_UNISTD_H
| # include <unistd.h>
| #endif
| int
| main ()
| {
| #ifndef __clang__
| #ifdef __cplusplus
|   (void) __clang__;
| #else
|   (void) __clang__;
| #endif
| #endif
| 
|   ;
|   return 0;
| }
configure:4384: result: no
configure:4391: checking whether __INTEL_COMPILER is declared
configure:4391: gcc -c -g -O2  conftest.c >&5
conftest.c: In function 'main':
conftest.c:61:10: error: '__INTEL_COMPILER' undeclared (first use in this function); did you mean '__BYTE_ORDER'?
   (void) __INTEL_COMPILER;
          ^~~~~~~~~~~~~~~~
          __BYTE_ORDER
conftest.c:61:10: note: each undeclared identifier is reported only once for each function it appears in
configure:4391: $? = 1
configure: failed program was:
| /* confdefs.h */
| #define PACKAGE_NAME "xkbutils"
| #define PACKAGE_TARNAME "xkbutils"
| #define PACKAGE_VERSION "1.0.4"
| #define PACKAGE_STRING "xkbutils 1.0.4"
| #define PACKAGE_BUGREPORT "https://bugs.freedesktop.org/enter_bug.cgi?product=xorg"
| #define PACKAGE_URL ""
| #define PACKAGE "xkbutils"
| #define VERSION "1.0.4"
| #define STDC_HEADERS 1
| #define HAVE_SYS_TYPES_H 1
| #define HAVE_SYS_STAT_H 1
| #define HAVE_STDLIB_H 1
| #define HAVE_STRING_H 1
| #define HAVE_MEMORY_H 1
| #define HAVE_STRINGS_H 1
| #define HAVE_INTTYPES_H 1
| #define HAVE_STDINT_H 1
| #define HAVE_UNISTD_H 1
| /* end confdefs.h.  */
| #include <stdio.h>
| #ifdef HAVE_SYS_TYPES_H
| # include <sys/types.h>
| #endif
| #ifdef HAVE_SYS_STAT_H
| # include <sys/stat.h>
| #endif
| #ifdef STDC_HEADERS
| # include <stdlib.h>
| # include <stddef.h>
| #else
| # ifdef HAVE_STDLIB_H
| #  include <stdlib.h>
| # endif
| #endif
| #ifdef HAVE_STRING_H
| # if !defined STDC_HEADERS && defined HAVE_MEMORY_H
| #  include <memory.h>
| # endif
| # include <string.h>
| #endif
| #ifdef HAVE_STRINGS_H
| # include <strings.h>
| #endif
| #ifdef HAVE_INTTYPES_H
| # include <inttypes.h>
| #endif
| #ifdef HAVE_STDINT_H
| # include <stdint.h>
| #endif
| #ifdef HAVE_UNISTD_H
| # include <unistd.h>
| #endif
| int
| main ()
| {
| #ifndef __INTEL_COMPILER
| #ifdef __cplusplus
|   (void) __INTEL_COMPILER;
| #else
|   (void) __INTEL_COMPILER;
| #endif
| #endif
| 
|   ;
|   return 0;
| }
configure:4391: result: no
configure:4398: checking whether __SUNPRO_C is declared
configure:4398: gcc -c -g -O2  conftest.c >&5
conftest.c: In function 'main':
conftest.c:61:10: error: '__SUNPRO_C' undeclared (first use in this function); did you mean '__INT8_C'?
   (void) __SUNPRO_C;
          ^~~~~~~~~~
          __INT8_C
conftest.c:61:10: note: each undeclared identifier is reported only once for each function it appears in
configure:4398: $? = 1
configure: failed program was:
| /* confdefs.h */
| #define PACKAGE_NAME "xkbutils"
| #define PACKAGE_TARNAME "xkbutils"
| #define PACKAGE_VERSION "1.0.4"
| #define PACKAGE_STRING "xkbutils 1.0.4"
| #define PACKAGE_BUGREPORT "https://bugs.freedesktop.org/enter_bug.cgi?product=xorg"
| #define PACKAGE_URL ""
| #define PACKAGE "xkbutils"
| #define VERSION "1.0.4"
| #define STDC_HEADERS 1
| #define HAVE_SYS_TYPES_H 1
| #define HAVE_SYS_STAT_H 1
| #define HAVE_STDLIB_H 1
| #define HAVE_STRING_H 1
| #define HAVE_MEMORY_H 1
| #define HAVE_STRINGS_H 1
| #define HAVE_INTTYPES_H 1
| #define HAVE_STDINT_H 1
| #define HAVE_UNISTD_H 1
| /* end confdefs.h.  */
| #include <stdio.h>
| #ifdef HAVE_SYS_TYPES_H
| # include <sys/types.h>
| #endif
| #ifdef HAVE_SYS_STAT_H
| # include <sys/stat.h>
| #endif
| #ifdef STDC_HEADERS
| # include <stdlib.h>
| # include <stddef.h>
| #else
| # ifdef HAVE_STDLIB_H
| #  include <stdlib.h>
| # endif
| #endif
| #ifdef HAVE_STRING_H
| # if !defined STDC_HEADERS && defined HAVE_MEMORY_H
| #  include <memory.h>
| # endif
| # include <string.h>
| #endif
| #ifdef HAVE_STRINGS_H
| # include <strings.h>
| #endif
| #ifdef HAVE_INTTYPES_H
| # include <inttypes.h>
| #endif
| #ifdef HAVE_STDINT_H
| # include <stdint.h>
| #endif
| #ifdef HAVE_UNISTD_H
| # include <unistd.h>
| #endif
| int
| main ()
| {
| #ifndef __SUNPRO_C
| #ifdef __cplusplus
|   (void) __SUNPRO_C;
| #else
|   (void) __SUNPRO_C;
| #endif
| #endif
| 
|   ;
|   return 0;
| }
configure:4398: result: no
configure:4455: checking for pkg-config
configure:4473: found /usr/bin/pkg-config
configure:4485: result: /usr/bin/pkg-config
configure:4510: checking pkg-config is at least version 0.9.0
configure:4513: result: yes
configure:4526: checking build system type
configure:4540: result: x86_64-unknown-linux-gnu
configure:4560: checking host system type
configure:4573: result: x86_64-unknown-linux-gnu
configure:4593: checking for a sed that does not truncate output
configure:4657: result: /bin/sed
configure:4703: checking if gcc supports -Werror=unknown-warning-option
configure:4712: gcc -c -g -O2 -Werror=unknown-warning-option  conftest.c >&5
cc1: error: -Werror=unknown-warning-option: no option -Wunknown-warning-option
configure:4712: $? = 1
configure: failed program was:
| /* confdefs.h */
| #define PACKAGE_NAME "xkbutils"
| #define PACKAGE_TARNAME "xkbutils"
| #define PACKAGE_VERSION "1.0.4"
| #define PACKAGE_STRING "xkbutils 1.0.4"
| #define PACKAGE_BUGREPORT "https://bugs.freedesktop.org/enter_bug.cgi?product=xorg"
| #define PACKAGE_URL ""
| #define PACKAGE "xkbutils"
| #define VERSION "1.0.4"
| #define STDC_HEADERS 1
| #define HAVE_SYS_TYPES_H 1
| #define HAVE_SYS_STAT_H 1
| #define HAVE_STDLIB_H 1
| #define HAVE_STRING_H 1
| #define HAVE_MEMORY_H 1
| #define HAVE_STRINGS_H 1
| #define HAVE_INTTYPES_H 1
| #define HAVE_STDINT_H 1
| #define HAVE_UNISTD_H 1
| /* end confdefs.h.  */
| int i;
configure:4719: result: no
configure:4730: checking if gcc supports -Werror=unused-command-line-argument
configure:4739: gcc -c -g -O2 -Werror=unused-command-line-argument  conftest.c >&5
cc1: error: -Werror=unused-command-line-argument: no option -Wunused-command-line-argument
configure:4739: $? = 1
configure: failed program was:
| /* confdefs.h */
| #define PACKAGE_NAME "xkbutils"
| #define PACKAGE_TARNAME "xkbutils"
| #define PACKAGE_VERSION "1.0.4"
| #define PACKAGE_STRING "xkbutils 1.0.4"
| #define PACKAGE_BUGREPORT "https://bugs.freedesktop.org/enter_bug.cgi?product=xorg"
| #define PACKAGE_URL ""
| #define PACKAGE "xkbutils"
| #define VERSION "1.0.4"
| #define STDC_HEADERS 1
| #define HAVE_SYS_TYPES_H 1
| #define HAVE_SYS_STAT_H 1
| #define HAVE_STDLIB_H 1
| #define HAVE_STRING_H 1
| #define HAVE_MEMORY_H 1
| #define HAVE_STRINGS_H 1
| #define HAVE_INTTYPES_H 1
| #define HAVE_STDINT_H 1
| #define HAVE_UNISTD_H 1
| /* end confdefs.h.  */
| int i;
configure:4746: result: no
configure:4765: checking if gcc supports -Wall
configure:4782: gcc -o conftest -g -O2 -Wall   conftest.c  >&5
configure:4782: $? = 0
configure:4795: result: yes
configure:4883: checking if gcc supports -Wpointer-arith
configure:4900: gcc -o conftest -g -O2 -Wpointer-arith   conftest.c  >&5
configure:4900: $? = 0
configure:4913: result: yes
configure:5001: checking if gcc supports -Wmissing-declarations
configure:5018: gcc -o conftest -g -O2 -Wmissing-declarations   conftest.c  >&5
configure:5018: $? = 0
configure:5031: result: yes
configure:5119: checking if gcc supports -Wformat=2
configure:5136: gcc -o conftest -g -O2 -Wformat=2   conftest.c  >&5
configure:5136: $? = 0
configure:5149: result: yes
configure:5288: checking if gcc supports -Wstrict-prototypes
configure:5305: gcc -o conftest -g -O2 -Wstrict-prototypes   conftest.c  >&5
conftest.c:23:1: warning: function declaration isn't a prototype [-Wstrict-prototypes]
 main ()
 ^~~~
configure:5305: $? = 0
configure:5318: result: yes
configure:5406: checking if gcc supports -Wmissing-prototypes
configure:5423: gcc -o conftest -g -O2 -Wmissing-prototypes   conftest.c  >&5
configure:5423: $? = 0
configure:5436: result: yes
configure:5524: checking if gcc supports -Wnested-externs
configure:5541: gcc -o conftest -g -O2 -Wnested-externs   conftest.c  >&5
configure:5541: $? = 0
configure:5554: result: yes
configure:5642: checking if gcc supports -Wbad-function-cast
configure:5659: gcc -o conftest -g -O2 -Wbad-function-cast   conftest.c  >&5
configure:5659: $? = 0
configure:5672: result: yes
configure:5760: checking if gcc supports -Wold-style-definition
configure:5777: gcc -o conftest -g -O2 -Wold-style-definition   conftest.c  >&5
conftest.c: In function 'main':
conftest.c:23:1: warning: old-style function definition [-Wold-style-definition]
 main ()
 ^~~~
configure:5777: $? = 0
configure:5790: result: yes
configure:5878: checking if gcc supports -Wdeclaration-after-statement
configure:5895: gcc -o conftest -g -O2 -Wdeclaration-after-statement   conftest.c  >&5
configure:5895: $? = 0
configure:5908: result: yes
configure:6000: checking if gcc supports -Wunused
configure:6017: gcc -o conftest -g -O2 -Wunused   conftest.c  >&5
configure:6017: $? = 0
configure:6030: result: yes
configure:6118: checking if gcc supports -Wuninitialized
configure:6135: gcc -o conftest -g -O2 -Wuninitialized   conftest.c  >&5
configure:6135: $? = 0
configure:6148: result: yes
configure:6236: checking if gcc supports -Wshadow
configure:6253: gcc -o conftest -g -O2 -Wshadow   conftest.c  >&5
configure:6253: $? = 0
configure:6266: result: yes
configure:6354: checking if gcc supports -Wcast-qual
configure:6371: gcc -o conftest -g -O2 -Wcast-qual   conftest.c  >&5
configure:6371: $? = 0
configure:6384: result: yes
configure:6472: checking if gcc supports -Wmissing-noreturn
configure:6489: gcc -o conftest -g -O2 -Wmissing-noreturn   conftest.c  >&5
configure:6489: $? = 0
configure:6502: result: yes
configure:6590: checking if gcc supports -Wmissing-format-attribute
configure:6607: gcc -o conftest -g -O2 -Wmissing-format-attribute   conftest.c  >&5
configure:6607: $? = 0
configure:6620: result: yes
configure:6708: checking if gcc supports -Wredundant-decls
configure:6725: gcc -o conftest -g -O2 -Wredundant-decls   conftest.c  >&5
configure:6725: $? = 0
configure:6738: result: yes
configure:6838: checking if gcc supports -Werror=implicit
configure:6855: gcc -o conftest -g -O2 -Werror=implicit   conftest.c  >&5
configure:6855: $? = 0
configure:6868: result: yes
configure:7005: checking if gcc supports -Werror=nonnull
configure:7022: gcc -o conftest -g -O2 -Werror=nonnull   conftest.c  >&5
configure:7022: $? = 0
configure:7035: result: yes
configure:7123: checking if gcc supports -Werror=init-self
configure:7140: gcc -o conftest -g -O2 -Werror=init-self   conftest.c  >&5
configure:7140: $? = 0
configure:7153: result: yes
configure:7241: checking if gcc supports -Werror=main
configure:7258: gcc -o conftest -g -O2 -Werror=main   conftest.c  >&5
configure:7258: $? = 0
configure:7271: result: yes
configure:7359: checking if gcc supports -Werror=missing-braces
configure:7376: gcc -o conftest -g -O2 -Werror=missing-braces   conftest.c  >&5
configure:7376: $? = 0
configure:7389: result: yes
configure:7477: checking if gcc supports -Werror=sequence-point
configure:7494: gcc -o conftest -g -O2 -Werror=sequence-point   conftest.c  >&5
configure:7494: $? = 0
configure:7507: result: yes
configure:7595: checking if gcc supports -Werror=return-type
configure:7612: gcc -o conftest -g -O2 -Werror=return-type   conftest.c  >&5
configure:7612: $? = 0
configure:7625: result: yes
configure:7762: checking if gcc supports -Werror=trigraphs
configure:7779: gcc -o conftest -g -O2 -Werror=trigraphs   conftest.c  >&5
configure:7779: $? = 0
configure:7792: result: yes
configure:7880: checking if gcc supports -Werror=array-bounds
configure:7897: gcc -o conftest -g -O2 -Werror=array-bounds   conftest.c  >&5
configure:7897: $? = 0
configure:7910: result: yes
configure:7998: checking if gcc supports -Werror=write-strings
configure:8015: gcc -o conftest -g -O2 -Werror=write-strings   conftest.c  >&5
configure:8015: $? = 0
configure:8028: result: yes
configure:8116: checking if gcc supports -Werror=address
configure:8133: gcc -o conftest -g -O2 -Werror=address   conftest.c  >&5
configure:8133: $? = 0
configure:8146: result: yes
configure:8234: checking if gcc supports -Werror=int-to-pointer-cast
configure:8251: gcc -o conftest -g -O2 -Werror=int-to-pointer-cast   conftest.c  >&5
configure:8251: $? = 0
configure:8264: result: yes
configure:8401: checking if gcc supports -Werror=pointer-to-int-cast
configure:8418: gcc -o conftest -g -O2 -Werror=pointer-to-int-cast   conftest.c  >&5
configure:8418: $? = 0
configure:8431: result: yes
configure:10089: checking if gcc supports -pedantic
configure:10106: gcc -o conftest -g -O2 -pedantic   conftest.c  >&5
configure:10106: $? = 0
configure:10119: result: yes
configure:10207: checking if gcc supports -Werror
configure:10224: gcc -o conftest -g -O2 -Werror   conftest.c  >&5
configure:10224: $? = 0
configure:10237: result: yes
configure:10377: checking if gcc supports -Werror=attributes
configure:10394: gcc -o conftest -g -O2 -Werror=attributes   conftest.c  >&5
configure:10394: $? = 0
configure:10407: result: yes
configure:10572: checking for strcasecmp
configure:10572: gcc -o conftest -g -O2   conftest.c  >&5
conftest.c:47:6: warning: conflicting types for built-in function 'strcasecmp' [-Wbuiltin-declaration-mismatch]
 char strcasecmp ();
      ^~~~~~~~~~
configure:10572: $? = 0
configure:10572: result: yes
configure:10585: checking for XKBVLEDS
configure:10592: $PKG_CONFIG --exists --print-errors "xproto >= 7.0.17 xaw7 xt x11"
configure:10595: $? = 0
configure:10608: $PKG_CONFIG --exists --print-errors "xproto >= 7.0.17 xaw7 xt x11"
configure:10611: $? = 0
configure:10665: result: yes
configure:10673: checking for XKBBELL
configure:10680: $PKG_CONFIG --exists --print-errors "xproto inputproto x11"
configure:10683: $? = 0
configure:10696: $PKG_CONFIG --exists --print-errors "xproto inputproto x11"
configure:10699: $? = 0
configure:10753: result: yes
configure:10761: checking for XKBWATCH
configure:10768: $PKG_CONFIG --exists --print-errors "xproto >= 7.0.17 xaw7 xt x11"
configure:10771: $? = 0
configure:10784: $PKG_CONFIG --exists --print-errors "xproto >= 7.0.17 xaw7 xt x11"
configure:10787: $? = 0
configure:10841: result: yes
configure:10982: creating ./config.status

## ---------------------- ##
## Running config.status. ##
## ---------------------- ##

This file was extended by xkbutils config.status 1.0.4, which was
generated by GNU Autoconf 2.68.  Invocation command line was

  CONFIG_FILES    = 
  CONFIG_HEADERS  = 
  CONFIG_LINKS    = 
  CONFIG_COMMANDS = 
  $ ./config.status 

on localhost.localdomain

config.status:916: creating Makefile
config.status:916: creating man/Makefile
config.status:916: creating config.h
config.status:1145: executing depfiles commands
configure:12309: WARNING: unrecognized options: --disable-static

## ---------------- ##
## Cache variables. ##
## ---------------- ##

ac_cv_build=x86_64-unknown-linux-gnu
ac_cv_c_compiler_gnu=yes
ac_cv_env_CC_set=
ac_cv_env_CC_value=
ac_cv_env_CFLAGS_set=
ac_cv_env_CFLAGS_value=
ac_cv_env_CPPFLAGS_set=
ac_cv_env_CPPFLAGS_value=
ac_cv_env_CPP_set=
ac_cv_env_CPP_value=
ac_cv_env_LDFLAGS_set=
ac_cv_env_LDFLAGS_value=
ac_cv_env_LIBS_set=
ac_cv_env_LIBS_value=
ac_cv_env_PKG_CONFIG_set=
ac_cv_env_PKG_CONFIG_value=
ac_cv_env_XKBBELL_CFLAGS_set=
ac_cv_env_XKBBELL_CFLAGS_value=
ac_cv_env_XKBBELL_LIBS_set=
ac_cv_env_XKBBELL_LIBS_value=
ac_cv_env_XKBVLEDS_CFLAGS_set=
ac_cv_env_XKBVLEDS_CFLAGS_value=
ac_cv_env_XKBVLEDS_LIBS_set=
ac_cv_env_XKBVLEDS_LIBS_value=
ac_cv_env_XKBWATCH_CFLAGS_set=
ac_cv_env_XKBWATCH_CFLAGS_value=
ac_cv_env_XKBWATCH_LIBS_set=
ac_cv_env_XKBWATCH_LIBS_value=
ac_cv_env_build_alias_set=
ac_cv_env_build_alias_value=
ac_cv_env_host_alias_set=
ac_cv_env_host_alias_value=
ac_cv_env_target_alias_set=
ac_cv_env_target_alias_value=
ac_cv_func_strcasecmp=yes
ac_cv_have_decl___INTEL_COMPILER=no
ac_cv_have_decl___SUNPRO_C=no
ac_cv_have_decl___clang__=no
ac_cv_header_inttypes_h=yes
ac_cv_header_memory_h=yes
ac_cv_header_stdc=yes
ac_cv_header_stdint_h=yes
ac_cv_header_stdlib_h=yes
ac_cv_header_string_h=yes
ac_cv_header_strings_h=yes
ac_cv_header_sys_stat_h=yes
ac_cv_header_sys_types_h=yes
ac_cv_header_unistd_h=yes
ac_cv_host=x86_64-unknown-linux-gnu
ac_cv_objext=o
ac_cv_path_EGREP='/usr/bin/grep -E'
ac_cv_path_GREP=/usr/bin/grep
ac_cv_path_SED=/bin/sed
ac_cv_path_ac_pt_PKG_CONFIG=/usr/bin/pkg-config
ac_cv_path_install='/usr/bin/install -c'
ac_cv_path_mkdir=/bin/mkdir
ac_cv_prog_AWK=gawk
ac_cv_prog_CPP='gcc -E'
ac_cv_prog_ac_ct_CC=gcc
ac_cv_prog_cc_c89=
ac_cv_prog_cc_c99=
ac_cv_prog_cc_g=yes
ac_cv_prog_cc_gcc_c_o=yes
ac_cv_prog_make_make_set=yes
am_cv_CC_dependencies_compiler_type=gcc3
pkg_cv_XKBBELL_CFLAGS=
pkg_cv_XKBBELL_LIBS=-lX11
pkg_cv_XKBVLEDS_CFLAGS=
pkg_cv_XKBVLEDS_LIBS='-lXaw7 -lXt -lX11'
pkg_cv_XKBWATCH_CFLAGS=
pkg_cv_XKBWATCH_LIBS='-lXaw7 -lXt -lX11'
xorg_cv_cc_flag__Wall=yes
xorg_cv_cc_flag__Wbad_function_cast=yes
xorg_cv_cc_flag__Wcast_qual=yes
xorg_cv_cc_flag__Wdeclaration_after_statement=yes
xorg_cv_cc_flag__Werror=yes
xorg_cv_cc_flag__Werror_address=yes
xorg_cv_cc_flag__Werror_array_bounds=yes
xorg_cv_cc_flag__Werror_attributes=yes
xorg_cv_cc_flag__Werror_implicit=yes
xorg_cv_cc_flag__Werror_init_self=yes
xorg_cv_cc_flag__Werror_int_to_pointer_cast=yes
xorg_cv_cc_flag__Werror_main=yes
xorg_cv_cc_flag__Werror_missing_braces=yes
xorg_cv_cc_flag__Werror_nonnull=yes
xorg_cv_cc_flag__Werror_pointer_to_int_cast=yes
xorg_cv_cc_flag__Werror_return_type=yes
xorg_cv_cc_flag__Werror_sequence_point=yes
xorg_cv_cc_flag__Werror_trigraphs=yes
xorg_cv_cc_flag__Werror_write_strings=yes
xorg_cv_cc_flag__Wformat_2=yes
xorg_cv_cc_flag__Wmissing_declarations=yes
xorg_cv_cc_flag__Wmissing_format_attribute=yes
xorg_cv_cc_flag__Wmissing_noreturn=yes
xorg_cv_cc_flag__Wmissing_prototypes=yes
xorg_cv_cc_flag__Wnested_externs=yes
xorg_cv_cc_flag__Wold_style_definition=yes
xorg_cv_cc_flag__Wpointer_arith=yes
xorg_cv_cc_flag__Wredundant_decls=yes
xorg_cv_cc_flag__Wshadow=yes
xorg_cv_cc_flag__Wstrict_prototypes=yes
xorg_cv_cc_flag__Wuninitialized=yes
xorg_cv_cc_flag__Wunused=yes
xorg_cv_cc_flag__pedantic=yes
xorg_cv_cc_flag_unknown_warning_option=no
xorg_cv_cc_flag_unused_command_line_argument=no

## ----------------- ##
## Output variables. ##
## ----------------- ##

ACLOCAL='${SHELL} /lfskernel/sources/boot/X11/app/xkbutils-1.0.4/missing --run aclocal-1.11'
ADMIN_MAN_DIR='$(mandir)/man$(ADMIN_MAN_SUFFIX)'
ADMIN_MAN_SUFFIX='8'
AMDEPBACKSLASH='\'
AMDEP_FALSE='#'
AMDEP_TRUE=''
AMTAR='${SHELL} /lfskernel/sources/boot/X11/app/xkbutils-1.0.4/missing --run tar'
AM_BACKSLASH='\'
AM_DEFAULT_VERBOSITY='0'
APP_MAN_DIR='$(mandir)/man$(APP_MAN_SUFFIX)'
APP_MAN_SUFFIX='1'
AUTOCONF='${SHELL} /lfskernel/sources/boot/X11/app/xkbutils-1.0.4/missing --run autoconf'
AUTOHEADER='${SHELL} /lfskernel/sources/boot/X11/app/xkbutils-1.0.4/missing --run autoheader'
AUTOMAKE='${SHELL} /lfskernel/sources/boot/X11/app/xkbutils-1.0.4/missing --run automake-1.11'
AWK='gawk'
BASE_CFLAGS=' -Wall -Wpointer-arith -Wmissing-declarations -Wformat=2 -Wstrict-prototypes -Wmissing-prototypes -Wnested-externs -Wbad-function-cast -Wold-style-definition -Wdeclaration-after-statement -Wunused -Wuninitialized -Wshadow -Wcast-qual -Wmissing-noreturn -Wmissing-format-attribute -Wredundant-decls -Werror=implicit -Werror=nonnull -Werror=init-self -Werror=main -Werror=missing-braces -Werror=sequence-point -Werror=return-type -Werror=trigraphs -Werror=array-bounds -Werror=write-strings -Werror=address -Werror=int-to-pointer-cast -Werror=pointer-to-int-cast'
CC='gcc'
CCDEPMODE='depmode=gcc3'
CFLAGS='-g -O2'
CHANGELOG_CMD='(GIT_DIR=$(top_srcdir)/.git git log > $(top_srcdir)/.changelog.tmp && mv $(top_srcdir)/.changelog.tmp $(top_srcdir)/ChangeLog) || (rm -f $(top_srcdir)/.changelog.tmp; touch $(top_srcdir)/ChangeLog; echo '\''git directory not found: installing possibly empty changelog.'\'' >&2)'
CPP='gcc -E'
CPPFLAGS=''
CWARNFLAGS=' -Wall -Wpointer-arith -Wmissing-declarations -Wformat=2 -Wstrict-prototypes -Wmissing-prototypes -Wnested-externs -Wbad-function-cast -Wold-style-definition -Wdeclaration-after-statement -Wunused -Wuninitialized -Wshadow -Wcast-qual -Wmissing-noreturn -Wmissing-format-attribute -Wredundant-decls -Werror=implicit -Werror=nonnull -Werror=init-self -Werror=main -Werror=missing-braces -Werror=sequence-point -Werror=return-type -Werror=trigraphs -Werror=array-bounds -Werror=write-strings -Werror=address -Werror=int-to-pointer-cast -Werror=pointer-to-int-cast -fno-strict-aliasing'
CYGPATH_W='echo'
DEFS='-DHAVE_CONFIG_H'
DEPDIR='.deps'
DRIVER_MAN_DIR='$(mandir)/man$(DRIVER_MAN_SUFFIX)'
DRIVER_MAN_SUFFIX='4'
ECHO_C=''
ECHO_N='-n'
ECHO_T=''
EGREP='/usr/bin/grep -E'
EXEEXT=''
FILE_MAN_DIR='$(mandir)/man$(FILE_MAN_SUFFIX)'
FILE_MAN_SUFFIX='5'
GREP='/usr/bin/grep'
INSTALL_CMD='(cp -f /usr/share/util-macros/INSTALL $(top_srcdir)/.INSTALL.tmp && mv $(top_srcdir)/.INSTALL.tmp $(top_srcdir)/INSTALL) || (rm -f $(top_srcdir)/.INSTALL.tmp; touch $(top_srcdir)/INSTALL; echo '\''util-macros "pkgdatadir" from xorg-macros.pc not found: installing possibly empty INSTALL.'\'' >&2)'
INSTALL_DATA='${INSTALL} -m 644'
INSTALL_PROGRAM='${INSTALL}'
INSTALL_SCRIPT='${INSTALL}'
INSTALL_STRIP_PROGRAM='$(install_sh) -c -s'
LDFLAGS=''
LIBOBJS=''
LIBS=''
LIB_MAN_DIR='$(mandir)/man$(LIB_MAN_SUFFIX)'
LIB_MAN_SUFFIX='3'
LTLIBOBJS=''
MAINT='#'
MAINTAINER_MODE_FALSE=''
MAINTAINER_MODE_TRUE='#'
MAKEINFO='${SHELL} /lfskernel/sources/boot/X11/app/xkbutils-1.0.4/missing --run makeinfo'
MAN_SUBSTS='	-e '\''s|__vendorversion__|"$(PACKAGE_STRING)" "$(XORG_MAN_PAGE)"|'\'' 	-e '\''s|__xorgversion__|"$(PACKAGE_STRING)" "$(XORG_MAN_PAGE)"|'\'' 	-e '\''s|__xservername__|Xorg|g'\'' 	-e '\''s|__xconfigfile__|xorg.conf|g'\'' 	-e '\''s|__projectroot__|$(prefix)|g'\'' 	-e '\''s|__apploaddir__|$(appdefaultdir)|g'\'' 	-e '\''s|__appmansuffix__|$(APP_MAN_SUFFIX)|g'\'' 	-e '\''s|__drivermansuffix__|$(DRIVER_MAN_SUFFIX)|g'\'' 	-e '\''s|__adminmansuffix__|$(ADMIN_MAN_SUFFIX)|g'\'' 	-e '\''s|__libmansuffix__|$(LIB_MAN_SUFFIX)|g'\'' 	-e '\''s|__miscmansuffix__|$(MISC_MAN_SUFFIX)|g'\'' 	-e '\''s|__filemansuffix__|$(FILE_MAN_SUFFIX)|g'\'''
MISC_MAN_DIR='$(mandir)/man$(MISC_MAN_SUFFIX)'
MISC_MAN_SUFFIX='7'
MKDIR_P='/bin/mkdir -p'
OBJEXT='o'
PACKAGE='xkbutils'
PACKAGE_BUGREPORT='https://bugs.freedesktop.org/enter_bug.cgi?product=xorg'
PACKAGE_NAME='xkbutils'
PACKAGE_STRING='xkbutils 1.0.4'
PACKAGE_TARNAME='xkbutils'
PACKAGE_URL=''
PACKAGE_VERSION='1.0.4'
PATH_SEPARATOR=':'
PKG_CONFIG='/usr/bin/pkg-config'
SED='/bin/sed'
SET_MAKE=''
SHELL='/bin/sh'
STRICT_CFLAGS=' -pedantic -Werror -Werror=attributes'
STRIP=''
VERSION='1.0.4'
XKBBELL_CFLAGS=''
XKBBELL_LIBS='-lX11'
XKBVLEDS_CFLAGS=''
XKBVLEDS_LIBS='-lXaw7 -lXt -lX11'
XKBWATCH_CFLAGS=''
XKBWATCH_LIBS='-lXaw7 -lXt -lX11'
XORG_MAN_PAGE='X Version 11'
ac_ct_CC='gcc'
am__EXEEXT_FALSE=''
am__EXEEXT_TRUE='#'
am__fastdepCC_FALSE='#'
am__fastdepCC_TRUE=''
am__include='include'
am__isrc=''
am__leading_dot='.'
am__nodep='_no'
am__quote=''
am__tar='${AMTAR} chof - "$$tardir"'
am__untar='${AMTAR} xf -'
bindir='${exec_prefix}/bin'
build='x86_64-unknown-linux-gnu'
build_alias=''
build_cpu='x86_64'
build_os='linux-gnu'
build_vendor='unknown'
datadir='${datarootdir}'
datarootdir='${prefix}/share'
docdir='${datarootdir}/doc/${PACKAGE_TARNAME}'
dvidir='${docdir}'
exec_prefix='${prefix}'
host='x86_64-unknown-linux-gnu'
host_alias=''
host_cpu='x86_64'
host_os='linux-gnu'
host_vendor='unknown'
htmldir='${docdir}'
includedir='${prefix}/include'
infodir='${datarootdir}/info'
install_sh='${SHELL} /lfskernel/sources/boot/X11/app/xkbutils-1.0.4/install-sh'
libdir='${exec_prefix}/lib'
libexecdir='${exec_prefix}/libexec'
localedir='${datarootdir}/locale'
localstatedir='/var'
mandir='${datarootdir}/man'
mkdir_p='/bin/mkdir -p'
oldincludedir='/usr/include'
pdfdir='${docdir}'
prefix='/usr'
program_transform_name='s,x,x,'
psdir='${docdir}'
sbindir='${exec_prefix}/sbin'
sharedstatedir='${prefix}/com'
sysconfdir='/etc'
target_alias=''

## ----------- ##
## confdefs.h. ##
## ----------- ##

/* confdefs.h */
#define PACKAGE_NAME "xkbutils"
#define PACKAGE_TARNAME "xkbutils"
#define PACKAGE_VERSION "1.0.4"
#define PACKAGE_STRING "xkbutils 1.0.4"
#define PACKAGE_BUGREPORT "https://bugs.freedesktop.org/enter_bug.cgi?product=xorg"
#define PACKAGE_URL ""
#define PACKAGE "xkbutils"
#define VERSION "1.0.4"
#define STDC_HEADERS 1
#define HAVE_SYS_TYPES_H 1
#define HAVE_SYS_STAT_H 1
#define HAVE_STDLIB_H 1
#define HAVE_STRING_H 1
#define HAVE_MEMORY_H 1
#define HAVE_STRINGS_H 1
#define HAVE_INTTYPES_H 1
#define HAVE_STDINT_H 1
#define HAVE_UNISTD_H 1
#define PACKAGE_VERSION_MAJOR 1
#define PACKAGE_VERSION_MINOR 0
#define PACKAGE_VERSION_PATCHLEVEL 4
#define HAVE_STRCASECMP 1

configure: exit 0
