###############################
# Make xlsclients-1.1.3.tar.bz2 #
###############################
make  all-recursive
make[1]: Entering directory '/lfskernel/sources/boot/X11/app/xlsclients-1.1.3'
Making all in man
make[2]: Entering directory '/lfskernel/sources/boot/X11/app/xlsclients-1.1.3/man'
  GEN      xlsclients.1
make[2]: Leaving directory '/lfskernel/sources/boot/X11/app/xlsclients-1.1.3/man'
make[2]: Entering directory '/lfskernel/sources/boot/X11/app/xlsclients-1.1.3'
  CC       xlsclients.o
xlsclients.c: In function 'show_client_properties':
xlsclients.c:524:6: warning: 'wm_class' may be used uninitialized in this function [-Wmaybe-uninitialized]
      free(wm_class);
      ^~~~~~~~~~~~~~
xlsclients.c:522:6: warning: 'icon_name' may be used uninitialized in this function [-Wmaybe-uninitialized]
      free(icon_name);
      ^~~~~~~~~~~~~~~
xlsclients.c:520:6: warning: 'name' may be used uninitialized in this function [-Wmaybe-uninitialized]
      free(name);
      ^~~~~~~~~~
  CCLD     xlsclients
make[2]: Leaving directory '/lfskernel/sources/boot/X11/app/xlsclients-1.1.3'
make[1]: Leaving directory '/lfskernel/sources/boot/X11/app/xlsclients-1.1.3'
