make[1]: Entering directory '/sources/XML-Parser-2.44/Expat'
"/usr/bin/perl" -MExtUtils::Command::MM -e 'cp_nonempty' -- Expat.bs ../blib/arch/auto/XML/Parser/Expat/Expat.bs 644
Manifying 1 pod document
make[1]: Leaving directory '/sources/XML-Parser-2.44/Expat'
Manifying 6 pod documents
Files found in blib/arch: installing files in blib/lib into architecture dependent library tree
Installing /usr/lib/perl5/site_perl/5.26.1/x86_64-linux-thread-multi/auto/XML/Parser/Expat/Expat.so
Installing /usr/lib/perl5/site_perl/5.26.1/x86_64-linux-thread-multi/XML/Parser.pm
Installing /usr/lib/perl5/site_perl/5.26.1/x86_64-linux-thread-multi/XML/Parser/LWPExternEnt.pl
Installing /usr/lib/perl5/site_perl/5.26.1/x86_64-linux-thread-multi/XML/Parser/Expat.pm
Installing /usr/lib/perl5/site_perl/5.26.1/x86_64-linux-thread-multi/XML/Parser/Style/Objects.pm
Installing /usr/lib/perl5/site_perl/5.26.1/x86_64-linux-thread-multi/XML/Parser/Style/Tree.pm
Installing /usr/lib/perl5/site_perl/5.26.1/x86_64-linux-thread-multi/XML/Parser/Style/Stream.pm
Installing /usr/lib/perl5/site_perl/5.26.1/x86_64-linux-thread-multi/XML/Parser/Style/Subs.pm
Installing /usr/lib/perl5/site_perl/5.26.1/x86_64-linux-thread-multi/XML/Parser/Style/Debug.pm
Installing /usr/lib/perl5/site_perl/5.26.1/x86_64-linux-thread-multi/XML/Parser/Encodings/iso-8859-8.enc
Installing /usr/lib/perl5/site_perl/5.26.1/x86_64-linux-thread-multi/XML/Parser/Encodings/x-euc-jp-unicode.enc
Installing /usr/lib/perl5/site_perl/5.26.1/x86_64-linux-thread-multi/XML/Parser/Encodings/iso-8859-9.enc
Installing /usr/lib/perl5/site_perl/5.26.1/x86_64-linux-thread-multi/XML/Parser/Encodings/koi8-r.enc
Installing /usr/lib/perl5/site_perl/5.26.1/x86_64-linux-thread-multi/XML/Parser/Encodings/README
Installing /usr/lib/perl5/site_perl/5.26.1/x86_64-linux-thread-multi/XML/Parser/Encodings/windows-1250.enc
Installing /usr/lib/perl5/site_perl/5.26.1/x86_64-linux-thread-multi/XML/Parser/Encodings/x-euc-jp-jisx0221.enc
Installing /usr/lib/perl5/site_perl/5.26.1/x86_64-linux-thread-multi/XML/Parser/Encodings/x-sjis-jisx0221.enc
Installing /usr/lib/perl5/site_perl/5.26.1/x86_64-linux-thread-multi/XML/Parser/Encodings/x-sjis-cp932.enc
Installing /usr/lib/perl5/site_perl/5.26.1/x86_64-linux-thread-multi/XML/Parser/Encodings/ibm866.enc
Installing /usr/lib/perl5/site_perl/5.26.1/x86_64-linux-thread-multi/XML/Parser/Encodings/big5.enc
Installing /usr/lib/perl5/site_perl/5.26.1/x86_64-linux-thread-multi/XML/Parser/Encodings/windows-1252.enc
Installing /usr/lib/perl5/site_perl/5.26.1/x86_64-linux-thread-multi/XML/Parser/Encodings/x-sjis-unicode.enc
Installing /usr/lib/perl5/site_perl/5.26.1/x86_64-linux-thread-multi/XML/Parser/Encodings/iso-8859-4.enc
Installing /usr/lib/perl5/site_perl/5.26.1/x86_64-linux-thread-multi/XML/Parser/Encodings/iso-8859-7.enc
Installing /usr/lib/perl5/site_perl/5.26.1/x86_64-linux-thread-multi/XML/Parser/Encodings/windows-1255.enc
Installing /usr/lib/perl5/site_perl/5.26.1/x86_64-linux-thread-multi/XML/Parser/Encodings/euc-kr.enc
Installing /usr/lib/perl5/site_perl/5.26.1/x86_64-linux-thread-multi/XML/Parser/Encodings/iso-8859-3.enc
Installing /usr/lib/perl5/site_perl/5.26.1/x86_64-linux-thread-multi/XML/Parser/Encodings/Japanese_Encodings.msg
Installing /usr/lib/perl5/site_perl/5.26.1/x86_64-linux-thread-multi/XML/Parser/Encodings/x-sjis-jdk117.enc
Installing /usr/lib/perl5/site_perl/5.26.1/x86_64-linux-thread-multi/XML/Parser/Encodings/iso-8859-2.enc
Installing /usr/lib/perl5/site_perl/5.26.1/x86_64-linux-thread-multi/XML/Parser/Encodings/windows-1251.enc
Installing /usr/lib/perl5/site_perl/5.26.1/x86_64-linux-thread-multi/XML/Parser/Encodings/iso-8859-5.enc
Installing /usr/share/man/man3/XML::Parser::Style::Tree.3
Installing /usr/share/man/man3/XML::Parser.3
Installing /usr/share/man/man3/XML::Parser::Expat.3
Installing /usr/share/man/man3/XML::Parser::Style::Stream.3
Installing /usr/share/man/man3/XML::Parser::Style::Subs.3
Installing /usr/share/man/man3/XML::Parser::Style::Debug.3
Installing /usr/share/man/man3/XML::Parser::Style::Objects.3
Appending installation info to /usr/lib/perl5/5.26.1/x86_64-linux-thread-multi/perllocal.pod
