This file contains any messages produced by compilers while
running configure, to aid debugging if configure makes a mistake.

It was created by xrandr configure 1.5.0, which was
generated by GNU Autoconf 2.69.  Invocation command line was

  $ ./configure --prefix=/usr --sysconfdir=/etc --localstatedir=/var --disable-static

## --------- ##
## Platform. ##
## --------- ##

hostname = localhost.localdomain
uname -m = x86_64
uname -r = 3.10.0-693.11.1.el7.x86_64
uname -s = Linux
uname -v = #1 SMP Mon Dec 4 23:52:40 UTC 2017

/usr/bin/uname -p = unknown
/bin/uname -X     = unknown

/bin/arch              = x86_64
/usr/bin/arch -k       = unknown
/usr/convex/getsysinfo = unknown
/usr/bin/hostinfo      = unknown
/bin/machine           = unknown
/usr/bin/oslevel       = unknown
/bin/universe          = unknown

PATH: /bin
PATH: /usr/bin
PATH: /sbin
PATH: /usr/sbin
PATH: /usr/local/bin


## ----------- ##
## Core tests. ##
## ----------- ##

configure:2140: checking for a BSD-compatible install
configure:2208: result: /usr/bin/install -c
configure:2219: checking whether build environment is sane
configure:2274: result: yes
configure:2425: checking for a thread-safe mkdir -p
configure:2464: result: /bin/mkdir -p
configure:2471: checking for gawk
configure:2487: found /usr/bin/gawk
configure:2498: result: gawk
configure:2509: checking whether make sets $(MAKE)
configure:2531: result: yes
configure:2560: checking whether make supports nested variables
configure:2577: result: yes
configure:2728: checking for style of include used by make
configure:2756: result: GNU
configure:2827: checking for gcc
configure:2843: found /usr/bin/gcc
configure:2854: result: gcc
configure:3083: checking for C compiler version
configure:3092: gcc --version >&5
gcc (GCC) 7.2.0
Copyright (C) 2017 Free Software Foundation, Inc.
This is free software; see the source for copying conditions.  There is NO
warranty; not even for MERCHANTABILITY or FITNESS FOR A PARTICULAR PURPOSE.

configure:3103: $? = 0
configure:3092: gcc -v >&5
Using built-in specs.
COLLECT_GCC=gcc
COLLECT_LTO_WRAPPER=/usr/libexec/gcc/x86_64-pc-linux-gnu/7.2.0/lto-wrapper
Target: x86_64-pc-linux-gnu
Configured with: ../configure --prefix=/usr --enable-languages=c,c++ --disable-multilib --disable-bootstrap --with-system-zlib
Thread model: posix
gcc version 7.2.0 (GCC) 
configure:3103: $? = 0
configure:3092: gcc -V >&5
gcc: error: unrecognized command line option '-V'
gcc: fatal error: no input files
compilation terminated.
configure:3103: $? = 1
configure:3092: gcc -qversion >&5
gcc: error: unrecognized command line option '-qversion'; did you mean '--version'?
gcc: fatal error: no input files
compilation terminated.
configure:3103: $? = 1
configure:3123: checking whether the C compiler works
configure:3145: gcc    conftest.c  >&5
configure:3149: $? = 0
configure:3197: result: yes
configure:3200: checking for C compiler default output file name
configure:3202: result: a.out
configure:3208: checking for suffix of executables
configure:3215: gcc -o conftest    conftest.c  >&5
configure:3219: $? = 0
configure:3241: result: 
configure:3263: checking whether we are cross compiling
configure:3271: gcc -o conftest    conftest.c  >&5
configure:3275: $? = 0
configure:3282: ./conftest
configure:3286: $? = 0
configure:3301: result: no
configure:3306: checking for suffix of object files
configure:3328: gcc -c   conftest.c >&5
configure:3332: $? = 0
configure:3353: result: o
configure:3357: checking whether we are using the GNU C compiler
configure:3376: gcc -c   conftest.c >&5
configure:3376: $? = 0
configure:3385: result: yes
configure:3394: checking whether gcc accepts -g
configure:3414: gcc -c -g  conftest.c >&5
configure:3414: $? = 0
configure:3455: result: yes
configure:3472: checking for gcc option to accept ISO C89
configure:3535: gcc  -c -g -O2  conftest.c >&5
configure:3535: $? = 0
configure:3548: result: none needed
configure:3573: checking whether gcc understands -c and -o together
configure:3595: gcc -c conftest.c -o conftest2.o
configure:3598: $? = 0
configure:3595: gcc -c conftest.c -o conftest2.o
configure:3598: $? = 0
configure:3610: result: yes
configure:3629: checking dependency style of gcc
configure:3740: result: gcc3
configure:3755: checking for gcc option to accept ISO C99
configure:3904: gcc  -c -g -O2  conftest.c >&5
configure:3904: $? = 0
configure:3917: result: none needed
configure:3938: checking how to run the C preprocessor
configure:3969: gcc -E  conftest.c
configure:3969: $? = 0
configure:3983: gcc -E  conftest.c
conftest.c:11:10: fatal error: ac_nonexistent.h: No such file or directory
 #include <ac_nonexistent.h>
          ^~~~~~~~~~~~~~~~~~
compilation terminated.
configure:3983: $? = 1
configure: failed program was:
| /* confdefs.h */
| #define PACKAGE_NAME "xrandr"
| #define PACKAGE_TARNAME "xrandr"
| #define PACKAGE_VERSION "1.5.0"
| #define PACKAGE_STRING "xrandr 1.5.0"
| #define PACKAGE_BUGREPORT "https://bugs.freedesktop.org/enter_bug.cgi?product=xorg"
| #define PACKAGE_URL ""
| #define PACKAGE "xrandr"
| #define VERSION "1.5.0"
| /* end confdefs.h.  */
| #include <ac_nonexistent.h>
configure:4008: result: gcc -E
configure:4028: gcc -E  conftest.c
configure:4028: $? = 0
configure:4042: gcc -E  conftest.c
conftest.c:11:10: fatal error: ac_nonexistent.h: No such file or directory
 #include <ac_nonexistent.h>
          ^~~~~~~~~~~~~~~~~~
compilation terminated.
configure:4042: $? = 1
configure: failed program was:
| /* confdefs.h */
| #define PACKAGE_NAME "xrandr"
| #define PACKAGE_TARNAME "xrandr"
| #define PACKAGE_VERSION "1.5.0"
| #define PACKAGE_STRING "xrandr 1.5.0"
| #define PACKAGE_BUGREPORT "https://bugs.freedesktop.org/enter_bug.cgi?product=xorg"
| #define PACKAGE_URL ""
| #define PACKAGE "xrandr"
| #define VERSION "1.5.0"
| /* end confdefs.h.  */
| #include <ac_nonexistent.h>
configure:4071: checking for grep that handles long lines and -e
configure:4129: result: /usr/bin/grep
configure:4134: checking for egrep
configure:4196: result: /usr/bin/grep -E
configure:4201: checking for ANSI C header files
configure:4221: gcc -c -g -O2  conftest.c >&5
configure:4221: $? = 0
configure:4294: gcc -o conftest -g -O2   conftest.c  >&5
configure:4294: $? = 0
configure:4294: ./conftest
configure:4294: $? = 0
configure:4305: result: yes
configure:4318: checking for sys/types.h
configure:4318: gcc -c -g -O2  conftest.c >&5
configure:4318: $? = 0
configure:4318: result: yes
configure:4318: checking for sys/stat.h
configure:4318: gcc -c -g -O2  conftest.c >&5
configure:4318: $? = 0
configure:4318: result: yes
configure:4318: checking for stdlib.h
configure:4318: gcc -c -g -O2  conftest.c >&5
configure:4318: $? = 0
configure:4318: result: yes
configure:4318: checking for string.h
configure:4318: gcc -c -g -O2  conftest.c >&5
configure:4318: $? = 0
configure:4318: result: yes
configure:4318: checking for memory.h
configure:4318: gcc -c -g -O2  conftest.c >&5
configure:4318: $? = 0
configure:4318: result: yes
configure:4318: checking for strings.h
configure:4318: gcc -c -g -O2  conftest.c >&5
configure:4318: $? = 0
configure:4318: result: yes
configure:4318: checking for inttypes.h
configure:4318: gcc -c -g -O2  conftest.c >&5
configure:4318: $? = 0
configure:4318: result: yes
configure:4318: checking for stdint.h
configure:4318: gcc -c -g -O2  conftest.c >&5
configure:4318: $? = 0
configure:4318: result: yes
configure:4318: checking for unistd.h
configure:4318: gcc -c -g -O2  conftest.c >&5
configure:4318: $? = 0
configure:4318: result: yes
configure:4334: checking whether __clang__ is declared
configure:4334: gcc -c -g -O2  conftest.c >&5
conftest.c: In function 'main':
conftest.c:61:10: error: '__clang__' undeclared (first use in this function); did you mean '__clock_t'?
   (void) __clang__;
          ^~~~~~~~~
          __clock_t
conftest.c:61:10: note: each undeclared identifier is reported only once for each function it appears in
configure:4334: $? = 1
configure: failed program was:
| /* confdefs.h */
| #define PACKAGE_NAME "xrandr"
| #define PACKAGE_TARNAME "xrandr"
| #define PACKAGE_VERSION "1.5.0"
| #define PACKAGE_STRING "xrandr 1.5.0"
| #define PACKAGE_BUGREPORT "https://bugs.freedesktop.org/enter_bug.cgi?product=xorg"
| #define PACKAGE_URL ""
| #define PACKAGE "xrandr"
| #define VERSION "1.5.0"
| #define STDC_HEADERS 1
| #define HAVE_SYS_TYPES_H 1
| #define HAVE_SYS_STAT_H 1
| #define HAVE_STDLIB_H 1
| #define HAVE_STRING_H 1
| #define HAVE_MEMORY_H 1
| #define HAVE_STRINGS_H 1
| #define HAVE_INTTYPES_H 1
| #define HAVE_STDINT_H 1
| #define HAVE_UNISTD_H 1
| /* end confdefs.h.  */
| #include <stdio.h>
| #ifdef HAVE_SYS_TYPES_H
| # include <sys/types.h>
| #endif
| #ifdef HAVE_SYS_STAT_H
| # include <sys/stat.h>
| #endif
| #ifdef STDC_HEADERS
| # include <stdlib.h>
| # include <stddef.h>
| #else
| # ifdef HAVE_STDLIB_H
| #  include <stdlib.h>
| # endif
| #endif
| #ifdef HAVE_STRING_H
| # if !defined STDC_HEADERS && defined HAVE_MEMORY_H
| #  include <memory.h>
| # endif
| # include <string.h>
| #endif
| #ifdef HAVE_STRINGS_H
| # include <strings.h>
| #endif
| #ifdef HAVE_INTTYPES_H
| # include <inttypes.h>
| #endif
| #ifdef HAVE_STDINT_H
| # include <stdint.h>
| #endif
| #ifdef HAVE_UNISTD_H
| # include <unistd.h>
| #endif
| int
| main ()
| {
| #ifndef __clang__
| #ifdef __cplusplus
|   (void) __clang__;
| #else
|   (void) __clang__;
| #endif
| #endif
| 
|   ;
|   return 0;
| }
configure:4334: result: no
configure:4341: checking whether __INTEL_COMPILER is declared
configure:4341: gcc -c -g -O2  conftest.c >&5
conftest.c: In function 'main':
conftest.c:61:10: error: '__INTEL_COMPILER' undeclared (first use in this function); did you mean '__BYTE_ORDER'?
   (void) __INTEL_COMPILER;
          ^~~~~~~~~~~~~~~~
          __BYTE_ORDER
conftest.c:61:10: note: each undeclared identifier is reported only once for each function it appears in
configure:4341: $? = 1
configure: failed program was:
| /* confdefs.h */
| #define PACKAGE_NAME "xrandr"
| #define PACKAGE_TARNAME "xrandr"
| #define PACKAGE_VERSION "1.5.0"
| #define PACKAGE_STRING "xrandr 1.5.0"
| #define PACKAGE_BUGREPORT "https://bugs.freedesktop.org/enter_bug.cgi?product=xorg"
| #define PACKAGE_URL ""
| #define PACKAGE "xrandr"
| #define VERSION "1.5.0"
| #define STDC_HEADERS 1
| #define HAVE_SYS_TYPES_H 1
| #define HAVE_SYS_STAT_H 1
| #define HAVE_STDLIB_H 1
| #define HAVE_STRING_H 1
| #define HAVE_MEMORY_H 1
| #define HAVE_STRINGS_H 1
| #define HAVE_INTTYPES_H 1
| #define HAVE_STDINT_H 1
| #define HAVE_UNISTD_H 1
| /* end confdefs.h.  */
| #include <stdio.h>
| #ifdef HAVE_SYS_TYPES_H
| # include <sys/types.h>
| #endif
| #ifdef HAVE_SYS_STAT_H
| # include <sys/stat.h>
| #endif
| #ifdef STDC_HEADERS
| # include <stdlib.h>
| # include <stddef.h>
| #else
| # ifdef HAVE_STDLIB_H
| #  include <stdlib.h>
| # endif
| #endif
| #ifdef HAVE_STRING_H
| # if !defined STDC_HEADERS && defined HAVE_MEMORY_H
| #  include <memory.h>
| # endif
| # include <string.h>
| #endif
| #ifdef HAVE_STRINGS_H
| # include <strings.h>
| #endif
| #ifdef HAVE_INTTYPES_H
| # include <inttypes.h>
| #endif
| #ifdef HAVE_STDINT_H
| # include <stdint.h>
| #endif
| #ifdef HAVE_UNISTD_H
| # include <unistd.h>
| #endif
| int
| main ()
| {
| #ifndef __INTEL_COMPILER
| #ifdef __cplusplus
|   (void) __INTEL_COMPILER;
| #else
|   (void) __INTEL_COMPILER;
| #endif
| #endif
| 
|   ;
|   return 0;
| }
configure:4341: result: no
configure:4348: checking whether __SUNPRO_C is declared
configure:4348: gcc -c -g -O2  conftest.c >&5
conftest.c: In function 'main':
conftest.c:61:10: error: '__SUNPRO_C' undeclared (first use in this function); did you mean '__INT8_C'?
   (void) __SUNPRO_C;
          ^~~~~~~~~~
          __INT8_C
conftest.c:61:10: note: each undeclared identifier is reported only once for each function it appears in
configure:4348: $? = 1
configure: failed program was:
| /* confdefs.h */
| #define PACKAGE_NAME "xrandr"
| #define PACKAGE_TARNAME "xrandr"
| #define PACKAGE_VERSION "1.5.0"
| #define PACKAGE_STRING "xrandr 1.5.0"
| #define PACKAGE_BUGREPORT "https://bugs.freedesktop.org/enter_bug.cgi?product=xorg"
| #define PACKAGE_URL ""
| #define PACKAGE "xrandr"
| #define VERSION "1.5.0"
| #define STDC_HEADERS 1
| #define HAVE_SYS_TYPES_H 1
| #define HAVE_SYS_STAT_H 1
| #define HAVE_STDLIB_H 1
| #define HAVE_STRING_H 1
| #define HAVE_MEMORY_H 1
| #define HAVE_STRINGS_H 1
| #define HAVE_INTTYPES_H 1
| #define HAVE_STDINT_H 1
| #define HAVE_UNISTD_H 1
| /* end confdefs.h.  */
| #include <stdio.h>
| #ifdef HAVE_SYS_TYPES_H
| # include <sys/types.h>
| #endif
| #ifdef HAVE_SYS_STAT_H
| # include <sys/stat.h>
| #endif
| #ifdef STDC_HEADERS
| # include <stdlib.h>
| # include <stddef.h>
| #else
| # ifdef HAVE_STDLIB_H
| #  include <stdlib.h>
| # endif
| #endif
| #ifdef HAVE_STRING_H
| # if !defined STDC_HEADERS && defined HAVE_MEMORY_H
| #  include <memory.h>
| # endif
| # include <string.h>
| #endif
| #ifdef HAVE_STRINGS_H
| # include <strings.h>
| #endif
| #ifdef HAVE_INTTYPES_H
| # include <inttypes.h>
| #endif
| #ifdef HAVE_STDINT_H
| # include <stdint.h>
| #endif
| #ifdef HAVE_UNISTD_H
| # include <unistd.h>
| #endif
| int
| main ()
| {
| #ifndef __SUNPRO_C
| #ifdef __cplusplus
|   (void) __SUNPRO_C;
| #else
|   (void) __SUNPRO_C;
| #endif
| #endif
| 
|   ;
|   return 0;
| }
configure:4348: result: no
configure:4410: checking for pkg-config
configure:4428: found /usr/bin/pkg-config
configure:4440: result: /usr/bin/pkg-config
configure:4465: checking pkg-config is at least version 0.9.0
configure:4468: result: yes
configure:4480: checking build system type
configure:4494: result: x86_64-unknown-linux-gnu
configure:4514: checking host system type
configure:4527: result: x86_64-unknown-linux-gnu
configure:4547: checking for a sed that does not truncate output
configure:4611: result: /bin/sed
configure:4657: checking if gcc supports -Werror=unknown-warning-option
configure:4666: gcc -c -g -O2 -Werror=unknown-warning-option  conftest.c >&5
cc1: error: -Werror=unknown-warning-option: no option -Wunknown-warning-option
configure:4666: $? = 1
configure: failed program was:
| /* confdefs.h */
| #define PACKAGE_NAME "xrandr"
| #define PACKAGE_TARNAME "xrandr"
| #define PACKAGE_VERSION "1.5.0"
| #define PACKAGE_STRING "xrandr 1.5.0"
| #define PACKAGE_BUGREPORT "https://bugs.freedesktop.org/enter_bug.cgi?product=xorg"
| #define PACKAGE_URL ""
| #define PACKAGE "xrandr"
| #define VERSION "1.5.0"
| #define STDC_HEADERS 1
| #define HAVE_SYS_TYPES_H 1
| #define HAVE_SYS_STAT_H 1
| #define HAVE_STDLIB_H 1
| #define HAVE_STRING_H 1
| #define HAVE_MEMORY_H 1
| #define HAVE_STRINGS_H 1
| #define HAVE_INTTYPES_H 1
| #define HAVE_STDINT_H 1
| #define HAVE_UNISTD_H 1
| /* end confdefs.h.  */
| int i;
configure:4673: result: no
configure:4684: checking if gcc supports -Werror=unused-command-line-argument
configure:4693: gcc -c -g -O2 -Werror=unused-command-line-argument  conftest.c >&5
cc1: error: -Werror=unused-command-line-argument: no option -Wunused-command-line-argument
configure:4693: $? = 1
configure: failed program was:
| /* confdefs.h */
| #define PACKAGE_NAME "xrandr"
| #define PACKAGE_TARNAME "xrandr"
| #define PACKAGE_VERSION "1.5.0"
| #define PACKAGE_STRING "xrandr 1.5.0"
| #define PACKAGE_BUGREPORT "https://bugs.freedesktop.org/enter_bug.cgi?product=xorg"
| #define PACKAGE_URL ""
| #define PACKAGE "xrandr"
| #define VERSION "1.5.0"
| #define STDC_HEADERS 1
| #define HAVE_SYS_TYPES_H 1
| #define HAVE_SYS_STAT_H 1
| #define HAVE_STDLIB_H 1
| #define HAVE_STRING_H 1
| #define HAVE_MEMORY_H 1
| #define HAVE_STRINGS_H 1
| #define HAVE_INTTYPES_H 1
| #define HAVE_STDINT_H 1
| #define HAVE_UNISTD_H 1
| /* end confdefs.h.  */
| int i;
configure:4700: result: no
configure:4719: checking if gcc supports -Wall
configure:4736: gcc -o conftest -g -O2 -Wall   conftest.c  >&5
configure:4736: $? = 0
configure:4749: result: yes
configure:4837: checking if gcc supports -Wpointer-arith
configure:4854: gcc -o conftest -g -O2 -Wpointer-arith   conftest.c  >&5
configure:4854: $? = 0
configure:4867: result: yes
configure:4955: checking if gcc supports -Wmissing-declarations
configure:4972: gcc -o conftest -g -O2 -Wmissing-declarations   conftest.c  >&5
configure:4972: $? = 0
configure:4985: result: yes
configure:5073: checking if gcc supports -Wformat=2
configure:5090: gcc -o conftest -g -O2 -Wformat=2   conftest.c  >&5
configure:5090: $? = 0
configure:5103: result: yes
configure:5242: checking if gcc supports -Wstrict-prototypes
configure:5259: gcc -o conftest -g -O2 -Wstrict-prototypes   conftest.c  >&5
conftest.c:23:1: warning: function declaration isn't a prototype [-Wstrict-prototypes]
 main ()
 ^~~~
configure:5259: $? = 0
configure:5272: result: yes
configure:5360: checking if gcc supports -Wmissing-prototypes
configure:5377: gcc -o conftest -g -O2 -Wmissing-prototypes   conftest.c  >&5
configure:5377: $? = 0
configure:5390: result: yes
configure:5478: checking if gcc supports -Wnested-externs
configure:5495: gcc -o conftest -g -O2 -Wnested-externs   conftest.c  >&5
configure:5495: $? = 0
configure:5508: result: yes
configure:5596: checking if gcc supports -Wbad-function-cast
configure:5613: gcc -o conftest -g -O2 -Wbad-function-cast   conftest.c  >&5
configure:5613: $? = 0
configure:5626: result: yes
configure:5714: checking if gcc supports -Wold-style-definition
configure:5731: gcc -o conftest -g -O2 -Wold-style-definition   conftest.c  >&5
conftest.c: In function 'main':
conftest.c:23:1: warning: old-style function definition [-Wold-style-definition]
 main ()
 ^~~~
configure:5731: $? = 0
configure:5744: result: yes
configure:5881: checking if gcc supports -Wdeclaration-after-statement
configure:5898: gcc -o conftest -g -O2 -Wdeclaration-after-statement   conftest.c  >&5
configure:5898: $? = 0
configure:5911: result: yes
configure:6003: checking if gcc supports -Wunused
configure:6020: gcc -o conftest -g -O2 -Wunused   conftest.c  >&5
configure:6020: $? = 0
configure:6033: result: yes
configure:6121: checking if gcc supports -Wuninitialized
configure:6138: gcc -o conftest -g -O2 -Wuninitialized   conftest.c  >&5
configure:6138: $? = 0
configure:6151: result: yes
configure:6239: checking if gcc supports -Wshadow
configure:6256: gcc -o conftest -g -O2 -Wshadow   conftest.c  >&5
configure:6256: $? = 0
configure:6269: result: yes
configure:6357: checking if gcc supports -Wmissing-noreturn
configure:6374: gcc -o conftest -g -O2 -Wmissing-noreturn   conftest.c  >&5
configure:6374: $? = 0
configure:6387: result: yes
configure:6475: checking if gcc supports -Wmissing-format-attribute
configure:6492: gcc -o conftest -g -O2 -Wmissing-format-attribute   conftest.c  >&5
configure:6492: $? = 0
configure:6505: result: yes
configure:6593: checking if gcc supports -Wredundant-decls
configure:6610: gcc -o conftest -g -O2 -Wredundant-decls   conftest.c  >&5
configure:6610: $? = 0
configure:6623: result: yes
configure:6711: checking if gcc supports -Wlogical-op
configure:6728: gcc -o conftest -g -O2 -Wlogical-op   conftest.c  >&5
configure:6728: $? = 0
configure:6741: result: yes
configure:6841: checking if gcc supports -Werror=implicit
configure:6858: gcc -o conftest -g -O2 -Werror=implicit   conftest.c  >&5
configure:6858: $? = 0
configure:6871: result: yes
configure:7008: checking if gcc supports -Werror=nonnull
configure:7025: gcc -o conftest -g -O2 -Werror=nonnull   conftest.c  >&5
configure:7025: $? = 0
configure:7038: result: yes
configure:7126: checking if gcc supports -Werror=init-self
configure:7143: gcc -o conftest -g -O2 -Werror=init-self   conftest.c  >&5
configure:7143: $? = 0
configure:7156: result: yes
configure:7244: checking if gcc supports -Werror=main
configure:7261: gcc -o conftest -g -O2 -Werror=main   conftest.c  >&5
configure:7261: $? = 0
configure:7274: result: yes
configure:7362: checking if gcc supports -Werror=missing-braces
configure:7379: gcc -o conftest -g -O2 -Werror=missing-braces   conftest.c  >&5
configure:7379: $? = 0
configure:7392: result: yes
configure:7480: checking if gcc supports -Werror=sequence-point
configure:7497: gcc -o conftest -g -O2 -Werror=sequence-point   conftest.c  >&5
configure:7497: $? = 0
configure:7510: result: yes
configure:7598: checking if gcc supports -Werror=return-type
configure:7615: gcc -o conftest -g -O2 -Werror=return-type   conftest.c  >&5
configure:7615: $? = 0
configure:7628: result: yes
configure:7765: checking if gcc supports -Werror=trigraphs
configure:7782: gcc -o conftest -g -O2 -Werror=trigraphs   conftest.c  >&5
configure:7782: $? = 0
configure:7795: result: yes
configure:7883: checking if gcc supports -Werror=array-bounds
configure:7900: gcc -o conftest -g -O2 -Werror=array-bounds   conftest.c  >&5
configure:7900: $? = 0
configure:7913: result: yes
configure:8001: checking if gcc supports -Werror=write-strings
configure:8018: gcc -o conftest -g -O2 -Werror=write-strings   conftest.c  >&5
configure:8018: $? = 0
configure:8031: result: yes
configure:8119: checking if gcc supports -Werror=address
configure:8136: gcc -o conftest -g -O2 -Werror=address   conftest.c  >&5
configure:8136: $? = 0
configure:8149: result: yes
configure:8237: checking if gcc supports -Werror=int-to-pointer-cast
configure:8254: gcc -o conftest -g -O2 -Werror=int-to-pointer-cast   conftest.c  >&5
configure:8254: $? = 0
configure:8267: result: yes
configure:8404: checking if gcc supports -Werror=pointer-to-int-cast
configure:8421: gcc -o conftest -g -O2 -Werror=pointer-to-int-cast   conftest.c  >&5
configure:8421: $? = 0
configure:8434: result: yes
configure:10092: checking if gcc supports -pedantic
configure:10109: gcc -o conftest -g -O2 -pedantic   conftest.c  >&5
configure:10109: $? = 0
configure:10122: result: yes
configure:10210: checking if gcc supports -Werror
configure:10227: gcc -o conftest -g -O2 -Werror   conftest.c  >&5
configure:10227: $? = 0
configure:10240: result: yes
configure:10380: checking if gcc supports -Werror=attributes
configure:10397: gcc -o conftest -g -O2 -Werror=attributes   conftest.c  >&5
configure:10397: $? = 0
configure:10410: result: yes
configure:10570: checking whether make supports nested variables
configure:10587: result: yes
configure:10600: checking for floor in -lm
configure:10625: gcc -o conftest -g -O2   conftest.c -lm   >&5
conftest.c:31:6: warning: conflicting types for built-in function 'floor' [-Wbuiltin-declaration-mismatch]
 char floor ();
      ^~~~~
configure:10625: $? = 0
configure:10634: result: yes
configure:10649: checking for XRANDR
configure:10656: $PKG_CONFIG --exists --print-errors "xrandr >= 1.5 xrender x11 xproto >= 7.0.17"
configure:10659: $? = 0
configure:10673: $PKG_CONFIG --exists --print-errors "xrandr >= 1.5 xrender x11 xproto >= 7.0.17"
configure:10676: $? = 0
configure:10734: result: yes
configure:10850: checking that generated files are newer than configure
configure:10856: result: done
configure:10879: creating ./config.status

## ---------------------- ##
## Running config.status. ##
## ---------------------- ##

This file was extended by xrandr config.status 1.5.0, which was
generated by GNU Autoconf 2.69.  Invocation command line was

  CONFIG_FILES    = 
  CONFIG_HEADERS  = 
  CONFIG_LINKS    = 
  CONFIG_COMMANDS = 
  $ ./config.status 

on localhost.localdomain

config.status:901: creating Makefile
config.status:901: creating man/Makefile
config.status:901: creating config.h
config.status:1130: executing depfiles commands
configure:12192: WARNING: unrecognized options: --disable-static

## ---------------- ##
## Cache variables. ##
## ---------------- ##

ac_cv_build=x86_64-unknown-linux-gnu
ac_cv_c_compiler_gnu=yes
ac_cv_env_CC_set=
ac_cv_env_CC_value=
ac_cv_env_CFLAGS_set=
ac_cv_env_CFLAGS_value=
ac_cv_env_CPPFLAGS_set=
ac_cv_env_CPPFLAGS_value=
ac_cv_env_CPP_set=
ac_cv_env_CPP_value=
ac_cv_env_LDFLAGS_set=
ac_cv_env_LDFLAGS_value=
ac_cv_env_LIBS_set=
ac_cv_env_LIBS_value=
ac_cv_env_PKG_CONFIG_LIBDIR_set=
ac_cv_env_PKG_CONFIG_LIBDIR_value=
ac_cv_env_PKG_CONFIG_PATH_set=
ac_cv_env_PKG_CONFIG_PATH_value=
ac_cv_env_PKG_CONFIG_set=
ac_cv_env_PKG_CONFIG_value=
ac_cv_env_XRANDR_CFLAGS_set=
ac_cv_env_XRANDR_CFLAGS_value=
ac_cv_env_XRANDR_LIBS_set=
ac_cv_env_XRANDR_LIBS_value=
ac_cv_env_build_alias_set=
ac_cv_env_build_alias_value=
ac_cv_env_host_alias_set=
ac_cv_env_host_alias_value=
ac_cv_env_target_alias_set=
ac_cv_env_target_alias_value=
ac_cv_have_decl___INTEL_COMPILER=no
ac_cv_have_decl___SUNPRO_C=no
ac_cv_have_decl___clang__=no
ac_cv_header_inttypes_h=yes
ac_cv_header_memory_h=yes
ac_cv_header_stdc=yes
ac_cv_header_stdint_h=yes
ac_cv_header_stdlib_h=yes
ac_cv_header_string_h=yes
ac_cv_header_strings_h=yes
ac_cv_header_sys_stat_h=yes
ac_cv_header_sys_types_h=yes
ac_cv_header_unistd_h=yes
ac_cv_host=x86_64-unknown-linux-gnu
ac_cv_lib_m_floor=yes
ac_cv_objext=o
ac_cv_path_EGREP='/usr/bin/grep -E'
ac_cv_path_GREP=/usr/bin/grep
ac_cv_path_SED=/bin/sed
ac_cv_path_ac_pt_PKG_CONFIG=/usr/bin/pkg-config
ac_cv_path_install='/usr/bin/install -c'
ac_cv_path_mkdir=/bin/mkdir
ac_cv_prog_AWK=gawk
ac_cv_prog_CPP='gcc -E'
ac_cv_prog_ac_ct_CC=gcc
ac_cv_prog_cc_c89=
ac_cv_prog_cc_c99=
ac_cv_prog_cc_g=yes
ac_cv_prog_make_make_set=yes
am_cv_CC_dependencies_compiler_type=gcc3
am_cv_make_support_nested_variables=yes
am_cv_prog_cc_c_o=yes
pkg_cv_XRANDR_CFLAGS=
pkg_cv_XRANDR_LIBS='-lXrandr -lXrender -lX11'
xorg_cv_cc_flag__Wall=yes
xorg_cv_cc_flag__Wbad_function_cast=yes
xorg_cv_cc_flag__Wdeclaration_after_statement=yes
xorg_cv_cc_flag__Werror=yes
xorg_cv_cc_flag__Werror_address=yes
xorg_cv_cc_flag__Werror_array_bounds=yes
xorg_cv_cc_flag__Werror_attributes=yes
xorg_cv_cc_flag__Werror_implicit=yes
xorg_cv_cc_flag__Werror_init_self=yes
xorg_cv_cc_flag__Werror_int_to_pointer_cast=yes
xorg_cv_cc_flag__Werror_main=yes
xorg_cv_cc_flag__Werror_missing_braces=yes
xorg_cv_cc_flag__Werror_nonnull=yes
xorg_cv_cc_flag__Werror_pointer_to_int_cast=yes
xorg_cv_cc_flag__Werror_return_type=yes
xorg_cv_cc_flag__Werror_sequence_point=yes
xorg_cv_cc_flag__Werror_trigraphs=yes
xorg_cv_cc_flag__Werror_write_strings=yes
xorg_cv_cc_flag__Wformat_2=yes
xorg_cv_cc_flag__Wlogical_op=yes
xorg_cv_cc_flag__Wmissing_declarations=yes
xorg_cv_cc_flag__Wmissing_format_attribute=yes
xorg_cv_cc_flag__Wmissing_noreturn=yes
xorg_cv_cc_flag__Wmissing_prototypes=yes
xorg_cv_cc_flag__Wnested_externs=yes
xorg_cv_cc_flag__Wold_style_definition=yes
xorg_cv_cc_flag__Wpointer_arith=yes
xorg_cv_cc_flag__Wredundant_decls=yes
xorg_cv_cc_flag__Wshadow=yes
xorg_cv_cc_flag__Wstrict_prototypes=yes
xorg_cv_cc_flag__Wuninitialized=yes
xorg_cv_cc_flag__Wunused=yes
xorg_cv_cc_flag__pedantic=yes
xorg_cv_cc_flag_unknown_warning_option=no
xorg_cv_cc_flag_unused_command_line_argument=no

## ----------------- ##
## Output variables. ##
## ----------------- ##

ACLOCAL='${SHELL} /lfskernel/sources/boot/X11/app/xrandr-1.5.0/missing aclocal-1.15'
ADMIN_MAN_DIR='$(mandir)/man$(ADMIN_MAN_SUFFIX)'
ADMIN_MAN_SUFFIX='8'
AMDEPBACKSLASH='\'
AMDEP_FALSE='#'
AMDEP_TRUE=''
AMTAR='$${TAR-tar}'
AM_BACKSLASH='\'
AM_DEFAULT_V='$(AM_DEFAULT_VERBOSITY)'
AM_DEFAULT_VERBOSITY='0'
AM_V='$(V)'
APP_MAN_DIR='$(mandir)/man$(APP_MAN_SUFFIX)'
APP_MAN_SUFFIX='1'
AUTOCONF='${SHELL} /lfskernel/sources/boot/X11/app/xrandr-1.5.0/missing autoconf'
AUTOHEADER='${SHELL} /lfskernel/sources/boot/X11/app/xrandr-1.5.0/missing autoheader'
AUTOMAKE='${SHELL} /lfskernel/sources/boot/X11/app/xrandr-1.5.0/missing automake-1.15'
AWK='gawk'
BASE_CFLAGS=' -Wall -Wpointer-arith -Wmissing-declarations -Wformat=2 -Wstrict-prototypes -Wmissing-prototypes -Wnested-externs -Wbad-function-cast -Wold-style-definition -Wdeclaration-after-statement -Wunused -Wuninitialized -Wshadow -Wmissing-noreturn -Wmissing-format-attribute -Wredundant-decls -Wlogical-op -Werror=implicit -Werror=nonnull -Werror=init-self -Werror=main -Werror=missing-braces -Werror=sequence-point -Werror=return-type -Werror=trigraphs -Werror=array-bounds -Werror=write-strings -Werror=address -Werror=int-to-pointer-cast -Werror=pointer-to-int-cast'
CC='gcc'
CCDEPMODE='depmode=gcc3'
CFLAGS='-g -O2'
CHANGELOG_CMD='(GIT_DIR=$(top_srcdir)/.git git log > $(top_srcdir)/.changelog.tmp && mv $(top_srcdir)/.changelog.tmp $(top_srcdir)/ChangeLog) || (rm -f $(top_srcdir)/.changelog.tmp; touch $(top_srcdir)/ChangeLog; echo '\''git directory not found: installing possibly empty changelog.'\'' >&2)'
CPP='gcc -E'
CPPFLAGS=''
CWARNFLAGS=' -Wall -Wpointer-arith -Wmissing-declarations -Wformat=2 -Wstrict-prototypes -Wmissing-prototypes -Wnested-externs -Wbad-function-cast -Wold-style-definition -Wdeclaration-after-statement -Wunused -Wuninitialized -Wshadow -Wmissing-noreturn -Wmissing-format-attribute -Wredundant-decls -Wlogical-op -Werror=implicit -Werror=nonnull -Werror=init-self -Werror=main -Werror=missing-braces -Werror=sequence-point -Werror=return-type -Werror=trigraphs -Werror=array-bounds -Werror=write-strings -Werror=address -Werror=int-to-pointer-cast -Werror=pointer-to-int-cast -fno-strict-aliasing'
CYGPATH_W='echo'
DEFS='-DHAVE_CONFIG_H'
DEPDIR='.deps'
DRIVER_MAN_DIR='$(mandir)/man$(DRIVER_MAN_SUFFIX)'
DRIVER_MAN_SUFFIX='4'
ECHO_C=''
ECHO_N='-n'
ECHO_T=''
EGREP='/usr/bin/grep -E'
EXEEXT=''
FILE_MAN_DIR='$(mandir)/man$(FILE_MAN_SUFFIX)'
FILE_MAN_SUFFIX='5'
GREP='/usr/bin/grep'
INSTALL_CMD='(cp -f /usr/share/util-macros/INSTALL $(top_srcdir)/.INSTALL.tmp && mv $(top_srcdir)/.INSTALL.tmp $(top_srcdir)/INSTALL) || (rm -f $(top_srcdir)/.INSTALL.tmp; touch $(top_srcdir)/INSTALL; echo '\''util-macros "pkgdatadir" from xorg-macros.pc not found: installing possibly empty INSTALL.'\'' >&2)'
INSTALL_DATA='${INSTALL} -m 644'
INSTALL_PROGRAM='${INSTALL}'
INSTALL_SCRIPT='${INSTALL}'
INSTALL_STRIP_PROGRAM='$(install_sh) -c -s'
LDFLAGS=''
LIBOBJS=''
LIBS='-lm '
LIB_MAN_DIR='$(mandir)/man$(LIB_MAN_SUFFIX)'
LIB_MAN_SUFFIX='3'
LTLIBOBJS=''
MAKEINFO='${SHELL} /lfskernel/sources/boot/X11/app/xrandr-1.5.0/missing makeinfo'
MAN_SUBSTS='	-e '\''s|__vendorversion__|"$(PACKAGE_STRING)" "$(XORG_MAN_PAGE)"|'\'' 	-e '\''s|__xorgversion__|"$(PACKAGE_STRING)" "$(XORG_MAN_PAGE)"|'\'' 	-e '\''s|__xservername__|Xorg|g'\'' 	-e '\''s|__xconfigfile__|xorg.conf|g'\'' 	-e '\''s|__projectroot__|$(prefix)|g'\'' 	-e '\''s|__apploaddir__|$(appdefaultdir)|g'\'' 	-e '\''s|__appmansuffix__|$(APP_MAN_SUFFIX)|g'\'' 	-e '\''s|__drivermansuffix__|$(DRIVER_MAN_SUFFIX)|g'\'' 	-e '\''s|__adminmansuffix__|$(ADMIN_MAN_SUFFIX)|g'\'' 	-e '\''s|__libmansuffix__|$(LIB_MAN_SUFFIX)|g'\'' 	-e '\''s|__miscmansuffix__|$(MISC_MAN_SUFFIX)|g'\'' 	-e '\''s|__filemansuffix__|$(FILE_MAN_SUFFIX)|g'\'''
MISC_MAN_DIR='$(mandir)/man$(MISC_MAN_SUFFIX)'
MISC_MAN_SUFFIX='7'
MKDIR_P='/bin/mkdir -p'
OBJEXT='o'
PACKAGE='xrandr'
PACKAGE_BUGREPORT='https://bugs.freedesktop.org/enter_bug.cgi?product=xorg'
PACKAGE_NAME='xrandr'
PACKAGE_STRING='xrandr 1.5.0'
PACKAGE_TARNAME='xrandr'
PACKAGE_URL=''
PACKAGE_VERSION='1.5.0'
PATH_SEPARATOR=':'
PKG_CONFIG='/usr/bin/pkg-config'
PKG_CONFIG_LIBDIR=''
PKG_CONFIG_PATH=''
SED='/bin/sed'
SET_MAKE=''
SHELL='/bin/sh'
STRICT_CFLAGS=' -pedantic -Werror -Werror=attributes'
STRIP=''
VERSION='1.5.0'
XORG_MAN_PAGE='X Version 11'
XRANDR_CFLAGS=''
XRANDR_LIBS='-lXrandr -lXrender -lX11'
ac_ct_CC='gcc'
am__EXEEXT_FALSE=''
am__EXEEXT_TRUE='#'
am__fastdepCC_FALSE='#'
am__fastdepCC_TRUE=''
am__include='include'
am__isrc=''
am__leading_dot='.'
am__nodep='_no'
am__quote=''
am__tar='$${TAR-tar} chof - "$$tardir"'
am__untar='$${TAR-tar} xf -'
bindir='${exec_prefix}/bin'
build='x86_64-unknown-linux-gnu'
build_alias=''
build_cpu='x86_64'
build_os='linux-gnu'
build_vendor='unknown'
datadir='${datarootdir}'
datarootdir='${prefix}/share'
docdir='${datarootdir}/doc/${PACKAGE_TARNAME}'
dvidir='${docdir}'
exec_prefix='${prefix}'
host='x86_64-unknown-linux-gnu'
host_alias=''
host_cpu='x86_64'
host_os='linux-gnu'
host_vendor='unknown'
htmldir='${docdir}'
includedir='${prefix}/include'
infodir='${datarootdir}/info'
install_sh='${SHELL} /lfskernel/sources/boot/X11/app/xrandr-1.5.0/install-sh'
libdir='${exec_prefix}/lib'
libexecdir='${exec_prefix}/libexec'
localedir='${datarootdir}/locale'
localstatedir='/var'
mandir='${datarootdir}/man'
mkdir_p='$(MKDIR_P)'
oldincludedir='/usr/include'
pdfdir='${docdir}'
prefix='/usr'
program_transform_name='s,x,x,'
psdir='${docdir}'
sbindir='${exec_prefix}/sbin'
sharedstatedir='${prefix}/com'
sysconfdir='/etc'
target_alias=''

## ----------- ##
## confdefs.h. ##
## ----------- ##

/* confdefs.h */
#define PACKAGE_NAME "xrandr"
#define PACKAGE_TARNAME "xrandr"
#define PACKAGE_VERSION "1.5.0"
#define PACKAGE_STRING "xrandr 1.5.0"
#define PACKAGE_BUGREPORT "https://bugs.freedesktop.org/enter_bug.cgi?product=xorg"
#define PACKAGE_URL ""
#define PACKAGE "xrandr"
#define VERSION "1.5.0"
#define STDC_HEADERS 1
#define HAVE_SYS_TYPES_H 1
#define HAVE_SYS_STAT_H 1
#define HAVE_STDLIB_H 1
#define HAVE_STRING_H 1
#define HAVE_MEMORY_H 1
#define HAVE_STRINGS_H 1
#define HAVE_INTTYPES_H 1
#define HAVE_STDINT_H 1
#define HAVE_UNISTD_H 1
#define PACKAGE_VERSION_MAJOR 1
#define PACKAGE_VERSION_MINOR 5
#define PACKAGE_VERSION_PATCHLEVEL 0
#define HAVE_LIBM 1

configure: exit 0
