This file contains any messages produced by compilers while
running configure, to aid debugging if configure makes a mistake.

It was created by configure, which was
generated by GNU Autoconf 2.52.20170501.  Invocation command line was

  $ ./configure --prefix=/usr --sysconfdir=/etc --localstatedir=/var --disable-static --with-app-defaults=/etc/X11/app-defaults

## ---------- ##
## Platform.  ##
## ---------- ##

hostname = localhost.localdomain
uname -m = x86_64
uname -r = 3.10.0-693.11.1.el7.x86_64
uname -s = Linux
uname -v = #1 SMP Mon Dec 4 23:52:40 UTC 2017

/usr/bin/uname -p = unknown
/bin/uname -X     = unknown

/bin/arch              = x86_64
/usr/bin/arch -k       = unknown
/usr/convex/getsysinfo = unknown
hostinfo               = unknown
/bin/machine           = unknown
/usr/bin/oslevel       = unknown
/bin/universe          = unknown

PATH = /bin:/usr/bin:/sbin:/usr/sbin:/usr/local/bin

## ------------ ##
## Core tests.  ##
## ------------ ##

configure:1092: PATH=".;."; conftest.sh
./configure: line 1093: conftest.sh: command not found
configure:1095: $? = 127
configure:1137: checking build system type
configure:1155: result: x86_64-pc-linux-gnu
configure:1163: checking host system type
configure:1177: result: x86_64-pc-linux-gnu
configure:1203: result: Configuring for linux-gnu
configure:1269: checking for gcc
configure:1284: found /usr/bin/gcc
configure:1292: result: gcc
configure:1520: checking for C compiler version
configure:1523: gcc --version </dev/null >&5
gcc (GCC) 7.2.0
Copyright (C) 2017 Free Software Foundation, Inc.
This is free software; see the source for copying conditions.  There is NO
warranty; not even for MERCHANTABILITY or FITNESS FOR A PARTICULAR PURPOSE.

configure:1526: $? = 0
configure:1528: gcc -v </dev/null >&5
Using built-in specs.
COLLECT_GCC=gcc
COLLECT_LTO_WRAPPER=/usr/libexec/gcc/x86_64-pc-linux-gnu/7.2.0/lto-wrapper
Target: x86_64-pc-linux-gnu
Configured with: ../configure --prefix=/usr --enable-languages=c,c++ --disable-multilib --disable-bootstrap --with-system-zlib
Thread model: posix
gcc version 7.2.0 (GCC) 
configure:1531: $? = 0
configure:1533: gcc -V </dev/null >&5
gcc: error: unrecognized command line option '-V'
gcc: fatal error: no input files
compilation terminated.
configure:1536: $? = 1
configure:1556: checking for C compiler default output
configure:1559: gcc    conftest.c  >&5
configure:1562: $? = 0
configure:1591: result: a.out
configure:1596: checking whether the C compiler works
configure:1602: ./a.out
configure:1605: $? = 0
configure:1620: result: yes
configure:1627: checking whether we are cross compiling
configure:1629: result: no
configure:1632: checking for executable suffix
configure:1634: gcc -o conftest    conftest.c  >&5
configure:1637: $? = 0
configure:1659: result: 
configure:1665: checking for object suffix
configure:1683: gcc -c   conftest.c >&5
configure:1686: $? = 0
configure:1705: result: o
configure:1709: checking whether we are using the GNU C compiler
configure:1730: gcc -c   conftest.c >&5
configure:1733: $? = 0
configure:1736: test -s conftest.o
configure:1739: $? = 0
configure:1751: result: yes
configure:1757: checking whether gcc accepts -g
configure:1775: gcc -c -g  conftest.c >&5
configure:1778: $? = 0
configure:1781: test -s conftest.o
configure:1784: $? = 0
configure:1794: result: yes
configure:1821: gcc -c -g -O2  conftest.c >&5
conftest.c:2:3: error: unknown type name 'choke'
   choke me
   ^~~~~
conftest.c:2:3: error: expected '=', ',', ';', 'asm' or '__attribute__' at end of input
configure:1824: $? = 1
configure: failed program was:
#ifndef __cplusplus
  choke me
#endif
configure:1925: checking version of gcc
configure:1929: result: 7.2.0
configure:1933: checking for gcc option to accept ANSI C
configure:1990: gcc  -c -g -O2  conftest.c >&5
configure:1993: $? = 0
configure:1996: test -s conftest.o
configure:1999: $? = 0
configure:2016: result: none needed
configure:2027: checking $CC variable
configure:2162: result: ok
configure:2173: checking how to run the C preprocessor
configure:2199: gcc -E  conftest.c
configure:2205: $? = 0
configure:2232: gcc -E  conftest.c
configure:2229:10: fatal error: ac_nonexistent.h: No such file or directory
 #include "confdefs.h"
          ^~~~~~~~~~~~      
compilation terminated.
configure:2238: $? = 1
configure: failed program was:
#line 2228 "configure"
#include "confdefs.h"
#include <ac_nonexistent.h>
configure:2275: result: gcc -E
configure:2290: gcc -E  conftest.c
configure:2296: $? = 0
configure:2323: gcc -E  conftest.c
configure:2320:10: fatal error: ac_nonexistent.h: No such file or directory
 #include "confdefs.h"
          ^~~~~~~~~~~~      
compilation terminated.
configure:2329: $? = 1
configure: failed program was:
#line 2319 "configure"
#include "confdefs.h"
#include <ac_nonexistent.h>
configure:2373: checking for mawk
configure:2399: result: no
configure:2373: checking for gawk
configure:2388: found /usr/bin/gawk
configure:2396: result: gawk
configure:2418: checking for a BSD compatible install
configure:2467: result: /usr/bin/install -c
configure:2478: checking whether ln -s works
configure:2482: result: yes
configure:2506: checking for lint
configure:2532: result: no
configure:2506: checking for cppcheck
configure:2532: result: no
configure:2506: checking for splint
configure:2532: result: no
configure:2579: checking if we must define _GNU_SOURCE
configure:2601: gcc -c -g -O2  conftest.c >&5
configure: In function 'main':
configure:2593:1: error: unknown type name 'make'; did you mean 'makedev'?
 #ifndef _XOPEN_SOURCE
 ^~~~
 makedev
configure:2593:9: error: expected '=', ',', ';', 'asm' or '__attribute__' before 'error'
 #ifndef _XOPEN_SOURCE
         ^~~~~
configure:2604: $? = 1
configure: failed program was:
#line 2586 "configure"
#include "confdefs.h"
#include <sys/types.h>
int
main (void)
{

#ifndef _XOPEN_SOURCE
make an error
#endif
  ;
  return 0;
}
configure:2634: gcc -c -g -O2  -D_GNU_SOURCE conftest.c >&5
configure: In function 'main':
configure:2626:1: error: unknown type name 'make'; did you mean 'makedev'?
 #ifdef _XOPEN_SOURCE
 ^~~~
 makedev
configure:2626:9: error: expected '=', ',', ';', 'asm' or '__attribute__' before 'error'
 #ifdef _XOPEN_SOURCE
         ^~~~~
configure:2637: $? = 1
configure: failed program was:
#line 2619 "configure"
#include "confdefs.h"
#include <sys/types.h>
int
main (void)
{

#ifdef _XOPEN_SOURCE
make an error
#endif
  ;
  return 0;
}
configure:2658: result: yes
configure:2663: checking if we should also define _DEFAULT_SOURCE
configure:2686: gcc -c -g -O2  -D_GNU_SOURCE conftest.c >&5
configure: In function 'main':
configure:2678:1: error: unknown type name 'make'; did you mean 'makedev'?
 #ifdef _DEFAULT_SOURCE
 ^~~~
 makedev
configure:2678:9: error: expected '=', ',', ';', 'asm' or '__attribute__' before 'error'
 #ifdef _DEFAULT_SOURCE
         ^~~~~
configure:2689: $? = 1
configure: failed program was:
#line 2671 "configure"
#include "confdefs.h"
#include <sys/types.h>
int
main (void)
{

#ifdef _DEFAULT_SOURCE
make an error
#endif
  ;
  return 0;
}
configure:2706: result: yes
configure:3581: checking if _XOPEN_SOURCE really is set
configure:3599: gcc -c -g -O2  -D_GNU_SOURCE -D_DEFAULT_SOURCE conftest.c >&5
configure:3602: $? = 0
configure:3605: test -s conftest.o
configure:3608: $? = 0
configure:3617: result: yes
configure:3637: gcc -c -g -O2  -D_GNU_SOURCE -D_DEFAULT_SOURCE conftest.c >&5
configure:3640: $? = 0
configure:3643: test -s conftest.o
configure:3646: $? = 0
configure:3867: checking if SIGWINCH is defined
configure:3889: gcc -c -g -O2  -D_GNU_SOURCE -D_DEFAULT_SOURCE conftest.c >&5
configure:3892: $? = 0
configure:3895: test -s conftest.o
configure:3898: $? = 0
configure:3946: result: yes
configure:4028: checking for ncurses/curses.h
configure:4038: gcc -E  -D_GNU_SOURCE -D_DEFAULT_SOURCE conftest.c
configure:4035:10: fatal error: ncurses/curses.h: No such file or directory
 #include "confdefs.h"
          ^~~~~~~~~~~~      
compilation terminated.
configure:4044: $? = 1
configure: failed program was:
#line 4034 "configure"
#include "confdefs.h"
#include <ncurses/curses.h>
configure:4063: result: no
configure:4028: checking for ncurses/term.h
configure:4038: gcc -E  -D_GNU_SOURCE -D_DEFAULT_SOURCE conftest.c
configure:4035:10: fatal error: ncurses/term.h: No such file or directory
 #include "confdefs.h"
          ^~~~~~~~~~~~    
compilation terminated.
configure:4044: $? = 1
configure: failed program was:
#line 4034 "configure"
#include "confdefs.h"
#include <ncurses/term.h>
configure:4063: result: no
configure:4028: checking for stdlib.h
configure:4038: gcc -E  -D_GNU_SOURCE -D_DEFAULT_SOURCE conftest.c
configure:4044: $? = 0
configure:4063: result: yes
configure:4028: checking for sys/ptem.h
configure:4038: gcc -E  -D_GNU_SOURCE -D_DEFAULT_SOURCE conftest.c
configure:4035:10: fatal error: sys/ptem.h: No such file or directory
 #include "confdefs.h"
          ^~~~~~~~~~~~
compilation terminated.
configure:4044: $? = 1
configure: failed program was:
#line 4034 "configure"
#include "confdefs.h"
#include <sys/ptem.h>
configure:4063: result: no
configure:4028: checking for sys/ttydefaults.h
configure:4038: gcc -E  -D_GNU_SOURCE -D_DEFAULT_SOURCE conftest.c
configure:4044: $? = 0
configure:4063: result: yes
configure:4028: checking for term.h
configure:4038: gcc -E  -D_GNU_SOURCE -D_DEFAULT_SOURCE conftest.c
configure:4044: $? = 0
configure:4063: result: yes
configure:4028: checking for termios.h
configure:4038: gcc -E  -D_GNU_SOURCE -D_DEFAULT_SOURCE conftest.c
configure:4044: $? = 0
configure:4063: result: yes
configure:4028: checking for unistd.h
configure:4038: gcc -E  -D_GNU_SOURCE -D_DEFAULT_SOURCE conftest.c
configure:4044: $? = 0
configure:4063: result: yes
configure:4028: checking for wchar.h
configure:4038: gcc -E  -D_GNU_SOURCE -D_DEFAULT_SOURCE conftest.c
configure:4044: $? = 0
configure:4063: result: yes
configure:4073: checking whether time.h and sys/time.h may both be included
configure:4095: gcc -c -g -O2  -D_GNU_SOURCE -D_DEFAULT_SOURCE conftest.c >&5
configure:4098: $? = 0
configure:4101: test -s conftest.o
configure:4104: $? = 0
configure:4114: result: yes
configure:4124: checking for nl_langinfo and CODESET
configure:4142: gcc -o conftest -g -O2  -D_GNU_SOURCE -D_DEFAULT_SOURCE  conftest.c  >&5
configure:4145: $? = 0
configure:4148: test -s conftest
configure:4151: $? = 0
configure:4162: result: yes
configure:4174: checking for signal global datatype
configure:4209: gcc -c -g -O2  -D_GNU_SOURCE -D_DEFAULT_SOURCE conftest.c >&5
configure:4212: $? = 0
configure:4215: test -s conftest.o
configure:4218: $? = 0
configure:4232: result: volatile sig_atomic_t
configure:4239: checking for ANSI C header files
configure:4253: gcc -E  -D_GNU_SOURCE -D_DEFAULT_SOURCE conftest.c
configure:4259: $? = 0
configure:4346: gcc -o conftest -g -O2  -D_GNU_SOURCE -D_DEFAULT_SOURCE  conftest.c  >&5
configure:4349: $? = 0
configure:4351: ./conftest
configure:4354: $? = 0
configure:4367: result: yes
configure:4383: checking for sys/types.h
configure:4395: gcc -c -g -O2  -D_GNU_SOURCE -D_DEFAULT_SOURCE conftest.c >&5
configure:4398: $? = 0
configure:4401: test -s conftest.o
configure:4404: $? = 0
configure:4414: result: yes
configure:4383: checking for sys/stat.h
configure:4395: gcc -c -g -O2  -D_GNU_SOURCE -D_DEFAULT_SOURCE conftest.c >&5
configure:4398: $? = 0
configure:4401: test -s conftest.o
configure:4404: $? = 0
configure:4414: result: yes
configure:4383: checking for stdlib.h
configure:4414: result: yes
configure:4383: checking for string.h
configure:4395: gcc -c -g -O2  -D_GNU_SOURCE -D_DEFAULT_SOURCE conftest.c >&5
configure:4398: $? = 0
configure:4401: test -s conftest.o
configure:4404: $? = 0
configure:4414: result: yes
configure:4383: checking for memory.h
configure:4395: gcc -c -g -O2  -D_GNU_SOURCE -D_DEFAULT_SOURCE conftest.c >&5
configure:4398: $? = 0
configure:4401: test -s conftest.o
configure:4404: $? = 0
configure:4414: result: yes
configure:4383: checking for strings.h
configure:4395: gcc -c -g -O2  -D_GNU_SOURCE -D_DEFAULT_SOURCE conftest.c >&5
configure:4398: $? = 0
configure:4401: test -s conftest.o
configure:4404: $? = 0
configure:4414: result: yes
configure:4383: checking for inttypes.h
configure:4395: gcc -c -g -O2  -D_GNU_SOURCE -D_DEFAULT_SOURCE conftest.c >&5
configure:4398: $? = 0
configure:4401: test -s conftest.o
configure:4404: $? = 0
configure:4414: result: yes
configure:4383: checking for stdint.h
configure:4395: gcc -c -g -O2  -D_GNU_SOURCE -D_DEFAULT_SOURCE conftest.c >&5
configure:4398: $? = 0
configure:4401: test -s conftest.o
configure:4404: $? = 0
configure:4414: result: yes
configure:4383: checking for unistd.h
configure:4414: result: yes
configure:4424: checking for time_t
configure:4445: gcc -c -g -O2  -D_GNU_SOURCE -D_DEFAULT_SOURCE conftest.c >&5
configure:4448: $? = 0
configure:4451: test -s conftest.o
configure:4454: $? = 0
configure:4464: result: yes
configure:4476: checking for cc_t in <termios.h> or <termio.h>
configure:4503: gcc -c -g -O2  -D_GNU_SOURCE -D_DEFAULT_SOURCE conftest.c >&5
configure:4506: $? = 0
configure:4509: test -s conftest.o
configure:4512: $? = 0
configure:4524: result: yes
configure:4531: checking for mode_t
configure:4552: gcc -c -g -O2  -D_GNU_SOURCE -D_DEFAULT_SOURCE conftest.c >&5
configure:4555: $? = 0
configure:4558: test -s conftest.o
configure:4561: $? = 0
configure:4571: result: yes
configure:4583: checking for pid_t
configure:4604: gcc -c -g -O2  -D_GNU_SOURCE -D_DEFAULT_SOURCE conftest.c >&5
configure:4607: $? = 0
configure:4610: test -s conftest.o
configure:4613: $? = 0
configure:4623: result: yes
configure:4635: checking for uid_t in sys/types.h
configure:4655: result: yes
configure:4669: checking for off_t
configure:4690: gcc -c -g -O2  -D_GNU_SOURCE -D_DEFAULT_SOURCE conftest.c >&5
configure:4693: $? = 0
configure:4696: test -s conftest.o
configure:4699: $? = 0
configure:4709: result: yes
configure:4739: checking for gethostname
configure:4776: gcc -o conftest -g -O2  -D_GNU_SOURCE -D_DEFAULT_SOURCE  conftest.c  >&5
configure:4779: $? = 0
configure:4782: test -s conftest
configure:4785: $? = 0
configure:4795: result: yes
configure:4739: checking for getlogin
configure:4776: gcc -o conftest -g -O2  -D_GNU_SOURCE -D_DEFAULT_SOURCE  conftest.c  >&5
configure:4779: $? = 0
configure:4782: test -s conftest
configure:4785: $? = 0
configure:4795: result: yes
configure:4739: checking for initgroups
configure:4776: gcc -o conftest -g -O2  -D_GNU_SOURCE -D_DEFAULT_SOURCE  conftest.c  >&5
configure:4779: $? = 0
configure:4782: test -s conftest
configure:4785: $? = 0
configure:4795: result: yes
configure:4739: checking for mkdtemp
configure:4776: gcc -o conftest -g -O2  -D_GNU_SOURCE -D_DEFAULT_SOURCE  conftest.c  >&5
configure:4779: $? = 0
configure:4782: test -s conftest
configure:4785: $? = 0
configure:4795: result: yes
configure:4739: checking for putenv
configure:4776: gcc -o conftest -g -O2  -D_GNU_SOURCE -D_DEFAULT_SOURCE  conftest.c  >&5
configure:4779: $? = 0
configure:4782: test -s conftest
configure:4785: $? = 0
configure:4795: result: yes
configure:4739: checking for unsetenv
configure:4776: gcc -o conftest -g -O2  -D_GNU_SOURCE -D_DEFAULT_SOURCE  conftest.c  >&5
configure:4779: $? = 0
configure:4782: test -s conftest
configure:4785: $? = 0
configure:4795: result: yes
configure:4739: checking for sched_yield
configure:4776: gcc -o conftest -g -O2  -D_GNU_SOURCE -D_DEFAULT_SOURCE  conftest.c  >&5
configure:4779: $? = 0
configure:4782: test -s conftest
configure:4785: $? = 0
configure:4795: result: yes
configure:4739: checking for setpgid
configure:4776: gcc -o conftest -g -O2  -D_GNU_SOURCE -D_DEFAULT_SOURCE  conftest.c  >&5
configure:4779: $? = 0
configure:4782: test -s conftest
configure:4785: $? = 0
configure:4795: result: yes
configure:4739: checking for strftime
configure:4776: gcc -o conftest -g -O2  -D_GNU_SOURCE -D_DEFAULT_SOURCE  conftest.c  >&5
configure:4755:6: warning: conflicting types for built-in function 'strftime' [-Wbuiltin-declaration-mismatch]
    builtin and then its argument prototype would still apply.  */
      ^~~~~~~~
configure:4779: $? = 0
configure:4782: test -s conftest
configure:4785: $? = 0
configure:4795: result: yes
configure:4739: checking for tcgetattr
configure:4776: gcc -o conftest -g -O2  -D_GNU_SOURCE -D_DEFAULT_SOURCE  conftest.c  >&5
configure:4779: $? = 0
configure:4782: test -s conftest
configure:4785: $? = 0
configure:4795: result: yes
configure:4739: checking for waitpid
configure:4776: gcc -o conftest -g -O2  -D_GNU_SOURCE -D_DEFAULT_SOURCE  conftest.c  >&5
configure:4779: $? = 0
configure:4782: test -s conftest
configure:4785: $? = 0
configure:4795: result: yes
configure:4739: checking for wcswidth
configure:4776: gcc -o conftest -g -O2  -D_GNU_SOURCE -D_DEFAULT_SOURCE  conftest.c  >&5
configure:4779: $? = 0
configure:4782: test -s conftest
configure:4785: $? = 0
configure:4795: result: yes
configure:4739: checking for wcwidth
configure:4776: gcc -o conftest -g -O2  -D_GNU_SOURCE -D_DEFAULT_SOURCE  conftest.c  >&5
configure:4779: $? = 0
configure:4782: test -s conftest
configure:4785: $? = 0
configure:4795: result: yes
configure:4808: checking for lastlog.h
configure:4818: gcc -E  -D_GNU_SOURCE -D_DEFAULT_SOURCE conftest.c
configure:4824: $? = 0
configure:4843: result: yes
configure:4808: checking for paths.h
configure:4818: gcc -E  -D_GNU_SOURCE -D_DEFAULT_SOURCE conftest.c
configure:4824: $? = 0
configure:4843: result: yes
configure:4853: checking for lastlog path
configure:4880: gcc -c -g -O2  -D_GNU_SOURCE -D_DEFAULT_SOURCE conftest.c >&5
configure:4883: $? = 0
configure:4886: test -s conftest.o
configure:4889: $? = 0
configure:4904: result: _PATH_LASTLOG
configure:4911: checking for utmp implementation
configure:4942: gcc -c -g -O2  -D_GNU_SOURCE -D_DEFAULT_SOURCE conftest.c >&5
configure:4932:18: error: conflicting types for 'getutxent'
 main (void)
                  ^
In file included from configure:4931:0:
/usr/include/utmpx.h:65:22: note: previous declaration of 'getutxent' was here
 extern struct utmpx *getutxent (void);
                      ^~~~~~~~~
configure:4945: $? = 1
configure: failed program was:
#line 4928 "configure"
#include "confdefs.h"

#include <sys/types.h>
#include <utmpx.h>
#define getutent getutxent
#ifdef USE_LASTLOG
#include <lastlog.h>	/* may conflict with utmpx.h on Linux */
#endif

int
main (void)
{
struct utmpx x;
	 char *name = x.ut_name; /* utmp.h and compatible definitions */

  ;
  return 0;
}
configure:4974: gcc -c -g -O2  -D_GNU_SOURCE -D_DEFAULT_SOURCE conftest.c >&5
configure:4964:18: error: conflicting types for 'getutxent'
 main (void)
                  ^
In file included from configure:4963:0:
/usr/include/utmpx.h:65:22: note: previous declaration of 'getutxent' was here
 extern struct utmpx *getutxent (void);
                      ^~~~~~~~~
configure:4977: $? = 1
configure: failed program was:
#line 4960 "configure"
#include "confdefs.h"

#include <sys/types.h>
#include <utmpx.h>
#define getutent getutxent
#ifdef USE_LASTLOG
#include <lastlog.h>	/* may conflict with utmpx.h on Linux */
#endif

int
main (void)
{
struct utmpx x;
	 char *name = x.ut_user; /* utmpx.h must declare this */

  ;
  return 0;
}
configure:4942: gcc -c -g -O2  -D_GNU_SOURCE -D_DEFAULT_SOURCE conftest.c >&5
configure:4945: $? = 0
configure:4948: test -s conftest.o
configure:4951: $? = 0
configure:4998: result: utmp
configure:5013: checking if utmp.ut_host is declared
configure:5034: gcc -c -g -O2  -D_GNU_SOURCE -D_DEFAULT_SOURCE conftest.c >&5
configure:5037: $? = 0
configure:5040: test -s conftest.o
configure:5043: $? = 0
configure:5055: result: yes
configure:5065: checking if utmp.ut_syslen is declared
configure:5086: gcc -c -g -O2  -D_GNU_SOURCE -D_DEFAULT_SOURCE conftest.c >&5
configure: In function 'main':
configure:5079:26: error: 'struct utmp' has no member named 'ut_syslen'; did you mean 'ut_type'?
 {
                          ^        
                          ut_type
configure:5089: $? = 1
configure: failed program was:
#line 5072 "configure"
#include "confdefs.h"

#include <sys/types.h>
#include <utmp.h>
int
main (void)
{
struct utmp x; int y = x.ut_syslen
  ;
  return 0;
}
configure:5107: result: no
configure:5117: checking if utmp.ut_name is declared
configure:5148: gcc -c -g -O2  -D_GNU_SOURCE -D_DEFAULT_SOURCE conftest.c >&5
configure:5151: $? = 0
configure:5154: test -s conftest.o
configure:5157: $? = 0
configure:5169: result: ut_name
configure:5189: checking for exit-status in utmp
configure:5216: gcc -c -g -O2  -D_GNU_SOURCE -D_DEFAULT_SOURCE conftest.c >&5
configure: In function 'main':
configure:5209:35: error: 'struct exit_status' has no member named '__e_exit'; did you mean 'e_exit'?
 {
                                   ^       
                                   e_exit
configure:5219: $? = 1
configure: failed program was:
#line 5202 "configure"
#include "confdefs.h"

#include <sys/types.h>
#include <utmp.h>
int
main (void)
{
struct utmp x; long y = x.ut_exit.__e_exit = 0
  ;
  return 0;
}
configure:5216: gcc -c -g -O2  -D_GNU_SOURCE -D_DEFAULT_SOURCE conftest.c >&5
configure:5219: $? = 0
configure:5222: test -s conftest.o
configure:5225: $? = 0
configure:5238: result: ut_exit.e_exit
configure:5254: checking if utmp.ut_xtime is declared
configure:5275: gcc -c -g -O2  -D_GNU_SOURCE -D_DEFAULT_SOURCE conftest.c >&5
configure:5278: $? = 0
configure:5281: test -s conftest.o
configure:5284: $? = 0
configure:5328: result: yes
configure:5347: checking if utmp.ut_session is declared
configure:5368: gcc -c -g -O2  -D_GNU_SOURCE -D_DEFAULT_SOURCE conftest.c >&5
configure:5371: $? = 0
configure:5374: test -s conftest.o
configure:5377: $? = 0
configure:5388: result: yes
configure:5399: checking if utmp is SYSV flavor
configure:5426: gcc -o conftest -g -O2  -D_GNU_SOURCE -D_DEFAULT_SOURCE  conftest.c  >&5
configure:5429: $? = 0
configure:5432: test -s conftest
configure:5435: $? = 0
configure:5446: result: yes
configure:5458: checking for lastlog.h
configure:5493: result: yes
configure:5503: checking for struct lastlog
configure:5528: gcc -o conftest -g -O2  -D_GNU_SOURCE -D_DEFAULT_SOURCE  conftest.c  >&5
configure:5531: $? = 0
configure:5533: ./conftest
configure:5536: $? = 1
configure: program exited with status 1
configure: failed program was:
#line 5514 "configure"
#include "confdefs.h"

#include <sys/types.h>
#include <time.h>
#include <lastlog.h>

int main()
{
	struct lastlog data;
	return (sizeof(data.ll_time) != sizeof(time_t));
}
configure:5550: result: no
configure:5563: checking for sys/param.h
configure:5573: gcc -E  -D_GNU_SOURCE -D_DEFAULT_SOURCE conftest.c
configure:5579: $? = 0
configure:5598: result: yes
configure:5608: checking if POSIX saved-ids are supported
configure:5643: gcc -o conftest -g -O2  -D_GNU_SOURCE -D_DEFAULT_SOURCE  conftest.c  >&5
configure:5646: $? = 0
configure:5649: test -s conftest
configure:5652: $? = 0
configure:5703: result: yes
configure:5729: checking if we want full tgetent function
configure:5746: result: yes
configure:5755: checking for full tgetent function
configure:5808: gcc -o conftest -g -O2  -D_GNU_SOURCE -D_DEFAULT_SOURCE  conftest.c  >&5
configure: In function 'main':
configure:5803:2: warning: implicit declaration of function 'tgetent' [-Wimplicit-function-declaration]
  buffer[0] = 0;
  ^~~~~~~
/tmp/cccbaETJ.o: In function `main':
/lfskernel/sources/boot/xterm-331/configure:5803: undefined reference to `tgetent'
collect2: error: ld returned 1 exit status
configure:5811: $? = 1
configure: program exited with status 1
configure: failed program was:
#line 5793 "configure"
#include "confdefs.h"

/* terminfo implementations ignore the buffer argument, making it useless for
 * the xterm application, which uses this information to make a new TERMCAP
 * environment variable.
 */
int main()
{
	char buffer[1024];
	buffer[0] = 0;
	tgetent(buffer, "vt100");
	return (buffer[0] == 0); }
no, there is no termcap/tgetent in 
configure:5808: gcc -o conftest -g -O2  -D_GNU_SOURCE -D_DEFAULT_SOURCE  conftest.c -lotermcap >&5
configure: In function 'main':
configure:5803:2: warning: implicit declaration of function 'tgetent' [-Wimplicit-function-declaration]
  buffer[0] = 0;
  ^~~~~~~
/usr/bin/ld: cannot find -lotermcap
collect2: error: ld returned 1 exit status
configure:5811: $? = 1
configure: program exited with status 1
configure: failed program was:
#line 5793 "configure"
#include "confdefs.h"

/* terminfo implementations ignore the buffer argument, making it useless for
 * the xterm application, which uses this information to make a new TERMCAP
 * environment variable.
 */
int main()
{
	char buffer[1024];
	buffer[0] = 0;
	tgetent(buffer, "vt100");
	return (buffer[0] == 0); }
no, there is no termcap/tgetent in otermcap
configure:5808: gcc -o conftest -g -O2  -D_GNU_SOURCE -D_DEFAULT_SOURCE  conftest.c -ltermcap >&5
configure: In function 'main':
configure:5803:2: warning: implicit declaration of function 'tgetent' [-Wimplicit-function-declaration]
  buffer[0] = 0;
  ^~~~~~~
/usr/bin/ld: cannot find -ltermcap
collect2: error: ld returned 1 exit status
configure:5811: $? = 1
configure: program exited with status 1
configure: failed program was:
#line 5793 "configure"
#include "confdefs.h"

/* terminfo implementations ignore the buffer argument, making it useless for
 * the xterm application, which uses this information to make a new TERMCAP
 * environment variable.
 */
int main()
{
	char buffer[1024];
	buffer[0] = 0;
	tgetent(buffer, "vt100");
	return (buffer[0] == 0); }
no, there is no termcap/tgetent in termcap
configure:5808: gcc -o conftest -g -O2  -D_GNU_SOURCE -D_DEFAULT_SOURCE  conftest.c -ltermlib >&5
configure: In function 'main':
configure:5803:2: warning: implicit declaration of function 'tgetent' [-Wimplicit-function-declaration]
  buffer[0] = 0;
  ^~~~~~~
/usr/bin/ld: cannot find -ltermlib
collect2: error: ld returned 1 exit status
configure:5811: $? = 1
configure: program exited with status 1
configure: failed program was:
#line 5793 "configure"
#include "confdefs.h"

/* terminfo implementations ignore the buffer argument, making it useless for
 * the xterm application, which uses this information to make a new TERMCAP
 * environment variable.
 */
int main()
{
	char buffer[1024];
	buffer[0] = 0;
	tgetent(buffer, "vt100");
	return (buffer[0] == 0); }
no, there is no termcap/tgetent in termlib
configure:5808: gcc -o conftest -g -O2  -D_GNU_SOURCE -D_DEFAULT_SOURCE  conftest.c -lncurses >&5
configure: In function 'main':
configure:5803:2: warning: implicit declaration of function 'tgetent' [-Wimplicit-function-declaration]
  buffer[0] = 0;
  ^~~~~~~
configure:5811: $? = 0
configure:5813: ./conftest
configure:5816: $? = 1
configure: program exited with status 1
configure: failed program was:
#line 5793 "configure"
#include "confdefs.h"

/* terminfo implementations ignore the buffer argument, making it useless for
 * the xterm application, which uses this information to make a new TERMCAP
 * environment variable.
 */
int main()
{
	char buffer[1024];
	buffer[0] = 0;
	tgetent(buffer, "vt100");
	return (buffer[0] == 0); }
no, there is no termcap/tgetent in ncurses
configure:5808: gcc -o conftest -g -O2  -D_GNU_SOURCE -D_DEFAULT_SOURCE  conftest.c -lcurses >&5
configure: In function 'main':
configure:5803:2: warning: implicit declaration of function 'tgetent' [-Wimplicit-function-declaration]
  buffer[0] = 0;
  ^~~~~~~
/usr/bin/ld: cannot find -lcurses
collect2: error: ld returned 1 exit status
configure:5811: $? = 1
configure: program exited with status 1
configure: failed program was:
#line 5793 "configure"
#include "confdefs.h"

/* terminfo implementations ignore the buffer argument, making it useless for
 * the xterm application, which uses this information to make a new TERMCAP
 * environment variable.
 */
int main()
{
	char buffer[1024];
	buffer[0] = 0;
	tgetent(buffer, "vt100");
	return (buffer[0] == 0); }
no, there is no termcap/tgetent in curses
configure:5837: result: no
configure:5962: checking for partial tgetent function
configure:5984: gcc -o conftest -g -O2  -D_GNU_SOURCE -D_DEFAULT_SOURCE  conftest.c  -lotermcap >&5
configure: In function 'main':
configure:5977:1: warning: implicit declaration of function 'tgetent' [-Wimplicit-function-declaration]
 {
 ^      
/usr/bin/ld: cannot find -lotermcap
collect2: error: ld returned 1 exit status
configure:5987: $? = 1
configure: failed program was:
#line 5972 "configure"
#include "confdefs.h"

int
main (void)
{
tgetent(0, "vt100")
  ;
  return 0;
}
configure:5984: gcc -o conftest -g -O2  -D_GNU_SOURCE -D_DEFAULT_SOURCE  conftest.c  -ltermcap >&5
configure: In function 'main':
configure:5977:1: warning: implicit declaration of function 'tgetent' [-Wimplicit-function-declaration]
 {
 ^      
/usr/bin/ld: cannot find -ltermcap
collect2: error: ld returned 1 exit status
configure:5987: $? = 1
configure: failed program was:
#line 5972 "configure"
#include "confdefs.h"

int
main (void)
{
tgetent(0, "vt100")
  ;
  return 0;
}
configure:5984: gcc -o conftest -g -O2  -D_GNU_SOURCE -D_DEFAULT_SOURCE  conftest.c  -ltermlib >&5
configure: In function 'main':
configure:5977:1: warning: implicit declaration of function 'tgetent' [-Wimplicit-function-declaration]
 {
 ^      
/usr/bin/ld: cannot find -ltermlib
collect2: error: ld returned 1 exit status
configure:5987: $? = 1
configure: failed program was:
#line 5972 "configure"
#include "confdefs.h"

int
main (void)
{
tgetent(0, "vt100")
  ;
  return 0;
}
configure:5984: gcc -o conftest -g -O2  -D_GNU_SOURCE -D_DEFAULT_SOURCE  conftest.c  -lncurses >&5
configure: In function 'main':
configure:5977:1: warning: implicit declaration of function 'tgetent' [-Wimplicit-function-declaration]
 {
 ^      
configure:5987: $? = 0
configure:5990: test -s conftest
configure:5993: $? = 0
there is a terminfo/tgetent in ncurses
configure:6007: result: -lncurses
configure:6031: checking for termcap.h
configure:6041: gcc -E  -D_GNU_SOURCE -D_DEFAULT_SOURCE conftest.c
configure:6047: $? = 0
configure:6066: result: yes
configure:6086: checking for X applications class
configure:6112: result: XTerm
configure:6115: checking for directory to install resource files
configure:6187: result: /etc/X11/app-defaults
configure:6198: checking for the icon name
configure:6214: result: xterm-color
configure:6217: checking for icon symlink to use
configure:6236: result: NONE
configure:6239: checking for directory to install pixmaps
configure:6297: result: ${datadir}/pixmaps
configure:6308: checking for directory to install icons
configure:6366: result: no
configure:6377: checking if icon theme should be used
configure:6395: result: no
configure:6429: checking for icon(s) to install
configure:6435: testing using .svg .png .xpm ...
configure:6510: result: icons/xterm-color_48x48.xpm
configure:6520: checking for icon name
configure:6522: result: xterm-color
configure:6526: checking if you want to install desktop files
configure:6543: result: yes
configure:6550: checking for desktop-file-install
configure:6574: result: no
configure:6678: checking for install-permissions reference
configure:6688: result: xterm
configure:6693: checking for PATH separator
configure:6700: result: :
configure:6708: checking for xterm
configure:6739: result: no
configure:6708: checking for xterm
configure:6739: result: no
configure:6819: checking for symbolic link to create to xterm
configure:6829: result: xterm
configure:6838: checking if you want to disable openpty
configure:6855: result: no
configure:6858: checking if you want to disable setuid
configure:6875: result: no
configure:6878: checking if you want to disable setgid
configure:6895: result: no
configure:6898: checking if you want to run xterm setuid to a given user
configure:6908: result: no
configure:6921: checking if you want to run xterm setgid to match utmp/utmpx file
configure:6931: result: no
configure:7004: checking if you want to link with utempter
configure:7014: result: no
configure:7129: checking if external errno is declared
configure:7154: gcc -c -g -O2  -D_GNU_SOURCE -D_DEFAULT_SOURCE conftest.c >&5
configure:7157: $? = 0
configure:7160: test -s conftest.o
configure:7163: $? = 0
configure:7174: result: yes
configure:7189: checking if external errno exists
configure:7211: gcc -o conftest -g -O2  -D_GNU_SOURCE -D_DEFAULT_SOURCE  conftest.c -lncurses >&5
/usr/bin/ld: errno: TLS definition in /lib/libc.so.6 section .tbss mismatches non-TLS reference in /tmp/ccgJlH4h.o
/lib/libc.so.6: error adding symbols: Bad value
collect2: error: ld returned 1 exit status
configure:7214: $? = 1
configure: failed program was:
#line 7196 "configure"
#include "confdefs.h"

#undef errno
extern int errno;

int
main (void)
{
errno = 2
  ;
  return 0;
}
configure:7231: result: no
configure:7244: checking for explicit tty group name
configure:7256: result: auto...
configure:7260: checking for tty group name
configure:7313: result: tty
configure:7333: checking if we may use the tty group
configure:7372: gcc -o conftest -g -O2  -D_GNU_SOURCE -D_DEFAULT_SOURCE  conftest.c -lncurses >&5
configure:7375: $? = 0
configure:7377: ./conftest
configure:7380: $? = 0
configure:7398: result: yes
configure:7413: checking for sys/wait.h that is POSIX.1 compatible
configure:7441: gcc -c -g -O2  -D_GNU_SOURCE -D_DEFAULT_SOURCE conftest.c >&5
configure:7444: $? = 0
configure:7447: test -s conftest.o
configure:7450: $? = 0
configure:7460: result: yes
configure:7470: checking for POSIX wait functions
configure:7500: gcc -o conftest -g -O2  -D_GNU_SOURCE -D_DEFAULT_SOURCE  conftest.c -lncurses >&5
configure:7503: $? = 0
configure:7506: test -s conftest
configure:7509: $? = 0
configure:7520: result: yes
configure:7527: checking if external sys_nerr is declared
configure:7552: gcc -c -g -O2  -D_GNU_SOURCE -D_DEFAULT_SOURCE conftest.c >&5
configure:7555: $? = 0
configure:7558: test -s conftest.o
configure:7561: $? = 0
configure:7572: result: yes
configure:7587: checking if external sys_nerr exists
configure:7609: gcc -o conftest -g -O2  -D_GNU_SOURCE -D_DEFAULT_SOURCE  conftest.c -lncurses >&5
/tmp/ccNgbwco.o: In function `main':
/lfskernel/sources/boot/xterm-331/configure:7602: warning: `sys_nerr' is deprecated; use `strerror' or `strerror_r' instead
configure:7612: $? = 0
configure:7615: test -s conftest
configure:7618: $? = 0
configure:7629: result: yes
configure:7642: checking if external sys_errlist is declared
configure:7667: gcc -c -g -O2  -D_GNU_SOURCE -D_DEFAULT_SOURCE conftest.c >&5
configure: In function 'main':
configure:7660:9: warning: cast from pointer to integer of different size [-Wpointer-to-int-cast]
 {
         ^
configure:7670: $? = 0
configure:7673: test -s conftest.o
configure:7676: $? = 0
configure:7687: result: yes
configure:7702: checking if external sys_errlist exists
configure:7724: gcc -o conftest -g -O2  -D_GNU_SOURCE -D_DEFAULT_SOURCE  conftest.c -lncurses >&5
/tmp/ccrZbaYD.o: In function `main':
/lfskernel/sources/boot/xterm-331/configure:7717: warning: `sys_errlist' is deprecated; use `strerror' or `strerror_r' instead
configure:7727: $? = 0
configure:7730: test -s conftest
configure:7733: $? = 0
configure:7744: result: yes
configure:7764: checking for termios.h
configure:7799: result: yes
configure:7764: checking for stdlib.h
configure:7799: result: yes
configure:7764: checking for X11/Intrinsic.h
configure:7774: gcc -E  -D_GNU_SOURCE -D_DEFAULT_SOURCE conftest.c
configure:7780: $? = 0
configure:7799: result: yes
configure:7809: checking if we should define SYSV
configure:7860: gcc -c -g -O2  -D_GNU_SOURCE -D_DEFAULT_SOURCE conftest.c >&5
configure:7835:10: fatal error: sys/termio.h: No such file or directory
 #include <errno.h>  /* declare sys_errlist on older systems */
          ^~~~~~~~~~~~~~
compilation terminated.
configure:7863: $? = 1
configure: failed program was:
#line 7816 "configure"
#include "confdefs.h"

#undef  SYSV
#define SYSV 1			/* get Xos.h to declare sys_errlist[] */
#ifdef HAVE_STDLIB_H
#include <stdlib.h>		/* look for wchar_t */
#endif
#ifdef HAVE_X11_INTRINSIC_H
#include <X11/Intrinsic.h>	/* Intrinsic.h has other traps... */
#endif
#ifdef HAVE_TERMIOS_H		/* needed for HPUX 10.20 */
#include <termios.h>
#define STRUCT_TERMIOS struct termios
#else
#define STRUCT_TERMIOS struct termio
#endif
#include <curses.h>
#include <term.h>		/* eliminate most BSD hacks */
#include <errno.h>		/* declare sys_errlist on older systems */
#include <sys/termio.h>		/* eliminate most of the remaining ones */

int
main (void)
{

static STRUCT_TERMIOS d_tio;
	d_tio.c_cc[VINTR] = 0;
	d_tio.c_cc[VQUIT] = 0;
	d_tio.c_cc[VERASE] = 0;
	d_tio.c_cc[VKILL] = 0;
	d_tio.c_cc[VEOF] = 0;
	d_tio.c_cc[VEOL] = 0;
	d_tio.c_cc[VMIN] = 0;
	d_tio.c_cc[VTIME] = 0;
#if defined(HAVE_SYS_ERRLIST) && !defined(DECL_SYS_ERRLIST)
sys_errlist[0] = "";		/* Cygwin mis-declares this */
#endif

  ;
  return 0;
}
configure:7880: result: no
configure:7887: checking for elf_begin in -lelf
configure:7914: gcc -o conftest -g -O2  -D_GNU_SOURCE -D_DEFAULT_SOURCE  conftest.c -lelf  -lncurses >&5
configure:7917: $? = 0
configure:7920: test -s conftest
configure:7923: $? = 0
configure:7934: result: yes
configure:7938: checking if this is an SVR4 system
configure:7974: gcc -c -g -O2  -D_GNU_SOURCE -D_DEFAULT_SOURCE conftest.c >&5
configure:7951:10: fatal error: sys/termio.h: No such file or directory
 #include <elf.h>
          ^~~~~~~       
compilation terminated.
configure:7977: $? = 1
configure: failed program was:
#line 7945 "configure"
#include "confdefs.h"

#if defined(__CYGWIN__)
make an error
#endif
#include <elf.h>
#include <sys/termio.h>

int
main (void)
{

static struct termio d_tio;
	d_tio.c_cc[VINTR] = 0;
	d_tio.c_cc[VQUIT] = 0;
	d_tio.c_cc[VERASE] = 0;
	d_tio.c_cc[VKILL] = 0;
	d_tio.c_cc[VEOF] = 0;
	d_tio.c_cc[VEOL] = 0;
	d_tio.c_cc[VMIN] = 0;
	d_tio.c_cc[VTIME] = 0;
	d_tio.c_cc[VLNEXT] = 0;

  ;
  return 0;
}
configure:7994: result: no
configure:8004: checking for X
configure:8105: gcc -E  -D_GNU_SOURCE -D_DEFAULT_SOURCE conftest.c
configure:8111: $? = 0
configure:8156: gcc -o conftest -g -O2  -D_GNU_SOURCE -D_DEFAULT_SOURCE  conftest.c -lXt -lncurses >&5
configure:8159: $? = 0
configure:8162: test -s conftest
configure:8165: $? = 0
configure:8213: result: libraries , headers 
configure:8352: gcc -o conftest -g -O2  -D_GNU_SOURCE -D_DEFAULT_SOURCE  conftest.c -lncurses  -lX11 >&5
configure:8355: $? = 0
configure:8358: test -s conftest
configure:8361: $? = 0
configure:8487: checking for gethostbyname
configure:8524: gcc -o conftest -g -O2  -D_GNU_SOURCE -D_DEFAULT_SOURCE  conftest.c -lncurses >&5
configure:8527: $? = 0
configure:8530: test -s conftest
configure:8533: $? = 0
configure:8543: result: yes
configure:8664: checking for connect
configure:8701: gcc -o conftest -g -O2  -D_GNU_SOURCE -D_DEFAULT_SOURCE  conftest.c -lncurses >&5
configure:8704: $? = 0
configure:8707: test -s conftest
configure:8710: $? = 0
configure:8720: result: yes
configure:8780: checking for remove
configure:8817: gcc -o conftest -g -O2  -D_GNU_SOURCE -D_DEFAULT_SOURCE  conftest.c -lncurses >&5
configure:8820: $? = 0
configure:8823: test -s conftest
configure:8826: $? = 0
configure:8836: result: yes
configure:8896: checking for shmat
configure:8933: gcc -o conftest -g -O2  -D_GNU_SOURCE -D_DEFAULT_SOURCE  conftest.c -lncurses >&5
configure:8936: $? = 0
configure:8939: test -s conftest
configure:8942: $? = 0
configure:8952: result: yes
configure:9021: checking for IceConnectionNumber in -lICE
configure:9048: gcc -o conftest -g -O2  -D_GNU_SOURCE -D_DEFAULT_SOURCE  conftest.c -lICE  -lncurses >&5
configure:9051: $? = 0
configure:9054: test -s conftest
configure:9057: $? = 0
configure:9068: result: yes
configure:9078: checking if you want to use pkg-config
configure:9088: result: yes
configure:9140: checking for pkg-config
configure:9157: found /usr/bin/pkg-config
configure:9169: result: /usr/bin/pkg-config
configure:9790: testing found package xt ...
configure:9796: testing package xt CFLAGS:  ...
configure:9800: testing package xt LIBS: -lXt -lX11 ...
configure:10125: checking for usable X Toolkit package
configure:10147: gcc -o conftest -g -O2  -D_GNU_SOURCE -D_DEFAULT_SOURCE  conftest.c -lXt -lX11 -lncurses >&5
/usr/bin/ld: /tmp/cc5lV5FK.o: undefined reference to symbol 'IceConnectionNumber'
/usr/lib/libICE.so.6: error adding symbols: DSO missing from command line
collect2: error: ld returned 1 exit status
configure:10150: $? = 1
configure: failed program was:
#line 10132 "configure"
#include "confdefs.h"

#include <X11/Shell.h>

int
main (void)
{
int num = IceConnectionNumber(0)

  ;
  return 0;
}
configure:10166: result: no
configure:10180: testing work around broken ICE dependency ...
configure:10185: testing found package ice ...
configure:10191: testing package ice CFLAGS:  ...
configure:10195: testing package ice LIBS: -lICE ...
configure:10314: testing found package sm ...
configure:10320: testing package sm CFLAGS:  ...
configure:10324: testing package sm LIBS: -lSM ...
configure:10911: checking for X11/DECkeysym.h
configure:10921: gcc -E  -D_GNU_SOURCE -D_DEFAULT_SOURCE conftest.c
configure:10927: $? = 0
configure:10946: result: yes
configure:10911: checking for X11/Sunkeysym.h
configure:10921: gcc -E  -D_GNU_SOURCE -D_DEFAULT_SOURCE conftest.c
configure:10927: $? = 0
configure:10946: result: yes
configure:10911: checking for X11/XF86keysym.h
configure:10921: gcc -E  -D_GNU_SOURCE -D_DEFAULT_SOURCE conftest.c
configure:10927: $? = 0
configure:10946: result: yes
configure:10911: checking for X11/XKBlib.h
configure:10921: gcc -E  -D_GNU_SOURCE -D_DEFAULT_SOURCE conftest.c
configure:10927: $? = 0
configure:10946: result: yes
configure:10911: checking for X11/Xpoll.h
configure:10921: gcc -E  -D_GNU_SOURCE -D_DEFAULT_SOURCE conftest.c
configure:10927: $? = 0
configure:10946: result: yes
configure:10911: checking for X11/extensions/XKB.h
configure:10921: gcc -E  -D_GNU_SOURCE -D_DEFAULT_SOURCE conftest.c
configure:10927: $? = 0
configure:10946: result: yes
configure:10961: checking if you want to use the Xpm library for colored icon
configure:10971: result: yes
configure:10979: checking for X11/xpm.h
configure:10989: gcc -E  -D_GNU_SOURCE -D_DEFAULT_SOURCE conftest.c
configure:10995: $? = 0
configure:11014: result: yes
configure:11018: checking for XpmCreatePixmapFromData in -lXpm
configure:11045: gcc -o conftest -g -O2  -D_GNU_SOURCE -D_DEFAULT_SOURCE  conftest.c -lXpm -lX11  -lSM -lICE -lXt -lX11 -lncurses >&5
configure:11048: $? = 0
configure:11051: test -s conftest
configure:11054: $? = 0
configure:11065: result: yes
configure:11085: checking if you want to use the Xinerama extension
configure:11095: result: yes
configure:11102: testing found package xinerama ...
configure:11108: testing package xinerama CFLAGS:  ...
configure:11112: testing package xinerama LIBS: -lXinerama ...
configure:11361: checking if you want to link with Xaw 3d library
configure:11375: result: no
configure:11379: checking if you want to link with Xaw 3d xft library
configure:11393: result: no
configure:11397: checking if you want to link with neXT Athena library
configure:11411: result: no
configure:11415: checking if you want to link with Athena-Plus library
configure:11429: result: no
configure:11449: testing found package xaw7 ...
configure:11455: testing package xaw7 CFLAGS:  ...
configure:11459: testing package xaw7 LIBS: -lXaw7 -lXt -lX11 ...
configure:11596: checking for usable Xaw/Xmu package
configure:11619: gcc -o conftest -g -O2  -D_GNU_SOURCE -D_DEFAULT_SOURCE  conftest.c -lXaw7 -lXt -lX11 -lXinerama -lXpm -lSM -lICE -lncurses >&5
/usr/bin/ld: /tmp/ccEOsbQL.o: undefined reference to symbol 'XmuCompareISOLatin1'
/usr/lib/libXmu.so.6: error adding symbols: DSO missing from command line
collect2: error: ld returned 1 exit status
configure:11622: $? = 1
configure: failed program was:
#line 11603 "configure"
#include "confdefs.h"

#include <X11/Xmu/CharSet.h>

int
main (void)
{

int check = XmuCompareISOLatin1("big", "small")

  ;
  return 0;
}
configure:11638: result: no
configure:11650: testing work around broken package ...
configure:11658: testing found package xmu ...
configure:11664: testing package xmu CFLAGS:  ...
configure:11668: testing package xmu LIBS: -lXmu -lXt -lX11 ...
configure:11788: testing ...before -lXaw7 -lXt -lX11 -lXinerama -lXpm -lSM -lICE -lncurses ...
configure:11793: testing ...after  -lXaw7 -lXmu -lXt -lX11 -lXt -lX11 -lXinerama -lXpm -lSM -lICE -lncurses ...
configure:11817: testing ..trimmed -lXaw7 -lXmu -lX11 -lXt -lX11 -lXinerama -lXpm -lSM -lICE -lncurses ...
configure:11817: testing ..trimmed -lXaw7 -lXmu -lXt -lX11 -lXinerama -lXpm -lSM -lICE -lncurses ...
configure:13918: checking for X11/Xpoll.h
configure:13953: result: yes
configure:13963: checking for declaration of fd_set
configure:13969: testing sys/types alone ...
configure:13985: gcc -c -g -O2  -D_GNU_SOURCE -D_DEFAULT_SOURCE conftest.c >&5
configure:13988: $? = 0
configure:13991: test -s conftest.o
configure:13994: $? = 0
configure:14075: result: sys/types.h
configure:14085: checking for declaration of fd_mask
configure:14164: result: sys/types.h
configure:14174: checking for IRIX 6.5 baud-rate redefinitions
configure:14199: gcc -c -g -O2  -D_GNU_SOURCE -D_DEFAULT_SOURCE conftest.c >&5
configure:14184:10: fatal error: sys/termio.h: No such file or directory
 #include <sys/types.h>
          ^~~~~~~~~~~~~ 
compilation terminated.
configure:14202: $? = 1
configure: failed program was:
#line 14181 "configure"
#include "confdefs.h"

#include <sys/types.h>
#include <sys/termio.h>
int
main (void)
{

struct termio foo;
foo.c_ispeed = B38400;
foo.c_ospeed = B9600;

  ;
  return 0;
}
configure:14220: result: no
configure:14228: checking for XcursorGetTheme in -lXcursor
configure:14255: gcc -o conftest -g -O2  -D_GNU_SOURCE -D_DEFAULT_SOURCE  conftest.c -lXcursor  -lXaw7 -lXmu -lXt -lX11 -lXinerama -lXpm -lSM -lICE -lncurses >&5
configure:14258: $? = 0
configure:14261: test -s conftest
configure:14264: $? = 0
configure:14275: result: yes
configure:14291: checking for stropts.h
configure:14301: gcc -E  -D_GNU_SOURCE -D_DEFAULT_SOURCE conftest.c
configure:14307: $? = 0
configure:14326: result: yes
configure:14348: checking for grantpt
configure:14385: gcc -o conftest -g -O2  -D_GNU_SOURCE -D_DEFAULT_SOURCE  conftest.c -lXaw7 -lXmu -lXt -lX11 -lXinerama -lXpm -lSM -lICE -lncurses  >&5
configure:14388: $? = 0
configure:14391: test -s conftest
configure:14394: $? = 0
configure:14404: result: yes
configure:14348: checking for ptsname
configure:14385: gcc -o conftest -g -O2  -D_GNU_SOURCE -D_DEFAULT_SOURCE  conftest.c -lXaw7 -lXmu -lXt -lX11 -lXinerama -lXpm -lSM -lICE -lncurses  >&5
configure:14388: $? = 0
configure:14391: test -s conftest
configure:14394: $? = 0
configure:14404: result: yes
configure:14348: checking for posix_openpt
configure:14385: gcc -o conftest -g -O2  -D_GNU_SOURCE -D_DEFAULT_SOURCE  conftest.c -lXaw7 -lXmu -lXt -lX11 -lXinerama -lXpm -lSM -lICE -lncurses  >&5
configure:14388: $? = 0
configure:14391: test -s conftest
configure:14394: $? = 0
configure:14404: result: yes
configure:14416: checking if grantpt really works
configure:14517: gcc -o conftest -g -O2  -D_GNU_SOURCE -D_DEFAULT_SOURCE  conftest.c -lXaw7 -lXmu -lXt -lX11 -lXinerama -lXpm -lSM -lICE -lncurses  >&5
configure: In function 'failed':
configure:14439:2: warning: implicit declaration of function 'perror'; did you mean 'errno'? [-Wimplicit-function-declaration]
 {
  ^     
  errno
configure:14520: $? = 0
configure:14523: test -s conftest
configure:14526: $? = 0
configure:14629: gcc -o conftest -g -O2  -D_GNU_SOURCE -D_DEFAULT_SOURCE  conftest.c -lXaw7 -lXmu -lXt -lX11 -lXinerama -lXpm -lSM -lICE -lncurses  >&5
configure: In function 'failed':
configure:14553:2: warning: implicit declaration of function 'perror'; did you mean 'errno'? [-Wimplicit-function-declaration]
 {
  ^     
  errno
configure:14632: $? = 0
configure:14634: ./conftest
configure:14637: $? = 0
configure:14656: result: yes
configure:14662: checking for pty features
configure:14678: testing pty feature test 1:5 ...
configure:14784: gcc -o conftest -g -O2  -D_GNU_SOURCE -D_DEFAULT_SOURCE  conftest.c -lXaw7 -lXmu -lXt -lX11 -lXinerama -lXpm -lSM -lICE -lncurses  >&5
configure: In function 'failed':
configure:14708:2: warning: implicit declaration of function 'perror'; did you mean 'errno'? [-Wimplicit-function-declaration]
 {
  ^     
  errno
configure:14787: $? = 0
configure:14789: ./conftest
conftest: Inappropriate ioctl for device
configure:14792: $? = 10
configure: program exited with status 10
configure: failed program was:
#line 14686 "configure"
#include "confdefs.h"
#define CONFTEST 0


#include <stdlib.h>
#include <termios.h>
#include <unistd.h>
#include <signal.h>
#include <fcntl.h>
#include <errno.h>

#ifndef HAVE_POSIX_OPENPT
#undef posix_openpt
#define posix_openpt(mode) open("/dev/ptmx", mode)
#endif

#ifdef HAVE_STROPTS_H
#include <stropts.h>
#endif

static void failed(int code)
{
	perror("conftest");
	exit(code);
}

static void my_timeout(int sig)
{
	exit(99);
}

int main(void)
{

	int code = 0;
	int rc;
	int pty;
	int tty;
	char *slave;
	struct termios tio;

	signal(SIGALRM, my_timeout);

	if (alarm(2) == 9)
		failed(9);
	else if ((pty = posix_openpt(O_RDWR)) < 0)
		failed(1);
	else if ((rc = grantpt(pty)) < 0)
		failed(2);
	else if ((rc = unlockpt(pty)) < 0)
		failed(3);
	else if ((slave = ptsname(pty)) == 0)
		failed(4);
#if (CONFTEST == 3) || defined(CONFTEST_isatty)
	else if (!isatty(pty))
		failed(4);
#endif
#if CONFTEST >= 4
    else if ((rc = tcgetattr(pty, &tio)) < 0)
		failed(20);
    else if ((rc = tcsetattr(pty, TCSAFLUSH, &tio)) < 0)
		failed(21);
#endif
	/* BSD posix_openpt does not treat pty as a terminal until slave is opened.
	 * Linux does treat it that way.
	 */
	else if ((tty = open(slave, O_RDWR)) < 0)
		failed(5);
#ifdef CONFTEST
#ifdef I_PUSH
#if (CONFTEST == 0) || defined(CONFTEST_ptem)
    else if ((rc = ioctl(tty, I_PUSH, "ptem")) < 0)
		failed(10);
#endif
#if (CONFTEST == 1) || defined(CONFTEST_ldterm)
    else if ((rc = ioctl(tty, I_PUSH, "ldterm")) < 0)
		failed(11);
#endif
#if (CONFTEST == 2) || defined(CONFTEST_ttcompat)
    else if ((rc = ioctl(tty, I_PUSH, "ttcompat")) < 0)
		failed(12);
#endif
#endif /* I_PUSH */
#if CONFTEST >= 5
    else if ((rc = tcgetattr(tty, &tio)) < 0)
		failed(30);
    else if ((rc = tcsetattr(tty, TCSAFLUSH, &tio)) < 0)
		failed(31);
#endif
#endif /* CONFTEST */

	return(code);

}

configure:14824: testing skipping remaining streams features 0..2 ...
configure:14678: testing pty feature test 4:5 ...
configure:14784: gcc -o conftest -g -O2  -D_GNU_SOURCE -D_DEFAULT_SOURCE  conftest.c -lXaw7 -lXmu -lXt -lX11 -lXinerama -lXpm -lSM -lICE -lncurses  >&5
configure: In function 'failed':
configure:14708:2: warning: implicit declaration of function 'perror'; did you mean 'errno'? [-Wimplicit-function-declaration]
 {
  ^     
  errno
configure:14787: $? = 0
configure:14789: ./conftest
configure:14792: $? = 0
configure:14678: testing pty feature test 5:5 ...
configure:14784: gcc -o conftest -g -O2  -D_GNU_SOURCE -D_DEFAULT_SOURCE  conftest.c -lXaw7 -lXmu -lXt -lX11 -lXinerama -lXpm -lSM -lICE -lncurses  >&5
configure: In function 'failed':
configure:14710:2: warning: implicit declaration of function 'perror'; did you mean 'errno'? [-Wimplicit-function-declaration]
  exit(code);
  ^~~~~~
  errno
configure:14787: $? = 0
configure:14789: ./conftest
configure:14792: $? = 0
configure:14678: testing pty feature test 6:5 ...
configure:14784: gcc -o conftest -g -O2  -D_GNU_SOURCE -D_DEFAULT_SOURCE  conftest.c -lXaw7 -lXmu -lXt -lX11 -lXinerama -lXpm -lSM -lICE -lncurses  >&5
configure: In function 'failed':
configure:14712:2: warning: implicit declaration of function 'perror'; did you mean 'errno'? [-Wimplicit-function-declaration]
 
  ^     
  errno
configure:14787: $? = 0
configure:14789: ./conftest
configure:14792: $? = 0
configure:14843: result:  pty_isatty pty_tcsetattr tty_tcsetattr
configure:14851: checking for openpty in -lutil
configure:14878: gcc -o conftest -g -O2  -D_GNU_SOURCE -D_DEFAULT_SOURCE  conftest.c -lutil  -lXaw7 -lXmu -lXt -lX11 -lXinerama -lXpm -lSM -lICE -lncurses  >&5
configure:14881: $? = 0
configure:14884: test -s conftest
configure:14887: $? = 0
configure:14898: result: yes
configure:14921: checking for util.h
configure:14931: gcc -E  -D_GNU_SOURCE -D_DEFAULT_SOURCE conftest.c
configure:14928:10: fatal error: util.h: No such file or directory
 #include "confdefs.h"
          ^~~~~~~~
compilation terminated.
configure:14937: $? = 1
configure: failed program was:
#line 14927 "configure"
#include "confdefs.h"
#include <util.h>
configure:14956: result: no
configure:14921: checking for libutil.h
configure:14931: gcc -E  -D_GNU_SOURCE -D_DEFAULT_SOURCE conftest.c
configure:14928:10: fatal error: libutil.h: No such file or directory
 #include "confdefs.h"
          ^~~~~~~~~~~
compilation terminated.
configure:14937: $? = 1
configure: failed program was:
#line 14927 "configure"
#include "confdefs.h"
#include <libutil.h>
configure:14956: result: no
configure:14921: checking for pty.h
configure:14931: gcc -E  -D_GNU_SOURCE -D_DEFAULT_SOURCE conftest.c
configure:14937: $? = 0
configure:14956: result: yes
configure:14999: testing will rely upon openpty ...
configure:15003: checking if we can use XkbQueryExtension
configure:15039: gcc -c -g -O2  -D_GNU_SOURCE -D_DEFAULT_SOURCE conftest.c >&5
configure:15042: $? = 0
configure:15045: test -s conftest.o
configure:15048: $? = 0
configure:15063: result: yes
configure:15072: checking for XkbQueryExtension
configure:15109: gcc -o conftest -g -O2  -D_GNU_SOURCE -D_DEFAULT_SOURCE  conftest.c -lutil -lXaw7 -lXmu -lXt -lX11 -lXinerama -lXpm -lSM -lICE -lncurses  >&5
configure:15112: $? = 0
configure:15115: test -s conftest
configure:15118: $? = 0
configure:15128: result: yes
configure:15140: checking if we can use XkbKeycodeToKeysym
configure:15164: gcc -c -g -O2  -D_GNU_SOURCE -D_DEFAULT_SOURCE conftest.c >&5
configure:15167: $? = 0
configure:15170: test -s conftest.o
configure:15173: $? = 0
configure:15188: result: yes
configure:15197: checking for XkbKeycodeToKeysym
configure:15234: gcc -o conftest -g -O2  -D_GNU_SOURCE -D_DEFAULT_SOURCE  conftest.c -lutil -lXaw7 -lXmu -lXt -lX11 -lXinerama -lXpm -lSM -lICE -lncurses  >&5
configure:15237: $? = 0
configure:15240: test -s conftest
configure:15243: $? = 0
configure:15253: result: yes
configure:15265: checking for XKB Bell extension
configure:15292: gcc -o conftest -g -O2  -D_GNU_SOURCE -D_DEFAULT_SOURCE  conftest.c -lutil -lXaw7 -lXmu -lXt -lX11 -lXinerama -lXpm -lSM -lICE -lncurses  >&5
configure: In function 'main':
configure:15284:24: warning: passing argument 2 of 'XkbBell' makes integer from pointer without a cast [-Wint-conversion]
  Atom y;
                        ^
In file included from configure:15275:0:
/usr/include/X11/XKBlib.h:455:13: note: expected 'Window {aka long unsigned int}' but argument is of type 'struct _WidgetRec *'
 extern Bool XkbBell(
             ^~~~~~~
configure:15295: $? = 0
configure:15298: test -s conftest
configure:15301: $? = 0
configure:15312: result: yes
configure:15322: checking for Xutf8LookupString
configure:15359: gcc -o conftest -g -O2  -D_GNU_SOURCE -D_DEFAULT_SOURCE  conftest.c -lutil -lXaw7 -lXmu -lXt -lX11 -lXinerama -lXpm -lSM -lICE -lncurses  >&5
configure:15362: $? = 0
configure:15365: test -s conftest
configure:15368: $? = 0
configure:15378: result: yes
configure:15394: checking if you want narrow prototypes for X libraries
configure:15420: result: yes
configure:15423: checking if we should use imake to help
configure:15440: result: yes
configure:15449: checking for xmkmf
configure:15480: result: no
configure:15449: checking for imake
configure:15480: result: no
configure:15635: testing IMAKE_CFLAGS  ...
configure:15639: testing IMAKE_LOADFLAGS  ...
configure:15748: testing make fallback definitions ...
configure:15895: checking for groff
configure:15912: found /usr/bin/groff
configure:15924: result: /usr/bin/groff
configure:15933: checking for nroff
configure:15950: found /usr/bin/nroff
configure:15962: result: /usr/bin/nroff
configure:15985: checking for man2html
configure:16014: result: no
configure:16041: checking for program to convert manpage to html
configure:16100: result: /usr/bin/groff
configure:16269: checking for default terminal-id
configure:16279: result: vt420
configure:16290: checking for default terminal-type
configure:16300: result: xterm
configure:16308: checking if backarrow-key should be BS
configure:16326: result: yes
configure:16347: checking if backarrow-key should be treated as erase
configure:16365: result: no
configure:16386: checking for default backspace/DEL setting
configure:16397: result: maybe
configure:16418: checking for default pty initial erase setting
configure:16429: result: False
configure:16450: checking if alt should send ESC
configure:16468: result: no
configure:16489: checking if meta should send ESC
configure:16507: result: no
configure:16531: checking for tic
configure:16546: found /usr/bin/tic
configure:16555: result: yes
configure:16563: checking for private terminfo-directory
configure:16573: result: /usr/share/terminfo
configure:16585: checking if $TERMINFO should also be set
configure:16595: result: no
configure:16628: checking if you want active-icons
configure:16645: result: yes
configure:16655: checking if you want ANSI color
configure:16672: result: yes
configure:16681: checking if you want 16 colors like aixterm
configure:16698: result: yes
configure:16705: checking if you want 256 colors
configure:16722: result: yes
configure:16734: checking if you want direct-color support
configure:16751: result: yes
configure:16796: checking if you want blinking cursor
configure:16813: result: yes
configure:16820: checking if you want to ignore Linux's broken palette-strings
configure:16844: result: yes
configure:16860: checking if you want to allow broken string-terminators
configure:16877: result: yes
configure:16884: checking if you want to compile-in icon data
configure:16901: result: no
configure:16908: checking if you want printable 128-159
configure:16925: result: yes
configure:16934: checking if you want bold colors mapped like IBM PC
configure:16951: result: yes
configure:16958: checking if you want separate color-classes
configure:16975: result: yes
configure:16982: checking if you want color-mode enabled by default
configure:16999: result: yes
configure:17008: checking if you want support for color highlighting
configure:17025: result: yes
configure:17032: checking if you want support for doublesize characters
configure:17049: result: yes
configure:17056: checking if you want fallback-support for box characters
configure:17073: result: yes
configure:17080: checking if you want to allow spawning new xterms
configure:17097: result: no
configure:17139: checking if you want to use double-buffering
configure:17156: result: no
configure:17378: checking if you want to use FreeType library
configure:17395: result: yes
configure:17405: checking for FreeType configuration script
configure:17417: result: auto
configure:17597: checking for FreeType config
configure:17599: result: /usr/bin/pkg-config xft
configure:17603: checking for /usr/bin/pkg-config cflags
configure:17606: result: -I/usr/include/freetype2 -I/usr/include/libpng16 -I/usr/include/harfbuzz -I/usr/include/glib-2.0 -I/usr/lib/glib-2.0/include -I/usr/include/freetype2 -I/usr/include/libpng16 -I/usr/include/harfbuzz -I/usr/include/glib-2.0 -I/usr/lib/glib-2.0/include
configure:17611: checking for /usr/bin/pkg-config libs
configure:17614: result:  -lXft
configure:17627: checking if we can link with FreeType libraries
configure:17668: gcc -o conftest -g -O2  -D_GNU_SOURCE -D_DEFAULT_SOURCE -DNARROWPROTO=1 -DFUNCPROTO=15 -DOSMAJORVERSION=3 -DOSMINORVERSION=10 -I/usr/include/freetype2 -I/usr/include/libpng16 -I/usr/include/harfbuzz -I/usr/include/glib-2.0 -I/usr/lib/glib-2.0/include -I/usr/include/freetype2 -I/usr/include/libpng16 -I/usr/include/harfbuzz -I/usr/include/glib-2.0 -I/usr/lib/glib-2.0/include  conftest.c  -lXft -lutil -lXaw7 -lXmu -lXt -lX11 -lXinerama -lXpm -lSM -lICE -lncurses >&5
configure:17671: $? = 0
configure:17674: test -s conftest
configure:17677: $? = 0
configure:17686: result: yes
configure:17819: checking for XftDrawCharSpec
configure:17856: gcc -o conftest -g -O2  -D_GNU_SOURCE -D_DEFAULT_SOURCE -DNARROWPROTO=1 -DFUNCPROTO=15 -DOSMAJORVERSION=3 -DOSMINORVERSION=10 -I/usr/include/freetype2 -I/usr/include/libpng16 -I/usr/include/harfbuzz -I/usr/include/glib-2.0 -I/usr/lib/glib-2.0/include -I/usr/include/freetype2 -I/usr/include/libpng16 -I/usr/include/harfbuzz -I/usr/include/glib-2.0 -I/usr/lib/glib-2.0/include  conftest.c  -lXft -lutil -lXaw7 -lXmu -lXt -lX11 -lXinerama -lXpm -lSM -lICE -lncurses >&5
configure:17859: $? = 0
configure:17862: test -s conftest
configure:17865: $? = 0
configure:17875: result: yes
configure:17819: checking for XftDrawSetClip
configure:17856: gcc -o conftest -g -O2  -D_GNU_SOURCE -D_DEFAULT_SOURCE -DNARROWPROTO=1 -DFUNCPROTO=15 -DOSMAJORVERSION=3 -DOSMINORVERSION=10 -I/usr/include/freetype2 -I/usr/include/libpng16 -I/usr/include/harfbuzz -I/usr/include/glib-2.0 -I/usr/lib/glib-2.0/include -I/usr/include/freetype2 -I/usr/include/libpng16 -I/usr/include/harfbuzz -I/usr/include/glib-2.0 -I/usr/lib/glib-2.0/include  conftest.c  -lXft -lutil -lXaw7 -lXmu -lXt -lX11 -lXinerama -lXpm -lSM -lICE -lncurses >&5
configure:17859: $? = 0
configure:17862: test -s conftest
configure:17865: $? = 0
configure:17875: result: yes
configure:17819: checking for XftDrawSetClipRectangles
configure:17856: gcc -o conftest -g -O2  -D_GNU_SOURCE -D_DEFAULT_SOURCE -DNARROWPROTO=1 -DFUNCPROTO=15 -DOSMAJORVERSION=3 -DOSMINORVERSION=10 -I/usr/include/freetype2 -I/usr/include/libpng16 -I/usr/include/harfbuzz -I/usr/include/glib-2.0 -I/usr/lib/glib-2.0/include -I/usr/include/freetype2 -I/usr/include/libpng16 -I/usr/include/harfbuzz -I/usr/include/glib-2.0 -I/usr/lib/glib-2.0/include  conftest.c  -lXft -lutil -lXaw7 -lXmu -lXt -lX11 -lXinerama -lXpm -lSM -lICE -lncurses >&5
configure:17859: $? = 0
configure:17862: test -s conftest
configure:17865: $? = 0
configure:17875: result: yes
configure:17894: checking for usable Xft/fontconfig package
configure:17920: gcc -o conftest -g -O2  -D_GNU_SOURCE -D_DEFAULT_SOURCE -DNARROWPROTO=1 -DFUNCPROTO=15 -DOSMAJORVERSION=3 -DOSMINORVERSION=10 -I/usr/include/freetype2 -I/usr/include/libpng16 -I/usr/include/harfbuzz -I/usr/include/glib-2.0 -I/usr/lib/glib-2.0/include -I/usr/include/freetype2 -I/usr/include/libpng16 -I/usr/include/harfbuzz -I/usr/include/glib-2.0 -I/usr/lib/glib-2.0/include  conftest.c  -lXft -lutil -lXaw7 -lXmu -lXt -lX11 -lXinerama -lXpm -lSM -lICE -lncurses >&5
/usr/bin/ld: /tmp/ccXytm80.o: undefined reference to symbol 'FcPatternBuild'
/usr/lib/libfontconfig.so.1: error adding symbols: DSO missing from command line
collect2: error: ld returned 1 exit status
configure:17923: $? = 1
configure: failed program was:
#line 17901 "configure"
#include "confdefs.h"

#include <X11/Xft/Xft.h>

int
main (void)
{

	XftPattern *pat;
	XftPatternBuild(pat,
					XFT_FAMILY, XftTypeString, "mono",
					(void *) 0);

  ;
  return 0;
}
configure:17940: result: no
configure:17952: testing work around broken package ...
configure:17959: testing found package fontconfig ...
configure:17965: testing package fontconfig CFLAGS: -I/usr/include/freetype2 -I/usr/include/libpng16 -I/usr/include/harfbuzz -I/usr/include/glib-2.0 -I/usr/lib/glib-2.0/include -I/usr/include/freetype2 -I/usr/include/libpng16 -I/usr/include/harfbuzz -I/usr/include/glib-2.0 -I/usr/lib/glib-2.0/include ...
configure:17969: testing package fontconfig LIBS: -lfontconfig -lfreetype ...
configure:18187: testing ...before  -lXft -lutil -lXaw7 -lXmu -lXt -lX11 -lXinerama -lXpm -lSM -lICE -lncurses ...
configure:18192: testing ...after   -lXft -lfontconfig -lfreetype -lutil -lXaw7 -lXmu -lXt -lX11 -lXinerama -lXpm -lSM -lICE -lncurses ...
configure:18218: checking if you want support for HP-style function keys
configure:18235: result: no
configure:18245: checking if you want support for SCO-style function keys
configure:18262: result: no
configure:18272: checking if you want support for Sun-style function keys
configure:18289: result: yes
configure:18299: checking if you want saved-lines stored as a FIFO
configure:18316: result: yes
configure:18326: checking if you want support for internationalization
configure:18343: result: yes
configure:18353: checking if you want support for initial-erase setup
configure:18370: result: yes
configure:18380: checking if you want support for input-method
configure:18397: result: yes
configure:18400: checking if X libraries support input-method
configure:18439: gcc -o conftest -g -O2  -D_GNU_SOURCE -D_DEFAULT_SOURCE -DNARROWPROTO=1 -DFUNCPROTO=15 -DOSMAJORVERSION=3 -DOSMINORVERSION=10 -I/usr/include/freetype2 -I/usr/include/libpng16 -I/usr/include/harfbuzz -I/usr/include/glib-2.0 -I/usr/lib/glib-2.0/include -I/usr/include/freetype2 -I/usr/include/libpng16 -I/usr/include/harfbuzz -I/usr/include/glib-2.0 -I/usr/lib/glib-2.0/include -I/usr/include/freetype2 -I/usr/include/libpng16 -I/usr/include/harfbuzz -I/usr/include/glib-2.0 -I/usr/include/freetype2 -I/usr/include/libpng16 -I/usr/include/harfbuzz -I/usr/include/glib-2.0 -I/usr/include/freetype2 -I/usr/include/libpng16 -I/usr/include/harfbuzz -I/usr/lib/glib-2.0/include -I/usr/include/freetype2 -I/usr/include/libpng16 -I/usr/include/harfbuzz -I/usr/lib/glib-2.0/include  conftest.c  -lXft -lfontconfig -lfreetype -lutil -lXaw7 -lXmu -lXt -lX11 -lXinerama -lXpm -lSM -lICE -lncurses >&5
configure:18442: $? = 0
configure:18445: test -s conftest
configure:18448: $? = 0
configure:18458: result: yes
configure:18470: checking if you want support for load-vt-fonts
configure:18487: result: no
configure:18497: checking if you want support for logging
configure:18514: result: no
configure:18550: checking if you want support for iconify/maximize translations
configure:18567: result: yes
configure:18574: checking if you want NumLock to override keyboard tables
configure:18591: result: yes
configure:18598: checking if you want support for get/set of base64 selection data
configure:18615: result: yes
configure:18631: checking if you want support for pty-handshaking
configure:18648: result: yes
configure:18664: checking if you want support for mouse in readline applications
configure:18681: result: no
configure:18691: checking if you want support for regular-expression selections
configure:18708: result: yes
configure:18712: checking if you want to use PCRE2 for regular-expressions
configure:18721: result: no
configure:19015: checking if you want to use PCRE for regular-expressions
configure:19024: result: no
configure:19401: checking for regcomp
configure:19438: gcc -o conftest -g -O2  -D_GNU_SOURCE -D_DEFAULT_SOURCE -DNARROWPROTO=1 -DFUNCPROTO=15 -DOSMAJORVERSION=3 -DOSMINORVERSION=10 -I/usr/include/freetype2 -I/usr/include/libpng16 -I/usr/include/harfbuzz -I/usr/include/glib-2.0 -I/usr/lib/glib-2.0/include -I/usr/include/freetype2 -I/usr/include/libpng16 -I/usr/include/harfbuzz -I/usr/include/glib-2.0 -I/usr/lib/glib-2.0/include -I/usr/include/freetype2 -I/usr/include/libpng16 -I/usr/include/harfbuzz -I/usr/include/glib-2.0 -I/usr/include/freetype2 -I/usr/include/libpng16 -I/usr/include/harfbuzz -I/usr/include/glib-2.0 -I/usr/include/freetype2 -I/usr/include/libpng16 -I/usr/include/harfbuzz -I/usr/lib/glib-2.0/include -I/usr/include/freetype2 -I/usr/include/libpng16 -I/usr/include/harfbuzz -I/usr/lib/glib-2.0/include  conftest.c  -lXft -lfontconfig -lfreetype -lutil -lXaw7 -lXmu -lXt -lX11 -lXinerama -lXpm -lSM -lICE -lncurses >&5
configure:19441: $? = 0
configure:19444: test -s conftest
configure:19447: $? = 0
configure:19457: result: yes
configure:19683: checking for regular-expression headers
configure:19754: gcc -o conftest -g -O2  -D_GNU_SOURCE -D_DEFAULT_SOURCE -DNARROWPROTO=1 -DFUNCPROTO=15 -DOSMAJORVERSION=3 -DOSMINORVERSION=10 -I/usr/include/freetype2 -I/usr/include/libpng16 -I/usr/include/harfbuzz -I/usr/include/glib-2.0 -I/usr/lib/glib-2.0/include -I/usr/include/freetype2 -I/usr/include/libpng16 -I/usr/include/harfbuzz -I/usr/include/glib-2.0 -I/usr/lib/glib-2.0/include -I/usr/include/freetype2 -I/usr/include/libpng16 -I/usr/include/harfbuzz -I/usr/include/glib-2.0 -I/usr/include/freetype2 -I/usr/include/libpng16 -I/usr/include/harfbuzz -I/usr/include/glib-2.0 -I/usr/include/freetype2 -I/usr/include/libpng16 -I/usr/include/harfbuzz -I/usr/lib/glib-2.0/include -I/usr/include/freetype2 -I/usr/include/libpng16 -I/usr/include/harfbuzz -I/usr/lib/glib-2.0/include  conftest.c  -lXft -lfontconfig -lfreetype -lutil -lXaw7 -lXmu -lXt -lX11 -lXinerama -lXpm -lSM -lICE -lncurses >&5
configure:19757: $? = 0
configure:19760: test -s conftest
configure:19763: $? = 0
configure:19779: result: regex.h
configure:19816: checking if you want support for right-scrollbar
configure:19833: result: yes
configure:19843: checking if you want check for redundant name-change
configure:19860: result: yes
configure:19867: checking if you want support for selection-actions
configure:19884: result: yes
configure:19891: checking if you want support for session management
configure:19908: result: yes
configure:19915: checking if you want to use termcap function-keys
configure:19932: result: yes
configure:19939: checking if you want to use termcap-query/report
configure:19956: result: yes
configure:19963: checking if you want support for tek4014
configure:19980: result: yes
configure:19994: checking if you want pulldown menus with a toolbar
configure:20011: result: no
configure:20021: checking if you want VT52 emulation
configure:20038: result: yes
configure:20045: checking if you want wide-attribute support
configure:20062: result: yes
configure:20071: checking if you want wide-character support
configure:20088: result: yes
configure:20095: checking if you want only 16-bit character support
configure:20112: result: no
configure:20126: checking if you want to use mini-luit/Latin9 built-in support
configure:20143: result: no
configure:20153: checking if you want to use luit
configure:20170: result: yes
configure:20183: checking for xterm-filter
configure:20214: result: no
configure:20183: checking for xterm-filter
configure:20214: result: no
configure:20183: checking for bluit
configure:20214: result: no
configure:20183: checking for luit
configure:20214: result: no
configure:20297: checking if you want dynamic-abbreviation support
configure:20314: result: no
configure:20324: checking if you want DECterm Locator support
configure:20341: result: no
configure:20351: checking if you want XHTML and SVG screen dump support
configure:20368: result: yes
configure:20380: checking if you want ReGIS graphics support
configure:20397: result: no
configure:20476: checking if you want sixel graphics support
configure:20493: result: no
configure:20517: checking if you want VT420 rectangle support
configure:20534: result: yes
configure:20544: checking if you want -ziconbeep option
configure:20561: result: yes
configure:20570: checking if you want debugging traces
configure:20587: result: no
configure:20599: checking if you want to use dmalloc for testing
configure:20616: result: no
configure:20831: checking if you want to use dbmalloc for testing
configure:20848: result: no
configure:21063: checking if you want to use valgrind for testing
configure:21080: result: no
configure:21193: checking if you want to perform memory-leak testing
configure:21203: result: no
configure:21218: checking if you want to see long compiling messages
configure:21252: result: yes
configure:21255: checking if you want magic cookie emulation
configure:21272: result: no
configure:21287: checking for tigetstr
configure:21324: gcc -o conftest -g -O2  -D_GNU_SOURCE -D_DEFAULT_SOURCE -DNARROWPROTO=1 -DFUNCPROTO=15 -DOSMAJORVERSION=3 -DOSMINORVERSION=10 -I/usr/include/freetype2 -I/usr/include/libpng16 -I/usr/include/harfbuzz -I/usr/include/glib-2.0 -I/usr/lib/glib-2.0/include -I/usr/include/freetype2 -I/usr/include/libpng16 -I/usr/include/harfbuzz -I/usr/include/glib-2.0 -I/usr/lib/glib-2.0/include -I/usr/include/freetype2 -I/usr/include/libpng16 -I/usr/include/harfbuzz -I/usr/include/glib-2.0 -I/usr/include/freetype2 -I/usr/include/libpng16 -I/usr/include/harfbuzz -I/usr/include/glib-2.0 -I/usr/include/freetype2 -I/usr/include/libpng16 -I/usr/include/harfbuzz -I/usr/lib/glib-2.0/include -I/usr/include/freetype2 -I/usr/include/libpng16 -I/usr/include/harfbuzz -I/usr/lib/glib-2.0/include  conftest.c  -lXft -lfontconfig -lfreetype -lutil -lXaw7 -lXmu -lXt -lX11 -lXinerama -lXpm -lSM -lICE -lncurses >&5
configure:21327: $? = 0
configure:21330: test -s conftest
configure:21333: $? = 0
configure:21343: result: yes
configure:21358: checking for use_extended_names
configure:21395: gcc -o conftest -g -O2  -D_GNU_SOURCE -D_DEFAULT_SOURCE -DNARROWPROTO=1 -DFUNCPROTO=15 -DOSMAJORVERSION=3 -DOSMINORVERSION=10 -I/usr/include/freetype2 -I/usr/include/libpng16 -I/usr/include/harfbuzz -I/usr/include/glib-2.0 -I/usr/lib/glib-2.0/include -I/usr/include/freetype2 -I/usr/include/libpng16 -I/usr/include/harfbuzz -I/usr/include/glib-2.0 -I/usr/lib/glib-2.0/include -I/usr/include/freetype2 -I/usr/include/libpng16 -I/usr/include/harfbuzz -I/usr/include/glib-2.0 -I/usr/include/freetype2 -I/usr/include/libpng16 -I/usr/include/harfbuzz -I/usr/include/glib-2.0 -I/usr/include/freetype2 -I/usr/include/libpng16 -I/usr/include/harfbuzz -I/usr/lib/glib-2.0/include -I/usr/include/freetype2 -I/usr/include/libpng16 -I/usr/include/harfbuzz -I/usr/lib/glib-2.0/include  conftest.c  -lXft -lfontconfig -lfreetype -lutil -lXaw7 -lXmu -lXt -lX11 -lXinerama -lXpm -lSM -lICE -lncurses >&5
configure:21398: $? = 0
configure:21401: test -s conftest
configure:21404: $? = 0
configure:21414: result: yes
configure:21427: checking if you want to turn on gcc warnings
configure:21444: result: no
configure:21836: checking if filesystem supports mixed-case filenames
configure:21863: result: yes
configure:21874: checking for exctags
configure:21900: result: no
configure:21874: checking for ctags
configure:21900: result: no
configure:21911: checking for exetags
configure:21937: result: no
configure:21911: checking for etags
configure:21937: result: no
configure:21946: checking for ctags
configure:21970: result: no
configure:21980: checking for etags
configure:22004: result: no
configure:22028: checking for an rpath option
configure:22059: result: -Wl,-rpath,
configure:22122: checking if rpath-hack should be disabled
configure:22139: result: no
configure:22143: checking for updated LDFLAGS
configure:22146: result: maybe
configure:22153: checking for ldd
configure:22168: found /usr/bin/ldd
configure:22176: result: ldd
configure:22205: gcc -o conftest -g -O2  -D_GNU_SOURCE -D_DEFAULT_SOURCE -DNARROWPROTO=1 -DFUNCPROTO=15 -DOSMAJORVERSION=3 -DOSMINORVERSION=10 -I/usr/include/freetype2 -I/usr/include/libpng16 -I/usr/include/harfbuzz -I/usr/include/glib-2.0 -I/usr/lib/glib-2.0/include -I/usr/include/freetype2 -I/usr/include/libpng16 -I/usr/include/harfbuzz -I/usr/include/glib-2.0 -I/usr/lib/glib-2.0/include -I/usr/include/freetype2 -I/usr/include/libpng16 -I/usr/include/harfbuzz -I/usr/include/glib-2.0 -I/usr/include/freetype2 -I/usr/include/libpng16 -I/usr/include/harfbuzz -I/usr/include/glib-2.0 -I/usr/include/freetype2 -I/usr/include/libpng16 -I/usr/include/harfbuzz -I/usr/lib/glib-2.0/include -I/usr/include/freetype2 -I/usr/include/libpng16 -I/usr/include/harfbuzz -I/usr/lib/glib-2.0/include  conftest.c  -lXft -lfontconfig -lfreetype -lutil -lXaw7 -lXmu -lXt -lX11 -lXinerama -lXpm -lSM -lICE -lncurses >&5
configure:22208: $? = 0
configure:22211: test -s conftest
configure:22214: $? = 0
configure:22254: testing ...checking EXTRA_LDFLAGS  ...
configure:22258: testing ...checking LDFLAGS  ...
configure:22308: testing ...checked LDFLAGS  ...
configure:22312: testing ...checking LIBS  -lXft -lfontconfig -lfreetype -lutil -lXaw7 -lXmu -lXt -lX11 -lXinerama -lXpm -lSM -lICE -lncurses ...
configure:22362: testing ...checked LIBS  -lXft -lfontconfig -lfreetype -lutil -lXaw7 -lXmu -lXt -lX11 -lXinerama -lXpm -lSM -lICE -lncurses ...
configure:22366: testing ...checked EXTRA_LDFLAGS  ...
configure:22464: creating ./config.status

## ----------------------- ##
## Running config.status.  ##
## ----------------------- ##

This file was extended by config.status 2.52.20170501, executed with
  CONFIG_FILES    = 
  CONFIG_HEADERS  = 
  CONFIG_LINKS    = 
  CONFIG_COMMANDS = 
  > ./config.status 
on localhost.localdomain

config.status:23005: creating Makefile
config.status:23005: creating df-install
config.status:23005: creating minstall
config.status:23158: creating xtermcfg.h

## ----------------- ##
## Cache variables.  ##
## ----------------- ##

ac_cv_build=x86_64-pc-linux-gnu
ac_cv_build_alias=x86_64-pc-linux-gnu
ac_cv_c_compiler_gnu=yes
ac_cv_env_CC_set=
ac_cv_env_CC_value=
ac_cv_env_CFLAGS_set=
ac_cv_env_CFLAGS_value=
ac_cv_env_CPPFLAGS_set=
ac_cv_env_CPPFLAGS_value=
ac_cv_env_CPP_set=
ac_cv_env_CPP_value=
ac_cv_env_LDFLAGS_set=
ac_cv_env_LDFLAGS_value=
ac_cv_env_build_alias_set=
ac_cv_env_build_alias_value=
ac_cv_env_host_alias_set=
ac_cv_env_host_alias_value=
ac_cv_env_target_alias_set=
ac_cv_env_target_alias_value=
ac_cv_func_XftDrawCharSpec=yes
ac_cv_func_XftDrawSetClip=yes
ac_cv_func_XftDrawSetClipRectangles=yes
ac_cv_func_XkbKeycodeToKeysym=yes
ac_cv_func_XkbQueryExtension=yes
ac_cv_func_Xutf8LookupString=yes
ac_cv_func_connect=yes
ac_cv_func_gethostbyname=yes
ac_cv_func_gethostname=yes
ac_cv_func_getlogin=yes
ac_cv_func_grantpt=no
ac_cv_func_initgroups=yes
ac_cv_func_mkdtemp=yes
ac_cv_func_posix_openpt=yes
ac_cv_func_ptsname=yes
ac_cv_func_putenv=yes
ac_cv_func_regcomp=yes
ac_cv_func_remove=yes
ac_cv_func_sched_yield=yes
ac_cv_func_setpgid=yes
ac_cv_func_shmat=yes
ac_cv_func_strftime=yes
ac_cv_func_tcgetattr=yes
ac_cv_func_tigetstr=yes
ac_cv_func_unsetenv=yes
ac_cv_func_use_extended_names=yes
ac_cv_func_waitpid=yes
ac_cv_func_wcswidth=yes
ac_cv_func_wcwidth=yes
ac_cv_have_x='have_x=yes 		ac_x_includes= ac_x_libraries='
ac_cv_header_X11_DECkeysym_h=yes
ac_cv_header_X11_Intrinsic_h=yes
ac_cv_header_X11_Sunkeysym_h=yes
ac_cv_header_X11_XF86keysym_h=yes
ac_cv_header_X11_XKBlib_h=yes
ac_cv_header_X11_Xpoll_h=yes
ac_cv_header_X11_extensions_XKB_h=yes
ac_cv_header_X11_xpm_h=yes
ac_cv_header_inttypes_h=yes
ac_cv_header_lastlog_h=yes
ac_cv_header_libutil_h=no
ac_cv_header_memory_h=yes
ac_cv_header_ncurses_curses_h=no
ac_cv_header_ncurses_term_h=no
ac_cv_header_paths_h=yes
ac_cv_header_pty_h=yes
ac_cv_header_stdc=yes
ac_cv_header_stdint_h=yes
ac_cv_header_stdlib_h=yes
ac_cv_header_string_h=yes
ac_cv_header_strings_h=yes
ac_cv_header_stropts_h=yes
ac_cv_header_sys_param_h=yes
ac_cv_header_sys_ptem_h=no
ac_cv_header_sys_stat_h=yes
ac_cv_header_sys_ttydefaults_h=yes
ac_cv_header_sys_types_h=yes
ac_cv_header_sys_wait_h=yes
ac_cv_header_term_h=yes
ac_cv_header_termcap_h=yes
ac_cv_header_termios_h=yes
ac_cv_header_time=yes
ac_cv_header_unistd_h=yes
ac_cv_header_util_h=no
ac_cv_header_wchar_h=yes
ac_cv_host=x86_64-pc-linux-gnu
ac_cv_host_alias=x86_64-pc-linux-gnu
ac_cv_lib_ICE_IceConnectionNumber=yes
ac_cv_lib_Xcursor_XcursorGetTheme=yes
ac_cv_lib_Xpm_XpmCreatePixmapFromData=yes
ac_cv_lib_elf_elf_begin=yes
ac_cv_lib_util_openpty=yes
ac_cv_objext=o
ac_cv_path_GROFF_PATH=/usr/bin/groff
ac_cv_path_NROFF_PATH=/usr/bin/nroff
ac_cv_path_ac_pt_PKG_CONFIG=/usr/bin/pkg-config
ac_cv_path_cf_man2html=no
ac_cv_path_install='/usr/bin/install -c'
ac_cv_prog_AWK=gawk
ac_cv_prog_CPP='gcc -E'
ac_cv_prog_MAKE_LOWER_TAGS=no
ac_cv_prog_MAKE_UPPER_TAGS=no
ac_cv_prog_ac_ct_CC=gcc
ac_cv_prog_cc_g=yes
ac_cv_prog_cc_stdc=
ac_cv_prog_cf_ldd_prog=ldd
ac_cv_prog_cf_tic_prog=yes
ac_cv_prog_desktop_utils=no
ac_cv_type_mode_t=yes
ac_cv_type_off_t=yes
ac_cv_type_pid_t=yes
ac_cv_type_time_t=yes
ac_cv_type_uid_t=yes
am_cv_langinfo_codeset=yes
cf_cv_dcl_errno=yes
cf_cv_dcl_sys_errlist=yes
cf_cv_dcl_sys_nerr=yes
cf_cv_default_source=yes
cf_cv_define_sigwinch=yes
cf_cv_found_freetype=yes
cf_cv_gnu_source=yes
cf_cv_have_errno=no
cf_cv_have_sys_errlist=yes
cf_cv_have_sys_nerr=yes
cf_cv_have_utmp=utmp
cf_cv_have_utmp_ut_host=yes
cf_cv_have_utmp_ut_name=ut_name
cf_cv_have_utmp_ut_session=yes
cf_cv_have_utmp_ut_syslen=no
cf_cv_have_utmp_ut_xstatus=ut_exit.e_exit
cf_cv_have_utmp_ut_xtime=yes
cf_cv_input_method=yes
cf_cv_lib_part_tgetent=-lncurses
cf_cv_lib_tgetent=no
cf_cv_mixedcase=yes
cf_cv_path_lastlog=_PATH_LASTLOG
cf_cv_posix_saved_ids=yes
cf_cv_posix_wait=yes
cf_cv_regex_hdrs=regex.h
cf_cv_sig_atomic_t='volatile sig_atomic_t'
cf_cv_struct_lastlog=no
cf_cv_svr4=no
cf_cv_system_name=linux-gnu
cf_cv_sysv=no
cf_cv_sysv_utmp=yes
cf_cv_termio_c_ispeed=no
cf_cv_tty_group=yes
cf_cv_tty_group_name=tty
cf_cv_type_cc_t=yes
cf_cv_type_fd_mask=sys/types.h
cf_cv_type_fd_set=sys/types.h
cf_cv_x_freetype_cfgs=auto
cf_cv_x_freetype_incs='-I/usr/include/freetype2 -I/usr/include/libpng16 -I/usr/include/harfbuzz -I/usr/include/glib-2.0 -I/usr/lib/glib-2.0/include -I/usr/include/freetype2 -I/usr/include/libpng16 -I/usr/include/harfbuzz -I/usr/include/glib-2.0 -I/usr/lib/glib-2.0/include'
cf_cv_x_freetype_libs=' -lXft'
cf_cv_xaw_compat=no
cf_cv_xft_compat=no
cf_cv_xkb_bell_ext=yes
cf_cv_xkb_keycode_to_keysym=yes
cf_cv_xkb_query_extension=yes
cf_cv_xt_ice_compat=no

## ------------ ##
## confdefs.h.  ##
## ------------ ##

#define SYSTEM_NAME "linux-gnu"
#define HAVE_STDLIB_H 1
#define HAVE_SYS_TTYDEFAULTS_H 1
#define HAVE_TERM_H 1
#define HAVE_TERMIOS_H 1
#define HAVE_UNISTD_H 1
#define HAVE_WCHAR_H 1
#define TIME_WITH_SYS_TIME 1
#define HAVE_LANGINFO_CODESET 1
#define SIG_ATOMIC_T volatile sig_atomic_t
#define STDC_HEADERS 1
#define HAVE_SYS_TYPES_H 1
#define HAVE_SYS_STAT_H 1
#define HAVE_STDLIB_H 1
#define HAVE_STRING_H 1
#define HAVE_MEMORY_H 1
#define HAVE_STRINGS_H 1
#define HAVE_INTTYPES_H 1
#define HAVE_STDINT_H 1
#define HAVE_UNISTD_H 1
#define HAVE_GETHOSTNAME 1
#define HAVE_GETLOGIN 1
#define HAVE_INITGROUPS 1
#define HAVE_MKDTEMP 1
#define HAVE_PUTENV 1
#define HAVE_UNSETENV 1
#define HAVE_SCHED_YIELD 1
#define HAVE_SETPGID 1
#define HAVE_STRFTIME 1
#define HAVE_TCGETATTR 1
#define HAVE_WAITPID 1
#define HAVE_WCSWIDTH 1
#define HAVE_WCWIDTH 1
#define HAVE_LASTLOG_H 1
#define HAVE_PATHS_H 1
#define USE_LASTLOG 1
#define HAVE_UTMP 1
#define HAVE_UTMP_UT_HOST 1
#define HAVE_UTMP_UT_XSTATUS 1
#define ut_xstatus ut_exit.e_exit
#define HAVE_UTMP_UT_XTIME 1
#define HAVE_UTMP_UT_SESSION 1
#define USE_SYSV_UTMP 1
#define HAVE_LASTLOG_H 1
#define HAVE_SYS_PARAM_H 1
#define HAVE_POSIX_SAVED_IDS 1
#define HAVE_TERMCAP_H 1
#define USE_TERMINFO 1
#define TTY_GROUP_NAME "tty"
#define USE_TTY_GROUP 1
#define HAVE_SYS_WAIT_H 1
#define USE_POSIX_WAIT 1
#define HAVE_SYS_NERR 1
#define HAVE_SYS_ERRLIST 1
#define HAVE_TERMIOS_H 1
#define HAVE_STDLIB_H 1
#define HAVE_X11_INTRINSIC_H 1
#define HAVE_X11_DECKEYSYM_H 1
#define HAVE_X11_SUNKEYSYM_H 1
#define HAVE_X11_XF86KEYSYM_H 1
#define HAVE_X11_XKBLIB_H 1
#define HAVE_X11_XPOLL_H 1
#define HAVE_X11_EXTENSIONS_XKB_H 1
#define HAVE_LIBXPM 1
#define HAVE_X11_EXTENSIONS_XINERAMA_H 1
#define HAVE_LIB_XAW 1
#define HAVE_X11_XPOLL_H 1
#define HAVE_LIB_XCURSOR 1
#define HAVE_STROPTS_H 1
#define HAVE_GRANTPT 1
#define HAVE_PTSNAME 1
#define HAVE_POSIX_OPENPT 1
#define HAVE_OPENPTY 1
#define HAVE_PTY_H 1
#define HAVE_XKBQUERYEXTENSION 1
#define HAVE_XKBKEYCODETOKEYSYM 1
#define HAVE_XKB_BELL_EXT 1
#define HAVE_XUTF8LOOKUPSTRING 1
#define DFT_DECID "420"
#define DFT_TERMTYPE "xterm"
#define DEF_BACKARO_BS True
#define DEF_BACKARO_ERASE False
#define DEFDELETE_DEL Maybe
#define DEF_INITIAL_ERASE False
#define DEF_ALT_SENDS_ESC False
#define DEF_META_SENDS_ESC False
#define OWN_TERMINFO_DIR "/usr/share/terminfo"
#define OPT_256_COLORS 1
#define OPT_DIRECT_COLOR 1
#define OPT_BROKEN_OSC 1
#define XRENDERFONT 1
#define HAVE_XFTDRAWCHARSPEC 1
#define HAVE_XFTDRAWSETCLIP 1
#define HAVE_XFTDRAWSETCLIPRECTANGLES 1
#define OPT_FIFO_LINES 1
#define OPT_PASTE64 1
#define OPT_PTY_HANDSHAKE 1
#define HAVE_REGEX_H_FUNCS 1
#define OPT_SELECT_REGEX 1
#define SCROLLBAR_RIGHT 1
#define OPT_TCAP_FKEYS 1
#define OPT_TCAP_QUERY 1
#define OPT_LUIT_PROG 1
#define OPT_WIDE_CHARS 1
#define OPT_SCREEN_DUMPS 1
#define OPT_DEC_RECTOPS 1
#define HAVE_TIGETSTR 1
#define HAVE_USE_EXTENDED_NAMES 1
#define MIXEDCASE_FILENAMES 1


configure: exit 0
