###############################
# Install xtrans-1.3.5.tar.bz2 #
###############################
Making install in doc
make[1]: Entering directory '/lfskernel/sources/boot/X11/libs/xtrans-1.3.5/doc'
make[2]: Entering directory '/lfskernel/sources/boot/X11/libs/xtrans-1.3.5/doc'
make[2]: Nothing to be done for 'install-exec-am'.
 /bin/mkdir -p '/usr/share/doc/xtrans'
 /usr/bin/install -c -m 644 xtrans.xml '/usr/share/doc/xtrans'
 /bin/mkdir -p '/usr/share/doc/xtrans'
make[2]: Leaving directory '/lfskernel/sources/boot/X11/libs/xtrans-1.3.5/doc'
make[1]: Leaving directory '/lfskernel/sources/boot/X11/libs/xtrans-1.3.5/doc'
make[1]: Entering directory '/lfskernel/sources/boot/X11/libs/xtrans-1.3.5'
make[2]: Entering directory '/lfskernel/sources/boot/X11/libs/xtrans-1.3.5'
make[2]: Nothing to be done for 'install-exec-am'.
 /bin/mkdir -p '/usr/include/X11/Xtrans'
 /usr/bin/install -c -m 644 Xtrans.h Xtrans.c Xtransint.h Xtranslcl.c Xtranssock.c Xtransutil.c transport.c '/usr/include/X11/Xtrans'
 /bin/mkdir -p '/usr/share/aclocal'
 /usr/bin/install -c -m 644 xtrans.m4 '/usr/share/aclocal'
 /bin/mkdir -p '/usr/share/pkgconfig'
 /usr/bin/install -c -m 644 xtrans.pc '/usr/share/pkgconfig'
make[2]: Leaving directory '/lfskernel/sources/boot/X11/libs/xtrans-1.3.5'
make[1]: Leaving directory '/lfskernel/sources/boot/X11/libs/xtrans-1.3.5'
