lrwxrwxrwx 1 root root 14 Jan 26 01:00 /lib/cpp -> ../usr/bin/cpp
-rw-r--r-- 1 root root 5959 Jan 26 00:56 /tools/lib/gcc/x86_64-pc-linux-gnu/7.2.0/include/omp.h
-rw-r--r-- 1 root root 4655 Jan 26 00:56 /tools/lib/gcc/x86_64-pc-linux-gnu/7.2.0/include/openacc.h
-rw-r--r-- 1 root root 84470 Jan 26 00:56 /usr/share/locale/nl/LC_MESSAGES/gcc.mo
-rw-r--r-- 1 root root 23450 Jan 26 00:56 /usr/share/locale/nl/LC_MESSAGES/cpplib.mo
-rw-r--r-- 1 root root 314493 Jan 26 00:56 /usr/share/locale/ja/LC_MESSAGES/gcc.mo
-rw-r--r-- 1 root root 23255 Jan 26 00:56 /usr/share/locale/ja/LC_MESSAGES/cpplib.mo
-rw-r--r-- 1 root root 11459 Jan 26 00:56 /usr/share/locale/hr/LC_MESSAGES/gcc.mo
-rw-r--r-- 1 root root 204221 Jan 26 00:56 /usr/share/locale/fi/LC_MESSAGES/gcc.mo
-rw-r--r-- 1 root root 23936 Jan 26 00:56 /usr/share/locale/fi/LC_MESSAGES/cpplib.mo
-rw-r--r-- 1 root root 1691537 Jan 26 00:56 /usr/share/locale/fr/LC_MESSAGES/gcc.mo
-rw-r--r-- 1 root root 25337 Jan 26 00:56 /usr/share/locale/fr/LC_MESSAGES/cpplib.mo
-rw-r--r-- 1 root root 490 Jan 26 00:56 /usr/share/locale/fr/LC_MESSAGES/libstdc++.mo
-rw-r--r-- 1 root root 895394 Jan 26 00:56 /usr/share/locale/ru/LC_MESSAGES/gcc.mo
-rw-r--r-- 1 root root 31371 Jan 26 00:56 /usr/share/locale/ru/LC_MESSAGES/cpplib.mo
-rw-r--r-- 1 root root 1618196 Jan 26 00:56 /usr/share/locale/de/LC_MESSAGES/gcc.mo
-rw-r--r-- 1 root root 23768 Jan 26 00:56 /usr/share/locale/de/LC_MESSAGES/cpplib.mo
-rw-r--r-- 1 root root 488 Jan 26 00:56 /usr/share/locale/de/LC_MESSAGES/libstdc++.mo
-rw-r--r-- 1 root root 23909 Jan 26 00:56 /usr/share/locale/pt_BR/LC_MESSAGES/cpplib.mo
-rw-r--r-- 1 root root 60355 Jan 26 00:56 /usr/share/locale/uk/LC_MESSAGES/gcc.mo
-rw-r--r-- 1 root root 30775 Jan 26 00:56 /usr/share/locale/uk/LC_MESSAGES/cpplib.mo
-rw-r--r-- 1 root root 16802 Jan 26 00:56 /usr/share/locale/ca/LC_MESSAGES/cpplib.mo
-rw-r--r-- 1 root root 397927 Jan 26 00:56 /usr/share/locale/id/LC_MESSAGES/gcc.mo
-rw-r--r-- 1 root root 19934 Jan 26 00:56 /usr/share/locale/id/LC_MESSAGES/cpplib.mo
-rw-r--r-- 1 root root 198139 Jan 26 00:56 /usr/share/locale/da/LC_MESSAGES/gcc.mo
-rw-r--r-- 1 root root 22996 Jan 26 00:56 /usr/share/locale/da/LC_MESSAGES/cpplib.mo
-rw-r--r-- 1 root root 568855 Jan 26 00:56 /usr/share/locale/vi/LC_MESSAGES/gcc.mo
-rw-r--r-- 1 root root 27351 Jan 26 00:56 /usr/share/locale/vi/LC_MESSAGES/cpplib.mo
-rw-r--r-- 1 root root 1223143 Jan 26 00:56 /usr/share/locale/es/LC_MESSAGES/gcc.mo
-rw-r--r-- 1 root root 20786 Jan 26 00:56 /usr/share/locale/es/LC_MESSAGES/cpplib.mo
-rw-r--r-- 1 root root 6114 Jan 26 00:56 /usr/share/locale/be/LC_MESSAGES/gcc.mo
-rw-r--r-- 1 root root 907 Jan 26 00:56 /usr/share/locale/be/LC_MESSAGES/cpplib.mo
-rw-r--r-- 1 root root 408261 Jan 26 00:56 /usr/share/locale/sr/LC_MESSAGES/gcc.mo
-rw-r--r-- 1 root root 29434 Jan 26 00:56 /usr/share/locale/sr/LC_MESSAGES/cpplib.mo
-rw-r--r-- 1 root root 1572571 Jan 26 00:56 /usr/share/locale/sv/LC_MESSAGES/gcc.mo
-rw-r--r-- 1 root root 23247 Jan 26 00:56 /usr/share/locale/sv/LC_MESSAGES/cpplib.mo
-rw-r--r-- 1 root root 252374 Jan 26 00:56 /usr/share/locale/zh_TW/LC_MESSAGES/gcc.mo
-rw-r--r-- 1 root root 21436 Jan 26 00:56 /usr/share/locale/zh_TW/LC_MESSAGES/cpplib.mo
-rw-r--r-- 1 root root 299480 Jan 26 00:56 /usr/share/locale/tr/LC_MESSAGES/gcc.mo
-rw-r--r-- 1 root root 20328 Jan 26 00:56 /usr/share/locale/tr/LC_MESSAGES/cpplib.mo
-rw-r--r-- 1 root root 532873 Jan 26 00:56 /usr/share/locale/zh_CN/LC_MESSAGES/gcc.mo
-rw-r--r-- 1 root root 18641 Jan 26 00:56 /usr/share/locale/zh_CN/LC_MESSAGES/cpplib.mo
-rw-r--r-- 1 root root 4945 Jan 26 00:56 /usr/share/locale/el/LC_MESSAGES/gcc.mo
-rw-r--r-- 1 root root 767 Jan 26 00:56 /usr/share/locale/el/LC_MESSAGES/cpplib.mo
-rw-r--r-- 1 root root 22922 Jan 26 00:56 /usr/share/locale/eo/LC_MESSAGES/cpplib.mo
-rw-r--r-- 1 root root 2505395 Jan 26 00:56 /usr/share/info/gccint.info
-rw-r--r-- 1 root root 36489 Jan 26 00:56 /usr/share/info/libquadmath.info
-rw-r--r-- 1 root root 204778 Jan 26 00:56 /usr/share/info/gccinstall.info
-rw-r--r-- 1 root root 61694 Jan 26 00:56 /usr/share/info/libitm.info
-rw-r--r-- 1 root root 231839 Jan 26 00:56 /usr/share/info/cpp.info
-rw-r--r-- 1 root root 50309 Jan 26 00:56 /usr/share/info/cppinternals.info
-rw-r--r-- 1 root root 187187 Jan 26 00:56 /usr/share/info/libgomp.info
-rw-r--r-- 1 root root 2705097 Jan 26 00:56 /usr/share/info/gcc.info
-rw-r--r-- 1 root root 41407 Jan 26 00:56 /usr/share/man/man7/gpl.7
-rw-r--r-- 1 root root 6658 Jan 26 00:56 /usr/share/man/man7/fsf-funding.7
-rw-r--r-- 1 root root 29508 Jan 26 00:56 /usr/share/man/man7/gfdl.7
-rw-r--r-- 1 root root 29161 Jan 26 00:56 /usr/share/man/man1/gcov.1
-rw-r--r-- 1 root root 11247 Jan 26 00:56 /usr/share/man/man1/gcov-tool.1
-rw-r--r-- 1 root root 39920 Jan 26 00:56 /usr/share/man/man1/cpp.1
-rw-r--r-- 1 root root 1134651 Jan 26 00:56 /usr/share/man/man1/gcc.1
-rw-r--r-- 1 root root 1134651 Jan 26 00:56 /usr/share/man/man1/g++.1
-rw-r--r-- 1 root root 6142 Jan 26 00:56 /usr/share/man/man1/gcov-dump.1
-rw-r--r-- 1 root root 1 Jan 26 00:56 /usr/share/gcc-7.2.0/python/libstdcxx/__init__.py
-rw-r--r-- 1 root root 1161 Jan 26 00:56 /usr/share/gcc-7.2.0/python/libstdcxx/v6/__init__.py
-rw-r--r-- 1 root root 27705 Jan 26 00:56 /usr/share/gcc-7.2.0/python/libstdcxx/v6/xmethods.py
-rw-r--r-- 1 root root 63230 Jan 26 00:56 /usr/share/gcc-7.2.0/python/libstdcxx/v6/printers.py
-rwxr-xr-x 1 root root 4473448 Jan 26 00:56 /usr/libexec/gcc/x86_64-pc-linux-gnu/7.2.0/lto-wrapper
-rwxr-xr-x 1 root root 151351456 Jan 26 00:56 /usr/libexec/gcc/x86_64-pc-linux-gnu/7.2.0/cc1
lrwxrwxrwx 1 root root 22 Jan 26 00:56 /usr/libexec/gcc/x86_64-pc-linux-gnu/7.2.0/liblto_plugin.so.0 -> liblto_plugin.so.0.0.0
-rwxr-xr-x 1 root root 992 Jan 26 00:56 /usr/libexec/gcc/x86_64-pc-linux-gnu/7.2.0/liblto_plugin.la
-rwxr-xr-x 1 root root 3695264 Jan 26 00:56 /usr/libexec/gcc/x86_64-pc-linux-gnu/7.2.0/collect2
-rwxr-xr-x 1 root root 143656560 Jan 26 00:56 /usr/libexec/gcc/x86_64-pc-linux-gnu/7.2.0/lto1
-rwxr-xr-x 1 root root 161013496 Jan 26 00:56 /usr/libexec/gcc/x86_64-pc-linux-gnu/7.2.0/cc1plus
-rwxr-xr-x 1 root root 326816 Jan 26 00:56 /usr/libexec/gcc/x86_64-pc-linux-gnu/7.2.0/liblto_plugin.so.0.0.0
-rwxr-xr-x 1 root root 13943 Jan 26 00:56 /usr/libexec/gcc/x86_64-pc-linux-gnu/7.2.0/install-tools/fixinc.sh
-rwxr-xr-x 1 root root 3538 Jan 26 00:56 /usr/libexec/gcc/x86_64-pc-linux-gnu/7.2.0/install-tools/mkinstalldirs
-rwxr-xr-x 1 root root 3158 Jan 26 00:56 /usr/libexec/gcc/x86_64-pc-linux-gnu/7.2.0/install-tools/mkheaders
-rwxr-xr-x 1 root root 478152 Jan 26 00:56 /usr/libexec/gcc/x86_64-pc-linux-gnu/7.2.0/install-tools/fixincl
lrwxrwxrwx 1 root root 22 Jan 26 00:56 /usr/libexec/gcc/x86_64-pc-linux-gnu/7.2.0/liblto_plugin.so -> liblto_plugin.so.0.0.0
-rwxr-xr-x 1 root root 733328 Jan 26 00:56 /usr/libexec/gcc/x86_64-pc-linux-gnu/7.2.0/plugin/gengtype
-rwxr-xr-x 1 root root 897 Jan 26 00:56 /usr/lib/libstdc++fs.la
-rwxr-xr-x 1 root root 575736 Jan 26 00:56 /usr/lib/libcilkrts.so.5.0.0
-rwxr-xr-x 1 root root 11495368 Jan 26 00:56 /usr/lib/libstdc++.so.6.0.24
-rwxr-xr-x 1 root root 930 Jan 26 00:56 /usr/lib/libssp.la
-rwxr-xr-x 1 root root 954248 Jan 26 00:56 /usr/lib/libquadmath.so.0.0.0
lrwxrwxrwx 1 root root 15 Jan 26 00:56 /usr/lib/libmpx.so -> libmpx.so.2.0.1
-rw-r--r-- 1 root root 3912226 Jan 26 00:56 /usr/lib/libubsan.a
-rw-r--r-- 1 root root 70484 Jan 26 00:56 /usr/lib/libmpx.a
-rw-r--r-- 1 root root 3160 Jan 26 00:56 /usr/lib/libtsan_preinit.o
-rwxr-xr-x 1 root root 6175152 Jan 26 00:56 /usr/lib/libtsan.so.0.0.0
-rwxr-xr-x 1 root root 923 Jan 26 00:56 /usr/lib/libcc1.la
-rwxr-xr-x 1 root root 43928 Jan 26 00:56 /usr/lib/libssp.so.0.0.0
-rwxr-xr-x 1 root root 1092376 Jan 26 00:56 /usr/lib/libgomp.so.1.0.0
lrwxrwxrwx 1 root root 23 Jan 26 00:56 /usr/lib/libmpxwrappers.so.2 -> libmpxwrappers.so.2.0.1
lrwxrwxrwx 1 root root 15 Jan 26 00:56 /usr/lib/libitm.so -> libitm.so.1.0.0
-rwxr-xr-x 1 root root 969 Jan 26 00:56 /usr/lib/libquadmath.la
-rwxr-xr-x 1 root root 999 Jan 26 00:56 /usr/lib/libubsan.la
lrwxrwxrwx 1 root root 16 Jan 26 00:56 /usr/lib/libgomp.so.1 -> libgomp.so.1.0.0
-rw-r--r-- 1 root root 17815374 Jan 26 00:56 /usr/lib/libasan.a
lrwxrwxrwx 1 root root 17 Jan 26 00:56 /usr/lib/libubsan.so -> libubsan.so.0.0.0
-rwxr-xr-x 1 root root 2452064 Jan 26 00:56 /usr/lib/libubsan.so.0.0.0
-rw-r--r-- 1 root root 3134 Jan 26 00:56 /usr/lib/libssp_nonshared.a
lrwxrwxrwx 1 root root 16 Jan 26 00:56 /usr/lib/libasan.so -> libasan.so.4.0.0
-rw-r--r-- 1 root root 10391324 Jan 26 00:56 /usr/lib/libtsan.a
-rw-r--r-- 1 root root 1201360 Jan 26 00:56 /usr/lib/libquadmath.a
-rw-r--r-- 1 root root 156 Jan 26 00:56 /usr/lib/libmpx.spec
lrwxrwxrwx 1 root root 15 Jan 26 00:56 /usr/lib/libcc1.so -> libcc1.so.0.0.0
lrwxrwxrwx 1 root root 15 Jan 26 00:56 /usr/lib/libssp.so.0 -> libssp.so.0.0.0
-rw-r--r-- 1 root root 4378972 Jan 26 00:56 /usr/lib/liblsan.a
-rwxr-xr-x 1 root root 2650216 Jan 26 00:56 /usr/lib/liblsan.so.0.0.0
lrwxrwxrwx 1 root root 16 Jan 26 00:56 /usr/lib/liblsan.so.0 -> liblsan.so.0.0.0
lrwxrwxrwx 1 root root 23 Jan 26 00:56 /usr/lib/libmpxwrappers.so -> libmpxwrappers.so.2.0.1
-rwxr-xr-x 1 root root 986 Jan 26 00:56 /usr/lib/libmpxwrappers.la
-rwxr-xr-x 1 root root 960 Jan 26 00:56 /usr/lib/libatomic.la
lrwxrwxrwx 1 root root 60 Jan 26 01:05 /usr/lib/bfd-plugins/liblto_plugin.so -> ../../libexec/gcc/x86_64-pc-linux-gnu/7.2.0/liblto_plugin.so
lrwxrwxrwx 1 root root 20 Jan 26 00:56 /usr/lib/libquadmath.so -> libquadmath.so.0.0.0
-rw-r--r-- 1 root root 6689992 Jan 26 00:56 /usr/lib/libstdc++fs.a
-rwxr-xr-x 1 root root 957 Jan 26 00:56 /usr/lib/libstdc++.la
lrwxrwxrwx 1 root root 19 Jan 26 00:56 /usr/lib/libcilkrts.so.5 -> libcilkrts.so.5.0.0
-rwxr-xr-x 1 root root 1004 Jan 26 00:56 /usr/lib/libcilkrts.la
-rwxr-xr-x 1 root root 992 Jan 26 00:56 /usr/lib/libtsan.la
lrwxrwxrwx 1 root root 18 Jan 26 00:56 /usr/lib/libatomic.so.1 -> libatomic.so.1.2.0
-rwxr-xr-x 1 root root 992 Jan 26 00:56 /usr/lib/libasan.la
lrwxrwxrwx 1 root root 15 Jan 26 00:56 /usr/lib/libcc1.so.0 -> libcc1.so.0.0.0
-rw-r--r-- 1 root root 169 Jan 26 00:56 /usr/lib/libgomp.spec
-rw-r--r-- 1 root root 162 Jan 26 00:56 /usr/lib/libitm.spec
-rwxr-xr-x 1 root root 1202360 Jan 26 00:56 /usr/lib/libitm.so.1.0.0
-rw-r--r-- 1 root root 173 Jan 26 00:56 /usr/lib/libcilkrts.spec
lrwxrwxrwx 1 root root 17 Jan 26 00:56 /usr/lib/libubsan.so.0 -> libubsan.so.0.0.0
-rw-r--r-- 1 root root 1899990 Jan 26 00:56 /usr/lib/libitm.a
-rwxr-xr-x 1 root root 144248 Jan 26 00:56 /usr/lib/libatomic.so.1.2.0
-rw-r--r-- 1 root root 320 Jan 26 00:56 /usr/lib/libsanitizer.spec
-rw-r--r-- 1 root root 1393366 Jan 26 00:56 /usr/lib/libgomp.a
lrwxrwxrwx 1 root root 19 Jan 26 00:56 /usr/lib/libcilkrts.so -> libcilkrts.so.5.0.0
-rwxr-xr-x 1 root root 891 Jan 26 00:56 /usr/lib/libsupc++.la
lrwxrwxrwx 1 root root 18 Jan 26 00:56 /usr/lib/libatomic.so -> libatomic.so.1.2.0
-rw-r--r-- 1 root root 33340 Jan 26 00:56 /usr/lib/libmpxwrappers.a
lrwxrwxrwx 1 root root 16 Jan 26 00:56 /usr/lib/libtsan.so.0 -> libtsan.so.0.0.0
-rw-r--r-- 1 root root 1069592 Jan 26 00:56 /usr/lib/libsupc++.a
-rwxr-xr-x 1 root root 69936 Jan 26 00:56 /usr/lib/libmpx.so.2.0.1
lrwxrwxrwx 1 root root 20 Jan 26 00:56 /usr/lib/libquadmath.so.0 -> libquadmath.so.0.0.0
lrwxrwxrwx 1 root root 15 Jan 26 00:56 /usr/lib/libssp.so -> libssp.so.0.0.0
-rwxr-xr-x 1 root root 930 Jan 26 00:56 /usr/lib/libitm.la
lrwxrwxrwx 1 root root 16 Jan 26 00:56 /usr/lib/liblsan.so -> liblsan.so.0.0.0
-rw-r--r-- 1 root root 2383 Jan 26 00:56 /usr/lib/libstdc++.so.6.0.24-gdb.py
-rwxr-xr-x 1 root root 879632 Jan 26 00:56 /usr/lib/libcc1.so.0.0.0
-rwxr-xr-x 1 root root 912 Jan 26 00:56 /usr/lib/libssp_nonshared.la
-rw-r--r-- 1 root root 12240 Jan 26 00:56 /usr/lib/libasan_preinit.o
-rwxr-xr-x 1 root root 51112 Jan 26 00:56 /usr/lib/libmpxwrappers.so.2.0.1
-rw-r--r-- 1 root root 80282 Jan 26 00:56 /usr/lib/libssp.a
lrwxrwxrwx 1 root root 15 Jan 26 00:56 /usr/lib/libmpx.so.2 -> libmpx.so.2.0.1
lrwxrwxrwx 1 root root 16 Jan 26 00:56 /usr/lib/libasan.so.4 -> libasan.so.4.0.0
-rwxr-xr-x 1 root root 940 Jan 26 00:56 /usr/lib/libmpx.la
lrwxrwxrwx 1 root root 15 Jan 26 00:56 /usr/lib/libitm.so.1 -> libitm.so.1.0.0
-rw-r--r-- 1 root root 350146 Jan 26 00:56 /usr/lib/libatomic.a
-rw-r--r-- 1 root root 831480 Jan 26 00:56 /usr/lib/libcilkrts.a
lrwxrwxrwx 1 root root 16 Jan 26 00:56 /usr/lib/libgomp.so -> libgomp.so.1.0.0
-rwxr-xr-x 1 root root 992 Jan 26 00:56 /usr/lib/liblsan.la
lrwxrwxrwx 1 root root 16 Jan 26 00:56 /usr/lib/libtsan.so -> libtsan.so.0.0.0
-rwxr-xr-x 1 root root 10092176 Jan 26 00:56 /usr/lib/libasan.so.4.0.0
-rwxr-xr-x 1 root root 942 Jan 26 00:56 /usr/lib/libgomp.la
-rwxr-xr-x 4 root root 4925816 Jan 26 00:56 /usr/bin/x86_64-pc-linux-gnu-c++
-rwxr-xr-x 1 root root 3384976 Jan 26 00:56 /usr/bin/gcov-tool
-rwxr-xr-x 1 root root 4919568 Jan 26 00:56 /usr/bin/cpp
-rwxr-xr-x 2 root root 151320 Jan 26 00:56 /usr/bin/x86_64-pc-linux-gnu-gcc-nm
-rwxr-xr-x 3 root root 4916272 Jan 26 00:56 /usr/bin/gcc
-rwxr-xr-x 4 root root 4925816 Jan 26 00:56 /usr/bin/x86_64-pc-linux-gnu-g++
-rwxr-xr-x 2 root root 151400 Jan 26 00:56 /usr/bin/gcc-ar
-rwxr-xr-x 2 root root 151400 Jan 26 00:56 /usr/bin/x86_64-pc-linux-gnu-gcc-ar
-rwxr-xr-x 3 root root 4916272 Jan 26 00:56 /usr/bin/x86_64-pc-linux-gnu-gcc
-rwxr-xr-x 3 root root 4916272 Jan 26 00:56 /usr/bin/x86_64-pc-linux-gnu-gcc-7.2.0
-rwxr-xr-x 1 root root 3166456 Jan 26 00:56 /usr/bin/gcov-dump
lrwxrwxrwx 1 root root 3 Jan 26 01:01 /usr/bin/cc -> gcc
-rwxr-xr-x 2 root root 151336 Jan 26 00:56 /usr/bin/x86_64-pc-linux-gnu-gcc-ranlib
-rwxr-xr-x 2 root root 151336 Jan 26 00:56 /usr/bin/gcc-ranlib
-rwxr-xr-x 4 root root 4925816 Jan 26 00:56 /usr/bin/g++
-rwxr-xr-x 1 root root 4314704 Jan 26 00:56 /usr/bin/gcov
-rwxr-xr-x 2 root root 151320 Jan 26 00:56 /usr/bin/gcc-nm
-rwxr-xr-x 4 root root 4925816 Jan 26 00:56 /usr/bin/c++
-rw-r--r-- 1 root root 2409 Jan 26 00:56 /usr/include/c++/7.2.0/cctype
-rw-r--r-- 1 root root 33719 Jan 26 00:56 /usr/include/c++/7.2.0/backward/hashtable.h
-rw-r--r-- 1 root root 5798 Jan 26 00:56 /usr/include/c++/7.2.0/backward/strstream
-rw-r--r-- 1 root root 10689 Jan 26 00:56 /usr/include/c++/7.2.0/backward/auto_ptr.h
-rw-r--r-- 1 root root 4248 Jan 26 00:56 /usr/include/c++/7.2.0/backward/hash_fun.h
-rw-r--r-- 1 root root 7167 Jan 26 00:56 /usr/include/c++/7.2.0/backward/binders.h
-rw-r--r-- 1 root root 17775 Jan 26 00:56 /usr/include/c++/7.2.0/backward/hash_map
-rw-r--r-- 1 root root 2491 Jan 26 00:56 /usr/include/c++/7.2.0/backward/backward_warning.h
-rw-r--r-- 1 root root 17195 Jan 26 00:56 /usr/include/c++/7.2.0/backward/hash_set
-rw-r--r-- 1 root root 1692 Jan 26 00:56 /usr/include/c++/7.2.0/random
-rw-r--r-- 1 root root 1464 Jan 26 00:56 /usr/include/c++/7.2.0/ciso646
-rw-r--r-- 1 root root 2594 Jan 26 00:56 /usr/include/c++/7.2.0/list
-rw-r--r-- 1 root root 3123 Jan 26 00:56 /usr/include/c++/7.2.0/cstring
-rw-r--r-- 1 root root 2475 Jan 26 00:56 /usr/include/c++/7.2.0/experimental/random
-rw-r--r-- 1 root root 2323 Jan 26 00:56 /usr/include/c++/7.2.0/experimental/list
-rw-r--r-- 1 root root 2412 Jan 26 00:56 /usr/include/c++/7.2.0/experimental/forward_list
-rw-r--r-- 1 root root 2927 Jan 26 00:56 /usr/include/c++/7.2.0/experimental/string
-rw-r--r-- 1 root root 1633 Jan 26 00:56 /usr/include/c++/7.2.0/experimental/utility
-rw-r--r-- 1 root root 2670 Jan 26 00:56 /usr/include/c++/7.2.0/experimental/source_location
-rw-r--r-- 1 root root 12592 Jan 26 00:56 /usr/include/c++/7.2.0/experimental/functional
-rw-r--r-- 1 root root 2913 Jan 26 00:56 /usr/include/c++/7.2.0/experimental/unordered_map
-rw-r--r-- 1 root root 12021 Jan 26 00:56 /usr/include/c++/7.2.0/experimental/memory_resource
-rw-r--r-- 1 root root 2837 Jan 26 00:56 /usr/include/c++/7.2.0/experimental/numeric
-rw-r--r-- 1 root root 3271 Jan 26 00:56 /usr/include/c++/7.2.0/experimental/array
-rw-r--r-- 1 root root 2428 Jan 26 00:56 /usr/include/c++/7.2.0/experimental/vector
-rw-r--r-- 1 root root 2455 Jan 26 00:56 /usr/include/c++/7.2.0/experimental/ratio
-rw-r--r-- 1 root root 2489 Jan 26 00:56 /usr/include/c++/7.2.0/experimental/tuple
-rw-r--r-- 1 root root 2233 Jan 26 00:56 /usr/include/c++/7.2.0/experimental/filesystem
-rw-r--r-- 1 root root 11057 Jan 26 00:56 /usr/include/c++/7.2.0/experimental/type_traits
-rw-r--r-- 1 root root 3128 Jan 26 00:56 /usr/include/c++/7.2.0/experimental/algorithm
-rw-r--r-- 1 root root 15351 Jan 26 00:56 /usr/include/c++/7.2.0/experimental/propagate_const
-rw-r--r-- 1 root root 2541 Jan 26 00:56 /usr/include/c++/7.2.0/experimental/set
-rw-r--r-- 1 root root 2062 Jan 26 00:56 /usr/include/c++/7.2.0/experimental/system_error
-rw-r--r-- 1 root root 3549 Jan 26 00:56 /usr/include/c++/7.2.0/experimental/iterator
-rw-r--r-- 1 root root 2163 Jan 26 00:56 /usr/include/c++/7.2.0/experimental/regex
-rw-r--r-- 1 root root 6079 Jan 26 00:56 /usr/include/c++/7.2.0/experimental/memory
-rw-r--r-- 1 root root 21436 Jan 26 00:56 /usr/include/c++/7.2.0/experimental/string_view
-rw-r--r-- 1 root root 28888 Jan 26 00:56 /usr/include/c++/7.2.0/experimental/optional
-rw-r--r-- 1 root root 2667 Jan 26 00:56 /usr/include/c++/7.2.0/experimental/map
-rw-r--r-- 1 root root 2356 Jan 26 00:56 /usr/include/c++/7.2.0/experimental/deque
-rw-r--r-- 1 root root 2796 Jan 26 00:56 /usr/include/c++/7.2.0/experimental/unordered_set
-rw-r--r-- 1 root root 14631 Jan 26 00:56 /usr/include/c++/7.2.0/experimental/any
-rw-r--r-- 1 root root 30741 Jan 26 00:56 /usr/include/c++/7.2.0/experimental/bits/fs_path.h
-rw-r--r-- 1 root root 20340 Jan 26 00:56 /usr/include/c++/7.2.0/experimental/bits/shared_ptr.h
-rw-r--r-- 1 root root 6755 Jan 26 00:56 /usr/include/c++/7.2.0/experimental/bits/string_view.tcc
-rw-r--r-- 1 root root 8507 Jan 26 00:56 /usr/include/c++/7.2.0/experimental/bits/fs_fwd.h
-rw-r--r-- 1 root root 10789 Jan 26 00:56 /usr/include/c++/7.2.0/experimental/bits/fs_dir.h
-rw-r--r-- 1 root root 2183 Jan 26 00:56 /usr/include/c++/7.2.0/experimental/bits/lfts_config.h
-rw-r--r-- 1 root root 2118 Jan 26 00:56 /usr/include/c++/7.2.0/experimental/bits/erase_if.h
-rw-r--r-- 1 root root 9281 Jan 26 00:56 /usr/include/c++/7.2.0/experimental/bits/fs_ops.h
-rw-r--r-- 1 root root 1976 Jan 26 00:56 /usr/include/c++/7.2.0/experimental/chrono
-rw-r--r-- 1 root root 1488 Jan 26 00:56 /usr/include/c++/7.2.0/locale
-rw-r--r-- 1 root root 1577 Jan 26 00:56 /usr/include/c++/7.2.0/forward_list
-rw-r--r-- 1 root root 2391 Jan 26 00:56 /usr/include/c++/7.2.0/stack
-rw-r--r-- 1 root root 1940 Jan 26 00:56 /usr/include/c++/7.2.0/string
-rw-r--r-- 1 root root 12493 Jan 26 00:56 /usr/include/c++/7.2.0/utility
-rw-r--r-- 1 root root 1855 Jan 26 00:56 /usr/include/c++/7.2.0/csignal
-rw-r--r-- 1 root root 39508 Jan 26 00:56 /usr/include/c++/7.2.0/functional
-rw-r--r-- 1 root root 4777 Jan 26 00:56 /usr/include/c++/7.2.0/exception
-rw-r--r-- 1 root root 6918 Jan 26 00:56 /usr/include/c++/7.2.0/iosfwd
-rw-r--r-- 1 root root 2157 Jan 26 00:56 /usr/include/c++/7.2.0/cinttypes
-rw-r--r-- 1 root root 2051 Jan 26 00:56 /usr/include/c++/7.2.0/cfenv
-rw-r--r-- 1 root root 1857 Jan 26 00:56 /usr/include/c++/7.2.0/unordered_map
-rw-r--r-- 1 root root 17872 Jan 26 00:56 /usr/include/c++/7.2.0/debug/macros.h
-rw-r--r-- 1 root root 16229 Jan 26 00:56 /usr/include/c++/7.2.0/debug/safe_local_iterator.h
-rw-r--r-- 1 root root 6813 Jan 26 00:56 /usr/include/c++/7.2.0/debug/helper_functions.h
-rw-r--r-- 1 root root 9279 Jan 26 00:56 /usr/include/c++/7.2.0/debug/safe_base.h
-rw-r--r-- 1 root root 22406 Jan 26 00:56 /usr/include/c++/7.2.0/debug/list
-rw-r--r-- 1 root root 25253 Jan 26 00:56 /usr/include/c++/7.2.0/debug/forward_list
-rw-r--r-- 1 root root 33654 Jan 26 00:56 /usr/include/c++/7.2.0/debug/string
-rw-r--r-- 1 root root 33919 Jan 26 00:56 /usr/include/c++/7.2.0/debug/unordered_map
-rw-r--r-- 1 root root 4276 Jan 26 00:56 /usr/include/c++/7.2.0/debug/stl_iterator.h
-rw-r--r-- 1 root root 5096 Jan 26 00:56 /usr/include/c++/7.2.0/debug/safe_sequence.h
-rw-r--r-- 1 root root 4989 Jan 26 00:56 /usr/include/c++/7.2.0/debug/safe_sequence.tcc
-rw-r--r-- 1 root root 11903 Jan 26 00:56 /usr/include/c++/7.2.0/debug/bitset
-rw-r--r-- 1 root root 30248 Jan 26 00:56 /usr/include/c++/7.2.0/debug/safe_iterator.h
-rw-r--r-- 1 root root 3413 Jan 26 00:56 /usr/include/c++/7.2.0/debug/safe_container.h
-rw-r--r-- 1 root root 10122 Jan 26 00:56 /usr/include/c++/7.2.0/debug/array
-rw-r--r-- 1 root root 21862 Jan 26 00:56 /usr/include/c++/7.2.0/debug/vector
-rw-r--r-- 1 root root 17714 Jan 26 00:56 /usr/include/c++/7.2.0/debug/multimap.h
-rw-r--r-- 1 root root 1345 Jan 26 00:56 /usr/include/c++/7.2.0/debug/set
-rw-r--r-- 1 root root 3263 Jan 26 00:56 /usr/include/c++/7.2.0/debug/safe_unordered_container.tcc
-rw-r--r-- 1 root root 2959 Jan 26 00:56 /usr/include/c++/7.2.0/debug/safe_iterator.tcc
-rw-r--r-- 1 root root 17168 Jan 26 00:56 /usr/include/c++/7.2.0/debug/multiset.h
-rw-r--r-- 1 root root 14169 Jan 26 00:56 /usr/include/c++/7.2.0/debug/formatter.h
-rw-r--r-- 1 root root 2118 Jan 26 00:56 /usr/include/c++/7.2.0/debug/safe_local_iterator.tcc
-rw-r--r-- 1 root root 17328 Jan 26 00:56 /usr/include/c++/7.2.0/debug/set.h
-rw-r--r-- 1 root root 1345 Jan 26 00:56 /usr/include/c++/7.2.0/debug/map
-rw-r--r-- 1 root root 3897 Jan 26 00:56 /usr/include/c++/7.2.0/debug/safe_unordered_container.h
-rw-r--r-- 1 root root 17004 Jan 26 00:56 /usr/include/c++/7.2.0/debug/deque
-rw-r--r-- 1 root root 30522 Jan 26 00:56 /usr/include/c++/7.2.0/debug/unordered_set
-rw-r--r-- 1 root root 5221 Jan 26 00:56 /usr/include/c++/7.2.0/debug/debug.h
-rw-r--r-- 1 root root 6895 Jan 26 00:56 /usr/include/c++/7.2.0/debug/safe_unordered_base.h
-rw-r--r-- 1 root root 20540 Jan 26 00:56 /usr/include/c++/7.2.0/debug/map.h
-rw-r--r-- 1 root root 16601 Jan 26 00:56 /usr/include/c++/7.2.0/debug/functions.h
-rw-r--r-- 1 root root 2411 Jan 26 00:56 /usr/include/c++/7.2.0/debug/assertions.h
-rw-r--r-- 1 root root 1407 Jan 26 00:56 /usr/include/c++/7.2.0/cstdalign
-rw-r--r-- 1 root root 26358 Jan 26 00:56 /usr/include/c++/7.2.0/sstream
-rw-r--r-- 1 root root 1913 Jan 26 00:56 /usr/include/c++/7.2.0/climits
-rw-r--r-- 1 root root 33845 Jan 26 00:56 /usr/include/c++/7.2.0/fstream
-rw-r--r-- 1 root root 5160 Jan 26 00:56 /usr/include/c++/7.2.0/numeric
-rw-r--r-- 1 root root 1360 Jan 26 00:56 /usr/include/c++/7.2.0/ctgmath
-rw-r--r-- 1 root root 45887 Jan 26 00:56 /usr/include/c++/7.2.0/bitset
-rw-r--r-- 1 root root 48484 Jan 26 00:56 /usr/include/c++/7.2.0/cmath
-rw-r--r-- 1 root root 16221 Jan 26 00:56 /usr/include/c++/7.2.0/scoped_allocator
-rw-r--r-- 1 root root 1889 Jan 26 00:56 /usr/include/c++/7.2.0/cfloat
-rw-r--r-- 1 root root 19447 Jan 26 00:56 /usr/include/c++/7.2.0/shared_mutex
-rw-r--r-- 1 root root 6404 Jan 26 00:56 /usr/include/c++/7.2.0/cstddef
-rw-r--r-- 1 root root 2210 Jan 26 00:56 /usr/include/c++/7.2.0/cuchar
-rw-r--r-- 1 root root 1905 Jan 26 00:56 /usr/include/c++/7.2.0/clocale
-rw-r--r-- 1 root root 11385 Jan 26 00:56 /usr/include/c++/7.2.0/array
-rw-r--r-- 1 root root 2747 Jan 26 00:56 /usr/include/c++/7.2.0/vector
-rw-r--r-- 1 root root 7692 Jan 26 00:56 /usr/include/c++/7.2.0/typeinfo
-rw-r--r-- 1 root root 7975 Jan 26 00:56 /usr/include/c++/7.2.0/stdexcept
-rw-r--r-- 1 root root 21944 Jan 26 00:56 /usr/include/c++/7.2.0/cxxabi.h
-rw-r--r-- 1 root root 2974 Jan 26 00:56 /usr/include/c++/7.2.0/initializer_list
-rw-r--r-- 1 root root 19886 Jan 26 00:56 /usr/include/c++/7.2.0/ratio
-rw-r--r-- 1 root root 32765 Jan 26 00:56 /usr/include/c++/7.2.0/istream
-rw-r--r-- 1 root root 2020 Jan 26 00:56 /usr/include/c++/7.2.0/fenv.h
-rw-r--r-- 1 root root 6509 Jan 26 00:56 /usr/include/c++/7.2.0/cwchar
-rw-r--r-- 1 root root 2467 Jan 26 00:56 /usr/include/c++/7.2.0/queue
-rw-r--r-- 1 root root 1868 Jan 26 00:56 /usr/include/c++/7.2.0/cstdarg
-rw-r--r-- 1 root root 16132 Jan 26 00:56 /usr/include/c++/7.2.0/iomanip
-rw-r--r-- 1 root root 59617 Jan 26 00:56 /usr/include/c++/7.2.0/tuple
-rw-r--r-- 1 root root 16862 Jan 26 00:56 /usr/include/c++/7.2.0/profile/list
-rw-r--r-- 1 root root 6390 Jan 26 00:56 /usr/include/c++/7.2.0/profile/forward_list
-rw-r--r-- 1 root root 17544 Jan 26 00:56 /usr/include/c++/7.2.0/profile/unordered_map
-rw-r--r-- 1 root root 9116 Jan 26 00:56 /usr/include/c++/7.2.0/profile/unordered_base.h
-rw-r--r-- 1 root root 6607 Jan 26 00:56 /usr/include/c++/7.2.0/profile/bitset
-rw-r--r-- 1 root root 8796 Jan 26 00:56 /usr/include/c++/7.2.0/profile/array
-rw-r--r-- 1 root root 15882 Jan 26 00:56 /usr/include/c++/7.2.0/profile/vector
-rw-r--r-- 1 root root 19334 Jan 26 00:56 /usr/include/c++/7.2.0/profile/multimap.h
-rw-r--r-- 1 root root 1246 Jan 26 00:56 /usr/include/c++/7.2.0/profile/set
-rw-r--r-- 1 root root 18913 Jan 26 00:56 /usr/include/c++/7.2.0/profile/multiset.h
-rw-r--r-- 1 root root 9554 Jan 26 00:56 /usr/include/c++/7.2.0/profile/iterator_tracker.h
-rw-r--r-- 1 root root 1709 Jan 26 00:56 /usr/include/c++/7.2.0/profile/base.h
-rw-r--r-- 1 root root 18121 Jan 26 00:56 /usr/include/c++/7.2.0/profile/set.h
-rw-r--r-- 1 root root 1246 Jan 26 00:56 /usr/include/c++/7.2.0/profile/map
-rw-r--r-- 1 root root 5273 Jan 26 00:56 /usr/include/c++/7.2.0/profile/deque
-rw-r--r-- 1 root root 16291 Jan 26 00:56 /usr/include/c++/7.2.0/profile/unordered_set
-rw-r--r-- 1 root root 20100 Jan 26 00:56 /usr/include/c++/7.2.0/profile/map.h
-rw-r--r-- 1 root root 2776 Jan 26 00:56 /usr/include/c++/7.2.0/profile/ordered_base.h
-rw-r--r-- 1 root root 2982 Jan 26 00:56 /usr/include/c++/7.2.0/profile/impl/profiler_hashtable_size.h
-rw-r--r-- 1 root root 6843 Jan 26 00:56 /usr/include/c++/7.2.0/profile/impl/profiler_list_to_vector.h
-rw-r--r-- 1 root root 5403 Jan 26 00:56 /usr/include/c++/7.2.0/profile/impl/profiler_container_size.h
-rw-r--r-- 1 root root 13924 Jan 26 00:56 /usr/include/c++/7.2.0/profile/impl/profiler.h
-rw-r--r-- 1 root root 20875 Jan 26 00:56 /usr/include/c++/7.2.0/profile/impl/profiler_trace.h
-rw-r--r-- 1 root root 2004 Jan 26 00:56 /usr/include/c++/7.2.0/profile/impl/profiler_state.h
-rw-r--r-- 1 root root 2928 Jan 26 00:56 /usr/include/c++/7.2.0/profile/impl/profiler_vector_size.h
-rw-r--r-- 1 root root 7081 Jan 26 00:56 /usr/include/c++/7.2.0/profile/impl/profiler_map_to_unordered_map.h
-rw-r--r-- 1 root root 6877 Jan 26 00:56 /usr/include/c++/7.2.0/profile/impl/profiler_vector_to_list.h
-rw-r--r-- 1 root root 4412 Jan 26 00:56 /usr/include/c++/7.2.0/profile/impl/profiler_hash_func.h
-rw-r--r-- 1 root root 3801 Jan 26 00:56 /usr/include/c++/7.2.0/profile/impl/profiler_node.h
-rw-r--r-- 1 root root 4438 Jan 26 00:56 /usr/include/c++/7.2.0/profile/impl/profiler_list_to_slist.h
-rw-r--r-- 1 root root 3429 Jan 26 00:56 /usr/include/c++/7.2.0/profile/impl/profiler_algos.h
-rw-r--r-- 1 root root 5341 Jan 26 00:56 /usr/include/c++/7.2.0/codecvt
-rw-r--r-- 1 root root 40274 Jan 26 00:56 /usr/include/c++/7.2.0/valarray
-rw-r--r-- 1 root root 4756 Jan 26 00:56 /usr/include/c++/7.2.0/x86_64-pc-linux-gnu/ext/opt_random.h
-rw-r--r-- 1 root root 2007 Jan 26 00:56 /usr/include/c++/7.2.0/x86_64-pc-linux-gnu/bits/os_defines.h
-rw-r--r-- 1 root root 1608 Jan 26 00:56 /usr/include/c++/7.2.0/x86_64-pc-linux-gnu/bits/c++io.h
-rw-r--r-- 1 root root 2316 Jan 26 00:56 /usr/include/c++/7.2.0/x86_64-pc-linux-gnu/bits/ctype_base.h
-rw-r--r-- 1 root root 2661 Jan 26 00:56 /usr/include/c++/7.2.0/x86_64-pc-linux-gnu/bits/extc++.h
-rw-r--r-- 1 root root 5175 Jan 26 00:56 /usr/include/c++/7.2.0/x86_64-pc-linux-gnu/bits/error_constants.h
-rw-r--r-- 1 root root 2874 Jan 26 00:56 /usr/include/c++/7.2.0/x86_64-pc-linux-gnu/bits/stdc++.h
-rw-r--r-- 1 root root 1333 Jan 26 00:56 /usr/include/c++/7.2.0/x86_64-pc-linux-gnu/bits/cpu_defines.h
-rw-r--r-- 1 root root 24237 Jan 26 00:56 /usr/include/c++/7.2.0/x86_64-pc-linux-gnu/bits/gthr-default.h
-rw-r--r-- 1 root root 5608 Jan 26 00:56 /usr/include/c++/7.2.0/x86_64-pc-linux-gnu/bits/gthr.h
-rw-r--r-- 1 root root 4516 Jan 26 00:56 /usr/include/c++/7.2.0/x86_64-pc-linux-gnu/bits/messages_members.h
-rw-r--r-- 1 root root 6194 Jan 26 00:56 /usr/include/c++/7.2.0/x86_64-pc-linux-gnu/bits/opt_random.h
-rw-r--r-- 1 root root 2096 Jan 26 00:56 /usr/include/c++/7.2.0/x86_64-pc-linux-gnu/bits/cxxabi_tweaks.h
-rw-r--r-- 1 root root 24237 Jan 26 00:56 /usr/include/c++/7.2.0/x86_64-pc-linux-gnu/bits/gthr-posix.h
-rw-r--r-- 1 root root 1849 Jan 26 00:56 /usr/include/c++/7.2.0/x86_64-pc-linux-gnu/bits/c++allocator.h
-rw-r--r-- 1 root root 2284 Jan 26 00:56 /usr/include/c++/7.2.0/x86_64-pc-linux-gnu/bits/ctype_inline.h
-rw-r--r-- 1 root root 57969 Jan 26 00:56 /usr/include/c++/7.2.0/x86_64-pc-linux-gnu/bits/c++config.h
-rw-r--r-- 1 root root 2924 Jan 26 00:56 /usr/include/c++/7.2.0/x86_64-pc-linux-gnu/bits/time_members.h
-rw-r--r-- 1 root root 1518 Jan 26 00:56 /usr/include/c++/7.2.0/x86_64-pc-linux-gnu/bits/atomic_word.h
-rw-r--r-- 1 root root 6808 Jan 26 00:56 /usr/include/c++/7.2.0/x86_64-pc-linux-gnu/bits/gthr-single.h
-rw-r--r-- 1 root root 3307 Jan 26 00:56 /usr/include/c++/7.2.0/x86_64-pc-linux-gnu/bits/c++locale.h
-rw-r--r-- 1 root root 1741 Jan 26 00:56 /usr/include/c++/7.2.0/x86_64-pc-linux-gnu/bits/stdtr1c++.h
-rw-r--r-- 1 root root 3442 Jan 26 00:56 /usr/include/c++/7.2.0/x86_64-pc-linux-gnu/bits/basic_file.h
-rw-r--r-- 1 root root 7507 Jan 26 00:56 /usr/include/c++/7.2.0/new
-rw-r--r-- 1 root root 91603 Jan 26 00:56 /usr/include/c++/7.2.0/type_traits
-rw-r--r-- 1 root root 2518 Jan 26 00:56 /usr/include/c++/7.2.0/algorithm
-rw-r--r-- 1 root root 1648 Jan 26 00:56 /usr/include/c++/7.2.0/cassert
-rw-r--r-- 1 root root 2559 Jan 26 00:56 /usr/include/c++/7.2.0/set
-rw-r--r-- 1 root root 4380 Jan 26 00:56 /usr/include/c++/7.2.0/math.h
-rw-r--r-- 1 root root 29558 Jan 26 00:56 /usr/include/c++/7.2.0/streambuf
-rw-r--r-- 1 root root 10312 Jan 26 00:56 /usr/include/c++/7.2.0/thread
-rw-r--r-- 1 root root 1949 Jan 26 00:56 /usr/include/c++/7.2.0/csetjmp
-rw-r--r-- 1 root root 2695 Jan 26 00:56 /usr/include/c++/7.2.0/iostream
-rw-r--r-- 1 root root 11522 Jan 26 00:56 /usr/include/c++/7.2.0/system_error
-rw-r--r-- 1 root root 1576 Jan 26 00:56 /usr/include/c++/7.2.0/parallel/parallel.h
-rw-r--r-- 1 root root 7474 Jan 26 00:56 /usr/include/c++/7.2.0/parallel/partial_sum.h
-rw-r--r-- 1 root root 9612 Jan 26 00:56 /usr/include/c++/7.2.0/parallel/workstealing.h
-rw-r--r-- 1 root root 5982 Jan 26 00:56 /usr/include/c++/7.2.0/parallel/tags.h
-rw-r--r-- 1 root root 6542 Jan 26 00:56 /usr/include/c++/7.2.0/parallel/list_partition.h
-rw-r--r-- 1 root root 6165 Jan 26 00:56 /usr/include/c++/7.2.0/parallel/unique_copy.h
-rw-r--r-- 1 root root 18675 Jan 26 00:56 /usr/include/c++/7.2.0/parallel/random_shuffle.h
-rw-r--r-- 1 root root 9578 Jan 26 00:56 /usr/include/c++/7.2.0/parallel/merge.h
-rw-r--r-- 1 root root 2300 Jan 26 00:56 /usr/include/c++/7.2.0/parallel/checkers.h
-rw-r--r-- 1 root root 3543 Jan 26 00:56 /usr/include/c++/7.2.0/parallel/features.h
-rw-r--r-- 1 root root 5391 Jan 26 00:56 /usr/include/c++/7.2.0/parallel/search.h
-rw-r--r-- 1 root root 20717 Jan 26 00:56 /usr/include/c++/7.2.0/parallel/numeric
-rw-r--r-- 1 root root 15271 Jan 26 00:56 /usr/include/c++/7.2.0/parallel/multiway_mergesort.h
-rw-r--r-- 1 root root 80030 Jan 26 00:56 /usr/include/c++/7.2.0/parallel/algo.h
-rw-r--r-- 1 root root 7500 Jan 26 00:56 /usr/include/c++/7.2.0/parallel/numericfwd.h
-rw-r--r-- 1 root root 7709 Jan 26 00:56 /usr/include/c++/7.2.0/parallel/sort.h
-rw-r--r-- 1 root root 3356 Jan 26 00:56 /usr/include/c++/7.2.0/parallel/equally_split.h
-rw-r--r-- 1 root root 12458 Jan 26 00:56 /usr/include/c++/7.2.0/parallel/settings.h
-rw-r--r-- 1 root root 4227 Jan 26 00:56 /usr/include/c++/7.2.0/parallel/random_number.h
-rw-r--r-- 1 root root 10565 Jan 26 00:56 /usr/include/c++/7.2.0/parallel/for_each_selectors.h
-rw-r--r-- 1 root root 28592 Jan 26 00:56 /usr/include/c++/7.2.0/parallel/losertree.h
-rw-r--r-- 1 root root 14961 Jan 26 00:56 /usr/include/c++/7.2.0/parallel/partition.h
-rw-r--r-- 1 root root 4031 Jan 26 00:56 /usr/include/c++/7.2.0/parallel/omp_loop.h
-rw-r--r-- 1 root root 4104 Jan 26 00:56 /usr/include/c++/7.2.0/parallel/omp_loop_static.h
-rw-r--r-- 1 root root 1381 Jan 26 00:56 /usr/include/c++/7.2.0/parallel/algorithm
-rw-r--r-- 1 root root 70535 Jan 26 00:56 /usr/include/c++/7.2.0/parallel/multiway_merge.h
-rw-r--r-- 1 root root 3790 Jan 26 00:56 /usr/include/c++/7.2.0/parallel/compatibility.h
-rw-r--r-- 1 root root 17155 Jan 26 00:56 /usr/include/c++/7.2.0/parallel/algobase.h
-rw-r--r-- 1 root root 6992 Jan 26 00:56 /usr/include/c++/7.2.0/parallel/find_selectors.h
-rw-r--r-- 1 root root 16952 Jan 26 00:56 /usr/include/c++/7.2.0/parallel/balanced_quicksort.h
-rw-r--r-- 1 root root 12373 Jan 26 00:56 /usr/include/c++/7.2.0/parallel/base.h
-rw-r--r-- 1 root root 32206 Jan 26 00:56 /usr/include/c++/7.2.0/parallel/algorithmfwd.h
-rw-r--r-- 1 root root 13591 Jan 26 00:56 /usr/include/c++/7.2.0/parallel/find.h
-rw-r--r-- 1 root root 4552 Jan 26 00:56 /usr/include/c++/7.2.0/parallel/par_loop.h
-rw-r--r-- 1 root root 14590 Jan 26 00:56 /usr/include/c++/7.2.0/parallel/set_operations.h
-rw-r--r-- 1 root root 2871 Jan 26 00:56 /usr/include/c++/7.2.0/parallel/compiletime_settings.h
-rw-r--r-- 1 root root 5542 Jan 26 00:56 /usr/include/c++/7.2.0/parallel/queue.h
-rw-r--r-- 1 root root 5678 Jan 26 00:56 /usr/include/c++/7.2.0/parallel/iterator.h
-rw-r--r-- 1 root root 3716 Jan 26 00:56 /usr/include/c++/7.2.0/parallel/types.h
-rw-r--r-- 1 root root 1586 Jan 26 00:56 /usr/include/c++/7.2.0/parallel/basic_iterator.h
-rw-r--r-- 1 root root 6126 Jan 26 00:56 /usr/include/c++/7.2.0/parallel/quicksort.h
-rw-r--r-- 1 root root 22075 Jan 26 00:56 /usr/include/c++/7.2.0/parallel/multiseq_selection.h
-rw-r--r-- 1 root root 3947 Jan 26 00:56 /usr/include/c++/7.2.0/parallel/for_each.h
-rw-r--r-- 1 root root 2644 Jan 26 00:56 /usr/include/c++/7.2.0/iterator
-rw-r--r-- 1 root root 54130 Jan 26 00:56 /usr/include/c++/7.2.0/complex
-rw-r--r-- 1 root root 4439 Jan 26 00:56 /usr/include/c++/7.2.0/cstdio
-rw-r--r-- 1 root root 2248 Jan 26 00:56 /usr/include/c++/7.2.0/stdlib.h
-rw-r--r-- 1 root root 1894 Jan 26 00:56 /usr/include/c++/7.2.0/regex
-rw-r--r-- 1 root root 40975 Jan 26 00:56 /usr/include/c++/7.2.0/atomic
-rw-r--r-- 1 root root 4711 Jan 26 00:56 /usr/include/c++/7.2.0/memory
-rw-r--r-- 1 root root 5914 Jan 26 00:56 /usr/include/c++/7.2.0/ext/type_traits.h
-rw-r--r-- 1 root root 111306 Jan 26 00:56 /usr/include/c++/7.2.0/ext/random
-rw-r--r-- 1 root root 6189 Jan 26 00:56 /usr/include/c++/7.2.0/ext/extptr_allocator.h
-rw-r--r-- 1 root root 8782 Jan 26 00:56 /usr/include/c++/7.2.0/ext/stdio_sync_filebuf.h
-rw-r--r-- 1 root root 16353 Jan 26 00:56 /usr/include/c++/7.2.0/ext/codecvt_specializations.h
-rw-r--r-- 1 root root 14292 Jan 26 00:56 /usr/include/c++/7.2.0/ext/functional
-rw-r--r-- 1 root root 3222 Jan 26 00:56 /usr/include/c++/7.2.0/ext/vstring_fwd.h
-rw-r--r-- 1 root root 110573 Jan 26 00:56 /usr/include/c++/7.2.0/ext/vstring.h
-rw-r--r-- 1 root root 5556 Jan 26 00:56 /usr/include/c++/7.2.0/ext/pod_char_traits.h
-rw-r--r-- 1 root root 5767 Jan 26 00:56 /usr/include/c++/7.2.0/ext/vstring_util.h
-rw-r--r-- 1 root root 5670 Jan 26 00:56 /usr/include/c++/7.2.0/ext/stdio_filebuf.h
-rw-r--r-- 1 root root 5658 Jan 26 00:56 /usr/include/c++/7.2.0/ext/alloc_traits.h
-rw-r--r-- 1 root root 4447 Jan 26 00:56 /usr/include/c++/7.2.0/ext/cast.h
-rw-r--r-- 1 root root 7611 Jan 26 00:56 /usr/include/c++/7.2.0/ext/concurrence.h
-rw-r--r-- 1 root root 4731 Jan 26 00:56 /usr/include/c++/7.2.0/ext/numeric
-rw-r--r-- 1 root root 6570 Jan 26 00:56 /usr/include/c++/7.2.0/ext/cmath
-rw-r--r-- 1 root root 16314 Jan 26 00:56 /usr/include/c++/7.2.0/ext/sso_string_base.h
-rw-r--r-- 1 root root 5386 Jan 26 00:56 /usr/include/c++/7.2.0/ext/array_allocator.h
-rw-r--r-- 1 root root 23614 Jan 26 00:56 /usr/include/c++/7.2.0/ext/vstring.tcc
-rw-r--r-- 1 root root 23735 Jan 26 00:56 /usr/include/c++/7.2.0/ext/rc_string_base.h
-rw-r--r-- 1 root root 19290 Jan 26 00:56 /usr/include/c++/7.2.0/ext/algorithm
-rw-r--r-- 1 root root 3509 Jan 26 00:56 /usr/include/c++/7.2.0/ext/atomicity.h
-rw-r--r-- 1 root root 17775 Jan 26 00:56 /usr/include/c++/7.2.0/ext/hash_map
-rw-r--r-- 1 root root 4575 Jan 26 00:56 /usr/include/c++/7.2.0/ext/numeric_traits.h
-rw-r--r-- 1 root root 60247 Jan 26 00:56 /usr/include/c++/7.2.0/ext/random.tcc
-rw-r--r-- 1 root root 4031 Jan 26 00:56 /usr/include/c++/7.2.0/ext/iterator
-rw-r--r-- 1 root root 19681 Jan 26 00:56 /usr/include/c++/7.2.0/ext/pointer.h
-rw-r--r-- 1 root root 3742 Jan 26 00:56 /usr/include/c++/7.2.0/ext/aligned_buffer.h
-rw-r--r-- 1 root root 24537 Jan 26 00:56 /usr/include/c++/7.2.0/ext/throw_allocator.h
-rw-r--r-- 1 root root 7156 Jan 26 00:56 /usr/include/c++/7.2.0/ext/memory
-rw-r--r-- 1 root root 29603 Jan 26 00:56 /usr/include/c++/7.2.0/ext/slist
-rw-r--r-- 1 root root 31892 Jan 26 00:56 /usr/include/c++/7.2.0/ext/bitmap_allocator.h
-rw-r--r-- 1 root root 3311 Jan 26 00:56 /usr/include/c++/7.2.0/ext/rb_tree
-rw-r--r-- 1 root root 4779 Jan 26 00:56 /usr/include/c++/7.2.0/ext/new_allocator.h
-rw-r--r-- 1 root root 87643 Jan 26 00:56 /usr/include/c++/7.2.0/ext/rope
-rw-r--r-- 1 root root 16815 Jan 26 00:56 /usr/include/c++/7.2.0/ext/pb_ds/hash_policy.hpp
-rw-r--r-- 1 root root 12225 Jan 26 00:56 /usr/include/c++/7.2.0/ext/pb_ds/trie_policy.hpp
-rw-r--r-- 1 root root 2988 Jan 26 00:56 /usr/include/c++/7.2.0/ext/pb_ds/exception.hpp
-rw-r--r-- 1 root root 5577 Jan 26 00:56 /usr/include/c++/7.2.0/ext/pb_ds/tree_policy.hpp
-rw-r--r-- 1 root root 5502 Jan 26 00:56 /usr/include/c++/7.2.0/ext/pb_ds/priority_queue.hpp
-rw-r--r-- 1 root root 30110 Jan 26 00:56 /usr/include/c++/7.2.0/ext/pb_ds/assoc_container.hpp
-rw-r--r-- 1 root root 12268 Jan 26 00:56 /usr/include/c++/7.2.0/ext/pb_ds/tag_and_trait.hpp
-rw-r--r-- 1 root root 4368 Jan 26 00:56 /usr/include/c++/7.2.0/ext/pb_ds/list_update_policy.hpp
-rw-r--r-- 1 root root 3806 Jan 26 00:56 /usr/include/c++/7.2.0/ext/pb_ds/detail/unordered_iterator/point_const_iterator.hpp
-rw-r--r-- 1 root root 3345 Jan 26 00:56 /usr/include/c++/7.2.0/ext/pb_ds/detail/unordered_iterator/const_iterator.hpp
-rw-r--r-- 1 root root 3574 Jan 26 00:56 /usr/include/c++/7.2.0/ext/pb_ds/detail/unordered_iterator/point_iterator.hpp
-rw-r--r-- 1 root root 3797 Jan 26 00:56 /usr/include/c++/7.2.0/ext/pb_ds/detail/unordered_iterator/iterator.hpp
-rw-r--r-- 1 root root 3338 Jan 26 00:56 /usr/include/c++/7.2.0/ext/pb_ds/detail/tree_policy/node_metadata_selector.hpp
-rw-r--r-- 1 root root 2346 Jan 26 00:56 /usr/include/c++/7.2.0/ext/pb_ds/detail/tree_policy/sample_tree_node_update.hpp
-rw-r--r-- 1 root root 3723 Jan 26 00:56 /usr/include/c++/7.2.0/ext/pb_ds/detail/tree_policy/order_statistics_imp.hpp
-rw-r--r-- 1 root root 2946 Jan 26 00:56 /usr/include/c++/7.2.0/ext/pb_ds/detail/thin_heap_/constructors_destructor_fn_imps.hpp
-rw-r--r-- 1 root root 3155 Jan 26 00:56 /usr/include/c++/7.2.0/ext/pb_ds/detail/thin_heap_/split_join_fn_imps.hpp
-rw-r--r-- 1 root root 3866 Jan 26 00:56 /usr/include/c++/7.2.0/ext/pb_ds/detail/thin_heap_/debug_fn_imps.hpp
-rw-r--r-- 1 root root 6055 Jan 26 00:56 /usr/include/c++/7.2.0/ext/pb_ds/detail/thin_heap_/erase_fn_imps.hpp
-rw-r--r-- 1 root root 8404 Jan 26 00:56 /usr/include/c++/7.2.0/ext/pb_ds/detail/thin_heap_/thin_heap_.hpp
-rw-r--r-- 1 root root 7483 Jan 26 00:56 /usr/include/c++/7.2.0/ext/pb_ds/detail/thin_heap_/insert_fn_imps.hpp
-rw-r--r-- 1 root root 1952 Jan 26 00:56 /usr/include/c++/7.2.0/ext/pb_ds/detail/thin_heap_/find_fn_imps.hpp
-rw-r--r-- 1 root root 1962 Jan 26 00:56 /usr/include/c++/7.2.0/ext/pb_ds/detail/thin_heap_/trace_fn_imps.hpp
-rw-r--r-- 1 root root 1887 Jan 26 00:56 /usr/include/c++/7.2.0/ext/pb_ds/detail/ov_tree_map_/policy_access_fn_imps.hpp
-rw-r--r-- 1 root root 6869 Jan 26 00:56 /usr/include/c++/7.2.0/ext/pb_ds/detail/ov_tree_map_/constructors_destructor_fn_imps.hpp
-rw-r--r-- 1 root root 4562 Jan 26 00:56 /usr/include/c++/7.2.0/ext/pb_ds/detail/ov_tree_map_/traits.hpp
-rw-r--r-- 1 root root 3774 Jan 26 00:56 /usr/include/c++/7.2.0/ext/pb_ds/detail/ov_tree_map_/split_join_fn_imps.hpp
-rw-r--r-- 1 root root 2818 Jan 26 00:56 /usr/include/c++/7.2.0/ext/pb_ds/detail/ov_tree_map_/debug_fn_imps.hpp
-rw-r--r-- 1 root root 3361 Jan 26 00:56 /usr/include/c++/7.2.0/ext/pb_ds/detail/ov_tree_map_/iterators_fn_imps.hpp
-rw-r--r-- 1 root root 4981 Jan 26 00:56 /usr/include/c++/7.2.0/ext/pb_ds/detail/ov_tree_map_/erase_fn_imps.hpp
-rw-r--r-- 1 root root 15366 Jan 26 00:56 /usr/include/c++/7.2.0/ext/pb_ds/detail/ov_tree_map_/ov_tree_map_.hpp
-rw-r--r-- 1 root root 8811 Jan 26 00:56 /usr/include/c++/7.2.0/ext/pb_ds/detail/ov_tree_map_/node_iterators.hpp
-rw-r--r-- 1 root root 2273 Jan 26 00:56 /usr/include/c++/7.2.0/ext/pb_ds/detail/ov_tree_map_/insert_fn_imps.hpp
-rw-r--r-- 1 root root 2084 Jan 26 00:56 /usr/include/c++/7.2.0/ext/pb_ds/detail/ov_tree_map_/info_fn_imps.hpp
-rw-r--r-- 1 root root 13120 Jan 26 00:56 /usr/include/c++/7.2.0/ext/pb_ds/detail/container_base_dispatch.hpp
-rw-r--r-- 1 root root 8697 Jan 26 00:56 /usr/include/c++/7.2.0/ext/pb_ds/detail/debug_map_base.hpp
-rw-r--r-- 1 root root 1905 Jan 26 00:56 /usr/include/c++/7.2.0/ext/pb_ds/detail/bin_search_tree_/policy_access_fn_imps.hpp
-rw-r--r-- 1 root root 4190 Jan 26 00:56 /usr/include/c++/7.2.0/ext/pb_ds/detail/bin_search_tree_/rotate_fn_imps.hpp
-rw-r--r-- 1 root root 5507 Jan 26 00:56 /usr/include/c++/7.2.0/ext/pb_ds/detail/bin_search_tree_/constructors_destructor_fn_imps.hpp
-rw-r--r-- 1 root root 6378 Jan 26 00:56 /usr/include/c++/7.2.0/ext/pb_ds/detail/bin_search_tree_/traits.hpp
-rw-r--r-- 1 root root 4007 Jan 26 00:56 /usr/include/c++/7.2.0/ext/pb_ds/detail/bin_search_tree_/split_join_fn_imps.hpp
-rw-r--r-- 1 root root 8071 Jan 26 00:56 /usr/include/c++/7.2.0/ext/pb_ds/detail/bin_search_tree_/debug_fn_imps.hpp
-rw-r--r-- 1 root root 3515 Jan 26 00:56 /usr/include/c++/7.2.0/ext/pb_ds/detail/bin_search_tree_/iterators_fn_imps.hpp
-rw-r--r-- 1 root root 2919 Jan 26 00:56 /usr/include/c++/7.2.0/ext/pb_ds/detail/bin_search_tree_/erase_fn_imps.hpp
-rw-r--r-- 1 root root 5997 Jan 26 00:56 /usr/include/c++/7.2.0/ext/pb_ds/detail/bin_search_tree_/node_iterators.hpp
-rw-r--r-- 1 root root 12419 Jan 26 00:56 /usr/include/c++/7.2.0/ext/pb_ds/detail/bin_search_tree_/bin_search_tree_.hpp
-rw-r--r-- 1 root root 5481 Jan 26 00:56 /usr/include/c++/7.2.0/ext/pb_ds/detail/bin_search_tree_/insert_fn_imps.hpp
-rw-r--r-- 1 root root 2080 Jan 26 00:56 /usr/include/c++/7.2.0/ext/pb_ds/detail/bin_search_tree_/info_fn_imps.hpp
-rw-r--r-- 1 root root 4679 Jan 26 00:56 /usr/include/c++/7.2.0/ext/pb_ds/detail/bin_search_tree_/find_fn_imps.hpp
-rw-r--r-- 1 root root 8961 Jan 26 00:56 /usr/include/c++/7.2.0/ext/pb_ds/detail/bin_search_tree_/point_iterators.hpp
-rw-r--r-- 1 root root 2909 Jan 26 00:56 /usr/include/c++/7.2.0/ext/pb_ds/detail/bin_search_tree_/r_erase_fn_imps.hpp
-rw-r--r-- 1 root root 9998 Jan 26 00:56 /usr/include/c++/7.2.0/ext/pb_ds/detail/types_traits.hpp
-rw-r--r-- 1 root root 2215 Jan 26 00:56 /usr/include/c++/7.2.0/ext/pb_ds/detail/pat_trie_/policy_access_fn_imps.hpp
-rw-r--r-- 1 root root 4330 Jan 26 00:56 /usr/include/c++/7.2.0/ext/pb_ds/detail/pat_trie_/rotate_fn_imps.hpp
-rw-r--r-- 1 root root 5712 Jan 26 00:56 /usr/include/c++/7.2.0/ext/pb_ds/detail/pat_trie_/constructors_destructor_fn_imps.hpp
-rw-r--r-- 1 root root 14475 Jan 26 00:56 /usr/include/c++/7.2.0/ext/pb_ds/detail/pat_trie_/insert_join_fn_imps.hpp
-rw-r--r-- 1 root root 6305 Jan 26 00:56 /usr/include/c++/7.2.0/ext/pb_ds/detail/pat_trie_/traits.hpp
-rw-r--r-- 1 root root 37633 Jan 26 00:56 /usr/include/c++/7.2.0/ext/pb_ds/detail/pat_trie_/pat_trie_base.hpp
-rw-r--r-- 1 root root 3791 Jan 26 00:56 /usr/include/c++/7.2.0/ext/pb_ds/detail/pat_trie_/debug_fn_imps.hpp
-rw-r--r-- 1 root root 2042 Jan 26 00:56 /usr/include/c++/7.2.0/ext/pb_ds/detail/pat_trie_/update_fn_imps.hpp
-rw-r--r-- 1 root root 3480 Jan 26 00:56 /usr/include/c++/7.2.0/ext/pb_ds/detail/pat_trie_/iterators_fn_imps.hpp
-rw-r--r-- 1 root root 7945 Jan 26 00:56 /usr/include/c++/7.2.0/ext/pb_ds/detail/pat_trie_/erase_fn_imps.hpp
-rw-r--r-- 1 root root 6718 Jan 26 00:56 /usr/include/c++/7.2.0/ext/pb_ds/detail/pat_trie_/synth_access_traits.hpp
-rw-r--r-- 1 root root 7725 Jan 26 00:56 /usr/include/c++/7.2.0/ext/pb_ds/detail/pat_trie_/split_fn_imps.hpp
-rw-r--r-- 1 root root 16869 Jan 26 00:56 /usr/include/c++/7.2.0/ext/pb_ds/detail/pat_trie_/pat_trie_.hpp
-rw-r--r-- 1 root root 2056 Jan 26 00:56 /usr/include/c++/7.2.0/ext/pb_ds/detail/pat_trie_/info_fn_imps.hpp
-rw-r--r-- 1 root root 7875 Jan 26 00:56 /usr/include/c++/7.2.0/ext/pb_ds/detail/pat_trie_/find_fn_imps.hpp
-rw-r--r-- 1 root root 2920 Jan 26 00:56 /usr/include/c++/7.2.0/ext/pb_ds/detail/pat_trie_/r_erase_fn_imps.hpp
-rw-r--r-- 1 root root 3401 Jan 26 00:56 /usr/include/c++/7.2.0/ext/pb_ds/detail/pat_trie_/trace_fn_imps.hpp
-rw-r--r-- 1 root root 19953 Jan 26 00:56 /usr/include/c++/7.2.0/ext/pb_ds/detail/cc_hash_table_map_/cc_ht_map_.hpp
-rw-r--r-- 1 root root 2148 Jan 26 00:56 /usr/include/c++/7.2.0/ext/pb_ds/detail/cc_hash_table_map_/debug_store_hash_fn_imps.hpp
-rw-r--r-- 1 root root 2481 Jan 26 00:56 /usr/include/c++/7.2.0/ext/pb_ds/detail/cc_hash_table_map_/policy_access_fn_imps.hpp
-rw-r--r-- 1 root root 2765 Jan 26 00:56 /usr/include/c++/7.2.0/ext/pb_ds/detail/cc_hash_table_map_/cmp_fn_imps.hpp
-rw-r--r-- 1 root root 5791 Jan 26 00:56 /usr/include/c++/7.2.0/ext/pb_ds/detail/cc_hash_table_map_/constructor_destructor_fn_imps.hpp
-rw-r--r-- 1 root root 2674 Jan 26 00:56 /usr/include/c++/7.2.0/ext/pb_ds/detail/cc_hash_table_map_/insert_store_hash_fn_imps.hpp
-rw-r--r-- 1 root root 2274 Jan 26 00:56 /usr/include/c++/7.2.0/ext/pb_ds/detail/cc_hash_table_map_/resize_store_hash_fn_imps.hpp
-rw-r--r-- 1 root root 2874 Jan 26 00:56 /usr/include/c++/7.2.0/ext/pb_ds/detail/cc_hash_table_map_/cond_key_dtor_entry_dealtor.hpp
-rw-r--r-- 1 root root 2242 Jan 26 00:56 /usr/include/c++/7.2.0/ext/pb_ds/detail/cc_hash_table_map_/resize_no_store_hash_fn_imps.hpp
-rw-r--r-- 1 root root 2618 Jan 26 00:56 /usr/include/c++/7.2.0/ext/pb_ds/detail/cc_hash_table_map_/insert_no_store_hash_fn_imps.hpp
-rw-r--r-- 1 root root 2109 Jan 26 00:56 /usr/include/c++/7.2.0/ext/pb_ds/detail/cc_hash_table_map_/size_fn_imps.hpp
-rw-r--r-- 1 root root 2000 Jan 26 00:56 /usr/include/c++/7.2.0/ext/pb_ds/detail/cc_hash_table_map_/debug_no_store_hash_fn_imps.hpp
-rw-r--r-- 1 root root 2693 Jan 26 00:56 /usr/include/c++/7.2.0/ext/pb_ds/detail/cc_hash_table_map_/debug_fn_imps.hpp
-rw-r--r-- 1 root root 2664 Jan 26 00:56 /usr/include/c++/7.2.0/ext/pb_ds/detail/cc_hash_table_map_/iterators_fn_imps.hpp
-rw-r--r-- 1 root root 3245 Jan 26 00:56 /usr/include/c++/7.2.0/ext/pb_ds/detail/cc_hash_table_map_/erase_fn_imps.hpp
-rw-r--r-- 1 root root 3264 Jan 26 00:56 /usr/include/c++/7.2.0/ext/pb_ds/detail/cc_hash_table_map_/erase_no_store_hash_fn_imps.hpp
-rw-r--r-- 1 root root 4062 Jan 26 00:56 /usr/include/c++/7.2.0/ext/pb_ds/detail/cc_hash_table_map_/resize_fn_imps.hpp
-rw-r--r-- 1 root root 3225 Jan 26 00:56 /usr/include/c++/7.2.0/ext/pb_ds/detail/cc_hash_table_map_/erase_store_hash_fn_imps.hpp
-rw-r--r-- 1 root root 2226 Jan 26 00:56 /usr/include/c++/7.2.0/ext/pb_ds/detail/cc_hash_table_map_/constructor_destructor_no_store_hash_fn_imps.hpp
-rw-r--r-- 1 root root 2306 Jan 26 00:56 /usr/include/c++/7.2.0/ext/pb_ds/detail/cc_hash_table_map_/constructor_destructor_store_hash_fn_imps.hpp
-rw-r--r-- 1 root root 1896 Jan 26 00:56 /usr/include/c++/7.2.0/ext/pb_ds/detail/cc_hash_table_map_/insert_fn_imps.hpp
-rw-r--r-- 1 root root 3111 Jan 26 00:56 /usr/include/c++/7.2.0/ext/pb_ds/detail/cc_hash_table_map_/info_fn_imps.hpp
-rw-r--r-- 1 root root 2485 Jan 26 00:56 /usr/include/c++/7.2.0/ext/pb_ds/detail/cc_hash_table_map_/find_fn_imps.hpp
-rw-r--r-- 1 root root 2954 Jan 26 00:56 /usr/include/c++/7.2.0/ext/pb_ds/detail/cc_hash_table_map_/entry_list_fn_imps.hpp
-rw-r--r-- 1 root root 1779 Jan 26 00:56 /usr/include/c++/7.2.0/ext/pb_ds/detail/cc_hash_table_map_/find_store_hash_fn_imps.hpp
-rw-r--r-- 1 root root 2363 Jan 26 00:56 /usr/include/c++/7.2.0/ext/pb_ds/detail/cc_hash_table_map_/trace_fn_imps.hpp
-rw-r--r-- 1 root root 2847 Jan 26 00:56 /usr/include/c++/7.2.0/ext/pb_ds/detail/splay_tree_/constructors_destructor_fn_imps.hpp
-rw-r--r-- 1 root root 3351 Jan 26 00:56 /usr/include/c++/7.2.0/ext/pb_ds/detail/splay_tree_/traits.hpp
-rw-r--r-- 1 root root 3634 Jan 26 00:56 /usr/include/c++/7.2.0/ext/pb_ds/detail/splay_tree_/split_join_fn_imps.hpp
-rw-r--r-- 1 root root 2463 Jan 26 00:56 /usr/include/c++/7.2.0/ext/pb_ds/detail/splay_tree_/debug_fn_imps.hpp
-rw-r--r-- 1 root root 8049 Jan 26 00:56 /usr/include/c++/7.2.0/ext/pb_ds/detail/splay_tree_/splay_fn_imps.hpp
-rw-r--r-- 1 root root 4269 Jan 26 00:56 /usr/include/c++/7.2.0/ext/pb_ds/detail/splay_tree_/erase_fn_imps.hpp
-rw-r--r-- 1 root root 3744 Jan 26 00:56 /usr/include/c++/7.2.0/ext/pb_ds/detail/splay_tree_/node.hpp
-rw-r--r-- 1 root root 3353 Jan 26 00:56 /usr/include/c++/7.2.0/ext/pb_ds/detail/splay_tree_/insert_fn_imps.hpp
-rw-r--r-- 1 root root 1689 Jan 26 00:56 /usr/include/c++/7.2.0/ext/pb_ds/detail/splay_tree_/info_fn_imps.hpp
-rw-r--r-- 1 root root 3319 Jan 26 00:56 /usr/include/c++/7.2.0/ext/pb_ds/detail/splay_tree_/find_fn_imps.hpp
-rw-r--r-- 1 root root 9307 Jan 26 00:56 /usr/include/c++/7.2.0/ext/pb_ds/detail/splay_tree_/splay_tree_.hpp
-rw-r--r-- 1 root root 2427 Jan 26 00:56 /usr/include/c++/7.2.0/ext/pb_ds/detail/resize_policy/sample_size_policy.hpp
-rw-r--r-- 1 root root 3578 Jan 26 00:56 /usr/include/c++/7.2.0/ext/pb_ds/detail/resize_policy/sample_resize_policy.hpp
-rw-r--r-- 1 root root 6139 Jan 26 00:56 /usr/include/c++/7.2.0/ext/pb_ds/detail/resize_policy/hash_prime_size_policy_imp.hpp
-rw-r--r-- 1 root root 4899 Jan 26 00:56 /usr/include/c++/7.2.0/ext/pb_ds/detail/resize_policy/cc_hash_max_collision_check_resize_trigger_imp.hpp
-rw-r--r-- 1 root root 6283 Jan 26 00:56 /usr/include/c++/7.2.0/ext/pb_ds/detail/resize_policy/hash_standard_resize_policy_imp.hpp
-rw-r--r-- 1 root root 2970 Jan 26 00:56 /usr/include/c++/7.2.0/ext/pb_ds/detail/resize_policy/hash_load_check_resize_trigger_size_base.hpp
-rw-r--r-- 1 root root 3914 Jan 26 00:56 /usr/include/c++/7.2.0/ext/pb_ds/detail/resize_policy/sample_resize_trigger.hpp
-rw-r--r-- 1 root root 7752 Jan 26 00:56 /usr/include/c++/7.2.0/ext/pb_ds/detail/resize_policy/hash_load_check_resize_trigger_imp.hpp
-rw-r--r-- 1 root root 2772 Jan 26 00:56 /usr/include/c++/7.2.0/ext/pb_ds/detail/resize_policy/hash_exponential_size_policy_imp.hpp
-rw-r--r-- 1 root root 2619 Jan 26 00:56 /usr/include/c++/7.2.0/ext/pb_ds/detail/gp_hash_table_map_/iterator_fn_imps.hpp
-rw-r--r-- 1 root root 2645 Jan 26 00:56 /usr/include/c++/7.2.0/ext/pb_ds/detail/gp_hash_table_map_/debug_store_hash_fn_imps.hpp
-rw-r--r-- 1 root root 2660 Jan 26 00:56 /usr/include/c++/7.2.0/ext/pb_ds/detail/gp_hash_table_map_/policy_access_fn_imps.hpp
-rw-r--r-- 1 root root 20398 Jan 26 00:56 /usr/include/c++/7.2.0/ext/pb_ds/detail/gp_hash_table_map_/gp_ht_map_.hpp
-rw-r--r-- 1 root root 6606 Jan 26 00:56 /usr/include/c++/7.2.0/ext/pb_ds/detail/gp_hash_table_map_/constructor_destructor_fn_imps.hpp
-rw-r--r-- 1 root root 4085 Jan 26 00:56 /usr/include/c++/7.2.0/ext/pb_ds/detail/gp_hash_table_map_/insert_store_hash_fn_imps.hpp
-rw-r--r-- 1 root root 2651 Jan 26 00:56 /usr/include/c++/7.2.0/ext/pb_ds/detail/gp_hash_table_map_/resize_store_hash_fn_imps.hpp
-rw-r--r-- 1 root root 2618 Jan 26 00:56 /usr/include/c++/7.2.0/ext/pb_ds/detail/gp_hash_table_map_/resize_no_store_hash_fn_imps.hpp
-rw-r--r-- 1 root root 3777 Jan 26 00:56 /usr/include/c++/7.2.0/ext/pb_ds/detail/gp_hash_table_map_/insert_no_store_hash_fn_imps.hpp
-rw-r--r-- 1 root root 2505 Jan 26 00:56 /usr/include/c++/7.2.0/ext/pb_ds/detail/gp_hash_table_map_/debug_no_store_hash_fn_imps.hpp
-rw-r--r-- 1 root root 2174 Jan 26 00:56 /usr/include/c++/7.2.0/ext/pb_ds/detail/gp_hash_table_map_/debug_fn_imps.hpp
-rw-r--r-- 1 root root 3204 Jan 26 00:56 /usr/include/c++/7.2.0/ext/pb_ds/detail/gp_hash_table_map_/erase_fn_imps.hpp
-rw-r--r-- 1 root root 2885 Jan 26 00:56 /usr/include/c++/7.2.0/ext/pb_ds/detail/gp_hash_table_map_/erase_no_store_hash_fn_imps.hpp
-rw-r--r-- 1 root root 4157 Jan 26 00:56 /usr/include/c++/7.2.0/ext/pb_ds/detail/gp_hash_table_map_/resize_fn_imps.hpp
-rw-r--r-- 1 root root 2919 Jan 26 00:56 /usr/include/c++/7.2.0/ext/pb_ds/detail/gp_hash_table_map_/erase_store_hash_fn_imps.hpp
-rw-r--r-- 1 root root 2202 Jan 26 00:56 /usr/include/c++/7.2.0/ext/pb_ds/detail/gp_hash_table_map_/constructor_destructor_no_store_hash_fn_imps.hpp
-rw-r--r-- 1 root root 1924 Jan 26 00:56 /usr/include/c++/7.2.0/ext/pb_ds/detail/gp_hash_table_map_/find_no_store_hash_fn_imps.hpp
-rw-r--r-- 1 root root 2269 Jan 26 00:56 /usr/include/c++/7.2.0/ext/pb_ds/detail/gp_hash_table_map_/constructor_destructor_store_hash_fn_imps.hpp
-rw-r--r-- 1 root root 1896 Jan 26 00:56 /usr/include/c++/7.2.0/ext/pb_ds/detail/gp_hash_table_map_/insert_fn_imps.hpp
-rw-r--r-- 1 root root 2108 Jan 26 00:56 /usr/include/c++/7.2.0/ext/pb_ds/detail/gp_hash_table_map_/info_fn_imps.hpp
-rw-r--r-- 1 root root 2478 Jan 26 00:56 /usr/include/c++/7.2.0/ext/pb_ds/detail/gp_hash_table_map_/find_fn_imps.hpp
-rw-r--r-- 1 root root 1780 Jan 26 00:56 /usr/include/c++/7.2.0/ext/pb_ds/detail/gp_hash_table_map_/find_store_hash_fn_imps.hpp
-rw-r--r-- 1 root root 2424 Jan 26 00:56 /usr/include/c++/7.2.0/ext/pb_ds/detail/gp_hash_table_map_/trace_fn_imps.hpp
-rw-r--r-- 1 root root 4140 Jan 26 00:56 /usr/include/c++/7.2.0/ext/pb_ds/detail/priority_queue_base_dispatch.hpp
-rw-r--r-- 1 root root 3584 Jan 26 00:56 /usr/include/c++/7.2.0/ext/pb_ds/detail/list_update_map_/constructor_destructor_fn_imps.hpp
-rw-r--r-- 1 root root 2095 Jan 26 00:56 /usr/include/c++/7.2.0/ext/pb_ds/detail/list_update_map_/debug_fn_imps.hpp
-rw-r--r-- 1 root root 2520 Jan 26 00:56 /usr/include/c++/7.2.0/ext/pb_ds/detail/list_update_map_/iterators_fn_imps.hpp
-rw-r--r-- 1 root root 3482 Jan 26 00:56 /usr/include/c++/7.2.0/ext/pb_ds/detail/list_update_map_/erase_fn_imps.hpp
-rw-r--r-- 1 root root 2117 Jan 26 00:56 /usr/include/c++/7.2.0/ext/pb_ds/detail/list_update_map_/entry_metadata_base.hpp
-rw-r--r-- 1 root root 10393 Jan 26 00:56 /usr/include/c++/7.2.0/ext/pb_ds/detail/list_update_map_/lu_map_.hpp
-rw-r--r-- 1 root root 3510 Jan 26 00:56 /usr/include/c++/7.2.0/ext/pb_ds/detail/list_update_map_/insert_fn_imps.hpp
-rw-r--r-- 1 root root 2074 Jan 26 00:56 /usr/include/c++/7.2.0/ext/pb_ds/detail/list_update_map_/info_fn_imps.hpp
-rw-r--r-- 1 root root 2861 Jan 26 00:56 /usr/include/c++/7.2.0/ext/pb_ds/detail/list_update_map_/find_fn_imps.hpp
-rw-r--r-- 1 root root 2028 Jan 26 00:56 /usr/include/c++/7.2.0/ext/pb_ds/detail/list_update_map_/trace_fn_imps.hpp
-rw-r--r-- 1 root root 2783 Jan 26 00:56 /usr/include/c++/7.2.0/ext/pb_ds/detail/rb_tree_map_/constructors_destructor_fn_imps.hpp
-rw-r--r-- 1 root root 3283 Jan 26 00:56 /usr/include/c++/7.2.0/ext/pb_ds/detail/rb_tree_map_/traits.hpp
-rw-r--r-- 1 root root 7861 Jan 26 00:56 /usr/include/c++/7.2.0/ext/pb_ds/detail/rb_tree_map_/split_join_fn_imps.hpp
-rw-r--r-- 1 root root 7962 Jan 26 00:56 /usr/include/c++/7.2.0/ext/pb_ds/detail/rb_tree_map_/rb_tree_.hpp
-rw-r--r-- 1 root root 2761 Jan 26 00:56 /usr/include/c++/7.2.0/ext/pb_ds/detail/rb_tree_map_/debug_fn_imps.hpp
-rw-r--r-- 1 root root 7051 Jan 26 00:56 /usr/include/c++/7.2.0/ext/pb_ds/detail/rb_tree_map_/erase_fn_imps.hpp
-rw-r--r-- 1 root root 3870 Jan 26 00:56 /usr/include/c++/7.2.0/ext/pb_ds/detail/rb_tree_map_/node.hpp
-rw-r--r-- 1 root root 3867 Jan 26 00:56 /usr/include/c++/7.2.0/ext/pb_ds/detail/rb_tree_map_/insert_fn_imps.hpp
-rw-r--r-- 1 root root 1841 Jan 26 00:56 /usr/include/c++/7.2.0/ext/pb_ds/detail/rb_tree_map_/info_fn_imps.hpp
-rw-r--r-- 1 root root 1703 Jan 26 00:56 /usr/include/c++/7.2.0/ext/pb_ds/detail/rb_tree_map_/find_fn_imps.hpp
-rw-r--r-- 1 root root 10436 Jan 26 00:56 /usr/include/c++/7.2.0/ext/pb_ds/detail/hash_fn/ranged_probe_fn.hpp
-rw-r--r-- 1 root root 1920 Jan 26 00:56 /usr/include/c++/7.2.0/ext/pb_ds/detail/hash_fn/quadratic_probe_fn_imp.hpp
-rw-r--r-- 1 root root 2104 Jan 26 00:56 /usr/include/c++/7.2.0/ext/pb_ds/detail/hash_fn/direct_mask_range_hashing_imp.hpp
-rw-r--r-- 1 root root 2291 Jan 26 00:56 /usr/include/c++/7.2.0/ext/pb_ds/detail/hash_fn/sample_probe_fn.hpp
-rw-r--r-- 1 root root 1913 Jan 26 00:56 /usr/include/c++/7.2.0/ext/pb_ds/detail/hash_fn/linear_probe_fn_imp.hpp
-rw-r--r-- 1 root root 10619 Jan 26 00:56 /usr/include/c++/7.2.0/ext/pb_ds/detail/hash_fn/ranged_hash_fn.hpp
-rw-r--r-- 1 root root 2487 Jan 26 00:56 /usr/include/c++/7.2.0/ext/pb_ds/detail/hash_fn/sample_range_hashing.hpp
-rw-r--r-- 1 root root 2009 Jan 26 00:56 /usr/include/c++/7.2.0/ext/pb_ds/detail/hash_fn/probe_fn_base.hpp
-rw-r--r-- 1 root root 2469 Jan 26 00:56 /usr/include/c++/7.2.0/ext/pb_ds/detail/hash_fn/sample_ranged_hash_fn.hpp
-rw-r--r-- 1 root root 2094 Jan 26 00:56 /usr/include/c++/7.2.0/ext/pb_ds/detail/hash_fn/direct_mod_range_hashing_imp.hpp
-rw-r--r-- 1 root root 2598 Jan 26 00:56 /usr/include/c++/7.2.0/ext/pb_ds/detail/hash_fn/sample_ranged_probe_fn.hpp
-rw-r--r-- 1 root root 3290 Jan 26 00:56 /usr/include/c++/7.2.0/ext/pb_ds/detail/hash_fn/mask_based_range_hashing.hpp
-rw-r--r-- 1 root root 2391 Jan 26 00:56 /usr/include/c++/7.2.0/ext/pb_ds/detail/hash_fn/mod_based_range_hashing.hpp
-rw-r--r-- 1 root root 3821 Jan 26 00:56 /usr/include/c++/7.2.0/ext/pb_ds/detail/eq_fn/hash_eq_fn.hpp
-rw-r--r-- 1 root root 2330 Jan 26 00:56 /usr/include/c++/7.2.0/ext/pb_ds/detail/eq_fn/eq_by_less.hpp
-rw-r--r-- 1 root root 3338 Jan 26 00:56 /usr/include/c++/7.2.0/ext/pb_ds/detail/trie_policy/node_metadata_selector.hpp
-rw-r--r-- 1 root root 4511 Jan 26 00:56 /usr/include/c++/7.2.0/ext/pb_ds/detail/trie_policy/prefix_search_node_update_imp.hpp
-rw-r--r-- 1 root root 2713 Jan 26 00:56 /usr/include/c++/7.2.0/ext/pb_ds/detail/trie_policy/sample_trie_access_traits.hpp
-rw-r--r-- 1 root root 2348 Jan 26 00:56 /usr/include/c++/7.2.0/ext/pb_ds/detail/trie_policy/sample_trie_node_update.hpp
-rw-r--r-- 1 root root 5847 Jan 26 00:56 /usr/include/c++/7.2.0/ext/pb_ds/detail/trie_policy/trie_policy_base.hpp
-rw-r--r-- 1 root root 3051 Jan 26 00:56 /usr/include/c++/7.2.0/ext/pb_ds/detail/trie_policy/trie_string_access_traits_imp.hpp
-rw-r--r-- 1 root root 4701 Jan 26 00:56 /usr/include/c++/7.2.0/ext/pb_ds/detail/trie_policy/order_statistics_imp.hpp
-rw-r--r-- 1 root root 2467 Jan 26 00:56 /usr/include/c++/7.2.0/ext/pb_ds/detail/rc_binomial_heap_/constructors_destructor_fn_imps.hpp
-rw-r--r-- 1 root root 2418 Jan 26 00:56 /usr/include/c++/7.2.0/ext/pb_ds/detail/rc_binomial_heap_/split_join_fn_imps.hpp
-rw-r--r-- 1 root root 5303 Jan 26 00:56 /usr/include/c++/7.2.0/ext/pb_ds/detail/rc_binomial_heap_/rc_binomial_heap_.hpp
-rw-r--r-- 1 root root 3538 Jan 26 00:56 /usr/include/c++/7.2.0/ext/pb_ds/detail/rc_binomial_heap_/debug_fn_imps.hpp
-rw-r--r-- 1 root root 6265 Jan 26 00:56 /usr/include/c++/7.2.0/ext/pb_ds/detail/rc_binomial_heap_/rc.hpp
-rw-r--r-- 1 root root 2889 Jan 26 00:56 /usr/include/c++/7.2.0/ext/pb_ds/detail/rc_binomial_heap_/erase_fn_imps.hpp
-rw-r--r-- 1 root root 4237 Jan 26 00:56 /usr/include/c++/7.2.0/ext/pb_ds/detail/rc_binomial_heap_/insert_fn_imps.hpp
-rw-r--r-- 1 root root 1904 Jan 26 00:56 /usr/include/c++/7.2.0/ext/pb_ds/detail/rc_binomial_heap_/trace_fn_imps.hpp
-rw-r--r-- 1 root root 2379 Jan 26 00:56 /usr/include/c++/7.2.0/ext/pb_ds/detail/branch_policy/null_node_metadata.hpp
-rw-r--r-- 1 root root 3254 Jan 26 00:56 /usr/include/c++/7.2.0/ext/pb_ds/detail/branch_policy/traits.hpp
-rw-r--r-- 1 root root 4031 Jan 26 00:56 /usr/include/c++/7.2.0/ext/pb_ds/detail/branch_policy/branch_policy.hpp
-rw-r--r-- 1 root root 1902 Jan 26 00:56 /usr/include/c++/7.2.0/ext/pb_ds/detail/binary_heap_/policy_access_fn_imps.hpp
-rw-r--r-- 1 root root 4189 Jan 26 00:56 /usr/include/c++/7.2.0/ext/pb_ds/detail/binary_heap_/constructors_destructor_fn_imps.hpp
-rw-r--r-- 1 root root 4447 Jan 26 00:56 /usr/include/c++/7.2.0/ext/pb_ds/detail/binary_heap_/point_const_iterator.hpp
-rw-r--r-- 1 root root 9010 Jan 26 00:56 /usr/include/c++/7.2.0/ext/pb_ds/detail/binary_heap_/binary_heap_.hpp
-rw-r--r-- 1 root root 4923 Jan 26 00:56 /usr/include/c++/7.2.0/ext/pb_ds/detail/binary_heap_/split_join_fn_imps.hpp
-rw-r--r-- 1 root root 2820 Jan 26 00:56 /usr/include/c++/7.2.0/ext/pb_ds/detail/binary_heap_/entry_cmp.hpp
-rw-r--r-- 1 root root 2541 Jan 26 00:56 /usr/include/c++/7.2.0/ext/pb_ds/detail/binary_heap_/debug_fn_imps.hpp
-rw-r--r-- 1 root root 2785 Jan 26 00:56 /usr/include/c++/7.2.0/ext/pb_ds/detail/binary_heap_/entry_pred.hpp
-rw-r--r-- 1 root root 2270 Jan 26 00:56 /usr/include/c++/7.2.0/ext/pb_ds/detail/binary_heap_/iterators_fn_imps.hpp
-rw-r--r-- 1 root root 5504 Jan 26 00:56 /usr/include/c++/7.2.0/ext/pb_ds/detail/binary_heap_/erase_fn_imps.hpp
-rw-r--r-- 1 root root 4338 Jan 26 00:56 /usr/include/c++/7.2.0/ext/pb_ds/detail/binary_heap_/const_iterator.hpp
-rw-r--r-- 1 root root 6133 Jan 26 00:56 /usr/include/c++/7.2.0/ext/pb_ds/detail/binary_heap_/resize_policy.hpp
-rw-r--r-- 1 root root 4978 Jan 26 00:56 /usr/include/c++/7.2.0/ext/pb_ds/detail/binary_heap_/insert_fn_imps.hpp
-rw-r--r-- 1 root root 2062 Jan 26 00:56 /usr/include/c++/7.2.0/ext/pb_ds/detail/binary_heap_/info_fn_imps.hpp
-rw-r--r-- 1 root root 2597 Jan 26 00:56 /usr/include/c++/7.2.0/ext/pb_ds/detail/binary_heap_/find_fn_imps.hpp
-rw-r--r-- 1 root root 2447 Jan 26 00:56 /usr/include/c++/7.2.0/ext/pb_ds/detail/binary_heap_/trace_fn_imps.hpp
-rw-r--r-- 1 root root 2850 Jan 26 00:56 /usr/include/c++/7.2.0/ext/pb_ds/detail/list_update_policy/lu_counter_metadata.hpp
-rw-r--r-- 1 root root 2672 Jan 26 00:56 /usr/include/c++/7.2.0/ext/pb_ds/detail/list_update_policy/sample_update_policy.hpp
-rw-r--r-- 1 root root 2506 Jan 26 00:56 /usr/include/c++/7.2.0/ext/pb_ds/detail/pairing_heap_/constructors_destructor_fn_imps.hpp
-rw-r--r-- 1 root root 3706 Jan 26 00:56 /usr/include/c++/7.2.0/ext/pb_ds/detail/pairing_heap_/split_join_fn_imps.hpp
-rw-r--r-- 1 root root 1996 Jan 26 00:56 /usr/include/c++/7.2.0/ext/pb_ds/detail/pairing_heap_/debug_fn_imps.hpp
-rw-r--r-- 1 root root 7191 Jan 26 00:56 /usr/include/c++/7.2.0/ext/pb_ds/detail/pairing_heap_/erase_fn_imps.hpp
-rw-r--r-- 1 root root 2947 Jan 26 00:56 /usr/include/c++/7.2.0/ext/pb_ds/detail/pairing_heap_/insert_fn_imps.hpp
-rw-r--r-- 1 root root 1937 Jan 26 00:56 /usr/include/c++/7.2.0/ext/pb_ds/detail/pairing_heap_/find_fn_imps.hpp
-rw-r--r-- 1 root root 5517 Jan 26 00:56 /usr/include/c++/7.2.0/ext/pb_ds/detail/pairing_heap_/pairing_heap_.hpp
-rw-r--r-- 1 root root 4319 Jan 26 00:56 /usr/include/c++/7.2.0/ext/pb_ds/detail/type_utils.hpp
-rw-r--r-- 1 root root 1927 Jan 26 00:56 /usr/include/c++/7.2.0/ext/pb_ds/detail/left_child_next_sibling_heap_/policy_access_fn_imps.hpp
-rw-r--r-- 1 root root 4055 Jan 26 00:56 /usr/include/c++/7.2.0/ext/pb_ds/detail/left_child_next_sibling_heap_/constructors_destructor_fn_imps.hpp
-rw-r--r-- 1 root root 4496 Jan 26 00:56 /usr/include/c++/7.2.0/ext/pb_ds/detail/left_child_next_sibling_heap_/point_const_iterator.hpp
-rw-r--r-- 1 root root 8175 Jan 26 00:56 /usr/include/c++/7.2.0/ext/pb_ds/detail/left_child_next_sibling_heap_/left_child_next_sibling_heap_.hpp
-rw-r--r-- 1 root root 4075 Jan 26 00:56 /usr/include/c++/7.2.0/ext/pb_ds/detail/left_child_next_sibling_heap_/debug_fn_imps.hpp
-rw-r--r-- 1 root root 2555 Jan 26 00:56 /usr/include/c++/7.2.0/ext/pb_ds/detail/left_child_next_sibling_heap_/iterators_fn_imps.hpp
-rw-r--r-- 1 root root 3959 Jan 26 00:56 /usr/include/c++/7.2.0/ext/pb_ds/detail/left_child_next_sibling_heap_/erase_fn_imps.hpp
-rw-r--r-- 1 root root 3212 Jan 26 00:56 /usr/include/c++/7.2.0/ext/pb_ds/detail/left_child_next_sibling_heap_/node.hpp
-rw-r--r-- 1 root root 4924 Jan 26 00:56 /usr/include/c++/7.2.0/ext/pb_ds/detail/left_child_next_sibling_heap_/const_iterator.hpp
-rw-r--r-- 1 root root 5201 Jan 26 00:56 /usr/include/c++/7.2.0/ext/pb_ds/detail/left_child_next_sibling_heap_/insert_fn_imps.hpp
-rw-r--r-- 1 root root 2106 Jan 26 00:56 /usr/include/c++/7.2.0/ext/pb_ds/detail/left_child_next_sibling_heap_/info_fn_imps.hpp
-rw-r--r-- 1 root root 2815 Jan 26 00:56 /usr/include/c++/7.2.0/ext/pb_ds/detail/left_child_next_sibling_heap_/trace_fn_imps.hpp
-rw-r--r-- 1 root root 2151 Jan 26 00:56 /usr/include/c++/7.2.0/ext/pb_ds/detail/binomial_heap_/constructors_destructor_fn_imps.hpp
-rw-r--r-- 1 root root 3922 Jan 26 00:56 /usr/include/c++/7.2.0/ext/pb_ds/detail/binomial_heap_/binomial_heap_.hpp
-rw-r--r-- 1 root root 1897 Jan 26 00:56 /usr/include/c++/7.2.0/ext/pb_ds/detail/binomial_heap_/debug_fn_imps.hpp
-rw-r--r-- 1 root root 5031 Jan 26 00:56 /usr/include/c++/7.2.0/ext/pb_ds/detail/standard_policies.hpp
-rw-r--r-- 1 root root 5134 Jan 26 00:56 /usr/include/c++/7.2.0/ext/pb_ds/detail/tree_trace_base.hpp
-rw-r--r-- 1 root root 2724 Jan 26 00:56 /usr/include/c++/7.2.0/ext/pb_ds/detail/cond_dealtor.hpp
-rw-r--r-- 1 root root 6202 Jan 26 00:56 /usr/include/c++/7.2.0/ext/pb_ds/detail/binomial_heap_base_/binomial_heap_base_.hpp
-rw-r--r-- 1 root root 2688 Jan 26 00:56 /usr/include/c++/7.2.0/ext/pb_ds/detail/binomial_heap_base_/constructors_destructor_fn_imps.hpp
-rw-r--r-- 1 root root 5365 Jan 26 00:56 /usr/include/c++/7.2.0/ext/pb_ds/detail/binomial_heap_base_/split_join_fn_imps.hpp
-rw-r--r-- 1 root root 3468 Jan 26 00:56 /usr/include/c++/7.2.0/ext/pb_ds/detail/binomial_heap_base_/debug_fn_imps.hpp
-rw-r--r-- 1 root root 4482 Jan 26 00:56 /usr/include/c++/7.2.0/ext/pb_ds/detail/binomial_heap_base_/erase_fn_imps.hpp
-rw-r--r-- 1 root root 5271 Jan 26 00:56 /usr/include/c++/7.2.0/ext/pb_ds/detail/binomial_heap_base_/insert_fn_imps.hpp
-rw-r--r-- 1 root root 2345 Jan 26 00:56 /usr/include/c++/7.2.0/ext/pb_ds/detail/binomial_heap_base_/find_fn_imps.hpp
-rw-r--r-- 1 root root 17195 Jan 26 00:56 /usr/include/c++/7.2.0/ext/hash_set
-rw-r--r-- 1 root root 48434 Jan 26 00:56 /usr/include/c++/7.2.0/ext/ropeimpl.h
-rw-r--r-- 1 root root 23523 Jan 26 00:56 /usr/include/c++/7.2.0/ext/mt_allocator.h
-rw-r--r-- 1 root root 2247 Jan 26 00:56 /usr/include/c++/7.2.0/ext/enc_filebuf.h
-rw-r--r-- 1 root root 8821 Jan 26 00:56 /usr/include/c++/7.2.0/ext/pool_allocator.h
-rw-r--r-- 1 root root 5086 Jan 26 00:56 /usr/include/c++/7.2.0/ext/malloc_allocator.h
-rw-r--r-- 1 root root 5716 Jan 26 00:56 /usr/include/c++/7.2.0/ext/debug_allocator.h
-rw-r--r-- 1 root root 16835 Jan 26 00:56 /usr/include/c++/7.2.0/ext/typelist.h
-rw-r--r-- 1 root root 3597 Jan 26 00:56 /usr/include/c++/7.2.0/ext/string_conversions.h
-rw-r--r-- 1 root root 6130 Jan 26 00:56 /usr/include/c++/7.2.0/cstdlib
-rw-r--r-- 1 root root 7370 Jan 26 00:56 /usr/include/c++/7.2.0/tr2/bool_set
-rw-r--r-- 1 root root 2130 Jan 26 00:56 /usr/include/c++/7.2.0/tr2/ratio
-rw-r--r-- 1 root root 8319 Jan 26 00:56 /usr/include/c++/7.2.0/tr2/bool_set.tcc
-rw-r--r-- 1 root root 2699 Jan 26 00:56 /usr/include/c++/7.2.0/tr2/type_traits
-rw-r--r-- 1 root root 8925 Jan 26 00:56 /usr/include/c++/7.2.0/tr2/dynamic_bitset.tcc
-rw-r--r-- 1 root root 34144 Jan 26 00:56 /usr/include/c++/7.2.0/tr2/dynamic_bitset
-rw-r--r-- 1 root root 1412 Jan 26 00:56 /usr/include/c++/7.2.0/tr1/cctype
-rw-r--r-- 1 root root 1589 Jan 26 00:56 /usr/include/c++/7.2.0/tr1/random
-rw-r--r-- 1 root root 3929 Jan 26 00:56 /usr/include/c++/7.2.0/tr1/poly_hermite.tcc
-rw-r--r-- 1 root root 41537 Jan 26 00:56 /usr/include/c++/7.2.0/tr1/hashtable.h
-rw-r--r-- 1 root root 3225 Jan 26 00:56 /usr/include/c++/7.2.0/tr1/utility
-rw-r--r-- 1 root root 70799 Jan 26 00:56 /usr/include/c++/7.2.0/tr1/functional
-rw-r--r-- 1 root root 5059 Jan 26 00:56 /usr/include/c++/7.2.0/tr1/special_function_util.h
-rw-r--r-- 1 root root 2256 Jan 26 00:56 /usr/include/c++/7.2.0/tr1/cinttypes
-rw-r--r-- 1 root root 2004 Jan 26 00:56 /usr/include/c++/7.2.0/tr1/cfenv
-rw-r--r-- 1 root root 1214 Jan 26 00:56 /usr/include/c++/7.2.0/tr1/stdarg.h
-rw-r--r-- 1 root root 1574 Jan 26 00:56 /usr/include/c++/7.2.0/tr1/unordered_map
-rw-r--r-- 1 root root 32608 Jan 26 00:56 /usr/include/c++/7.2.0/tr1/shared_ptr.h
-rw-r--r-- 1 root root 1454 Jan 26 00:56 /usr/include/c++/7.2.0/tr1/climits
-rw-r--r-- 1 root root 73193 Jan 26 00:56 /usr/include/c++/7.2.0/tr1/random.h
-rw-r--r-- 1 root root 1248 Jan 26 00:56 /usr/include/c++/7.2.0/tr1/ctgmath
-rw-r--r-- 1 root root 43357 Jan 26 00:56 /usr/include/c++/7.2.0/tr1/cmath
-rw-r--r-- 1 root root 1380 Jan 26 00:56 /usr/include/c++/7.2.0/tr1/cfloat
-rw-r--r-- 1 root root 6964 Jan 26 00:56 /usr/include/c++/7.2.0/tr1/array
-rw-r--r-- 1 root root 1209 Jan 26 00:56 /usr/include/c++/7.2.0/tr1/float.h
-rw-r--r-- 1 root root 9540 Jan 26 00:56 /usr/include/c++/7.2.0/tr1/unordered_set.h
-rw-r--r-- 1 root root 1204 Jan 26 00:56 /usr/include/c++/7.2.0/tr1/fenv.h
-rw-r--r-- 1 root root 1718 Jan 26 00:56 /usr/include/c++/7.2.0/tr1/cwchar
-rw-r--r-- 1 root root 1246 Jan 26 00:56 /usr/include/c++/7.2.0/tr1/cstdarg
-rw-r--r-- 1 root root 12119 Jan 26 00:56 /usr/include/c++/7.2.0/tr1/tuple
-rw-r--r-- 1 root root 19019 Jan 26 00:56 /usr/include/c++/7.2.0/tr1/type_traits
-rw-r--r-- 1 root root 10216 Jan 26 00:56 /usr/include/c++/7.2.0/tr1/unordered_map.h
-rw-r--r-- 1 root root 4553 Jan 26 00:56 /usr/include/c++/7.2.0/tr1/math.h
-rw-r--r-- 1 root root 28070 Jan 26 00:56 /usr/include/c++/7.2.0/tr1/hypergeometric.tcc
-rw-r--r-- 1 root root 1219 Jan 26 00:56 /usr/include/c++/7.2.0/tr1/stdbool.h
-rw-r--r-- 1 root root 53996 Jan 26 00:56 /usr/include/c++/7.2.0/tr1/random.tcc
-rw-r--r-- 1 root root 12384 Jan 26 00:56 /usr/include/c++/7.2.0/tr1/complex
-rw-r--r-- 1 root root 22477 Jan 26 00:56 /usr/include/c++/7.2.0/tr1/bessel_function.tcc
-rw-r--r-- 1 root root 5999 Jan 26 00:56 /usr/include/c++/7.2.0/tr1/beta_function.tcc
-rw-r--r-- 1 root root 10913 Jan 26 00:56 /usr/include/c++/7.2.0/tr1/legendre_function.tcc
-rw-r--r-- 1 root root 1482 Jan 26 00:56 /usr/include/c++/7.2.0/tr1/cstdio
-rw-r--r-- 1 root root 1487 Jan 26 00:56 /usr/include/c++/7.2.0/tr1/stdlib.h
-rw-r--r-- 1 root root 14686 Jan 26 00:56 /usr/include/c++/7.2.0/tr1/gamma.tcc
-rw-r--r-- 1 root root 92945 Jan 26 00:56 /usr/include/c++/7.2.0/tr1/regex
-rw-r--r-- 1 root root 1791 Jan 26 00:56 /usr/include/c++/7.2.0/tr1/memory
-rw-r--r-- 1 root root 1209 Jan 26 00:56 /usr/include/c++/7.2.0/tr1/stdio.h
-rw-r--r-- 1 root root 1796 Jan 26 00:56 /usr/include/c++/7.2.0/tr1/cstdlib
-rw-r--r-- 1 root root 1249 Jan 26 00:56 /usr/include/c++/7.2.0/tr1/wchar.h
-rw-r--r-- 1 root root 1459 Jan 26 00:56 /usr/include/c++/7.2.0/tr1/cwctype
-rw-r--r-- 1 root root 15926 Jan 26 00:56 /usr/include/c++/7.2.0/tr1/modified_bessel_func.tcc
-rw-r--r-- 1 root root 1344 Jan 26 00:56 /usr/include/c++/7.2.0/tr1/cstdbool
-rw-r--r-- 1 root root 1261 Jan 26 00:56 /usr/include/c++/7.2.0/tr1/complex.h
-rw-r--r-- 1 root root 1234 Jan 26 00:56 /usr/include/c++/7.2.0/tr1/ctime
-rw-r--r-- 1 root root 6043 Jan 26 00:56 /usr/include/c++/7.2.0/tr1/functional_hash.h
-rw-r--r-- 1 root root 16010 Jan 26 00:56 /usr/include/c++/7.2.0/tr1/exp_integral.tcc
-rw-r--r-- 1 root root 1255 Jan 26 00:56 /usr/include/c++/7.2.0/tr1/ccomplex
-rw-r--r-- 1 root root 1209 Jan 26 00:56 /usr/include/c++/7.2.0/tr1/ctype.h
-rw-r--r-- 1 root root 1574 Jan 26 00:56 /usr/include/c++/7.2.0/tr1/unordered_set
-rw-r--r-- 1 root root 14067 Jan 26 00:56 /usr/include/c++/7.2.0/tr1/riemann_zeta.tcc
-rw-r--r-- 1 root root 2623 Jan 26 00:56 /usr/include/c++/7.2.0/tr1/cstdint
-rw-r--r-- 1 root root 1255 Jan 26 00:56 /usr/include/c++/7.2.0/tr1/tgmath.h
-rw-r--r-- 1 root root 25085 Jan 26 00:56 /usr/include/c++/7.2.0/tr1/hashtable_policy.h
-rw-r--r-- 1 root root 11680 Jan 26 00:56 /usr/include/c++/7.2.0/tr1/poly_laguerre.tcc
-rw-r--r-- 1 root root 1214 Jan 26 00:56 /usr/include/c++/7.2.0/tr1/stdint.h
-rw-r--r-- 1 root root 27728 Jan 26 00:56 /usr/include/c++/7.2.0/tr1/ell_integral.tcc
-rw-r--r-- 1 root root 1267 Jan 26 00:56 /usr/include/c++/7.2.0/tr1/inttypes.h
-rw-r--r-- 1 root root 1214 Jan 26 00:56 /usr/include/c++/7.2.0/tr1/limits.h
-rw-r--r-- 1 root root 1255 Jan 26 00:56 /usr/include/c++/7.2.0/tr1/wctype.h
-rw-r--r-- 1 root root 8648 Jan 26 00:56 /usr/include/c++/7.2.0/condition_variable
-rw-r--r-- 1 root root 20837 Jan 26 00:56 /usr/include/c++/7.2.0/string_view
-rw-r--r-- 1 root root 2793 Jan 26 00:56 /usr/include/c++/7.2.0/cwctype
-rw-r--r-- 1 root root 1401 Jan 26 00:56 /usr/include/c++/7.2.0/cstdbool
-rw-r--r-- 1 root root 31019 Jan 26 00:56 /usr/include/c++/7.2.0/optional
-rw-r--r-- 1 root root 21977 Jan 26 00:56 /usr/include/c++/7.2.0/ostream
-rw-r--r-- 1 root root 69181 Jan 26 00:56 /usr/include/c++/7.2.0/limits
-rw-r--r-- 1 root root 1461 Jan 26 00:56 /usr/include/c++/7.2.0/complex.h
-rw-r--r-- 1 root root 2125 Jan 26 00:56 /usr/include/c++/7.2.0/ctime
-rw-r--r-- 1 root root 2559 Jan 26 00:56 /usr/include/c++/7.2.0/map
-rw-r--r-- 1 root root 1335 Jan 26 00:56 /usr/include/c++/7.2.0/ccomplex
-rw-r--r-- 1 root root 3093 Jan 26 00:56 /usr/include/c++/7.2.0/typeindex
-rw-r--r-- 1 root root 2665 Jan 26 00:56 /usr/include/c++/7.2.0/deque
-rw-r--r-- 1 root root 1770 Jan 26 00:56 /usr/include/c++/7.2.0/cerrno
-rw-r--r-- 1 root root 1856 Jan 26 00:56 /usr/include/c++/7.2.0/unordered_set
-rw-r--r-- 1 root root 18238 Jan 26 00:56 /usr/include/c++/7.2.0/any
-rw-r--r-- 1 root root 2167 Jan 26 00:56 /usr/include/c++/7.2.0/cstdint
-rw-r--r-- 1 root root 1360 Jan 26 00:56 /usr/include/c++/7.2.0/tgmath.h
-rw-r--r-- 1 root root 1601 Jan 26 00:56 /usr/include/c++/7.2.0/ios
-rw-r--r-- 1 root root 42861 Jan 26 00:56 /usr/include/c++/7.2.0/variant
-rw-r--r-- 1 root root 7838 Jan 26 00:56 /usr/include/c++/7.2.0/bits/regex_automaton.tcc
-rw-r--r-- 1 root root 34058 Jan 26 00:56 /usr/include/c++/7.2.0/bits/deque.tcc
-rw-r--r-- 1 root root 33695 Jan 26 00:56 /usr/include/c++/7.2.0/bits/stl_bvector.h
-rw-r--r-- 1 root root 8660 Jan 26 00:56 /usr/include/c++/7.2.0/bits/node_handle.h
-rw-r--r-- 1 root root 6888 Jan 26 00:56 /usr/include/c++/7.2.0/bits/allocator.h
-rw-r--r-- 1 root root 34432 Jan 26 00:56 /usr/include/c++/7.2.0/bits/stl_set.h
-rw-r--r-- 1 root root 50403 Jan 26 00:56 /usr/include/c++/7.2.0/bits/stl_algobase.h
-rw-r--r-- 1 root root 73303 Jan 26 00:56 /usr/include/c++/7.2.0/bits/hashtable.h
-rw-r--r-- 1 root root 30944 Jan 26 00:56 /usr/include/c++/7.2.0/bits/ios_base.h
-rw-r--r-- 1 root root 18478 Jan 26 00:56 /usr/include/c++/7.2.0/bits/stl_pair.h
-rw-r--r-- 1 root root 18548 Jan 26 00:56 /usr/include/c++/7.2.0/bits/char_traits.h
-rw-r--r-- 1 root root 5646 Jan 26 00:56 /usr/include/c++/7.2.0/bits/localefwd.h
-rw-r--r-- 1 root root 7254 Jan 26 00:56 /usr/include/c++/7.2.0/bits/valarray_array.tcc
-rw-r--r-- 1 root root 12315 Jan 26 00:56 /usr/include/c++/7.2.0/bits/ostream.tcc
-rw-r--r-- 1 root root 2419 Jan 26 00:56 /usr/include/c++/7.2.0/bits/memoryfwd.h
-rw-r--r-- 1 root root 17319 Jan 26 00:56 /usr/include/c++/7.2.0/bits/regex_executor.tcc
-rw-r--r-- 1 root root 3423 Jan 26 00:56 /usr/include/c++/7.2.0/bits/concept_check.h
-rw-r--r-- 1 root root 18901 Jan 26 00:56 /usr/include/c++/7.2.0/bits/regex_compiler.tcc
-rw-r--r-- 1 root root 3254 Jan 26 00:56 /usr/include/c++/7.2.0/bits/functexcept.h
-rw-r--r-- 1 root root 10147 Jan 26 00:56 /usr/include/c++/7.2.0/bits/uniform_int_dist.h
-rw-r--r-- 1 root root 6654 Jan 26 00:56 /usr/include/c++/7.2.0/bits/stream_iterator.h
-rw-r--r-- 1 root root 7769 Jan 26 00:56 /usr/include/c++/7.2.0/bits/gslice_array.h
-rw-r--r-- 1 root root 41543 Jan 26 00:56 /usr/include/c++/7.2.0/bits/stl_iterator.h
-rw-r--r-- 1 root root 22909 Jan 26 00:56 /usr/include/c++/7.2.0/bits/shared_ptr.h
-rw-r--r-- 1 root root 7595 Jan 26 00:56 /usr/include/c++/7.2.0/bits/mask_array.h
-rw-r--r-- 1 root root 21297 Jan 26 00:56 /usr/include/c++/7.2.0/bits/codecvt.h
-rw-r--r-- 1 root root 19585 Jan 26 00:56 /usr/include/c++/7.2.0/bits/alloc_traits.h
-rw-r--r-- 1 root root 12387 Jan 26 00:56 /usr/include/c++/7.2.0/bits/enable_special_members.h
-rw-r--r-- 1 root root 175160 Jan 26 00:56 /usr/include/c++/7.2.0/bits/random.h
-rw-r--r-- 1 root root 7488 Jan 26 00:56 /usr/include/c++/7.2.0/bits/regex_executor.h
-rw-r--r-- 1 root root 8657 Jan 26 00:56 /usr/include/c++/7.2.0/bits/stl_iterator_base_types.h
-rw-r--r-- 1 root root 1475 Jan 26 00:56 /usr/include/c++/7.2.0/bits/c++14_warning.h
-rw-r--r-- 1 root root 2253 Jan 26 00:56 /usr/include/c++/7.2.0/bits/atomic_lockfree_defines.h
-rw-r--r-- 1 root root 33276 Jan 26 00:56 /usr/include/c++/7.2.0/bits/stl_function.h
-rw-r--r-- 1 root root 18513 Jan 26 00:56 /usr/include/c++/7.2.0/bits/valarray_before.h
-rw-r--r-- 1 root root 24897 Jan 26 00:56 /usr/include/c++/7.2.0/bits/locale_classes.h
-rw-r--r-- 1 root root 6571 Jan 26 00:56 /usr/include/c++/7.2.0/bits/string_view.tcc
-rw-r--r-- 1 root root 8071 Jan 26 00:56 /usr/include/c++/7.2.0/bits/stl_iterator_base_funcs.h
-rw-r--r-- 1 root root 2146 Jan 26 00:56 /usr/include/c++/7.2.0/bits/hash_bytes.h
-rw-r--r-- 1 root root 6329 Jan 26 00:56 /usr/include/c++/7.2.0/bits/exception_ptr.h
-rw-r--r-- 1 root root 2280 Jan 26 00:56 /usr/include/c++/7.2.0/bits/exception.h
-rw-r--r-- 1 root root 1811 Jan 26 00:56 /usr/include/c++/7.2.0/bits/cxxabi_forced.h
-rw-r--r-- 1 root root 53824 Jan 26 00:56 /usr/include/c++/7.2.0/bits/unordered_set.h
-rw-r--r-- 1 root root 4929 Jan 26 00:56 /usr/include/c++/7.2.0/bits/streambuf.tcc
-rw-r--r-- 1 root root 14709 Jan 26 00:56 /usr/include/c++/7.2.0/bits/regex_constants.h
-rw-r--r-- 1 root root 32867 Jan 26 00:56 /usr/include/c++/7.2.0/bits/fstream.tcc
-rw-r--r-- 1 root root 4969 Jan 26 00:56 /usr/include/c++/7.2.0/bits/regex_error.h
-rw-r--r-- 1 root root 13832 Jan 26 00:56 /usr/include/c++/7.2.0/bits/stl_numeric.h
-rw-r--r-- 1 root root 9348 Jan 26 00:56 /usr/include/c++/7.2.0/bits/slice_array.h
-rw-r--r-- 1 root root 23842 Jan 26 00:56 /usr/include/c++/7.2.0/bits/atomic_base.h
-rw-r--r-- 1 root root 39511 Jan 26 00:56 /usr/include/c++/7.2.0/bits/stl_multimap.h
-rw-r--r-- 1 root root 96985 Jan 26 00:56 /usr/include/c++/7.2.0/bits/regex.h
-rw-r--r-- 1 root root 34056 Jan 26 00:56 /usr/include/c++/7.2.0/bits/stl_multiset.h
-rw-r--r-- 1 root root 30933 Jan 26 00:56 /usr/include/c++/7.2.0/bits/istream.tcc
-rw-r--r-- 1 root root 8208 Jan 26 00:56 /usr/include/c++/7.2.0/bits/postypes.h
-rw-r--r-- 1 root root 15093 Jan 26 00:56 /usr/include/c++/7.2.0/bits/forward_list.tcc
-rw-r--r-- 1 root root 53803 Jan 26 00:56 /usr/include/c++/7.2.0/bits/shared_ptr_base.h
-rw-r--r-- 1 root root 6383 Jan 26 00:56 /usr/include/c++/7.2.0/bits/uses_allocator.h
-rw-r--r-- 1 root root 12629 Jan 26 00:56 /usr/include/c++/7.2.0/bits/refwrap.h
-rw-r--r-- 1 root root 1475 Jan 26 00:56 /usr/include/c++/7.2.0/bits/c++17_warning.h
-rw-r--r-- 1 root root 9298 Jan 26 00:56 /usr/include/c++/7.2.0/bits/std_mutex.h
-rw-r--r-- 1 root root 68037 Jan 26 00:56 /usr/include/c++/7.2.0/bits/unordered_map.h
-rw-r--r-- 1 root root 65181 Jan 26 00:56 /usr/include/c++/7.2.0/bits/stl_list.h
-rw-r--r-- 1 root root 20206 Jan 26 00:56 /usr/include/c++/7.2.0/bits/stl_heap.h
-rw-r--r-- 1 root root 3266 Jan 26 00:56 /usr/include/c++/7.2.0/bits/std_abs.h
-rw-r--r-- 1 root root 55551 Jan 26 00:56 /usr/include/c++/7.2.0/bits/stl_vector.h
-rw-r--r-- 1 root root 92142 Jan 26 00:56 /usr/include/c++/7.2.0/bits/locale_facets.h
-rw-r--r-- 1 root root 23974 Jan 26 00:56 /usr/include/c++/7.2.0/bits/std_function.h
-rw-r--r-- 1 root root 4860 Jan 26 00:56 /usr/include/c++/7.2.0/bits/ptr_traits.h
-rw-r--r-- 1 root root 45086 Jan 26 00:56 /usr/include/c++/7.2.0/bits/specfun.h
-rw-r--r-- 1 root root 4002 Jan 26 00:56 /usr/include/c++/7.2.0/bits/ostream_insert.h
-rw-r--r-- 1 root root 27538 Jan 26 00:56 /usr/include/c++/7.2.0/bits/vector.tcc
-rw-r--r-- 1 root root 6653 Jan 26 00:56 /usr/include/c++/7.2.0/bits/move.h
-rw-r--r-- 1 root root 16078 Jan 26 00:56 /usr/include/c++/7.2.0/bits/locale_conv.h
-rw-r--r-- 1 root root 105551 Jan 26 00:56 /usr/include/c++/7.2.0/bits/random.tcc
-rw-r--r-- 1 root root 234517 Jan 26 00:56 /usr/include/c++/7.2.0/bits/basic_string.h
-rw-r--r-- 1 root root 9769 Jan 26 00:56 /usr/include/c++/7.2.0/bits/shared_ptr_atomic.h
-rw-r--r-- 1 root root 16075 Jan 26 00:56 /usr/include/c++/7.2.0/bits/basic_ios.h
-rw-r--r-- 1 root root 12624 Jan 26 00:56 /usr/include/c++/7.2.0/bits/streambuf_iterator.h
-rw-r--r-- 1 root root 3516 Jan 26 00:56 /usr/include/c++/7.2.0/bits/allocated_ptr.h
-rw-r--r-- 1 root root 50765 Jan 26 00:56 /usr/include/c++/7.2.0/bits/stl_map.h
-rw-r--r-- 1 root root 11447 Jan 26 00:56 /usr/include/c++/7.2.0/bits/stl_stack.h
-rw-r--r-- 1 root root 52865 Jan 26 00:56 /usr/include/c++/7.2.0/bits/basic_string.tcc
-rw-r--r-- 1 root root 5518 Jan 26 00:56 /usr/include/c++/7.2.0/bits/gslice.h
-rw-r--r-- 1 root root 3830 Jan 26 00:56 /usr/include/c++/7.2.0/bits/stl_raw_storage_iter.h
-rw-r--r-- 1 root root 213859 Jan 26 00:56 /usr/include/c++/7.2.0/bits/stl_algo.h
-rw-r--r-- 1 root root 27048 Jan 26 00:56 /usr/include/c++/7.2.0/bits/boost_concept_check.h
-rw-r--r-- 1 root root 25820 Jan 26 00:56 /usr/include/c++/7.2.0/bits/unique_ptr.h
-rw-r--r-- 1 root root 7763 Jan 26 00:56 /usr/include/c++/7.2.0/bits/parse_numbers.h
-rw-r--r-- 1 root root 2607 Jan 26 00:56 /usr/include/c++/7.2.0/bits/stringfwd.h
-rw-r--r-- 1 root root 15009 Jan 26 00:56 /usr/include/c++/7.2.0/bits/regex_scanner.tcc
-rw-r--r-- 1 root root 45522 Jan 26 00:56 /usr/include/c++/7.2.0/bits/locale_facets_nonio.tcc
-rw-r--r-- 1 root root 9834 Jan 26 00:56 /usr/include/c++/7.2.0/bits/range_access.h
-rw-r--r-- 1 root root 10719 Jan 26 00:56 /usr/include/c++/7.2.0/bits/regex_automaton.h
-rw-r--r-- 1 root root 2156 Jan 26 00:56 /usr/include/c++/7.2.0/bits/cxxabi_init_exception.h
-rw-r--r-- 1 root root 6083 Jan 26 00:56 /usr/include/c++/7.2.0/bits/basic_ios.tcc
-rw-r--r-- 1 root root 7088 Jan 26 00:56 /usr/include/c++/7.2.0/bits/regex_scanner.h
-rw-r--r-- 1 root root 9576 Jan 26 00:56 /usr/include/c++/7.2.0/bits/atomic_futex.h
-rw-r--r-- 1 root root 8375 Jan 26 00:56 /usr/include/c++/7.2.0/bits/locale_classes.tcc
-rw-r--r-- 1 root root 21737 Jan 26 00:56 /usr/include/c++/7.2.0/bits/algorithmfwd.h
-rw-r--r-- 1 root root 22125 Jan 26 00:56 /usr/include/c++/7.2.0/bits/stl_queue.h
-rw-r--r-- 1 root root 21743 Jan 26 00:56 /usr/include/c++/7.2.0/bits/valarray_array.h
-rw-r--r-- 1 root root 27600 Jan 26 00:56 /usr/include/c++/7.2.0/bits/stl_uninitialized.h
-rw-r--r-- 1 root root 17196 Jan 26 00:56 /usr/include/c++/7.2.0/bits/regex_compiler.h
-rw-r--r-- 1 root root 74820 Jan 26 00:56 /usr/include/c++/7.2.0/bits/stl_tree.h
-rw-r--r-- 1 root root 48857 Jan 26 00:56 /usr/include/c++/7.2.0/bits/forward_list.h
-rw-r--r-- 1 root root 8194 Jan 26 00:56 /usr/include/c++/7.2.0/bits/functional_hash.h
-rw-r--r-- 1 root root 15912 Jan 26 00:56 /usr/include/c++/7.2.0/bits/list.tcc
-rw-r--r-- 1 root root 1645 Jan 26 00:56 /usr/include/c++/7.2.0/bits/exception_defines.h
-rw-r--r-- 1 root root 4599 Jan 26 00:56 /usr/include/c++/7.2.0/bits/stl_relops.h
-rw-r--r-- 1 root root 9594 Jan 26 00:56 /usr/include/c++/7.2.0/bits/cpp_type_traits.h
-rw-r--r-- 1 root root 68941 Jan 26 00:56 /usr/include/c++/7.2.0/bits/locale_facets_nonio.h
-rw-r--r-- 1 root root 16486 Jan 26 00:56 /usr/include/c++/7.2.0/bits/regex.tcc
-rw-r--r-- 1 root root 4768 Jan 26 00:56 /usr/include/c++/7.2.0/bits/nested_exception.h
-rw-r--r-- 1 root root 22655 Jan 26 00:56 /usr/include/c++/7.2.0/bits/valarray_after.h
-rw-r--r-- 1 root root 67045 Jan 26 00:56 /usr/include/c++/7.2.0/bits/hashtable_policy.h
-rw-r--r-- 1 root root 1474 Jan 26 00:56 /usr/include/c++/7.2.0/bits/c++0x_warning.h
-rw-r--r-- 1 root root 77771 Jan 26 00:56 /usr/include/c++/7.2.0/bits/stl_deque.h
-rw-r--r-- 1 root root 9490 Jan 26 00:56 /usr/include/c++/7.2.0/bits/sstream.tcc
-rw-r--r-- 1 root root 8344 Jan 26 00:56 /usr/include/c++/7.2.0/bits/stl_tempbuf.h
-rw-r--r-- 1 root root 39568 Jan 26 00:56 /usr/include/c++/7.2.0/bits/locale_facets.tcc
-rw-r--r-- 1 root root 4581 Jan 26 00:56 /usr/include/c++/7.2.0/bits/quoted_string.h
-rw-r--r-- 1 root root 3657 Jan 26 00:56 /usr/include/c++/7.2.0/bits/invoke.h
-rw-r--r-- 1 root root 7861 Jan 26 00:56 /usr/include/c++/7.2.0/bits/indirect_array.h
-rw-r--r-- 1 root root 7397 Jan 26 00:56 /usr/include/c++/7.2.0/bits/stl_construct.h
-rw-r--r-- 1 root root 9083 Jan 26 00:56 /usr/include/c++/7.2.0/bits/predefined_ops.h
-rw-r--r-- 1 root root 18185 Jan 26 00:56 /usr/include/c++/7.2.0/mutex
-rw-r--r-- 1 root root 50660 Jan 26 00:56 /usr/include/c++/7.2.0/future
-rw-r--r-- 1 root root 29700 Jan 26 00:56 /usr/include/c++/7.2.0/chrono
-rw-r--r-- 1 root root 17002 Jan 26 00:56 /usr/include/c++/7.2.0/decimal/decimal.h
-rw-r--r-- 1 root root 17640 Jan 26 00:56 /usr/include/c++/7.2.0/decimal/decimal
