This file contains any messages produced by compilers while
running configure, to aid debugging if configure makes a mistake.

It was created by configure, which was
generated by GNU Autoconf 2.64.  Invocation command line was

  $ ../configure --prefix=/tools --with-sysroot --with-lib-path=/tools/lib --disable-nls --disable-werror

## --------- ##
## Platform. ##
## --------- ##

hostname = localhost.localdomain
uname -m = x86_64
uname -r = 3.10.0-693.11.1.el7.x86_64
uname -s = Linux
uname -v = #1 SMP Mon Dec 4 23:52:40 UTC 2017

/usr/bin/uname -p = x86_64
/bin/uname -X     = unknown

/bin/arch              = x86_64
/usr/bin/arch -k       = unknown
/usr/convex/getsysinfo = unknown
/usr/bin/hostinfo      = unknown
/bin/machine           = unknown
/usr/bin/oslevel       = unknown
/bin/universe          = unknown

PATH: /tools/bin
PATH: /bin
PATH: /usr/bin


## ----------- ##
## Core tests. ##
## ----------- ##

configure:2301: checking build system type
configure:2315: result: x86_64-pc-linux-gnu
configure:2362: checking host system type
configure:2375: result: x86_64-pc-linux-gnu
configure:2395: checking target system type
configure:2408: result: x86_64-pc-linux-gnu
configure:2462: checking for a BSD-compatible install
configure:2530: result: /bin/install -c
configure:2541: checking whether ln works
configure:2563: result: yes
configure:2567: checking whether ln -s works
configure:2571: result: yes
configure:2578: checking for a sed that does not truncate output
configure:2642: result: /bin/sed
configure:2651: checking for gawk
configure:2667: found /bin/gawk
configure:2678: result: gawk
configure:4014: checking for gcc
configure:4041: result: x86_64-lfs-linux-gnu-gcc
configure:4270: checking for C compiler version
configure:4279: x86_64-lfs-linux-gnu-gcc --version >&5
x86_64-lfs-linux-gnu-gcc (GCC) 7.2.0
Copyright (C) 2017 Free Software Foundation, Inc.
This is free software; see the source for copying conditions.  There is NO
warranty; not even for MERCHANTABILITY or FITNESS FOR A PARTICULAR PURPOSE.

configure:4290: $? = 0
configure:4279: x86_64-lfs-linux-gnu-gcc -v >&5
Using built-in specs.
COLLECT_GCC=x86_64-lfs-linux-gnu-gcc
COLLECT_LTO_WRAPPER=/lfsbuild/tools/bin/../libexec/gcc/x86_64-lfs-linux-gnu/7.2.0/lto-wrapper
Target: x86_64-lfs-linux-gnu
Configured with: ../configure --target=x86_64-lfs-linux-gnu --prefix=/tools --with-glibc-version=2.11 --with-sysroot=/lfsbuild --with-newlib --without-headers --with-local-prefix=/tools --with-native-system-header-dir=/tools/include --disable-nls --disable-shared --disable-multilib --disable-decimal-float --disable-threads --disable-libatomic --disable-libgomp --disable-libmpx --disable-libquadmath --disable-libssp --disable-libvtv --disable-libstdcxx --enable-languages=c,c++
Thread model: single
gcc version 7.2.0 (GCC) 
configure:4290: $? = 0
configure:4279: x86_64-lfs-linux-gnu-gcc -V >&5
x86_64-lfs-linux-gnu-gcc: error: unrecognized command line option '-V'
x86_64-lfs-linux-gnu-gcc: fatal error: no input files
compilation terminated.
configure:4290: $? = 1
configure:4279: x86_64-lfs-linux-gnu-gcc -qversion >&5
x86_64-lfs-linux-gnu-gcc: error: unrecognized command line option '-qversion'; did you mean '--version'?
x86_64-lfs-linux-gnu-gcc: fatal error: no input files
compilation terminated.
configure:4290: $? = 1
configure:4310: checking for C compiler default output file name
configure:4332: x86_64-lfs-linux-gnu-gcc    conftest.c  >&5
configure:4336: $? = 0
configure:4373: result: a.out
configure:4389: checking whether the C compiler works
configure:4398: ./a.out
configure:4402: $? = 0
configure:4417: result: yes
configure:4424: checking whether we are cross compiling
configure:4426: result: no
configure:4429: checking for suffix of executables
configure:4436: x86_64-lfs-linux-gnu-gcc -o conftest    conftest.c  >&5
configure:4440: $? = 0
configure:4462: result: 
configure:4468: checking for suffix of object files
configure:4490: x86_64-lfs-linux-gnu-gcc -c   conftest.c >&5
configure:4494: $? = 0
configure:4515: result: o
configure:4519: checking whether we are using the GNU C compiler
configure:4538: x86_64-lfs-linux-gnu-gcc -c   conftest.c >&5
configure:4538: $? = 0
configure:4547: result: yes
configure:4556: checking whether x86_64-lfs-linux-gnu-gcc accepts -g
configure:4576: x86_64-lfs-linux-gnu-gcc -c -g  conftest.c >&5
configure:4576: $? = 0
configure:4617: result: yes
configure:4634: checking for x86_64-lfs-linux-gnu-gcc option to accept ISO C89
configure:4698: x86_64-lfs-linux-gnu-gcc  -c -g -O2  conftest.c >&5
configure:4698: $? = 0
configure:4711: result: none needed
configure:4789: checking for g++
configure:4805: found /bin/g++
configure:4816: result: g++
configure:4843: checking for C++ compiler version
configure:4852: g++ --version >&5
g++ (GCC) 4.8.5 20150623 (Red Hat 4.8.5-16)
Copyright (C) 2015 Free Software Foundation, Inc.
This is free software; see the source for copying conditions.  There is NO
warranty; not even for MERCHANTABILITY or FITNESS FOR A PARTICULAR PURPOSE.

configure:4863: $? = 0
configure:4852: g++ -v >&5
Using built-in specs.
COLLECT_GCC=g++
COLLECT_LTO_WRAPPER=/usr/libexec/gcc/x86_64-redhat-linux/4.8.5/lto-wrapper
Target: x86_64-redhat-linux
Configured with: ../configure --prefix=/usr --mandir=/usr/share/man --infodir=/usr/share/info --with-bugurl=http://bugzilla.redhat.com/bugzilla --enable-bootstrap --enable-shared --enable-threads=posix --enable-checking=release --with-system-zlib --enable-__cxa_atexit --disable-libunwind-exceptions --enable-gnu-unique-object --enable-linker-build-id --with-linker-hash-style=gnu --enable-languages=c,c++,objc,obj-c++,java,fortran,ada,go,lto --enable-plugin --enable-initfini-array --disable-libgcj --with-isl=/builddir/build/BUILD/gcc-4.8.5-20150702/obj-x86_64-redhat-linux/isl-install --with-cloog=/builddir/build/BUILD/gcc-4.8.5-20150702/obj-x86_64-redhat-linux/cloog-install --enable-gnu-indirect-function --with-tune=generic --with-arch_32=x86-64 --build=x86_64-redhat-linux
Thread model: posix
gcc version 4.8.5 20150623 (Red Hat 4.8.5-16) (GCC) 
configure:4863: $? = 0
configure:4852: g++ -V >&5
g++: error: unrecognized command line option '-V'
g++: fatal error: no input files
compilation terminated.
configure:4863: $? = 4
configure:4852: g++ -qversion >&5
g++: error: unrecognized command line option '-qversion'
g++: fatal error: no input files
compilation terminated.
configure:4863: $? = 4
configure:4867: checking whether we are using the GNU C++ compiler
configure:4886: g++ -c   conftest.cpp >&5
configure:4886: $? = 0
configure:4895: result: yes
configure:4904: checking whether g++ accepts -g
configure:4924: g++ -c -g  conftest.cpp >&5
configure:4924: $? = 0
configure:4965: result: yes
configure:5014: checking whether g++ accepts -static-libstdc++ -static-libgcc
configure:5031: g++ -o conftest -g -O2   -static-libstdc++ -static-libgcc conftest.cpp  >&5
/bin/ld: cannot find -lstdc++
collect2: error: ld returned 1 exit status
configure:5031: $? = 1
configure: failed program was:
| /* confdefs.h */
| #define PACKAGE_NAME ""
| #define PACKAGE_TARNAME ""
| #define PACKAGE_VERSION ""
| #define PACKAGE_STRING ""
| #define PACKAGE_BUGREPORT ""
| #define PACKAGE_URL ""
| /* end confdefs.h.  */
| 
| #if (__GNUC__ < 4) || (__GNUC__ == 4 && __GNUC_MINOR__ < 5)
| #error -static-libstdc++ not implemented
| #endif
| int main() {}
configure:5035: result: no
configure:5096: checking for gnatbind
configure:5126: result: no
configure:5188: checking for gnatmake
configure:5218: result: no
configure:5237: checking whether compiler driver understands Ada
configure:5260: result: no
configure:5269: checking how to compare bootstrapped objects
configure:5294: result: cmp --ignore-initial=16 $$f1 $$f2
configure:5354: checking for objdir
configure:5369: result: .libs
configure:5917: checking for isl 0.16, 0.15, or deprecated 0.14
configure:5930: x86_64-lfs-linux-gnu-gcc -o conftest -g -O2      -lisl -lmpc -lmpfr -lgmp conftest.c  -lisl -lgmp >&5
conftest.c:10:10: fatal error: isl/ctx.h: No such file or directory
 #include <isl/ctx.h>
          ^~~~~~~~~~~
compilation terminated.
configure:5930: $? = 1
configure: failed program was:
| /* confdefs.h */
| #define PACKAGE_NAME ""
| #define PACKAGE_TARNAME ""
| #define PACKAGE_VERSION ""
| #define PACKAGE_STRING ""
| #define PACKAGE_BUGREPORT ""
| #define PACKAGE_URL ""
| #define LT_OBJDIR ".libs/"
| /* end confdefs.h.  */
| #include <isl/ctx.h>
| int
| main ()
| {
| isl_ctx_get_max_operations (isl_ctx_alloc ());
|   ;
|   return 0;
| }
configure:5937: result: no
configure:5941: result: recommended isl version is 0.16 or 0.15, the minimum required isl version 0.14 is deprecated
configure:5945: checking for isl 0.16 or 0.15
configure:5958: x86_64-lfs-linux-gnu-gcc -o conftest -g -O2      -lisl -lmpc -lmpfr -lgmp conftest.c  -lisl -lgmp >&5
conftest.c:10:10: fatal error: isl/schedule.h: No such file or directory
 #include <isl/schedule.h>
          ^~~~~~~~~~~~~~~~
compilation terminated.
configure:5958: $? = 1
configure: failed program was:
| /* confdefs.h */
| #define PACKAGE_NAME ""
| #define PACKAGE_TARNAME ""
| #define PACKAGE_VERSION ""
| #define PACKAGE_STRING ""
| #define PACKAGE_BUGREPORT ""
| #define PACKAGE_URL ""
| #define LT_OBJDIR ".libs/"
| /* end confdefs.h.  */
| #include <isl/schedule.h>
| int
| main ()
| {
| isl_options_set_schedule_serialize_sccs (NULL, 0);
|   ;
|   return 0;
| }
configure:5965: result: no
configure:6979: checking for default BUILD_CONFIG
configure:7011: result: 
configure:7016: checking for --enable-vtable-verify
configure:7029: result: no
configure:7629: checking for bison
configure:7645: found /bin/bison
configure:7656: result: bison -y
configure:7676: checking for bison
configure:7692: found /bin/bison
configure:7703: result: bison
configure:7723: checking for gm4
configure:7753: result: no
configure:7723: checking for gnum4
configure:7753: result: no
configure:7723: checking for m4
configure:7739: found /bin/m4
configure:7750: result: m4
configure:7770: checking for flex
configure:7786: found /bin/flex
configure:7797: result: flex
configure:7818: checking for flex
configure:7834: found /bin/flex
configure:7845: result: flex
configure:7865: checking for makeinfo
configure:7881: found /bin/makeinfo
configure:7892: result: makeinfo
configure:7926: checking for expect
configure:7942: found /bin/expect
configure:7953: result: expect
configure:7975: checking for runtest
configure:7991: found /bin/runtest
configure:8002: result: runtest
configure:8039: checking for ar
configure:8066: result: x86_64-lfs-linux-gnu-ar
configure:8261: checking for as
configure:8277: found /bin/as
configure:8288: result: as
configure:8402: checking for dlltool
configure:8432: result: no
configure:8462: checking for ld
configure:8489: result: /lfsbuild/tools/bin/../lib/gcc/x86_64-lfs-linux-gnu/7.2.0/../../../../x86_64-lfs-linux-gnu/bin/ld
configure:8684: checking for lipo
configure:8714: result: no
configure:8825: checking for nm
configure:8841: found /bin/nm
configure:8852: result: nm
configure:8885: checking for ranlib
configure:8912: result: x86_64-lfs-linux-gnu-ranlib
configure:9102: checking for strip
configure:9118: found /bin/strip
configure:9129: result: strip
configure:9238: checking for windres
configure:9268: result: no
configure:9379: checking for windmc
configure:9409: result: no
configure:9520: checking for objcopy
configure:9536: found /bin/objcopy
configure:9547: result: objcopy
configure:9661: checking for objdump
configure:9677: found /bin/objdump
configure:9688: result: objdump
configure:9802: checking for readelf
configure:9818: found /bin/readelf
configure:9829: result: readelf
configure:9982: checking for cc
configure:9998: found /bin/cc
configure:10009: result: cc
configure:10143: checking for c++
configure:10159: found /bin/c++
configure:10170: result: c++
configure:10304: checking for gcc
configure:10320: found /bin/gcc
configure:10331: result: gcc
configure:10460: checking for gfortran
configure:10490: result: no
configure:10621: checking for gccgo
configure:10651: result: no
configure:10862: checking for ar
configure:10878: found /bin/ar
configure:10889: result: ar
configure:11092: checking for as
configure:11108: found /bin/as
configure:11119: result: as
configure:11322: checking for dlltool
configure:11352: result: no
configure:11552: checking for ld
configure:11568: found /bin/ld
configure:11579: result: ld
configure:11782: checking for lipo
configure:11812: result: no
configure:12012: checking for nm
configure:12028: found /bin/nm
configure:12039: result: nm
configure:12242: checking for objcopy
configure:12258: found /bin/objcopy
configure:12269: result: objcopy
configure:12472: checking for objdump
configure:12488: found /bin/objdump
configure:12499: result: objdump
configure:12702: checking for ranlib
configure:12718: found /bin/ranlib
configure:12729: result: ranlib
configure:12932: checking for readelf
configure:12948: found /bin/readelf
configure:12959: result: readelf
configure:13162: checking for strip
configure:13178: found /bin/strip
configure:13189: result: strip
configure:13392: checking for windres
configure:13422: result: no
configure:13622: checking for windmc
configure:13652: result: no
configure:13680: checking where to find the target ar
configure:13703: result: just compiled
configure:13722: checking where to find the target as
configure:13745: result: just compiled
configure:13764: checking where to find the target cc
configure:13797: result: host tool
configure:13806: checking where to find the target c++
configure:13842: result: host tool
configure:13851: checking where to find the target c++ for libstdc++
configure:13887: result: host tool
configure:13896: checking where to find the target dlltool
configure:13919: result: just compiled
configure:13938: checking where to find the target gcc
configure:13971: result: host tool
configure:13980: checking where to find the target gfortran
configure:14016: result: host tool
configure:14025: checking where to find the target gccgo
configure:14061: result: host tool
configure:14070: checking where to find the target ld
configure:14093: result: just compiled
configure:14112: checking where to find the target lipo
configure:14134: result: host tool
configure:14143: checking where to find the target nm
configure:14166: result: just compiled
configure:14185: checking where to find the target objcopy
configure:14208: result: just compiled
configure:14227: checking where to find the target objdump
configure:14250: result: just compiled
configure:14269: checking where to find the target ranlib
configure:14292: result: just compiled
configure:14311: checking where to find the target readelf
configure:14334: result: just compiled
configure:14353: checking where to find the target strip
configure:14376: result: just compiled
configure:14395: checking where to find the target windres
configure:14418: result: just compiled
configure:14437: checking where to find the target windmc
configure:14460: result: just compiled
configure:14507: checking whether to enable maintainer-specific portions of Makefiles
configure:14516: result: no
configure:14774: creating ./config.status

## ---------------------- ##
## Running config.status. ##
## ---------------------- ##

This file was extended by config.status, which was
generated by GNU Autoconf 2.64.  Invocation command line was

  CONFIG_FILES    = 
  CONFIG_HEADERS  = 
  CONFIG_LINKS    = 
  CONFIG_COMMANDS = 
  $ ./config.status 

on localhost.localdomain

config.status:943: creating Makefile

## ---------------- ##
## Cache variables. ##
## ---------------- ##

ac_cv_build=x86_64-pc-linux-gnu
ac_cv_c_compiler_gnu=yes
ac_cv_cxx_compiler_gnu=yes
ac_cv_env_AR_FOR_TARGET_set=
ac_cv_env_AR_FOR_TARGET_value=
ac_cv_env_AR_set=set
ac_cv_env_AR_value=x86_64-lfs-linux-gnu-ar
ac_cv_env_AS_FOR_TARGET_set=
ac_cv_env_AS_FOR_TARGET_value=
ac_cv_env_AS_set=
ac_cv_env_AS_value=
ac_cv_env_CCC_set=
ac_cv_env_CCC_value=
ac_cv_env_CC_FOR_TARGET_set=
ac_cv_env_CC_FOR_TARGET_value=
ac_cv_env_CC_set=set
ac_cv_env_CC_value=x86_64-lfs-linux-gnu-gcc
ac_cv_env_CFLAGS_set=
ac_cv_env_CFLAGS_value=
ac_cv_env_CPPFLAGS_set=
ac_cv_env_CPPFLAGS_value=
ac_cv_env_CXXFLAGS_set=
ac_cv_env_CXXFLAGS_value=
ac_cv_env_CXX_FOR_TARGET_set=
ac_cv_env_CXX_FOR_TARGET_value=
ac_cv_env_CXX_set=
ac_cv_env_CXX_value=
ac_cv_env_DLLTOOL_FOR_TARGET_set=
ac_cv_env_DLLTOOL_FOR_TARGET_value=
ac_cv_env_DLLTOOL_set=
ac_cv_env_DLLTOOL_value=
ac_cv_env_GCC_FOR_TARGET_set=
ac_cv_env_GCC_FOR_TARGET_value=
ac_cv_env_GFORTRAN_FOR_TARGET_set=
ac_cv_env_GFORTRAN_FOR_TARGET_value=
ac_cv_env_GOC_FOR_TARGET_set=
ac_cv_env_GOC_FOR_TARGET_value=
ac_cv_env_LDFLAGS_set=
ac_cv_env_LDFLAGS_value=
ac_cv_env_LD_FOR_TARGET_set=
ac_cv_env_LD_FOR_TARGET_value=
ac_cv_env_LD_set=
ac_cv_env_LD_value=
ac_cv_env_LIBS_set=
ac_cv_env_LIBS_value=
ac_cv_env_LIPO_FOR_TARGET_set=
ac_cv_env_LIPO_FOR_TARGET_value=
ac_cv_env_LIPO_set=
ac_cv_env_LIPO_value=
ac_cv_env_NM_FOR_TARGET_set=
ac_cv_env_NM_FOR_TARGET_value=
ac_cv_env_NM_set=
ac_cv_env_NM_value=
ac_cv_env_OBJCOPY_FOR_TARGET_set=
ac_cv_env_OBJCOPY_FOR_TARGET_value=
ac_cv_env_OBJCOPY_set=
ac_cv_env_OBJCOPY_value=
ac_cv_env_OBJDUMP_FOR_TARGET_set=
ac_cv_env_OBJDUMP_FOR_TARGET_value=
ac_cv_env_OBJDUMP_set=
ac_cv_env_OBJDUMP_value=
ac_cv_env_RANLIB_FOR_TARGET_set=
ac_cv_env_RANLIB_FOR_TARGET_value=
ac_cv_env_RANLIB_set=set
ac_cv_env_RANLIB_value=x86_64-lfs-linux-gnu-ranlib
ac_cv_env_READELF_FOR_TARGET_set=
ac_cv_env_READELF_FOR_TARGET_value=
ac_cv_env_READELF_set=
ac_cv_env_READELF_value=
ac_cv_env_STRIP_FOR_TARGET_set=
ac_cv_env_STRIP_FOR_TARGET_value=
ac_cv_env_STRIP_set=
ac_cv_env_STRIP_value=
ac_cv_env_WINDMC_FOR_TARGET_set=
ac_cv_env_WINDMC_FOR_TARGET_value=
ac_cv_env_WINDMC_set=
ac_cv_env_WINDMC_value=
ac_cv_env_WINDRES_FOR_TARGET_set=
ac_cv_env_WINDRES_FOR_TARGET_value=
ac_cv_env_WINDRES_set=
ac_cv_env_WINDRES_value=
ac_cv_env_build_alias_set=
ac_cv_env_build_alias_value=
ac_cv_env_build_configargs_set=
ac_cv_env_build_configargs_value=
ac_cv_env_host_alias_set=
ac_cv_env_host_alias_value=
ac_cv_env_host_configargs_set=
ac_cv_env_host_configargs_value=
ac_cv_env_target_alias_set=
ac_cv_env_target_alias_value=
ac_cv_env_target_configargs_set=
ac_cv_env_target_configargs_value=
ac_cv_host=x86_64-pc-linux-gnu
ac_cv_objext=o
ac_cv_path_SED=/bin/sed
ac_cv_path_install='/bin/install -c'
ac_cv_prog_AR=x86_64-lfs-linux-gnu-ar
ac_cv_prog_AR_FOR_TARGET=ar
ac_cv_prog_AS=as
ac_cv_prog_AS_FOR_TARGET=as
ac_cv_prog_AWK=gawk
ac_cv_prog_BISON=bison
ac_cv_prog_CC_FOR_TARGET=cc
ac_cv_prog_CXX_FOR_TARGET=c++
ac_cv_prog_EXPECT=expect
ac_cv_prog_FLEX=flex
ac_cv_prog_GCC_FOR_TARGET=gcc
ac_cv_prog_LD=/lfsbuild/tools/bin/../lib/gcc/x86_64-lfs-linux-gnu/7.2.0/../../../../x86_64-lfs-linux-gnu/bin/ld
ac_cv_prog_LD_FOR_TARGET=ld
ac_cv_prog_LEX=flex
ac_cv_prog_M4=m4
ac_cv_prog_MAKEINFO=makeinfo
ac_cv_prog_NM=nm
ac_cv_prog_NM_FOR_TARGET=nm
ac_cv_prog_OBJCOPY=objcopy
ac_cv_prog_OBJCOPY_FOR_TARGET=objcopy
ac_cv_prog_OBJDUMP=objdump
ac_cv_prog_OBJDUMP_FOR_TARGET=objdump
ac_cv_prog_RANLIB=x86_64-lfs-linux-gnu-ranlib
ac_cv_prog_RANLIB_FOR_TARGET=ranlib
ac_cv_prog_READELF=readelf
ac_cv_prog_READELF_FOR_TARGET=readelf
ac_cv_prog_RUNTEST=runtest
ac_cv_prog_STRIP=strip
ac_cv_prog_STRIP_FOR_TARGET=strip
ac_cv_prog_YACC='bison -y'
ac_cv_prog_ac_ct_CC=x86_64-lfs-linux-gnu-gcc
ac_cv_prog_ac_ct_CXX=g++
ac_cv_prog_cc_c89=
ac_cv_prog_cc_g=yes
ac_cv_prog_cxx_g=yes
ac_cv_target=x86_64-pc-linux-gnu
acx_cv_cc_gcc_supports_ada=no
acx_cv_prog_LN=ln
gcc_cv_isl=no
gcc_cv_prog_cmp_skip='cmp --ignore-initial=16 $$f1 $$f2'
gcc_cv_tool_dirs=
gcc_cv_tool_prefix=/tools
lt_cv_objdir=.libs

## ----------------- ##
## Output variables. ##
## ----------------- ##

AR='x86_64-lfs-linux-gnu-ar'
AR_FOR_BUILD='$(AR)'
AR_FOR_TARGET='$$r/$(HOST_SUBDIR)/binutils/ar'
AS='as'
AS_FOR_BUILD='$(AS)'
AS_FOR_TARGET='$$r/$(HOST_SUBDIR)/gas/as-new'
AWK='gawk'
BISON='bison'
BUILD_CONFIG=''
CC='x86_64-lfs-linux-gnu-gcc'
CC_FOR_BUILD='$(CC)'
CC_FOR_TARGET='$(CC)'
CFLAGS='-g -O2'
CFLAGS_FOR_BUILD='-g -O2'
CFLAGS_FOR_TARGET='-g -O2'
COMPILER_AS_FOR_TARGET='$(AS_FOR_TARGET)'
COMPILER_LD_FOR_TARGET='$(LD_FOR_TARGET)'
COMPILER_NM_FOR_TARGET='$(NM_FOR_TARGET)'
CONFIGURE_GDB_TK=''
CPPFLAGS=''
CXX='g++'
CXXFLAGS='-g -O2'
CXXFLAGS_FOR_BUILD='-g -O2'
CXXFLAGS_FOR_TARGET='-g -O2'
CXX_FOR_BUILD='$(CXX)'
CXX_FOR_TARGET='$(CXX)'
DEBUG_PREFIX_CFLAGS_FOR_TARGET=''
DEFS='-DPACKAGE_NAME=\"\" -DPACKAGE_TARNAME=\"\" -DPACKAGE_VERSION=\"\" -DPACKAGE_STRING=\"\" -DPACKAGE_BUGREPORT=\"\" -DPACKAGE_URL=\"\" -DLT_OBJDIR=\".libs/\"'
DLLTOOL='dlltool'
DLLTOOL_FOR_BUILD='$(DLLTOOL)'
DLLTOOL_FOR_TARGET='$$r/$(HOST_SUBDIR)/binutils/dlltool'
ECHO_C=''
ECHO_N='-n'
ECHO_T=''
EXEEXT=''
EXPECT='expect'
FLAGS_FOR_TARGET=' -L$$r/$(HOST_SUBDIR)/ld'
FLEX='flex'
GCC_FOR_TARGET='$()'
GCC_SHLIB_SUBDIR=''
GDB_TK=''
GFORTRAN_FOR_BUILD='$(GFORTRAN)'
GFORTRAN_FOR_TARGET='$(GFORTRAN)'
GNATBIND='no'
GNATMAKE='no'
GOC_FOR_BUILD='$(GOC)'
GOC_FOR_TARGET='$(GOC)'
INSTALL_DATA='${INSTALL} -m 644'
INSTALL_GDB_TK=''
INSTALL_PROGRAM='${INSTALL}'
INSTALL_SCRIPT='${INSTALL}'
LD='/lfsbuild/tools/bin/../lib/gcc/x86_64-lfs-linux-gnu/7.2.0/../../../../x86_64-lfs-linux-gnu/bin/ld'
LDFLAGS=''
LDFLAGS_FOR_BUILD=''
LDFLAGS_FOR_TARGET=''
LD_FOR_BUILD='$(LD)'
LD_FOR_TARGET='$$r/$(HOST_SUBDIR)/ld/ld-new'
LEX='flex'
LIBOBJS=''
LIBS=''
LIPO='lipo'
LIPO_FOR_TARGET='$(LIPO)'
LN='ln'
LN_S='ln -s'
LTLIBOBJS=''
M4='m4'
MAINT='#'
MAINTAINER_MODE_FALSE=''
MAINTAINER_MODE_TRUE='#'
MAKEINFO='makeinfo'
NM='nm'
NM_FOR_BUILD='$(NM)'
NM_FOR_TARGET='$$r/$(HOST_SUBDIR)/binutils/nm-new'
OBJCOPY='objcopy'
OBJCOPY_FOR_TARGET='$$r/$(HOST_SUBDIR)/binutils/objcopy'
OBJDUMP='objdump'
OBJDUMP_FOR_TARGET='$$r/$(HOST_SUBDIR)/binutils/objdump'
OBJEXT='o'
PACKAGE_BUGREPORT=''
PACKAGE_NAME=''
PACKAGE_STRING=''
PACKAGE_TARNAME=''
PACKAGE_URL=''
PACKAGE_VERSION=''
PATH_SEPARATOR=':'
RANLIB='x86_64-lfs-linux-gnu-ranlib'
RANLIB_FOR_BUILD='$(RANLIB)'
RANLIB_FOR_TARGET='$$r/$(HOST_SUBDIR)/binutils/ranlib'
RAW_CXX_FOR_TARGET='$(CXX)'
READELF='readelf'
READELF_FOR_TARGET='$$r/$(HOST_SUBDIR)/binutils/readelf'
RPATH_ENVVAR='LD_LIBRARY_PATH'
RUNTEST='runtest'
SED='/bin/sed'
SHELL='/bin/sh'
STRIP='strip'
STRIP_FOR_TARGET='$$r/$(HOST_SUBDIR)/binutils/strip-new'
SYSROOT_CFLAGS_FOR_TARGET=''
TOPLEVEL_CONFIGURE_ARGUMENTS='../configure --prefix=/tools --with-sysroot --with-lib-path=/tools/lib --disable-nls --disable-werror'
WINDMC='windmc'
WINDMC_FOR_BUILD='$(WINDMC)'
WINDMC_FOR_TARGET='$$r/$(HOST_SUBDIR)/binutils/windmc'
WINDRES='windres'
WINDRES_FOR_BUILD='$(WINDRES)'
WINDRES_FOR_TARGET='$$r/$(HOST_SUBDIR)/binutils/windres'
YACC='bison -y'
ac_ct_CC='x86_64-lfs-linux-gnu-gcc'
ac_ct_CXX='g++'
bindir='${exec_prefix}/bin'
build='x86_64-pc-linux-gnu'
build_alias=''
build_configargs=' --cache-file=./config.cache '\''--prefix=/tools'\'' '\''--with-sysroot'\'' '\''--with-lib-path=/tools/lib'\'' '\''--disable-nls'\'' '\''--disable-werror'\'' --program-transform-name='\''s,y,y,'\'' --disable-option-checking'
build_configdirs=' libiberty'
build_cpu='x86_64'
build_libsubdir='build-x86_64-pc-linux-gnu'
build_noncanonical='x86_64-pc-linux-gnu'
build_os='linux-gnu'
build_subdir='build-x86_64-pc-linux-gnu'
build_tooldir='${exec_prefix}/x86_64-pc-linux-gnu'
build_vendor='pc'
compare_exclusions='gcc/cc*-checksum$(objext) | gcc/ada/*tools/*'
configdirs=' intl libiberty opcodes bfd zlib binutils gas ld gprof etc'
datadir='${datarootdir}'
datarootdir='${prefix}/share'
do_compare='cmp --ignore-initial=16 $$f1 $$f2'
docdir='${datarootdir}/doc/${PACKAGE}'
dvidir='${docdir}'
exec_prefix='${prefix}'
extra_host_libiberty_configure_flags=''
extra_host_zlib_configure_flags=''
extra_isl_gmp_configure_flags=''
extra_liboffloadmic_configure_flags=''
extra_linker_plugin_configure_flags=''
extra_linker_plugin_flags=''
extra_mpc_gmp_configure_flags=''
extra_mpc_mpfr_configure_flags=''
extra_mpfr_configure_flags=''
gmpinc=''
gmplibs='-lmpc -lmpfr -lgmp'
host='x86_64-pc-linux-gnu'
host_alias=''
host_configargs=' --cache-file=./config.cache  --with-gnu-as --with-gnu-ld '\''--prefix=/tools'\'' '\''--with-sysroot'\'' '\''--with-lib-path=/tools/lib'\'' '\''--disable-nls'\'' '\''--disable-werror'\'' --program-transform-name='\''s,y,y,'\'' --disable-option-checking'
host_cpu='x86_64'
host_noncanonical='x86_64-pc-linux-gnu'
host_os='linux-gnu'
host_shared='no'
host_subdir='.'
host_vendor='pc'
htmldir='${docdir}'
includedir='${prefix}/include'
infodir='${datarootdir}/info'
islinc=''
isllibs=''
islver=''
libdir='${exec_prefix}/lib'
libexecdir='${exec_prefix}/libexec'
localedir='${datarootdir}/locale'
localstatedir='${prefix}/var'
mandir='${datarootdir}/man'
oldincludedir='/usr/include'
pdfdir='${docdir}'
poststage1_ldflags='-static-libstdc++ -static-libgcc'
poststage1_libs=''
prefix='/tools'
program_transform_name='s,y,y,'
psdir='${docdir}'
sbindir='${exec_prefix}/sbin'
sharedstatedir='${prefix}/com'
stage1_cflags='-g'
stage1_checking='--enable-checking=yes,types'
stage1_languages=',c,'
stage1_ldflags=''
stage1_libs=''
stage2_werror_flag=''
sysconfdir='${prefix}/etc'
target='x86_64-pc-linux-gnu'
target_alias=''
target_configargs='--cache-file=./config.cache --enable-multilib   '\''--prefix=/tools'\'' '\''--with-sysroot'\'' '\''--with-lib-path=/tools/lib'\'' '\''--disable-nls'\'' '\''--disable-werror'\'' --program-transform-name='\''s,y,y,'\'' --disable-option-checking'
target_configdirs=''
target_cpu='x86_64'
target_noncanonical='x86_64-pc-linux-gnu'
target_os='linux-gnu'
target_subdir='x86_64-pc-linux-gnu'
target_vendor='pc'
tooldir='${exec_prefix}/x86_64-pc-linux-gnu'

## ------------------- ##
## File substitutions. ##
## ------------------- ##

alphaieee_frag='/dev/null'
host_makefile_frag='/dev/null'
ospace_frag='/dev/null'
serialization_dependencies='serdep.tmp'
target_makefile_frag='../config/mt-gnu'

## ----------- ##
## confdefs.h. ##
## ----------- ##

/* confdefs.h */
#define PACKAGE_NAME ""
#define PACKAGE_TARNAME ""
#define PACKAGE_VERSION ""
#define PACKAGE_STRING ""
#define PACKAGE_BUGREPORT ""
#define PACKAGE_URL ""
#define LT_OBJDIR ".libs/"

configure: exit 0
