checking for correct TEA configuration... ok (TEA 3.9)
configure: configuring expect 5.45.3
checking for Tcl configuration... found /tools/lib/tclConfig.sh
checking for existence of /tools/lib/tclConfig.sh... loading
configure: --exec-prefix defaulting to TCL_EXEC_PREFIX /tools
checking for a BSD-compatible install... /bin/install -c
checking for gcc... gcc
checking whether the C compiler works... yes
checking for C compiler default output file name... a.out
checking for suffix of executables... 
checking whether we are cross compiling... no
checking for suffix of object files... o
checking whether we are using the GNU C compiler... yes
checking whether gcc accepts -g... yes
checking for gcc option to accept ISO C89... none needed
checking how to run the C preprocessor... gcc -E
checking whether make sets $(MAKE)... yes
checking for ranlib... ranlib
checking for grep that handles long lines and -e... /bin/grep
checking for egrep... /bin/grep -E
checking for ANSI C header files... yes
checking for sys/types.h... yes
checking for sys/stat.h... yes
checking for stdlib.h... yes
checking for string.h... yes
checking for memory.h... yes
checking for strings.h... yes
checking for inttypes.h... yes
checking for stdint.h... yes
checking for unistd.h... yes
checking if the compiler understands -pipe... yes
checking whether byte ordering is bigendian... no
checking for sin... no
checking for main in -lieee... yes
checking for main in -linet... no
checking net/errno.h usability... no
checking net/errno.h presence... no
checking for net/errno.h... no
checking for connect... yes
checking for gethostbyname... yes
checking dirent.h... yes
checking errno.h usability... yes
checking errno.h presence... yes
checking for errno.h... yes
checking float.h usability... yes
checking float.h presence... yes
checking for float.h... yes
checking values.h usability... yes
checking values.h presence... yes
checking for values.h... yes
checking limits.h usability... yes
checking limits.h presence... yes
checking for limits.h... yes
checking for stdlib.h... (cached) yes
checking for string.h... (cached) yes
checking sys/wait.h usability... yes
checking sys/wait.h presence... yes
checking for sys/wait.h... yes
checking dlfcn.h usability... yes
checking dlfcn.h presence... yes
checking for dlfcn.h... yes
checking sys/param.h usability... yes
checking sys/param.h presence... yes
checking for sys/param.h... yes
checking for Tcl public headers... /tools/include
checking for Tcl private include files... private headers found with public headers
checking for pthread_mutex_init in -lpthread... yes
checking for building with threads... yes (default)
checking how to build libraries... shared
checking if 64bit support is requested... no
checking if 64bit Sparc VIS support is requested... no
checking if compiler supports visibility "hidden"... yes
checking if rpath support is requested... yes
checking system version... Linux-3.10.0-693.11.1.el7.x86_64
checking for ar... ar
checking for required early compiler flags...  _LARGEFILE64_SOURCE
checking for 64-bit integer type... using long
checking for build with symbols... no
checking sys/select.h usability... yes
checking sys/select.h presence... yes
checking for sys/select.h... yes
checking sys/sysmacros.h usability... yes
checking sys/sysmacros.h presence... yes
checking for sys/sysmacros.h... yes
checking varargs.h usability... no
checking varargs.h presence... no
checking for varargs.h... no
checking sys/stropts.h usability... yes
checking sys/stropts.h presence... yes
checking for sys/stropts.h... yes
checking sys/sysconfig.h usability... no
checking sys/sysconfig.h presence... no
checking for sys/sysconfig.h... no
checking sys/fcntl.h usability... yes
checking sys/fcntl.h presence... yes
checking for sys/fcntl.h... yes
checking sys/ptem.h usability... no
checking sys/ptem.h presence... no
checking for sys/ptem.h... no
checking sys/strredir.h usability... no
checking sys/strredir.h presence... no
checking for sys/strredir.h... no
checking sys/strpty.h usability... no
checking sys/strpty.h presence... no
checking for sys/strpty.h... no
checking for sys/bsdtypes.h... no
checking return type of signal handlers... void
checking whether struct tm is in sys/time.h or time.h... time.h
checking sys/time.h usability... yes
checking sys/time.h presence... yes
checking for sys/time.h... yes
checking whether time.h and sys/time.h may both be included... yes
checking for struct tm.tm_zone... yes
checking for gmtime_r... yes
checking for localtime_r... yes
checking tm_tzadj in struct tm... no
checking tm_gmtoff in struct tm... yes
checking long timezone variable... yes
checking union wait... no
checking for gethostname... yes
checking for socket... yes
checking for select... yes
checking for getpseudotty... no
checking for getpseudotty in -lseq... no
checking for openpty... no
checking for openpty in -lutil... yes
checking if running Sequent running SVR4... no
checking build system type... x86_64-unknown-linux-gnu
checking host system type... x86_64-unknown-linux-gnu
checking target system type... x86_64-unknown-linux-gnu
checking for pid_t... yes
checking if running Mach... no
checking if running MachTen... no
checking if on Pyramid... no
checking if on Apollo... no
checking if on Interactive... no
checking stty to use... /bin/stty
checking if stty reads stdout... no
checking if running Solaris... no
checking for memmove... yes
checking for sysconf... yes
checking for strftime... yes
checking for strchr... yes
checking for timezone... yes
checking for siglongjmp... yes
checking for memcpy... yes
checking if WNOHANG requires _POSIX_SOURCE... no
checking if any value exists for WNOHANG... yes
checking mask type of select... none
checking if signals need to be re-armed... no
checking if on Convex... no
checking if on HP... no
checking sane default stty arguments... 
checking for HP style pty allocation... no
checking for HP style pty trapping... no
checking for AIX new-style pty allocation... no
checking for SGI old-style pty allocation... no
checking for SCO style pty allocation... no
checking for SVR4 style pty allocation... yes
checking for libpts="-lpt" in -lpt... no
checking for ptsname... yes
checking for OSF/1 style pty allocation... no
checking for tcgetattr... yes
checking for tcsetattr... yes
checking for struct sgttyb... no
checking for struct termio... yes
checking for struct termios... yes
checking if TCGETS or TCGETA in termios.h... no
checking if TIOCGWINSZ in termios.h... no
checking for Cray-style ptys... no
checking for select... yes
checking for poll... yes
checking event handling... via select
checking for _getpty... no
checking for getpty... no
checking whether setpgrp takes no argument... yes
checking for SV-style timezone... yes
checking for long file names... yes
checking for tclsh... /tools/bin/tclsh8.6
configure: creating ./config.status
config.status: creating Makefile
config.status: WARNING:  '../Makefile.in' seems to ignore the --datarootdir setting
config.status: executing default commands
chmod: cannot access '../install-sh': No such file or directory
=== configuring in testsuite (/lfsbuild/sources/expect5.45.3/build/testsuite)
configure: running /bin/sh ../../testsuite/configure --disable-option-checking '--prefix=/tools'  '--with-tclinclude=/tools/include' '--with-tcl=/tools/lib' --cache-file=/dev/null --srcdir=../../testsuite
checking for correct TEA configuration... ok (TEA 3.9)
configure: configuring exp_test 0.43
checking for Tcl configuration... found /tools/lib/tclConfig.sh
checking for existence of /tools/lib/tclConfig.sh... loading
checking for gcc... gcc
checking for C compiler default output file name... a.out
checking whether the C compiler works... yes
checking whether we are cross compiling... no
checking for suffix of executables... 
checking for suffix of object files... o
checking whether we are using the GNU C compiler... yes
checking whether gcc accepts -g... yes
checking for gcc option to accept ANSI C... none needed
checking how to run the C preprocessor... gcc -E
checking for a BSD-compatible install... /bin/install -c
checking whether make sets $(MAKE)... yes
checking for ranlib... ranlib
checking for egrep... grep -E
checking for ANSI C header files... yes
checking for sys/types.h... yes
checking for sys/stat.h... yes
checking for stdlib.h... yes
checking for string.h... yes
checking for memory.h... yes
checking for strings.h... yes
checking for inttypes.h... yes
checking for stdint.h... yes
checking for unistd.h... yes
checking if the compiler understands -pipe... yes
checking whether byte ordering is bigendian... no
checking for sin... no
checking for main in -lieee... yes
checking for main in -linet... no
checking net/errno.h usability... no
checking net/errno.h presence... no
checking for net/errno.h... no
checking for connect... yes
checking for gethostbyname... yes
checking dirent.h... yes
checking errno.h usability... yes
checking errno.h presence... yes
checking for errno.h... yes
checking float.h usability... yes
checking float.h presence... yes
checking for float.h... yes
checking values.h usability... yes
checking values.h presence... yes
checking for values.h... yes
checking limits.h usability... yes
checking limits.h presence... yes
checking for limits.h... yes
checking for stdlib.h... (cached) yes
checking for string.h... (cached) yes
checking sys/wait.h usability... yes
checking sys/wait.h presence... yes
checking for sys/wait.h... yes
checking dlfcn.h usability... yes
checking dlfcn.h presence... yes
checking for dlfcn.h... yes
checking sys/param.h usability... yes
checking sys/param.h presence... yes
checking for sys/param.h... yes
configure: creating ./config.status
config.status: creating Makefile
