cd man && make DESTDIR="" RPATH_LIST="/tools/lib" all
make[1]: Entering directory `/lfsbuild/sources/ncurses-6.0/build/man'
make[1]: Nothing to be done for `all'.
make[1]: Leaving directory `/lfsbuild/sources/ncurses-6.0/build/man'
cd include && make DESTDIR="" RPATH_LIST="/tools/lib" all
make[1]: Entering directory `/lfsbuild/sources/ncurses-6.0/build/include'
make[1]: Nothing to be done for `all'.
make[1]: Leaving directory `/lfsbuild/sources/ncurses-6.0/build/include'
cd ncurses && make DESTDIR="" RPATH_LIST="/tools/lib" all
make[1]: Entering directory `/lfsbuild/sources/ncurses-6.0/build/ncurses'
linking ../lib/libncursesw.so.6.0
gcc -O2 --param max-inline-insns-single=1200 -shared -Wl,-soname,`basename ../lib/libncursesw.so.6.0 .6.0`.6,-stats,-lc -o ../lib/libncursesw.so.6.0 ../obj_s/hardscroll.o ../obj_s/hashmap.o ../obj_s/lib_addch.o ../obj_s/lib_addstr.o ../obj_s/lib_beep.o ../obj_s/lib_bkgd.o ../obj_s/lib_box.o ../obj_s/lib_chgat.o ../obj_s/lib_clear.o ../obj_s/lib_clearok.o ../obj_s/lib_clrbot.o ../obj_s/lib_clreol.o ../obj_s/lib_color.o ../obj_s/lib_colorset.o ../obj_s/lib_delch.o ../obj_s/lib_delwin.o ../obj_s/lib_echo.o ../obj_s/lib_endwin.o ../obj_s/lib_erase.o ../obj_s/lib_flash.o ../obj_s/lib_gen.o ../obj_s/lib_getch.o ../obj_s/lib_getstr.o ../obj_s/lib_hline.o ../obj_s/lib_immedok.o ../obj_s/lib_inchstr.o ../obj_s/lib_initscr.o ../obj_s/lib_insch.o ../obj_s/lib_insdel.o ../obj_s/lib_insnstr.o ../obj_s/lib_instr.o ../obj_s/lib_isendwin.o ../obj_s/lib_leaveok.o ../obj_s/lib_mouse.o ../obj_s/lib_move.o ../obj_s/lib_mvcur.o ../obj_s/lib_mvwin.o ../obj_s/lib_newterm.o ../obj_s/lib_newwin.o ../obj_s/lib_nl.o ../obj_s/lib_overlay.o ../obj_s/lib_pad.o ../obj_s/lib_printw.o ../obj_s/lib_redrawln.o ../obj_s/lib_refresh.o ../obj_s/lib_restart.o ../obj_s/lib_scanw.o ../obj_s/lib_screen.o ../obj_s/lib_scroll.o ../obj_s/lib_scrollok.o ../obj_s/lib_scrreg.o ../obj_s/lib_set_term.o ../obj_s/lib_slk.o ../obj_s/lib_slkatr_set.o ../obj_s/lib_slkatrof.o ../obj_s/lib_slkatron.o ../obj_s/lib_slkatrset.o ../obj_s/lib_slkattr.o ../obj_s/lib_slkclear.o ../obj_s/lib_slkcolor.o ../obj_s/lib_slkinit.o ../obj_s/lib_slklab.o ../obj_s/lib_slkrefr.o ../obj_s/lib_slkset.o ../obj_s/lib_slktouch.o ../obj_s/lib_touch.o ../obj_s/lib_tstp.o ../obj_s/lib_ungetch.o ../obj_s/lib_vidattr.o ../obj_s/lib_vline.o ../obj_s/lib_wattroff.o ../obj_s/lib_wattron.o ../obj_s/lib_winch.o ../obj_s/lib_window.o ../obj_s/nc_panel.o ../obj_s/safe_sprintf.o ../obj_s/tty_update.o ../obj_s/varargs.o ../obj_s/vsscanf.o ../obj_s/lib_freeall.o ../obj_s/charable.o ../obj_s/lib_add_wch.o ../obj_s/lib_box_set.o ../obj_s/lib_cchar.o ../obj_s/lib_erasewchar.o ../obj_s/lib_get_wch.o ../obj_s/lib_get_wstr.o ../obj_s/lib_hline_set.o ../obj_s/lib_in_wch.o ../obj_s/lib_in_wchnstr.o ../obj_s/lib_ins_wch.o ../obj_s/lib_inwstr.o ../obj_s/lib_key_name.o ../obj_s/lib_pecho_wchar.o ../obj_s/lib_slk_wset.o ../obj_s/lib_unget_wch.o ../obj_s/lib_vid_attr.o ../obj_s/lib_vline_set.o ../obj_s/lib_wacs.o ../obj_s/lib_wunctrl.o ../obj_s/expanded.o ../obj_s/legacy_coding.o ../obj_s/lib_dft_fgbg.o ../obj_s/lib_print.o ../obj_s/resizeterm.o ../obj_s/use_screen.o ../obj_s/use_window.o ../obj_s/wresize.o ../obj_s/access.o ../obj_s/add_tries.o ../obj_s/alloc_ttype.o ../obj_s/codes.o ../obj_s/comp_captab.o ../obj_s/comp_error.o ../obj_s/comp_hash.o ../obj_s/db_iterator.o ../obj_s/doalloc.o ../obj_s/entries.o ../obj_s/fallback.o ../obj_s/free_ttype.o ../obj_s/getenv_num.o ../obj_s/home_terminfo.o ../obj_s/init_keytry.o ../obj_s/lib_acs.o ../obj_s/lib_baudrate.o ../obj_s/lib_cur_term.o ../obj_s/lib_data.o ../obj_s/lib_has_cap.o ../obj_s/lib_kernel.o ../obj_s/lib_keyname.o ../obj_s/lib_longname.o ../obj_s/lib_napms.o ../obj_s/lib_options.o ../obj_s/lib_raw.o ../obj_s/lib_setup.o ../obj_s/lib_termcap.o ../obj_s/lib_termname.o ../obj_s/lib_tgoto.o ../obj_s/lib_ti.o ../obj_s/lib_tparm.o ../obj_s/lib_tputs.o ../obj_s/lib_trace.o ../obj_s/lib_ttyflags.o ../obj_s/lib_twait.o ../obj_s/name_match.o ../obj_s/names.o ../obj_s/obsolete.o ../obj_s/read_entry.o ../obj_s/read_termcap.o ../obj_s/strings.o ../obj_s/tries.o ../obj_s/trim_sgr0.o ../obj_s/unctrl.o ../obj_s/visbuf.o ../obj_s/alloc_entry.o ../obj_s/captoinfo.o ../obj_s/comp_expand.o ../obj_s/comp_parse.o ../obj_s/comp_scan.o ../obj_s/parse_entry.o ../obj_s/write_entry.o ../obj_s/define_key.o ../obj_s/hashed_db.o ../obj_s/key_defined.o ../obj_s/keybound.o ../obj_s/keyok.o ../obj_s/version.o -L../lib  
/lfsbuild/tools/bin/../lib/gcc/x86_64-pc-linux-gnu/7.2.0/../../../../x86_64-pc-linux-gnu/bin/ld: total time in link: 0.040430
/lfsbuild/tools/bin/../lib/gcc/x86_64-pc-linux-gnu/7.2.0/../../../../x86_64-pc-linux-gnu/bin/ld: data size 7843840
cd ../lib && (ln -s -f libncursesw.so.6.0 libncursesw.so.6; ln -s -f libncursesw.so.6 libncursesw.so; )
make[1]: Leaving directory `/lfsbuild/sources/ncurses-6.0/build/ncurses'
cd progs && make DESTDIR="" RPATH_LIST="/tools/lib" all
make[1]: Entering directory `/lfsbuild/sources/ncurses-6.0/build/progs'
gcc ../obj_s/tic.o ../obj_s/dump_entry.o ../obj_s/tparm_type.o ../obj_s/transform.o -L../lib  -DHAVE_CONFIG_H -I. -I../../progs -I../include -I../../progs/../include  -D_GNU_SOURCE -DNDEBUG -O2 --param max-inline-insns-single=1200 -fPIC  -L../lib  -lncursesw -lncursesw    -o tic
gcc ../obj_s/infocmp.o ../obj_s/dump_entry.o -L../lib  -DHAVE_CONFIG_H -I. -I../../progs -I../include -I../../progs/../include  -D_GNU_SOURCE -DNDEBUG -O2 --param max-inline-insns-single=1200 -fPIC  -L../lib  -lncursesw -lncursesw    -o infocmp
gcc ../obj_s/clear.o -L../lib  -DHAVE_CONFIG_H -I. -I../../progs -I../include -I../../progs/../include  -D_GNU_SOURCE -DNDEBUG -O2 --param max-inline-insns-single=1200 -fPIC  -lncursesw    -o clear
gcc ../obj_s/tput.o ../obj_s/tparm_type.o ../obj_s/transform.o -L../lib  -DHAVE_CONFIG_H -I. -I../../progs -I../include -I../../progs/../include  -D_GNU_SOURCE -DNDEBUG -O2 --param max-inline-insns-single=1200 -fPIC  -lncursesw    -o tput
gcc ../obj_s/tset.o ../obj_s/transform.o -L../lib  -DHAVE_CONFIG_H -I. -I../../progs -I../include -I../../progs/../include  -D_GNU_SOURCE -DNDEBUG -O2 --param max-inline-insns-single=1200 -fPIC  -lncursesw    -o tset
gcc ../obj_s/toe.o -L../lib  -DHAVE_CONFIG_H -I. -I../../progs -I../include -I../../progs/../include  -D_GNU_SOURCE -DNDEBUG -O2 --param max-inline-insns-single=1200 -fPIC  -L../lib  -lncursesw -lncursesw    -o toe
make[1]: Leaving directory `/lfsbuild/sources/ncurses-6.0/build/progs'
cd panel && make DESTDIR="" RPATH_LIST="/tools/lib" all
make[1]: Entering directory `/lfsbuild/sources/ncurses-6.0/build/panel'
linking ../lib/libpanelw.so.6.0
gcc -O2 --param max-inline-insns-single=1200 -shared -Wl,-soname,`basename ../lib/libpanelw.so.6.0 .6.0`.6,-stats,-lc -o ../lib/libpanelw.so.6.0 ../obj_s/panel.o ../obj_s/p_above.o ../obj_s/p_below.o ../obj_s/p_bottom.o ../obj_s/p_delete.o ../obj_s/p_hide.o ../obj_s/p_hidden.o ../obj_s/p_move.o ../obj_s/p_new.o ../obj_s/p_replace.o ../obj_s/p_show.o ../obj_s/p_top.o ../obj_s/p_update.o ../obj_s/p_user.o ../obj_s/p_win.o -L../lib -lncursesw  
/lfsbuild/tools/bin/../lib/gcc/x86_64-pc-linux-gnu/7.2.0/../../../../x86_64-pc-linux-gnu/bin/ld: total time in link: 0.018725
/lfsbuild/tools/bin/../lib/gcc/x86_64-pc-linux-gnu/7.2.0/../../../../x86_64-pc-linux-gnu/bin/ld: data size 4542464
cd ../lib && (ln -s -f libpanelw.so.6.0 libpanelw.so.6; ln -s -f libpanelw.so.6 libpanelw.so; )
make[1]: Leaving directory `/lfsbuild/sources/ncurses-6.0/build/panel'
cd menu && make DESTDIR="" RPATH_LIST="/tools/lib" all
make[1]: Entering directory `/lfsbuild/sources/ncurses-6.0/build/menu'
linking ../lib/libmenuw.so.6.0
gcc -O2 --param max-inline-insns-single=1200 -shared -Wl,-soname,`basename ../lib/libmenuw.so.6.0 .6.0`.6,-stats,-lc -o ../lib/libmenuw.so.6.0 ../obj_s/m_attribs.o ../obj_s/m_cursor.o ../obj_s/m_driver.o ../obj_s/m_format.o ../obj_s/m_global.o ../obj_s/m_hook.o ../obj_s/m_item_cur.o ../obj_s/m_item_nam.o ../obj_s/m_item_new.o ../obj_s/m_item_opt.o ../obj_s/m_item_top.o ../obj_s/m_item_use.o ../obj_s/m_item_val.o ../obj_s/m_item_vis.o ../obj_s/m_items.o ../obj_s/m_new.o ../obj_s/m_opts.o ../obj_s/m_pad.o ../obj_s/m_pattern.o ../obj_s/m_post.o ../obj_s/m_req_name.o ../obj_s/m_scale.o ../obj_s/m_spacing.o ../obj_s/m_sub.o ../obj_s/m_userptr.o ../obj_s/m_win.o -L../lib -lncursesw  
/lfsbuild/tools/bin/../lib/gcc/x86_64-pc-linux-gnu/7.2.0/../../../../x86_64-pc-linux-gnu/bin/ld: total time in link: 0.019725
/lfsbuild/tools/bin/../lib/gcc/x86_64-pc-linux-gnu/7.2.0/../../../../x86_64-pc-linux-gnu/bin/ld: data size 4784128
cd ../lib && (ln -s -f libmenuw.so.6.0 libmenuw.so.6; ln -s -f libmenuw.so.6 libmenuw.so; )
make[1]: Leaving directory `/lfsbuild/sources/ncurses-6.0/build/menu'
cd form && make DESTDIR="" RPATH_LIST="/tools/lib" all
make[1]: Entering directory `/lfsbuild/sources/ncurses-6.0/build/form'
linking ../lib/libformw.so.6.0
gcc -O2 --param max-inline-insns-single=1200 -shared -Wl,-soname,`basename ../lib/libformw.so.6.0 .6.0`.6,-stats,-lc -o ../lib/libformw.so.6.0 ../obj_s/fld_arg.o ../obj_s/fld_attr.o ../obj_s/fld_current.o ../obj_s/fld_def.o ../obj_s/fld_dup.o ../obj_s/fld_ftchoice.o ../obj_s/fld_ftlink.o ../obj_s/fld_info.o ../obj_s/fld_just.o ../obj_s/fld_link.o ../obj_s/fld_max.o ../obj_s/fld_move.o ../obj_s/fld_newftyp.o ../obj_s/fld_opts.o ../obj_s/fld_pad.o ../obj_s/fld_page.o ../obj_s/fld_stat.o ../obj_s/fld_type.o ../obj_s/fld_user.o ../obj_s/frm_cursor.o ../obj_s/frm_data.o ../obj_s/frm_def.o ../obj_s/frm_driver.o ../obj_s/frm_hook.o ../obj_s/frm_opts.o ../obj_s/frm_page.o ../obj_s/frm_post.o ../obj_s/frm_req_name.o ../obj_s/frm_scale.o ../obj_s/frm_sub.o ../obj_s/frm_user.o ../obj_s/frm_win.o ../obj_s/fty_alnum.o ../obj_s/fty_alpha.o ../obj_s/fty_enum.o ../obj_s/fty_generic.o ../obj_s/fty_int.o ../obj_s/fty_ipv4.o ../obj_s/fty_num.o ../obj_s/fty_regex.o -L../lib -lncursesw  
/lfsbuild/tools/bin/../lib/gcc/x86_64-pc-linux-gnu/7.2.0/../../../../x86_64-pc-linux-gnu/bin/ld: total time in link: 0.021165
/lfsbuild/tools/bin/../lib/gcc/x86_64-pc-linux-gnu/7.2.0/../../../../x86_64-pc-linux-gnu/bin/ld: data size 5054464
cd ../lib && (ln -s -f libformw.so.6.0 libformw.so.6; ln -s -f libformw.so.6 libformw.so; )
make[1]: Leaving directory `/lfsbuild/sources/ncurses-6.0/build/form'
cd test && make DESTDIR="" RPATH_LIST="/tools/lib" all
make[1]: Entering directory `/lfsbuild/sources/ncurses-6.0/build/test'
gcc -O2 --param max-inline-insns-single=1200  -o background ../obj_s/background.o -Wl,-rpath,/lfsbuild/sources/ncurses-6.0/build/lib  -I. -I../../test -I../test -DHAVE_CONFIG_H -I. -I../../test -I../include -I../../test/../include  -D_GNU_SOURCE -DNDEBUG -O2 --param max-inline-insns-single=1200  -fPIC  `echo "-L../lib -lformw -lmenuw -lpanelw -lncursesw   " | sed -e 's/-lform.*-lpanel[^ ]*//'` -lutil -lm
gcc -O2 --param max-inline-insns-single=1200  -o blue ../obj_s/blue.o -Wl,-rpath,/lfsbuild/sources/ncurses-6.0/build/lib  -I. -I../../test -I../test -DHAVE_CONFIG_H -I. -I../../test -I../include -I../../test/../include  -D_GNU_SOURCE -DNDEBUG -O2 --param max-inline-insns-single=1200  -fPIC  `echo "-L../lib -lformw -lmenuw -lpanelw -lncursesw   " | sed -e 's/-lform.*-lpanel[^ ]*//'` -lutil -lm
gcc -O2 --param max-inline-insns-single=1200  -o bs ../obj_s/bs.o -Wl,-rpath,/lfsbuild/sources/ncurses-6.0/build/lib  -I. -I../../test -I../test -DHAVE_CONFIG_H -I. -I../../test -I../include -I../../test/../include  -D_GNU_SOURCE -DNDEBUG -O2 --param max-inline-insns-single=1200  -fPIC  `echo "-L../lib -lformw -lmenuw -lpanelw -lncursesw   " | sed -e 's/-lform.*-lpanel[^ ]*//'` -lutil -lm
gcc -O2 --param max-inline-insns-single=1200  -o cardfile ../obj_s/cardfile.o -Wl,-rpath,/lfsbuild/sources/ncurses-6.0/build/lib  -I. -I../../test -I../test -DHAVE_CONFIG_H -I. -I../../test -I../include -I../../test/../include  -D_GNU_SOURCE -DNDEBUG -O2 --param max-inline-insns-single=1200  -fPIC  -L../lib -lformw -lmenuw -lpanelw -lncursesw    -lutil -lm
gcc -O2 --param max-inline-insns-single=1200  -o chgat ../obj_s/chgat.o -Wl,-rpath,/lfsbuild/sources/ncurses-6.0/build/lib  -I. -I../../test -I../test -DHAVE_CONFIG_H -I. -I../../test -I../include -I../../test/../include  -D_GNU_SOURCE -DNDEBUG -O2 --param max-inline-insns-single=1200  -fPIC  `echo "-L../lib -lformw -lmenuw -lpanelw -lncursesw   " | sed -e 's/-lform.*-lpanel[^ ]*//'` -lutil -lm
gcc -O2 --param max-inline-insns-single=1200  -o clip_printw ../obj_s/clip_printw.o -Wl,-rpath,/lfsbuild/sources/ncurses-6.0/build/lib  -I. -I../../test -I../test -DHAVE_CONFIG_H -I. -I../../test -I../include -I../../test/../include  -D_GNU_SOURCE -DNDEBUG -O2 --param max-inline-insns-single=1200  -fPIC  `echo "-L../lib -lformw -lmenuw -lpanelw -lncursesw   " | sed -e 's/-lform.*-lpanel[^ ]*//'` -lutil -lm
gcc -O2 --param max-inline-insns-single=1200  -o color_set ../obj_s/color_set.o -Wl,-rpath,/lfsbuild/sources/ncurses-6.0/build/lib  -I. -I../../test -I../test -DHAVE_CONFIG_H -I. -I../../test -I../include -I../../test/../include  -D_GNU_SOURCE -DNDEBUG -O2 --param max-inline-insns-single=1200  -fPIC  `echo "-L../lib -lformw -lmenuw -lpanelw -lncursesw   " | sed -e 's/-lform.*-lpanel[^ ]*//'` -lutil -lm
gcc -O2 --param max-inline-insns-single=1200  -o demo_altkeys ../obj_s/demo_altkeys.o -Wl,-rpath,/lfsbuild/sources/ncurses-6.0/build/lib  -I. -I../../test -I../test -DHAVE_CONFIG_H -I. -I../../test -I../include -I../../test/../include  -D_GNU_SOURCE -DNDEBUG -O2 --param max-inline-insns-single=1200  -fPIC  `echo "-L../lib -lformw -lmenuw -lpanelw -lncursesw   " | sed -e 's/-lform.*-lpanel[^ ]*//'` -lutil -lm
gcc -O2 --param max-inline-insns-single=1200  -o demo_defkey ../obj_s/demo_defkey.o -Wl,-rpath,/lfsbuild/sources/ncurses-6.0/build/lib  -I. -I../../test -I../test -DHAVE_CONFIG_H -I. -I../../test -I../include -I../../test/../include  -D_GNU_SOURCE -DNDEBUG -O2 --param max-inline-insns-single=1200  -fPIC  `echo "-L../lib -lformw -lmenuw -lpanelw -lncursesw   " | sed -e 's/-lform.*-lpanel[^ ]*//'` -lutil -lm
gcc -O2 --param max-inline-insns-single=1200  -o demo_forms ../obj_s/demo_forms.o ../obj_s/edit_field.o -Wl,-rpath,/lfsbuild/sources/ncurses-6.0/build/lib  -I. -I../../test -I../test -DHAVE_CONFIG_H -I. -I../../test -I../include -I../../test/../include  -D_GNU_SOURCE -DNDEBUG -O2 --param max-inline-insns-single=1200  -fPIC  -L../lib -lformw -lmenuw -lpanelw -lncursesw    -lutil -lm
gcc -O2 --param max-inline-insns-single=1200  -o demo_keyok ../obj_s/demo_keyok.o -Wl,-rpath,/lfsbuild/sources/ncurses-6.0/build/lib  -I. -I../../test -I../test -DHAVE_CONFIG_H -I. -I../../test -I../include -I../../test/../include  -D_GNU_SOURCE -DNDEBUG -O2 --param max-inline-insns-single=1200  -fPIC  `echo "-L../lib -lformw -lmenuw -lpanelw -lncursesw   " | sed -e 's/-lform.*-lpanel[^ ]*//'` -lutil -lm
gcc -O2 --param max-inline-insns-single=1200  -o demo_menus ../obj_s/demo_menus.o -Wl,-rpath,/lfsbuild/sources/ncurses-6.0/build/lib  -I. -I../../test -I../test -DHAVE_CONFIG_H -I. -I../../test -I../include -I../../test/../include  -D_GNU_SOURCE -DNDEBUG -O2 --param max-inline-insns-single=1200  -fPIC  -L../lib -lformw -lmenuw -lpanelw -lncursesw    -lutil -lm
gcc -O2 --param max-inline-insns-single=1200  -o demo_panels ../obj_s/demo_panels.o -Wl,-rpath,/lfsbuild/sources/ncurses-6.0/build/lib  -I. -I../../test -I../test -DHAVE_CONFIG_H -I. -I../../test -I../include -I../../test/../include  -D_GNU_SOURCE -DNDEBUG -O2 --param max-inline-insns-single=1200  -fPIC  -L../lib -lformw -lmenuw -lpanelw -lncursesw    -lutil -lm
gcc -O2 --param max-inline-insns-single=1200  -o demo_termcap ../obj_s/demo_termcap.o -L../lib -Wl,-rpath,/lfsbuild/sources/ncurses-6.0/build/lib  -I. -I../../test -I../test -DHAVE_CONFIG_H -I. -I../../test -I../include -I../../test/../include  -D_GNU_SOURCE -DNDEBUG -O2 --param max-inline-insns-single=1200  -fPIC  -lncursesw   -lutil -lm
gcc -O2 --param max-inline-insns-single=1200  -o demo_terminfo ../obj_s/demo_terminfo.o -L../lib -Wl,-rpath,/lfsbuild/sources/ncurses-6.0/build/lib  -I. -I../../test -I../test -DHAVE_CONFIG_H -I. -I../../test -I../include -I../../test/../include  -D_GNU_SOURCE -DNDEBUG -O2 --param max-inline-insns-single=1200  -fPIC  -lncursesw   -lutil -lm
gcc -O2 --param max-inline-insns-single=1200  -o ditto ../obj_s/ditto.o -Wl,-rpath,/lfsbuild/sources/ncurses-6.0/build/lib  -I. -I../../test -I../test -DHAVE_CONFIG_H -I. -I../../test -I../include -I../../test/../include  -D_GNU_SOURCE -DNDEBUG -O2 --param max-inline-insns-single=1200  -fPIC  `echo "-L../lib -lformw -lmenuw -lpanelw -lncursesw   " | sed -e 's/-lform.*-lpanel[^ ]*//'` -lutil -lm 
gcc -O2 --param max-inline-insns-single=1200  -o dots ../obj_s/dots.o -L../lib -Wl,-rpath,/lfsbuild/sources/ncurses-6.0/build/lib  -I. -I../../test -I../test -DHAVE_CONFIG_H -I. -I../../test -I../include -I../../test/../include  -D_GNU_SOURCE -DNDEBUG -O2 --param max-inline-insns-single=1200  -fPIC  -lncursesw   -lutil -lm
gcc -O2 --param max-inline-insns-single=1200  -o dots_curses ../obj_s/dots_curses.o -Wl,-rpath,/lfsbuild/sources/ncurses-6.0/build/lib  -I. -I../../test -I../test -DHAVE_CONFIG_H -I. -I../../test -I../include -I../../test/../include  -D_GNU_SOURCE -DNDEBUG -O2 --param max-inline-insns-single=1200  -fPIC  `echo "-L../lib -lformw -lmenuw -lpanelw -lncursesw   " | sed -e 's/-lform.*-lpanel[^ ]*//'` -lutil -lm
gcc -O2 --param max-inline-insns-single=1200  -o dots_mvcur ../obj_s/dots_mvcur.o -Wl,-rpath,/lfsbuild/sources/ncurses-6.0/build/lib  -I. -I../../test -I../test -DHAVE_CONFIG_H -I. -I../../test -I../include -I../../test/../include  -D_GNU_SOURCE -DNDEBUG -O2 --param max-inline-insns-single=1200  -fPIC  `echo "-L../lib -lformw -lmenuw -lpanelw -lncursesw   " | sed -e 's/-lform.*-lpanel[^ ]*//'` -lutil -lm
gcc -O2 --param max-inline-insns-single=1200  -o dots_termcap ../obj_s/dots_termcap.o -L../lib -Wl,-rpath,/lfsbuild/sources/ncurses-6.0/build/lib  -I. -I../../test -I../test -DHAVE_CONFIG_H -I. -I../../test -I../include -I../../test/../include  -D_GNU_SOURCE -DNDEBUG -O2 --param max-inline-insns-single=1200  -fPIC  -lncursesw   -lutil -lm
gcc -O2 --param max-inline-insns-single=1200  -o echochar ../obj_s/echochar.o -Wl,-rpath,/lfsbuild/sources/ncurses-6.0/build/lib  -I. -I../../test -I../test -DHAVE_CONFIG_H -I. -I../../test -I../include -I../../test/../include  -D_GNU_SOURCE -DNDEBUG -O2 --param max-inline-insns-single=1200  -fPIC  `echo "-L../lib -lformw -lmenuw -lpanelw -lncursesw   " | sed -e 's/-lform.*-lpanel[^ ]*//'` -lutil -lm
gcc -O2 --param max-inline-insns-single=1200  -o filter ../obj_s/filter.o -Wl,-rpath,/lfsbuild/sources/ncurses-6.0/build/lib  -I. -I../../test -I../test -DHAVE_CONFIG_H -I. -I../../test -I../include -I../../test/../include  -D_GNU_SOURCE -DNDEBUG -O2 --param max-inline-insns-single=1200  -fPIC  `echo "-L../lib -lformw -lmenuw -lpanelw -lncursesw   " | sed -e 's/-lform.*-lpanel[^ ]*//'` -lutil -lm
gcc -O2 --param max-inline-insns-single=1200  -o firework ../obj_s/firework.o -Wl,-rpath,/lfsbuild/sources/ncurses-6.0/build/lib  -I. -I../../test -I../test -DHAVE_CONFIG_H -I. -I../../test -I../include -I../../test/../include  -D_GNU_SOURCE -DNDEBUG -O2 --param max-inline-insns-single=1200  -fPIC  `echo "-L../lib -lformw -lmenuw -lpanelw -lncursesw   " | sed -e 's/-lform.*-lpanel[^ ]*//'` -lutil -lm
gcc -O2 --param max-inline-insns-single=1200  -o firstlast ../obj_s/firstlast.o -Wl,-rpath,/lfsbuild/sources/ncurses-6.0/build/lib  -I. -I../../test -I../test -DHAVE_CONFIG_H -I. -I../../test -I../include -I../../test/../include  -D_GNU_SOURCE -DNDEBUG -O2 --param max-inline-insns-single=1200  -fPIC  -L../lib -lformw -lmenuw -lpanelw -lncursesw    -lutil -lm
gcc -O2 --param max-inline-insns-single=1200  -o foldkeys ../obj_s/foldkeys.o -Wl,-rpath,/lfsbuild/sources/ncurses-6.0/build/lib  -I. -I../../test -I../test -DHAVE_CONFIG_H -I. -I../../test -I../include -I../../test/../include  -D_GNU_SOURCE -DNDEBUG -O2 --param max-inline-insns-single=1200  -fPIC  `echo "-L../lib -lformw -lmenuw -lpanelw -lncursesw   " | sed -e 's/-lform.*-lpanel[^ ]*//'` -lutil -lm
gcc -O2 --param max-inline-insns-single=1200  -o form_driver_w ../obj_s/form_driver_w.o -Wl,-rpath,/lfsbuild/sources/ncurses-6.0/build/lib  -I. -I../../test -I../test -DHAVE_CONFIG_H -I. -I../../test -I../include -I../../test/../include  -D_GNU_SOURCE -DNDEBUG -O2 --param max-inline-insns-single=1200  -fPIC  -L../lib -lformw -lmenuw -lpanelw -lncursesw    -lutil -lm
gcc -O2 --param max-inline-insns-single=1200  -o gdc ../obj_s/gdc.o -Wl,-rpath,/lfsbuild/sources/ncurses-6.0/build/lib  -I. -I../../test -I../test -DHAVE_CONFIG_H -I. -I../../test -I../include -I../../test/../include  -D_GNU_SOURCE -DNDEBUG -O2 --param max-inline-insns-single=1200  -fPIC  `echo "-L../lib -lformw -lmenuw -lpanelw -lncursesw   " | sed -e 's/-lform.*-lpanel[^ ]*//'` -lutil -lm
gcc -O2 --param max-inline-insns-single=1200  -o hanoi ../obj_s/hanoi.o -Wl,-rpath,/lfsbuild/sources/ncurses-6.0/build/lib  -I. -I../../test -I../test -DHAVE_CONFIG_H -I. -I../../test -I../include -I../../test/../include  -D_GNU_SOURCE -DNDEBUG -O2 --param max-inline-insns-single=1200  -fPIC  `echo "-L../lib -lformw -lmenuw -lpanelw -lncursesw   " | sed -e 's/-lform.*-lpanel[^ ]*//'` -lutil -lm
gcc -O2 --param max-inline-insns-single=1200  -o hashtest ../obj_s/hashtest.o -Wl,-rpath,/lfsbuild/sources/ncurses-6.0/build/lib  -I. -I../../test -I../test -DHAVE_CONFIG_H -I. -I../../test -I../include -I../../test/../include  -D_GNU_SOURCE -DNDEBUG -O2 --param max-inline-insns-single=1200  -fPIC  `echo "-L../lib -lformw -lmenuw -lpanelw -lncursesw   " | sed -e 's/-lform.*-lpanel[^ ]*//'` -lutil -lm
gcc -O2 --param max-inline-insns-single=1200  -o inch_wide ../obj_s/inch_wide.o -Wl,-rpath,/lfsbuild/sources/ncurses-6.0/build/lib  -I. -I../../test -I../test -DHAVE_CONFIG_H -I. -I../../test -I../include -I../../test/../include  -D_GNU_SOURCE -DNDEBUG -O2 --param max-inline-insns-single=1200  -fPIC  `echo "-L../lib -lformw -lmenuw -lpanelw -lncursesw   " | sed -e 's/-lform.*-lpanel[^ ]*//'` -lutil -lm
gcc -O2 --param max-inline-insns-single=1200  -o inchs ../obj_s/inchs.o -Wl,-rpath,/lfsbuild/sources/ncurses-6.0/build/lib  -I. -I../../test -I../test -DHAVE_CONFIG_H -I. -I../../test -I../include -I../../test/../include  -D_GNU_SOURCE -DNDEBUG -O2 --param max-inline-insns-single=1200  -fPIC  `echo "-L../lib -lformw -lmenuw -lpanelw -lncursesw   " | sed -e 's/-lform.*-lpanel[^ ]*//'` -lutil -lm
gcc -O2 --param max-inline-insns-single=1200  -o ins_wide ../obj_s/ins_wide.o -Wl,-rpath,/lfsbuild/sources/ncurses-6.0/build/lib  -I. -I../../test -I../test -DHAVE_CONFIG_H -I. -I../../test -I../include -I../../test/../include  -D_GNU_SOURCE -DNDEBUG -O2 --param max-inline-insns-single=1200  -fPIC  `echo "-L../lib -lformw -lmenuw -lpanelw -lncursesw   " | sed -e 's/-lform.*-lpanel[^ ]*//'` -lutil -lm
gcc -O2 --param max-inline-insns-single=1200  -o insdelln ../obj_s/insdelln.o -Wl,-rpath,/lfsbuild/sources/ncurses-6.0/build/lib  -I. -I../../test -I../test -DHAVE_CONFIG_H -I. -I../../test -I../include -I../../test/../include  -D_GNU_SOURCE -DNDEBUG -O2 --param max-inline-insns-single=1200  -fPIC  `echo "-L../lib -lformw -lmenuw -lpanelw -lncursesw   " | sed -e 's/-lform.*-lpanel[^ ]*//'` -lutil -lm
gcc -O2 --param max-inline-insns-single=1200  -o inserts ../obj_s/inserts.o -Wl,-rpath,/lfsbuild/sources/ncurses-6.0/build/lib  -I. -I../../test -I../test -DHAVE_CONFIG_H -I. -I../../test -I../include -I../../test/../include  -D_GNU_SOURCE -DNDEBUG -O2 --param max-inline-insns-single=1200  -fPIC  `echo "-L../lib -lformw -lmenuw -lpanelw -lncursesw   " | sed -e 's/-lform.*-lpanel[^ ]*//'` -lutil -lm
gcc -O2 --param max-inline-insns-single=1200  -o key_names ../obj_s/key_names.o -Wl,-rpath,/lfsbuild/sources/ncurses-6.0/build/lib  -I. -I../../test -I../test -DHAVE_CONFIG_H -I. -I../../test -I../include -I../../test/../include  -D_GNU_SOURCE -DNDEBUG -O2 --param max-inline-insns-single=1200  -fPIC  `echo "-L../lib -lformw -lmenuw -lpanelw -lncursesw   " | sed -e 's/-lform.*-lpanel[^ ]*//'` -lutil -lm
gcc -O2 --param max-inline-insns-single=1200  -o keynames ../obj_s/keynames.o -Wl,-rpath,/lfsbuild/sources/ncurses-6.0/build/lib  -I. -I../../test -I../test -DHAVE_CONFIG_H -I. -I../../test -I../include -I../../test/../include  -D_GNU_SOURCE -DNDEBUG -O2 --param max-inline-insns-single=1200  -fPIC  `echo "-L../lib -lformw -lmenuw -lpanelw -lncursesw   " | sed -e 's/-lform.*-lpanel[^ ]*//'` -lutil -lm
gcc -O2 --param max-inline-insns-single=1200  -o knight ../obj_s/knight.o -Wl,-rpath,/lfsbuild/sources/ncurses-6.0/build/lib  -I. -I../../test -I../test -DHAVE_CONFIG_H -I. -I../../test -I../include -I../../test/../include  -D_GNU_SOURCE -DNDEBUG -O2 --param max-inline-insns-single=1200  -fPIC  `echo "-L../lib -lformw -lmenuw -lpanelw -lncursesw   " | sed -e 's/-lform.*-lpanel[^ ]*//'` -lutil -lm
gcc -O2 --param max-inline-insns-single=1200  -o lrtest ../obj_s/lrtest.o -Wl,-rpath,/lfsbuild/sources/ncurses-6.0/build/lib  -I. -I../../test -I../test -DHAVE_CONFIG_H -I. -I../../test -I../include -I../../test/../include  -D_GNU_SOURCE -DNDEBUG -O2 --param max-inline-insns-single=1200  -fPIC  `echo "-L../lib -lformw -lmenuw -lpanelw -lncursesw   " | sed -e 's/-lform.*-lpanel[^ ]*//'` -lutil -lm
gcc -O2 --param max-inline-insns-single=1200  -o movewindow ../obj_s/movewindow.o -Wl,-rpath,/lfsbuild/sources/ncurses-6.0/build/lib  -I. -I../../test -I../test -DHAVE_CONFIG_H -I. -I../../test -I../include -I../../test/../include  -D_GNU_SOURCE -DNDEBUG -O2 --param max-inline-insns-single=1200  -fPIC  `echo "-L../lib -lformw -lmenuw -lpanelw -lncursesw   " | sed -e 's/-lform.*-lpanel[^ ]*//'` -lutil -lm
gcc -O2 --param max-inline-insns-single=1200  -o ncurses ../obj_s/ncurses.o -Wl,-rpath,/lfsbuild/sources/ncurses-6.0/build/lib  -I. -I../../test -I../test -DHAVE_CONFIG_H -I. -I../../test -I../include -I../../test/../include  -D_GNU_SOURCE -DNDEBUG -O2 --param max-inline-insns-single=1200  -fPIC  -L../lib -lformw -lmenuw -lpanelw -lncursesw    -lutil -lm
gcc -O2 --param max-inline-insns-single=1200  -o newdemo ../obj_s/newdemo.o -Wl,-rpath,/lfsbuild/sources/ncurses-6.0/build/lib  -I. -I../../test -I../test -DHAVE_CONFIG_H -I. -I../../test -I../include -I../../test/../include  -D_GNU_SOURCE -DNDEBUG -O2 --param max-inline-insns-single=1200  -fPIC  `echo "-L../lib -lformw -lmenuw -lpanelw -lncursesw   " | sed -e 's/-lform.*-lpanel[^ ]*//'` -lutil -lm
gcc -O2 --param max-inline-insns-single=1200  -o railroad ../obj_s/railroad.o -L../lib -Wl,-rpath,/lfsbuild/sources/ncurses-6.0/build/lib  -I. -I../../test -I../test -DHAVE_CONFIG_H -I. -I../../test -I../include -I../../test/../include  -D_GNU_SOURCE -DNDEBUG -O2 --param max-inline-insns-single=1200  -fPIC  -lncursesw   -lutil -lm
gcc -O2 --param max-inline-insns-single=1200  -o rain ../obj_s/rain.o -Wl,-rpath,/lfsbuild/sources/ncurses-6.0/build/lib  -I. -I../../test -I../test -DHAVE_CONFIG_H -I. -I../../test -I../include -I../../test/../include  -D_GNU_SOURCE -DNDEBUG -O2 --param max-inline-insns-single=1200  -fPIC  `echo "-L../lib -lformw -lmenuw -lpanelw -lncursesw   " | sed -e 's/-lform.*-lpanel[^ ]*//'` -lutil -lm 
gcc -O2 --param max-inline-insns-single=1200  -o redraw ../obj_s/redraw.o -Wl,-rpath,/lfsbuild/sources/ncurses-6.0/build/lib  -I. -I../../test -I../test -DHAVE_CONFIG_H -I. -I../../test -I../include -I../../test/../include  -D_GNU_SOURCE -DNDEBUG -O2 --param max-inline-insns-single=1200  -fPIC  `echo "-L../lib -lformw -lmenuw -lpanelw -lncursesw   " | sed -e 's/-lform.*-lpanel[^ ]*//'` -lutil -lm
gcc -O2 --param max-inline-insns-single=1200  -o savescreen ../obj_s/savescreen.o -Wl,-rpath,/lfsbuild/sources/ncurses-6.0/build/lib  -I. -I../../test -I../test -DHAVE_CONFIG_H -I. -I../../test -I../include -I../../test/../include  -D_GNU_SOURCE -DNDEBUG -O2 --param max-inline-insns-single=1200  -fPIC  `echo "-L../lib -lformw -lmenuw -lpanelw -lncursesw   " | sed -e 's/-lform.*-lpanel[^ ]*//'` -lutil -lm
gcc -O2 --param max-inline-insns-single=1200  -o tclock ../obj_s/tclock.o -Wl,-rpath,/lfsbuild/sources/ncurses-6.0/build/lib  -I. -I../../test -I../test -DHAVE_CONFIG_H -I. -I../../test -I../include -I../../test/../include  -D_GNU_SOURCE -DNDEBUG -O2 --param max-inline-insns-single=1200  -fPIC  `echo "-L../lib -lformw -lmenuw -lpanelw -lncursesw   " | sed -e 's/-lform.*-lpanel[^ ]*//'` -lutil -lm
gcc -O2 --param max-inline-insns-single=1200  -o test_add_wchstr ../obj_s/test_add_wchstr.o -Wl,-rpath,/lfsbuild/sources/ncurses-6.0/build/lib  -I. -I../../test -I../test -DHAVE_CONFIG_H -I. -I../../test -I../include -I../../test/../include  -D_GNU_SOURCE -DNDEBUG -O2 --param max-inline-insns-single=1200  -fPIC  `echo "-L../lib -lformw -lmenuw -lpanelw -lncursesw   " | sed -e 's/-lform.*-lpanel[^ ]*//'` -lutil -lm
gcc -O2 --param max-inline-insns-single=1200  -o test_addchstr ../obj_s/test_addchstr.o -Wl,-rpath,/lfsbuild/sources/ncurses-6.0/build/lib  -I. -I../../test -I../test -DHAVE_CONFIG_H -I. -I../../test -I../include -I../../test/../include  -D_GNU_SOURCE -DNDEBUG -O2 --param max-inline-insns-single=1200  -fPIC  `echo "-L../lib -lformw -lmenuw -lpanelw -lncursesw   " | sed -e 's/-lform.*-lpanel[^ ]*//'` -lutil -lm
gcc -O2 --param max-inline-insns-single=1200  -o test_addstr ../obj_s/test_addstr.o -Wl,-rpath,/lfsbuild/sources/ncurses-6.0/build/lib  -I. -I../../test -I../test -DHAVE_CONFIG_H -I. -I../../test -I../include -I../../test/../include  -D_GNU_SOURCE -DNDEBUG -O2 --param max-inline-insns-single=1200  -fPIC  `echo "-L../lib -lformw -lmenuw -lpanelw -lncursesw   " | sed -e 's/-lform.*-lpanel[^ ]*//'` -lutil -lm
gcc -O2 --param max-inline-insns-single=1200  -o test_addwstr ../obj_s/test_addwstr.o -Wl,-rpath,/lfsbuild/sources/ncurses-6.0/build/lib  -I. -I../../test -I../test -DHAVE_CONFIG_H -I. -I../../test -I../include -I../../test/../include  -D_GNU_SOURCE -DNDEBUG -O2 --param max-inline-insns-single=1200  -fPIC  `echo "-L../lib -lformw -lmenuw -lpanelw -lncursesw   " | sed -e 's/-lform.*-lpanel[^ ]*//'` -lutil -lm
gcc -O2 --param max-inline-insns-single=1200  -o test_arrays ../obj_s/test_arrays.o -L../lib -Wl,-rpath,/lfsbuild/sources/ncurses-6.0/build/lib  -I. -I../../test -I../test -DHAVE_CONFIG_H -I. -I../../test -I../include -I../../test/../include  -D_GNU_SOURCE -DNDEBUG -O2 --param max-inline-insns-single=1200  -fPIC  -lncursesw   -lutil -lm
gcc -O2 --param max-inline-insns-single=1200  -o test_get_wstr ../obj_s/test_get_wstr.o -Wl,-rpath,/lfsbuild/sources/ncurses-6.0/build/lib  -I. -I../../test -I../test -DHAVE_CONFIG_H -I. -I../../test -I../include -I../../test/../include  -D_GNU_SOURCE -DNDEBUG -O2 --param max-inline-insns-single=1200  -fPIC  `echo "-L../lib -lformw -lmenuw -lpanelw -lncursesw   " | sed -e 's/-lform.*-lpanel[^ ]*//'` -lutil -lm
gcc -O2 --param max-inline-insns-single=1200  -o test_getstr ../obj_s/test_getstr.o -Wl,-rpath,/lfsbuild/sources/ncurses-6.0/build/lib  -I. -I../../test -I../test -DHAVE_CONFIG_H -I. -I../../test -I../include -I../../test/../include  -D_GNU_SOURCE -DNDEBUG -O2 --param max-inline-insns-single=1200  -fPIC  `echo "-L../lib -lformw -lmenuw -lpanelw -lncursesw   " | sed -e 's/-lform.*-lpanel[^ ]*//'` -lutil -lm
gcc -O2 --param max-inline-insns-single=1200  -o test_instr ../obj_s/test_instr.o -Wl,-rpath,/lfsbuild/sources/ncurses-6.0/build/lib  -I. -I../../test -I../test -DHAVE_CONFIG_H -I. -I../../test -I../include -I../../test/../include  -D_GNU_SOURCE -DNDEBUG -O2 --param max-inline-insns-single=1200  -fPIC  `echo "-L../lib -lformw -lmenuw -lpanelw -lncursesw   " | sed -e 's/-lform.*-lpanel[^ ]*//'` -lutil -lm
gcc -O2 --param max-inline-insns-single=1200  -o test_inwstr ../obj_s/test_inwstr.o -Wl,-rpath,/lfsbuild/sources/ncurses-6.0/build/lib  -I. -I../../test -I../test -DHAVE_CONFIG_H -I. -I../../test -I../include -I../../test/../include  -D_GNU_SOURCE -DNDEBUG -O2 --param max-inline-insns-single=1200  -fPIC  `echo "-L../lib -lformw -lmenuw -lpanelw -lncursesw   " | sed -e 's/-lform.*-lpanel[^ ]*//'` -lutil -lm
gcc -O2 --param max-inline-insns-single=1200  -o test_opaque ../obj_s/test_opaque.o -Wl,-rpath,/lfsbuild/sources/ncurses-6.0/build/lib  -I. -I../../test -I../test -DHAVE_CONFIG_H -I. -I../../test -I../include -I../../test/../include  -D_GNU_SOURCE -DNDEBUG -O2 --param max-inline-insns-single=1200  -fPIC  `echo "-L../lib -lformw -lmenuw -lpanelw -lncursesw   " | sed -e 's/-lform.*-lpanel[^ ]*//'` -lutil -lm
gcc -O2 --param max-inline-insns-single=1200  -o test_setupterm ../obj_s/test_setupterm.o -Wl,-rpath,/lfsbuild/sources/ncurses-6.0/build/lib  -I. -I../../test -I../test -DHAVE_CONFIG_H -I. -I../../test -I../include -I../../test/../include  -D_GNU_SOURCE -DNDEBUG -O2 --param max-inline-insns-single=1200  -fPIC  `echo "-L../lib -lformw -lmenuw -lpanelw -lncursesw   " | sed -e 's/-lform.*-lpanel[^ ]*//'` -lutil -lm
gcc -O2 --param max-inline-insns-single=1200  -o test_vid_puts ../obj_s/test_vid_puts.o -Wl,-rpath,/lfsbuild/sources/ncurses-6.0/build/lib  -I. -I../../test -I../test -DHAVE_CONFIG_H -I. -I../../test -I../include -I../../test/../include  -D_GNU_SOURCE -DNDEBUG -O2 --param max-inline-insns-single=1200  -fPIC  `echo "-L../lib -lformw -lmenuw -lpanelw -lncursesw   " | sed -e 's/-lform.*-lpanel[^ ]*//'` -lutil -lm
gcc -O2 --param max-inline-insns-single=1200  -o test_vidputs ../obj_s/test_vidputs.o -Wl,-rpath,/lfsbuild/sources/ncurses-6.0/build/lib  -I. -I../../test -I../test -DHAVE_CONFIG_H -I. -I../../test -I../include -I../../test/../include  -D_GNU_SOURCE -DNDEBUG -O2 --param max-inline-insns-single=1200  -fPIC  `echo "-L../lib -lformw -lmenuw -lpanelw -lncursesw   " | sed -e 's/-lform.*-lpanel[^ ]*//'` -lutil -lm
gcc -O2 --param max-inline-insns-single=1200  -o testaddch ../obj_s/testaddch.o -Wl,-rpath,/lfsbuild/sources/ncurses-6.0/build/lib  -I. -I../../test -I../test -DHAVE_CONFIG_H -I. -I../../test -I../include -I../../test/../include  -D_GNU_SOURCE -DNDEBUG -O2 --param max-inline-insns-single=1200  -fPIC  `echo "-L../lib -lformw -lmenuw -lpanelw -lncursesw   " | sed -e 's/-lform.*-lpanel[^ ]*//'` -lutil -lm
gcc -O2 --param max-inline-insns-single=1200  -o testcurs ../obj_s/testcurs.o -Wl,-rpath,/lfsbuild/sources/ncurses-6.0/build/lib  -I. -I../../test -I../test -DHAVE_CONFIG_H -I. -I../../test -I../include -I../../test/../include  -D_GNU_SOURCE -DNDEBUG -O2 --param max-inline-insns-single=1200  -fPIC  `echo "-L../lib -lformw -lmenuw -lpanelw -lncursesw   " | sed -e 's/-lform.*-lpanel[^ ]*//'` -lutil -lm
gcc -O2 --param max-inline-insns-single=1200  -o testscanw ../obj_s/testscanw.o -Wl,-rpath,/lfsbuild/sources/ncurses-6.0/build/lib  -I. -I../../test -I../test -DHAVE_CONFIG_H -I. -I../../test -I../include -I../../test/../include  -D_GNU_SOURCE -DNDEBUG -O2 --param max-inline-insns-single=1200  -fPIC  `echo "-L../lib -lformw -lmenuw -lpanelw -lncursesw   " | sed -e 's/-lform.*-lpanel[^ ]*//'` -lutil -lm
gcc -O2 --param max-inline-insns-single=1200  -o view ../obj_s/view.o -Wl,-rpath,/lfsbuild/sources/ncurses-6.0/build/lib  -I. -I../../test -I../test -DHAVE_CONFIG_H -I. -I../../test -I../include -I../../test/../include  -D_GNU_SOURCE -DNDEBUG -O2 --param max-inline-insns-single=1200  -fPIC  `echo "-L../lib -lformw -lmenuw -lpanelw -lncursesw   " | sed -e 's/-lform.*-lpanel[^ ]*//'` -lutil -lm
gcc -O2 --param max-inline-insns-single=1200  -o worm ../obj_s/worm.o -Wl,-rpath,/lfsbuild/sources/ncurses-6.0/build/lib  -I. -I../../test -I../test -DHAVE_CONFIG_H -I. -I../../test -I../include -I../../test/../include  -D_GNU_SOURCE -DNDEBUG -O2 --param max-inline-insns-single=1200  -fPIC  `echo "-L../lib -lformw -lmenuw -lpanelw -lncursesw   " | sed -e 's/-lform.*-lpanel[^ ]*//'` -lutil -lm 
gcc -O2 --param max-inline-insns-single=1200  -o xmas ../obj_s/xmas.o -Wl,-rpath,/lfsbuild/sources/ncurses-6.0/build/lib  -I. -I../../test -I../test -DHAVE_CONFIG_H -I. -I../../test -I../include -I../../test/../include  -D_GNU_SOURCE -DNDEBUG -O2 --param max-inline-insns-single=1200  -fPIC  `echo "-L../lib -lformw -lmenuw -lpanelw -lncursesw   " | sed -e 's/-lform.*-lpanel[^ ]*//'` -lutil -lm
make[1]: Leaving directory `/lfsbuild/sources/ncurses-6.0/build/test'
cd misc && make DESTDIR="" RPATH_LIST="/tools/lib" all
make[1]: Entering directory `/lfsbuild/sources/ncurses-6.0/build/misc'
make[1]: Nothing to be done for `all'.
make[1]: Leaving directory `/lfsbuild/sources/ncurses-6.0/build/misc'
cd c++ && make DESTDIR="" RPATH_LIST="/tools/lib" all
make[1]: Entering directory `/lfsbuild/sources/ncurses-6.0/build/c++'
/tools/bin/g++  -o demo ../obj_s/demo.o -L../lib -lncurses++w -L../lib -lformw -lmenuw -lpanelw -lncursesw    -lutil  -Wl,-rpath,/lfsbuild/sources/ncurses-6.0/build/lib -lstdc++ -DHAVE_CONFIG_H -I. -I../../c++ -I../include -I../../c++/../include  -D_GNU_SOURCE -DNDEBUG -O2  -fPIC 
make[1]: Leaving directory `/lfsbuild/sources/ncurses-6.0/build/c++'
